MLP(
  (linear): Sequential(
    (0): Linear(in_features=1024, out_features=1000, bias=True)
    (1): ReLU(inplace=True)
    (2): Linear(in_features=1000, out_features=1000, bias=True)
    (3): ReLU(inplace=True)
  )
  (last): ModuleDict(
    (All): Linear(in_features=1000, out_features=100, bias=True)
  )
)
#parameter of model: 2126100
Task order: ['1', '2', '3', '4', '5', '6', '7', '8', '9', '10']
====================== 1 =======================
Incremental class: Old valid output dimension: ALL
Incremental class: New Valid output dimension: 10
Epoch:0
LR: 0.001
Itr		Time		  Data		  Loss		Acc
[0/469]	0.5405 (0.5405)	0.1059 (0.1059)	2.306 (2.306)	0.00 (0.00)
[100/469]	0.0249 (0.0132)	0.0223 (0.0069)	0.359 (0.507)	87.50 (84.93)
[200/469]	0.0024 (0.0106)	0.0002 (0.0063)	0.202 (0.392)	92.97 (88.50)
[300/469]	0.0018 (0.0095)	0.0001 (0.0060)	0.166 (0.339)	93.75 (90.06)
[400/469]	0.0181 (0.0089)	0.0161 (0.0059)	0.163 (0.308)	96.09 (91.02)
[468/469]	0.0017 (0.0086)	0.0001 (0.0058)	0.228 (0.292)	91.67 (91.49)
 * Train Acc 91.492
 * Val Acc 94.500, Total time 0.74
Epoch:1
LR: 0.001
Itr		Time		  Data		  Loss		Acc
[0/469]	0.1131 (0.1131)	0.1075 (0.1075)	0.209 (0.209)	90.62 (90.62)
[100/469]	0.0043 (0.0082)	0.0020 (0.0062)	0.180 (0.189)	96.09 (94.46)
[200/469]	0.0133 (0.0077)	0.0115 (0.0057)	0.131 (0.180)	97.66 (94.78)
[300/469]	0.0029 (0.0075)	0.0009 (0.0056)	0.118 (0.175)	96.09 (94.89)
[400/469]	0.0018 (0.0074)	0.0001 (0.0055)	0.168 (0.169)	96.09 (95.11)
[468/469]	0.0017 (0.0074)	0.0001 (0.0055)	0.142 (0.165)	94.79 (95.24)
 * Train Acc 95.242
 * Val Acc 95.690, Total time 0.68
validation split name: 1
 * Val Acc 95.690, Total time 0.69
====================== 2 =======================
Incremental class: Old valid output dimension: 10
Incremental class: New Valid output dimension: 20
Epoch:0
LR: 0.001
Itr		Time		  Data		  Loss		Acc
[0/469]	0.1215 (0.1215)	0.1161 (0.1161)	3.095 (3.095)	0.00 (0.00)
[100/469]	0.0110 (0.0115)	0.0091 (0.0095)	0.393 (0.777)	91.41 (80.59)
[200/469]	0.0018 (0.0109)	0.0001 (0.0089)	0.364 (0.569)	92.97 (85.20)
[300/469]	0.0030 (0.0107)	0.0011 (0.0088)	0.287 (0.482)	89.06 (87.15)
[400/469]	0.0263 (0.0106)	0.0244 (0.0087)	0.251 (0.431)	93.75 (88.35)
[468/469]	0.0017 (0.0105)	0.0001 (0.0086)	0.271 (0.406)	93.75 (88.95)
 * Train Acc 88.948
 * Val Acc 93.080, Total time 0.93
Epoch:1
LR: 0.001
Itr		Time		  Data		  Loss		Acc
[0/469]	0.1276 (0.1276)	0.1224 (0.1224)	0.240 (0.240)	94.53 (94.53)
[100/469]	0.0263 (0.0120)	0.0244 (0.0102)	0.185 (0.238)	93.75 (93.22)
[200/469]	0.0028 (0.0112)	0.0008 (0.0093)	0.213 (0.242)	96.09 (93.00)
[300/469]	0.0018 (0.0109)	0.0002 (0.0090)	0.199 (0.235)	93.75 (93.18)
[400/469]	0.0272 (0.0108)	0.0252 (0.0089)	0.177 (0.226)	95.31 (93.44)
[468/469]	0.0018 (0.0107)	0.0001 (0.0088)	0.104 (0.224)	96.88 (93.53)
 * Train Acc 93.525
 * Val Acc 94.490, Total time 0.99
validation split name: 1
 * Val Acc 77.480, Total time 0.69
validation split name: 2
 * Val Acc 94.490, Total time 1.01
====================== 3 =======================
Incremental class: Old valid output dimension: 20
Incremental class: New Valid output dimension: 30
Epoch:0
LR: 0.001
Itr		Time		  Data		  Loss		Acc
[0/469]	0.1296 (0.1296)	0.1247 (0.1247)	4.055 (4.055)	0.00 (0.00)
[100/469]	0.0031 (0.0114)	0.0014 (0.0097)	0.493 (0.953)	81.25 (77.05)
[200/469]	0.0017 (0.0108)	0.0001 (0.0092)	0.257 (0.680)	93.75 (82.97)
[300/469]	0.0234 (0.0107)	0.0217 (0.0090)	0.324 (0.567)	92.97 (85.51)
[400/469]	0.0032 (0.0106)	0.0016 (0.0089)	0.277 (0.503)	91.41 (86.89)
[468/469]	0.0187 (0.0105)	0.0171 (0.0089)	0.184 (0.471)	92.71 (87.58)
 * Train Acc 87.577
 * Val Acc 92.470, Total time 0.93
Epoch:1
LR: 0.001
Itr		Time		  Data		  Loss		Acc
[0/469]	0.1236 (0.1236)	0.1184 (0.1184)	0.338 (0.338)	93.75 (93.75)
[100/469]	0.0059 (0.0114)	0.0040 (0.0095)	0.287 (0.269)	91.41 (92.03)
[200/469]	0.0185 (0.0109)	0.0165 (0.0089)	0.244 (0.267)	92.97 (92.06)
[300/469]	0.0035 (0.0107)	0.0015 (0.0087)	0.249 (0.257)	93.75 (92.44)
[400/469]	0.0021 (0.0106)	0.0001 (0.0086)	0.208 (0.252)	95.31 (92.66)
[468/469]	0.0017 (0.0105)	0.0001 (0.0086)	0.261 (0.249)	91.67 (92.77)
 * Train Acc 92.773
 * Val Acc 93.580, Total time 0.93
validation split name: 1
 * Val Acc 17.680, Total time 0.72
validation split name: 2
 * Val Acc 70.320, Total time 0.94
validation split name: 3
 * Val Acc 93.580, Total time 0.94
====================== 4 =======================
Incremental class: Old valid output dimension: 30
Incremental class: New Valid output dimension: 40
Epoch:0
LR: 0.001
Itr		Time		  Data		  Loss		Acc
[0/469]	0.1264 (0.1264)	0.1213 (0.1213)	4.586 (4.586)	0.00 (0.00)
[100/469]	0.0194 (0.0114)	0.0174 (0.0095)	0.567 (1.121)	86.72 (73.83)
[200/469]	0.0029 (0.0108)	0.0010 (0.0089)	0.350 (0.776)	90.62 (80.98)
[300/469]	0.0018 (0.0106)	0.0001 (0.0087)	0.272 (0.637)	91.41 (83.95)
[400/469]	0.0268 (0.0106)	0.0249 (0.0087)	0.289 (0.561)	88.28 (85.64)
[468/469]	0.0019 (0.0105)	0.0001 (0.0086)	0.484 (0.525)	87.50 (86.40)
 * Train Acc 86.403
 * Val Acc 91.910, Total time 0.97
Epoch:1
LR: 0.001
Itr		Time		  Data		  Loss		Acc
[0/469]	0.1418 (0.1418)	0.1359 (0.1359)	0.258 (0.258)	91.41 (91.41)
[100/469]	0.0025 (0.0128)	0.0002 (0.0106)	0.221 (0.299)	93.75 (91.35)
[200/469]	0.0018 (0.0119)	0.0001 (0.0097)	0.221 (0.283)	94.53 (91.80)
[300/469]	0.0271 (0.0114)	0.0253 (0.0094)	0.224 (0.275)	95.31 (92.10)
[400/469]	0.0019 (0.0111)	0.0002 (0.0091)	0.284 (0.273)	92.19 (92.14)
[468/469]	0.0195 (0.0110)	0.0176 (0.0090)	0.286 (0.268)	92.71 (92.30)
 * Train Acc 92.303
 * Val Acc 93.200, Total time 0.94
validation split name: 1
 * Val Acc 0.520, Total time 0.69
validation split name: 2
 * Val Acc 23.160, Total time 0.95
validation split name: 3
 * Val Acc 74.190, Total time 0.96
validation split name: 4
 * Val Acc 93.200, Total time 0.93
====================== 5 =======================
Incremental class: Old valid output dimension: 40
Incremental class: New Valid output dimension: 50
Epoch:0
LR: 0.001
Itr		Time		  Data		  Loss		Acc
[0/469]	0.1239 (0.1239)	0.1180 (0.1180)	5.592 (5.592)	0.00 (0.00)
[100/469]	0.0275 (0.0120)	0.0256 (0.0101)	0.510 (1.286)	85.16 (71.33)
[200/469]	0.0019 (0.0112)	0.0002 (0.0094)	0.347 (0.888)	89.84 (79.28)
[300/469]	0.0018 (0.0109)	0.0001 (0.0091)	0.266 (0.721)	92.97 (82.57)
[400/469]	0.0272 (0.0108)	0.0252 (0.0090)	0.387 (0.628)	87.50 (84.48)
[468/469]	0.0019 (0.0107)	0.0001 (0.0089)	0.405 (0.585)	88.54 (85.33)
 * Train Acc 85.335
 * Val Acc 91.580, Total time 0.94
Epoch:1
LR: 0.001
Itr		Time		  Data		  Loss		Acc
[0/469]	0.1301 (0.1301)	0.1248 (0.1248)	0.278 (0.278)	89.06 (89.06)
[100/469]	0.0031 (0.0115)	0.0015 (0.0098)	0.364 (0.306)	92.19 (91.19)
[200/469]	0.0018 (0.0110)	0.0001 (0.0092)	0.261 (0.303)	91.41 (91.30)
[300/469]	0.0226 (0.0108)	0.0207 (0.0091)	0.221 (0.296)	92.19 (91.49)
[400/469]	0.0168 (0.0107)	0.0148 (0.0090)	0.284 (0.287)	92.19 (91.74)
[468/469]	0.0018 (0.0107)	0.0001 (0.0089)	0.201 (0.282)	93.75 (91.91)
 * Train Acc 91.908
 * Val Acc 93.020, Total time 0.95
validation split name: 1
 * Val Acc 0.010, Total time 0.74
validation split name: 2
 * Val Acc 11.870, Total time 0.94
validation split name: 3
 * Val Acc 42.950, Total time 0.94
validation split name: 4
 * Val Acc 87.900, Total time 0.94
validation split name: 5
 * Val Acc 93.020, Total time 0.94
====================== 6 =======================
Incremental class: Old valid output dimension: 50
Incremental class: New Valid output dimension: 60
Epoch:0
LR: 0.001
Itr		Time		  Data		  Loss		Acc
[0/469]	0.1361 (0.1361)	0.1305 (0.1305)	5.869 (5.869)	0.00 (0.00)
[100/469]	0.0269 (0.0123)	0.0249 (0.0102)	0.596 (1.406)	83.59 (69.48)
[200/469]	0.0019 (0.0113)	0.0002 (0.0094)	0.440 (0.963)	84.38 (77.88)
[300/469]	0.0018 (0.0109)	0.0001 (0.0091)	0.358 (0.779)	89.84 (81.49)
[400/469]	0.0271 (0.0108)	0.0252 (0.0090)	0.363 (0.674)	88.28 (83.62)
[468/469]	0.0018 (0.0107)	0.0001 (0.0089)	0.253 (0.623)	91.67 (84.64)
 * Train Acc 84.642
 * Val Acc 91.260, Total time 0.95
Epoch:1
LR: 0.001
Itr		Time		  Data		  Loss		Acc
[0/469]	0.1272 (0.1272)	0.1222 (0.1222)	0.217 (0.217)	93.75 (93.75)
[100/469]	0.0024 (0.0120)	0.0002 (0.0102)	0.334 (0.312)	92.19 (90.98)
[200/469]	0.0019 (0.0115)	0.0001 (0.0096)	0.284 (0.305)	92.19 (91.16)
[300/469]	0.0288 (0.0112)	0.0270 (0.0093)	0.230 (0.299)	94.53 (91.31)
[400/469]	0.0018 (0.0110)	0.0002 (0.0092)	0.298 (0.294)	90.62 (91.52)
[468/469]	0.0200 (0.0109)	0.0181 (0.0091)	0.234 (0.291)	94.79 (91.61)
 * Train Acc 91.613
 * Val Acc 92.930, Total time 0.95
validation split name: 1
 * Val Acc 0.010, Total time 0.69
validation split name: 2
 * Val Acc 1.600, Total time 0.94
validation split name: 3
 * Val Acc 19.040, Total time 0.94
validation split name: 4
 * Val Acc 58.550, Total time 0.94
validation split name: 5
 * Val Acc 84.680, Total time 0.93
validation split name: 6
 * Val Acc 92.930, Total time 0.95
====================== 7 =======================
Incremental class: Old valid output dimension: 60
Incremental class: New Valid output dimension: 70
Epoch:0
LR: 0.001
Itr		Time		  Data		  Loss		Acc
[0/469]	0.1261 (0.1261)	0.1200 (0.1200)	6.539 (6.539)	0.00 (0.00)
[100/469]	0.0018 (0.0118)	0.0002 (0.0099)	0.630 (1.516)	82.81 (67.06)
[200/469]	0.0017 (0.0110)	0.0001 (0.0093)	0.344 (1.027)	90.62 (76.70)
[300/469]	0.0274 (0.0109)	0.0254 (0.0091)	0.378 (0.825)	92.19 (80.61)
[400/469]	0.0018 (0.0107)	0.0002 (0.0090)	0.302 (0.710)	89.84 (82.92)
[468/469]	0.0201 (0.0107)	0.0182 (0.0089)	0.374 (0.657)	89.58 (84.01)
 * Train Acc 84.010
 * Val Acc 91.090, Total time 0.95
Epoch:1
LR: 0.001
Itr		Time		  Data		  Loss		Acc
[0/469]	0.1372 (0.1372)	0.1317 (0.1317)	0.276 (0.276)	91.41 (91.41)
[100/469]	0.0019 (0.0115)	0.0002 (0.0097)	0.249 (0.319)	93.75 (90.47)
[200/469]	0.0018 (0.0109)	0.0001 (0.0091)	0.368 (0.321)	87.50 (90.62)
[300/469]	0.0072 (0.0108)	0.0052 (0.0089)	0.250 (0.311)	94.53 (91.04)
[400/469]	0.0278 (0.0107)	0.0258 (0.0088)	0.233 (0.304)	92.97 (91.22)
[468/469]	0.0017 (0.0106)	0.0001 (0.0088)	0.293 (0.299)	90.62 (91.34)
 * Train Acc 91.340
 * Val Acc 92.730, Total time 0.95
validation split name: 1
 * Val Acc 0.000, Total time 0.70
validation split name: 2
 * Val Acc 1.700, Total time 0.95
validation split name: 3
 * Val Acc 7.250, Total time 0.93
validation split name: 4
 * Val Acc 23.190, Total time 0.94
validation split name: 5
 * Val Acc 51.510, Total time 0.99
validation split name: 6
 * Val Acc 80.730, Total time 0.97
validation split name: 7
 * Val Acc 92.730, Total time 0.95
====================== 8 =======================
Incremental class: Old valid output dimension: 70
Incremental class: New Valid output dimension: 80
Epoch:0
LR: 0.001
Itr		Time		  Data		  Loss		Acc
[0/469]	0.1252 (0.1252)	0.1193 (0.1193)	7.474 (7.474)	0.00 (0.00)
[100/469]	0.0018 (0.0116)	0.0001 (0.0098)	0.632 (1.692)	85.94 (63.84)
[200/469]	0.0019 (0.0109)	0.0001 (0.0091)	0.431 (1.137)	89.84 (74.79)
[300/469]	0.0275 (0.0109)	0.0256 (0.0091)	0.334 (0.903)	93.75 (79.22)
[400/469]	0.0018 (0.0107)	0.0002 (0.0089)	0.355 (0.775)	89.06 (81.62)
[468/469]	0.0210 (0.0107)	0.0195 (0.0089)	0.370 (0.713)	89.58 (82.88)
 * Train Acc 82.877
 * Val Acc 90.740, Total time 0.96
Epoch:1
LR: 0.001
Itr		Time		  Data		  Loss		Acc
[0/469]	0.1286 (0.1286)	0.1233 (0.1233)	0.289 (0.289)	92.19 (92.19)
[100/469]	0.0018 (0.0114)	0.0001 (0.0096)	0.214 (0.329)	94.53 (90.84)
[200/469]	0.0020 (0.0108)	0.0002 (0.0090)	0.249 (0.327)	92.97 (90.67)
[300/469]	0.0274 (0.0107)	0.0254 (0.0089)	0.352 (0.319)	90.62 (90.84)
[400/469]	0.0019 (0.0106)	0.0001 (0.0087)	0.338 (0.313)	91.41 (91.01)
[468/469]	0.0200 (0.0105)	0.0181 (0.0087)	0.346 (0.308)	88.54 (91.16)
 * Train Acc 91.163
 * Val Acc 92.230, Total time 0.93
validation split name: 1
 * Val Acc 0.000, Total time 0.74
validation split name: 2
 * Val Acc 0.360, Total time 0.95
validation split name: 3
 * Val Acc 6.030, Total time 0.94
validation split name: 4
 * Val Acc 14.440, Total time 0.95
validation split name: 5
 * Val Acc 34.090, Total time 0.97
validation split name: 6
 * Val Acc 54.390, Total time 0.95
validation split name: 7
 * Val Acc 78.150, Total time 0.94
validation split name: 8
 * Val Acc 92.230, Total time 0.99
====================== 9 =======================
Incremental class: Old valid output dimension: 80
Incremental class: New Valid output dimension: 90
Epoch:0
LR: 0.001
Itr		Time		  Data		  Loss		Acc
[0/469]	0.1376 (0.1376)	0.1324 (0.1324)	7.820 (7.820)	0.00 (0.00)
[100/469]	0.0090 (0.0121)	0.0069 (0.0101)	0.756 (1.729)	83.59 (63.46)
[200/469]	0.0020 (0.0112)	0.0001 (0.0093)	0.384 (1.155)	92.97 (74.65)
[300/469]	0.0085 (0.0110)	0.0063 (0.0090)	0.334 (0.920)	90.62 (79.10)
[400/469]	0.0234 (0.0108)	0.0213 (0.0089)	0.271 (0.788)	94.53 (81.60)
[468/469]	0.0017 (0.0107)	0.0001 (0.0088)	0.453 (0.728)	85.42 (82.76)
 * Train Acc 82.760
 * Val Acc 90.540, Total time 0.94
Epoch:1
LR: 0.001
Itr		Time		  Data		  Loss		Acc
[0/469]	0.1325 (0.1325)	0.1271 (0.1271)	0.344 (0.344)	91.41 (91.41)
[100/469]	0.0148 (0.0115)	0.0131 (0.0097)	0.319 (0.337)	92.97 (90.37)
[200/469]	0.0018 (0.0109)	0.0002 (0.0091)	0.377 (0.332)	88.28 (90.48)
[300/469]	0.0019 (0.0106)	0.0002 (0.0089)	0.258 (0.325)	92.19 (90.69)
[400/469]	0.0275 (0.0106)	0.0256 (0.0088)	0.306 (0.319)	91.41 (90.86)
[468/469]	0.0018 (0.0105)	0.0001 (0.0087)	0.250 (0.315)	92.71 (90.95)
 * Train Acc 90.952
 * Val Acc 92.200, Total time 0.94
validation split name: 1
 * Val Acc 0.000, Total time 0.70
validation split name: 2
 * Val Acc 0.000, Total time 0.99
validation split name: 3
 * Val Acc 0.940, Total time 0.95
validation split name: 4
 * Val Acc 8.460, Total time 0.95
validation split name: 5
 * Val Acc 25.280, Total time 0.94
validation split name: 6
 * Val Acc 35.530, Total time 0.93
validation split name: 7
 * Val Acc 60.990, Total time 0.93
validation split name: 8
 * Val Acc 88.050, Total time 0.97
validation split name: 9
 * Val Acc 92.200, Total time 0.94
====================== 10 =======================
Incremental class: Old valid output dimension: 90
Incremental class: New Valid output dimension: 100
Epoch:0
LR: 0.001
Itr		Time		  Data		  Loss		Acc
[0/469]	0.1304 (0.1304)	0.1241 (0.1241)	8.731 (8.731)	0.00 (0.00)
[100/469]	0.0275 (0.0119)	0.0260 (0.0100)	0.827 (1.872)	84.38 (61.89)
[200/469]	0.0016 (0.0112)	0.0001 (0.0094)	0.480 (1.248)	86.72 (73.22)
[300/469]	0.0049 (0.0109)	0.0033 (0.0093)	0.456 (0.988)	83.59 (78.09)
[400/469]	0.0272 (0.0108)	0.0257 (0.0092)	0.324 (0.845)	90.62 (80.63)
[468/469]	0.0015 (0.0107)	0.0001 (0.0091)	0.269 (0.776)	91.67 (81.86)
 * Train Acc 81.858
 * Val Acc 90.330, Total time 0.94
Epoch:1
LR: 0.001
Itr		Time		  Data		  Loss		Acc
[0/469]	0.1258 (0.1258)	0.1206 (0.1206)	0.327 (0.327)	89.84 (89.84)
[100/469]	0.0057 (0.0114)	0.0038 (0.0095)	0.381 (0.346)	87.50 (90.12)
[200/469]	0.0018 (0.0108)	0.0001 (0.0090)	0.212 (0.338)	93.75 (90.44)
[300/469]	0.0112 (0.0107)	0.0092 (0.0088)	0.404 (0.335)	87.50 (90.46)
[400/469]	0.0259 (0.0106)	0.0240 (0.0088)	0.269 (0.328)	92.97 (90.72)
[468/469]	0.0017 (0.0105)	0.0001 (0.0087)	0.348 (0.323)	90.62 (90.81)
 * Train Acc 90.810
 * Val Acc 92.090, Total time 0.97
validation split name: 1
 * Val Acc 0.000, Total time 0.71
validation split name: 2
 * Val Acc 0.000, Total time 0.93
validation split name: 3
 * Val Acc 0.000, Total time 0.95
validation split name: 4
 * Val Acc 4.450, Total time 0.92
validation split name: 5
 * Val Acc 18.010, Total time 0.93
validation split name: 6
 * Val Acc 21.940, Total time 0.96
validation split name: 7
 * Val Acc 46.570, Total time 0.93
validation split name: 8
 * Val Acc 60.240, Total time 0.95
validation split name: 9
 * Val Acc 82.020, Total time 0.94
validation split name: 10
 * Val Acc 92.090, Total time 0.99
OrderedDict([('1', OrderedDict([('1', 95.69), ('2', 77.48), ('3', 17.68), ('4', 0.52), ('5', 0.01), ('6', 0.01), ('7', 0.0), ('8', 0.0), ('9', 0.0), ('10', 0.0)])), ('2', OrderedDict([('2', 94.49), ('3', 70.32), ('4', 23.16), ('5', 11.87), ('6', 1.6), ('7', 1.7), ('8', 0.36), ('9', 0.0), ('10', 0.0)])), ('3', OrderedDict([('3', 93.58), ('4', 74.19), ('5', 42.95), ('6', 19.04), ('7', 7.25), ('8', 6.03), ('9', 0.94), ('10', 0.0)])), ('4', OrderedDict([('4', 93.2), ('5', 87.9), ('6', 58.55), ('7', 23.19), ('8', 14.44), ('9', 8.46), ('10', 4.45)])), ('5', OrderedDict([('5', 93.02), ('6', 84.68), ('7', 51.51), ('8', 34.09), ('9', 25.28), ('10', 18.01)])), ('6', OrderedDict([('6', 92.93), ('7', 80.73), ('8', 54.39), ('9', 35.53), ('10', 21.94)])), ('7', OrderedDict([('7', 92.73), ('8', 78.15), ('9', 60.99), ('10', 46.57)])), ('8', OrderedDict([('8', 92.23), ('9', 88.05), ('10', 60.24)])), ('9', OrderedDict([('9', 92.2), ('10', 82.02)])), ('10', OrderedDict([('10', 92.09)]))])
Task 1 average acc: 95.69
Task 2 average acc: 85.985
Task 3 average acc: 60.526666666666664
Task 4 average acc: 47.7675
Task 5 average acc: 47.15
Task 6 average acc: 42.80166666666667
Task 7 average acc: 36.730000000000004
Task 8 average acc: 34.96125
Task 9 average acc: 34.605555555555554
Task 10 average acc: 32.532000000000004
===Summary of experiment repeats: 1 / 5 ===
The regularization coefficient: 0.0
The last avg acc of all repeats: [32.532  0.     0.     0.     0.   ]
mean: 6.506400000000001 std: 13.012800000000002
MLP(
  (linear): Sequential(
    (0): Linear(in_features=1024, out_features=1000, bias=True)
    (1): ReLU(inplace=True)
    (2): Linear(in_features=1000, out_features=1000, bias=True)
    (3): ReLU(inplace=True)
  )
  (last): ModuleDict(
    (All): Linear(in_features=1000, out_features=100, bias=True)
  )
)
#parameter of model: 2126100
Task order: ['1', '2', '3', '4', '5', '6', '7', '8', '9', '10']
====================== 1 =======================
Incremental class: Old valid output dimension: ALL
Incremental class: New Valid output dimension: 10
Epoch:0
LR: 0.001
Itr		Time		  Data		  Loss		Acc
[0/469]	0.1288 (0.1288)	0.1194 (0.1194)	2.312 (2.312)	2.34 (2.34)
[100/469]	0.0019 (0.0085)	0.0002 (0.0066)	0.356 (0.500)	86.72 (85.12)
[200/469]	0.0019 (0.0079)	0.0002 (0.0061)	0.256 (0.388)	93.75 (88.48)
[300/469]	0.0177 (0.0077)	0.0157 (0.0059)	0.237 (0.335)	92.19 (90.08)
[400/469]	0.0018 (0.0075)	0.0001 (0.0057)	0.235 (0.304)	93.75 (91.03)
[468/469]	0.0126 (0.0075)	0.0107 (0.0057)	0.266 (0.291)	93.75 (91.41)
 * Train Acc 91.407
 * Val Acc 94.740, Total time 0.69
Epoch:1
LR: 0.001
Itr		Time		  Data		  Loss		Acc
[0/469]	0.1132 (0.1132)	0.1084 (0.1084)	0.234 (0.234)	92.19 (92.19)
[100/469]	0.0030 (0.0082)	0.0014 (0.0064)	0.168 (0.182)	94.53 (94.75)
[200/469]	0.0029 (0.0077)	0.0009 (0.0058)	0.246 (0.178)	92.19 (94.81)
[300/469]	0.0151 (0.0075)	0.0131 (0.0056)	0.184 (0.170)	93.75 (95.00)
[400/469]	0.0019 (0.0074)	0.0001 (0.0055)	0.101 (0.165)	97.66 (95.13)
[468/469]	0.0023 (0.0074)	0.0005 (0.0055)	0.112 (0.163)	94.79 (95.19)
 * Train Acc 95.192
 * Val Acc 95.700, Total time 0.70
validation split name: 1
 * Val Acc 95.700, Total time 0.69
====================== 2 =======================
Incremental class: Old valid output dimension: 10
Incremental class: New Valid output dimension: 20
Epoch:0
LR: 0.001
Itr		Time		  Data		  Loss		Acc
[0/469]	0.1378 (0.1378)	0.1328 (0.1328)	3.097 (3.097)	0.00 (0.00)
[100/469]	0.0021 (0.0119)	0.0004 (0.0101)	0.471 (0.782)	86.72 (79.93)
[200/469]	0.0018 (0.0112)	0.0001 (0.0093)	0.342 (0.574)	90.62 (84.71)
[300/469]	0.0264 (0.0110)	0.0245 (0.0091)	0.299 (0.484)	92.19 (86.81)
[400/469]	0.0092 (0.0108)	0.0073 (0.0090)	0.232 (0.434)	91.41 (88.05)
[468/469]	0.0083 (0.0108)	0.0064 (0.0089)	0.182 (0.409)	96.88 (88.65)
 * Train Acc 88.653
 * Val Acc 93.230, Total time 0.94
Epoch:1
LR: 0.001
Itr		Time		  Data		  Loss		Acc
[0/469]	0.1343 (0.1343)	0.1287 (0.1287)	0.285 (0.285)	89.84 (89.84)
[100/469]	0.0018 (0.0118)	0.0002 (0.0100)	0.244 (0.240)	93.75 (93.02)
[200/469]	0.0020 (0.0111)	0.0001 (0.0092)	0.171 (0.239)	95.31 (93.12)
[300/469]	0.0275 (0.0109)	0.0257 (0.0091)	0.113 (0.235)	96.88 (93.21)
[400/469]	0.0018 (0.0107)	0.0001 (0.0089)	0.190 (0.227)	93.75 (93.47)
[468/469]	0.0195 (0.0107)	0.0176 (0.0089)	0.206 (0.224)	91.67 (93.57)
 * Train Acc 93.573
 * Val Acc 94.370, Total time 0.94
validation split name: 1
 * Val Acc 47.990, Total time 0.76
validation split name: 2
 * Val Acc 94.370, Total time 0.93
====================== 3 =======================
Incremental class: Old valid output dimension: 20
Incremental class: New Valid output dimension: 30
Epoch:0
LR: 0.001
Itr		Time		  Data		  Loss		Acc
[0/469]	0.1294 (0.1294)	0.1242 (0.1242)	3.942 (3.942)	0.00 (0.00)
[100/469]	0.0257 (0.0117)	0.0238 (0.0098)	0.431 (0.976)	89.06 (76.61)
[200/469]	0.0030 (0.0109)	0.0010 (0.0091)	0.273 (0.691)	89.84 (82.52)
[300/469]	0.0018 (0.0107)	0.0001 (0.0088)	0.179 (0.575)	96.09 (85.12)
[400/469]	0.0254 (0.0106)	0.0235 (0.0088)	0.399 (0.508)	85.94 (86.61)
[468/469]	0.0018 (0.0105)	0.0001 (0.0087)	0.263 (0.478)	92.71 (87.25)
 * Train Acc 87.253
 * Val Acc 92.120, Total time 0.94
Epoch:1
LR: 0.001
Itr		Time		  Data		  Loss		Acc
[0/469]	0.1257 (0.1257)	0.1198 (0.1198)	0.208 (0.208)	93.75 (93.75)
[100/469]	0.0034 (0.0114)	0.0014 (0.0095)	0.346 (0.261)	89.06 (92.55)
[200/469]	0.0017 (0.0108)	0.0001 (0.0091)	0.154 (0.268)	96.88 (92.24)
[300/469]	0.0265 (0.0107)	0.0250 (0.0090)	0.231 (0.261)	95.31 (92.39)
[400/469]	0.0025 (0.0106)	0.0009 (0.0089)	0.218 (0.255)	93.75 (92.59)
[468/469]	0.0195 (0.0105)	0.0179 (0.0089)	0.271 (0.250)	91.67 (92.71)
 * Train Acc 92.707
 * Val Acc 93.750, Total time 0.94
validation split name: 1
 * Val Acc 24.560, Total time 0.70
validation split name: 2
 * Val Acc 71.790, Total time 0.99
validation split name: 3
 * Val Acc 93.750, Total time 0.95
====================== 4 =======================
Incremental class: Old valid output dimension: 30
Incremental class: New Valid output dimension: 40
Epoch:0
LR: 0.001
Itr		Time		  Data		  Loss		Acc
[0/469]	0.1256 (0.1256)	0.1204 (0.1204)	4.964 (4.964)	0.00 (0.00)
[100/469]	0.0143 (0.0117)	0.0122 (0.0097)	0.543 (1.149)	78.91 (73.55)
[200/469]	0.0019 (0.0111)	0.0001 (0.0092)	0.438 (0.801)	89.06 (80.70)
[300/469]	0.0284 (0.0110)	0.0263 (0.0091)	0.460 (0.655)	87.50 (83.77)
[400/469]	0.0018 (0.0109)	0.0001 (0.0090)	0.300 (0.575)	93.75 (85.44)
[468/469]	0.0202 (0.0109)	0.0184 (0.0090)	0.403 (0.537)	85.42 (86.25)
 * Train Acc 86.247
 * Val Acc 91.870, Total time 0.95
Epoch:1
LR: 0.001
Itr		Time		  Data		  Loss		Acc
[0/469]	0.1338 (0.1338)	0.1283 (0.1283)	0.374 (0.374)	89.84 (89.84)
[100/469]	0.0021 (0.0116)	0.0005 (0.0098)	0.261 (0.297)	92.19 (91.51)
[200/469]	0.0020 (0.0110)	0.0001 (0.0092)	0.185 (0.287)	95.31 (91.85)
[300/469]	0.0262 (0.0108)	0.0243 (0.0091)	0.192 (0.277)	96.88 (92.07)
[400/469]	0.0021 (0.0107)	0.0004 (0.0089)	0.414 (0.272)	89.84 (92.20)
[468/469]	0.0193 (0.0107)	0.0173 (0.0089)	0.198 (0.268)	95.83 (92.31)
 * Train Acc 92.315
 * Val Acc 93.250, Total time 0.94
validation split name: 1
 * Val Acc 2.270, Total time 0.71
validation split name: 2
 * Val Acc 37.960, Total time 1.01
validation split name: 3
 * Val Acc 88.520, Total time 1.00
validation split name: 4
 * Val Acc 93.250, Total time 0.95
====================== 5 =======================
Incremental class: Old valid output dimension: 40
Incremental class: New Valid output dimension: 50
Epoch:0
LR: 0.001
Itr		Time		  Data		  Loss		Acc
[0/469]	0.1386 (0.1386)	0.1325 (0.1325)	5.558 (5.558)	0.00 (0.00)
[100/469]	0.0017 (0.0115)	0.0001 (0.0098)	0.609 (1.263)	84.38 (71.88)
[200/469]	0.0017 (0.0108)	0.0001 (0.0092)	0.299 (0.873)	92.97 (79.61)
[300/469]	0.0272 (0.0107)	0.0256 (0.0091)	0.334 (0.711)	87.50 (82.86)
[400/469]	0.0017 (0.0105)	0.0001 (0.0089)	0.300 (0.622)	93.75 (84.63)
[468/469]	0.0158 (0.0105)	0.0142 (0.0089)	0.249 (0.579)	94.79 (85.50)
 * Train Acc 85.498
 * Val Acc 91.330, Total time 0.94
Epoch:1
LR: 0.001
Itr		Time		  Data		  Loss		Acc
[0/469]	0.1217 (0.1217)	0.1166 (0.1166)	0.299 (0.299)	87.50 (87.50)
[100/469]	0.0028 (0.0114)	0.0009 (0.0093)	0.370 (0.310)	87.50 (91.18)
[200/469]	0.0243 (0.0110)	0.0224 (0.0091)	0.190 (0.302)	96.88 (91.34)
[300/469]	0.0018 (0.0108)	0.0001 (0.0088)	0.268 (0.291)	92.19 (91.61)
[400/469]	0.0217 (0.0107)	0.0198 (0.0088)	0.285 (0.286)	92.19 (91.72)
[468/469]	0.0017 (0.0106)	0.0001 (0.0087)	0.191 (0.283)	93.75 (91.80)
 * Train Acc 91.795
 * Val Acc 92.830, Total time 0.93
validation split name: 1
 * Val Acc 0.170, Total time 0.72
validation split name: 2
 * Val Acc 14.860, Total time 0.95
validation split name: 3
 * Val Acc 51.920, Total time 0.96
validation split name: 4
 * Val Acc 80.640, Total time 0.96
validation split name: 5
 * Val Acc 92.830, Total time 0.93
====================== 6 =======================
Incremental class: Old valid output dimension: 50
Incremental class: New Valid output dimension: 60
Epoch:0
LR: 0.001
Itr		Time		  Data		  Loss		Acc
[0/469]	0.1345 (0.1345)	0.1294 (0.1294)	6.087 (6.087)	0.00 (0.00)
[100/469]	0.0017 (0.0122)	0.0001 (0.0105)	0.580 (1.448)	85.16 (68.39)
[200/469]	0.0018 (0.0112)	0.0001 (0.0095)	0.446 (0.981)	87.50 (77.60)
[300/469]	0.0269 (0.0110)	0.0250 (0.0092)	0.372 (0.791)	89.84 (81.36)
[400/469]	0.0018 (0.0108)	0.0001 (0.0090)	0.319 (0.685)	90.62 (83.37)
[468/469]	0.0197 (0.0107)	0.0178 (0.0090)	0.260 (0.633)	92.71 (84.41)
 * Train Acc 84.410
 * Val Acc 91.070, Total time 0.93
Epoch:1
LR: 0.001
Itr		Time		  Data		  Loss		Acc
[0/469]	0.1221 (0.1221)	0.1176 (0.1176)	0.276 (0.276)	90.62 (90.62)
[100/469]	0.0033 (0.0114)	0.0017 (0.0097)	0.293 (0.315)	90.62 (90.90)
[200/469]	0.0017 (0.0108)	0.0001 (0.0092)	0.336 (0.311)	90.62 (91.06)
[300/469]	0.0233 (0.0107)	0.0217 (0.0090)	0.277 (0.306)	90.62 (91.23)
[400/469]	0.0061 (0.0106)	0.0044 (0.0089)	0.376 (0.299)	87.50 (91.40)
[468/469]	0.0164 (0.0105)	0.0147 (0.0089)	0.290 (0.295)	92.71 (91.52)
 * Train Acc 91.520
 * Val Acc 92.400, Total time 0.96
validation split name: 1
 * Val Acc 0.010, Total time 0.74
validation split name: 2
 * Val Acc 6.390, Total time 0.93
validation split name: 3
 * Val Acc 29.120, Total time 0.93
validation split name: 4
 * Val Acc 52.790, Total time 0.97
validation split name: 5
 * Val Acc 78.130, Total time 1.01
validation split name: 6
 * Val Acc 92.400, Total time 0.94
====================== 7 =======================
Incremental class: Old valid output dimension: 60
Incremental class: New Valid output dimension: 70
Epoch:0
LR: 0.001
Itr		Time		  Data		  Loss		Acc
[0/469]	0.1250 (0.1250)	0.1196 (0.1196)	6.614 (6.614)	0.00 (0.00)
[100/469]	0.0040 (0.0114)	0.0021 (0.0095)	0.722 (1.491)	80.47 (67.33)
[200/469]	0.0018 (0.0108)	0.0001 (0.0089)	0.535 (1.008)	87.50 (77.05)
[300/469]	0.0026 (0.0106)	0.0008 (0.0088)	0.480 (0.816)	88.28 (80.80)
[400/469]	0.0270 (0.0106)	0.0251 (0.0087)	0.394 (0.706)	89.84 (82.86)
[468/469]	0.0017 (0.0105)	0.0001 (0.0087)	0.377 (0.655)	89.58 (83.89)
 * Train Acc 83.893
 * Val Acc 90.880, Total time 0.94
Epoch:1
LR: 0.001
Itr		Time		  Data		  Loss		Acc
[0/469]	0.1270 (0.1270)	0.1223 (0.1223)	0.247 (0.247)	96.09 (96.09)
[100/469]	0.0021 (0.0115)	0.0004 (0.0097)	0.269 (0.327)	89.06 (90.83)
[200/469]	0.0018 (0.0110)	0.0001 (0.0092)	0.274 (0.318)	94.53 (91.00)
[300/469]	0.0275 (0.0109)	0.0255 (0.0091)	0.323 (0.311)	88.28 (91.03)
[400/469]	0.0019 (0.0107)	0.0002 (0.0089)	0.335 (0.305)	89.84 (91.19)
[468/469]	0.0196 (0.0107)	0.0178 (0.0089)	0.200 (0.302)	92.71 (91.32)
 * Train Acc 91.318
 * Val Acc 92.370, Total time 0.95
validation split name: 1
 * Val Acc 0.000, Total time 0.69
validation split name: 2
 * Val Acc 1.810, Total time 0.97
validation split name: 3
 * Val Acc 12.730, Total time 0.98
validation split name: 4
 * Val Acc 26.170, Total time 0.93
validation split name: 5
 * Val Acc 65.150, Total time 0.94
validation split name: 6
 * Val Acc 84.820, Total time 0.95
validation split name: 7
 * Val Acc 92.370, Total time 0.99
====================== 8 =======================
Incremental class: Old valid output dimension: 70
Incremental class: New Valid output dimension: 80
Epoch:0
LR: 0.001
Itr		Time		  Data		  Loss		Acc
[0/469]	0.1331 (0.1331)	0.1284 (0.1284)	7.835 (7.835)	0.00 (0.00)
[100/469]	0.0063 (0.0115)	0.0044 (0.0096)	0.734 (1.691)	84.38 (64.60)
[200/469]	0.0018 (0.0109)	0.0001 (0.0090)	0.488 (1.135)	87.50 (75.15)
[300/469]	0.0265 (0.0107)	0.0246 (0.0088)	0.489 (0.905)	85.16 (79.50)
[400/469]	0.0018 (0.0106)	0.0002 (0.0087)	0.332 (0.779)	86.72 (81.80)
[468/469]	0.0194 (0.0106)	0.0175 (0.0087)	0.369 (0.718)	88.54 (82.95)
 * Train Acc 82.947
 * Val Acc 90.720, Total time 0.94
Epoch:1
LR: 0.001
Itr		Time		  Data		  Loss		Acc
[0/469]	0.1379 (0.1379)	0.1326 (0.1326)	0.278 (0.278)	92.97 (92.97)
[100/469]	0.0024 (0.0121)	0.0002 (0.0102)	0.250 (0.325)	94.53 (90.76)
[200/469]	0.0018 (0.0112)	0.0001 (0.0093)	0.307 (0.330)	93.75 (90.47)
[300/469]	0.0273 (0.0110)	0.0253 (0.0091)	0.291 (0.321)	91.41 (90.77)
[400/469]	0.0018 (0.0108)	0.0001 (0.0090)	0.216 (0.315)	92.97 (90.90)
[468/469]	0.0201 (0.0107)	0.0182 (0.0089)	0.438 (0.311)	85.42 (91.03)
 * Train Acc 91.033
 * Val Acc 92.040, Total time 0.95
validation split name: 1
 * Val Acc 0.000, Total time 0.69
validation split name: 2
 * Val Acc 0.270, Total time 1.00
validation split name: 3
 * Val Acc 5.390, Total time 0.96
validation split name: 4
 * Val Acc 16.340, Total time 0.96
validation split name: 5
 * Val Acc 37.750, Total time 0.95
validation split name: 6
 * Val Acc 47.240, Total time 0.94
validation split name: 7
 * Val Acc 80.850, Total time 0.98
validation split name: 8
 * Val Acc 92.040, Total time 1.01
====================== 9 =======================
Incremental class: Old valid output dimension: 80
Incremental class: New Valid output dimension: 90
Epoch:0
LR: 0.001
Itr		Time		  Data		  Loss		Acc
[0/469]	0.1262 (0.1262)	0.1211 (0.1211)	8.183 (8.183)	0.00 (0.00)
[100/469]	0.0271 (0.0121)	0.0251 (0.0102)	0.742 (1.759)	83.59 (63.93)
[200/469]	0.0026 (0.0112)	0.0009 (0.0094)	0.573 (1.183)	83.59 (74.46)
[300/469]	0.0017 (0.0109)	0.0001 (0.0091)	0.351 (0.941)	91.41 (78.83)
[400/469]	0.0267 (0.0108)	0.0247 (0.0090)	0.386 (0.801)	88.28 (81.54)
[468/469]	0.0017 (0.0107)	0.0001 (0.0089)	0.412 (0.740)	88.54 (82.71)
 * Train Acc 82.713
 * Val Acc 90.710, Total time 0.94
Epoch:1
LR: 0.001
Itr		Time		  Data		  Loss		Acc
[0/469]	0.1216 (0.1216)	0.1167 (0.1167)	0.332 (0.332)	90.62 (90.62)
[100/469]	0.0026 (0.0117)	0.0010 (0.0099)	0.338 (0.340)	89.84 (90.59)
[200/469]	0.0017 (0.0110)	0.0001 (0.0093)	0.280 (0.331)	92.19 (90.75)
[300/469]	0.0266 (0.0108)	0.0249 (0.0092)	0.251 (0.326)	93.75 (90.76)
[400/469]	0.0019 (0.0107)	0.0002 (0.0090)	0.209 (0.319)	94.53 (90.95)
[468/469]	0.0201 (0.0106)	0.0182 (0.0089)	0.363 (0.316)	90.62 (90.97)
 * Train Acc 90.975
 * Val Acc 92.140, Total time 0.99
validation split name: 1
 * Val Acc 0.000, Total time 0.70
validation split name: 2
 * Val Acc 0.160, Total time 0.97
validation split name: 3
 * Val Acc 2.270, Total time 0.95
validation split name: 4
 * Val Acc 5.650, Total time 0.95
validation split name: 5
 * Val Acc 21.180, Total time 0.93
validation split name: 6
 * Val Acc 35.830, Total time 0.97
validation split name: 7
 * Val Acc 61.690, Total time 0.94
validation split name: 8
 * Val Acc 84.330, Total time 0.94
validation split name: 9
 * Val Acc 92.140, Total time 0.94
====================== 10 =======================
Incremental class: Old valid output dimension: 90
Incremental class: New Valid output dimension: 100
Epoch:0
LR: 0.001
Itr		Time		  Data		  Loss		Acc
[0/469]	0.1239 (0.1239)	0.1188 (0.1188)	7.958 (7.958)	0.00 (0.00)
[100/469]	0.0018 (0.0114)	0.0001 (0.0095)	0.820 (1.830)	83.59 (62.68)
[200/469]	0.0070 (0.0109)	0.0049 (0.0090)	0.496 (1.229)	89.06 (73.82)
[300/469]	0.0258 (0.0108)	0.0238 (0.0089)	0.373 (0.973)	88.28 (78.53)
[400/469]	0.0018 (0.0107)	0.0001 (0.0088)	0.355 (0.831)	90.62 (81.11)
[468/469]	0.0191 (0.0106)	0.0173 (0.0088)	0.215 (0.765)	96.88 (82.29)
 * Train Acc 82.292
 * Val Acc 90.270, Total time 0.94
Epoch:1
LR: 0.001
Itr		Time		  Data		  Loss		Acc
[0/469]	0.1339 (0.1339)	0.1288 (0.1288)	0.369 (0.369)	92.19 (92.19)
[100/469]	0.0030 (0.0114)	0.0011 (0.0097)	0.327 (0.344)	90.62 (90.35)
[200/469]	0.0020 (0.0108)	0.0001 (0.0090)	0.370 (0.337)	90.62 (90.41)
[300/469]	0.0199 (0.0107)	0.0181 (0.0089)	0.295 (0.334)	89.84 (90.51)
[400/469]	0.0207 (0.0106)	0.0188 (0.0088)	0.447 (0.328)	85.94 (90.60)
[468/469]	0.0029 (0.0105)	0.0011 (0.0087)	0.314 (0.323)	86.46 (90.74)
 * Train Acc 90.737
 * Val Acc 92.080, Total time 0.95
validation split name: 1
 * Val Acc 0.000, Total time 0.69
validation split name: 2
 * Val Acc 0.000, Total time 0.94
validation split name: 3
 * Val Acc 0.630, Total time 0.95
validation split name: 4
 * Val Acc 4.420, Total time 0.96
validation split name: 5
 * Val Acc 17.420, Total time 0.97
validation split name: 6
 * Val Acc 31.540, Total time 0.95
validation split name: 7
 * Val Acc 34.540, Total time 0.94
validation split name: 8
 * Val Acc 71.940, Total time 0.96
validation split name: 9
 * Val Acc 82.760, Total time 0.96
validation split name: 10
 * Val Acc 92.080, Total time 0.93
OrderedDict([('1', OrderedDict([('1', 95.7), ('2', 47.99), ('3', 24.56), ('4', 2.27), ('5', 0.17), ('6', 0.01), ('7', 0.0), ('8', 0.0), ('9', 0.0), ('10', 0.0)])), ('2', OrderedDict([('2', 94.37), ('3', 71.79), ('4', 37.96), ('5', 14.86), ('6', 6.39), ('7', 1.81), ('8', 0.27), ('9', 0.16), ('10', 0.0)])), ('3', OrderedDict([('3', 93.75), ('4', 88.52), ('5', 51.92), ('6', 29.12), ('7', 12.73), ('8', 5.39), ('9', 2.27), ('10', 0.63)])), ('4', OrderedDict([('4', 93.25), ('5', 80.64), ('6', 52.79), ('7', 26.17), ('8', 16.34), ('9', 5.65), ('10', 4.42)])), ('5', OrderedDict([('5', 92.83), ('6', 78.13), ('7', 65.15), ('8', 37.75), ('9', 21.18), ('10', 17.42)])), ('6', OrderedDict([('6', 92.4), ('7', 84.82), ('8', 47.24), ('9', 35.83), ('10', 31.54)])), ('7', OrderedDict([('7', 92.37), ('8', 80.85), ('9', 61.69), ('10', 34.54)])), ('8', OrderedDict([('8', 92.04), ('9', 84.33), ('10', 71.94)])), ('9', OrderedDict([('9', 92.14), ('10', 82.76)])), ('10', OrderedDict([('10', 92.08)]))])
Task 1 average acc: 95.7
Task 2 average acc: 71.18
Task 3 average acc: 63.366666666666674
Task 4 average acc: 55.5
Task 5 average acc: 48.084
Task 6 average acc: 43.14000000000001
Task 7 average acc: 40.43571428571429
Task 8 average acc: 34.985
Task 9 average acc: 33.69444444444444
Task 10 average acc: 33.533
===Summary of experiment repeats: 2 / 5 ===
The regularization coefficient: 0.0
The last avg acc of all repeats: [32.532 33.533  0.     0.     0.   ]
mean: 13.213 std: 16.18564961933873
MLP(
  (linear): Sequential(
    (0): Linear(in_features=1024, out_features=1000, bias=True)
    (1): ReLU(inplace=True)
    (2): Linear(in_features=1000, out_features=1000, bias=True)
    (3): ReLU(inplace=True)
  )
  (last): ModuleDict(
    (All): Linear(in_features=1000, out_features=100, bias=True)
  )
)
#parameter of model: 2126100
Task order: ['1', '2', '3', '4', '5', '6', '7', '8', '9', '10']
====================== 1 =======================
Incremental class: Old valid output dimension: ALL
Incremental class: New Valid output dimension: 10
Epoch:0
LR: 0.001
Itr		Time		  Data		  Loss		Acc
[0/469]	0.1116 (0.1116)	0.1065 (0.1065)	2.298 (2.298)	0.78 (0.78)
[100/469]	0.0024 (0.0081)	0.0008 (0.0063)	0.356 (0.494)	88.28 (84.89)
[200/469]	0.0017 (0.0076)	0.0002 (0.0058)	0.269 (0.385)	92.19 (88.36)
[300/469]	0.0132 (0.0075)	0.0116 (0.0057)	0.146 (0.337)	96.09 (90.00)
[400/469]	0.0113 (0.0074)	0.0096 (0.0057)	0.167 (0.306)	95.31 (91.00)
[468/469]	0.0023 (0.0073)	0.0006 (0.0056)	0.288 (0.291)	93.75 (91.40)
 * Train Acc 91.398
 * Val Acc 94.580, Total time 0.70
Epoch:1
LR: 0.001
Itr		Time		  Data		  Loss		Acc
[0/469]	0.1139 (0.1139)	0.1087 (0.1087)	0.242 (0.242)	94.53 (94.53)
[100/469]	0.0018 (0.0085)	0.0001 (0.0067)	0.154 (0.180)	94.53 (94.79)
[200/469]	0.0106 (0.0079)	0.0087 (0.0060)	0.134 (0.177)	96.09 (94.96)
[300/469]	0.0017 (0.0077)	0.0001 (0.0059)	0.218 (0.172)	93.75 (95.10)
[400/469]	0.0018 (0.0076)	0.0001 (0.0058)	0.098 (0.166)	97.66 (95.25)
[468/469]	0.0017 (0.0076)	0.0001 (0.0058)	0.127 (0.164)	94.79 (95.31)
 * Train Acc 95.305
 * Val Acc 95.600, Total time 0.70
validation split name: 1
 * Val Acc 95.600, Total time 0.68
====================== 2 =======================
Incremental class: Old valid output dimension: 10
Incremental class: New Valid output dimension: 20
Epoch:0
LR: 0.001
Itr		Time		  Data		  Loss		Acc
[0/469]	0.1245 (0.1245)	0.1193 (0.1193)	3.016 (3.016)	0.00 (0.00)
[100/469]	0.0277 (0.0121)	0.0258 (0.0102)	0.513 (0.777)	85.94 (79.83)
[200/469]	0.0018 (0.0112)	0.0001 (0.0094)	0.280 (0.569)	92.97 (84.91)
[300/469]	0.0017 (0.0109)	0.0001 (0.0091)	0.368 (0.480)	90.62 (86.97)
[400/469]	0.0262 (0.0108)	0.0246 (0.0091)	0.180 (0.430)	95.31 (88.19)
[468/469]	0.0016 (0.0107)	0.0001 (0.0090)	0.251 (0.407)	90.62 (88.79)
 * Train Acc 88.787
 * Val Acc 92.700, Total time 0.97
Epoch:1
LR: 0.001
Itr		Time		  Data		  Loss		Acc
[0/469]	0.1223 (0.1223)	0.1166 (0.1166)	0.156 (0.156)	96.09 (96.09)
[100/469]	0.0017 (0.0117)	0.0001 (0.0099)	0.287 (0.255)	88.28 (92.78)
[200/469]	0.0018 (0.0110)	0.0001 (0.0092)	0.287 (0.238)	89.84 (93.28)
[300/469]	0.0273 (0.0109)	0.0253 (0.0090)	0.303 (0.232)	92.19 (93.42)
[400/469]	0.0019 (0.0107)	0.0002 (0.0089)	0.174 (0.227)	95.31 (93.53)
[468/469]	0.0201 (0.0106)	0.0181 (0.0089)	0.144 (0.225)	95.83 (93.59)
 * Train Acc 93.595
 * Val Acc 94.440, Total time 0.95
validation split name: 1
 * Val Acc 72.600, Total time 0.70
validation split name: 2
 * Val Acc 94.440, Total time 0.95
====================== 3 =======================
Incremental class: Old valid output dimension: 20
Incremental class: New Valid output dimension: 30
Epoch:0
LR: 0.001
Itr		Time		  Data		  Loss		Acc
[0/469]	0.1256 (0.1256)	0.1198 (0.1198)	3.911 (3.911)	0.00 (0.00)
[100/469]	0.0118 (0.0116)	0.0100 (0.0098)	0.437 (0.954)	90.62 (77.86)
[200/469]	0.0018 (0.0110)	0.0001 (0.0092)	0.392 (0.681)	87.50 (83.33)
[300/469]	0.0018 (0.0107)	0.0001 (0.0090)	0.299 (0.566)	92.19 (85.74)
[400/469]	0.0274 (0.0107)	0.0254 (0.0089)	0.274 (0.500)	91.41 (87.07)
[468/469]	0.0017 (0.0106)	0.0001 (0.0088)	0.317 (0.471)	92.71 (87.66)
 * Train Acc 87.662
 * Val Acc 92.380, Total time 0.93
Epoch:1
LR: 0.001
Itr		Time		  Data		  Loss		Acc
[0/469]	0.1235 (0.1235)	0.1183 (0.1183)	0.262 (0.262)	91.41 (91.41)
[100/469]	0.0029 (0.0115)	0.0012 (0.0098)	0.253 (0.272)	93.75 (92.33)
[200/469]	0.0018 (0.0110)	0.0001 (0.0093)	0.339 (0.268)	91.41 (92.33)
[300/469]	0.0281 (0.0109)	0.0265 (0.0092)	0.307 (0.259)	91.41 (92.62)
[400/469]	0.0026 (0.0108)	0.0010 (0.0091)	0.205 (0.253)	94.53 (92.84)
[468/469]	0.0184 (0.0107)	0.0168 (0.0091)	0.209 (0.250)	97.92 (92.89)
 * Train Acc 92.892
 * Val Acc 93.870, Total time 0.94
validation split name: 1
 * Val Acc 21.910, Total time 0.70
validation split name: 2
 * Val Acc 64.650, Total time 0.94
validation split name: 3
 * Val Acc 93.870, Total time 0.94
====================== 4 =======================
Incremental class: Old valid output dimension: 30
Incremental class: New Valid output dimension: 40
Epoch:0
LR: 0.001
Itr		Time		  Data		  Loss		Acc
[0/469]	0.1295 (0.1295)	0.1242 (0.1242)	4.752 (4.752)	0.00 (0.00)
[100/469]	0.0017 (0.0115)	0.0001 (0.0099)	0.540 (1.126)	87.50 (73.65)
[200/469]	0.0017 (0.0109)	0.0001 (0.0093)	0.382 (0.786)	86.72 (80.70)
[300/469]	0.0275 (0.0108)	0.0260 (0.0092)	0.213 (0.649)	96.09 (83.72)
[400/469]	0.0017 (0.0107)	0.0001 (0.0091)	0.269 (0.571)	93.75 (85.41)
[468/469]	0.0194 (0.0107)	0.0179 (0.0091)	0.305 (0.532)	90.62 (86.25)
 * Train Acc 86.252
 * Val Acc 92.160, Total time 0.94
Epoch:1
LR: 0.001
Itr		Time		  Data		  Loss		Acc
[0/469]	0.1252 (0.1252)	0.1196 (0.1196)	0.345 (0.345)	88.28 (88.28)
[100/469]	0.0070 (0.0116)	0.0053 (0.0097)	0.309 (0.295)	90.62 (91.24)
[200/469]	0.0018 (0.0110)	0.0002 (0.0091)	0.321 (0.284)	92.19 (91.76)
[300/469]	0.0018 (0.0108)	0.0001 (0.0089)	0.339 (0.276)	90.62 (92.07)
[400/469]	0.0260 (0.0108)	0.0240 (0.0089)	0.215 (0.271)	92.19 (92.20)
[468/469]	0.0019 (0.0107)	0.0001 (0.0088)	0.182 (0.268)	95.83 (92.29)
 * Train Acc 92.293
 * Val Acc 93.510, Total time 0.95
validation split name: 1
 * Val Acc 0.650, Total time 0.70
validation split name: 2
 * Val Acc 22.130, Total time 0.97
validation split name: 3
 * Val Acc 81.160, Total time 0.95
validation split name: 4
 * Val Acc 93.510, Total time 0.95
====================== 5 =======================
Incremental class: Old valid output dimension: 40
Incremental class: New Valid output dimension: 50
Epoch:0
LR: 0.001
Itr		Time		  Data		  Loss		Acc
[0/469]	0.1243 (0.1243)	0.1187 (0.1187)	5.590 (5.590)	0.00 (0.00)
[100/469]	0.0018 (0.0115)	0.0002 (0.0097)	0.569 (1.285)	85.16 (71.13)
[200/469]	0.0018 (0.0110)	0.0001 (0.0092)	0.426 (0.881)	86.72 (79.27)
[300/469]	0.0274 (0.0109)	0.0255 (0.0091)	0.307 (0.716)	90.62 (82.59)
[400/469]	0.0023 (0.0107)	0.0002 (0.0089)	0.281 (0.625)	93.75 (84.48)
[468/469]	0.0191 (0.0107)	0.0171 (0.0089)	0.264 (0.581)	91.67 (85.40)
 * Train Acc 85.403
 * Val Acc 91.400, Total time 0.96
Epoch:1
LR: 0.001
Itr		Time		  Data		  Loss		Acc
[0/469]	0.1280 (0.1280)	0.1225 (0.1225)	0.353 (0.353)	91.41 (91.41)
[100/469]	0.0028 (0.0116)	0.0012 (0.0097)	0.286 (0.310)	92.19 (91.13)
[200/469]	0.0018 (0.0110)	0.0002 (0.0092)	0.312 (0.301)	92.19 (91.35)
[300/469]	0.0193 (0.0109)	0.0173 (0.0090)	0.282 (0.293)	94.53 (91.63)
[400/469]	0.0101 (0.0108)	0.0083 (0.0089)	0.165 (0.285)	97.66 (91.85)
[468/469]	0.0151 (0.0107)	0.0133 (0.0089)	0.289 (0.281)	89.58 (91.94)
 * Train Acc 91.935
 * Val Acc 92.980, Total time 0.94
validation split name: 1
 * Val Acc 0.060, Total time 0.73
validation split name: 2
 * Val Acc 9.720, Total time 0.98
validation split name: 3
 * Val Acc 43.940, Total time 0.95
validation split name: 4
 * Val Acc 80.880, Total time 0.99
validation split name: 5
 * Val Acc 92.980, Total time 0.95
====================== 6 =======================
Incremental class: Old valid output dimension: 50
Incremental class: New Valid output dimension: 60
Epoch:0
LR: 0.001
Itr		Time		  Data		  Loss		Acc
[0/469]	0.1277 (0.1277)	0.1230 (0.1230)	5.965 (5.965)	0.00 (0.00)
[100/469]	0.0017 (0.0120)	0.0001 (0.0104)	0.607 (1.434)	87.50 (68.49)
[200/469]	0.0018 (0.0111)	0.0002 (0.0096)	0.428 (0.974)	88.28 (77.64)
[300/469]	0.0122 (0.0110)	0.0104 (0.0093)	0.386 (0.786)	89.84 (81.41)
[400/469]	0.0191 (0.0109)	0.0173 (0.0092)	0.374 (0.681)	89.84 (83.47)
[468/469]	0.0026 (0.0108)	0.0007 (0.0091)	0.429 (0.630)	90.62 (84.47)
 * Train Acc 84.475
 * Val Acc 91.010, Total time 0.93
Epoch:1
LR: 0.001
Itr		Time		  Data		  Loss		Acc
[0/469]	0.1228 (0.1228)	0.1165 (0.1165)	0.332 (0.332)	91.41 (91.41)
[100/469]	0.0018 (0.0114)	0.0002 (0.0096)	0.338 (0.320)	90.62 (90.79)
[200/469]	0.0019 (0.0108)	0.0001 (0.0090)	0.375 (0.316)	89.06 (91.01)
[300/469]	0.0278 (0.0107)	0.0258 (0.0089)	0.241 (0.303)	95.31 (91.40)
[400/469]	0.0018 (0.0106)	0.0002 (0.0088)	0.309 (0.299)	92.19 (91.45)
[468/469]	0.0201 (0.0106)	0.0182 (0.0088)	0.177 (0.296)	95.83 (91.53)
 * Train Acc 91.535
 * Val Acc 92.600, Total time 0.95
validation split name: 1
 * Val Acc 0.010, Total time 0.69
validation split name: 2
 * Val Acc 1.440, Total time 0.96
validation split name: 3
 * Val Acc 14.760, Total time 0.95
validation split name: 4
 * Val Acc 40.490, Total time 0.94
validation split name: 5
 * Val Acc 83.370, Total time 0.95
validation split name: 6
 * Val Acc 92.600, Total time 1.00
====================== 7 =======================
Incremental class: Old valid output dimension: 60
Incremental class: New Valid output dimension: 70
Epoch:0
LR: 0.001
Itr		Time		  Data		  Loss		Acc
[0/469]	0.1433 (0.1433)	0.1379 (0.1379)	7.112 (7.112)	0.00 (0.00)
[100/469]	0.0095 (0.0122)	0.0077 (0.0103)	0.629 (1.533)	88.28 (68.26)
[200/469]	0.0018 (0.0113)	0.0001 (0.0094)	0.495 (1.036)	87.50 (77.11)
[300/469]	0.0172 (0.0111)	0.0152 (0.0092)	0.321 (0.834)	91.41 (80.82)
[400/469]	0.0101 (0.0109)	0.0083 (0.0091)	0.428 (0.719)	90.62 (83.04)
[468/469]	0.0122 (0.0109)	0.0102 (0.0090)	0.292 (0.665)	92.71 (83.99)
 * Train Acc 83.992
 * Val Acc 90.710, Total time 1.00
Epoch:1
LR: 0.001
Itr		Time		  Data		  Loss		Acc
[0/469]	0.1374 (0.1374)	0.1320 (0.1320)	0.290 (0.290)	90.62 (90.62)
[100/469]	0.0020 (0.0121)	0.0002 (0.0102)	0.266 (0.328)	92.19 (90.54)
[200/469]	0.0018 (0.0111)	0.0002 (0.0093)	0.327 (0.323)	91.41 (90.76)
[300/469]	0.0262 (0.0109)	0.0242 (0.0091)	0.270 (0.316)	92.19 (90.94)
[400/469]	0.0018 (0.0108)	0.0001 (0.0089)	0.282 (0.308)	92.97 (91.15)
[468/469]	0.0197 (0.0107)	0.0179 (0.0089)	0.271 (0.304)	92.71 (91.28)
 * Train Acc 91.285
 * Val Acc 92.240, Total time 1.01
validation split name: 1
 * Val Acc 0.000, Total time 0.70
validation split name: 2
 * Val Acc 0.580, Total time 0.94
validation split name: 3
 * Val Acc 15.900, Total time 0.96
validation split name: 4
 * Val Acc 31.040, Total time 0.93
validation split name: 5
 * Val Acc 60.260, Total time 0.95
validation split name: 6
 * Val Acc 86.470, Total time 0.94
validation split name: 7
 * Val Acc 92.240, Total time 0.99
====================== 8 =======================
Incremental class: Old valid output dimension: 70
Incremental class: New Valid output dimension: 80
Epoch:0
LR: 0.001
Itr		Time		  Data		  Loss		Acc
[0/469]	0.1233 (0.1233)	0.1182 (0.1182)	7.366 (7.366)	0.00 (0.00)
[100/469]	0.0202 (0.0115)	0.0182 (0.0096)	0.660 (1.645)	89.06 (64.31)
[200/469]	0.0018 (0.0109)	0.0002 (0.0090)	0.432 (1.116)	89.84 (74.83)
[300/469]	0.0040 (0.0107)	0.0020 (0.0089)	0.410 (0.889)	87.50 (79.26)
[400/469]	0.0270 (0.0107)	0.0251 (0.0088)	0.323 (0.762)	93.75 (81.85)
[468/469]	0.0017 (0.0106)	0.0001 (0.0088)	0.424 (0.703)	86.46 (83.03)
 * Train Acc 83.030
 * Val Acc 90.320, Total time 0.99
Epoch:1
LR: 0.001
Itr		Time		  Data		  Loss		Acc
[0/469]	0.1362 (0.1362)	0.1308 (0.1308)	0.302 (0.302)	90.62 (90.62)
[100/469]	0.0024 (0.0117)	0.0008 (0.0099)	0.330 (0.331)	91.41 (90.65)
[200/469]	0.0018 (0.0110)	0.0002 (0.0092)	0.305 (0.321)	90.62 (90.81)
[300/469]	0.0275 (0.0108)	0.0255 (0.0091)	0.239 (0.318)	92.97 (90.80)
[400/469]	0.0018 (0.0107)	0.0001 (0.0089)	0.286 (0.315)	92.19 (90.96)
[468/469]	0.0199 (0.0106)	0.0183 (0.0089)	0.457 (0.310)	87.50 (91.11)
 * Train Acc 91.115
 * Val Acc 92.270, Total time 1.01
validation split name: 1
 * Val Acc 0.000, Total time 0.76
validation split name: 2
 * Val Acc 0.460, Total time 0.94
validation split name: 3
 * Val Acc 3.020, Total time 0.99
validation split name: 4
 * Val Acc 13.640, Total time 0.95
validation split name: 5
 * Val Acc 33.800, Total time 0.97
validation split name: 6
 * Val Acc 52.250, Total time 0.94
validation split name: 7
 * Val Acc 81.550, Total time 0.95
validation split name: 8
 * Val Acc 92.270, Total time 0.95
====================== 9 =======================
Incremental class: Old valid output dimension: 80
Incremental class: New Valid output dimension: 90
Epoch:0
LR: 0.001
Itr		Time		  Data		  Loss		Acc
[0/469]	0.1276 (0.1276)	0.1219 (0.1219)	6.939 (6.939)	0.00 (0.00)
[100/469]	0.0017 (0.0114)	0.0001 (0.0097)	0.720 (1.751)	86.72 (61.48)
[200/469]	0.0017 (0.0108)	0.0001 (0.0092)	0.499 (1.172)	89.06 (73.37)
[300/469]	0.0269 (0.0107)	0.0254 (0.0091)	0.329 (0.933)	89.06 (78.18)
[400/469]	0.0017 (0.0106)	0.0001 (0.0089)	0.379 (0.801)	90.62 (80.87)
[468/469]	0.0204 (0.0105)	0.0188 (0.0089)	0.406 (0.739)	90.62 (82.11)
 * Train Acc 82.110
 * Val Acc 90.560, Total time 0.94
Epoch:1
LR: 0.001
Itr		Time		  Data		  Loss		Acc
[0/469]	0.1226 (0.1226)	0.1175 (0.1175)	0.422 (0.422)	87.50 (87.50)
[100/469]	0.0018 (0.0114)	0.0001 (0.0097)	0.445 (0.326)	89.84 (90.66)
[200/469]	0.0121 (0.0109)	0.0104 (0.0092)	0.367 (0.329)	89.06 (90.63)
[300/469]	0.0186 (0.0107)	0.0169 (0.0091)	0.341 (0.325)	89.84 (90.74)
[400/469]	0.0017 (0.0106)	0.0001 (0.0089)	0.224 (0.317)	94.53 (90.88)
[468/469]	0.0077 (0.0106)	0.0062 (0.0089)	0.213 (0.314)	93.75 (90.97)
 * Train Acc 90.973
 * Val Acc 92.130, Total time 0.94
validation split name: 1
 * Val Acc 0.000, Total time 0.72
validation split name: 2
 * Val Acc 0.020, Total time 1.01
validation split name: 3
 * Val Acc 0.330, Total time 0.96
validation split name: 4
 * Val Acc 7.970, Total time 0.97
validation split name: 5
 * Val Acc 12.050, Total time 0.95
validation split name: 6
 * Val Acc 32.060, Total time 1.00
validation split name: 7
 * Val Acc 49.600, Total time 0.95
validation split name: 8
 * Val Acc 76.200, Total time 0.97
validation split name: 9
 * Val Acc 92.130, Total time 0.95
====================== 10 =======================
Incremental class: Old valid output dimension: 90
Incremental class: New Valid output dimension: 100
Epoch:0
LR: 0.001
Itr		Time		  Data		  Loss		Acc
[0/469]	0.1235 (0.1235)	0.1182 (0.1182)	7.924 (7.924)	0.00 (0.00)
[100/469]	0.0038 (0.0113)	0.0022 (0.0095)	0.813 (1.897)	79.69 (60.28)
[200/469]	0.0017 (0.0108)	0.0001 (0.0090)	0.568 (1.260)	85.94 (72.63)
[300/469]	0.0166 (0.0107)	0.0150 (0.0089)	0.384 (0.991)	92.19 (77.79)
[400/469]	0.0120 (0.0106)	0.0105 (0.0089)	0.358 (0.842)	90.62 (80.67)
[468/469]	0.0205 (0.0105)	0.0187 (0.0089)	0.347 (0.774)	93.75 (81.94)
 * Train Acc 81.943
 * Val Acc 90.440, Total time 0.94
Epoch:1
LR: 0.001
Itr		Time		  Data		  Loss		Acc
[0/469]	0.1272 (0.1272)	0.1211 (0.1211)	0.319 (0.319)	90.62 (90.62)
[100/469]	0.0027 (0.0115)	0.0009 (0.0096)	0.383 (0.347)	89.06 (90.08)
[200/469]	0.0019 (0.0110)	0.0001 (0.0091)	0.262 (0.333)	92.19 (90.57)
[300/469]	0.0276 (0.0109)	0.0257 (0.0090)	0.205 (0.325)	96.88 (90.69)
[400/469]	0.0026 (0.0107)	0.0008 (0.0089)	0.271 (0.320)	91.41 (90.87)
[468/469]	0.0198 (0.0107)	0.0181 (0.0089)	0.324 (0.318)	90.62 (90.89)
 * Train Acc 90.888
 * Val Acc 92.200, Total time 1.00
validation split name: 1
 * Val Acc 0.000, Total time 0.69
validation split name: 2
 * Val Acc 0.000, Total time 0.93
validation split name: 3
 * Val Acc 0.040, Total time 0.95
validation split name: 4
 * Val Acc 4.420, Total time 0.93
validation split name: 5
 * Val Acc 5.310, Total time 0.94
validation split name: 6
 * Val Acc 16.220, Total time 0.95
validation split name: 7
 * Val Acc 32.120, Total time 0.93
validation split name: 8
 * Val Acc 56.880, Total time 0.99
validation split name: 9
 * Val Acc 86.110, Total time 1.00
validation split name: 10
 * Val Acc 92.200, Total time 0.94
OrderedDict([('1', OrderedDict([('1', 95.6), ('2', 72.6), ('3', 21.91), ('4', 0.65), ('5', 0.06), ('6', 0.01), ('7', 0.0), ('8', 0.0), ('9', 0.0), ('10', 0.0)])), ('2', OrderedDict([('2', 94.44), ('3', 64.65), ('4', 22.13), ('5', 9.72), ('6', 1.44), ('7', 0.58), ('8', 0.46), ('9', 0.02), ('10', 0.0)])), ('3', OrderedDict([('3', 93.87), ('4', 81.16), ('5', 43.94), ('6', 14.76), ('7', 15.9), ('8', 3.02), ('9', 0.33), ('10', 0.04)])), ('4', OrderedDict([('4', 93.51), ('5', 80.88), ('6', 40.49), ('7', 31.04), ('8', 13.64), ('9', 7.97), ('10', 4.42)])), ('5', OrderedDict([('5', 92.98), ('6', 83.37), ('7', 60.26), ('8', 33.8), ('9', 12.05), ('10', 5.31)])), ('6', OrderedDict([('6', 92.6), ('7', 86.47), ('8', 52.25), ('9', 32.06), ('10', 16.22)])), ('7', OrderedDict([('7', 92.24), ('8', 81.55), ('9', 49.6), ('10', 32.12)])), ('8', OrderedDict([('8', 92.27), ('9', 76.2), ('10', 56.88)])), ('9', OrderedDict([('9', 92.13), ('10', 86.11)])), ('10', OrderedDict([('10', 92.2)]))])
Task 1 average acc: 95.6
Task 2 average acc: 83.52
Task 3 average acc: 60.14333333333334
Task 4 average acc: 49.3625
Task 5 average acc: 45.516
Task 6 average acc: 38.77833333333333
Task 7 average acc: 40.92714285714286
Task 8 average acc: 34.62375
Task 9 average acc: 30.040000000000003
Task 10 average acc: 29.330000000000002
===Summary of experiment repeats: 3 / 5 ===
The regularization coefficient: 0.0
The last avg acc of all repeats: [32.532 33.533 29.33   0.     0.   ]
mean: 19.079 std: 15.639698257958816
MLP(
  (linear): Sequential(
    (0): Linear(in_features=1024, out_features=1000, bias=True)
    (1): ReLU(inplace=True)
    (2): Linear(in_features=1000, out_features=1000, bias=True)
    (3): ReLU(inplace=True)
  )
  (last): ModuleDict(
    (All): Linear(in_features=1000, out_features=100, bias=True)
  )
)
#parameter of model: 2126100
Task order: ['1', '2', '3', '4', '5', '6', '7', '8', '9', '10']
====================== 1 =======================
Incremental class: Old valid output dimension: ALL
Incremental class: New Valid output dimension: 10
Epoch:0
LR: 0.001
Itr		Time		  Data		  Loss		Acc
[0/469]	0.1228 (0.1228)	0.1142 (0.1142)	2.292 (2.292)	4.69 (4.69)
[100/469]	0.0018 (0.0084)	0.0002 (0.0065)	0.298 (0.503)	89.84 (85.02)
[200/469]	0.0018 (0.0078)	0.0001 (0.0060)	0.147 (0.388)	96.09 (88.68)
[300/469]	0.0191 (0.0077)	0.0171 (0.0059)	0.247 (0.336)	92.97 (90.20)
[400/469]	0.0019 (0.0076)	0.0001 (0.0058)	0.179 (0.306)	95.31 (91.07)
[468/469]	0.0127 (0.0076)	0.0109 (0.0057)	0.212 (0.289)	93.75 (91.53)
 * Train Acc 91.533
 * Val Acc 94.460, Total time 0.69
Epoch:1
LR: 0.001
Itr		Time		  Data		  Loss		Acc
[0/469]	0.1176 (0.1176)	0.1112 (0.1112)	0.218 (0.218)	92.97 (92.97)
[100/469]	0.0044 (0.0083)	0.0027 (0.0062)	0.140 (0.171)	96.09 (95.17)
[200/469]	0.0018 (0.0078)	0.0002 (0.0058)	0.151 (0.170)	95.31 (95.13)
[300/469]	0.0037 (0.0076)	0.0017 (0.0056)	0.131 (0.166)	94.53 (95.23)
[400/469]	0.0181 (0.0075)	0.0161 (0.0056)	0.193 (0.163)	92.97 (95.28)
[468/469]	0.0017 (0.0074)	0.0001 (0.0056)	0.141 (0.163)	96.88 (95.28)
 * Train Acc 95.283
 * Val Acc 95.700, Total time 0.76
validation split name: 1
 * Val Acc 95.700, Total time 0.69
====================== 2 =======================
Incremental class: Old valid output dimension: 10
Incremental class: New Valid output dimension: 20
Epoch:0
LR: 0.001
Itr		Time		  Data		  Loss		Acc
[0/469]	0.1250 (0.1250)	0.1200 (0.1200)	3.171 (3.171)	0.00 (0.00)
[100/469]	0.0018 (0.0115)	0.0001 (0.0097)	0.335 (0.783)	92.19 (80.32)
[200/469]	0.0018 (0.0109)	0.0002 (0.0091)	0.280 (0.568)	89.84 (85.04)
[300/469]	0.0279 (0.0108)	0.0260 (0.0091)	0.176 (0.483)	93.75 (87.05)
[400/469]	0.0018 (0.0107)	0.0001 (0.0089)	0.243 (0.432)	91.41 (88.27)
[468/469]	0.0207 (0.0107)	0.0188 (0.0089)	0.307 (0.408)	90.62 (88.91)
 * Train Acc 88.908
 * Val Acc 93.070, Total time 0.94
Epoch:1
LR: 0.001
Itr		Time		  Data		  Loss		Acc
[0/469]	0.1292 (0.1292)	0.1229 (0.1229)	0.277 (0.277)	92.19 (92.19)
[100/469]	0.0028 (0.0114)	0.0009 (0.0095)	0.204 (0.249)	94.53 (92.82)
[200/469]	0.0278 (0.0110)	0.0259 (0.0091)	0.345 (0.244)	89.84 (92.99)
[300/469]	0.0017 (0.0107)	0.0001 (0.0089)	0.270 (0.233)	95.31 (93.32)
[400/469]	0.0017 (0.0106)	0.0001 (0.0088)	0.204 (0.225)	94.53 (93.58)
[468/469]	0.0017 (0.0106)	0.0001 (0.0088)	0.177 (0.222)	95.83 (93.69)
 * Train Acc 93.693
 * Val Acc 94.430, Total time 1.01
validation split name: 1
 * Val Acc 65.730, Total time 0.68
validation split name: 2
 * Val Acc 94.430, Total time 0.95
====================== 3 =======================
Incremental class: Old valid output dimension: 20
Incremental class: New Valid output dimension: 30
Epoch:0
LR: 0.001
Itr		Time		  Data		  Loss		Acc
[0/469]	0.1266 (0.1266)	0.1209 (0.1209)	3.770 (3.770)	0.00 (0.00)
[100/469]	0.0225 (0.0117)	0.0204 (0.0097)	0.447 (0.942)	88.28 (77.47)
[200/469]	0.0026 (0.0110)	0.0009 (0.0091)	0.313 (0.675)	91.41 (83.10)
[300/469]	0.0149 (0.0108)	0.0132 (0.0089)	0.272 (0.562)	93.75 (85.50)
[400/469]	0.0024 (0.0107)	0.0008 (0.0088)	0.351 (0.498)	86.72 (86.90)
[468/469]	0.0130 (0.0106)	0.0115 (0.0088)	0.225 (0.468)	93.75 (87.58)
 * Train Acc 87.582
 * Val Acc 92.380, Total time 0.95
Epoch:1
LR: 0.001
Itr		Time		  Data		  Loss		Acc
[0/469]	0.1332 (0.1332)	0.1279 (0.1279)	0.251 (0.251)	91.41 (91.41)
[100/469]	0.0018 (0.0122)	0.0001 (0.0102)	0.253 (0.272)	92.19 (92.20)
[200/469]	0.0019 (0.0113)	0.0001 (0.0094)	0.262 (0.263)	91.41 (92.42)
[300/469]	0.0273 (0.0110)	0.0253 (0.0092)	0.203 (0.258)	94.53 (92.54)
[400/469]	0.0018 (0.0109)	0.0001 (0.0090)	0.192 (0.254)	92.19 (92.65)
[468/469]	0.0198 (0.0108)	0.0180 (0.0090)	0.319 (0.250)	89.58 (92.79)
 * Train Acc 92.788
 * Val Acc 93.410, Total time 0.95
validation split name: 1
 * Val Acc 18.930, Total time 0.68
validation split name: 2
 * Val Acc 80.680, Total time 0.94
validation split name: 3
 * Val Acc 93.410, Total time 0.96
====================== 4 =======================
Incremental class: Old valid output dimension: 30
Incremental class: New Valid output dimension: 40
Epoch:0
LR: 0.001
Itr		Time		  Data		  Loss		Acc
[0/469]	0.1379 (0.1379)	0.1330 (0.1330)	4.894 (4.894)	0.00 (0.00)
[100/469]	0.0020 (0.0118)	0.0001 (0.0099)	0.472 (1.134)	87.50 (73.48)
[200/469]	0.0020 (0.0111)	0.0002 (0.0092)	0.383 (0.789)	91.41 (80.80)
[300/469]	0.0262 (0.0109)	0.0243 (0.0090)	0.369 (0.650)	87.50 (83.76)
[400/469]	0.0226 (0.0108)	0.0208 (0.0089)	0.295 (0.573)	91.41 (85.33)
[468/469]	0.0017 (0.0107)	0.0001 (0.0088)	0.268 (0.534)	92.71 (86.16)
 * Train Acc 86.160
 * Val Acc 91.580, Total time 1.00
Epoch:1
LR: 0.001
Itr		Time		  Data		  Loss		Acc
[0/469]	0.1356 (0.1356)	0.1304 (0.1304)	0.255 (0.255)	96.09 (96.09)
[100/469]	0.0151 (0.0118)	0.0134 (0.0098)	0.301 (0.297)	92.97 (91.43)
[200/469]	0.0020 (0.0110)	0.0001 (0.0091)	0.211 (0.286)	94.53 (91.78)
[300/469]	0.0277 (0.0108)	0.0258 (0.0090)	0.273 (0.281)	92.97 (91.91)
[400/469]	0.0018 (0.0107)	0.0001 (0.0088)	0.187 (0.276)	92.19 (92.05)
[468/469]	0.0201 (0.0106)	0.0183 (0.0088)	0.263 (0.272)	92.71 (92.18)
 * Train Acc 92.183
 * Val Acc 93.220, Total time 0.97
validation split name: 1
 * Val Acc 1.020, Total time 0.69
validation split name: 2
 * Val Acc 34.670, Total time 0.96
validation split name: 3
 * Val Acc 81.740, Total time 0.95
validation split name: 4
 * Val Acc 93.220, Total time 1.00
====================== 5 =======================
Incremental class: Old valid output dimension: 40
Incremental class: New Valid output dimension: 50
Epoch:0
LR: 0.001
Itr		Time		  Data		  Loss		Acc
[0/469]	0.1289 (0.1289)	0.1237 (0.1237)	5.625 (5.625)	0.00 (0.00)
[100/469]	0.0084 (0.0116)	0.0066 (0.0097)	0.573 (1.278)	85.16 (71.08)
[200/469]	0.0018 (0.0111)	0.0001 (0.0092)	0.419 (0.883)	89.84 (79.13)
[300/469]	0.0231 (0.0109)	0.0212 (0.0091)	0.385 (0.719)	89.84 (82.56)
[400/469]	0.0027 (0.0108)	0.0009 (0.0090)	0.220 (0.627)	92.19 (84.38)
[468/469]	0.0191 (0.0107)	0.0172 (0.0089)	0.291 (0.583)	91.67 (85.31)
 * Train Acc 85.310
 * Val Acc 91.390, Total time 0.94
Epoch:1
LR: 0.001
Itr		Time		  Data		  Loss		Acc
[0/469]	0.1313 (0.1313)	0.1263 (0.1263)	0.184 (0.184)	96.09 (96.09)
[100/469]	0.0017 (0.0117)	0.0001 (0.0101)	0.277 (0.305)	90.62 (91.28)
[200/469]	0.0020 (0.0110)	0.0004 (0.0094)	0.420 (0.292)	89.06 (91.55)
[300/469]	0.0274 (0.0108)	0.0258 (0.0092)	0.236 (0.289)	92.97 (91.63)
[400/469]	0.0055 (0.0107)	0.0038 (0.0091)	0.380 (0.284)	88.28 (91.81)
[468/469]	0.0172 (0.0106)	0.0155 (0.0090)	0.144 (0.284)	96.88 (91.88)
 * Train Acc 91.878
 * Val Acc 92.970, Total time 0.95
validation split name: 1
 * Val Acc 0.120, Total time 0.70
validation split name: 2
 * Val Acc 13.340, Total time 0.93
validation split name: 3
 * Val Acc 39.630, Total time 0.94
validation split name: 4
 * Val Acc 86.330, Total time 0.94
validation split name: 5
 * Val Acc 92.970, Total time 0.94
====================== 6 =======================
Incremental class: Old valid output dimension: 50
Incremental class: New Valid output dimension: 60
Epoch:0
LR: 0.001
Itr		Time		  Data		  Loss		Acc
[0/469]	0.1279 (0.1279)	0.1229 (0.1229)	6.615 (6.615)	0.00 (0.00)
[100/469]	0.0037 (0.0115)	0.0017 (0.0096)	0.697 (1.448)	80.47 (68.08)
[200/469]	0.0021 (0.0110)	0.0004 (0.0091)	0.329 (0.977)	93.75 (77.52)
[300/469]	0.0264 (0.0108)	0.0245 (0.0090)	0.310 (0.788)	94.53 (81.19)
[400/469]	0.0019 (0.0107)	0.0002 (0.0089)	0.387 (0.683)	90.62 (83.34)
[468/469]	0.0192 (0.0107)	0.0173 (0.0088)	0.336 (0.632)	92.71 (84.43)
 * Train Acc 84.430
 * Val Acc 90.860, Total time 0.94
Epoch:1
LR: 0.001
Itr		Time		  Data		  Loss		Acc
[0/469]	0.1259 (0.1259)	0.1200 (0.1200)	0.356 (0.356)	92.19 (92.19)
[100/469]	0.0137 (0.0116)	0.0116 (0.0096)	0.307 (0.322)	91.41 (90.75)
[200/469]	0.0021 (0.0109)	0.0005 (0.0090)	0.122 (0.312)	99.22 (91.11)
[300/469]	0.0243 (0.0107)	0.0223 (0.0088)	0.353 (0.304)	88.28 (91.28)
[400/469]	0.0028 (0.0106)	0.0008 (0.0087)	0.255 (0.297)	91.41 (91.43)
[468/469]	0.0196 (0.0106)	0.0179 (0.0087)	0.130 (0.293)	98.96 (91.58)
 * Train Acc 91.580
 * Val Acc 92.500, Total time 0.94
validation split name: 1
 * Val Acc 0.070, Total time 0.70
validation split name: 2
 * Val Acc 4.570, Total time 0.94
validation split name: 3
 * Val Acc 23.810, Total time 0.93
validation split name: 4
 * Val Acc 62.980, Total time 0.95
validation split name: 5
 * Val Acc 81.680, Total time 0.96
validation split name: 6
 * Val Acc 92.500, Total time 0.95
====================== 7 =======================
Incremental class: Old valid output dimension: 60
Incremental class: New Valid output dimension: 70
Epoch:0
LR: 0.001
Itr		Time		  Data		  Loss		Acc
[0/469]	0.1234 (0.1234)	0.1180 (0.1180)	6.742 (6.742)	0.00 (0.00)
[100/469]	0.0033 (0.0114)	0.0015 (0.0094)	0.570 (1.565)	87.50 (67.62)
[200/469]	0.0018 (0.0108)	0.0002 (0.0089)	0.464 (1.050)	88.28 (77.06)
[300/469]	0.0233 (0.0107)	0.0215 (0.0088)	0.390 (0.837)	89.06 (80.99)
[400/469]	0.0050 (0.0106)	0.0032 (0.0087)	0.342 (0.721)	90.62 (83.14)
[468/469]	0.0030 (0.0105)	0.0010 (0.0086)	0.257 (0.668)	95.83 (84.11)
 * Train Acc 84.115
 * Val Acc 91.140, Total time 0.97
Epoch:1
LR: 0.001
Itr		Time		  Data		  Loss		Acc
[0/469]	0.1415 (0.1415)	0.1367 (0.1367)	0.469 (0.469)	85.16 (85.16)
[100/469]	0.0193 (0.0119)	0.0173 (0.0100)	0.457 (0.329)	88.28 (90.75)
[200/469]	0.0267 (0.0113)	0.0248 (0.0094)	0.211 (0.317)	93.75 (90.98)
[300/469]	0.0018 (0.0110)	0.0001 (0.0091)	0.438 (0.311)	88.28 (91.14)
[400/469]	0.0029 (0.0109)	0.0010 (0.0090)	0.335 (0.307)	86.72 (91.09)
[468/469]	0.0017 (0.0108)	0.0001 (0.0089)	0.166 (0.301)	93.75 (91.24)
 * Train Acc 91.238
 * Val Acc 92.540, Total time 0.95
validation split name: 1
 * Val Acc 0.000, Total time 0.69
validation split name: 2
 * Val Acc 1.060, Total time 0.97
validation split name: 3
 * Val Acc 8.270, Total time 0.94
validation split name: 4
 * Val Acc 38.530, Total time 0.94
validation split name: 5
 * Val Acc 55.530, Total time 0.94
validation split name: 6
 * Val Acc 84.360, Total time 0.95
validation split name: 7
 * Val Acc 92.540, Total time 0.94
====================== 8 =======================
Incremental class: Old valid output dimension: 70
Incremental class: New Valid output dimension: 80
Epoch:0
LR: 0.001
Itr		Time		  Data		  Loss		Acc
[0/469]	0.1247 (0.1247)	0.1196 (0.1196)	7.848 (7.848)	0.00 (0.00)
[100/469]	0.0020 (0.0118)	0.0002 (0.0099)	0.746 (1.721)	82.03 (65.17)
[200/469]	0.0026 (0.0112)	0.0002 (0.0093)	0.483 (1.155)	88.28 (75.27)
[300/469]	0.0291 (0.0113)	0.0266 (0.0092)	0.335 (0.917)	92.19 (79.54)
[400/469]	0.0019 (0.0112)	0.0001 (0.0091)	0.320 (0.787)	91.41 (81.89)
[468/469]	0.0197 (0.0111)	0.0181 (0.0090)	0.373 (0.727)	87.50 (82.98)
 * Train Acc 82.977
 * Val Acc 90.730, Total time 0.94
Epoch:1
LR: 0.001
Itr		Time		  Data		  Loss		Acc
[0/469]	0.1189 (0.1189)	0.1135 (0.1135)	0.267 (0.267)	93.75 (93.75)
[100/469]	0.0028 (0.0113)	0.0009 (0.0094)	0.283 (0.343)	91.41 (90.05)
[200/469]	0.0021 (0.0108)	0.0004 (0.0089)	0.506 (0.336)	89.84 (90.31)
[300/469]	0.0257 (0.0107)	0.0237 (0.0088)	0.357 (0.330)	89.06 (90.49)
[400/469]	0.0022 (0.0106)	0.0005 (0.0087)	0.381 (0.320)	88.28 (90.85)
[468/469]	0.0189 (0.0105)	0.0169 (0.0087)	0.302 (0.316)	92.71 (90.93)
 * Train Acc 90.927
 * Val Acc 92.350, Total time 0.94
validation split name: 1
 * Val Acc 0.000, Total time 0.70
validation split name: 2
 * Val Acc 1.490, Total time 0.94
validation split name: 3
 * Val Acc 0.820, Total time 0.94
validation split name: 4
 * Val Acc 18.270, Total time 0.94
validation split name: 5
 * Val Acc 23.940, Total time 0.96
validation split name: 6
 * Val Acc 65.230, Total time 0.94
validation split name: 7
 * Val Acc 83.940, Total time 0.94
validation split name: 8
 * Val Acc 92.350, Total time 0.94
====================== 9 =======================
Incremental class: Old valid output dimension: 80
Incremental class: New Valid output dimension: 90
Epoch:0
LR: 0.001
Itr		Time		  Data		  Loss		Acc
[0/469]	0.1237 (0.1237)	0.1180 (0.1180)	7.280 (7.280)	0.00 (0.00)
[100/469]	0.0019 (0.0114)	0.0002 (0.0095)	0.811 (1.770)	81.25 (62.76)
[200/469]	0.0029 (0.0108)	0.0010 (0.0090)	0.410 (1.187)	91.41 (74.04)
[300/469]	0.0255 (0.0107)	0.0235 (0.0089)	0.409 (0.944)	85.94 (78.55)
[400/469]	0.0018 (0.0106)	0.0002 (0.0087)	0.316 (0.806)	92.19 (81.21)
[468/469]	0.0115 (0.0105)	0.0095 (0.0087)	0.238 (0.743)	94.79 (82.42)
 * Train Acc 82.420
 * Val Acc 90.800, Total time 0.93
Epoch:1
LR: 0.001
Itr		Time		  Data		  Loss		Acc
[0/469]	0.1301 (0.1301)	0.1250 (0.1250)	0.269 (0.269)	93.75 (93.75)
[100/469]	0.0018 (0.0115)	0.0002 (0.0096)	0.182 (0.341)	95.31 (90.13)
[200/469]	0.0018 (0.0108)	0.0001 (0.0090)	0.413 (0.332)	89.84 (90.33)
[300/469]	0.0258 (0.0107)	0.0238 (0.0089)	0.187 (0.325)	93.75 (90.63)
[400/469]	0.0039 (0.0106)	0.0022 (0.0088)	0.208 (0.318)	95.31 (90.82)
[468/469]	0.0181 (0.0106)	0.0162 (0.0087)	0.297 (0.315)	93.75 (90.98)
 * Train Acc 90.978
 * Val Acc 92.200, Total time 0.97
validation split name: 1
 * Val Acc 0.000, Total time 0.76
validation split name: 2
 * Val Acc 0.000, Total time 0.94
validation split name: 3
 * Val Acc 0.960, Total time 0.94
validation split name: 4
 * Val Acc 4.750, Total time 1.00
validation split name: 5
 * Val Acc 20.110, Total time 0.95
validation split name: 6
 * Val Acc 32.690, Total time 0.94
validation split name: 7
 * Val Acc 69.240, Total time 0.96
validation split name: 8
 * Val Acc 84.070, Total time 0.97
validation split name: 9
 * Val Acc 92.200, Total time 0.94
====================== 10 =======================
Incremental class: Old valid output dimension: 90
Incremental class: New Valid output dimension: 100
Epoch:0
LR: 0.001
Itr		Time		  Data		  Loss		Acc
[0/469]	0.1237 (0.1237)	0.1192 (0.1192)	8.743 (8.743)	0.00 (0.00)
[100/469]	0.0017 (0.0118)	0.0002 (0.0100)	0.841 (1.955)	76.56 (61.58)
[200/469]	0.0018 (0.0112)	0.0001 (0.0095)	0.450 (1.295)	88.28 (73.27)
[300/469]	0.0275 (0.0110)	0.0259 (0.0093)	0.484 (1.017)	85.16 (78.09)
[400/469]	0.0016 (0.0108)	0.0001 (0.0092)	0.299 (0.865)	90.62 (80.75)
[468/469]	0.0130 (0.0108)	0.0114 (0.0091)	0.380 (0.794)	90.62 (82.03)
 * Train Acc 82.035
 * Val Acc 90.380, Total time 1.01
Epoch:1
LR: 0.001
Itr		Time		  Data		  Loss		Acc
[0/469]	0.1266 (0.1266)	0.1213 (0.1213)	0.326 (0.326)	91.41 (91.41)
[100/469]	0.0018 (0.0113)	0.0002 (0.0095)	0.265 (0.347)	92.19 (90.44)
[200/469]	0.0124 (0.0108)	0.0104 (0.0090)	0.357 (0.344)	89.06 (90.29)
[300/469]	0.0193 (0.0107)	0.0176 (0.0088)	0.275 (0.335)	91.41 (90.54)
[400/469]	0.0018 (0.0106)	0.0002 (0.0088)	0.321 (0.328)	91.41 (90.72)
[468/469]	0.0193 (0.0106)	0.0176 (0.0087)	0.265 (0.324)	92.71 (90.83)
 * Train Acc 90.833
 * Val Acc 91.770, Total time 0.95
validation split name: 1
 * Val Acc 0.000, Total time 0.74
validation split name: 2
 * Val Acc 0.270, Total time 0.95
validation split name: 3
 * Val Acc 1.360, Total time 0.94
validation split name: 4
 * Val Acc 10.960, Total time 0.94
validation split name: 5
 * Val Acc 8.170, Total time 0.95
validation split name: 6
 * Val Acc 17.800, Total time 0.94
validation split name: 7
 * Val Acc 43.910, Total time 0.94
validation split name: 8
 * Val Acc 63.610, Total time 0.94
validation split name: 9
 * Val Acc 81.220, Total time 0.93
validation split name: 10
 * Val Acc 91.770, Total time 0.94
OrderedDict([('1', OrderedDict([('1', 95.7), ('2', 65.73), ('3', 18.93), ('4', 1.02), ('5', 0.12), ('6', 0.07), ('7', 0.0), ('8', 0.0), ('9', 0.0), ('10', 0.0)])), ('2', OrderedDict([('2', 94.43), ('3', 80.68), ('4', 34.67), ('5', 13.34), ('6', 4.57), ('7', 1.06), ('8', 1.49), ('9', 0.0), ('10', 0.27)])), ('3', OrderedDict([('3', 93.41), ('4', 81.74), ('5', 39.63), ('6', 23.81), ('7', 8.27), ('8', 0.82), ('9', 0.96), ('10', 1.36)])), ('4', OrderedDict([('4', 93.22), ('5', 86.33), ('6', 62.98), ('7', 38.53), ('8', 18.27), ('9', 4.75), ('10', 10.96)])), ('5', OrderedDict([('5', 92.97), ('6', 81.68), ('7', 55.53), ('8', 23.94), ('9', 20.11), ('10', 8.17)])), ('6', OrderedDict([('6', 92.5), ('7', 84.36), ('8', 65.23), ('9', 32.69), ('10', 17.8)])), ('7', OrderedDict([('7', 92.54), ('8', 83.94), ('9', 69.24), ('10', 43.91)])), ('8', OrderedDict([('8', 92.35), ('9', 84.07), ('10', 63.61)])), ('9', OrderedDict([('9', 92.2), ('10', 81.22)])), ('10', OrderedDict([('10', 91.77)]))])
Task 1 average acc: 95.7
Task 2 average acc: 80.08000000000001
Task 3 average acc: 64.34
Task 4 average acc: 52.6625
Task 5 average acc: 46.478
Task 6 average acc: 44.26833333333334
Task 7 average acc: 40.041428571428575
Task 8 average acc: 35.754999999999995
Task 9 average acc: 33.78
Task 10 average acc: 31.907
===Summary of experiment repeats: 4 / 5 ===
The regularization coefficient: 0.0
The last avg acc of all repeats: [32.532 33.533 29.33  31.907  0.   ]
mean: 25.4604 std: 12.80577073978759
MLP(
  (linear): Sequential(
    (0): Linear(in_features=1024, out_features=1000, bias=True)
    (1): ReLU(inplace=True)
    (2): Linear(in_features=1000, out_features=1000, bias=True)
    (3): ReLU(inplace=True)
  )
  (last): ModuleDict(
    (All): Linear(in_features=1000, out_features=100, bias=True)
  )
)
#parameter of model: 2126100
Task order: ['1', '2', '3', '4', '5', '6', '7', '8', '9', '10']
====================== 1 =======================
Incremental class: Old valid output dimension: ALL
Incremental class: New Valid output dimension: 10
Epoch:0
LR: 0.001
Itr		Time		  Data		  Loss		Acc
[0/469]	0.1195 (0.1195)	0.1105 (0.1105)	2.324 (2.324)	0.78 (0.78)
[100/469]	0.0017 (0.0081)	0.0001 (0.0064)	0.226 (0.491)	95.31 (85.48)
[200/469]	0.0033 (0.0076)	0.0017 (0.0060)	0.264 (0.386)	91.41 (88.58)
[300/469]	0.0123 (0.0075)	0.0106 (0.0058)	0.332 (0.332)	89.84 (90.17)
[400/469]	0.0024 (0.0074)	0.0008 (0.0057)	0.271 (0.302)	89.06 (91.10)
[468/469]	0.0021 (0.0073)	0.0005 (0.0057)	0.244 (0.286)	92.71 (91.60)
 * Train Acc 91.600
 * Val Acc 94.590, Total time 0.70
Epoch:1
LR: 0.001
Itr		Time		  Data		  Loss		Acc
[0/469]	0.1157 (0.1157)	0.1106 (0.1106)	0.136 (0.136)	97.66 (97.66)
[100/469]	0.0018 (0.0084)	0.0001 (0.0066)	0.159 (0.169)	95.31 (95.25)
[200/469]	0.0020 (0.0078)	0.0001 (0.0060)	0.297 (0.171)	92.19 (95.15)
[300/469]	0.0175 (0.0076)	0.0155 (0.0058)	0.173 (0.166)	94.53 (95.16)
[400/469]	0.0027 (0.0075)	0.0008 (0.0057)	0.175 (0.163)	94.53 (95.23)
[468/469]	0.0114 (0.0074)	0.0096 (0.0056)	0.128 (0.161)	95.83 (95.32)
 * Train Acc 95.320
 * Val Acc 95.520, Total time 0.74
validation split name: 1
 * Val Acc 95.520, Total time 0.72
====================== 2 =======================
Incremental class: Old valid output dimension: 10
Incremental class: New Valid output dimension: 20
Epoch:0
LR: 0.001
Itr		Time		  Data		  Loss		Acc
[0/469]	0.1247 (0.1247)	0.1200 (0.1200)	3.185 (3.185)	0.00 (0.00)
[100/469]	0.0028 (0.0116)	0.0006 (0.0097)	0.426 (0.796)	86.72 (80.31)
[200/469]	0.0018 (0.0113)	0.0001 (0.0093)	0.221 (0.575)	93.75 (85.09)
[300/469]	0.0271 (0.0110)	0.0251 (0.0091)	0.304 (0.485)	90.62 (87.09)
[400/469]	0.0018 (0.0108)	0.0001 (0.0089)	0.267 (0.432)	89.84 (88.29)
[468/469]	0.0198 (0.0108)	0.0180 (0.0089)	0.299 (0.408)	93.75 (88.88)
 * Train Acc 88.877
 * Val Acc 93.030, Total time 0.94
Epoch:1
LR: 0.001
Itr		Time		  Data		  Loss		Acc
[0/469]	0.1290 (0.1290)	0.1238 (0.1238)	0.312 (0.312)	89.84 (89.84)
[100/469]	0.0019 (0.0115)	0.0002 (0.0096)	0.173 (0.242)	96.09 (92.91)
[200/469]	0.0027 (0.0110)	0.0008 (0.0091)	0.190 (0.235)	96.09 (93.15)
[300/469]	0.0265 (0.0108)	0.0245 (0.0090)	0.188 (0.228)	95.31 (93.37)
[400/469]	0.0028 (0.0107)	0.0009 (0.0089)	0.274 (0.223)	95.31 (93.57)
[468/469]	0.0192 (0.0107)	0.0172 (0.0088)	0.161 (0.219)	97.92 (93.68)
 * Train Acc 93.682
 * Val Acc 94.600, Total time 0.94
validation split name: 1
 * Val Acc 70.590, Total time 0.70
validation split name: 2
 * Val Acc 94.600, Total time 0.95
====================== 3 =======================
Incremental class: Old valid output dimension: 20
Incremental class: New Valid output dimension: 30
Epoch:0
LR: 0.001
Itr		Time		  Data		  Loss		Acc
[0/469]	0.1293 (0.1293)	0.1241 (0.1241)	3.921 (3.921)	0.00 (0.00)
[100/469]	0.0018 (0.0115)	0.0002 (0.0096)	0.380 (0.949)	91.41 (77.00)
[200/469]	0.0085 (0.0110)	0.0064 (0.0091)	0.353 (0.676)	90.62 (82.95)
[300/469]	0.0195 (0.0108)	0.0174 (0.0089)	0.368 (0.563)	88.28 (85.45)
[400/469]	0.0018 (0.0107)	0.0001 (0.0088)	0.292 (0.499)	92.19 (86.88)
[468/469]	0.0173 (0.0107)	0.0153 (0.0088)	0.499 (0.469)	83.33 (87.53)
 * Train Acc 87.535
 * Val Acc 92.180, Total time 0.94
Epoch:1
LR: 0.001
Itr		Time		  Data		  Loss		Acc
[0/469]	0.1311 (0.1311)	0.1252 (0.1252)	0.296 (0.296)	90.62 (90.62)
[100/469]	0.0018 (0.0115)	0.0001 (0.0095)	0.208 (0.278)	92.97 (92.19)
[200/469]	0.0283 (0.0111)	0.0265 (0.0092)	0.264 (0.270)	92.97 (92.44)
[300/469]	0.0020 (0.0109)	0.0001 (0.0090)	0.187 (0.261)	93.75 (92.57)
[400/469]	0.0018 (0.0108)	0.0001 (0.0089)	0.215 (0.253)	95.31 (92.77)
[468/469]	0.0016 (0.0107)	0.0001 (0.0089)	0.223 (0.250)	92.71 (92.84)
 * Train Acc 92.845
 * Val Acc 93.440, Total time 0.94
validation split name: 1
 * Val Acc 19.870, Total time 0.70
validation split name: 2
 * Val Acc 75.800, Total time 0.93
validation split name: 3
 * Val Acc 93.440, Total time 0.94
====================== 4 =======================
Incremental class: Old valid output dimension: 30
Incremental class: New Valid output dimension: 40
Epoch:0
LR: 0.001
Itr		Time		  Data		  Loss		Acc
[0/469]	0.1307 (0.1307)	0.1259 (0.1259)	4.779 (4.779)	0.00 (0.00)
[100/469]	0.0036 (0.0115)	0.0012 (0.0097)	0.539 (1.131)	84.38 (73.38)
[200/469]	0.0099 (0.0111)	0.0081 (0.0092)	0.519 (0.791)	85.94 (80.59)
[300/469]	0.0074 (0.0109)	0.0058 (0.0091)	0.434 (0.646)	88.28 (83.69)
[400/469]	0.0018 (0.0107)	0.0001 (0.0090)	0.245 (0.565)	91.41 (85.41)
[468/469]	0.0017 (0.0107)	0.0001 (0.0089)	0.196 (0.528)	94.79 (86.24)
 * Train Acc 86.243
 * Val Acc 91.650, Total time 1.00
Epoch:1
LR: 0.001
Itr		Time		  Data		  Loss		Acc
[0/469]	0.1295 (0.1295)	0.1241 (0.1241)	0.277 (0.277)	91.41 (91.41)
[100/469]	0.0020 (0.0117)	0.0001 (0.0098)	0.273 (0.288)	89.06 (91.42)
[200/469]	0.0018 (0.0111)	0.0001 (0.0093)	0.257 (0.284)	89.84 (91.67)
[300/469]	0.0283 (0.0110)	0.0264 (0.0092)	0.137 (0.279)	96.88 (91.82)
[400/469]	0.0018 (0.0109)	0.0001 (0.0091)	0.355 (0.273)	91.41 (92.01)
[468/469]	0.0200 (0.0108)	0.0183 (0.0090)	0.301 (0.269)	92.71 (92.16)
 * Train Acc 92.162
 * Val Acc 93.210, Total time 0.96
validation split name: 1
 * Val Acc 4.920, Total time 0.70
validation split name: 2
 * Val Acc 40.170, Total time 1.01
validation split name: 3
 * Val Acc 79.890, Total time 0.99
validation split name: 4
 * Val Acc 93.210, Total time 0.98
====================== 5 =======================
Incremental class: Old valid output dimension: 40
Incremental class: New Valid output dimension: 50
Epoch:0
LR: 0.001
Itr		Time		  Data		  Loss		Acc
[0/469]	0.1250 (0.1250)	0.1196 (0.1196)	5.695 (5.695)	0.00 (0.00)
[100/469]	0.0018 (0.0116)	0.0001 (0.0097)	0.456 (1.276)	89.06 (71.30)
[200/469]	0.0018 (0.0110)	0.0002 (0.0092)	0.498 (0.877)	89.06 (79.32)
[300/469]	0.0281 (0.0109)	0.0261 (0.0091)	0.412 (0.715)	86.72 (82.62)
[400/469]	0.0020 (0.0108)	0.0001 (0.0090)	0.222 (0.623)	93.75 (84.52)
[468/469]	0.0198 (0.0107)	0.0179 (0.0089)	0.228 (0.578)	95.83 (85.43)
 * Train Acc 85.428
 * Val Acc 91.330, Total time 0.99
Epoch:1
LR: 0.001
Itr		Time		  Data		  Loss		Acc
[0/469]	0.1366 (0.1366)	0.1315 (0.1315)	0.368 (0.368)	90.62 (90.62)
[100/469]	0.0018 (0.0120)	0.0001 (0.0102)	0.247 (0.301)	92.19 (91.03)
[200/469]	0.0020 (0.0112)	0.0001 (0.0093)	0.229 (0.298)	92.19 (91.13)
[300/469]	0.0274 (0.0109)	0.0255 (0.0091)	0.278 (0.292)	91.41 (91.43)
[400/469]	0.0019 (0.0108)	0.0001 (0.0090)	0.252 (0.286)	91.41 (91.60)
[468/469]	0.0201 (0.0107)	0.0184 (0.0089)	0.166 (0.283)	92.71 (91.77)
 * Train Acc 91.768
 * Val Acc 92.750, Total time 0.98
validation split name: 1
 * Val Acc 0.160, Total time 0.70
validation split name: 2
 * Val Acc 6.690, Total time 0.94
validation split name: 3
 * Val Acc 61.620, Total time 0.93
validation split name: 4
 * Val Acc 75.350, Total time 0.95
validation split name: 5
 * Val Acc 92.750, Total time 1.02
====================== 6 =======================
Incremental class: Old valid output dimension: 50
Incremental class: New Valid output dimension: 60
Epoch:0
LR: 0.001
Itr		Time		  Data		  Loss		Acc
[0/469]	0.1241 (0.1241)	0.1193 (0.1193)	5.969 (5.969)	0.00 (0.00)
[100/469]	0.0018 (0.0115)	0.0001 (0.0097)	0.530 (1.414)	89.84 (68.97)
[200/469]	0.0019 (0.0110)	0.0001 (0.0092)	0.533 (0.961)	83.59 (78.03)
[300/469]	0.0282 (0.0109)	0.0263 (0.0091)	0.423 (0.777)	86.72 (81.57)
[400/469]	0.0017 (0.0108)	0.0001 (0.0090)	0.411 (0.674)	87.50 (83.57)
[468/469]	0.0201 (0.0107)	0.0184 (0.0089)	0.286 (0.624)	92.71 (84.58)
 * Train Acc 84.580
 * Val Acc 91.140, Total time 1.01
Epoch:1
LR: 0.001
Itr		Time		  Data		  Loss		Acc
[0/469]	0.1362 (0.1362)	0.1313 (0.1313)	0.232 (0.232)	91.41 (91.41)
[100/469]	0.0018 (0.0118)	0.0001 (0.0099)	0.273 (0.313)	92.19 (91.10)
[200/469]	0.0019 (0.0110)	0.0002 (0.0092)	0.335 (0.312)	89.06 (90.92)
[300/469]	0.0272 (0.0109)	0.0252 (0.0091)	0.345 (0.302)	89.84 (91.17)
[400/469]	0.0018 (0.0107)	0.0001 (0.0089)	0.454 (0.299)	85.94 (91.27)
[468/469]	0.0197 (0.0107)	0.0180 (0.0089)	0.333 (0.294)	91.67 (91.46)
 * Train Acc 91.463
 * Val Acc 92.570, Total time 0.95
validation split name: 1
 * Val Acc 0.000, Total time 0.70
validation split name: 2
 * Val Acc 0.870, Total time 1.02
validation split name: 3
 * Val Acc 18.830, Total time 0.94
validation split name: 4
 * Val Acc 52.810, Total time 0.93
validation split name: 5
 * Val Acc 78.880, Total time 0.94
validation split name: 6
 * Val Acc 92.570, Total time 0.94
====================== 7 =======================
Incremental class: Old valid output dimension: 60
Incremental class: New Valid output dimension: 70
Epoch:0
LR: 0.001
Itr		Time		  Data		  Loss		Acc
[0/469]	0.1302 (0.1302)	0.1240 (0.1240)	6.496 (6.496)	0.00 (0.00)
[100/469]	0.0029 (0.0117)	0.0009 (0.0097)	0.706 (1.559)	81.25 (65.28)
[200/469]	0.0018 (0.0111)	0.0002 (0.0092)	0.475 (1.053)	88.28 (75.65)
[300/469]	0.0276 (0.0110)	0.0257 (0.0091)	0.363 (0.840)	89.06 (80.00)
[400/469]	0.0018 (0.0109)	0.0001 (0.0090)	0.324 (0.721)	90.62 (82.56)
[468/469]	0.0194 (0.0108)	0.0177 (0.0089)	0.258 (0.665)	92.71 (83.75)
 * Train Acc 83.752
 * Val Acc 90.800, Total time 1.00
Epoch:1
LR: 0.001
Itr		Time		  Data		  Loss		Acc
[0/469]	0.1346 (0.1346)	0.1292 (0.1292)	0.323 (0.323)	89.06 (89.06)
[100/469]	0.0286 (0.0122)	0.0261 (0.0100)	0.302 (0.323)	91.41 (90.62)
[200/469]	0.0018 (0.0115)	0.0001 (0.0093)	0.194 (0.315)	96.09 (90.95)
[300/469]	0.0018 (0.0111)	0.0001 (0.0090)	0.256 (0.310)	94.53 (91.05)
[400/469]	0.0266 (0.0110)	0.0247 (0.0090)	0.296 (0.301)	92.97 (91.33)
[468/469]	0.0017 (0.0108)	0.0001 (0.0089)	0.307 (0.298)	91.67 (91.39)
 * Train Acc 91.385
 * Val Acc 92.400, Total time 0.97
validation split name: 1
 * Val Acc 0.000, Total time 0.70
validation split name: 2
 * Val Acc 1.170, Total time 0.93
validation split name: 3
 * Val Acc 13.770, Total time 0.95
validation split name: 4
 * Val Acc 25.050, Total time 0.99
validation split name: 5
 * Val Acc 60.560, Total time 0.94
validation split name: 6
 * Val Acc 85.640, Total time 0.99
validation split name: 7
 * Val Acc 92.400, Total time 0.93
====================== 8 =======================
Incremental class: Old valid output dimension: 70
Incremental class: New Valid output dimension: 80
Epoch:0
LR: 0.001
Itr		Time		  Data		  Loss		Acc
[0/469]	0.1288 (0.1288)	0.1236 (0.1236)	6.565 (6.565)	0.00 (0.00)
[100/469]	0.0024 (0.0117)	0.0001 (0.0098)	0.741 (1.680)	83.59 (62.93)
[200/469]	0.0018 (0.0112)	0.0002 (0.0093)	0.390 (1.132)	89.06 (74.15)
[300/469]	0.0274 (0.0111)	0.0255 (0.0092)	0.387 (0.901)	90.62 (78.71)
[400/469]	0.0019 (0.0109)	0.0001 (0.0090)	0.418 (0.773)	87.50 (81.28)
[468/469]	0.0197 (0.0108)	0.0179 (0.0089)	0.195 (0.712)	97.92 (82.55)
 * Train Acc 82.552
 * Val Acc 90.780, Total time 0.94
Epoch:1
LR: 0.001
Itr		Time		  Data		  Loss		Acc
[0/469]	0.1268 (0.1268)	0.1214 (0.1214)	0.377 (0.377)	87.50 (87.50)
[100/469]	0.0027 (0.0114)	0.0010 (0.0096)	0.273 (0.338)	93.75 (90.31)
[200/469]	0.0017 (0.0109)	0.0001 (0.0092)	0.248 (0.332)	92.19 (90.50)
[300/469]	0.0273 (0.0108)	0.0257 (0.0091)	0.225 (0.321)	92.19 (90.79)
[400/469]	0.0017 (0.0107)	0.0001 (0.0090)	0.267 (0.314)	92.19 (91.01)
[468/469]	0.0211 (0.0106)	0.0192 (0.0089)	0.302 (0.309)	91.67 (91.12)
 * Train Acc 91.123
 * Val Acc 92.400, Total time 0.96
validation split name: 1
 * Val Acc 0.000, Total time 0.69
validation split name: 2
 * Val Acc 0.000, Total time 0.95
validation split name: 3
 * Val Acc 6.090, Total time 0.93
validation split name: 4
 * Val Acc 7.950, Total time 0.94
validation split name: 5
 * Val Acc 28.800, Total time 0.98
validation split name: 6
 * Val Acc 43.710, Total time 0.96
validation split name: 7
 * Val Acc 79.890, Total time 0.94
validation split name: 8
 * Val Acc 92.400, Total time 0.93
====================== 9 =======================
Incremental class: Old valid output dimension: 80
Incremental class: New Valid output dimension: 90
Epoch:0
LR: 0.001
Itr		Time		  Data		  Loss		Acc
[0/469]	0.1271 (0.1271)	0.1220 (0.1220)	7.291 (7.291)	0.00 (0.00)
[100/469]	0.0018 (0.0116)	0.0001 (0.0097)	0.676 (1.810)	87.50 (61.90)
[200/469]	0.0020 (0.0110)	0.0004 (0.0092)	0.508 (1.211)	82.03 (73.07)
[300/469]	0.0276 (0.0109)	0.0257 (0.0091)	0.454 (0.959)	88.28 (77.96)
[400/469]	0.0018 (0.0107)	0.0001 (0.0090)	0.393 (0.817)	87.50 (80.76)
[468/469]	0.0202 (0.0107)	0.0185 (0.0089)	0.389 (0.750)	87.50 (82.04)
 * Train Acc 82.042
 * Val Acc 90.410, Total time 0.94
Epoch:1
LR: 0.001
Itr		Time		  Data		  Loss		Acc
[0/469]	0.1259 (0.1259)	0.1206 (0.1206)	0.408 (0.408)	86.72 (86.72)
[100/469]	0.0019 (0.0116)	0.0001 (0.0098)	0.430 (0.342)	85.94 (90.22)
[200/469]	0.0018 (0.0111)	0.0001 (0.0093)	0.185 (0.332)	95.31 (90.46)
[300/469]	0.0273 (0.0109)	0.0253 (0.0091)	0.364 (0.326)	89.06 (90.65)
[400/469]	0.0018 (0.0107)	0.0001 (0.0089)	0.223 (0.319)	92.97 (90.78)
[468/469]	0.0201 (0.0107)	0.0184 (0.0089)	0.362 (0.314)	88.54 (90.92)
 * Train Acc 90.918
 * Val Acc 91.970, Total time 0.94
validation split name: 1
 * Val Acc 0.000, Total time 0.70
validation split name: 2
 * Val Acc 0.000, Total time 0.97
validation split name: 3
 * Val Acc 1.110, Total time 0.95
validation split name: 4
 * Val Acc 4.370, Total time 0.96
validation split name: 5
 * Val Acc 5.120, Total time 0.95
validation split name: 6
 * Val Acc 19.620, Total time 0.96
validation split name: 7
 * Val Acc 57.690, Total time 0.95
validation split name: 8
 * Val Acc 83.410, Total time 0.99
validation split name: 9
 * Val Acc 91.970, Total time 0.94
====================== 10 =======================
Incremental class: Old valid output dimension: 90
Incremental class: New Valid output dimension: 100
Epoch:0
LR: 0.001
Itr		Time		  Data		  Loss		Acc
[0/469]	0.1254 (0.1254)	0.1203 (0.1203)	8.989 (8.989)	0.00 (0.00)
[100/469]	0.0072 (0.0116)	0.0053 (0.0097)	0.839 (1.915)	81.25 (60.96)
[200/469]	0.0018 (0.0110)	0.0001 (0.0092)	0.426 (1.271)	87.50 (72.94)
[300/469]	0.0066 (0.0109)	0.0048 (0.0090)	0.427 (1.005)	88.28 (77.79)
[400/469]	0.0275 (0.0108)	0.0256 (0.0090)	0.406 (0.859)	88.28 (80.36)
[468/469]	0.0017 (0.0108)	0.0001 (0.0089)	0.477 (0.790)	87.50 (81.72)
 * Train Acc 81.725
 * Val Acc 90.410, Total time 0.95
Epoch:1
LR: 0.001
Itr		Time		  Data		  Loss		Acc
[0/469]	0.1377 (0.1377)	0.1326 (0.1326)	0.309 (0.309)	92.97 (92.97)
[100/469]	0.0017 (0.0117)	0.0002 (0.0097)	0.232 (0.348)	92.97 (90.25)
[200/469]	0.0274 (0.0110)	0.0255 (0.0092)	0.313 (0.337)	90.62 (90.49)
[300/469]	0.0034 (0.0107)	0.0015 (0.0089)	0.268 (0.334)	91.41 (90.56)
[400/469]	0.0027 (0.0106)	0.0008 (0.0088)	0.280 (0.329)	91.41 (90.62)
[468/469]	0.0016 (0.0106)	0.0001 (0.0088)	0.182 (0.325)	96.88 (90.73)
 * Train Acc 90.727
 * Val Acc 91.970, Total time 0.99
validation split name: 1
 * Val Acc 0.000, Total time 0.74
validation split name: 2
 * Val Acc 0.000, Total time 0.96
validation split name: 3
 * Val Acc 1.350, Total time 0.96
validation split name: 4
 * Val Acc 2.520, Total time 0.99
validation split name: 5
 * Val Acc 12.010, Total time 0.97
validation split name: 6
 * Val Acc 28.110, Total time 0.93
validation split name: 7
 * Val Acc 48.990, Total time 0.92
validation split name: 8
 * Val Acc 76.550, Total time 0.96
validation split name: 9
 * Val Acc 86.520, Total time 0.96
validation split name: 10
 * Val Acc 91.970, Total time 0.94
OrderedDict([('1', OrderedDict([('1', 95.52), ('2', 70.59), ('3', 19.87), ('4', 4.92), ('5', 0.16), ('6', 0.0), ('7', 0.0), ('8', 0.0), ('9', 0.0), ('10', 0.0)])), ('2', OrderedDict([('2', 94.6), ('3', 75.8), ('4', 40.17), ('5', 6.69), ('6', 0.87), ('7', 1.17), ('8', 0.0), ('9', 0.0), ('10', 0.0)])), ('3', OrderedDict([('3', 93.44), ('4', 79.89), ('5', 61.62), ('6', 18.83), ('7', 13.77), ('8', 6.09), ('9', 1.11), ('10', 1.35)])), ('4', OrderedDict([('4', 93.21), ('5', 75.35), ('6', 52.81), ('7', 25.05), ('8', 7.95), ('9', 4.37), ('10', 2.52)])), ('5', OrderedDict([('5', 92.75), ('6', 78.88), ('7', 60.56), ('8', 28.8), ('9', 5.12), ('10', 12.01)])), ('6', OrderedDict([('6', 92.57), ('7', 85.64), ('8', 43.71), ('9', 19.62), ('10', 28.11)])), ('7', OrderedDict([('7', 92.4), ('8', 79.89), ('9', 57.69), ('10', 48.99)])), ('8', OrderedDict([('8', 92.4), ('9', 83.41), ('10', 76.55)])), ('9', OrderedDict([('9', 91.97), ('10', 86.52)])), ('10', OrderedDict([('10', 91.97)]))])
Task 1 average acc: 95.52
Task 2 average acc: 82.595
Task 3 average acc: 63.03666666666667
Task 4 average acc: 54.5475
Task 5 average acc: 47.314
Task 6 average acc: 40.66
Task 7 average acc: 39.798571428571435
Task 8 average acc: 32.355000000000004
Task 9 average acc: 29.25444444444444
Task 10 average acc: 34.802
===Summary of experiment repeats: 5 / 5 ===
The regularization coefficient: 0.0
The last avg acc of all repeats: [32.532 33.533 29.33  31.907 34.802]
mean: 32.4208 std: 1.8295629423444273
reg_coef: 0.0 mean: 32.4208 std: 1.8295629423444273
Total Time for the script is 834.1176853179932 seconds
