MLP(
  (linear): Sequential(
    (0): Linear(in_features=1024, out_features=1000, bias=True)
    (1): ReLU(inplace=True)
    (2): Linear(in_features=1000, out_features=1000, bias=True)
    (3): ReLU(inplace=True)
  )
  (last): ModuleDict(
    (All): Linear(in_features=1000, out_features=100, bias=True)
  )
)
#parameter of model: 2126100
Task order: ['1', '2', '3', '4', '5', '6', '7', '8', '9', '10']
====================== 1 =======================
Incremental class: Old valid output dimension: ALL
Incremental class: New Valid output dimension: 10
Epoch:0
LR: 0.0001
Itr		Time		  Data		  Loss		Acc
[0/469]	0.5279 (0.5279)	0.0951 (0.0951)	2.306 (2.306)	0.00 (0.00)
[100/469]	0.0169 (0.0121)	0.0150 (0.0059)	0.263 (0.811)	91.41 (78.19)
[200/469]	0.0020 (0.0096)	0.0001 (0.0056)	0.383 (0.566)	90.62 (84.48)
[300/469]	0.0020 (0.0088)	0.0001 (0.0055)	0.174 (0.466)	95.31 (87.10)
[400/469]	0.0175 (0.0084)	0.0157 (0.0055)	0.214 (0.406)	91.41 (88.73)
[468/469]	0.0019 (0.0082)	0.0001 (0.0054)	0.154 (0.380)	95.83 (89.38)
 * Train Acc 89.383
 * Val Acc 94.770, Total time 0.70
Epoch:1
LR: 0.0001
Itr		Time		  Data		  Loss		Acc
[0/469]	0.1153 (0.1153)	0.1107 (0.1107)	0.126 (0.126)	96.88 (96.88)
[100/469]	0.0020 (0.0081)	0.0001 (0.0059)	0.142 (0.164)	97.66 (95.30)
[200/469]	0.0026 (0.0076)	0.0001 (0.0055)	0.131 (0.166)	96.09 (95.15)
[300/469]	0.0167 (0.0075)	0.0145 (0.0053)	0.130 (0.161)	96.88 (95.27)
[400/469]	0.0020 (0.0074)	0.0001 (0.0052)	0.151 (0.154)	94.53 (95.48)
[468/469]	0.0117 (0.0073)	0.0096 (0.0052)	0.142 (0.152)	93.75 (95.56)
 * Train Acc 95.557
 * Val Acc 96.380, Total time 0.70
validation split name: 1
 * Val Acc 96.380, Total time 0.68
====================== 2 =======================
Incremental class: Old valid output dimension: 10
Incremental class: New Valid output dimension: 20
Epoch:0
LR: 0.0001
Itr		Time		  Data		  Loss		Acc
[0/469]	0.1235 (0.1235)	0.1192 (0.1192)	3.082 (3.082)	0.00 (0.00)
[100/469]	0.0022 (0.0114)	0.0001 (0.0094)	0.504 (0.679)	84.38 (80.04)
[200/469]	0.0021 (0.0108)	0.0001 (0.0088)	0.299 (0.486)	91.41 (85.70)
[300/469]	0.0259 (0.0107)	0.0237 (0.0086)	0.417 (0.399)	86.72 (88.29)
[400/469]	0.0022 (0.0106)	0.0001 (0.0085)	0.193 (0.350)	96.88 (89.64)
[468/469]	0.0180 (0.0105)	0.0158 (0.0084)	0.196 (0.326)	92.71 (90.40)
 * Train Acc 90.402
 * Val Acc 95.180, Total time 0.95
Epoch:1
LR: 0.0001
Itr		Time		  Data		  Loss		Acc
[0/469]	0.1283 (0.1283)	0.1224 (0.1224)	0.115 (0.115)	95.31 (95.31)
[100/469]	0.0023 (0.0119)	0.0001 (0.0093)	0.153 (0.152)	96.09 (95.65)
[200/469]	0.0020 (0.0111)	0.0001 (0.0087)	0.095 (0.143)	96.88 (95.99)
[300/469]	0.0268 (0.0109)	0.0247 (0.0086)	0.143 (0.141)	93.75 (95.95)
[400/469]	0.0022 (0.0107)	0.0002 (0.0085)	0.105 (0.137)	96.88 (96.03)
[468/469]	0.0194 (0.0107)	0.0172 (0.0085)	0.071 (0.133)	98.96 (96.13)
 * Train Acc 96.130
 * Val Acc 96.730, Total time 0.93
validation split name: 1
 * Val Acc 17.700, Total time 0.69
validation split name: 2
 * Val Acc 96.730, Total time 0.94
====================== 3 =======================
Incremental class: Old valid output dimension: 20
Incremental class: New Valid output dimension: 30
Epoch:0
LR: 0.0001
Itr		Time		  Data		  Loss		Acc
[0/469]	0.1369 (0.1369)	0.1322 (0.1322)	4.639 (4.639)	0.00 (0.00)
[100/469]	0.0020 (0.0119)	0.0001 (0.0098)	0.339 (0.836)	89.06 (76.77)
[200/469]	0.0020 (0.0111)	0.0001 (0.0090)	0.329 (0.558)	92.19 (84.21)
[300/469]	0.0265 (0.0109)	0.0242 (0.0088)	0.213 (0.453)	94.53 (87.06)
[400/469]	0.0061 (0.0108)	0.0043 (0.0087)	0.190 (0.390)	94.53 (88.86)
[468/469]	0.0162 (0.0107)	0.0144 (0.0087)	0.178 (0.358)	92.71 (89.75)
 * Train Acc 89.748
 * Val Acc 95.270, Total time 0.93
Epoch:1
LR: 0.0001
Itr		Time		  Data		  Loss		Acc
[0/469]	0.1254 (0.1254)	0.1203 (0.1203)	0.172 (0.172)	93.75 (93.75)
[100/469]	0.0023 (0.0115)	0.0001 (0.0094)	0.064 (0.157)	97.66 (95.46)
[200/469]	0.0023 (0.0109)	0.0001 (0.0088)	0.127 (0.141)	96.09 (95.93)
[300/469]	0.0266 (0.0108)	0.0244 (0.0087)	0.085 (0.134)	97.66 (96.18)
[400/469]	0.0023 (0.0106)	0.0001 (0.0085)	0.055 (0.131)	97.66 (96.24)
[468/469]	0.0183 (0.0106)	0.0161 (0.0085)	0.115 (0.129)	96.88 (96.25)
 * Train Acc 96.252
 * Val Acc 96.820, Total time 0.94
validation split name: 1
 * Val Acc 0.000, Total time 0.69
validation split name: 2
 * Val Acc 25.980, Total time 0.95
validation split name: 3
 * Val Acc 96.820, Total time 0.94
====================== 4 =======================
Incremental class: Old valid output dimension: 30
Incremental class: New Valid output dimension: 40
Epoch:0
LR: 0.0001
Itr		Time		  Data		  Loss		Acc
[0/469]	0.1251 (0.1251)	0.1204 (0.1204)	6.976 (6.976)	0.00 (0.00)
[100/469]	0.0256 (0.0119)	0.0234 (0.0097)	0.397 (1.029)	89.06 (74.85)
[200/469]	0.0029 (0.0110)	0.0008 (0.0089)	0.386 (0.672)	91.41 (82.84)
[300/469]	0.0163 (0.0108)	0.0142 (0.0086)	0.166 (0.529)	95.31 (86.15)
[400/469]	0.0020 (0.0107)	0.0001 (0.0085)	0.210 (0.451)	93.75 (88.08)
[468/469]	0.0191 (0.0106)	0.0169 (0.0085)	0.163 (0.413)	95.83 (89.02)
 * Train Acc 89.017
 * Val Acc 94.920, Total time 0.93
Epoch:1
LR: 0.0001
Itr		Time		  Data		  Loss		Acc
[0/469]	0.1384 (0.1384)	0.1333 (0.1333)	0.145 (0.145)	96.88 (96.88)
[100/469]	0.0019 (0.0120)	0.0001 (0.0100)	0.192 (0.159)	93.75 (95.44)
[200/469]	0.0019 (0.0110)	0.0001 (0.0092)	0.175 (0.156)	95.31 (95.51)
[300/469]	0.0267 (0.0108)	0.0248 (0.0090)	0.117 (0.150)	97.66 (95.68)
[400/469]	0.0019 (0.0106)	0.0001 (0.0088)	0.167 (0.146)	93.75 (95.80)
[468/469]	0.0190 (0.0106)	0.0171 (0.0087)	0.082 (0.143)	97.92 (95.89)
 * Train Acc 95.885
 * Val Acc 96.420, Total time 0.94
validation split name: 1
 * Val Acc 0.000, Total time 0.69
validation split name: 2
 * Val Acc 0.030, Total time 0.94
validation split name: 3
 * Val Acc 44.000, Total time 0.96
validation split name: 4
 * Val Acc 96.420, Total time 0.94
====================== 5 =======================
Incremental class: Old valid output dimension: 40
Incremental class: New Valid output dimension: 50
Epoch:0
LR: 0.0001
Itr		Time		  Data		  Loss		Acc
[0/469]	0.1253 (0.1253)	0.1204 (0.1204)	7.667 (7.667)	0.00 (0.00)
[100/469]	0.0021 (0.0116)	0.0001 (0.0094)	0.489 (1.213)	82.81 (69.60)
[200/469]	0.0021 (0.0110)	0.0001 (0.0088)	0.267 (0.771)	91.41 (79.82)
[300/469]	0.0098 (0.0108)	0.0075 (0.0086)	0.315 (0.603)	91.41 (83.98)
[400/469]	0.0238 (0.0107)	0.0219 (0.0086)	0.168 (0.507)	93.75 (86.38)
[468/469]	0.0021 (0.0107)	0.0001 (0.0085)	0.063 (0.463)	98.96 (87.51)
 * Train Acc 87.513
 * Val Acc 94.200, Total time 0.95
Epoch:1
LR: 0.0001
Itr		Time		  Data		  Loss		Acc
[0/469]	0.1277 (0.1277)	0.1234 (0.1234)	0.159 (0.159)	95.31 (95.31)
[100/469]	0.0260 (0.0120)	0.0238 (0.0098)	0.096 (0.183)	97.66 (94.81)
[200/469]	0.0043 (0.0111)	0.0021 (0.0090)	0.160 (0.170)	94.53 (95.16)
[300/469]	0.0021 (0.0108)	0.0001 (0.0087)	0.106 (0.162)	96.09 (95.32)
[400/469]	0.0182 (0.0107)	0.0159 (0.0085)	0.073 (0.154)	98.44 (95.53)
[468/469]	0.0023 (0.0106)	0.0001 (0.0085)	0.127 (0.149)	95.83 (95.69)
 * Train Acc 95.690
 * Val Acc 96.390, Total time 0.93
validation split name: 1
 * Val Acc 0.000, Total time 0.70
validation split name: 2
 * Val Acc 0.050, Total time 0.95
validation split name: 3
 * Val Acc 30.190, Total time 0.96
validation split name: 4
 * Val Acc 90.800, Total time 0.94
validation split name: 5
 * Val Acc 96.390, Total time 0.94
====================== 6 =======================
Incremental class: Old valid output dimension: 50
Incremental class: New Valid output dimension: 60
Epoch:0
LR: 0.0001
Itr		Time		  Data		  Loss		Acc
[0/469]	0.1253 (0.1253)	0.1208 (0.1208)	7.751 (7.751)	0.00 (0.00)
[100/469]	0.0019 (0.0115)	0.0001 (0.0096)	0.326 (1.135)	89.84 (72.43)
[200/469]	0.0027 (0.0109)	0.0009 (0.0090)	0.183 (0.724)	95.31 (81.65)
[300/469]	0.0234 (0.0107)	0.0216 (0.0089)	0.328 (0.566)	91.41 (85.32)
[400/469]	0.0019 (0.0106)	0.0001 (0.0087)	0.183 (0.481)	94.53 (87.29)
[468/469]	0.0025 (0.0106)	0.0007 (0.0087)	0.139 (0.440)	96.88 (88.33)
 * Train Acc 88.332
 * Val Acc 95.020, Total time 0.94
Epoch:1
LR: 0.0001
Itr		Time		  Data		  Loss		Acc
[0/469]	0.1291 (0.1291)	0.1245 (0.1245)	0.133 (0.133)	96.09 (96.09)
[100/469]	0.0023 (0.0115)	0.0001 (0.0093)	0.147 (0.161)	94.53 (95.38)
[200/469]	0.0021 (0.0109)	0.0001 (0.0087)	0.068 (0.159)	97.66 (95.45)
[300/469]	0.0233 (0.0108)	0.0211 (0.0086)	0.072 (0.152)	99.22 (95.65)
[400/469]	0.0073 (0.0107)	0.0051 (0.0085)	0.156 (0.148)	95.31 (95.77)
[468/469]	0.0147 (0.0106)	0.0127 (0.0085)	0.208 (0.145)	94.79 (95.86)
 * Train Acc 95.863
 * Val Acc 96.510, Total time 0.93
validation split name: 1
 * Val Acc 0.000, Total time 0.70
validation split name: 2
 * Val Acc 0.000, Total time 0.94
validation split name: 3
 * Val Acc 12.750, Total time 0.93
validation split name: 4
 * Val Acc 86.430, Total time 0.97
validation split name: 5
 * Val Acc 93.010, Total time 0.97
validation split name: 6
 * Val Acc 96.510, Total time 0.95
====================== 7 =======================
Incremental class: Old valid output dimension: 60
Incremental class: New Valid output dimension: 70
Epoch:0
LR: 0.0001
Itr		Time		  Data		  Loss		Acc
[0/469]	0.1276 (0.1276)	0.1223 (0.1223)	7.046 (7.046)	0.00 (0.00)
[100/469]	0.0027 (0.0114)	0.0008 (0.0095)	0.352 (1.145)	90.62 (71.46)
[200/469]	0.0092 (0.0109)	0.0072 (0.0089)	0.181 (0.734)	95.31 (81.02)
[300/469]	0.0119 (0.0107)	0.0100 (0.0088)	0.149 (0.568)	93.75 (85.00)
[400/469]	0.0113 (0.0106)	0.0094 (0.0087)	0.225 (0.478)	92.97 (87.25)
[468/469]	0.0020 (0.0106)	0.0001 (0.0086)	0.145 (0.436)	93.75 (88.30)
 * Train Acc 88.295
 * Val Acc 95.140, Total time 0.94
Epoch:1
LR: 0.0001
Itr		Time		  Data		  Loss		Acc
[0/469]	0.1293 (0.1293)	0.1240 (0.1240)	0.153 (0.153)	94.53 (94.53)
[100/469]	0.0232 (0.0117)	0.0212 (0.0096)	0.156 (0.157)	92.97 (95.48)
[200/469]	0.0020 (0.0111)	0.0001 (0.0090)	0.136 (0.156)	95.31 (95.51)
[300/469]	0.0023 (0.0108)	0.0001 (0.0087)	0.208 (0.149)	95.31 (95.69)
[400/469]	0.0268 (0.0107)	0.0246 (0.0086)	0.136 (0.145)	96.09 (95.79)
[468/469]	0.0019 (0.0106)	0.0001 (0.0086)	0.088 (0.140)	97.92 (95.86)
 * Train Acc 95.863
 * Val Acc 96.690, Total time 0.94
validation split name: 1
 * Val Acc 0.000, Total time 0.69
validation split name: 2
 * Val Acc 0.000, Total time 1.01
validation split name: 3
 * Val Acc 2.630, Total time 0.96
validation split name: 4
 * Val Acc 66.380, Total time 0.93
validation split name: 5
 * Val Acc 90.580, Total time 0.93
validation split name: 6
 * Val Acc 93.230, Total time 0.97
validation split name: 7
 * Val Acc 96.690, Total time 0.95
====================== 8 =======================
Incremental class: Old valid output dimension: 70
Incremental class: New Valid output dimension: 80
Epoch:0
LR: 0.0001
Itr		Time		  Data		  Loss		Acc
[0/469]	0.1259 (0.1259)	0.1213 (0.1213)	6.770 (6.770)	0.00 (0.00)
[100/469]	0.0263 (0.0128)	0.0241 (0.0107)	0.249 (1.147)	89.84 (70.71)
[200/469]	0.0021 (0.0116)	0.0001 (0.0095)	0.260 (0.730)	92.19 (80.79)
[300/469]	0.0024 (0.0114)	0.0001 (0.0093)	0.236 (0.571)	92.97 (84.75)
[400/469]	0.0263 (0.0112)	0.0240 (0.0091)	0.106 (0.483)	96.09 (86.98)
[468/469]	0.0019 (0.0110)	0.0001 (0.0089)	0.161 (0.439)	93.75 (88.11)
 * Train Acc 88.105
 * Val Acc 94.900, Total time 0.94
Epoch:1
LR: 0.0001
Itr		Time		  Data		  Loss		Acc
[0/469]	0.1251 (0.1251)	0.1206 (0.1206)	0.162 (0.162)	95.31 (95.31)
[100/469]	0.0278 (0.0118)	0.0258 (0.0096)	0.285 (0.157)	93.75 (95.37)
[200/469]	0.0022 (0.0111)	0.0002 (0.0090)	0.136 (0.152)	95.31 (95.51)
[300/469]	0.0020 (0.0108)	0.0001 (0.0087)	0.096 (0.148)	96.88 (95.68)
[400/469]	0.0268 (0.0107)	0.0248 (0.0087)	0.140 (0.142)	94.53 (95.90)
[468/469]	0.0019 (0.0106)	0.0001 (0.0086)	0.062 (0.141)	98.96 (95.93)
 * Train Acc 95.930
 * Val Acc 96.430, Total time 0.94
validation split name: 1
 * Val Acc 0.000, Total time 0.68
validation split name: 2
 * Val Acc 0.000, Total time 0.93
validation split name: 3
 * Val Acc 1.050, Total time 0.95
validation split name: 4
 * Val Acc 54.320, Total time 0.94
validation split name: 5
 * Val Acc 70.890, Total time 0.94
validation split name: 6
 * Val Acc 86.400, Total time 0.96
validation split name: 7
 * Val Acc 94.460, Total time 0.94
validation split name: 8
 * Val Acc 96.430, Total time 0.94
====================== 9 =======================
Incremental class: Old valid output dimension: 80
Incremental class: New Valid output dimension: 90
Epoch:0
LR: 0.0001
Itr		Time		  Data		  Loss		Acc
[0/469]	0.1309 (0.1309)	0.1258 (0.1258)	6.403 (6.403)	0.00 (0.00)
[100/469]	0.0021 (0.0116)	0.0001 (0.0095)	0.390 (1.083)	86.72 (74.52)
[200/469]	0.0021 (0.0110)	0.0001 (0.0089)	0.262 (0.691)	90.62 (82.86)
[300/469]	0.0271 (0.0108)	0.0249 (0.0088)	0.378 (0.550)	92.19 (85.99)
[400/469]	0.0020 (0.0107)	0.0001 (0.0086)	0.102 (0.465)	96.88 (87.95)
[468/469]	0.0193 (0.0106)	0.0172 (0.0086)	0.153 (0.425)	97.92 (88.88)
 * Train Acc 88.880
 * Val Acc 95.070, Total time 0.95
Epoch:1
LR: 0.0001
Itr		Time		  Data		  Loss		Acc
[0/469]	0.1249 (0.1249)	0.1205 (0.1205)	0.191 (0.191)	95.31 (95.31)
[100/469]	0.0067 (0.0114)	0.0042 (0.0092)	0.187 (0.154)	96.09 (95.41)
[200/469]	0.0021 (0.0108)	0.0001 (0.0086)	0.144 (0.149)	97.66 (95.62)
[300/469]	0.0255 (0.0107)	0.0233 (0.0085)	0.078 (0.144)	97.66 (95.72)
[400/469]	0.0022 (0.0106)	0.0001 (0.0084)	0.086 (0.138)	98.44 (95.95)
[468/469]	0.0192 (0.0105)	0.0169 (0.0084)	0.050 (0.137)	97.92 (96.01)
 * Train Acc 96.008
 * Val Acc 96.790, Total time 0.97
validation split name: 1
 * Val Acc 0.000, Total time 0.69
validation split name: 2
 * Val Acc 0.000, Total time 0.93
validation split name: 3
 * Val Acc 0.120, Total time 0.95
validation split name: 4
 * Val Acc 18.770, Total time 0.94
validation split name: 5
 * Val Acc 73.510, Total time 0.96
validation split name: 6
 * Val Acc 74.060, Total time 0.93
validation split name: 7
 * Val Acc 69.150, Total time 0.93
validation split name: 8
 * Val Acc 93.050, Total time 0.93
validation split name: 9
 * Val Acc 96.790, Total time 0.94
====================== 10 =======================
Incremental class: Old valid output dimension: 90
Incremental class: New Valid output dimension: 100
Epoch:0
LR: 0.0001
Itr		Time		  Data		  Loss		Acc
[0/469]	0.1280 (0.1280)	0.1232 (0.1232)	7.041 (7.041)	0.00 (0.00)
[100/469]	0.0237 (0.0122)	0.0211 (0.0099)	0.229 (1.074)	92.19 (73.67)
[200/469]	0.0020 (0.0115)	0.0001 (0.0092)	0.272 (0.687)	91.41 (82.47)
[300/469]	0.0268 (0.0112)	0.0247 (0.0090)	0.224 (0.540)	92.97 (85.82)
[400/469]	0.0020 (0.0110)	0.0001 (0.0088)	0.220 (0.456)	94.53 (87.86)
[468/469]	0.0197 (0.0109)	0.0179 (0.0088)	0.149 (0.417)	95.83 (88.83)
 * Train Acc 88.828
 * Val Acc 95.310, Total time 0.94
Epoch:1
LR: 0.0001
Itr		Time		  Data		  Loss		Acc
[0/469]	0.1426 (0.1426)	0.1379 (0.1379)	0.184 (0.184)	93.75 (93.75)
[100/469]	0.0020 (0.0120)	0.0001 (0.0098)	0.160 (0.157)	94.53 (95.50)
[200/469]	0.0022 (0.0112)	0.0001 (0.0091)	0.130 (0.155)	95.31 (95.51)
[300/469]	0.0279 (0.0111)	0.0260 (0.0090)	0.083 (0.146)	98.44 (95.77)
[400/469]	0.0019 (0.0109)	0.0001 (0.0089)	0.074 (0.141)	99.22 (95.89)
[468/469]	0.0196 (0.0108)	0.0178 (0.0089)	0.094 (0.138)	97.92 (95.99)
 * Train Acc 95.988
 * Val Acc 96.580, Total time 0.92
validation split name: 1
 * Val Acc 0.000, Total time 0.68
validation split name: 2
 * Val Acc 0.000, Total time 0.94
validation split name: 3
 * Val Acc 0.000, Total time 0.93
validation split name: 4
 * Val Acc 14.090, Total time 0.95
validation split name: 5
 * Val Acc 61.920, Total time 0.96
validation split name: 6
 * Val Acc 75.620, Total time 0.94
validation split name: 7
 * Val Acc 58.960, Total time 0.93
validation split name: 8
 * Val Acc 79.600, Total time 0.94
validation split name: 9
 * Val Acc 90.140, Total time 0.95
validation split name: 10
 * Val Acc 96.580, Total time 0.95
OrderedDict([('1', OrderedDict([('1', 96.38), ('2', 17.7), ('3', 0.0), ('4', 0.0), ('5', 0.0), ('6', 0.0), ('7', 0.0), ('8', 0.0), ('9', 0.0), ('10', 0.0)])), ('2', OrderedDict([('2', 96.73), ('3', 25.98), ('4', 0.03), ('5', 0.05), ('6', 0.0), ('7', 0.0), ('8', 0.0), ('9', 0.0), ('10', 0.0)])), ('3', OrderedDict([('3', 96.82), ('4', 44.0), ('5', 30.19), ('6', 12.75), ('7', 2.63), ('8', 1.05), ('9', 0.12), ('10', 0.0)])), ('4', OrderedDict([('4', 96.42), ('5', 90.8), ('6', 86.43), ('7', 66.38), ('8', 54.32), ('9', 18.77), ('10', 14.09)])), ('5', OrderedDict([('5', 96.39), ('6', 93.01), ('7', 90.58), ('8', 70.89), ('9', 73.51), ('10', 61.92)])), ('6', OrderedDict([('6', 96.51), ('7', 93.23), ('8', 86.4), ('9', 74.06), ('10', 75.62)])), ('7', OrderedDict([('7', 96.69), ('8', 94.46), ('9', 69.15), ('10', 58.96)])), ('8', OrderedDict([('8', 96.43), ('9', 93.05), ('10', 79.6)])), ('9', OrderedDict([('9', 96.79), ('10', 90.14)])), ('10', OrderedDict([('10', 96.58)]))])
Task 1 average acc: 96.38
Task 2 average acc: 57.215
Task 3 average acc: 40.93333333333333
Task 4 average acc: 35.1125
Task 5 average acc: 43.486000000000004
Task 6 average acc: 48.11666666666667
Task 7 average acc: 49.93
Task 8 average acc: 50.44375
Task 9 average acc: 47.272222222222226
Task 10 average acc: 47.690999999999995
===Summary of experiment repeats: 1 / 5 ===
The regularization coefficient: 0.0
The last avg acc of all repeats: [47.691  0.     0.     0.     0.   ]
mean: 9.5382 std: 19.0764
MLP(
  (linear): Sequential(
    (0): Linear(in_features=1024, out_features=1000, bias=True)
    (1): ReLU(inplace=True)
    (2): Linear(in_features=1000, out_features=1000, bias=True)
    (3): ReLU(inplace=True)
  )
  (last): ModuleDict(
    (All): Linear(in_features=1000, out_features=100, bias=True)
  )
)
#parameter of model: 2126100
Task order: ['1', '2', '3', '4', '5', '6', '7', '8', '9', '10']
====================== 1 =======================
Incremental class: Old valid output dimension: ALL
Incremental class: New Valid output dimension: 10
Epoch:0
LR: 0.0001
Itr		Time		  Data		  Loss		Acc
[0/469]	0.1202 (0.1202)	0.1122 (0.1122)	2.297 (2.297)	0.00 (0.00)
[100/469]	0.0031 (0.0085)	0.0008 (0.0063)	0.265 (0.813)	92.19 (79.07)
[200/469]	0.0161 (0.0079)	0.0139 (0.0058)	0.260 (0.570)	93.75 (84.74)
[300/469]	0.0070 (0.0076)	0.0043 (0.0055)	0.241 (0.466)	89.84 (87.33)
[400/469]	0.0021 (0.0075)	0.0001 (0.0053)	0.193 (0.406)	95.31 (88.88)
[468/469]	0.0043 (0.0075)	0.0021 (0.0053)	0.394 (0.377)	92.71 (89.61)
 * Train Acc 89.612
 * Val Acc 94.620, Total time 0.69
Epoch:1
LR: 0.0001
Itr		Time		  Data		  Loss		Acc
[0/469]	0.1183 (0.1183)	0.1133 (0.1133)	0.174 (0.174)	96.09 (96.09)
[100/469]	0.0023 (0.0084)	0.0004 (0.0061)	0.137 (0.173)	96.09 (94.96)
[200/469]	0.0030 (0.0077)	0.0009 (0.0056)	0.217 (0.171)	95.31 (95.04)
[300/469]	0.0156 (0.0075)	0.0134 (0.0054)	0.056 (0.163)	99.22 (95.26)
[400/469]	0.0021 (0.0074)	0.0001 (0.0053)	0.075 (0.157)	98.44 (95.40)
[468/469]	0.0118 (0.0074)	0.0098 (0.0052)	0.111 (0.154)	96.88 (95.48)
 * Train Acc 95.483
 * Val Acc 96.140, Total time 0.68
validation split name: 1
 * Val Acc 96.140, Total time 0.68
====================== 2 =======================
Incremental class: Old valid output dimension: 10
Incremental class: New Valid output dimension: 20
Epoch:0
LR: 0.0001
Itr		Time		  Data		  Loss		Acc
[0/469]	0.1249 (0.1249)	0.1208 (0.1208)	3.179 (3.179)	0.00 (0.00)
[100/469]	0.0020 (0.0115)	0.0002 (0.0095)	0.372 (0.691)	88.28 (80.30)
[200/469]	0.0021 (0.0110)	0.0001 (0.0090)	0.153 (0.487)	96.09 (85.94)
[300/469]	0.0274 (0.0109)	0.0255 (0.0089)	0.209 (0.404)	93.75 (88.27)
[400/469]	0.0021 (0.0107)	0.0001 (0.0088)	0.186 (0.353)	93.75 (89.82)
[468/469]	0.0189 (0.0107)	0.0171 (0.0088)	0.194 (0.328)	93.75 (90.51)
 * Train Acc 90.507
 * Val Acc 95.240, Total time 0.95
Epoch:1
LR: 0.0001
Itr		Time		  Data		  Loss		Acc
[0/469]	0.1382 (0.1382)	0.1332 (0.1332)	0.159 (0.159)	95.31 (95.31)
[100/469]	0.0032 (0.0120)	0.0009 (0.0097)	0.301 (0.152)	91.41 (95.61)
[200/469]	0.0021 (0.0111)	0.0001 (0.0089)	0.109 (0.143)	96.88 (95.91)
[300/469]	0.0257 (0.0109)	0.0234 (0.0087)	0.099 (0.140)	96.09 (95.92)
[400/469]	0.0032 (0.0107)	0.0010 (0.0086)	0.104 (0.134)	95.31 (96.03)
[468/469]	0.0184 (0.0107)	0.0162 (0.0085)	0.028 (0.131)	100.00 (96.14)
 * Train Acc 96.138
 * Val Acc 96.550, Total time 0.95
validation split name: 1
 * Val Acc 10.120, Total time 0.68
validation split name: 2
 * Val Acc 96.550, Total time 0.94
====================== 3 =======================
Incremental class: Old valid output dimension: 20
Incremental class: New Valid output dimension: 30
Epoch:0
LR: 0.0001
Itr		Time		  Data		  Loss		Acc
[0/469]	0.1417 (0.1417)	0.1374 (0.1374)	4.944 (4.944)	0.00 (0.00)
[100/469]	0.0019 (0.0120)	0.0001 (0.0100)	0.300 (0.845)	92.19 (77.14)
[200/469]	0.0087 (0.0112)	0.0068 (0.0092)	0.188 (0.570)	95.31 (84.15)
[300/469]	0.0196 (0.0109)	0.0177 (0.0090)	0.183 (0.457)	95.31 (87.16)
[400/469]	0.0020 (0.0108)	0.0001 (0.0088)	0.235 (0.394)	93.75 (88.88)
[468/469]	0.0088 (0.0107)	0.0069 (0.0088)	0.209 (0.364)	92.71 (89.70)
 * Train Acc 89.703
 * Val Acc 95.420, Total time 0.95
Epoch:1
LR: 0.0001
Itr		Time		  Data		  Loss		Acc
[0/469]	0.1311 (0.1311)	0.1261 (0.1261)	0.142 (0.142)	96.88 (96.88)
[100/469]	0.0021 (0.0115)	0.0002 (0.0093)	0.119 (0.151)	94.53 (95.69)
[200/469]	0.0023 (0.0109)	0.0001 (0.0088)	0.086 (0.147)	96.88 (95.76)
[300/469]	0.0269 (0.0108)	0.0246 (0.0087)	0.170 (0.140)	95.31 (95.95)
[400/469]	0.0023 (0.0107)	0.0004 (0.0086)	0.085 (0.135)	96.88 (96.08)
[468/469]	0.0184 (0.0107)	0.0162 (0.0085)	0.133 (0.133)	94.79 (96.11)
 * Train Acc 96.110
 * Val Acc 96.560, Total time 0.93
validation split name: 1
 * Val Acc 0.000, Total time 0.68
validation split name: 2
 * Val Acc 9.610, Total time 0.94
validation split name: 3
 * Val Acc 96.560, Total time 0.95
====================== 4 =======================
Incremental class: Old valid output dimension: 30
Incremental class: New Valid output dimension: 40
Epoch:0
LR: 0.0001
Itr		Time		  Data		  Loss		Acc
[0/469]	0.1254 (0.1254)	0.1204 (0.1204)	6.534 (6.534)	0.00 (0.00)
[100/469]	0.0021 (0.0119)	0.0002 (0.0097)	0.354 (1.067)	89.06 (73.21)
[200/469]	0.0024 (0.0112)	0.0001 (0.0091)	0.257 (0.690)	92.97 (82.04)
[300/469]	0.0280 (0.0111)	0.0261 (0.0090)	0.299 (0.543)	93.75 (85.63)
[400/469]	0.0020 (0.0109)	0.0001 (0.0089)	0.184 (0.462)	95.31 (87.58)
[468/469]	0.0190 (0.0108)	0.0172 (0.0088)	0.203 (0.422)	93.75 (88.59)
 * Train Acc 88.590
 * Val Acc 94.470, Total time 0.93
Epoch:1
LR: 0.0001
Itr		Time		  Data		  Loss		Acc
[0/469]	0.1269 (0.1269)	0.1215 (0.1215)	0.133 (0.133)	94.53 (94.53)
[100/469]	0.0024 (0.0114)	0.0004 (0.0092)	0.128 (0.158)	96.88 (95.47)
[200/469]	0.0022 (0.0108)	0.0001 (0.0087)	0.111 (0.154)	98.44 (95.50)
[300/469]	0.0270 (0.0107)	0.0248 (0.0086)	0.127 (0.149)	96.88 (95.61)
[400/469]	0.0024 (0.0106)	0.0004 (0.0085)	0.113 (0.144)	95.31 (95.75)
[468/469]	0.0194 (0.0105)	0.0172 (0.0084)	0.066 (0.140)	97.92 (95.84)
 * Train Acc 95.843
 * Val Acc 96.550, Total time 0.94
validation split name: 1
 * Val Acc 0.000, Total time 0.68
validation split name: 2
 * Val Acc 0.440, Total time 0.94
validation split name: 3
 * Val Acc 65.880, Total time 0.95
validation split name: 4
 * Val Acc 96.550, Total time 0.94
====================== 5 =======================
Incremental class: Old valid output dimension: 40
Incremental class: New Valid output dimension: 50
Epoch:0
LR: 0.0001
Itr		Time		  Data		  Loss		Acc
[0/469]	0.1252 (0.1252)	0.1205 (0.1205)	8.067 (8.067)	0.00 (0.00)
[100/469]	0.0262 (0.0117)	0.0239 (0.0096)	0.316 (1.190)	89.84 (71.72)
[200/469]	0.0031 (0.0109)	0.0009 (0.0088)	0.172 (0.751)	93.75 (81.42)
[300/469]	0.0030 (0.0107)	0.0008 (0.0085)	0.307 (0.587)	90.62 (85.07)
[400/469]	0.0257 (0.0106)	0.0235 (0.0085)	0.179 (0.498)	95.31 (87.12)
[468/469]	0.0021 (0.0105)	0.0001 (0.0084)	0.133 (0.456)	95.83 (88.09)
 * Train Acc 88.088
 * Val Acc 94.760, Total time 0.97
Epoch:1
LR: 0.0001
Itr		Time		  Data		  Loss		Acc
[0/469]	0.1275 (0.1275)	0.1227 (0.1227)	0.187 (0.187)	95.31 (95.31)
[100/469]	0.0020 (0.0114)	0.0001 (0.0093)	0.125 (0.177)	95.31 (94.92)
[200/469]	0.0082 (0.0109)	0.0063 (0.0089)	0.150 (0.169)	95.31 (95.08)
[300/469]	0.0194 (0.0107)	0.0174 (0.0087)	0.105 (0.161)	96.09 (95.32)
[400/469]	0.0020 (0.0106)	0.0001 (0.0086)	0.086 (0.155)	97.66 (95.48)
[468/469]	0.0088 (0.0106)	0.0069 (0.0086)	0.188 (0.153)	94.79 (95.55)
 * Train Acc 95.550
 * Val Acc 96.130, Total time 0.94
validation split name: 1
 * Val Acc 0.000, Total time 0.69
validation split name: 2
 * Val Acc 0.000, Total time 0.99
validation split name: 3
 * Val Acc 17.660, Total time 0.99
validation split name: 4
 * Val Acc 91.720, Total time 0.95
validation split name: 5
 * Val Acc 96.130, Total time 0.93
====================== 6 =======================
Incremental class: Old valid output dimension: 50
Incremental class: New Valid output dimension: 60
Epoch:0
LR: 0.0001
Itr		Time		  Data		  Loss		Acc
[0/469]	0.1250 (0.1250)	0.1207 (0.1207)	7.894 (7.894)	0.00 (0.00)
[100/469]	0.0268 (0.0117)	0.0250 (0.0098)	0.312 (1.170)	89.06 (71.67)
[200/469]	0.0019 (0.0109)	0.0001 (0.0091)	0.262 (0.745)	92.19 (81.08)
[300/469]	0.0027 (0.0107)	0.0009 (0.0088)	0.154 (0.583)	95.31 (84.83)
[400/469]	0.0152 (0.0106)	0.0134 (0.0087)	0.149 (0.494)	96.09 (86.98)
[468/469]	0.0050 (0.0105)	0.0032 (0.0087)	0.242 (0.452)	93.75 (88.00)
 * Train Acc 88.002
 * Val Acc 94.650, Total time 0.95
Epoch:1
LR: 0.0001
Itr		Time		  Data		  Loss		Acc
[0/469]	0.1298 (0.1298)	0.1248 (0.1248)	0.159 (0.159)	93.75 (93.75)
[100/469]	0.0052 (0.0114)	0.0026 (0.0092)	0.148 (0.172)	96.88 (95.11)
[200/469]	0.0021 (0.0109)	0.0001 (0.0087)	0.094 (0.168)	97.66 (95.29)
[300/469]	0.0100 (0.0107)	0.0078 (0.0085)	0.111 (0.159)	96.88 (95.47)
[400/469]	0.0229 (0.0106)	0.0207 (0.0084)	0.139 (0.152)	96.09 (95.64)
[468/469]	0.0020 (0.0105)	0.0001 (0.0083)	0.135 (0.148)	94.79 (95.81)
 * Train Acc 95.813
 * Val Acc 96.520, Total time 0.96
validation split name: 1
 * Val Acc 0.000, Total time 0.70
validation split name: 2
 * Val Acc 0.000, Total time 0.96
validation split name: 3
 * Val Acc 16.130, Total time 0.95
validation split name: 4
 * Val Acc 80.440, Total time 0.96
validation split name: 5
 * Val Acc 89.440, Total time 0.95
validation split name: 6
 * Val Acc 96.520, Total time 0.99
====================== 7 =======================
Incremental class: Old valid output dimension: 60
Incremental class: New Valid output dimension: 70
Epoch:0
LR: 0.0001
Itr		Time		  Data		  Loss		Acc
[0/469]	0.1332 (0.1332)	0.1285 (0.1285)	6.778 (6.778)	0.00 (0.00)
[100/469]	0.0029 (0.0115)	0.0010 (0.0095)	0.340 (1.134)	86.72 (72.15)
[200/469]	0.0020 (0.0109)	0.0001 (0.0089)	0.227 (0.716)	92.97 (81.62)
[300/469]	0.0274 (0.0108)	0.0254 (0.0088)	0.289 (0.559)	92.19 (85.41)
[400/469]	0.0021 (0.0106)	0.0002 (0.0087)	0.268 (0.474)	93.75 (87.44)
[468/469]	0.0204 (0.0106)	0.0184 (0.0087)	0.200 (0.433)	94.79 (88.42)
 * Train Acc 88.418
 * Val Acc 94.970, Total time 0.92
Epoch:1
LR: 0.0001
Itr		Time		  Data		  Loss		Acc
[0/469]	0.1379 (0.1379)	0.1326 (0.1326)	0.273 (0.273)	93.75 (93.75)
[100/469]	0.0021 (0.0119)	0.0001 (0.0098)	0.184 (0.161)	94.53 (95.54)
[200/469]	0.0126 (0.0111)	0.0103 (0.0090)	0.225 (0.156)	94.53 (95.49)
[300/469]	0.0107 (0.0109)	0.0084 (0.0087)	0.097 (0.150)	98.44 (95.63)
[400/469]	0.0022 (0.0108)	0.0001 (0.0086)	0.134 (0.146)	94.53 (95.73)
[468/469]	0.0073 (0.0107)	0.0050 (0.0085)	0.139 (0.142)	94.79 (95.88)
 * Train Acc 95.877
 * Val Acc 96.450, Total time 0.92
validation split name: 1
 * Val Acc 0.000, Total time 0.68
validation split name: 2
 * Val Acc 0.000, Total time 0.95
validation split name: 3
 * Val Acc 6.500, Total time 0.92
validation split name: 4
 * Val Acc 73.940, Total time 0.94
validation split name: 5
 * Val Acc 91.040, Total time 0.93
validation split name: 6
 * Val Acc 94.850, Total time 0.94
validation split name: 7
 * Val Acc 96.450, Total time 0.96
====================== 8 =======================
Incremental class: Old valid output dimension: 70
Incremental class: New Valid output dimension: 80
Epoch:0
LR: 0.0001
Itr		Time		  Data		  Loss		Acc
[0/469]	0.1235 (0.1235)	0.1189 (0.1189)	6.678 (6.678)	0.00 (0.00)
[100/469]	0.0182 (0.0116)	0.0159 (0.0094)	0.346 (1.160)	85.94 (71.47)
[200/469]	0.0021 (0.0110)	0.0001 (0.0088)	0.242 (0.727)	92.97 (81.28)
[300/469]	0.0023 (0.0107)	0.0001 (0.0086)	0.182 (0.567)	93.75 (85.14)
[400/469]	0.0266 (0.0107)	0.0245 (0.0086)	0.228 (0.480)	94.53 (87.18)
[468/469]	0.0020 (0.0106)	0.0001 (0.0085)	0.182 (0.440)	96.88 (88.21)
 * Train Acc 88.210
 * Val Acc 94.980, Total time 0.95
Epoch:1
LR: 0.0001
Itr		Time		  Data		  Loss		Acc
[0/469]	0.1262 (0.1262)	0.1213 (0.1213)	0.159 (0.159)	96.09 (96.09)
[100/469]	0.0023 (0.0117)	0.0002 (0.0094)	0.216 (0.160)	90.62 (95.33)
[200/469]	0.0030 (0.0111)	0.0008 (0.0088)	0.146 (0.154)	94.53 (95.54)
[300/469]	0.0271 (0.0109)	0.0249 (0.0087)	0.098 (0.146)	96.88 (95.72)
[400/469]	0.0022 (0.0108)	0.0002 (0.0086)	0.072 (0.143)	98.44 (95.84)
[468/469]	0.0183 (0.0107)	0.0161 (0.0086)	0.121 (0.139)	96.88 (95.94)
 * Train Acc 95.943
 * Val Acc 96.820, Total time 0.95
validation split name: 1
 * Val Acc 0.000, Total time 0.69
validation split name: 2
 * Val Acc 0.000, Total time 0.95
validation split name: 3
 * Val Acc 0.280, Total time 0.95
validation split name: 4
 * Val Acc 65.340, Total time 0.94
validation split name: 5
 * Val Acc 84.230, Total time 0.93
validation split name: 6
 * Val Acc 82.510, Total time 0.94
validation split name: 7
 * Val Acc 94.950, Total time 0.94
validation split name: 8
 * Val Acc 96.820, Total time 0.94
====================== 9 =======================
Incremental class: Old valid output dimension: 80
Incremental class: New Valid output dimension: 90
Epoch:0
LR: 0.0001
Itr		Time		  Data		  Loss		Acc
[0/469]	0.1240 (0.1240)	0.1190 (0.1190)	7.138 (7.138)	0.00 (0.00)
[100/469]	0.0180 (0.0116)	0.0158 (0.0093)	0.400 (1.158)	90.62 (71.60)
[200/469]	0.0022 (0.0109)	0.0001 (0.0087)	0.260 (0.735)	92.97 (81.14)
[300/469]	0.0045 (0.0107)	0.0024 (0.0085)	0.221 (0.574)	92.97 (84.96)
[400/469]	0.0259 (0.0107)	0.0237 (0.0085)	0.217 (0.487)	92.19 (87.12)
[468/469]	0.0021 (0.0106)	0.0001 (0.0084)	0.210 (0.442)	94.79 (88.23)
 * Train Acc 88.230
 * Val Acc 94.870, Total time 0.93
Epoch:1
LR: 0.0001
Itr		Time		  Data		  Loss		Acc
[0/469]	0.1374 (0.1374)	0.1321 (0.1321)	0.149 (0.149)	96.88 (96.88)
[100/469]	0.0022 (0.0115)	0.0001 (0.0094)	0.108 (0.162)	96.88 (95.38)
[200/469]	0.0033 (0.0109)	0.0011 (0.0087)	0.133 (0.154)	96.88 (95.56)
[300/469]	0.0264 (0.0108)	0.0242 (0.0086)	0.146 (0.152)	96.09 (95.61)
[400/469]	0.0031 (0.0106)	0.0008 (0.0085)	0.150 (0.147)	96.09 (95.75)
[468/469]	0.0179 (0.0106)	0.0157 (0.0084)	0.064 (0.144)	100.00 (95.80)
 * Train Acc 95.800
 * Val Acc 96.580, Total time 0.95
validation split name: 1
 * Val Acc 0.000, Total time 0.69
validation split name: 2
 * Val Acc 0.000, Total time 0.94
validation split name: 3
 * Val Acc 0.040, Total time 0.92
validation split name: 4
 * Val Acc 27.910, Total time 0.92
validation split name: 5
 * Val Acc 74.600, Total time 0.94
validation split name: 6
 * Val Acc 80.880, Total time 0.95
validation split name: 7
 * Val Acc 88.760, Total time 0.94
validation split name: 8
 * Val Acc 93.230, Total time 0.93
validation split name: 9
 * Val Acc 96.580, Total time 0.95
====================== 10 =======================
Incremental class: Old valid output dimension: 90
Incremental class: New Valid output dimension: 100
Epoch:0
LR: 0.0001
Itr		Time		  Data		  Loss		Acc
[0/469]	0.1295 (0.1295)	0.1250 (0.1250)	6.669 (6.669)	0.00 (0.00)
[100/469]	0.0023 (0.0116)	0.0004 (0.0095)	0.282 (1.075)	91.41 (73.99)
[200/469]	0.0021 (0.0110)	0.0001 (0.0089)	0.324 (0.688)	92.97 (82.55)
[300/469]	0.0266 (0.0109)	0.0243 (0.0088)	0.148 (0.538)	96.09 (86.07)
[400/469]	0.0020 (0.0107)	0.0002 (0.0087)	0.173 (0.454)	94.53 (88.05)
[468/469]	0.0193 (0.0107)	0.0172 (0.0087)	0.240 (0.417)	92.71 (88.93)
 * Train Acc 88.933
 * Val Acc 95.130, Total time 0.97
Epoch:1
LR: 0.0001
Itr		Time		  Data		  Loss		Acc
[0/469]	0.1254 (0.1254)	0.1207 (0.1207)	0.091 (0.091)	98.44 (98.44)
[100/469]	0.0264 (0.0117)	0.0243 (0.0096)	0.172 (0.157)	95.31 (95.49)
[200/469]	0.0021 (0.0110)	0.0002 (0.0089)	0.099 (0.148)	96.09 (95.58)
[300/469]	0.0030 (0.0107)	0.0009 (0.0086)	0.197 (0.144)	94.53 (95.76)
[400/469]	0.0273 (0.0107)	0.0252 (0.0086)	0.137 (0.138)	95.31 (95.98)
[468/469]	0.0020 (0.0106)	0.0001 (0.0085)	0.072 (0.136)	97.92 (96.07)
 * Train Acc 96.072
 * Val Acc 96.660, Total time 0.93
validation split name: 1
 * Val Acc 0.000, Total time 0.69
validation split name: 2
 * Val Acc 0.000, Total time 0.95
validation split name: 3
 * Val Acc 0.000, Total time 0.94
validation split name: 4
 * Val Acc 23.920, Total time 0.94
validation split name: 5
 * Val Acc 46.150, Total time 0.95
validation split name: 6
 * Val Acc 65.800, Total time 0.94
validation split name: 7
 * Val Acc 59.680, Total time 0.95
validation split name: 8
 * Val Acc 82.050, Total time 0.94
validation split name: 9
 * Val Acc 91.920, Total time 0.97
validation split name: 10
 * Val Acc 96.660, Total time 0.94
OrderedDict([('1', OrderedDict([('1', 96.14), ('2', 10.12), ('3', 0.0), ('4', 0.0), ('5', 0.0), ('6', 0.0), ('7', 0.0), ('8', 0.0), ('9', 0.0), ('10', 0.0)])), ('2', OrderedDict([('2', 96.55), ('3', 9.61), ('4', 0.44), ('5', 0.0), ('6', 0.0), ('7', 0.0), ('8', 0.0), ('9', 0.0), ('10', 0.0)])), ('3', OrderedDict([('3', 96.56), ('4', 65.88), ('5', 17.66), ('6', 16.13), ('7', 6.5), ('8', 0.28), ('9', 0.04), ('10', 0.0)])), ('4', OrderedDict([('4', 96.55), ('5', 91.72), ('6', 80.44), ('7', 73.94), ('8', 65.34), ('9', 27.91), ('10', 23.92)])), ('5', OrderedDict([('5', 96.13), ('6', 89.44), ('7', 91.04), ('8', 84.23), ('9', 74.6), ('10', 46.15)])), ('6', OrderedDict([('6', 96.52), ('7', 94.85), ('8', 82.51), ('9', 80.88), ('10', 65.8)])), ('7', OrderedDict([('7', 96.45), ('8', 94.95), ('9', 88.76), ('10', 59.68)])), ('8', OrderedDict([('8', 96.82), ('9', 93.23), ('10', 82.05)])), ('9', OrderedDict([('9', 96.58), ('10', 91.92)])), ('10', OrderedDict([('10', 96.66)]))])
Task 1 average acc: 96.14
Task 2 average acc: 53.335
Task 3 average acc: 35.39
Task 4 average acc: 40.7175
Task 5 average acc: 41.102
Task 6 average acc: 47.08833333333333
Task 7 average acc: 51.82571428571429
Task 8 average acc: 53.01625
Task 9 average acc: 51.333333333333336
Task 10 average acc: 46.61800000000001
===Summary of experiment repeats: 2 / 5 ===
The regularization coefficient: 0.0
The last avg acc of all repeats: [47.691 46.618  0.     0.     0.   ]
mean: 18.8618 std: 23.103384638619513
MLP(
  (linear): Sequential(
    (0): Linear(in_features=1024, out_features=1000, bias=True)
    (1): ReLU(inplace=True)
    (2): Linear(in_features=1000, out_features=1000, bias=True)
    (3): ReLU(inplace=True)
  )
  (last): ModuleDict(
    (All): Linear(in_features=1000, out_features=100, bias=True)
  )
)
#parameter of model: 2126100
Task order: ['1', '2', '3', '4', '5', '6', '7', '8', '9', '10']
====================== 1 =======================
Incremental class: Old valid output dimension: ALL
Incremental class: New Valid output dimension: 10
Epoch:0
LR: 0.0001
Itr		Time		  Data		  Loss		Acc
[0/469]	0.1267 (0.1267)	0.1189 (0.1189)	2.303 (2.303)	0.78 (0.78)
[100/469]	0.0142 (0.0085)	0.0123 (0.0065)	0.308 (0.818)	90.62 (79.49)
[200/469]	0.0072 (0.0078)	0.0053 (0.0059)	0.311 (0.573)	91.41 (85.03)
[300/469]	0.0020 (0.0076)	0.0001 (0.0056)	0.096 (0.468)	99.22 (87.51)
[400/469]	0.0158 (0.0075)	0.0139 (0.0056)	0.153 (0.409)	96.88 (88.95)
[468/469]	0.0019 (0.0074)	0.0001 (0.0055)	0.120 (0.379)	95.83 (89.69)
 * Train Acc 89.693
 * Val Acc 94.730, Total time 0.70
Epoch:1
LR: 0.0001
Itr		Time		  Data		  Loss		Acc
[0/469]	0.1237 (0.1237)	0.1186 (0.1186)	0.164 (0.164)	92.19 (92.19)
[100/469]	0.0054 (0.0085)	0.0033 (0.0063)	0.154 (0.180)	96.09 (94.89)
[200/469]	0.0090 (0.0079)	0.0068 (0.0056)	0.089 (0.167)	97.66 (95.21)
[300/469]	0.0020 (0.0076)	0.0001 (0.0054)	0.154 (0.160)	95.31 (95.37)
[400/469]	0.0039 (0.0075)	0.0017 (0.0053)	0.112 (0.154)	93.75 (95.57)
[468/469]	0.0020 (0.0074)	0.0001 (0.0052)	0.161 (0.151)	96.88 (95.64)
 * Train Acc 95.635
 * Val Acc 96.370, Total time 0.69
validation split name: 1
 * Val Acc 96.370, Total time 0.70
====================== 2 =======================
Incremental class: Old valid output dimension: 10
Incremental class: New Valid output dimension: 20
Epoch:0
LR: 0.0001
Itr		Time		  Data		  Loss		Acc
[0/469]	0.1243 (0.1243)	0.1197 (0.1197)	3.155 (3.155)	0.00 (0.00)
[100/469]	0.0021 (0.0118)	0.0002 (0.0096)	0.281 (0.699)	89.84 (79.94)
[200/469]	0.0021 (0.0112)	0.0001 (0.0090)	0.216 (0.491)	92.97 (85.89)
[300/469]	0.0272 (0.0110)	0.0250 (0.0088)	0.191 (0.407)	92.97 (88.18)
[400/469]	0.0257 (0.0109)	0.0235 (0.0087)	0.151 (0.354)	94.53 (89.76)
[468/469]	0.0019 (0.0108)	0.0001 (0.0087)	0.179 (0.329)	94.79 (90.46)
 * Train Acc 90.463
 * Val Acc 95.080, Total time 0.94
Epoch:1
LR: 0.0001
Itr		Time		  Data		  Loss		Acc
[0/469]	0.1235 (0.1235)	0.1191 (0.1191)	0.201 (0.201)	92.97 (92.97)
[100/469]	0.0023 (0.0115)	0.0001 (0.0094)	0.216 (0.149)	94.53 (95.57)
[200/469]	0.0023 (0.0109)	0.0001 (0.0088)	0.142 (0.137)	96.09 (95.94)
[300/469]	0.0268 (0.0108)	0.0245 (0.0087)	0.106 (0.135)	98.44 (96.00)
[400/469]	0.0021 (0.0107)	0.0002 (0.0086)	0.140 (0.132)	97.66 (96.10)
[468/469]	0.0179 (0.0107)	0.0157 (0.0086)	0.076 (0.130)	96.88 (96.19)
 * Train Acc 96.195
 * Val Acc 96.680, Total time 0.94
validation split name: 1
 * Val Acc 14.320, Total time 0.69
validation split name: 2
 * Val Acc 96.680, Total time 0.95
====================== 3 =======================
Incremental class: Old valid output dimension: 20
Incremental class: New Valid output dimension: 30
Epoch:0
LR: 0.0001
Itr		Time		  Data		  Loss		Acc
[0/469]	0.1243 (0.1243)	0.1197 (0.1197)	4.793 (4.793)	0.00 (0.00)
[100/469]	0.0021 (0.0115)	0.0001 (0.0094)	0.262 (0.823)	92.97 (77.75)
[200/469]	0.0023 (0.0109)	0.0001 (0.0088)	0.215 (0.560)	95.31 (84.41)
[300/469]	0.0258 (0.0108)	0.0236 (0.0087)	0.261 (0.453)	90.62 (87.28)
[400/469]	0.0021 (0.0107)	0.0002 (0.0086)	0.136 (0.388)	95.31 (88.98)
[468/469]	0.0111 (0.0106)	0.0089 (0.0085)	0.252 (0.358)	94.79 (89.78)
 * Train Acc 89.780
 * Val Acc 95.250, Total time 0.92
Epoch:1
LR: 0.0001
Itr		Time		  Data		  Loss		Acc
[0/469]	0.1238 (0.1238)	0.1195 (0.1195)	0.116 (0.116)	96.88 (96.88)
[100/469]	0.0021 (0.0115)	0.0001 (0.0094)	0.115 (0.149)	95.31 (95.64)
[200/469]	0.0021 (0.0109)	0.0001 (0.0088)	0.144 (0.145)	95.31 (95.81)
[300/469]	0.0268 (0.0108)	0.0246 (0.0087)	0.096 (0.139)	97.66 (95.99)
[400/469]	0.0023 (0.0107)	0.0004 (0.0086)	0.087 (0.134)	98.44 (96.09)
[468/469]	0.0184 (0.0106)	0.0163 (0.0085)	0.067 (0.131)	96.88 (96.14)
 * Train Acc 96.138
 * Val Acc 96.730, Total time 0.99
validation split name: 1
 * Val Acc 0.000, Total time 0.69
validation split name: 2
 * Val Acc 11.930, Total time 0.95
validation split name: 3
 * Val Acc 96.730, Total time 0.94
====================== 4 =======================
Incremental class: Old valid output dimension: 30
Incremental class: New Valid output dimension: 40
Epoch:0
LR: 0.0001
Itr		Time		  Data		  Loss		Acc
[0/469]	0.1238 (0.1238)	0.1188 (0.1188)	6.934 (6.934)	0.00 (0.00)
[100/469]	0.0024 (0.0116)	0.0001 (0.0095)	0.525 (1.087)	83.59 (72.56)
[200/469]	0.0021 (0.0110)	0.0001 (0.0089)	0.221 (0.700)	95.31 (81.64)
[300/469]	0.0274 (0.0109)	0.0252 (0.0088)	0.439 (0.552)	87.50 (85.25)
[400/469]	0.0021 (0.0108)	0.0002 (0.0086)	0.177 (0.470)	92.97 (87.31)
[468/469]	0.0193 (0.0107)	0.0171 (0.0086)	0.106 (0.430)	96.88 (88.31)
 * Train Acc 88.305
 * Val Acc 94.870, Total time 0.96
Epoch:1
LR: 0.0001
Itr		Time		  Data		  Loss		Acc
[0/469]	0.1290 (0.1290)	0.1244 (0.1244)	0.239 (0.239)	93.75 (93.75)
[100/469]	0.0020 (0.0115)	0.0001 (0.0095)	0.105 (0.165)	97.66 (95.18)
[200/469]	0.0029 (0.0109)	0.0009 (0.0089)	0.111 (0.158)	96.88 (95.47)
[300/469]	0.0245 (0.0108)	0.0222 (0.0087)	0.095 (0.153)	96.88 (95.53)
[400/469]	0.0031 (0.0106)	0.0011 (0.0086)	0.147 (0.148)	97.66 (95.72)
[468/469]	0.0193 (0.0106)	0.0170 (0.0086)	0.082 (0.144)	97.92 (95.85)
 * Train Acc 95.847
 * Val Acc 96.500, Total time 0.96
validation split name: 1
 * Val Acc 0.000, Total time 0.70
validation split name: 2
 * Val Acc 0.000, Total time 0.94
validation split name: 3
 * Val Acc 52.930, Total time 0.93
validation split name: 4
 * Val Acc 96.500, Total time 0.93
====================== 5 =======================
Incremental class: Old valid output dimension: 40
Incremental class: New Valid output dimension: 50
Epoch:0
LR: 0.0001
Itr		Time		  Data		  Loss		Acc
[0/469]	0.1391 (0.1391)	0.1345 (0.1345)	8.970 (8.970)	0.00 (0.00)
[100/469]	0.0024 (0.0120)	0.0001 (0.0098)	0.421 (1.237)	89.84 (70.71)
[200/469]	0.0032 (0.0111)	0.0010 (0.0090)	0.259 (0.780)	88.28 (80.68)
[300/469]	0.0257 (0.0109)	0.0239 (0.0088)	0.271 (0.607)	92.97 (84.54)
[400/469]	0.0020 (0.0107)	0.0002 (0.0087)	0.276 (0.512)	91.41 (86.74)
[468/469]	0.0179 (0.0106)	0.0161 (0.0086)	0.215 (0.467)	93.75 (87.78)
 * Train Acc 87.778
 * Val Acc 94.510, Total time 0.93
Epoch:1
LR: 0.0001
Itr		Time		  Data		  Loss		Acc
[0/469]	0.1283 (0.1283)	0.1237 (0.1237)	0.194 (0.194)	92.97 (92.97)
[100/469]	0.0021 (0.0114)	0.0001 (0.0094)	0.163 (0.180)	96.09 (94.85)
[200/469]	0.0021 (0.0108)	0.0002 (0.0088)	0.104 (0.173)	97.66 (94.99)
[300/469]	0.0269 (0.0107)	0.0246 (0.0087)	0.086 (0.164)	98.44 (95.19)
[400/469]	0.0023 (0.0106)	0.0001 (0.0085)	0.139 (0.155)	96.09 (95.51)
[468/469]	0.0189 (0.0105)	0.0171 (0.0085)	0.050 (0.152)	97.92 (95.58)
 * Train Acc 95.577
 * Val Acc 96.230, Total time 0.95
validation split name: 1
 * Val Acc 0.000, Total time 0.70
validation split name: 2
 * Val Acc 0.000, Total time 0.95
validation split name: 3
 * Val Acc 21.760, Total time 0.93
validation split name: 4
 * Val Acc 85.120, Total time 0.93
validation split name: 5
 * Val Acc 96.230, Total time 0.94
====================== 6 =======================
Incremental class: Old valid output dimension: 50
Incremental class: New Valid output dimension: 60
Epoch:0
LR: 0.0001
Itr		Time		  Data		  Loss		Acc
[0/469]	0.1406 (0.1406)	0.1350 (0.1350)	7.158 (7.158)	0.00 (0.00)
[100/469]	0.0021 (0.0116)	0.0002 (0.0093)	0.477 (1.180)	85.16 (72.25)
[200/469]	0.0255 (0.0110)	0.0232 (0.0088)	0.317 (0.751)	90.62 (81.28)
[300/469]	0.0021 (0.0108)	0.0002 (0.0086)	0.358 (0.585)	89.84 (85.09)
[400/469]	0.0021 (0.0107)	0.0001 (0.0085)	0.255 (0.494)	91.41 (87.21)
[468/469]	0.0020 (0.0107)	0.0001 (0.0085)	0.425 (0.452)	92.71 (88.25)
 * Train Acc 88.252
 * Val Acc 94.930, Total time 0.95
Epoch:1
LR: 0.0001
Itr		Time		  Data		  Loss		Acc
[0/469]	0.1238 (0.1238)	0.1194 (0.1194)	0.275 (0.275)	92.97 (92.97)
[100/469]	0.0039 (0.0120)	0.0010 (0.0098)	0.205 (0.170)	93.75 (94.85)
[200/469]	0.0253 (0.0112)	0.0231 (0.0090)	0.073 (0.160)	96.88 (95.29)
[300/469]	0.0054 (0.0109)	0.0033 (0.0087)	0.089 (0.153)	97.66 (95.52)
[400/469]	0.0021 (0.0107)	0.0001 (0.0085)	0.089 (0.149)	96.88 (95.67)
[468/469]	0.0026 (0.0107)	0.0005 (0.0085)	0.225 (0.145)	93.75 (95.77)
 * Train Acc 95.772
 * Val Acc 96.500, Total time 0.94
validation split name: 1
 * Val Acc 0.000, Total time 0.68
validation split name: 2
 * Val Acc 0.000, Total time 0.94
validation split name: 3
 * Val Acc 6.730, Total time 0.93
validation split name: 4
 * Val Acc 75.610, Total time 0.95
validation split name: 5
 * Val Acc 93.020, Total time 0.94
validation split name: 6
 * Val Acc 96.500, Total time 0.93
====================== 7 =======================
Incremental class: Old valid output dimension: 60
Incremental class: New Valid output dimension: 70
Epoch:0
LR: 0.0001
Itr		Time		  Data		  Loss		Acc
[0/469]	0.1259 (0.1259)	0.1211 (0.1211)	6.905 (6.905)	0.00 (0.00)
[100/469]	0.0038 (0.0113)	0.0017 (0.0092)	0.351 (1.125)	91.41 (72.90)
[200/469]	0.0032 (0.0107)	0.0009 (0.0086)	0.333 (0.722)	89.84 (81.77)
[300/469]	0.0255 (0.0106)	0.0233 (0.0085)	0.333 (0.562)	94.53 (85.43)
[400/469]	0.0023 (0.0105)	0.0004 (0.0083)	0.206 (0.476)	95.31 (87.53)
[468/469]	0.0177 (0.0105)	0.0154 (0.0083)	0.352 (0.435)	91.67 (88.48)
 * Train Acc 88.485
 * Val Acc 95.020, Total time 0.94
Epoch:1
LR: 0.0001
Itr		Time		  Data		  Loss		Acc
[0/469]	0.1292 (0.1292)	0.1243 (0.1243)	0.243 (0.243)	95.31 (95.31)
[100/469]	0.0021 (0.0114)	0.0001 (0.0093)	0.138 (0.169)	96.09 (95.06)
[200/469]	0.0029 (0.0108)	0.0007 (0.0087)	0.057 (0.161)	100.00 (95.42)
[300/469]	0.0250 (0.0107)	0.0227 (0.0086)	0.165 (0.154)	94.53 (95.59)
[400/469]	0.0021 (0.0105)	0.0002 (0.0084)	0.053 (0.145)	99.22 (95.83)
[468/469]	0.0184 (0.0105)	0.0162 (0.0084)	0.157 (0.143)	94.79 (95.89)
 * Train Acc 95.888
 * Val Acc 96.580, Total time 0.96
validation split name: 1
 * Val Acc 0.000, Total time 0.68
validation split name: 2
 * Val Acc 0.000, Total time 0.94
validation split name: 3
 * Val Acc 8.430, Total time 0.94
validation split name: 4
 * Val Acc 69.670, Total time 0.93
validation split name: 5
 * Val Acc 91.580, Total time 0.95
validation split name: 6
 * Val Acc 94.370, Total time 0.94
validation split name: 7
 * Val Acc 96.580, Total time 0.93
====================== 8 =======================
Incremental class: Old valid output dimension: 70
Incremental class: New Valid output dimension: 80
Epoch:0
LR: 0.0001
Itr		Time		  Data		  Loss		Acc
[0/469]	0.1253 (0.1253)	0.1208 (0.1208)	6.529 (6.529)	0.00 (0.00)
[100/469]	0.0269 (0.0121)	0.0247 (0.0096)	0.353 (1.131)	91.41 (72.73)
[200/469]	0.0022 (0.0112)	0.0001 (0.0089)	0.329 (0.719)	92.97 (81.78)
[300/469]	0.0021 (0.0109)	0.0002 (0.0087)	0.204 (0.566)	94.53 (85.28)
[400/469]	0.0268 (0.0108)	0.0245 (0.0087)	0.216 (0.480)	93.75 (87.34)
[468/469]	0.0020 (0.0107)	0.0001 (0.0086)	0.269 (0.438)	94.79 (88.33)
 * Train Acc 88.330
 * Val Acc 94.350, Total time 0.93
Epoch:1
LR: 0.0001
Itr		Time		  Data		  Loss		Acc
[0/469]	0.1192 (0.1192)	0.1145 (0.1145)	0.370 (0.370)	90.62 (90.62)
[100/469]	0.0019 (0.0114)	0.0001 (0.0095)	0.186 (0.169)	93.75 (95.19)
[200/469]	0.0022 (0.0108)	0.0004 (0.0089)	0.116 (0.161)	95.31 (95.37)
[300/469]	0.0261 (0.0106)	0.0242 (0.0088)	0.094 (0.156)	97.66 (95.49)
[400/469]	0.0020 (0.0106)	0.0001 (0.0087)	0.162 (0.148)	97.66 (95.72)
[468/469]	0.0198 (0.0106)	0.0181 (0.0087)	0.144 (0.145)	95.83 (95.84)
 * Train Acc 95.837
 * Val Acc 96.300, Total time 0.94
validation split name: 1
 * Val Acc 0.000, Total time 0.69
validation split name: 2
 * Val Acc 0.000, Total time 0.96
validation split name: 3
 * Val Acc 3.190, Total time 0.94
validation split name: 4
 * Val Acc 65.200, Total time 0.93
validation split name: 5
 * Val Acc 87.240, Total time 0.93
validation split name: 6
 * Val Acc 82.550, Total time 0.94
validation split name: 7
 * Val Acc 90.320, Total time 0.94
validation split name: 8
 * Val Acc 96.300, Total time 0.97
====================== 9 =======================
Incremental class: Old valid output dimension: 80
Incremental class: New Valid output dimension: 90
Epoch:0
LR: 0.0001
Itr		Time		  Data		  Loss		Acc
[0/469]	0.1244 (0.1244)	0.1196 (0.1196)	6.529 (6.529)	0.00 (0.00)
[100/469]	0.0038 (0.0114)	0.0016 (0.0093)	0.286 (1.071)	92.19 (74.55)
[200/469]	0.0024 (0.0109)	0.0001 (0.0088)	0.183 (0.683)	93.75 (82.98)
[300/469]	0.0156 (0.0108)	0.0134 (0.0086)	0.193 (0.539)	94.53 (86.19)
[400/469]	0.0103 (0.0107)	0.0081 (0.0085)	0.199 (0.455)	96.88 (88.17)
[468/469]	0.0120 (0.0106)	0.0098 (0.0085)	0.066 (0.414)	97.92 (89.17)
 * Train Acc 89.168
 * Val Acc 95.010, Total time 0.94
Epoch:1
LR: 0.0001
Itr		Time		  Data		  Loss		Acc
[0/469]	0.1231 (0.1231)	0.1187 (0.1187)	0.107 (0.107)	97.66 (97.66)
[100/469]	0.0037 (0.0115)	0.0017 (0.0094)	0.140 (0.159)	96.88 (95.28)
[200/469]	0.0020 (0.0110)	0.0002 (0.0089)	0.172 (0.151)	96.09 (95.60)
[300/469]	0.0275 (0.0109)	0.0252 (0.0088)	0.220 (0.147)	94.53 (95.71)
[400/469]	0.0023 (0.0107)	0.0001 (0.0087)	0.093 (0.142)	97.66 (95.81)
[468/469]	0.0190 (0.0107)	0.0169 (0.0086)	0.078 (0.138)	96.88 (95.95)
 * Train Acc 95.955
 * Val Acc 96.570, Total time 0.95
validation split name: 1
 * Val Acc 0.000, Total time 0.70
validation split name: 2
 * Val Acc 0.000, Total time 0.96
validation split name: 3
 * Val Acc 0.470, Total time 0.95
validation split name: 4
 * Val Acc 38.900, Total time 0.93
validation split name: 5
 * Val Acc 80.780, Total time 0.94
validation split name: 6
 * Val Acc 59.660, Total time 0.94
validation split name: 7
 * Val Acc 79.210, Total time 0.95
validation split name: 8
 * Val Acc 93.970, Total time 0.94
validation split name: 9
 * Val Acc 96.570, Total time 0.95
====================== 10 =======================
Incremental class: Old valid output dimension: 90
Incremental class: New Valid output dimension: 100
Epoch:0
LR: 0.0001
Itr		Time		  Data		  Loss		Acc
[0/469]	0.1295 (0.1295)	0.1249 (0.1249)	6.641 (6.641)	0.00 (0.00)
[100/469]	0.0030 (0.0115)	0.0011 (0.0094)	0.209 (1.073)	96.09 (74.61)
[200/469]	0.0023 (0.0109)	0.0001 (0.0088)	0.222 (0.689)	94.53 (82.73)
[300/469]	0.0062 (0.0108)	0.0038 (0.0087)	0.194 (0.534)	93.75 (86.28)
[400/469]	0.0268 (0.0107)	0.0246 (0.0086)	0.309 (0.452)	91.41 (88.22)
[468/469]	0.0020 (0.0106)	0.0001 (0.0086)	0.080 (0.412)	96.88 (89.20)
 * Train Acc 89.202
 * Val Acc 95.490, Total time 0.94
Epoch:1
LR: 0.0001
Itr		Time		  Data		  Loss		Acc
[0/469]	0.1398 (0.1398)	0.1355 (0.1355)	0.134 (0.134)	96.88 (96.88)
[100/469]	0.0020 (0.0119)	0.0002 (0.0098)	0.123 (0.144)	96.88 (95.78)
[200/469]	0.0020 (0.0110)	0.0002 (0.0089)	0.107 (0.139)	96.88 (95.91)
[300/469]	0.0112 (0.0108)	0.0090 (0.0087)	0.162 (0.136)	93.75 (95.95)
[400/469]	0.0022 (0.0106)	0.0002 (0.0086)	0.134 (0.134)	95.31 (96.02)
[468/469]	0.0022 (0.0106)	0.0001 (0.0085)	0.057 (0.131)	97.92 (96.12)
 * Train Acc 96.122
 * Val Acc 96.660, Total time 0.95
validation split name: 1
 * Val Acc 0.000, Total time 0.70
validation split name: 2
 * Val Acc 0.000, Total time 0.95
validation split name: 3
 * Val Acc 1.760, Total time 0.93
validation split name: 4
 * Val Acc 23.140, Total time 0.94
validation split name: 5
 * Val Acc 66.470, Total time 0.93
validation split name: 6
 * Val Acc 19.830, Total time 0.98
validation split name: 7
 * Val Acc 67.160, Total time 0.95
validation split name: 8
 * Val Acc 51.760, Total time 0.94
validation split name: 9
 * Val Acc 87.930, Total time 0.94
validation split name: 10
 * Val Acc 96.660, Total time 0.93
OrderedDict([('1', OrderedDict([('1', 96.37), ('2', 14.32), ('3', 0.0), ('4', 0.0), ('5', 0.0), ('6', 0.0), ('7', 0.0), ('8', 0.0), ('9', 0.0), ('10', 0.0)])), ('2', OrderedDict([('2', 96.68), ('3', 11.93), ('4', 0.0), ('5', 0.0), ('6', 0.0), ('7', 0.0), ('8', 0.0), ('9', 0.0), ('10', 0.0)])), ('3', OrderedDict([('3', 96.73), ('4', 52.93), ('5', 21.76), ('6', 6.73), ('7', 8.43), ('8', 3.19), ('9', 0.47), ('10', 1.76)])), ('4', OrderedDict([('4', 96.5), ('5', 85.12), ('6', 75.61), ('7', 69.67), ('8', 65.2), ('9', 38.9), ('10', 23.14)])), ('5', OrderedDict([('5', 96.23), ('6', 93.02), ('7', 91.58), ('8', 87.24), ('9', 80.78), ('10', 66.47)])), ('6', OrderedDict([('6', 96.5), ('7', 94.37), ('8', 82.55), ('9', 59.66), ('10', 19.83)])), ('7', OrderedDict([('7', 96.58), ('8', 90.32), ('9', 79.21), ('10', 67.16)])), ('8', OrderedDict([('8', 96.3), ('9', 93.97), ('10', 51.76)])), ('9', OrderedDict([('9', 96.57), ('10', 87.93)])), ('10', OrderedDict([('10', 96.66)]))])
Task 1 average acc: 96.37
Task 2 average acc: 55.5
Task 3 average acc: 36.22
Task 4 average acc: 37.3575
Task 5 average acc: 40.622
Task 6 average acc: 45.31
Task 7 average acc: 51.51857142857143
Task 8 average acc: 53.1
Task 9 average acc: 49.95111111111111
Task 10 average acc: 41.471000000000004
===Summary of experiment repeats: 3 / 5 ===
The regularization coefficient: 0.0
The last avg acc of all repeats: [47.691 46.618 41.471  0.     0.   ]
mean: 27.156 std: 22.272276785277253
MLP(
  (linear): Sequential(
    (0): Linear(in_features=1024, out_features=1000, bias=True)
    (1): ReLU(inplace=True)
    (2): Linear(in_features=1000, out_features=1000, bias=True)
    (3): ReLU(inplace=True)
  )
  (last): ModuleDict(
    (All): Linear(in_features=1000, out_features=100, bias=True)
  )
)
#parameter of model: 2126100
Task order: ['1', '2', '3', '4', '5', '6', '7', '8', '9', '10']
====================== 1 =======================
Incremental class: Old valid output dimension: ALL
Incremental class: New Valid output dimension: 10
Epoch:0
LR: 0.0001
Itr		Time		  Data		  Loss		Acc
[0/469]	0.1180 (0.1180)	0.1113 (0.1113)	2.308 (2.308)	2.34 (2.34)
[100/469]	0.0020 (0.0081)	0.0001 (0.0062)	0.333 (0.818)	89.84 (78.85)
[200/469]	0.0021 (0.0076)	0.0002 (0.0057)	0.246 (0.567)	91.41 (84.64)
[300/469]	0.0171 (0.0075)	0.0152 (0.0056)	0.210 (0.465)	92.19 (87.17)
[400/469]	0.0020 (0.0074)	0.0001 (0.0055)	0.157 (0.408)	94.53 (88.65)
[468/469]	0.0118 (0.0073)	0.0100 (0.0054)	0.157 (0.379)	94.79 (89.44)
 * Train Acc 89.435
 * Val Acc 94.560, Total time 0.70
Epoch:1
LR: 0.0001
Itr		Time		  Data		  Loss		Acc
[0/469]	0.1247 (0.1247)	0.1202 (0.1202)	0.127 (0.127)	96.09 (96.09)
[100/469]	0.0160 (0.0088)	0.0137 (0.0066)	0.203 (0.176)	93.75 (95.03)
[200/469]	0.0020 (0.0080)	0.0001 (0.0058)	0.092 (0.172)	97.66 (95.13)
[300/469]	0.0163 (0.0077)	0.0141 (0.0056)	0.145 (0.161)	94.53 (95.39)
[400/469]	0.0020 (0.0076)	0.0001 (0.0054)	0.070 (0.153)	98.44 (95.58)
[468/469]	0.0121 (0.0075)	0.0099 (0.0054)	0.232 (0.150)	87.50 (95.66)
 * Train Acc 95.655
 * Val Acc 96.440, Total time 0.68
validation split name: 1
 * Val Acc 96.440, Total time 0.71
====================== 2 =======================
Incremental class: Old valid output dimension: 10
Incremental class: New Valid output dimension: 20
Epoch:0
LR: 0.0001
Itr		Time		  Data		  Loss		Acc
[0/469]	0.1226 (0.1226)	0.1179 (0.1179)	3.237 (3.237)	0.00 (0.00)
[100/469]	0.0022 (0.0113)	0.0002 (0.0091)	0.324 (0.714)	92.19 (79.56)
[200/469]	0.0032 (0.0109)	0.0012 (0.0087)	0.172 (0.495)	94.53 (85.67)
[300/469]	0.0267 (0.0108)	0.0244 (0.0086)	0.213 (0.407)	92.97 (88.13)
[400/469]	0.0021 (0.0107)	0.0001 (0.0085)	0.183 (0.354)	93.75 (89.64)
[468/469]	0.0191 (0.0107)	0.0170 (0.0085)	0.157 (0.327)	94.79 (90.43)
 * Train Acc 90.428
 * Val Acc 95.320, Total time 0.93
Epoch:1
LR: 0.0001
Itr		Time		  Data		  Loss		Acc
[0/469]	0.1255 (0.1255)	0.1210 (0.1210)	0.098 (0.098)	95.31 (95.31)
[100/469]	0.0025 (0.0115)	0.0001 (0.0094)	0.109 (0.140)	96.88 (95.98)
[200/469]	0.0027 (0.0110)	0.0007 (0.0088)	0.123 (0.138)	96.09 (96.00)
[300/469]	0.0271 (0.0108)	0.0247 (0.0087)	0.053 (0.133)	99.22 (96.12)
[400/469]	0.0021 (0.0107)	0.0001 (0.0086)	0.202 (0.129)	96.09 (96.24)
[468/469]	0.0188 (0.0107)	0.0168 (0.0086)	0.120 (0.129)	95.83 (96.24)
 * Train Acc 96.242
 * Val Acc 96.850, Total time 0.94
validation split name: 1
 * Val Acc 23.800, Total time 0.71
validation split name: 2
 * Val Acc 96.850, Total time 0.94
====================== 3 =======================
Incremental class: Old valid output dimension: 20
Incremental class: New Valid output dimension: 30
Epoch:0
LR: 0.0001
Itr		Time		  Data		  Loss		Acc
[0/469]	0.1259 (0.1259)	0.1213 (0.1213)	5.165 (5.165)	0.00 (0.00)
[100/469]	0.0023 (0.0113)	0.0001 (0.0093)	0.371 (0.864)	86.72 (76.82)
[200/469]	0.0021 (0.0108)	0.0001 (0.0088)	0.189 (0.586)	96.09 (83.89)
[300/469]	0.0263 (0.0107)	0.0243 (0.0087)	0.227 (0.469)	93.75 (86.99)
[400/469]	0.0019 (0.0105)	0.0001 (0.0086)	0.264 (0.405)	89.84 (88.72)
[468/469]	0.0195 (0.0105)	0.0177 (0.0086)	0.190 (0.372)	93.75 (89.57)
 * Train Acc 89.570
 * Val Acc 95.000, Total time 0.96
Epoch:1
LR: 0.0001
Itr		Time		  Data		  Loss		Acc
[0/469]	0.1320 (0.1320)	0.1271 (0.1271)	0.087 (0.087)	96.88 (96.88)
[100/469]	0.0039 (0.0114)	0.0017 (0.0093)	0.175 (0.158)	93.75 (95.46)
[200/469]	0.0033 (0.0108)	0.0010 (0.0087)	0.105 (0.147)	97.66 (95.77)
[300/469]	0.0261 (0.0107)	0.0240 (0.0086)	0.109 (0.142)	95.31 (95.90)
[400/469]	0.0020 (0.0107)	0.0001 (0.0085)	0.120 (0.136)	95.31 (96.06)
[468/469]	0.0187 (0.0106)	0.0165 (0.0085)	0.038 (0.133)	100.00 (96.17)
 * Train Acc 96.170
 * Val Acc 96.780, Total time 0.94
validation split name: 1
 * Val Acc 0.000, Total time 0.73
validation split name: 2
 * Val Acc 15.250, Total time 0.97
validation split name: 3
 * Val Acc 96.780, Total time 0.93
====================== 4 =======================
Incremental class: Old valid output dimension: 30
Incremental class: New Valid output dimension: 40
Epoch:0
LR: 0.0001
Itr		Time		  Data		  Loss		Acc
[0/469]	0.1255 (0.1255)	0.1197 (0.1197)	7.465 (7.465)	0.00 (0.00)
[100/469]	0.0033 (0.0114)	0.0012 (0.0091)	0.330 (1.154)	93.75 (71.13)
[200/469]	0.0207 (0.0109)	0.0184 (0.0087)	0.392 (0.736)	88.28 (80.80)
[300/469]	0.0080 (0.0108)	0.0055 (0.0085)	0.215 (0.579)	96.09 (84.61)
[400/469]	0.0021 (0.0107)	0.0001 (0.0084)	0.210 (0.490)	95.31 (86.89)
[468/469]	0.0020 (0.0106)	0.0001 (0.0084)	0.136 (0.447)	94.79 (87.97)
 * Train Acc 87.973
 * Val Acc 94.810, Total time 0.94
Epoch:1
LR: 0.0001
Itr		Time		  Data		  Loss		Acc
[0/469]	0.1252 (0.1252)	0.1203 (0.1203)	0.123 (0.123)	96.88 (96.88)
[100/469]	0.0028 (0.0113)	0.0009 (0.0092)	0.099 (0.165)	96.88 (95.29)
[200/469]	0.0023 (0.0108)	0.0004 (0.0087)	0.202 (0.159)	92.19 (95.36)
[300/469]	0.0153 (0.0107)	0.0126 (0.0085)	0.114 (0.153)	98.44 (95.54)
[400/469]	0.0198 (0.0106)	0.0178 (0.0085)	0.076 (0.148)	97.66 (95.69)
[468/469]	0.0020 (0.0105)	0.0001 (0.0084)	0.111 (0.146)	96.88 (95.75)
 * Train Acc 95.747
 * Val Acc 96.350, Total time 0.93
validation split name: 1
 * Val Acc 0.000, Total time 0.69
validation split name: 2
 * Val Acc 0.200, Total time 0.93
validation split name: 3
 * Val Acc 69.920, Total time 0.94
validation split name: 4
 * Val Acc 96.350, Total time 0.92
====================== 5 =======================
Incremental class: Old valid output dimension: 40
Incremental class: New Valid output dimension: 50
Epoch:0
LR: 0.0001
Itr		Time		  Data		  Loss		Acc
[0/469]	0.1196 (0.1196)	0.1149 (0.1149)	7.494 (7.494)	0.00 (0.00)
[100/469]	0.0020 (0.0114)	0.0001 (0.0095)	0.287 (1.186)	89.84 (70.96)
[200/469]	0.0020 (0.0108)	0.0001 (0.0089)	0.256 (0.753)	92.97 (80.78)
[300/469]	0.0252 (0.0107)	0.0233 (0.0088)	0.311 (0.590)	90.62 (84.66)
[400/469]	0.0037 (0.0106)	0.0018 (0.0087)	0.216 (0.498)	92.97 (86.90)
[468/469]	0.0186 (0.0105)	0.0168 (0.0087)	0.102 (0.455)	95.83 (87.89)
 * Train Acc 87.892
 * Val Acc 94.680, Total time 0.95
Epoch:1
LR: 0.0001
Itr		Time		  Data		  Loss		Acc
[0/469]	0.1247 (0.1247)	0.1200 (0.1200)	0.120 (0.120)	97.66 (97.66)
[100/469]	0.0038 (0.0116)	0.0016 (0.0095)	0.104 (0.164)	97.66 (95.50)
[200/469]	0.0022 (0.0111)	0.0001 (0.0090)	0.221 (0.156)	96.09 (95.65)
[300/469]	0.0170 (0.0110)	0.0148 (0.0088)	0.114 (0.152)	96.09 (95.75)
[400/469]	0.0247 (0.0109)	0.0226 (0.0087)	0.208 (0.150)	92.19 (95.76)
[468/469]	0.0020 (0.0108)	0.0001 (0.0087)	0.077 (0.146)	100.00 (95.89)
 * Train Acc 95.885
 * Val Acc 96.490, Total time 0.93
validation split name: 1
 * Val Acc 0.000, Total time 0.68
validation split name: 2
 * Val Acc 0.230, Total time 0.94
validation split name: 3
 * Val Acc 37.190, Total time 0.93
validation split name: 4
 * Val Acc 91.470, Total time 0.94
validation split name: 5
 * Val Acc 96.490, Total time 0.94
====================== 6 =======================
Incremental class: Old valid output dimension: 50
Incremental class: New Valid output dimension: 60
Epoch:0
LR: 0.0001
Itr		Time		  Data		  Loss		Acc
[0/469]	0.1395 (0.1395)	0.1344 (0.1344)	7.169 (7.169)	0.00 (0.00)
[100/469]	0.0019 (0.0120)	0.0001 (0.0100)	0.274 (1.118)	91.41 (72.69)
[200/469]	0.0019 (0.0111)	0.0001 (0.0091)	0.265 (0.722)	92.19 (81.65)
[300/469]	0.0267 (0.0108)	0.0249 (0.0089)	0.190 (0.568)	92.97 (85.25)
[400/469]	0.0019 (0.0106)	0.0001 (0.0088)	0.242 (0.478)	96.09 (87.40)
[468/469]	0.0190 (0.0106)	0.0172 (0.0087)	0.272 (0.436)	92.71 (88.46)
 * Train Acc 88.457
 * Val Acc 95.030, Total time 0.95
Epoch:1
LR: 0.0001
Itr		Time		  Data		  Loss		Acc
[0/469]	0.1209 (0.1209)	0.1160 (0.1160)	0.175 (0.175)	95.31 (95.31)
[100/469]	0.0060 (0.0114)	0.0039 (0.0092)	0.174 (0.167)	96.09 (95.06)
[200/469]	0.0021 (0.0108)	0.0002 (0.0086)	0.084 (0.159)	98.44 (95.34)
[300/469]	0.0103 (0.0107)	0.0080 (0.0084)	0.087 (0.152)	98.44 (95.51)
[400/469]	0.0195 (0.0106)	0.0173 (0.0084)	0.100 (0.148)	96.88 (95.66)
[468/469]	0.0020 (0.0105)	0.0001 (0.0083)	0.072 (0.143)	96.88 (95.81)
 * Train Acc 95.810
 * Val Acc 96.450, Total time 0.93
validation split name: 1
 * Val Acc 0.000, Total time 0.68
validation split name: 2
 * Val Acc 0.040, Total time 0.96
validation split name: 3
 * Val Acc 12.190, Total time 0.95
validation split name: 4
 * Val Acc 80.710, Total time 0.94
validation split name: 5
 * Val Acc 92.660, Total time 0.94
validation split name: 6
 * Val Acc 96.450, Total time 0.94
====================== 7 =======================
Incremental class: Old valid output dimension: 60
Incremental class: New Valid output dimension: 70
Epoch:0
LR: 0.0001
Itr		Time		  Data		  Loss		Acc
[0/469]	0.1323 (0.1323)	0.1278 (0.1278)	6.920 (6.920)	0.00 (0.00)
[100/469]	0.0037 (0.0115)	0.0018 (0.0095)	0.378 (1.175)	89.84 (71.41)
[200/469]	0.0020 (0.0109)	0.0001 (0.0089)	0.228 (0.742)	92.97 (81.08)
[300/469]	0.0242 (0.0107)	0.0222 (0.0088)	0.146 (0.579)	96.09 (84.84)
[400/469]	0.0037 (0.0106)	0.0018 (0.0087)	0.160 (0.487)	93.75 (87.13)
[468/469]	0.0176 (0.0106)	0.0158 (0.0086)	0.144 (0.446)	95.83 (88.14)
 * Train Acc 88.138
 * Val Acc 94.670, Total time 0.94
Epoch:1
LR: 0.0001
Itr		Time		  Data		  Loss		Acc
[0/469]	0.1247 (0.1247)	0.1197 (0.1197)	0.176 (0.176)	92.19 (92.19)
[100/469]	0.0024 (0.0114)	0.0001 (0.0093)	0.217 (0.166)	93.75 (95.17)
[200/469]	0.0021 (0.0108)	0.0002 (0.0087)	0.065 (0.159)	98.44 (95.41)
[300/469]	0.0259 (0.0107)	0.0237 (0.0085)	0.090 (0.153)	96.88 (95.50)
[400/469]	0.0021 (0.0106)	0.0002 (0.0084)	0.125 (0.147)	94.53 (95.69)
[468/469]	0.0193 (0.0105)	0.0171 (0.0084)	0.117 (0.143)	96.88 (95.79)
 * Train Acc 95.792
 * Val Acc 96.510, Total time 0.98
validation split name: 1
 * Val Acc 0.000, Total time 0.69
validation split name: 2
 * Val Acc 0.000, Total time 0.98
validation split name: 3
 * Val Acc 5.560, Total time 0.93
validation split name: 4
 * Val Acc 73.910, Total time 0.94
validation split name: 5
 * Val Acc 80.600, Total time 0.94
validation split name: 6
 * Val Acc 90.860, Total time 0.95
validation split name: 7
 * Val Acc 96.510, Total time 0.94
====================== 8 =======================
Incremental class: Old valid output dimension: 70
Incremental class: New Valid output dimension: 80
Epoch:0
LR: 0.0001
Itr		Time		  Data		  Loss		Acc
[0/469]	0.1333 (0.1333)	0.1282 (0.1282)	6.788 (6.788)	0.00 (0.00)
[100/469]	0.0042 (0.0114)	0.0022 (0.0093)	0.318 (1.160)	89.06 (72.35)
[200/469]	0.0021 (0.0108)	0.0001 (0.0087)	0.198 (0.735)	96.09 (81.70)
[300/469]	0.0253 (0.0107)	0.0232 (0.0085)	0.200 (0.571)	92.97 (85.39)
[400/469]	0.0021 (0.0105)	0.0001 (0.0084)	0.222 (0.480)	92.97 (87.50)
[468/469]	0.0176 (0.0105)	0.0157 (0.0084)	0.126 (0.439)	97.92 (88.50)
 * Train Acc 88.495
 * Val Acc 94.990, Total time 0.95
Epoch:1
LR: 0.0001
Itr		Time		  Data		  Loss		Acc
[0/469]	0.1252 (0.1252)	0.1206 (0.1206)	0.181 (0.181)	95.31 (95.31)
[100/469]	0.0265 (0.0119)	0.0242 (0.0098)	0.204 (0.161)	93.75 (95.34)
[200/469]	0.0021 (0.0112)	0.0001 (0.0090)	0.073 (0.155)	97.66 (95.46)
[300/469]	0.0023 (0.0109)	0.0001 (0.0087)	0.060 (0.147)	97.66 (95.72)
[400/469]	0.0268 (0.0108)	0.0246 (0.0087)	0.118 (0.142)	97.66 (95.82)
[468/469]	0.0020 (0.0107)	0.0001 (0.0086)	0.173 (0.140)	93.75 (95.88)
 * Train Acc 95.875
 * Val Acc 96.440, Total time 0.93
validation split name: 1
 * Val Acc 0.000, Total time 0.70
validation split name: 2
 * Val Acc 0.000, Total time 0.96
validation split name: 3
 * Val Acc 0.370, Total time 0.97
validation split name: 4
 * Val Acc 60.340, Total time 0.96
validation split name: 5
 * Val Acc 81.210, Total time 0.95
validation split name: 6
 * Val Acc 90.520, Total time 0.94
validation split name: 7
 * Val Acc 94.700, Total time 0.95
validation split name: 8
 * Val Acc 96.440, Total time 0.93
====================== 9 =======================
Incremental class: Old valid output dimension: 80
Incremental class: New Valid output dimension: 90
Epoch:0
LR: 0.0001
Itr		Time		  Data		  Loss		Acc
[0/469]	0.1237 (0.1237)	0.1189 (0.1189)	6.353 (6.353)	0.00 (0.00)
[100/469]	0.0030 (0.0114)	0.0008 (0.0092)	0.355 (1.088)	89.84 (73.43)
[200/469]	0.0021 (0.0108)	0.0002 (0.0086)	0.189 (0.701)	96.09 (82.09)
[300/469]	0.0246 (0.0107)	0.0224 (0.0085)	0.246 (0.545)	92.19 (85.77)
[400/469]	0.0037 (0.0106)	0.0015 (0.0084)	0.139 (0.461)	95.31 (87.83)
[468/469]	0.0179 (0.0105)	0.0157 (0.0084)	0.146 (0.420)	94.79 (88.80)
 * Train Acc 88.797
 * Val Acc 95.150, Total time 0.95
Epoch:1
LR: 0.0001
Itr		Time		  Data		  Loss		Acc
[0/469]	0.1221 (0.1221)	0.1174 (0.1174)	0.163 (0.163)	96.09 (96.09)
[100/469]	0.0021 (0.0117)	0.0001 (0.0096)	0.160 (0.158)	96.09 (95.53)
[200/469]	0.0022 (0.0111)	0.0002 (0.0090)	0.101 (0.153)	95.31 (95.59)
[300/469]	0.0262 (0.0109)	0.0241 (0.0088)	0.079 (0.144)	98.44 (95.83)
[400/469]	0.0022 (0.0107)	0.0001 (0.0086)	0.060 (0.138)	99.22 (96.00)
[468/469]	0.0189 (0.0106)	0.0168 (0.0086)	0.143 (0.135)	95.83 (96.11)
 * Train Acc 96.105
 * Val Acc 96.600, Total time 0.92
validation split name: 1
 * Val Acc 0.000, Total time 0.68
validation split name: 2
 * Val Acc 0.000, Total time 0.94
validation split name: 3
 * Val Acc 1.340, Total time 0.94
validation split name: 4
 * Val Acc 55.960, Total time 0.94
validation split name: 5
 * Val Acc 62.600, Total time 0.95
validation split name: 6
 * Val Acc 52.310, Total time 0.95
validation split name: 7
 * Val Acc 87.010, Total time 0.94
validation split name: 8
 * Val Acc 94.100, Total time 0.94
validation split name: 9
 * Val Acc 96.600, Total time 0.93
====================== 10 =======================
Incremental class: Old valid output dimension: 90
Incremental class: New Valid output dimension: 100
Epoch:0
LR: 0.0001
Itr		Time		  Data		  Loss		Acc
[0/469]	0.1259 (0.1259)	0.1209 (0.1209)	7.368 (7.368)	0.00 (0.00)
[100/469]	0.0029 (0.0114)	0.0010 (0.0094)	0.354 (1.141)	89.06 (72.25)
[200/469]	0.0021 (0.0108)	0.0002 (0.0089)	0.180 (0.722)	93.75 (81.61)
[300/469]	0.0268 (0.0107)	0.0246 (0.0087)	0.221 (0.561)	95.31 (85.36)
[400/469]	0.0023 (0.0106)	0.0001 (0.0086)	0.213 (0.472)	96.09 (87.50)
[468/469]	0.0190 (0.0105)	0.0171 (0.0086)	0.328 (0.431)	90.62 (88.49)
 * Train Acc 88.492
 * Val Acc 94.940, Total time 0.94
Epoch:1
LR: 0.0001
Itr		Time		  Data		  Loss		Acc
[0/469]	0.1258 (0.1258)	0.1212 (0.1212)	0.257 (0.257)	94.53 (94.53)
[100/469]	0.0264 (0.0118)	0.0243 (0.0097)	0.192 (0.158)	94.53 (95.47)
[200/469]	0.0020 (0.0110)	0.0001 (0.0089)	0.120 (0.149)	96.88 (95.73)
[300/469]	0.0021 (0.0107)	0.0001 (0.0086)	0.131 (0.144)	96.88 (95.80)
[400/469]	0.0255 (0.0106)	0.0233 (0.0085)	0.141 (0.140)	96.09 (95.93)
[468/469]	0.0020 (0.0106)	0.0001 (0.0085)	0.202 (0.137)	92.71 (96.01)
 * Train Acc 96.008
 * Val Acc 96.650, Total time 0.94
validation split name: 1
 * Val Acc 0.000, Total time 0.69
validation split name: 2
 * Val Acc 0.000, Total time 0.95
validation split name: 3
 * Val Acc 0.000, Total time 0.94
validation split name: 4
 * Val Acc 31.980, Total time 0.94
validation split name: 5
 * Val Acc 53.910, Total time 0.94
validation split name: 6
 * Val Acc 38.580, Total time 0.95
validation split name: 7
 * Val Acc 61.560, Total time 0.95
validation split name: 8
 * Val Acc 61.530, Total time 0.97
validation split name: 9
 * Val Acc 85.440, Total time 0.93
validation split name: 10
 * Val Acc 96.650, Total time 0.94
OrderedDict([('1', OrderedDict([('1', 96.44), ('2', 23.8), ('3', 0.0), ('4', 0.0), ('5', 0.0), ('6', 0.0), ('7', 0.0), ('8', 0.0), ('9', 0.0), ('10', 0.0)])), ('2', OrderedDict([('2', 96.85), ('3', 15.25), ('4', 0.2), ('5', 0.23), ('6', 0.04), ('7', 0.0), ('8', 0.0), ('9', 0.0), ('10', 0.0)])), ('3', OrderedDict([('3', 96.78), ('4', 69.92), ('5', 37.19), ('6', 12.19), ('7', 5.56), ('8', 0.37), ('9', 1.34), ('10', 0.0)])), ('4', OrderedDict([('4', 96.35), ('5', 91.47), ('6', 80.71), ('7', 73.91), ('8', 60.34), ('9', 55.96), ('10', 31.98)])), ('5', OrderedDict([('5', 96.49), ('6', 92.66), ('7', 80.6), ('8', 81.21), ('9', 62.6), ('10', 53.91)])), ('6', OrderedDict([('6', 96.45), ('7', 90.86), ('8', 90.52), ('9', 52.31), ('10', 38.58)])), ('7', OrderedDict([('7', 96.51), ('8', 94.7), ('9', 87.01), ('10', 61.56)])), ('8', OrderedDict([('8', 96.44), ('9', 94.1), ('10', 61.53)])), ('9', OrderedDict([('9', 96.6), ('10', 85.44)])), ('10', OrderedDict([('10', 96.65)]))])
Task 1 average acc: 96.44
Task 2 average acc: 60.324999999999996
Task 3 average acc: 37.343333333333334
Task 4 average acc: 41.6175
Task 5 average acc: 45.076
Task 6 average acc: 47.00833333333333
Task 7 average acc: 49.63428571428572
Task 8 average acc: 52.9475
Task 9 average acc: 49.99111111111112
Task 10 average acc: 42.964999999999996
===Summary of experiment repeats: 4 / 5 ===
The regularization coefficient: 0.0
The last avg acc of all repeats: [47.691 46.618 41.471 42.965  0.   ]
mean: 35.749 std: 18.019708466010208
MLP(
  (linear): Sequential(
    (0): Linear(in_features=1024, out_features=1000, bias=True)
    (1): ReLU(inplace=True)
    (2): Linear(in_features=1000, out_features=1000, bias=True)
    (3): ReLU(inplace=True)
  )
  (last): ModuleDict(
    (All): Linear(in_features=1000, out_features=100, bias=True)
  )
)
#parameter of model: 2126100
Task order: ['1', '2', '3', '4', '5', '6', '7', '8', '9', '10']
====================== 1 =======================
Incremental class: Old valid output dimension: ALL
Incremental class: New Valid output dimension: 10
Epoch:0
LR: 0.0001
Itr		Time		  Data		  Loss		Acc
[0/469]	0.1193 (0.1193)	0.1122 (0.1122)	2.298 (2.298)	0.00 (0.00)
[100/469]	0.0054 (0.0085)	0.0031 (0.0062)	0.369 (0.812)	87.50 (79.18)
[200/469]	0.0110 (0.0078)	0.0087 (0.0056)	0.291 (0.569)	89.06 (84.92)
[300/469]	0.0022 (0.0077)	0.0001 (0.0055)	0.146 (0.467)	95.31 (87.37)
[400/469]	0.0021 (0.0076)	0.0001 (0.0053)	0.231 (0.409)	93.75 (88.77)
[468/469]	0.0020 (0.0075)	0.0001 (0.0053)	0.149 (0.379)	96.88 (89.53)
 * Train Acc 89.527
 * Val Acc 94.590, Total time 0.70
Epoch:1
LR: 0.0001
Itr		Time		  Data		  Loss		Acc
[0/469]	0.1153 (0.1153)	0.1102 (0.1102)	0.206 (0.206)	92.19 (92.19)
[100/469]	0.0039 (0.0081)	0.0017 (0.0059)	0.117 (0.182)	97.66 (94.79)
[200/469]	0.0028 (0.0076)	0.0008 (0.0054)	0.092 (0.170)	97.66 (95.06)
[300/469]	0.0141 (0.0075)	0.0121 (0.0053)	0.176 (0.162)	96.09 (95.30)
[400/469]	0.0020 (0.0073)	0.0001 (0.0052)	0.160 (0.158)	95.31 (95.45)
[468/469]	0.0027 (0.0073)	0.0007 (0.0052)	0.095 (0.153)	96.88 (95.55)
 * Train Acc 95.548
 * Val Acc 96.400, Total time 0.69
validation split name: 1
 * Val Acc 96.400, Total time 0.70
====================== 2 =======================
Incremental class: Old valid output dimension: 10
Incremental class: New Valid output dimension: 20
Epoch:0
LR: 0.0001
Itr		Time		  Data		  Loss		Acc
[0/469]	0.1342 (0.1342)	0.1296 (0.1296)	3.091 (3.091)	0.00 (0.00)
[100/469]	0.0021 (0.0114)	0.0001 (0.0093)	0.444 (0.696)	87.50 (79.57)
[200/469]	0.0021 (0.0108)	0.0001 (0.0087)	0.240 (0.489)	94.53 (85.60)
[300/469]	0.0262 (0.0107)	0.0241 (0.0086)	0.308 (0.405)	90.62 (88.03)
[400/469]	0.0020 (0.0105)	0.0001 (0.0085)	0.179 (0.352)	94.53 (89.65)
[468/469]	0.0184 (0.0105)	0.0163 (0.0084)	0.207 (0.326)	95.83 (90.36)
 * Train Acc 90.365
 * Val Acc 95.410, Total time 0.94
Epoch:1
LR: 0.0001
Itr		Time		  Data		  Loss		Acc
[0/469]	0.1438 (0.1438)	0.1389 (0.1389)	0.114 (0.114)	96.09 (96.09)
[100/469]	0.0021 (0.0125)	0.0001 (0.0100)	0.162 (0.146)	97.66 (95.84)
[200/469]	0.0022 (0.0118)	0.0001 (0.0094)	0.078 (0.140)	99.22 (96.02)
[300/469]	0.0274 (0.0114)	0.0252 (0.0091)	0.136 (0.137)	96.88 (96.07)
[400/469]	0.0022 (0.0112)	0.0001 (0.0089)	0.135 (0.131)	94.53 (96.24)
[468/469]	0.0193 (0.0111)	0.0173 (0.0088)	0.112 (0.129)	95.83 (96.31)
 * Train Acc 96.307
 * Val Acc 96.660, Total time 0.94
validation split name: 1
 * Val Acc 20.040, Total time 0.68
validation split name: 2
 * Val Acc 96.660, Total time 0.94
====================== 3 =======================
Incremental class: Old valid output dimension: 20
Incremental class: New Valid output dimension: 30
Epoch:0
LR: 0.0001
Itr		Time		  Data		  Loss		Acc
[0/469]	0.1254 (0.1254)	0.1209 (0.1209)	4.639 (4.639)	0.00 (0.00)
[100/469]	0.0030 (0.0114)	0.0011 (0.0093)	0.247 (0.841)	92.19 (77.61)
[200/469]	0.0023 (0.0110)	0.0001 (0.0088)	0.418 (0.567)	85.94 (84.58)
[300/469]	0.0023 (0.0108)	0.0001 (0.0086)	0.269 (0.453)	93.75 (87.54)
[400/469]	0.0266 (0.0108)	0.0247 (0.0086)	0.212 (0.389)	92.97 (89.21)
[468/469]	0.0019 (0.0107)	0.0001 (0.0086)	0.182 (0.360)	94.79 (89.97)
 * Train Acc 89.968
 * Val Acc 95.500, Total time 0.94
Epoch:1
LR: 0.0001
Itr		Time		  Data		  Loss		Acc
[0/469]	0.1389 (0.1389)	0.1343 (0.1343)	0.091 (0.091)	98.44 (98.44)
[100/469]	0.0024 (0.0120)	0.0001 (0.0099)	0.181 (0.156)	94.53 (95.41)
[200/469]	0.0030 (0.0112)	0.0009 (0.0091)	0.076 (0.148)	97.66 (95.64)
[300/469]	0.0267 (0.0110)	0.0245 (0.0089)	0.065 (0.138)	99.22 (95.93)
[400/469]	0.0021 (0.0108)	0.0001 (0.0087)	0.075 (0.133)	96.88 (96.06)
[468/469]	0.0188 (0.0107)	0.0170 (0.0086)	0.041 (0.129)	100.00 (96.19)
 * Train Acc 96.190
 * Val Acc 96.560, Total time 0.93
validation split name: 1
 * Val Acc 0.000, Total time 0.69
validation split name: 2
 * Val Acc 8.420, Total time 0.96
validation split name: 3
 * Val Acc 96.560, Total time 0.95
====================== 4 =======================
Incremental class: Old valid output dimension: 30
Incremental class: New Valid output dimension: 40
Epoch:0
LR: 0.0001
Itr		Time		  Data		  Loss		Acc
[0/469]	0.1268 (0.1268)	0.1210 (0.1210)	7.080 (7.080)	0.00 (0.00)
[100/469]	0.0019 (0.0114)	0.0002 (0.0093)	0.359 (1.072)	89.06 (73.22)
[200/469]	0.0027 (0.0108)	0.0008 (0.0088)	0.141 (0.686)	96.09 (82.22)
[300/469]	0.0260 (0.0107)	0.0241 (0.0088)	0.200 (0.542)	93.75 (85.69)
[400/469]	0.0020 (0.0106)	0.0001 (0.0087)	0.231 (0.461)	92.97 (87.70)
[468/469]	0.0193 (0.0105)	0.0175 (0.0086)	0.303 (0.423)	91.67 (88.64)
 * Train Acc 88.643
 * Val Acc 94.850, Total time 0.95
Epoch:1
LR: 0.0001
Itr		Time		  Data		  Loss		Acc
[0/469]	0.1249 (0.1249)	0.1194 (0.1194)	0.209 (0.209)	94.53 (94.53)
[100/469]	0.0062 (0.0114)	0.0040 (0.0092)	0.102 (0.156)	96.09 (95.43)
[200/469]	0.0021 (0.0108)	0.0002 (0.0086)	0.131 (0.152)	95.31 (95.57)
[300/469]	0.0259 (0.0107)	0.0238 (0.0085)	0.286 (0.151)	90.62 (95.60)
[400/469]	0.0020 (0.0106)	0.0001 (0.0084)	0.141 (0.147)	96.09 (95.74)
[468/469]	0.0195 (0.0106)	0.0172 (0.0084)	0.071 (0.143)	98.96 (95.84)
 * Train Acc 95.838
 * Val Acc 96.440, Total time 0.93
validation split name: 1
 * Val Acc 0.000, Total time 0.69
validation split name: 2
 * Val Acc 0.000, Total time 0.99
validation split name: 3
 * Val Acc 48.730, Total time 0.94
validation split name: 4
 * Val Acc 96.440, Total time 0.98
====================== 5 =======================
Incremental class: Old valid output dimension: 40
Incremental class: New Valid output dimension: 50
Epoch:0
LR: 0.0001
Itr		Time		  Data		  Loss		Acc
[0/469]	0.1273 (0.1273)	0.1224 (0.1224)	8.154 (8.154)	0.00 (0.00)
[100/469]	0.0030 (0.0114)	0.0008 (0.0092)	0.290 (1.233)	91.41 (70.22)
[200/469]	0.0023 (0.0108)	0.0001 (0.0086)	0.262 (0.784)	89.84 (80.26)
[300/469]	0.0265 (0.0107)	0.0243 (0.0085)	0.240 (0.608)	93.75 (84.35)
[400/469]	0.0022 (0.0106)	0.0001 (0.0084)	0.190 (0.515)	92.19 (86.51)
[468/469]	0.0187 (0.0105)	0.0168 (0.0084)	0.218 (0.470)	95.83 (87.61)
 * Train Acc 87.613
 * Val Acc 94.430, Total time 0.95
Epoch:1
LR: 0.0001
Itr		Time		  Data		  Loss		Acc
[0/469]	0.1233 (0.1233)	0.1194 (0.1194)	0.138 (0.138)	96.88 (96.88)
[100/469]	0.0020 (0.0115)	0.0001 (0.0095)	0.173 (0.178)	95.31 (94.96)
[200/469]	0.0022 (0.0109)	0.0001 (0.0089)	0.108 (0.167)	97.66 (95.18)
[300/469]	0.0257 (0.0108)	0.0234 (0.0088)	0.177 (0.160)	96.09 (95.31)
[400/469]	0.0021 (0.0106)	0.0001 (0.0086)	0.160 (0.155)	92.97 (95.54)
[468/469]	0.0183 (0.0106)	0.0162 (0.0086)	0.129 (0.153)	94.79 (95.58)
 * Train Acc 95.578
 * Val Acc 96.250, Total time 0.94
validation split name: 1
 * Val Acc 0.000, Total time 0.70
validation split name: 2
 * Val Acc 0.000, Total time 0.92
validation split name: 3
 * Val Acc 12.380, Total time 0.94
validation split name: 4
 * Val Acc 83.140, Total time 0.93
validation split name: 5
 * Val Acc 96.250, Total time 0.94
====================== 6 =======================
Incremental class: Old valid output dimension: 50
Incremental class: New Valid output dimension: 60
Epoch:0
LR: 0.0001
Itr		Time		  Data		  Loss		Acc
[0/469]	0.1244 (0.1244)	0.1197 (0.1197)	7.948 (7.948)	0.00 (0.00)
[100/469]	0.0031 (0.0113)	0.0008 (0.0092)	0.361 (1.185)	89.84 (70.71)
[200/469]	0.0021 (0.0108)	0.0002 (0.0086)	0.234 (0.752)	92.19 (80.67)
[300/469]	0.0260 (0.0107)	0.0238 (0.0085)	0.234 (0.589)	93.75 (84.55)
[400/469]	0.0040 (0.0106)	0.0018 (0.0084)	0.189 (0.495)	92.97 (86.79)
[468/469]	0.0180 (0.0105)	0.0160 (0.0084)	0.117 (0.452)	94.79 (87.86)
 * Train Acc 87.858
 * Val Acc 95.130, Total time 0.94
Epoch:1
LR: 0.0001
Itr		Time		  Data		  Loss		Acc
[0/469]	0.1284 (0.1284)	0.1238 (0.1238)	0.182 (0.182)	94.53 (94.53)
[100/469]	0.0021 (0.0113)	0.0001 (0.0092)	0.106 (0.167)	97.66 (95.17)
[200/469]	0.0021 (0.0107)	0.0001 (0.0086)	0.136 (0.159)	94.53 (95.29)
[300/469]	0.0133 (0.0106)	0.0111 (0.0085)	0.116 (0.154)	96.09 (95.47)
[400/469]	0.0250 (0.0105)	0.0229 (0.0084)	0.126 (0.148)	95.31 (95.67)
[468/469]	0.0020 (0.0104)	0.0001 (0.0083)	0.127 (0.144)	97.92 (95.75)
 * Train Acc 95.747
 * Val Acc 96.520, Total time 0.94
validation split name: 1
 * Val Acc 0.000, Total time 0.71
validation split name: 2
 * Val Acc 0.000, Total time 0.94
validation split name: 3
 * Val Acc 15.660, Total time 0.94
validation split name: 4
 * Val Acc 81.500, Total time 0.94
validation split name: 5
 * Val Acc 87.820, Total time 0.96
validation split name: 6
 * Val Acc 96.520, Total time 0.93
====================== 7 =======================
Incremental class: Old valid output dimension: 60
Incremental class: New Valid output dimension: 70
Epoch:0
LR: 0.0001
Itr		Time		  Data		  Loss		Acc
[0/469]	0.1323 (0.1323)	0.1277 (0.1277)	8.528 (8.528)	0.00 (0.00)
[100/469]	0.0031 (0.0115)	0.0009 (0.0093)	0.331 (1.250)	88.28 (68.43)
[200/469]	0.0024 (0.0110)	0.0001 (0.0088)	0.438 (0.788)	90.62 (79.39)
[300/469]	0.0061 (0.0108)	0.0038 (0.0086)	0.178 (0.615)	94.53 (83.59)
[400/469]	0.0250 (0.0107)	0.0227 (0.0085)	0.193 (0.520)	95.31 (85.95)
[468/469]	0.0020 (0.0106)	0.0001 (0.0084)	0.183 (0.473)	93.75 (87.14)
 * Train Acc 87.145
 * Val Acc 94.330, Total time 0.96
Epoch:1
LR: 0.0001
Itr		Time		  Data		  Loss		Acc
[0/469]	0.1286 (0.1286)	0.1237 (0.1237)	0.259 (0.259)	92.19 (92.19)
[100/469]	0.0021 (0.0114)	0.0002 (0.0093)	0.167 (0.186)	94.53 (94.55)
[200/469]	0.0211 (0.0109)	0.0189 (0.0088)	0.169 (0.169)	94.53 (95.09)
[300/469]	0.0095 (0.0107)	0.0072 (0.0086)	0.163 (0.163)	94.53 (95.15)
[400/469]	0.0021 (0.0106)	0.0001 (0.0085)	0.163 (0.156)	95.31 (95.37)
[468/469]	0.0027 (0.0106)	0.0006 (0.0084)	0.084 (0.153)	97.92 (95.46)
 * Train Acc 95.458
 * Val Acc 96.210, Total time 0.93
validation split name: 1
 * Val Acc 0.000, Total time 0.71
validation split name: 2
 * Val Acc 0.000, Total time 0.95
validation split name: 3
 * Val Acc 3.260, Total time 0.96
validation split name: 4
 * Val Acc 74.540, Total time 0.93
validation split name: 5
 * Val Acc 89.720, Total time 0.92
validation split name: 6
 * Val Acc 87.940, Total time 0.99
validation split name: 7
 * Val Acc 96.210, Total time 0.95
====================== 8 =======================
Incremental class: Old valid output dimension: 70
Incremental class: New Valid output dimension: 80
Epoch:0
LR: 0.0001
Itr		Time		  Data		  Loss		Acc
[0/469]	0.1350 (0.1350)	0.1302 (0.1302)	6.037 (6.037)	0.00 (0.00)
[100/469]	0.0020 (0.0115)	0.0001 (0.0095)	0.334 (1.101)	90.62 (73.47)
[200/469]	0.0022 (0.0109)	0.0001 (0.0088)	0.212 (0.706)	91.41 (82.08)
[300/469]	0.0230 (0.0108)	0.0208 (0.0087)	0.221 (0.553)	92.97 (85.61)
[400/469]	0.0082 (0.0107)	0.0059 (0.0086)	0.112 (0.467)	96.88 (87.67)
[468/469]	0.0029 (0.0106)	0.0008 (0.0085)	0.102 (0.427)	97.92 (88.64)
 * Train Acc 88.635
 * Val Acc 95.080, Total time 0.94
Epoch:1
LR: 0.0001
Itr		Time		  Data		  Loss		Acc
[0/469]	0.1381 (0.1381)	0.1332 (0.1332)	0.151 (0.151)	96.88 (96.88)
[100/469]	0.0056 (0.0120)	0.0033 (0.0098)	0.094 (0.155)	96.09 (95.61)
[200/469]	0.0023 (0.0111)	0.0001 (0.0089)	0.220 (0.154)	92.97 (95.58)
[300/469]	0.0210 (0.0109)	0.0189 (0.0087)	0.090 (0.146)	98.44 (95.75)
[400/469]	0.0094 (0.0107)	0.0073 (0.0086)	0.106 (0.141)	96.88 (95.89)
[468/469]	0.0122 (0.0106)	0.0100 (0.0085)	0.093 (0.137)	97.92 (96.00)
 * Train Acc 96.000
 * Val Acc 96.620, Total time 0.93
validation split name: 1
 * Val Acc 0.000, Total time 0.71
validation split name: 2
 * Val Acc 0.000, Total time 0.93
validation split name: 3
 * Val Acc 1.730, Total time 0.94
validation split name: 4
 * Val Acc 61.540, Total time 0.93
validation split name: 5
 * Val Acc 81.990, Total time 0.95
validation split name: 6
 * Val Acc 89.990, Total time 1.01
validation split name: 7
 * Val Acc 89.680, Total time 0.95
validation split name: 8
 * Val Acc 96.620, Total time 0.94
====================== 9 =======================
Incremental class: Old valid output dimension: 80
Incremental class: New Valid output dimension: 90
Epoch:0
LR: 0.0001
Itr		Time		  Data		  Loss		Acc
[0/469]	0.1337 (0.1337)	0.1293 (0.1293)	6.450 (6.450)	0.00 (0.00)
[100/469]	0.0023 (0.0118)	0.0001 (0.0097)	0.235 (1.088)	92.97 (73.16)
[200/469]	0.0021 (0.0110)	0.0002 (0.0090)	0.348 (0.696)	90.62 (82.13)
[300/469]	0.0266 (0.0108)	0.0246 (0.0088)	0.138 (0.545)	96.09 (85.74)
[400/469]	0.0021 (0.0107)	0.0001 (0.0086)	0.104 (0.461)	96.88 (87.81)
[468/469]	0.0180 (0.0106)	0.0161 (0.0086)	0.100 (0.421)	96.88 (88.79)
 * Train Acc 88.790
 * Val Acc 94.770, Total time 0.95
Epoch:1
LR: 0.0001
Itr		Time		  Data		  Loss		Acc
[0/469]	0.1306 (0.1306)	0.1264 (0.1264)	0.220 (0.220)	94.53 (94.53)
[100/469]	0.0020 (0.0116)	0.0001 (0.0097)	0.165 (0.150)	95.31 (95.76)
[200/469]	0.0021 (0.0111)	0.0001 (0.0091)	0.111 (0.148)	96.09 (95.62)
[300/469]	0.0268 (0.0110)	0.0246 (0.0089)	0.096 (0.144)	96.88 (95.76)
[400/469]	0.0020 (0.0108)	0.0001 (0.0088)	0.088 (0.142)	98.44 (95.86)
[468/469]	0.0188 (0.0107)	0.0169 (0.0087)	0.065 (0.137)	97.92 (96.00)
 * Train Acc 96.002
 * Val Acc 96.470, Total time 0.93
validation split name: 1
 * Val Acc 0.000, Total time 0.68
validation split name: 2
 * Val Acc 0.000, Total time 0.96
validation split name: 3
 * Val Acc 0.090, Total time 0.95
validation split name: 4
 * Val Acc 35.360, Total time 0.95
validation split name: 5
 * Val Acc 74.930, Total time 0.94
validation split name: 6
 * Val Acc 55.390, Total time 0.92
validation split name: 7
 * Val Acc 53.050, Total time 0.93
validation split name: 8
 * Val Acc 76.390, Total time 0.96
validation split name: 9
 * Val Acc 96.470, Total time 0.94
====================== 10 =======================
Incremental class: Old valid output dimension: 90
Incremental class: New Valid output dimension: 100
Epoch:0
LR: 0.0001
Itr		Time		  Data		  Loss		Acc
[0/469]	0.1268 (0.1268)	0.1222 (0.1222)	7.618 (7.618)	0.00 (0.00)
[100/469]	0.0096 (0.0115)	0.0074 (0.0094)	0.354 (1.168)	89.84 (72.55)
[200/469]	0.0023 (0.0109)	0.0001 (0.0088)	0.410 (0.738)	87.50 (81.63)
[300/469]	0.0020 (0.0107)	0.0001 (0.0086)	0.266 (0.575)	92.97 (85.29)
[400/469]	0.0265 (0.0106)	0.0243 (0.0085)	0.227 (0.482)	94.53 (87.51)
[468/469]	0.0021 (0.0106)	0.0001 (0.0085)	0.117 (0.440)	98.96 (88.52)
 * Train Acc 88.522
 * Val Acc 94.980, Total time 0.93
Epoch:1
LR: 0.0001
Itr		Time		  Data		  Loss		Acc
[0/469]	0.1258 (0.1258)	0.1210 (0.1210)	0.290 (0.290)	92.97 (92.97)
[100/469]	0.0287 (0.0121)	0.0259 (0.0096)	0.124 (0.165)	96.09 (95.12)
[200/469]	0.0022 (0.0115)	0.0001 (0.0090)	0.138 (0.156)	95.31 (95.31)
[300/469]	0.0022 (0.0111)	0.0001 (0.0088)	0.086 (0.151)	97.66 (95.55)
[400/469]	0.0270 (0.0110)	0.0250 (0.0087)	0.055 (0.147)	99.22 (95.67)
[468/469]	0.0019 (0.0109)	0.0001 (0.0087)	0.100 (0.143)	96.88 (95.81)
 * Train Acc 95.815
 * Val Acc 96.560, Total time 0.93
validation split name: 1
 * Val Acc 0.000, Total time 0.70
validation split name: 2
 * Val Acc 0.000, Total time 0.93
validation split name: 3
 * Val Acc 0.150, Total time 0.95
validation split name: 4
 * Val Acc 24.210, Total time 0.94
validation split name: 5
 * Val Acc 64.930, Total time 0.95
validation split name: 6
 * Val Acc 70.610, Total time 0.95
validation split name: 7
 * Val Acc 38.550, Total time 0.94
validation split name: 8
 * Val Acc 60.680, Total time 0.94
validation split name: 9
 * Val Acc 84.100, Total time 0.95
validation split name: 10
 * Val Acc 96.560, Total time 0.94
OrderedDict([('1', OrderedDict([('1', 96.4), ('2', 20.04), ('3', 0.0), ('4', 0.0), ('5', 0.0), ('6', 0.0), ('7', 0.0), ('8', 0.0), ('9', 0.0), ('10', 0.0)])), ('2', OrderedDict([('2', 96.66), ('3', 8.42), ('4', 0.0), ('5', 0.0), ('6', 0.0), ('7', 0.0), ('8', 0.0), ('9', 0.0), ('10', 0.0)])), ('3', OrderedDict([('3', 96.56), ('4', 48.73), ('5', 12.38), ('6', 15.66), ('7', 3.26), ('8', 1.73), ('9', 0.09), ('10', 0.15)])), ('4', OrderedDict([('4', 96.44), ('5', 83.14), ('6', 81.5), ('7', 74.54), ('8', 61.54), ('9', 35.36), ('10', 24.21)])), ('5', OrderedDict([('5', 96.25), ('6', 87.82), ('7', 89.72), ('8', 81.99), ('9', 74.93), ('10', 64.93)])), ('6', OrderedDict([('6', 96.52), ('7', 87.94), ('8', 89.99), ('9', 55.39), ('10', 70.61)])), ('7', OrderedDict([('7', 96.21), ('8', 89.68), ('9', 53.05), ('10', 38.55)])), ('8', OrderedDict([('8', 96.62), ('9', 76.39), ('10', 60.68)])), ('9', OrderedDict([('9', 96.47), ('10', 84.1)])), ('10', OrderedDict([('10', 96.56)]))])
Task 1 average acc: 96.4
Task 2 average acc: 58.349999999999994
Task 3 average acc: 34.99333333333333
Task 4 average acc: 36.2925
Task 5 average acc: 38.354
Task 6 average acc: 46.916666666666664
Task 7 average acc: 50.23857142857143
Task 8 average acc: 52.69375
Task 9 average acc: 43.519999999999996
Task 10 average acc: 43.979
===Summary of experiment repeats: 5 / 5 ===
The regularization coefficient: 0.0
The last avg acc of all repeats: [47.691 46.618 41.471 42.965 43.979]
mean: 44.544799999999995 std: 2.3004728557407494
reg_coef: 0.0 mean: 44.544799999999995 std: 2.3004728557407494
Total Time for the script is 828.2134590148926 seconds
