MLP(
  (linear): Sequential(
    (0): Linear(in_features=1024, out_features=1000, bias=True)
    (1): ReLU(inplace=True)
    (2): Linear(in_features=1000, out_features=1000, bias=True)
    (3): ReLU(inplace=True)
  )
  (last): ModuleDict(
    (All): Linear(in_features=1000, out_features=100, bias=True)
  )
)
#parameter of model: 2126100
Task order: ['1', '2', '3', '4', '5', '6', '7', '8', '9', '10']
====================== 1 =======================
Incremental class: Old valid output dimension: ALL
Incremental class: New Valid output dimension: 10
#reg_term: 0
Epoch:0
LR: 0.0001
Itr		Time		  Data		  Loss		Acc
[0/469]	0.5310 (0.5310)	0.0959 (0.0959)	2.302 (2.302)	0.00 (0.00)
[100/469]	0.0161 (0.0122)	0.0139 (0.0058)	0.307 (0.816)	89.84 (78.05)
[200/469]	0.0031 (0.0096)	0.0009 (0.0054)	0.249 (0.571)	93.75 (84.18)
[300/469]	0.0021 (0.0088)	0.0001 (0.0052)	0.254 (0.470)	92.97 (86.81)
[400/469]	0.0162 (0.0084)	0.0140 (0.0052)	0.269 (0.409)	90.62 (88.48)
[468/469]	0.0020 (0.0082)	0.0001 (0.0052)	0.125 (0.380)	95.83 (89.28)
 * Train Acc 89.277
 * Val Acc 94.540, Total time 0.70
Epoch:1
LR: 0.0001
Itr		Time		  Data		  Loss		Acc
[0/469]	0.1173 (0.1173)	0.1120 (0.1120)	0.209 (0.209)	92.97 (92.97)
[100/469]	0.0021 (0.0082)	0.0001 (0.0060)	0.113 (0.185)	96.09 (94.53)
[200/469]	0.0032 (0.0076)	0.0009 (0.0055)	0.183 (0.173)	96.88 (94.99)
[300/469]	0.0159 (0.0075)	0.0137 (0.0053)	0.177 (0.165)	92.97 (95.19)
[400/469]	0.0022 (0.0074)	0.0001 (0.0052)	0.194 (0.156)	96.09 (95.44)
[468/469]	0.0110 (0.0073)	0.0088 (0.0052)	0.077 (0.152)	96.88 (95.54)
 * Train Acc 95.537
 * Val Acc 96.300, Total time 0.73
validation split name: 1
 * Val Acc 96.300, Total time 0.69
====================== 2 =======================
Incremental class: Old valid output dimension: 10
Incremental class: New Valid output dimension: 20
#reg_term: 1
Epoch:0
LR: 0.0001
Itr		Time		  Data		  Loss		Acc
[0/469]	0.1278 (0.1278)	0.1171 (0.1171)	3.049 (3.049)	0.00 (0.00)
[100/469]	0.0252 (0.0116)	0.0223 (0.0085)	0.316 (0.691)	92.97 (79.86)
[200/469]	0.0030 (0.0109)	0.0001 (0.0079)	0.265 (0.487)	92.97 (85.74)
[300/469]	0.0030 (0.0107)	0.0001 (0.0077)	0.169 (0.402)	96.09 (88.20)
[400/469]	0.0247 (0.0106)	0.0218 (0.0076)	0.159 (0.351)	92.97 (89.72)
[468/469]	0.0029 (0.0105)	0.0001 (0.0075)	0.138 (0.325)	94.79 (90.49)
 * Train Acc 90.492
 * Val Acc 95.420, Total time 0.93
Epoch:1
LR: 0.0001
Itr		Time		  Data		  Loss		Acc
[0/469]	0.1263 (0.1263)	0.1198 (0.1198)	0.084 (0.084)	97.66 (97.66)
[100/469]	0.0037 (0.0113)	0.0009 (0.0083)	0.219 (0.149)	93.75 (95.84)
[200/469]	0.0029 (0.0108)	0.0001 (0.0078)	0.169 (0.146)	93.75 (95.89)
[300/469]	0.0155 (0.0107)	0.0127 (0.0077)	0.090 (0.136)	96.09 (96.08)
[400/469]	0.0157 (0.0106)	0.0128 (0.0076)	0.046 (0.133)	99.22 (96.16)
[468/469]	0.0065 (0.0105)	0.0036 (0.0076)	0.118 (0.130)	96.88 (96.24)
 * Train Acc 96.242
 * Val Acc 96.570, Total time 0.92
validation split name: 1
 * Val Acc 9.530, Total time 0.71
validation split name: 2
 * Val Acc 96.570, Total time 0.93
====================== 3 =======================
Incremental class: Old valid output dimension: 20
Incremental class: New Valid output dimension: 30
#reg_term: 1
Epoch:0
LR: 0.0001
Itr		Time		  Data		  Loss		Acc
[0/469]	0.1283 (0.1283)	0.1215 (0.1215)	4.769 (4.769)	0.00 (0.00)
[100/469]	0.0030 (0.0113)	0.0001 (0.0082)	0.498 (0.843)	83.59 (76.72)
[200/469]	0.0247 (0.0109)	0.0217 (0.0079)	0.149 (0.569)	96.09 (83.97)
[300/469]	0.0030 (0.0107)	0.0001 (0.0077)	0.164 (0.458)	94.53 (86.94)
[400/469]	0.0030 (0.0105)	0.0002 (0.0076)	0.210 (0.392)	94.53 (88.79)
[468/469]	0.0029 (0.0105)	0.0001 (0.0076)	0.230 (0.362)	94.79 (89.64)
 * Train Acc 89.643
 * Val Acc 95.110, Total time 0.93
Epoch:1
LR: 0.0001
Itr		Time		  Data		  Loss		Acc
[0/469]	0.1274 (0.1274)	0.1200 (0.1200)	0.159 (0.159)	96.09 (96.09)
[100/469]	0.0030 (0.0115)	0.0001 (0.0084)	0.166 (0.152)	95.31 (95.43)
[200/469]	0.0030 (0.0108)	0.0001 (0.0078)	0.200 (0.146)	95.31 (95.69)
[300/469]	0.0243 (0.0107)	0.0214 (0.0077)	0.045 (0.140)	100.00 (95.92)
[400/469]	0.0030 (0.0106)	0.0001 (0.0076)	0.088 (0.136)	96.88 (96.00)
[468/469]	0.0167 (0.0105)	0.0138 (0.0076)	0.091 (0.133)	97.92 (96.10)
 * Train Acc 96.100
 * Val Acc 96.840, Total time 0.94
validation split name: 1
 * Val Acc 0.000, Total time 0.69
validation split name: 2
 * Val Acc 7.770, Total time 0.92
validation split name: 3
 * Val Acc 96.840, Total time 0.95
====================== 4 =======================
Incremental class: Old valid output dimension: 30
Incremental class: New Valid output dimension: 40
#reg_term: 1
Epoch:0
LR: 0.0001
Itr		Time		  Data		  Loss		Acc
[0/469]	0.1291 (0.1291)	0.1221 (0.1221)	7.263 (7.263)	0.00 (0.00)
[100/469]	0.0030 (0.0113)	0.0002 (0.0083)	0.299 (1.094)	89.84 (71.26)
[200/469]	0.0038 (0.0108)	0.0010 (0.0078)	0.454 (0.705)	88.28 (81.02)
[300/469]	0.0237 (0.0106)	0.0208 (0.0077)	0.177 (0.554)	96.09 (84.92)
[400/469]	0.0030 (0.0105)	0.0001 (0.0076)	0.103 (0.469)	96.88 (87.11)
[468/469]	0.0167 (0.0105)	0.0139 (0.0076)	0.092 (0.429)	98.96 (88.17)
 * Train Acc 88.170
 * Val Acc 94.970, Total time 0.92
Epoch:1
LR: 0.0001
Itr		Time		  Data		  Loss		Acc
[0/469]	0.1293 (0.1293)	0.1218 (0.1218)	0.100 (0.100)	97.66 (97.66)
[100/469]	0.0215 (0.0114)	0.0186 (0.0083)	0.110 (0.167)	97.66 (95.13)
[200/469]	0.0030 (0.0108)	0.0001 (0.0077)	0.073 (0.156)	97.66 (95.43)
[300/469]	0.0030 (0.0106)	0.0001 (0.0076)	0.114 (0.152)	95.31 (95.56)
[400/469]	0.0243 (0.0105)	0.0214 (0.0075)	0.158 (0.147)	96.09 (95.71)
[468/469]	0.0029 (0.0104)	0.0001 (0.0075)	0.144 (0.144)	97.92 (95.81)
 * Train Acc 95.805
 * Val Acc 96.220, Total time 0.95
validation split name: 1
 * Val Acc 0.000, Total time 0.69
validation split name: 2
 * Val Acc 0.090, Total time 0.95
validation split name: 3
 * Val Acc 46.590, Total time 0.93
validation split name: 4
 * Val Acc 96.220, Total time 0.94
====================== 5 =======================
Incremental class: Old valid output dimension: 40
Incremental class: New Valid output dimension: 50
#reg_term: 1
Epoch:0
LR: 0.0001
Itr		Time		  Data		  Loss		Acc
[0/469]	0.1282 (0.1282)	0.1208 (0.1208)	7.890 (7.890)	0.00 (0.00)
[100/469]	0.0260 (0.0117)	0.0231 (0.0086)	0.525 (1.253)	83.59 (70.29)
[200/469]	0.0030 (0.0110)	0.0001 (0.0080)	0.355 (0.788)	89.84 (80.48)
[300/469]	0.0030 (0.0107)	0.0002 (0.0078)	0.268 (0.613)	93.75 (84.43)
[400/469]	0.0239 (0.0106)	0.0210 (0.0077)	0.251 (0.513)	92.19 (86.77)
[468/469]	0.0029 (0.0105)	0.0001 (0.0076)	0.114 (0.465)	96.88 (87.94)
 * Train Acc 87.942
 * Val Acc 94.750, Total time 0.96
Epoch:1
LR: 0.0001
Itr		Time		  Data		  Loss		Acc
[0/469]	0.1250 (0.1250)	0.1182 (0.1182)	0.370 (0.370)	88.28 (88.28)
[100/469]	0.0038 (0.0112)	0.0009 (0.0082)	0.124 (0.176)	96.88 (95.07)
[200/469]	0.0038 (0.0106)	0.0010 (0.0077)	0.067 (0.168)	100.00 (95.12)
[300/469]	0.0238 (0.0105)	0.0209 (0.0076)	0.093 (0.161)	96.88 (95.28)
[400/469]	0.0034 (0.0104)	0.0001 (0.0075)	0.081 (0.152)	99.22 (95.52)
[468/469]	0.0160 (0.0104)	0.0132 (0.0074)	0.118 (0.149)	96.88 (95.62)
 * Train Acc 95.623
 * Val Acc 95.980, Total time 0.93
validation split name: 1
 * Val Acc 0.000, Total time 0.70
validation split name: 2
 * Val Acc 0.010, Total time 0.98
validation split name: 3
 * Val Acc 31.200, Total time 0.94
validation split name: 4
 * Val Acc 86.770, Total time 0.93
validation split name: 5
 * Val Acc 95.980, Total time 0.95
====================== 6 =======================
Incremental class: Old valid output dimension: 50
Incremental class: New Valid output dimension: 60
#reg_term: 1
Epoch:0
LR: 0.0001
Itr		Time		  Data		  Loss		Acc
[0/469]	0.1204 (0.1204)	0.1141 (0.1141)	7.775 (7.775)	0.00 (0.00)
[100/469]	0.0037 (0.0113)	0.0009 (0.0083)	0.467 (1.151)	89.84 (71.83)
[200/469]	0.0030 (0.0108)	0.0001 (0.0078)	0.294 (0.737)	92.19 (81.23)
[300/469]	0.0155 (0.0106)	0.0125 (0.0077)	0.129 (0.576)	96.09 (84.99)
[400/469]	0.0228 (0.0106)	0.0199 (0.0076)	0.255 (0.485)	92.97 (87.15)
[468/469]	0.0035 (0.0105)	0.0007 (0.0075)	0.084 (0.443)	97.92 (88.21)
 * Train Acc 88.210
 * Val Acc 94.770, Total time 0.95
Epoch:1
LR: 0.0001
Itr		Time		  Data		  Loss		Acc
[0/469]	0.1303 (0.1303)	0.1232 (0.1232)	0.105 (0.105)	96.88 (96.88)
[100/469]	0.0039 (0.0113)	0.0010 (0.0082)	0.152 (0.160)	92.97 (95.25)
[200/469]	0.0030 (0.0107)	0.0001 (0.0077)	0.187 (0.159)	94.53 (95.41)
[300/469]	0.0231 (0.0106)	0.0201 (0.0076)	0.077 (0.151)	98.44 (95.60)
[400/469]	0.0045 (0.0105)	0.0016 (0.0075)	0.142 (0.148)	96.88 (95.72)
[468/469]	0.0163 (0.0104)	0.0136 (0.0075)	0.122 (0.144)	95.83 (95.84)
 * Train Acc 95.842
 * Val Acc 96.550, Total time 0.93
validation split name: 1
 * Val Acc 0.000, Total time 0.68
validation split name: 2
 * Val Acc 0.000, Total time 0.94
validation split name: 3
 * Val Acc 8.590, Total time 0.93
validation split name: 4
 * Val Acc 82.020, Total time 0.92
validation split name: 5
 * Val Acc 87.460, Total time 0.91
validation split name: 6
 * Val Acc 96.550, Total time 0.93
====================== 7 =======================
Incremental class: Old valid output dimension: 60
Incremental class: New Valid output dimension: 70
#reg_term: 1
Epoch:0
LR: 0.0001
Itr		Time		  Data		  Loss		Acc
[0/469]	0.1337 (0.1337)	0.1265 (0.1265)	6.972 (6.972)	0.00 (0.00)
[100/469]	0.0051 (0.0113)	0.0016 (0.0083)	0.484 (1.128)	86.72 (72.69)
[200/469]	0.0039 (0.0107)	0.0011 (0.0078)	0.260 (0.718)	93.75 (81.90)
[300/469]	0.0236 (0.0106)	0.0207 (0.0077)	0.239 (0.569)	93.75 (85.27)
[400/469]	0.0082 (0.0105)	0.0054 (0.0076)	0.189 (0.483)	92.19 (87.31)
[468/469]	0.0156 (0.0105)	0.0127 (0.0075)	0.313 (0.443)	92.71 (88.28)
 * Train Acc 88.277
 * Val Acc 94.760, Total time 0.93
Epoch:1
LR: 0.0001
Itr		Time		  Data		  Loss		Acc
[0/469]	0.1254 (0.1254)	0.1188 (0.1188)	0.217 (0.217)	95.31 (95.31)
[100/469]	0.0035 (0.0113)	0.0002 (0.0082)	0.200 (0.170)	93.75 (94.98)
[200/469]	0.0031 (0.0107)	0.0002 (0.0077)	0.079 (0.162)	97.66 (95.29)
[300/469]	0.0241 (0.0106)	0.0212 (0.0076)	0.067 (0.155)	99.22 (95.51)
[400/469]	0.0035 (0.0105)	0.0001 (0.0075)	0.082 (0.151)	95.31 (95.63)
[468/469]	0.0162 (0.0104)	0.0134 (0.0075)	0.159 (0.148)	95.83 (95.67)
 * Train Acc 95.675
 * Val Acc 96.400, Total time 0.92
validation split name: 1
 * Val Acc 0.000, Total time 0.69
validation split name: 2
 * Val Acc 0.000, Total time 0.95
validation split name: 3
 * Val Acc 2.290, Total time 0.92
validation split name: 4
 * Val Acc 72.230, Total time 0.94
validation split name: 5
 * Val Acc 81.070, Total time 0.95
validation split name: 6
 * Val Acc 93.420, Total time 0.95
validation split name: 7
 * Val Acc 96.400, Total time 0.93
====================== 8 =======================
Incremental class: Old valid output dimension: 70
Incremental class: New Valid output dimension: 80
#reg_term: 1
Epoch:0
LR: 0.0001
Itr		Time		  Data		  Loss		Acc
[0/469]	0.1263 (0.1263)	0.1195 (0.1195)	6.957 (6.957)	0.00 (0.00)
[100/469]	0.0044 (0.0112)	0.0015 (0.0083)	0.323 (1.160)	89.84 (71.33)
[200/469]	0.0030 (0.0106)	0.0001 (0.0077)	0.378 (0.737)	90.62 (80.99)
[300/469]	0.0237 (0.0105)	0.0208 (0.0076)	0.236 (0.576)	92.97 (84.92)
[400/469]	0.0047 (0.0104)	0.0018 (0.0075)	0.158 (0.484)	92.97 (87.22)
[468/469]	0.0158 (0.0103)	0.0130 (0.0074)	0.185 (0.440)	94.79 (88.31)
 * Train Acc 88.310
 * Val Acc 94.840, Total time 0.93
Epoch:1
LR: 0.0001
Itr		Time		  Data		  Loss		Acc
[0/469]	0.1260 (0.1260)	0.1190 (0.1190)	0.187 (0.187)	92.97 (92.97)
[100/469]	0.0038 (0.0116)	0.0010 (0.0085)	0.128 (0.166)	96.88 (95.28)
[200/469]	0.0030 (0.0108)	0.0001 (0.0078)	0.272 (0.159)	92.97 (95.47)
[300/469]	0.0231 (0.0106)	0.0203 (0.0077)	0.174 (0.152)	94.53 (95.66)
[400/469]	0.0037 (0.0105)	0.0008 (0.0075)	0.151 (0.146)	95.31 (95.78)
[468/469]	0.0167 (0.0104)	0.0139 (0.0075)	0.071 (0.142)	96.88 (95.90)
 * Train Acc 95.903
 * Val Acc 96.530, Total time 0.93
validation split name: 1
 * Val Acc 0.000, Total time 0.68
validation split name: 2
 * Val Acc 0.000, Total time 0.93
validation split name: 3
 * Val Acc 0.050, Total time 0.95
validation split name: 4
 * Val Acc 48.300, Total time 0.94
validation split name: 5
 * Val Acc 80.770, Total time 0.93
validation split name: 6
 * Val Acc 92.370, Total time 0.93
validation split name: 7
 * Val Acc 85.520, Total time 0.93
validation split name: 8
 * Val Acc 96.530, Total time 0.95
====================== 9 =======================
Incremental class: Old valid output dimension: 80
Incremental class: New Valid output dimension: 90
#reg_term: 1
Epoch:0
LR: 0.0001
Itr		Time		  Data		  Loss		Acc
[0/469]	0.1281 (0.1281)	0.1215 (0.1215)	6.445 (6.445)	0.00 (0.00)
[100/469]	0.0233 (0.0120)	0.0190 (0.0083)	0.329 (1.097)	88.28 (72.50)
[200/469]	0.0031 (0.0112)	0.0001 (0.0078)	0.212 (0.699)	92.97 (81.74)
[300/469]	0.0144 (0.0110)	0.0114 (0.0077)	0.240 (0.548)	96.09 (85.48)
[400/469]	0.0075 (0.0108)	0.0040 (0.0076)	0.113 (0.465)	96.09 (87.59)
[468/469]	0.0135 (0.0107)	0.0105 (0.0075)	0.146 (0.423)	96.88 (88.62)
 * Train Acc 88.620
 * Val Acc 95.140, Total time 0.95
Epoch:1
LR: 0.0001
Itr		Time		  Data		  Loss		Acc
[0/469]	0.1433 (0.1433)	0.1363 (0.1363)	0.103 (0.103)	98.44 (98.44)
[100/469]	0.0031 (0.0118)	0.0002 (0.0088)	0.126 (0.156)	96.09 (95.42)
[200/469]	0.0037 (0.0109)	0.0009 (0.0079)	0.077 (0.154)	99.22 (95.54)
[300/469]	0.0198 (0.0108)	0.0169 (0.0078)	0.107 (0.144)	95.31 (95.79)
[400/469]	0.0138 (0.0106)	0.0110 (0.0077)	0.092 (0.141)	96.88 (95.90)
[468/469]	0.0034 (0.0106)	0.0006 (0.0076)	0.103 (0.136)	96.88 (96.04)
 * Train Acc 96.043
 * Val Acc 96.510, Total time 0.95
validation split name: 1
 * Val Acc 0.000, Total time 0.68
validation split name: 2
 * Val Acc 0.000, Total time 0.92
validation split name: 3
 * Val Acc 1.590, Total time 0.93
validation split name: 4
 * Val Acc 62.900, Total time 0.95
validation split name: 5
 * Val Acc 77.720, Total time 0.92
validation split name: 6
 * Val Acc 63.570, Total time 0.95
validation split name: 7
 * Val Acc 78.210, Total time 0.92
validation split name: 8
 * Val Acc 94.250, Total time 0.93
validation split name: 9
 * Val Acc 96.510, Total time 0.96
====================== 10 =======================
Incremental class: Old valid output dimension: 90
Incremental class: New Valid output dimension: 100
#reg_term: 1
Epoch:0
LR: 0.0001
Itr		Time		  Data		  Loss		Acc
[0/469]	0.1282 (0.1282)	0.1208 (0.1208)	7.071 (7.071)	0.00 (0.00)
[100/469]	0.0037 (0.0119)	0.0001 (0.0087)	0.370 (1.088)	89.06 (73.62)
[200/469]	0.0031 (0.0112)	0.0002 (0.0081)	0.272 (0.700)	90.62 (82.14)
[300/469]	0.0252 (0.0109)	0.0223 (0.0079)	0.233 (0.547)	89.84 (85.81)
[400/469]	0.0032 (0.0108)	0.0001 (0.0078)	0.203 (0.463)	91.41 (87.75)
[468/469]	0.0032 (0.0107)	0.0001 (0.0077)	0.130 (0.423)	95.83 (88.76)
 * Train Acc 88.758
 * Val Acc 95.120, Total time 0.94
Epoch:1
LR: 0.0001
Itr		Time		  Data		  Loss		Acc
[0/469]	0.1384 (0.1384)	0.1313 (0.1313)	0.130 (0.130)	96.09 (96.09)
[100/469]	0.0034 (0.0116)	0.0001 (0.0085)	0.249 (0.168)	92.19 (95.03)
[200/469]	0.0030 (0.0108)	0.0001 (0.0078)	0.158 (0.154)	94.53 (95.50)
[300/469]	0.0244 (0.0107)	0.0215 (0.0077)	0.102 (0.146)	97.66 (95.73)
[400/469]	0.0035 (0.0105)	0.0001 (0.0076)	0.148 (0.141)	96.09 (95.88)
[468/469]	0.0164 (0.0105)	0.0136 (0.0075)	0.151 (0.139)	95.83 (95.97)
 * Train Acc 95.975
 * Val Acc 96.530, Total time 0.94
validation split name: 1
 * Val Acc 0.000, Total time 0.69
validation split name: 2
 * Val Acc 0.000, Total time 0.94
validation split name: 3
 * Val Acc 0.000, Total time 0.93
validation split name: 4
 * Val Acc 40.900, Total time 0.95
validation split name: 5
 * Val Acc 62.500, Total time 0.93
validation split name: 6
 * Val Acc 72.260, Total time 0.93
validation split name: 7
 * Val Acc 62.580, Total time 0.93
validation split name: 8
 * Val Acc 84.780, Total time 0.93
validation split name: 9
 * Val Acc 83.250, Total time 0.94
validation split name: 10
 * Val Acc 96.530, Total time 0.94
OrderedDict([('1', OrderedDict([('1', 96.3), ('2', 9.53), ('3', 0.0), ('4', 0.0), ('5', 0.0), ('6', 0.0), ('7', 0.0), ('8', 0.0), ('9', 0.0), ('10', 0.0)])), ('2', OrderedDict([('2', 96.57), ('3', 7.77), ('4', 0.09), ('5', 0.01), ('6', 0.0), ('7', 0.0), ('8', 0.0), ('9', 0.0), ('10', 0.0)])), ('3', OrderedDict([('3', 96.84), ('4', 46.59), ('5', 31.2), ('6', 8.59), ('7', 2.29), ('8', 0.05), ('9', 1.59), ('10', 0.0)])), ('4', OrderedDict([('4', 96.22), ('5', 86.77), ('6', 82.02), ('7', 72.23), ('8', 48.3), ('9', 62.9), ('10', 40.9)])), ('5', OrderedDict([('5', 95.98), ('6', 87.46), ('7', 81.07), ('8', 80.77), ('9', 77.72), ('10', 62.5)])), ('6', OrderedDict([('6', 96.55), ('7', 93.42), ('8', 92.37), ('9', 63.57), ('10', 72.26)])), ('7', OrderedDict([('7', 96.4), ('8', 85.52), ('9', 78.21), ('10', 62.58)])), ('8', OrderedDict([('8', 96.53), ('9', 94.25), ('10', 84.78)])), ('9', OrderedDict([('9', 96.51), ('10', 83.25)])), ('10', OrderedDict([('10', 96.53)]))])
Task 1 average acc: 96.3
Task 2 average acc: 53.05
Task 3 average acc: 34.87
Task 4 average acc: 35.725
Task 5 average acc: 42.791999999999994
Task 6 average acc: 45.77
Task 7 average acc: 49.34428571428571
Task 8 average acc: 50.442499999999995
Task 9 average acc: 52.74999999999999
Task 10 average acc: 50.279999999999994
===Summary of experiment repeats: 1 / 5 ===
The regularization coefficient: 0.0
The last avg acc of all repeats: [50.28  0.    0.    0.    0.  ]
mean: 10.056 std: 20.112
MLP(
  (linear): Sequential(
    (0): Linear(in_features=1024, out_features=1000, bias=True)
    (1): ReLU(inplace=True)
    (2): Linear(in_features=1000, out_features=1000, bias=True)
    (3): ReLU(inplace=True)
  )
  (last): ModuleDict(
    (All): Linear(in_features=1000, out_features=100, bias=True)
  )
)
#parameter of model: 2126100
Task order: ['1', '2', '3', '4', '5', '6', '7', '8', '9', '10']
====================== 1 =======================
Incremental class: Old valid output dimension: ALL
Incremental class: New Valid output dimension: 10
#reg_term: 0
Epoch:0
LR: 0.0001
Itr		Time		  Data		  Loss		Acc
[0/469]	0.1140 (0.1140)	0.1088 (0.1088)	2.312 (2.312)	0.78 (0.78)
[100/469]	0.0023 (0.0084)	0.0002 (0.0062)	0.390 (0.820)	90.62 (78.49)
[200/469]	0.0023 (0.0078)	0.0001 (0.0056)	0.375 (0.574)	90.62 (84.49)
[300/469]	0.0023 (0.0076)	0.0001 (0.0055)	0.282 (0.470)	92.97 (87.15)
[400/469]	0.0171 (0.0076)	0.0148 (0.0054)	0.180 (0.409)	95.31 (88.72)
[468/469]	0.0023 (0.0075)	0.0001 (0.0053)	0.196 (0.379)	92.71 (89.49)
 * Train Acc 89.493
 * Val Acc 94.520, Total time 0.68
Epoch:1
LR: 0.0001
Itr		Time		  Data		  Loss		Acc
[0/469]	0.1151 (0.1151)	0.1097 (0.1097)	0.197 (0.197)	92.19 (92.19)
[100/469]	0.0021 (0.0083)	0.0002 (0.0061)	0.083 (0.178)	96.09 (94.89)
[200/469]	0.0021 (0.0078)	0.0001 (0.0056)	0.218 (0.171)	92.97 (95.01)
[300/469]	0.0170 (0.0077)	0.0148 (0.0055)	0.214 (0.163)	91.41 (95.27)
[400/469]	0.0021 (0.0076)	0.0002 (0.0054)	0.164 (0.153)	96.09 (95.58)
[468/469]	0.0122 (0.0075)	0.0100 (0.0053)	0.127 (0.150)	93.75 (95.67)
 * Train Acc 95.667
 * Val Acc 96.530, Total time 0.68
validation split name: 1
 * Val Acc 96.530, Total time 0.68
====================== 2 =======================
Incremental class: Old valid output dimension: 10
Incremental class: New Valid output dimension: 20
#reg_term: 1
Epoch:0
LR: 0.0001
Itr		Time		  Data		  Loss		Acc
[0/469]	0.1333 (0.1333)	0.1227 (0.1227)	3.190 (3.190)	0.00 (0.00)
[100/469]	0.0049 (0.0114)	0.0019 (0.0082)	0.368 (0.709)	86.72 (80.21)
[200/469]	0.0038 (0.0108)	0.0008 (0.0077)	0.358 (0.497)	89.06 (85.87)
[300/469]	0.0237 (0.0107)	0.0207 (0.0076)	0.185 (0.408)	92.97 (88.32)
[400/469]	0.0032 (0.0105)	0.0002 (0.0075)	0.203 (0.355)	92.19 (89.84)
[468/469]	0.0165 (0.0105)	0.0135 (0.0075)	0.138 (0.328)	94.79 (90.59)
 * Train Acc 90.588
 * Val Acc 95.170, Total time 0.92
Epoch:1
LR: 0.0001
Itr		Time		  Data		  Loss		Acc
[0/469]	0.1270 (0.1270)	0.1206 (0.1206)	0.094 (0.094)	97.66 (97.66)
[100/469]	0.0029 (0.0115)	0.0001 (0.0086)	0.163 (0.146)	96.09 (95.88)
[200/469]	0.0029 (0.0109)	0.0001 (0.0080)	0.138 (0.140)	95.31 (95.97)
[300/469]	0.0249 (0.0107)	0.0221 (0.0079)	0.101 (0.137)	97.66 (96.07)
[400/469]	0.0036 (0.0105)	0.0008 (0.0077)	0.162 (0.132)	97.66 (96.18)
[468/469]	0.0142 (0.0105)	0.0113 (0.0077)	0.055 (0.129)	98.96 (96.25)
 * Train Acc 96.248
 * Val Acc 96.900, Total time 0.99
validation split name: 1
 * Val Acc 11.900, Total time 0.70
validation split name: 2
 * Val Acc 96.900, Total time 0.94
====================== 3 =======================
Incremental class: Old valid output dimension: 20
Incremental class: New Valid output dimension: 30
#reg_term: 1
Epoch:0
LR: 0.0001
Itr		Time		  Data		  Loss		Acc
[0/469]	0.1223 (0.1223)	0.1153 (0.1153)	4.768 (4.768)	0.00 (0.00)
[100/469]	0.0105 (0.0113)	0.0076 (0.0083)	0.447 (0.845)	86.72 (77.62)
[200/469]	0.0102 (0.0107)	0.0073 (0.0077)	0.218 (0.565)	93.75 (84.67)
[300/469]	0.0231 (0.0106)	0.0202 (0.0076)	0.176 (0.453)	95.31 (87.48)
[400/469]	0.0037 (0.0105)	0.0008 (0.0075)	0.211 (0.390)	96.09 (89.09)
[468/469]	0.0160 (0.0104)	0.0132 (0.0075)	0.120 (0.361)	96.88 (89.88)
 * Train Acc 89.877
 * Val Acc 95.290, Total time 0.93
Epoch:1
LR: 0.0001
Itr		Time		  Data		  Loss		Acc
[0/469]	0.1206 (0.1206)	0.1148 (0.1148)	0.088 (0.088)	98.44 (98.44)
[100/469]	0.0037 (0.0118)	0.0008 (0.0089)	0.149 (0.146)	92.19 (95.69)
[200/469]	0.0223 (0.0111)	0.0194 (0.0082)	0.066 (0.144)	97.66 (95.78)
[300/469]	0.0029 (0.0108)	0.0001 (0.0079)	0.126 (0.137)	97.66 (95.97)
[400/469]	0.0115 (0.0107)	0.0087 (0.0078)	0.048 (0.134)	100.00 (96.13)
[468/469]	0.0029 (0.0106)	0.0001 (0.0078)	0.143 (0.131)	95.83 (96.18)
 * Train Acc 96.180
 * Val Acc 96.540, Total time 0.94
validation split name: 1
 * Val Acc 0.000, Total time 0.67
validation split name: 2
 * Val Acc 22.380, Total time 0.98
validation split name: 3
 * Val Acc 96.540, Total time 0.94
====================== 4 =======================
Incremental class: Old valid output dimension: 30
Incremental class: New Valid output dimension: 40
#reg_term: 1
Epoch:0
LR: 0.0001
Itr		Time		  Data		  Loss		Acc
[0/469]	0.1272 (0.1272)	0.1208 (0.1208)	7.007 (7.007)	0.00 (0.00)
[100/469]	0.0248 (0.0118)	0.0219 (0.0088)	0.292 (1.087)	91.41 (73.21)
[200/469]	0.0031 (0.0110)	0.0002 (0.0081)	0.313 (0.699)	92.19 (81.93)
[300/469]	0.0030 (0.0107)	0.0001 (0.0078)	0.220 (0.549)	92.97 (85.61)
[400/469]	0.0249 (0.0106)	0.0220 (0.0077)	0.159 (0.466)	96.09 (87.63)
[468/469]	0.0029 (0.0106)	0.0001 (0.0077)	0.130 (0.424)	95.83 (88.74)
 * Train Acc 88.737
 * Val Acc 95.070, Total time 0.94
Epoch:1
LR: 0.0001
Itr		Time		  Data		  Loss		Acc
[0/469]	0.1267 (0.1267)	0.1202 (0.1202)	0.174 (0.174)	93.75 (93.75)
[100/469]	0.0030 (0.0119)	0.0002 (0.0084)	0.122 (0.160)	96.09 (95.25)
[200/469]	0.0199 (0.0114)	0.0159 (0.0080)	0.080 (0.152)	97.66 (95.58)
[300/469]	0.0030 (0.0111)	0.0001 (0.0078)	0.172 (0.147)	95.31 (95.76)
[400/469]	0.0248 (0.0110)	0.0218 (0.0078)	0.116 (0.144)	96.09 (95.81)
[468/469]	0.0029 (0.0108)	0.0001 (0.0077)	0.128 (0.140)	96.88 (95.95)
 * Train Acc 95.953
 * Val Acc 96.640, Total time 0.95
validation split name: 1
 * Val Acc 0.000, Total time 0.70
validation split name: 2
 * Val Acc 0.140, Total time 0.94
validation split name: 3
 * Val Acc 49.340, Total time 0.91
validation split name: 4
 * Val Acc 96.640, Total time 0.93
====================== 5 =======================
Incremental class: Old valid output dimension: 40
Incremental class: New Valid output dimension: 50
#reg_term: 1
Epoch:0
LR: 0.0001
Itr		Time		  Data		  Loss		Acc
[0/469]	0.1350 (0.1350)	0.1285 (0.1285)	8.110 (8.110)	0.00 (0.00)
[100/469]	0.0039 (0.0117)	0.0010 (0.0087)	0.295 (1.232)	94.53 (70.63)
[200/469]	0.0038 (0.0110)	0.0008 (0.0080)	0.238 (0.772)	90.62 (80.77)
[300/469]	0.0109 (0.0108)	0.0080 (0.0078)	0.313 (0.601)	92.19 (84.60)
[400/469]	0.0089 (0.0106)	0.0059 (0.0077)	0.202 (0.506)	95.31 (86.86)
[468/469]	0.0127 (0.0105)	0.0098 (0.0076)	0.188 (0.462)	93.75 (87.92)
 * Train Acc 87.918
 * Val Acc 94.800, Total time 0.95
Epoch:1
LR: 0.0001
Itr		Time		  Data		  Loss		Acc
[0/469]	0.1338 (0.1338)	0.1272 (0.1272)	0.254 (0.254)	96.09 (96.09)
[100/469]	0.0049 (0.0113)	0.0019 (0.0083)	0.153 (0.166)	96.88 (95.31)
[200/469]	0.0039 (0.0107)	0.0009 (0.0077)	0.118 (0.164)	96.09 (95.30)
[300/469]	0.0246 (0.0106)	0.0218 (0.0076)	0.160 (0.154)	96.09 (95.61)
[400/469]	0.0052 (0.0104)	0.0018 (0.0075)	0.176 (0.148)	93.75 (95.75)
[468/469]	0.0159 (0.0104)	0.0131 (0.0074)	0.114 (0.146)	97.92 (95.82)
 * Train Acc 95.818
 * Val Acc 96.490, Total time 0.93
validation split name: 1
 * Val Acc 0.000, Total time 0.68
validation split name: 2
 * Val Acc 0.000, Total time 0.92
validation split name: 3
 * Val Acc 13.240, Total time 0.93
validation split name: 4
 * Val Acc 77.650, Total time 0.93
validation split name: 5
 * Val Acc 96.490, Total time 0.95
====================== 6 =======================
Incremental class: Old valid output dimension: 50
Incremental class: New Valid output dimension: 60
#reg_term: 1
Epoch:0
LR: 0.0001
Itr		Time		  Data		  Loss		Acc
[0/469]	0.1397 (0.1397)	0.1332 (0.1332)	8.005 (8.005)	0.00 (0.00)
[100/469]	0.0031 (0.0118)	0.0002 (0.0088)	0.253 (1.181)	93.75 (72.04)
[200/469]	0.0096 (0.0110)	0.0066 (0.0080)	0.275 (0.749)	89.06 (81.39)
[300/469]	0.0163 (0.0108)	0.0134 (0.0078)	0.342 (0.589)	90.62 (85.07)
[400/469]	0.0030 (0.0106)	0.0001 (0.0077)	0.223 (0.497)	94.53 (87.19)
[468/469]	0.0030 (0.0106)	0.0001 (0.0076)	0.270 (0.454)	90.62 (88.17)
 * Train Acc 88.172
 * Val Acc 94.770, Total time 0.92
Epoch:1
LR: 0.0001
Itr		Time		  Data		  Loss		Acc
[0/469]	0.1278 (0.1278)	0.1213 (0.1213)	0.143 (0.143)	96.09 (96.09)
[100/469]	0.0081 (0.0116)	0.0052 (0.0085)	0.182 (0.174)	92.97 (94.97)
[200/469]	0.0031 (0.0110)	0.0001 (0.0079)	0.130 (0.166)	96.88 (95.17)
[300/469]	0.0235 (0.0108)	0.0206 (0.0078)	0.145 (0.160)	96.09 (95.32)
[400/469]	0.0030 (0.0107)	0.0001 (0.0077)	0.102 (0.154)	96.09 (95.45)
[468/469]	0.0166 (0.0107)	0.0137 (0.0077)	0.077 (0.151)	97.92 (95.54)
 * Train Acc 95.538
 * Val Acc 96.310, Total time 0.93
validation split name: 1
 * Val Acc 0.000, Total time 0.69
validation split name: 2
 * Val Acc 0.000, Total time 0.94
validation split name: 3
 * Val Acc 9.780, Total time 0.94
validation split name: 4
 * Val Acc 78.790, Total time 0.92
validation split name: 5
 * Val Acc 91.050, Total time 0.95
validation split name: 6
 * Val Acc 96.310, Total time 0.93
====================== 7 =======================
Incremental class: Old valid output dimension: 60
Incremental class: New Valid output dimension: 70
#reg_term: 1
Epoch:0
LR: 0.0001
Itr		Time		  Data		  Loss		Acc
[0/469]	0.1278 (0.1278)	0.1213 (0.1213)	6.533 (6.533)	0.00 (0.00)
[100/469]	0.0031 (0.0115)	0.0002 (0.0085)	0.349 (1.129)	89.84 (72.81)
[200/469]	0.0031 (0.0109)	0.0002 (0.0079)	0.196 (0.720)	94.53 (81.87)
[300/469]	0.0249 (0.0107)	0.0220 (0.0078)	0.296 (0.569)	91.41 (85.35)
[400/469]	0.0030 (0.0106)	0.0002 (0.0076)	0.260 (0.482)	92.97 (87.43)
[468/469]	0.0173 (0.0105)	0.0144 (0.0076)	0.093 (0.439)	98.96 (88.43)
 * Train Acc 88.433
 * Val Acc 95.090, Total time 0.92
Epoch:1
LR: 0.0001
Itr		Time		  Data		  Loss		Acc
[0/469]	0.1253 (0.1253)	0.1186 (0.1186)	0.127 (0.127)	98.44 (98.44)
[100/469]	0.0246 (0.0116)	0.0216 (0.0085)	0.163 (0.159)	95.31 (95.51)
[200/469]	0.0035 (0.0111)	0.0002 (0.0080)	0.214 (0.159)	93.75 (95.41)
[300/469]	0.0031 (0.0108)	0.0001 (0.0078)	0.097 (0.156)	96.09 (95.50)
[400/469]	0.0246 (0.0107)	0.0217 (0.0077)	0.129 (0.148)	94.53 (95.68)
[468/469]	0.0030 (0.0106)	0.0001 (0.0076)	0.146 (0.145)	95.83 (95.78)
 * Train Acc 95.777
 * Val Acc 96.410, Total time 0.93
validation split name: 1
 * Val Acc 0.000, Total time 0.69
validation split name: 2
 * Val Acc 0.000, Total time 0.93
validation split name: 3
 * Val Acc 6.570, Total time 0.94
validation split name: 4
 * Val Acc 67.420, Total time 0.92
validation split name: 5
 * Val Acc 91.770, Total time 0.92
validation split name: 6
 * Val Acc 93.410, Total time 0.93
validation split name: 7
 * Val Acc 96.410, Total time 0.94
====================== 8 =======================
Incremental class: Old valid output dimension: 70
Incremental class: New Valid output dimension: 80
#reg_term: 1
Epoch:0
LR: 0.0001
Itr		Time		  Data		  Loss		Acc
[0/469]	0.1343 (0.1343)	0.1276 (0.1276)	6.926 (6.926)	0.00 (0.00)
[100/469]	0.0031 (0.0118)	0.0002 (0.0087)	0.345 (1.149)	89.06 (71.90)
[200/469]	0.0045 (0.0110)	0.0017 (0.0080)	0.302 (0.731)	92.97 (81.30)
[300/469]	0.0235 (0.0108)	0.0206 (0.0078)	0.305 (0.571)	92.19 (85.09)
[400/469]	0.0031 (0.0106)	0.0001 (0.0077)	0.168 (0.485)	93.75 (87.18)
[468/469]	0.0136 (0.0105)	0.0107 (0.0076)	0.154 (0.441)	94.79 (88.27)
 * Train Acc 88.270
 * Val Acc 94.900, Total time 0.93
Epoch:1
LR: 0.0001
Itr		Time		  Data		  Loss		Acc
[0/469]	0.1265 (0.1265)	0.1207 (0.1207)	0.231 (0.231)	94.53 (94.53)
[100/469]	0.0036 (0.0114)	0.0008 (0.0084)	0.147 (0.172)	95.31 (95.05)
[200/469]	0.0040 (0.0108)	0.0010 (0.0079)	0.182 (0.158)	93.75 (95.46)
[300/469]	0.0236 (0.0107)	0.0208 (0.0078)	0.174 (0.153)	93.75 (95.58)
[400/469]	0.0038 (0.0106)	0.0010 (0.0077)	0.106 (0.146)	96.09 (95.75)
[468/469]	0.0163 (0.0105)	0.0134 (0.0077)	0.139 (0.143)	94.79 (95.84)
 * Train Acc 95.837
 * Val Acc 96.440, Total time 0.95
validation split name: 1
 * Val Acc 0.000, Total time 0.69
validation split name: 2
 * Val Acc 0.000, Total time 0.92
validation split name: 3
 * Val Acc 3.190, Total time 0.94
validation split name: 4
 * Val Acc 23.620, Total time 0.97
validation split name: 5
 * Val Acc 73.850, Total time 0.92
validation split name: 6
 * Val Acc 92.680, Total time 0.95
validation split name: 7
 * Val Acc 87.910, Total time 0.92
validation split name: 8
 * Val Acc 96.440, Total time 0.93
====================== 9 =======================
Incremental class: Old valid output dimension: 80
Incremental class: New Valid output dimension: 90
#reg_term: 1
Epoch:0
LR: 0.0001
Itr		Time		  Data		  Loss		Acc
[0/469]	0.1408 (0.1408)	0.1341 (0.1341)	6.521 (6.521)	0.00 (0.00)
[100/469]	0.0031 (0.0119)	0.0002 (0.0088)	0.341 (1.082)	88.28 (73.55)
[200/469]	0.0049 (0.0110)	0.0020 (0.0081)	0.381 (0.698)	89.84 (82.15)
[300/469]	0.0214 (0.0108)	0.0186 (0.0079)	0.166 (0.542)	95.31 (85.85)
[400/469]	0.0031 (0.0106)	0.0001 (0.0077)	0.140 (0.460)	93.75 (87.84)
[468/469]	0.0139 (0.0106)	0.0110 (0.0077)	0.234 (0.420)	92.71 (88.80)
 * Train Acc 88.803
 * Val Acc 95.120, Total time 0.95
Epoch:1
LR: 0.0001
Itr		Time		  Data		  Loss		Acc
[0/469]	0.1272 (0.1272)	0.1203 (0.1203)	0.091 (0.091)	96.88 (96.88)
[100/469]	0.0085 (0.0114)	0.0045 (0.0083)	0.223 (0.166)	94.53 (95.26)
[200/469]	0.0240 (0.0110)	0.0211 (0.0079)	0.120 (0.157)	95.31 (95.48)
[300/469]	0.0031 (0.0108)	0.0002 (0.0077)	0.094 (0.149)	96.09 (95.67)
[400/469]	0.0030 (0.0107)	0.0001 (0.0077)	0.055 (0.143)	98.44 (95.89)
[468/469]	0.0029 (0.0106)	0.0001 (0.0076)	0.081 (0.139)	95.83 (95.94)
 * Train Acc 95.943
 * Val Acc 96.520, Total time 0.94
validation split name: 1
 * Val Acc 0.000, Total time 0.68
validation split name: 2
 * Val Acc 0.000, Total time 0.92
validation split name: 3
 * Val Acc 0.010, Total time 0.94
validation split name: 4
 * Val Acc 24.690, Total time 0.92
validation split name: 5
 * Val Acc 67.480, Total time 0.93
validation split name: 6
 * Val Acc 65.340, Total time 0.93
validation split name: 7
 * Val Acc 68.530, Total time 0.96
validation split name: 8
 * Val Acc 92.830, Total time 0.92
validation split name: 9
 * Val Acc 96.520, Total time 0.93
====================== 10 =======================
Incremental class: Old valid output dimension: 90
Incremental class: New Valid output dimension: 100
#reg_term: 1
Epoch:0
LR: 0.0001
Itr		Time		  Data		  Loss		Acc
[0/469]	0.1307 (0.1307)	0.1229 (0.1229)	6.970 (6.970)	0.00 (0.00)
[100/469]	0.0035 (0.0114)	0.0001 (0.0084)	0.468 (1.134)	86.72 (72.62)
[200/469]	0.0030 (0.0109)	0.0001 (0.0079)	0.186 (0.713)	92.97 (81.94)
[300/469]	0.0241 (0.0108)	0.0213 (0.0078)	0.253 (0.563)	92.19 (85.37)
[400/469]	0.0029 (0.0106)	0.0001 (0.0076)	0.258 (0.473)	91.41 (87.53)
[468/469]	0.0161 (0.0106)	0.0133 (0.0076)	0.241 (0.432)	94.79 (88.54)
 * Train Acc 88.537
 * Val Acc 95.120, Total time 0.92
Epoch:1
LR: 0.0001
Itr		Time		  Data		  Loss		Acc
[0/469]	0.1344 (0.1344)	0.1281 (0.1281)	0.175 (0.175)	96.09 (96.09)
[100/469]	0.0030 (0.0115)	0.0001 (0.0086)	0.156 (0.162)	95.31 (95.44)
[200/469]	0.0037 (0.0109)	0.0008 (0.0079)	0.226 (0.151)	94.53 (95.67)
[300/469]	0.0244 (0.0107)	0.0209 (0.0078)	0.103 (0.145)	95.31 (95.85)
[400/469]	0.0030 (0.0106)	0.0002 (0.0076)	0.064 (0.140)	98.44 (95.94)
[468/469]	0.0164 (0.0105)	0.0135 (0.0076)	0.162 (0.137)	95.83 (96.00)
 * Train Acc 96.003
 * Val Acc 96.530, Total time 0.95
validation split name: 1
 * Val Acc 0.000, Total time 0.69
validation split name: 2
 * Val Acc 0.000, Total time 0.93
validation split name: 3
 * Val Acc 0.000, Total time 0.94
validation split name: 4
 * Val Acc 26.210, Total time 0.92
validation split name: 5
 * Val Acc 55.130, Total time 0.94
validation split name: 6
 * Val Acc 52.770, Total time 0.94
validation split name: 7
 * Val Acc 39.360, Total time 0.93
validation split name: 8
 * Val Acc 80.420, Total time 0.93
validation split name: 9
 * Val Acc 77.650, Total time 0.92
validation split name: 10
 * Val Acc 96.530, Total time 0.94
OrderedDict([('1', OrderedDict([('1', 96.53), ('2', 11.9), ('3', 0.0), ('4', 0.0), ('5', 0.0), ('6', 0.0), ('7', 0.0), ('8', 0.0), ('9', 0.0), ('10', 0.0)])), ('2', OrderedDict([('2', 96.9), ('3', 22.38), ('4', 0.14), ('5', 0.0), ('6', 0.0), ('7', 0.0), ('8', 0.0), ('9', 0.0), ('10', 0.0)])), ('3', OrderedDict([('3', 96.54), ('4', 49.34), ('5', 13.24), ('6', 9.78), ('7', 6.57), ('8', 3.19), ('9', 0.01), ('10', 0.0)])), ('4', OrderedDict([('4', 96.64), ('5', 77.65), ('6', 78.79), ('7', 67.42), ('8', 23.62), ('9', 24.69), ('10', 26.21)])), ('5', OrderedDict([('5', 96.49), ('6', 91.05), ('7', 91.77), ('8', 73.85), ('9', 67.48), ('10', 55.13)])), ('6', OrderedDict([('6', 96.31), ('7', 93.41), ('8', 92.68), ('9', 65.34), ('10', 52.77)])), ('7', OrderedDict([('7', 96.41), ('8', 87.91), ('9', 68.53), ('10', 39.36)])), ('8', OrderedDict([('8', 96.44), ('9', 92.83), ('10', 80.42)])), ('9', OrderedDict([('9', 96.52), ('10', 77.65)])), ('10', OrderedDict([('10', 96.53)]))])
Task 1 average acc: 96.53
Task 2 average acc: 54.400000000000006
Task 3 average acc: 39.64
Task 4 average acc: 36.53
Task 5 average acc: 37.476
Task 6 average acc: 45.98833333333334
Task 7 average acc: 50.797142857142845
Task 8 average acc: 47.21125
Task 9 average acc: 46.15555555555555
Task 10 average acc: 42.807
===Summary of experiment repeats: 2 / 5 ===
The regularization coefficient: 0.0
The last avg acc of all repeats: [50.28  42.807  0.     0.     0.   ]
mean: 18.617399999999996 std: 22.923698371772385
MLP(
  (linear): Sequential(
    (0): Linear(in_features=1024, out_features=1000, bias=True)
    (1): ReLU(inplace=True)
    (2): Linear(in_features=1000, out_features=1000, bias=True)
    (3): ReLU(inplace=True)
  )
  (last): ModuleDict(
    (All): Linear(in_features=1000, out_features=100, bias=True)
  )
)
#parameter of model: 2126100
Task order: ['1', '2', '3', '4', '5', '6', '7', '8', '9', '10']
====================== 1 =======================
Incremental class: Old valid output dimension: ALL
Incremental class: New Valid output dimension: 10
#reg_term: 0
Epoch:0
LR: 0.0001
Itr		Time		  Data		  Loss		Acc
[0/469]	0.1161 (0.1161)	0.1112 (0.1112)	2.317 (2.317)	0.00 (0.00)
[100/469]	0.0029 (0.0082)	0.0009 (0.0061)	0.410 (0.827)	88.28 (78.60)
[200/469]	0.0020 (0.0076)	0.0001 (0.0056)	0.436 (0.575)	89.06 (84.59)
[300/469]	0.0164 (0.0075)	0.0144 (0.0054)	0.249 (0.470)	95.31 (87.19)
[400/469]	0.0021 (0.0074)	0.0001 (0.0053)	0.200 (0.412)	93.75 (88.70)
[468/469]	0.0117 (0.0074)	0.0095 (0.0053)	0.166 (0.381)	93.75 (89.46)
 * Train Acc 89.457
 * Val Acc 94.490, Total time 0.69
Epoch:1
LR: 0.0001
Itr		Time		  Data		  Loss		Acc
[0/469]	0.1204 (0.1204)	0.1153 (0.1153)	0.151 (0.151)	94.53 (94.53)
[100/469]	0.0028 (0.0081)	0.0009 (0.0058)	0.139 (0.176)	95.31 (94.76)
[200/469]	0.0174 (0.0077)	0.0152 (0.0055)	0.232 (0.169)	94.53 (95.05)
[300/469]	0.0021 (0.0075)	0.0002 (0.0053)	0.156 (0.162)	93.75 (95.31)
[400/469]	0.0020 (0.0074)	0.0001 (0.0052)	0.130 (0.157)	96.09 (95.44)
[468/469]	0.0023 (0.0073)	0.0001 (0.0052)	0.068 (0.154)	98.96 (95.52)
 * Train Acc 95.518
 * Val Acc 96.170, Total time 0.69
validation split name: 1
 * Val Acc 96.170, Total time 0.70
====================== 2 =======================
Incremental class: Old valid output dimension: 10
Incremental class: New Valid output dimension: 20
#reg_term: 1
Epoch:0
LR: 0.0001
Itr		Time		  Data		  Loss		Acc
[0/469]	0.1315 (0.1315)	0.1205 (0.1205)	3.152 (3.152)	0.00 (0.00)
[100/469]	0.0038 (0.0114)	0.0009 (0.0084)	0.306 (0.697)	92.19 (80.41)
[200/469]	0.0033 (0.0109)	0.0002 (0.0079)	0.153 (0.493)	96.09 (85.79)
[300/469]	0.0134 (0.0107)	0.0105 (0.0077)	0.133 (0.408)	95.31 (88.16)
[400/469]	0.0225 (0.0106)	0.0195 (0.0076)	0.166 (0.354)	96.09 (89.76)
[468/469]	0.0030 (0.0105)	0.0001 (0.0075)	0.177 (0.328)	94.79 (90.53)
 * Train Acc 90.535
 * Val Acc 95.360, Total time 0.96
Epoch:1
LR: 0.0001
Itr		Time		  Data		  Loss		Acc
[0/469]	0.1376 (0.1376)	0.1314 (0.1314)	0.134 (0.134)	95.31 (95.31)
[100/469]	0.0034 (0.0118)	0.0002 (0.0088)	0.187 (0.158)	93.75 (95.47)
[200/469]	0.0044 (0.0109)	0.0015 (0.0080)	0.078 (0.146)	97.66 (95.68)
[300/469]	0.0234 (0.0107)	0.0205 (0.0078)	0.092 (0.138)	96.88 (95.95)
[400/469]	0.0034 (0.0106)	0.0001 (0.0076)	0.060 (0.132)	97.66 (96.14)
[468/469]	0.0162 (0.0105)	0.0133 (0.0076)	0.103 (0.130)	96.88 (96.17)
 * Train Acc 96.167
 * Val Acc 96.490, Total time 0.93
validation split name: 1
 * Val Acc 10.120, Total time 0.70
validation split name: 2
 * Val Acc 96.490, Total time 0.92
====================== 3 =======================
Incremental class: Old valid output dimension: 20
Incremental class: New Valid output dimension: 30
#reg_term: 1
Epoch:0
LR: 0.0001
Itr		Time		  Data		  Loss		Acc
[0/469]	0.1295 (0.1295)	0.1236 (0.1236)	4.596 (4.596)	0.00 (0.00)
[100/469]	0.0034 (0.0114)	0.0005 (0.0084)	0.328 (0.797)	89.06 (77.72)
[200/469]	0.0030 (0.0108)	0.0002 (0.0079)	0.261 (0.538)	93.75 (84.75)
[300/469]	0.0233 (0.0107)	0.0205 (0.0078)	0.268 (0.439)	90.62 (87.47)
[400/469]	0.0038 (0.0105)	0.0009 (0.0076)	0.153 (0.377)	95.31 (89.25)
[468/469]	0.0158 (0.0105)	0.0130 (0.0076)	0.249 (0.348)	91.67 (90.02)
 * Train Acc 90.022
 * Val Acc 95.250, Total time 0.95
Epoch:1
LR: 0.0001
Itr		Time		  Data		  Loss		Acc
[0/469]	0.1249 (0.1249)	0.1186 (0.1186)	0.214 (0.214)	93.75 (93.75)
[100/469]	0.0246 (0.0118)	0.0216 (0.0088)	0.070 (0.145)	97.66 (95.66)
[200/469]	0.0031 (0.0111)	0.0002 (0.0081)	0.145 (0.140)	96.88 (95.86)
[300/469]	0.0030 (0.0109)	0.0001 (0.0078)	0.119 (0.137)	96.09 (96.05)
[400/469]	0.0248 (0.0107)	0.0214 (0.0077)	0.072 (0.132)	98.44 (96.17)
[468/469]	0.0029 (0.0106)	0.0001 (0.0076)	0.168 (0.129)	95.83 (96.26)
 * Train Acc 96.258
 * Val Acc 96.880, Total time 0.98
validation split name: 1
 * Val Acc 0.000, Total time 0.68
validation split name: 2
 * Val Acc 18.570, Total time 0.93
validation split name: 3
 * Val Acc 96.880, Total time 0.93
====================== 4 =======================
Incremental class: Old valid output dimension: 30
Incremental class: New Valid output dimension: 40
#reg_term: 1
Epoch:0
LR: 0.0001
Itr		Time		  Data		  Loss		Acc
[0/469]	0.1435 (0.1435)	0.1369 (0.1369)	6.799 (6.799)	0.00 (0.00)
[100/469]	0.0044 (0.0120)	0.0014 (0.0089)	0.359 (1.051)	86.72 (72.73)
[200/469]	0.0030 (0.0111)	0.0002 (0.0081)	0.212 (0.676)	92.97 (81.87)
[300/469]	0.0247 (0.0108)	0.0219 (0.0079)	0.139 (0.536)	94.53 (85.39)
[400/469]	0.0030 (0.0107)	0.0001 (0.0077)	0.195 (0.455)	93.75 (87.46)
[468/469]	0.0165 (0.0106)	0.0137 (0.0076)	0.261 (0.418)	92.71 (88.46)
 * Train Acc 88.463
 * Val Acc 95.210, Total time 0.94
Epoch:1
LR: 0.0001
Itr		Time		  Data		  Loss		Acc
[0/469]	0.1272 (0.1272)	0.1198 (0.1198)	0.153 (0.153)	95.31 (95.31)
[100/469]	0.0030 (0.0117)	0.0001 (0.0086)	0.146 (0.174)	96.09 (94.91)
[200/469]	0.0029 (0.0110)	0.0001 (0.0081)	0.148 (0.158)	96.09 (95.32)
[300/469]	0.0147 (0.0109)	0.0113 (0.0078)	0.103 (0.149)	96.88 (95.60)
[400/469]	0.0249 (0.0109)	0.0215 (0.0077)	0.114 (0.145)	97.66 (95.74)
[468/469]	0.0029 (0.0107)	0.0001 (0.0076)	0.165 (0.142)	94.79 (95.79)
 * Train Acc 95.793
 * Val Acc 96.510, Total time 0.94
validation split name: 1
 * Val Acc 0.000, Total time 0.69
validation split name: 2
 * Val Acc 0.000, Total time 0.96
validation split name: 3
 * Val Acc 42.690, Total time 0.93
validation split name: 4
 * Val Acc 96.510, Total time 0.94
====================== 5 =======================
Incremental class: Old valid output dimension: 40
Incremental class: New Valid output dimension: 50
#reg_term: 1
Epoch:0
LR: 0.0001
Itr		Time		  Data		  Loss		Acc
[0/469]	0.1261 (0.1261)	0.1200 (0.1200)	8.107 (8.107)	0.00 (0.00)
[100/469]	0.0030 (0.0116)	0.0001 (0.0085)	0.356 (1.239)	90.62 (69.74)
[200/469]	0.0031 (0.0111)	0.0002 (0.0079)	0.303 (0.776)	90.62 (80.31)
[300/469]	0.0238 (0.0109)	0.0209 (0.0078)	0.340 (0.603)	92.19 (84.35)
[400/469]	0.0036 (0.0107)	0.0001 (0.0077)	0.303 (0.508)	90.62 (86.62)
[468/469]	0.0178 (0.0106)	0.0143 (0.0076)	0.197 (0.463)	92.71 (87.70)
 * Train Acc 87.702
 * Val Acc 94.810, Total time 0.92
Epoch:1
LR: 0.0001
Itr		Time		  Data		  Loss		Acc
[0/469]	0.1263 (0.1263)	0.1200 (0.1200)	0.252 (0.252)	93.75 (93.75)
[100/469]	0.0038 (0.0113)	0.0010 (0.0084)	0.145 (0.169)	96.09 (95.07)
[200/469]	0.0243 (0.0108)	0.0214 (0.0079)	0.158 (0.165)	96.09 (95.14)
[300/469]	0.0030 (0.0107)	0.0002 (0.0078)	0.073 (0.159)	98.44 (95.35)
[400/469]	0.0029 (0.0106)	0.0001 (0.0077)	0.138 (0.153)	93.75 (95.53)
[468/469]	0.0029 (0.0105)	0.0001 (0.0077)	0.132 (0.150)	96.88 (95.61)
 * Train Acc 95.610
 * Val Acc 96.180, Total time 0.93
validation split name: 1
 * Val Acc 0.000, Total time 0.68
validation split name: 2
 * Val Acc 0.010, Total time 0.92
validation split name: 3
 * Val Acc 16.650, Total time 0.92
validation split name: 4
 * Val Acc 86.800, Total time 0.96
validation split name: 5
 * Val Acc 96.180, Total time 0.93
====================== 6 =======================
Incremental class: Old valid output dimension: 50
Incremental class: New Valid output dimension: 60
#reg_term: 1
Epoch:0
LR: 0.0001
Itr		Time		  Data		  Loss		Acc
[0/469]	0.1414 (0.1414)	0.1349 (0.1349)	6.912 (6.912)	0.00 (0.00)
[100/469]	0.0031 (0.0119)	0.0002 (0.0090)	0.460 (1.155)	87.50 (70.39)
[200/469]	0.0030 (0.0111)	0.0001 (0.0081)	0.302 (0.733)	90.62 (80.63)
[300/469]	0.0244 (0.0109)	0.0216 (0.0079)	0.238 (0.572)	94.53 (84.61)
[400/469]	0.0030 (0.0107)	0.0001 (0.0078)	0.195 (0.482)	92.97 (86.89)
[468/469]	0.0171 (0.0106)	0.0143 (0.0077)	0.198 (0.440)	93.75 (88.00)
 * Train Acc 88.003
 * Val Acc 95.200, Total time 0.95
Epoch:1
LR: 0.0001
Itr		Time		  Data		  Loss		Acc
[0/469]	0.1286 (0.1286)	0.1223 (0.1223)	0.212 (0.212)	93.75 (93.75)
[100/469]	0.0135 (0.0114)	0.0105 (0.0084)	0.147 (0.157)	96.09 (95.44)
[200/469]	0.0036 (0.0108)	0.0002 (0.0078)	0.094 (0.153)	97.66 (95.49)
[300/469]	0.0098 (0.0106)	0.0069 (0.0076)	0.136 (0.149)	95.31 (95.61)
[400/469]	0.0131 (0.0105)	0.0103 (0.0076)	0.209 (0.143)	96.09 (95.82)
[468/469]	0.0130 (0.0104)	0.0101 (0.0075)	0.163 (0.140)	96.88 (95.90)
 * Train Acc 95.902
 * Val Acc 96.640, Total time 0.92
validation split name: 1
 * Val Acc 0.000, Total time 0.73
validation split name: 2
 * Val Acc 0.000, Total time 0.94
validation split name: 3
 * Val Acc 7.920, Total time 0.94
validation split name: 4
 * Val Acc 88.050, Total time 0.93
validation split name: 5
 * Val Acc 90.890, Total time 0.94
validation split name: 6
 * Val Acc 96.640, Total time 0.94
====================== 7 =======================
Incremental class: Old valid output dimension: 60
Incremental class: New Valid output dimension: 70
#reg_term: 1
Epoch:0
LR: 0.0001
Itr		Time		  Data		  Loss		Acc
[0/469]	0.1342 (0.1342)	0.1281 (0.1281)	6.766 (6.766)	0.00 (0.00)
[100/469]	0.0209 (0.0121)	0.0179 (0.0090)	0.455 (1.135)	89.06 (73.10)
[200/469]	0.0030 (0.0112)	0.0002 (0.0081)	0.325 (0.724)	89.06 (81.83)
[300/469]	0.0225 (0.0109)	0.0196 (0.0079)	0.393 (0.567)	88.28 (85.37)
[400/469]	0.0031 (0.0107)	0.0002 (0.0077)	0.155 (0.477)	95.31 (87.49)
[468/469]	0.0172 (0.0106)	0.0143 (0.0077)	0.188 (0.436)	94.79 (88.49)
 * Train Acc 88.487
 * Val Acc 94.850, Total time 0.93
Epoch:1
LR: 0.0001
Itr		Time		  Data		  Loss		Acc
[0/469]	0.1238 (0.1238)	0.1178 (0.1178)	0.246 (0.246)	92.19 (92.19)
[100/469]	0.0033 (0.0117)	0.0004 (0.0087)	0.212 (0.169)	95.31 (95.24)
[200/469]	0.0030 (0.0110)	0.0002 (0.0080)	0.108 (0.156)	96.88 (95.57)
[300/469]	0.0251 (0.0108)	0.0222 (0.0079)	0.089 (0.148)	96.88 (95.67)
[400/469]	0.0030 (0.0106)	0.0001 (0.0077)	0.114 (0.144)	96.88 (95.79)
[468/469]	0.0165 (0.0106)	0.0137 (0.0077)	0.140 (0.142)	95.83 (95.86)
 * Train Acc 95.855
 * Val Acc 96.510, Total time 0.93
validation split name: 1
 * Val Acc 0.000, Total time 0.69
validation split name: 2
 * Val Acc 0.000, Total time 0.92
validation split name: 3
 * Val Acc 0.120, Total time 0.93
validation split name: 4
 * Val Acc 81.950, Total time 0.93
validation split name: 5
 * Val Acc 89.700, Total time 0.93
validation split name: 6
 * Val Acc 93.380, Total time 0.93
validation split name: 7
 * Val Acc 96.510, Total time 0.94
====================== 8 =======================
Incremental class: Old valid output dimension: 70
Incremental class: New Valid output dimension: 80
#reg_term: 1
Epoch:0
LR: 0.0001
Itr		Time		  Data		  Loss		Acc
[0/469]	0.1377 (0.1377)	0.1309 (0.1309)	6.987 (6.987)	0.00 (0.00)
[100/469]	0.0192 (0.0116)	0.0162 (0.0085)	0.269 (1.131)	92.19 (71.99)
[200/469]	0.0195 (0.0109)	0.0165 (0.0079)	0.206 (0.720)	92.19 (81.45)
[300/469]	0.0043 (0.0107)	0.0015 (0.0077)	0.211 (0.562)	92.19 (85.24)
[400/469]	0.0071 (0.0106)	0.0042 (0.0076)	0.297 (0.475)	90.62 (87.35)
[468/469]	0.0029 (0.0105)	0.0001 (0.0076)	0.076 (0.433)	97.92 (88.42)
 * Train Acc 88.415
 * Val Acc 95.200, Total time 0.92
Epoch:1
LR: 0.0001
Itr		Time		  Data		  Loss		Acc
[0/469]	0.1380 (0.1380)	0.1315 (0.1315)	0.108 (0.108)	96.88 (96.88)
[100/469]	0.0034 (0.0118)	0.0001 (0.0087)	0.143 (0.164)	96.09 (95.13)
[200/469]	0.0037 (0.0109)	0.0009 (0.0079)	0.157 (0.156)	95.31 (95.48)
[300/469]	0.0076 (0.0107)	0.0048 (0.0077)	0.132 (0.148)	95.31 (95.73)
[400/469]	0.0030 (0.0106)	0.0001 (0.0076)	0.279 (0.145)	93.75 (95.82)
[468/469]	0.0029 (0.0106)	0.0001 (0.0076)	0.066 (0.142)	97.92 (95.91)
 * Train Acc 95.908
 * Val Acc 96.690, Total time 0.92
validation split name: 1
 * Val Acc 0.000, Total time 0.70
validation split name: 2
 * Val Acc 0.000, Total time 0.92
validation split name: 3
 * Val Acc 0.510, Total time 0.98
validation split name: 4
 * Val Acc 50.140, Total time 0.92
validation split name: 5
 * Val Acc 89.780, Total time 0.96
validation split name: 6
 * Val Acc 87.110, Total time 0.96
validation split name: 7
 * Val Acc 90.860, Total time 0.96
validation split name: 8
 * Val Acc 96.690, Total time 0.93
====================== 9 =======================
Incremental class: Old valid output dimension: 80
Incremental class: New Valid output dimension: 90
#reg_term: 1
Epoch:0
LR: 0.0001
Itr		Time		  Data		  Loss		Acc
[0/469]	0.1405 (0.1405)	0.1337 (0.1337)	6.877 (6.877)	0.00 (0.00)
[100/469]	0.0029 (0.0117)	0.0002 (0.0088)	0.234 (1.122)	94.53 (73.12)
[200/469]	0.0037 (0.0109)	0.0009 (0.0080)	0.304 (0.717)	89.84 (81.99)
[300/469]	0.0238 (0.0106)	0.0210 (0.0078)	0.210 (0.557)	92.97 (85.66)
[400/469]	0.0029 (0.0105)	0.0001 (0.0077)	0.186 (0.471)	92.97 (87.69)
[468/469]	0.0166 (0.0104)	0.0139 (0.0076)	0.169 (0.428)	95.83 (88.74)
 * Train Acc 88.737
 * Val Acc 95.190, Total time 0.95
Epoch:1
LR: 0.0001
Itr		Time		  Data		  Loss		Acc
[0/469]	0.1266 (0.1266)	0.1202 (0.1202)	0.314 (0.314)	89.84 (89.84)
[100/469]	0.0248 (0.0120)	0.0218 (0.0089)	0.267 (0.158)	91.41 (95.58)
[200/469]	0.0035 (0.0110)	0.0002 (0.0081)	0.157 (0.152)	94.53 (95.60)
[300/469]	0.0030 (0.0107)	0.0001 (0.0078)	0.107 (0.145)	96.09 (95.80)
[400/469]	0.0241 (0.0106)	0.0212 (0.0077)	0.188 (0.139)	94.53 (96.01)
[468/469]	0.0030 (0.0105)	0.0001 (0.0076)	0.029 (0.135)	100.00 (96.11)
 * Train Acc 96.112
 * Val Acc 96.670, Total time 0.93
validation split name: 1
 * Val Acc 0.000, Total time 0.69
validation split name: 2
 * Val Acc 0.000, Total time 0.92
validation split name: 3
 * Val Acc 0.860, Total time 0.94
validation split name: 4
 * Val Acc 50.530, Total time 0.93
validation split name: 5
 * Val Acc 64.980, Total time 0.94
validation split name: 6
 * Val Acc 80.910, Total time 0.93
validation split name: 7
 * Val Acc 76.200, Total time 0.92
validation split name: 8
 * Val Acc 90.660, Total time 0.92
validation split name: 9
 * Val Acc 96.670, Total time 0.95
====================== 10 =======================
Incremental class: Old valid output dimension: 90
Incremental class: New Valid output dimension: 100
#reg_term: 1
Epoch:0
LR: 0.0001
Itr		Time		  Data		  Loss		Acc
[0/469]	0.1315 (0.1315)	0.1249 (0.1249)	7.112 (7.112)	0.00 (0.00)
[100/469]	0.0029 (0.0115)	0.0001 (0.0085)	0.390 (1.075)	88.28 (73.56)
[200/469]	0.0030 (0.0108)	0.0001 (0.0079)	0.281 (0.689)	92.19 (82.29)
[300/469]	0.0236 (0.0106)	0.0205 (0.0077)	0.258 (0.545)	93.75 (85.70)
[400/469]	0.0039 (0.0105)	0.0011 (0.0076)	0.202 (0.460)	92.97 (87.83)
[468/469]	0.0163 (0.0105)	0.0135 (0.0076)	0.154 (0.420)	93.75 (88.83)
 * Train Acc 88.827
 * Val Acc 95.210, Total time 0.95
Epoch:1
LR: 0.0001
Itr		Time		  Data		  Loss		Acc
[0/469]	0.1260 (0.1260)	0.1194 (0.1194)	0.162 (0.162)	96.88 (96.88)
[100/469]	0.0030 (0.0113)	0.0002 (0.0082)	0.144 (0.159)	95.31 (95.51)
[200/469]	0.0037 (0.0107)	0.0009 (0.0077)	0.230 (0.156)	93.75 (95.59)
[300/469]	0.0237 (0.0106)	0.0204 (0.0076)	0.115 (0.151)	96.09 (95.68)
[400/469]	0.0036 (0.0104)	0.0001 (0.0075)	0.095 (0.145)	97.66 (95.81)
[468/469]	0.0155 (0.0104)	0.0127 (0.0074)	0.051 (0.140)	98.96 (95.93)
 * Train Acc 95.933
 * Val Acc 96.560, Total time 0.92
validation split name: 1
 * Val Acc 0.000, Total time 0.69
validation split name: 2
 * Val Acc 0.000, Total time 0.94
validation split name: 3
 * Val Acc 0.010, Total time 0.93
validation split name: 4
 * Val Acc 32.880, Total time 0.93
validation split name: 5
 * Val Acc 64.870, Total time 0.94
validation split name: 6
 * Val Acc 48.540, Total time 0.95
validation split name: 7
 * Val Acc 63.310, Total time 0.94
validation split name: 8
 * Val Acc 72.310, Total time 0.93
validation split name: 9
 * Val Acc 91.410, Total time 0.93
validation split name: 10
 * Val Acc 96.560, Total time 0.93
OrderedDict([('1', OrderedDict([('1', 96.17), ('2', 10.12), ('3', 0.0), ('4', 0.0), ('5', 0.0), ('6', 0.0), ('7', 0.0), ('8', 0.0), ('9', 0.0), ('10', 0.0)])), ('2', OrderedDict([('2', 96.49), ('3', 18.57), ('4', 0.0), ('5', 0.01), ('6', 0.0), ('7', 0.0), ('8', 0.0), ('9', 0.0), ('10', 0.0)])), ('3', OrderedDict([('3', 96.88), ('4', 42.69), ('5', 16.65), ('6', 7.92), ('7', 0.12), ('8', 0.51), ('9', 0.86), ('10', 0.01)])), ('4', OrderedDict([('4', 96.51), ('5', 86.8), ('6', 88.05), ('7', 81.95), ('8', 50.14), ('9', 50.53), ('10', 32.88)])), ('5', OrderedDict([('5', 96.18), ('6', 90.89), ('7', 89.7), ('8', 89.78), ('9', 64.98), ('10', 64.87)])), ('6', OrderedDict([('6', 96.64), ('7', 93.38), ('8', 87.11), ('9', 80.91), ('10', 48.54)])), ('7', OrderedDict([('7', 96.51), ('8', 90.86), ('9', 76.2), ('10', 63.31)])), ('8', OrderedDict([('8', 96.69), ('9', 90.66), ('10', 72.31)])), ('9', OrderedDict([('9', 96.67), ('10', 91.41)])), ('10', OrderedDict([('10', 96.56)]))])
Task 1 average acc: 96.17
Task 2 average acc: 53.305
Task 3 average acc: 38.48333333333333
Task 4 average acc: 34.8
Task 5 average acc: 39.928
Task 6 average acc: 47.25
Task 7 average acc: 51.66571428571428
Task 8 average acc: 51.886250000000004
Task 9 average acc: 51.20111111111111
Task 10 average acc: 46.989000000000004
===Summary of experiment repeats: 3 / 5 ===
The regularization coefficient: 0.0
The last avg acc of all repeats: [50.28  42.807 46.989  0.     0.   ]
mean: 28.0152 std: 22.996637209818307
MLP(
  (linear): Sequential(
    (0): Linear(in_features=1024, out_features=1000, bias=True)
    (1): ReLU(inplace=True)
    (2): Linear(in_features=1000, out_features=1000, bias=True)
    (3): ReLU(inplace=True)
  )
  (last): ModuleDict(
    (All): Linear(in_features=1000, out_features=100, bias=True)
  )
)
#parameter of model: 2126100
Task order: ['1', '2', '3', '4', '5', '6', '7', '8', '9', '10']
====================== 1 =======================
Incremental class: Old valid output dimension: ALL
Incremental class: New Valid output dimension: 10
#reg_term: 0
Epoch:0
LR: 0.0001
Itr		Time		  Data		  Loss		Acc
[0/469]	0.1139 (0.1139)	0.1086 (0.1086)	2.307 (2.307)	0.00 (0.00)
[100/469]	0.0023 (0.0083)	0.0002 (0.0060)	0.280 (0.825)	91.41 (78.34)
[200/469]	0.0174 (0.0079)	0.0153 (0.0057)	0.351 (0.569)	89.84 (84.72)
[300/469]	0.0023 (0.0077)	0.0001 (0.0055)	0.161 (0.467)	96.88 (87.23)
[400/469]	0.0023 (0.0077)	0.0001 (0.0054)	0.174 (0.407)	95.31 (88.75)
[468/469]	0.0020 (0.0076)	0.0001 (0.0054)	0.263 (0.377)	88.54 (89.55)
 * Train Acc 89.547
 * Val Acc 94.330, Total time 0.70
Epoch:1
LR: 0.0001
Itr		Time		  Data		  Loss		Acc
[0/469]	0.1238 (0.1238)	0.1185 (0.1185)	0.166 (0.166)	96.09 (96.09)
[100/469]	0.0103 (0.0087)	0.0082 (0.0064)	0.200 (0.173)	92.19 (95.18)
[200/469]	0.0021 (0.0080)	0.0001 (0.0057)	0.140 (0.164)	94.53 (95.29)
[300/469]	0.0178 (0.0078)	0.0156 (0.0056)	0.211 (0.160)	93.75 (95.34)
[400/469]	0.0032 (0.0077)	0.0002 (0.0055)	0.106 (0.154)	97.66 (95.51)
[468/469]	0.0118 (0.0076)	0.0095 (0.0054)	0.140 (0.152)	96.88 (95.56)
 * Train Acc 95.562
 * Val Acc 96.350, Total time 0.70
validation split name: 1
 * Val Acc 96.350, Total time 0.68
====================== 2 =======================
Incremental class: Old valid output dimension: 10
Incremental class: New Valid output dimension: 20
#reg_term: 1
Epoch:0
LR: 0.0001
Itr		Time		  Data		  Loss		Acc
[0/469]	0.1312 (0.1312)	0.1216 (0.1216)	3.216 (3.216)	0.00 (0.00)
[100/469]	0.0037 (0.0113)	0.0008 (0.0082)	0.273 (0.706)	92.19 (79.25)
[200/469]	0.0039 (0.0107)	0.0010 (0.0077)	0.281 (0.498)	90.62 (85.42)
[300/469]	0.0237 (0.0105)	0.0208 (0.0075)	0.133 (0.409)	95.31 (88.05)
[400/469]	0.0030 (0.0104)	0.0001 (0.0074)	0.163 (0.356)	93.75 (89.59)
[468/469]	0.0171 (0.0104)	0.0143 (0.0074)	0.184 (0.330)	94.79 (90.33)
 * Train Acc 90.327
 * Val Acc 95.410, Total time 0.91
Epoch:1
LR: 0.0001
Itr		Time		  Data		  Loss		Acc
[0/469]	0.1353 (0.1353)	0.1285 (0.1285)	0.186 (0.186)	95.31 (95.31)
[100/469]	0.0193 (0.0117)	0.0159 (0.0083)	0.081 (0.153)	97.66 (95.73)
[200/469]	0.0036 (0.0110)	0.0002 (0.0077)	0.145 (0.147)	96.88 (95.79)
[300/469]	0.0030 (0.0107)	0.0002 (0.0075)	0.224 (0.139)	94.53 (96.01)
[400/469]	0.0244 (0.0106)	0.0215 (0.0075)	0.070 (0.133)	98.44 (96.18)
[468/469]	0.0029 (0.0105)	0.0001 (0.0074)	0.033 (0.129)	98.96 (96.28)
 * Train Acc 96.282
 * Val Acc 96.840, Total time 0.95
validation split name: 1
 * Val Acc 8.820, Total time 0.69
validation split name: 2
 * Val Acc 96.840, Total time 0.92
====================== 3 =======================
Incremental class: Old valid output dimension: 20
Incremental class: New Valid output dimension: 30
#reg_term: 1
Epoch:0
LR: 0.0001
Itr		Time		  Data		  Loss		Acc
[0/469]	0.1264 (0.1264)	0.1195 (0.1195)	4.656 (4.656)	0.00 (0.00)
[100/469]	0.0032 (0.0113)	0.0004 (0.0082)	0.276 (0.811)	92.97 (77.65)
[200/469]	0.0254 (0.0109)	0.0225 (0.0079)	0.154 (0.552)	96.09 (84.46)
[300/469]	0.0035 (0.0107)	0.0001 (0.0077)	0.284 (0.447)	91.41 (87.33)
[400/469]	0.0032 (0.0106)	0.0002 (0.0076)	0.126 (0.386)	96.09 (89.04)
[468/469]	0.0029 (0.0106)	0.0001 (0.0076)	0.167 (0.356)	93.75 (89.90)
 * Train Acc 89.897
 * Val Acc 95.380, Total time 0.94
Epoch:1
LR: 0.0001
Itr		Time		  Data		  Loss		Acc
[0/469]	0.1337 (0.1337)	0.1270 (0.1270)	0.123 (0.123)	95.31 (95.31)
[100/469]	0.0030 (0.0118)	0.0001 (0.0088)	0.061 (0.152)	99.22 (95.48)
[200/469]	0.0038 (0.0110)	0.0009 (0.0080)	0.136 (0.144)	96.09 (95.72)
[300/469]	0.0235 (0.0108)	0.0206 (0.0078)	0.175 (0.139)	95.31 (95.92)
[400/469]	0.0035 (0.0106)	0.0006 (0.0077)	0.064 (0.134)	99.22 (96.10)
[468/469]	0.0163 (0.0106)	0.0135 (0.0076)	0.149 (0.130)	95.83 (96.19)
 * Train Acc 96.193
 * Val Acc 96.790, Total time 0.92
validation split name: 1
 * Val Acc 0.000, Total time 0.70
validation split name: 2
 * Val Acc 17.560, Total time 0.92
validation split name: 3
 * Val Acc 96.790, Total time 0.95
====================== 4 =======================
Incremental class: Old valid output dimension: 30
Incremental class: New Valid output dimension: 40
#reg_term: 1
Epoch:0
LR: 0.0001
Itr		Time		  Data		  Loss		Acc
[0/469]	0.1227 (0.1227)	0.1159 (0.1159)	6.718 (6.718)	0.00 (0.00)
[100/469]	0.0272 (0.0123)	0.0228 (0.0086)	0.362 (1.065)	88.28 (73.58)
[200/469]	0.0031 (0.0116)	0.0002 (0.0081)	0.197 (0.687)	95.31 (82.28)
[300/469]	0.0031 (0.0111)	0.0001 (0.0078)	0.188 (0.542)	95.31 (85.72)
[400/469]	0.0239 (0.0109)	0.0209 (0.0077)	0.196 (0.462)	94.53 (87.66)
[468/469]	0.0029 (0.0108)	0.0001 (0.0076)	0.118 (0.424)	95.83 (88.59)
 * Train Acc 88.593
 * Val Acc 95.100, Total time 0.99
Epoch:1
LR: 0.0001
Itr		Time		  Data		  Loss		Acc
[0/469]	0.1309 (0.1309)	0.1243 (0.1243)	0.142 (0.142)	96.88 (96.88)
[100/469]	0.0062 (0.0114)	0.0032 (0.0084)	0.173 (0.158)	93.75 (95.43)
[200/469]	0.0033 (0.0109)	0.0004 (0.0079)	0.208 (0.156)	92.19 (95.51)
[300/469]	0.0051 (0.0107)	0.0021 (0.0078)	0.131 (0.149)	96.09 (95.72)
[400/469]	0.0248 (0.0106)	0.0216 (0.0077)	0.154 (0.144)	95.31 (95.89)
[468/469]	0.0029 (0.0106)	0.0001 (0.0076)	0.183 (0.142)	91.67 (95.93)
 * Train Acc 95.928
 * Val Acc 96.480, Total time 0.93
validation split name: 1
 * Val Acc 0.000, Total time 0.67
validation split name: 2
 * Val Acc 0.050, Total time 0.92
validation split name: 3
 * Val Acc 45.220, Total time 0.94
validation split name: 4
 * Val Acc 96.480, Total time 0.92
====================== 5 =======================
Incremental class: Old valid output dimension: 40
Incremental class: New Valid output dimension: 50
#reg_term: 1
Epoch:0
LR: 0.0001
Itr		Time		  Data		  Loss		Acc
[0/469]	0.1277 (0.1277)	0.1211 (0.1211)	7.846 (7.846)	0.00 (0.00)
[100/469]	0.0035 (0.0115)	0.0001 (0.0084)	0.383 (1.178)	85.94 (69.81)
[200/469]	0.0034 (0.0109)	0.0005 (0.0079)	0.313 (0.746)	95.31 (80.30)
[300/469]	0.0246 (0.0107)	0.0217 (0.0078)	0.272 (0.580)	92.19 (84.43)
[400/469]	0.0031 (0.0106)	0.0001 (0.0076)	0.207 (0.488)	92.19 (86.85)
[468/469]	0.0170 (0.0106)	0.0141 (0.0076)	0.245 (0.445)	91.67 (87.92)
 * Train Acc 87.922
 * Val Acc 95.050, Total time 0.94
Epoch:1
LR: 0.0001
Itr		Time		  Data		  Loss		Acc
[0/469]	0.1304 (0.1304)	0.1240 (0.1240)	0.190 (0.190)	94.53 (94.53)
[100/469]	0.0038 (0.0114)	0.0010 (0.0083)	0.220 (0.166)	93.75 (95.26)
[200/469]	0.0031 (0.0108)	0.0002 (0.0078)	0.167 (0.155)	96.09 (95.52)
[300/469]	0.0256 (0.0107)	0.0227 (0.0077)	0.216 (0.149)	92.19 (95.68)
[400/469]	0.0037 (0.0106)	0.0009 (0.0076)	0.083 (0.145)	96.88 (95.79)
[468/469]	0.0161 (0.0105)	0.0133 (0.0076)	0.130 (0.142)	96.88 (95.87)
 * Train Acc 95.872
 * Val Acc 96.610, Total time 0.93
validation split name: 1
 * Val Acc 0.000, Total time 0.68
validation split name: 2
 * Val Acc 0.000, Total time 0.93
validation split name: 3
 * Val Acc 12.140, Total time 0.93
validation split name: 4
 * Val Acc 90.880, Total time 0.93
validation split name: 5
 * Val Acc 96.610, Total time 0.94
====================== 6 =======================
Incremental class: Old valid output dimension: 50
Incremental class: New Valid output dimension: 60
#reg_term: 1
Epoch:0
LR: 0.0001
Itr		Time		  Data		  Loss		Acc
[0/469]	0.1396 (0.1396)	0.1327 (0.1327)	7.373 (7.373)	0.00 (0.00)
[100/469]	0.0031 (0.0116)	0.0001 (0.0086)	0.429 (1.178)	84.38 (71.42)
[200/469]	0.0039 (0.0110)	0.0010 (0.0079)	0.290 (0.741)	89.84 (81.21)
[300/469]	0.0037 (0.0108)	0.0008 (0.0077)	0.234 (0.577)	92.97 (85.02)
[400/469]	0.0240 (0.0107)	0.0211 (0.0077)	0.082 (0.487)	98.44 (87.16)
[468/469]	0.0029 (0.0106)	0.0001 (0.0076)	0.092 (0.445)	97.92 (88.21)
 * Train Acc 88.213
 * Val Acc 94.670, Total time 0.94
Epoch:1
LR: 0.0001
Itr		Time		  Data		  Loss		Acc
[0/469]	0.1264 (0.1264)	0.1200 (0.1200)	0.120 (0.120)	95.31 (95.31)
[100/469]	0.0030 (0.0118)	0.0002 (0.0086)	0.233 (0.160)	92.19 (95.09)
[200/469]	0.0243 (0.0111)	0.0214 (0.0081)	0.105 (0.157)	96.09 (95.25)
[300/469]	0.0030 (0.0108)	0.0001 (0.0078)	0.149 (0.150)	96.09 (95.57)
[400/469]	0.0030 (0.0106)	0.0002 (0.0076)	0.117 (0.146)	94.53 (95.67)
[468/469]	0.0029 (0.0106)	0.0001 (0.0076)	0.089 (0.142)	96.88 (95.81)
 * Train Acc 95.808
 * Val Acc 96.310, Total time 0.94
validation split name: 1
 * Val Acc 0.000, Total time 0.68
validation split name: 2
 * Val Acc 0.000, Total time 0.92
validation split name: 3
 * Val Acc 7.470, Total time 0.94
validation split name: 4
 * Val Acc 76.780, Total time 0.96
validation split name: 5
 * Val Acc 90.020, Total time 0.93
validation split name: 6
 * Val Acc 96.310, Total time 0.93
====================== 7 =======================
Incremental class: Old valid output dimension: 60
Incremental class: New Valid output dimension: 70
#reg_term: 1
Epoch:0
LR: 0.0001
Itr		Time		  Data		  Loss		Acc
[0/469]	0.1262 (0.1262)	0.1196 (0.1196)	7.263 (7.263)	0.00 (0.00)
[100/469]	0.0249 (0.0119)	0.0217 (0.0089)	0.312 (1.163)	89.06 (71.22)
[200/469]	0.0031 (0.0110)	0.0002 (0.0080)	0.270 (0.742)	91.41 (80.75)
[300/469]	0.0030 (0.0107)	0.0001 (0.0077)	0.205 (0.577)	93.75 (84.78)
[400/469]	0.0238 (0.0106)	0.0210 (0.0076)	0.230 (0.489)	90.62 (87.00)
[468/469]	0.0030 (0.0105)	0.0001 (0.0075)	0.167 (0.446)	95.83 (88.05)
 * Train Acc 88.048
 * Val Acc 94.820, Total time 0.95
Epoch:1
LR: 0.0001
Itr		Time		  Data		  Loss		Acc
[0/469]	0.1246 (0.1246)	0.1181 (0.1181)	0.179 (0.179)	92.97 (92.97)
[100/469]	0.0031 (0.0113)	0.0002 (0.0082)	0.241 (0.174)	92.97 (94.83)
[200/469]	0.0243 (0.0109)	0.0214 (0.0079)	0.130 (0.162)	95.31 (95.29)
[300/469]	0.0030 (0.0107)	0.0001 (0.0077)	0.097 (0.155)	96.88 (95.46)
[400/469]	0.0031 (0.0106)	0.0001 (0.0076)	0.106 (0.150)	96.88 (95.61)
[468/469]	0.0029 (0.0106)	0.0001 (0.0076)	0.136 (0.147)	95.83 (95.71)
 * Train Acc 95.712
 * Val Acc 96.360, Total time 0.93
validation split name: 1
 * Val Acc 0.000, Total time 0.68
validation split name: 2
 * Val Acc 0.000, Total time 0.93
validation split name: 3
 * Val Acc 3.340, Total time 0.93
validation split name: 4
 * Val Acc 75.520, Total time 0.93
validation split name: 5
 * Val Acc 90.370, Total time 0.94
validation split name: 6
 * Val Acc 93.370, Total time 0.94
validation split name: 7
 * Val Acc 96.360, Total time 0.93
====================== 8 =======================
Incremental class: Old valid output dimension: 70
Incremental class: New Valid output dimension: 80
#reg_term: 1
Epoch:0
LR: 0.0001
Itr		Time		  Data		  Loss		Acc
[0/469]	0.1273 (0.1273)	0.1203 (0.1203)	7.216 (7.216)	0.00 (0.00)
[100/469]	0.0034 (0.0113)	0.0001 (0.0082)	0.297 (1.156)	90.62 (71.86)
[200/469]	0.0040 (0.0107)	0.0010 (0.0077)	0.312 (0.736)	91.41 (81.20)
[300/469]	0.0235 (0.0106)	0.0205 (0.0076)	0.282 (0.574)	92.19 (85.02)
[400/469]	0.0031 (0.0105)	0.0002 (0.0075)	0.186 (0.483)	96.09 (87.18)
[468/469]	0.0168 (0.0104)	0.0140 (0.0074)	0.343 (0.440)	88.54 (88.23)
 * Train Acc 88.233
 * Val Acc 94.460, Total time 0.92
Epoch:1
LR: 0.0001
Itr		Time		  Data		  Loss		Acc
[0/469]	0.1268 (0.1268)	0.1199 (0.1199)	0.134 (0.134)	96.88 (96.88)
[100/469]	0.0096 (0.0116)	0.0067 (0.0086)	0.181 (0.162)	93.75 (95.26)
[200/469]	0.0131 (0.0109)	0.0101 (0.0079)	0.148 (0.155)	95.31 (95.45)
[300/469]	0.0225 (0.0107)	0.0194 (0.0078)	0.144 (0.152)	94.53 (95.50)
[400/469]	0.0030 (0.0106)	0.0001 (0.0076)	0.128 (0.146)	97.66 (95.74)
[468/469]	0.0111 (0.0105)	0.0083 (0.0076)	0.145 (0.143)	93.75 (95.78)
 * Train Acc 95.780
 * Val Acc 96.270, Total time 0.94
validation split name: 1
 * Val Acc 0.000, Total time 0.69
validation split name: 2
 * Val Acc 0.000, Total time 0.92
validation split name: 3
 * Val Acc 0.000, Total time 0.93
validation split name: 4
 * Val Acc 54.960, Total time 0.92
validation split name: 5
 * Val Acc 84.420, Total time 0.95
validation split name: 6
 * Val Acc 89.620, Total time 0.93
validation split name: 7
 * Val Acc 92.790, Total time 0.94
validation split name: 8
 * Val Acc 96.270, Total time 0.92
====================== 9 =======================
Incremental class: Old valid output dimension: 80
Incremental class: New Valid output dimension: 90
#reg_term: 1
Epoch:0
LR: 0.0001
Itr		Time		  Data		  Loss		Acc
[0/469]	0.1311 (0.1311)	0.1244 (0.1244)	6.636 (6.636)	0.00 (0.00)
[100/469]	0.0040 (0.0114)	0.0011 (0.0084)	0.323 (1.096)	90.62 (74.23)
[200/469]	0.0030 (0.0109)	0.0001 (0.0079)	0.217 (0.703)	94.53 (82.63)
[300/469]	0.0248 (0.0107)	0.0219 (0.0077)	0.226 (0.554)	93.75 (85.93)
[400/469]	0.0036 (0.0106)	0.0001 (0.0076)	0.264 (0.470)	89.84 (87.84)
[468/469]	0.0172 (0.0106)	0.0143 (0.0076)	0.158 (0.429)	96.88 (88.81)
 * Train Acc 88.807
 * Val Acc 94.920, Total time 0.93
Epoch:1
LR: 0.0001
Itr		Time		  Data		  Loss		Acc
[0/469]	0.1273 (0.1273)	0.1207 (0.1207)	0.093 (0.093)	98.44 (98.44)
[100/469]	0.0373 (0.0128)	0.0339 (0.0098)	0.075 (0.154)	97.66 (95.47)
[200/469]	0.0036 (0.0117)	0.0001 (0.0086)	0.104 (0.152)	97.66 (95.47)
[300/469]	0.0030 (0.0112)	0.0001 (0.0082)	0.251 (0.149)	93.75 (95.60)
[400/469]	0.0247 (0.0110)	0.0218 (0.0080)	0.120 (0.144)	96.09 (95.76)
[468/469]	0.0029 (0.0109)	0.0001 (0.0079)	0.125 (0.142)	97.92 (95.83)
 * Train Acc 95.828
 * Val Acc 96.560, Total time 0.94
validation split name: 1
 * Val Acc 0.000, Total time 0.69
validation split name: 2
 * Val Acc 0.000, Total time 0.95
validation split name: 3
 * Val Acc 0.000, Total time 0.93
validation split name: 4
 * Val Acc 42.820, Total time 0.92
validation split name: 5
 * Val Acc 69.940, Total time 0.93
validation split name: 6
 * Val Acc 82.900, Total time 0.93
validation split name: 7
 * Val Acc 89.670, Total time 0.93
validation split name: 8
 * Val Acc 87.470, Total time 0.92
validation split name: 9
 * Val Acc 96.560, Total time 0.92
====================== 10 =======================
Incremental class: Old valid output dimension: 90
Incremental class: New Valid output dimension: 100
#reg_term: 1
Epoch:0
LR: 0.0001
Itr		Time		  Data		  Loss		Acc
[0/469]	0.1256 (0.1256)	0.1188 (0.1188)	6.970 (6.970)	0.00 (0.00)
[100/469]	0.0031 (0.0115)	0.0001 (0.0085)	0.449 (1.109)	88.28 (71.98)
[200/469]	0.0030 (0.0110)	0.0002 (0.0079)	0.204 (0.705)	93.75 (81.59)
[300/469]	0.0171 (0.0108)	0.0142 (0.0077)	0.352 (0.553)	91.41 (85.27)
[400/469]	0.0040 (0.0107)	0.0002 (0.0076)	0.234 (0.469)	92.97 (87.37)
[468/469]	0.0032 (0.0107)	0.0001 (0.0076)	0.133 (0.429)	96.88 (88.38)
 * Train Acc 88.378
 * Val Acc 94.860, Total time 0.93
Epoch:1
LR: 0.0001
Itr		Time		  Data		  Loss		Acc
[0/469]	0.1268 (0.1268)	0.1205 (0.1205)	0.105 (0.105)	96.09 (96.09)
[100/469]	0.0035 (0.0114)	0.0008 (0.0084)	0.200 (0.157)	96.09 (95.53)
[200/469]	0.0243 (0.0109)	0.0209 (0.0080)	0.119 (0.149)	96.09 (95.69)
[300/469]	0.0029 (0.0107)	0.0002 (0.0078)	0.170 (0.146)	93.75 (95.74)
[400/469]	0.0030 (0.0106)	0.0002 (0.0077)	0.139 (0.141)	96.09 (95.88)
[468/469]	0.0029 (0.0106)	0.0001 (0.0077)	0.127 (0.138)	94.79 (95.94)
 * Train Acc 95.943
 * Val Acc 96.680, Total time 0.94
validation split name: 1
 * Val Acc 0.000, Total time 0.69
validation split name: 2
 * Val Acc 0.000, Total time 0.92
validation split name: 3
 * Val Acc 0.000, Total time 0.94
validation split name: 4
 * Val Acc 24.820, Total time 0.92
validation split name: 5
 * Val Acc 70.510, Total time 0.93
validation split name: 6
 * Val Acc 71.700, Total time 0.93
validation split name: 7
 * Val Acc 63.960, Total time 0.94
validation split name: 8
 * Val Acc 76.240, Total time 0.93
validation split name: 9
 * Val Acc 92.480, Total time 0.95
validation split name: 10
 * Val Acc 96.680, Total time 0.93
OrderedDict([('1', OrderedDict([('1', 96.35), ('2', 8.82), ('3', 0.0), ('4', 0.0), ('5', 0.0), ('6', 0.0), ('7', 0.0), ('8', 0.0), ('9', 0.0), ('10', 0.0)])), ('2', OrderedDict([('2', 96.84), ('3', 17.56), ('4', 0.05), ('5', 0.0), ('6', 0.0), ('7', 0.0), ('8', 0.0), ('9', 0.0), ('10', 0.0)])), ('3', OrderedDict([('3', 96.79), ('4', 45.22), ('5', 12.14), ('6', 7.47), ('7', 3.34), ('8', 0.0), ('9', 0.0), ('10', 0.0)])), ('4', OrderedDict([('4', 96.48), ('5', 90.88), ('6', 76.78), ('7', 75.52), ('8', 54.96), ('9', 42.82), ('10', 24.82)])), ('5', OrderedDict([('5', 96.61), ('6', 90.02), ('7', 90.37), ('8', 84.42), ('9', 69.94), ('10', 70.51)])), ('6', OrderedDict([('6', 96.31), ('7', 93.37), ('8', 89.62), ('9', 82.9), ('10', 71.7)])), ('7', OrderedDict([('7', 96.36), ('8', 92.79), ('9', 89.67), ('10', 63.96)])), ('8', OrderedDict([('8', 96.27), ('9', 87.47), ('10', 76.24)])), ('9', OrderedDict([('9', 96.56), ('10', 92.48)])), ('10', OrderedDict([('10', 96.68)]))])
Task 1 average acc: 96.35
Task 2 average acc: 52.83
Task 3 average acc: 38.11666666666667
Task 4 average acc: 35.4375
Task 5 average acc: 39.926
Task 6 average acc: 45.096666666666664
Task 7 average acc: 51.28000000000001
Task 8 average acc: 52.2575
Task 9 average acc: 52.151111111111106
Task 10 average acc: 49.639
===Summary of experiment repeats: 4 / 5 ===
The regularization coefficient: 0.0
The last avg acc of all repeats: [50.28  42.807 46.989 49.639  0.   ]
mean: 37.943 std: 19.152847548080153
MLP(
  (linear): Sequential(
    (0): Linear(in_features=1024, out_features=1000, bias=True)
    (1): ReLU(inplace=True)
    (2): Linear(in_features=1000, out_features=1000, bias=True)
    (3): ReLU(inplace=True)
  )
  (last): ModuleDict(
    (All): Linear(in_features=1000, out_features=100, bias=True)
  )
)
#parameter of model: 2126100
Task order: ['1', '2', '3', '4', '5', '6', '7', '8', '9', '10']
====================== 1 =======================
Incremental class: Old valid output dimension: ALL
Incremental class: New Valid output dimension: 10
#reg_term: 0
Epoch:0
LR: 0.0001
Itr		Time		  Data		  Loss		Acc
[0/469]	0.1173 (0.1173)	0.1116 (0.1116)	2.326 (2.326)	0.00 (0.00)
[100/469]	0.0022 (0.0082)	0.0002 (0.0061)	0.391 (0.817)	89.06 (79.33)
[200/469]	0.0021 (0.0077)	0.0001 (0.0056)	0.368 (0.569)	87.50 (84.91)
[300/469]	0.0174 (0.0076)	0.0151 (0.0055)	0.180 (0.467)	94.53 (87.42)
[400/469]	0.0021 (0.0075)	0.0002 (0.0054)	0.209 (0.408)	95.31 (88.89)
[468/469]	0.0116 (0.0074)	0.0094 (0.0053)	0.125 (0.378)	95.83 (89.66)
 * Train Acc 89.660
 * Val Acc 94.420, Total time 0.70
Epoch:1
LR: 0.0001
Itr		Time		  Data		  Loss		Acc
[0/469]	0.1155 (0.1155)	0.1103 (0.1103)	0.159 (0.159)	94.53 (94.53)
[100/469]	0.0033 (0.0081)	0.0014 (0.0062)	0.064 (0.169)	98.44 (95.00)
[200/469]	0.0070 (0.0076)	0.0050 (0.0057)	0.083 (0.168)	97.66 (95.08)
[300/469]	0.0075 (0.0075)	0.0056 (0.0056)	0.185 (0.161)	92.19 (95.28)
[400/469]	0.0031 (0.0074)	0.0008 (0.0055)	0.086 (0.154)	97.66 (95.43)
[468/469]	0.0020 (0.0074)	0.0001 (0.0054)	0.112 (0.151)	95.83 (95.51)
 * Train Acc 95.512
 * Val Acc 96.310, Total time 0.68
validation split name: 1
 * Val Acc 96.310, Total time 0.69
====================== 2 =======================
Incremental class: Old valid output dimension: 10
Incremental class: New Valid output dimension: 20
#reg_term: 1
Epoch:0
LR: 0.0001
Itr		Time		  Data		  Loss		Acc
[0/469]	0.1274 (0.1274)	0.1172 (0.1172)	3.401 (3.401)	0.00 (0.00)
[100/469]	0.0149 (0.0115)	0.0119 (0.0083)	0.373 (0.733)	90.62 (79.35)
[200/469]	0.0035 (0.0109)	0.0001 (0.0078)	0.292 (0.510)	89.06 (85.46)
[300/469]	0.0079 (0.0106)	0.0049 (0.0076)	0.303 (0.415)	91.41 (88.09)
[400/469]	0.0179 (0.0106)	0.0150 (0.0076)	0.278 (0.362)	92.97 (89.60)
[468/469]	0.0033 (0.0105)	0.0006 (0.0075)	0.135 (0.335)	96.88 (90.37)
 * Train Acc 90.373
 * Val Acc 95.140, Total time 0.95
Epoch:1
LR: 0.0001
Itr		Time		  Data		  Loss		Acc
[0/469]	0.1311 (0.1311)	0.1242 (0.1242)	0.246 (0.246)	92.19 (92.19)
[100/469]	0.0032 (0.0114)	0.0002 (0.0083)	0.191 (0.155)	95.31 (95.47)
[200/469]	0.0028 (0.0107)	0.0001 (0.0078)	0.051 (0.142)	97.66 (95.89)
[300/469]	0.0241 (0.0106)	0.0213 (0.0077)	0.089 (0.137)	97.66 (96.05)
[400/469]	0.0073 (0.0104)	0.0045 (0.0076)	0.197 (0.131)	96.09 (96.21)
[468/469]	0.0120 (0.0104)	0.0092 (0.0075)	0.213 (0.128)	94.79 (96.32)
 * Train Acc 96.323
 * Val Acc 96.600, Total time 0.94
validation split name: 1
 * Val Acc 8.150, Total time 0.69
validation split name: 2
 * Val Acc 96.600, Total time 0.95
====================== 3 =======================
Incremental class: Old valid output dimension: 20
Incremental class: New Valid output dimension: 30
#reg_term: 1
Epoch:0
LR: 0.0001
Itr		Time		  Data		  Loss		Acc
[0/469]	0.1300 (0.1300)	0.1199 (0.1199)	4.858 (4.858)	0.00 (0.00)
[100/469]	0.0181 (0.0115)	0.0150 (0.0084)	0.304 (0.863)	90.62 (75.75)
[200/469]	0.0030 (0.0109)	0.0002 (0.0078)	0.164 (0.573)	96.88 (83.61)
[300/469]	0.0049 (0.0107)	0.0020 (0.0077)	0.177 (0.463)	96.09 (86.65)
[400/469]	0.0138 (0.0106)	0.0109 (0.0076)	0.200 (0.397)	92.97 (88.52)
[468/469]	0.0117 (0.0106)	0.0089 (0.0076)	0.215 (0.365)	92.71 (89.44)
 * Train Acc 89.445
 * Val Acc 94.850, Total time 0.93
Epoch:1
LR: 0.0001
Itr		Time		  Data		  Loss		Acc
[0/469]	0.1472 (0.1472)	0.1405 (0.1405)	0.286 (0.286)	92.97 (92.97)
[100/469]	0.0233 (0.0119)	0.0205 (0.0089)	0.210 (0.159)	93.75 (95.46)
[200/469]	0.0031 (0.0111)	0.0002 (0.0081)	0.098 (0.146)	99.22 (95.73)
[300/469]	0.0117 (0.0108)	0.0088 (0.0078)	0.098 (0.140)	97.66 (95.91)
[400/469]	0.0251 (0.0108)	0.0222 (0.0078)	0.154 (0.134)	96.09 (96.04)
[468/469]	0.0028 (0.0107)	0.0001 (0.0077)	0.094 (0.132)	97.92 (96.13)
 * Train Acc 96.130
 * Val Acc 96.810, Total time 0.95
validation split name: 1
 * Val Acc 0.000, Total time 0.69
validation split name: 2
 * Val Acc 25.020, Total time 0.93
validation split name: 3
 * Val Acc 96.810, Total time 0.94
====================== 4 =======================
Incremental class: Old valid output dimension: 30
Incremental class: New Valid output dimension: 40
#reg_term: 1
Epoch:0
LR: 0.0001
Itr		Time		  Data		  Loss		Acc
[0/469]	0.1359 (0.1359)	0.1299 (0.1299)	7.107 (7.107)	0.00 (0.00)
[100/469]	0.0096 (0.0119)	0.0068 (0.0090)	0.305 (1.112)	91.41 (70.64)
[200/469]	0.0030 (0.0110)	0.0002 (0.0081)	0.328 (0.713)	92.19 (80.78)
[300/469]	0.0036 (0.0107)	0.0008 (0.0078)	0.306 (0.561)	88.28 (84.71)
[400/469]	0.0246 (0.0106)	0.0217 (0.0077)	0.246 (0.475)	95.31 (86.93)
[468/469]	0.0029 (0.0105)	0.0001 (0.0076)	0.122 (0.433)	97.92 (88.06)
 * Train Acc 88.058
 * Val Acc 94.900, Total time 0.93
Epoch:1
LR: 0.0001
Itr		Time		  Data		  Loss		Acc
[0/469]	0.1216 (0.1216)	0.1147 (0.1147)	0.057 (0.057)	99.22 (99.22)
[100/469]	0.0030 (0.0114)	0.0001 (0.0083)	0.176 (0.163)	92.97 (95.27)
[200/469]	0.0030 (0.0108)	0.0002 (0.0078)	0.166 (0.156)	94.53 (95.48)
[300/469]	0.0245 (0.0107)	0.0216 (0.0077)	0.104 (0.151)	95.31 (95.63)
[400/469]	0.0030 (0.0105)	0.0001 (0.0076)	0.153 (0.145)	96.09 (95.77)
[468/469]	0.0169 (0.0105)	0.0140 (0.0075)	0.112 (0.141)	95.83 (95.90)
 * Train Acc 95.900
 * Val Acc 96.410, Total time 0.94
validation split name: 1
 * Val Acc 0.000, Total time 0.70
validation split name: 2
 * Val Acc 0.480, Total time 0.92
validation split name: 3
 * Val Acc 56.280, Total time 0.95
validation split name: 4
 * Val Acc 96.410, Total time 0.93
====================== 5 =======================
Incremental class: Old valid output dimension: 40
Incremental class: New Valid output dimension: 50
#reg_term: 1
Epoch:0
LR: 0.0001
Itr		Time		  Data		  Loss		Acc
[0/469]	0.1382 (0.1382)	0.1313 (0.1313)	8.669 (8.669)	0.00 (0.00)
[100/469]	0.0034 (0.0118)	0.0001 (0.0087)	0.289 (1.225)	92.97 (68.99)
[200/469]	0.0031 (0.0110)	0.0001 (0.0080)	0.203 (0.772)	93.75 (79.85)
[300/469]	0.0246 (0.0107)	0.0213 (0.0077)	0.310 (0.602)	92.19 (84.07)
[400/469]	0.0030 (0.0106)	0.0002 (0.0076)	0.165 (0.507)	97.66 (86.41)
[468/469]	0.0168 (0.0105)	0.0140 (0.0075)	0.192 (0.462)	95.83 (87.58)
 * Train Acc 87.578
 * Val Acc 94.880, Total time 0.93
Epoch:1
LR: 0.0001
Itr		Time		  Data		  Loss		Acc
[0/469]	0.1206 (0.1206)	0.1144 (0.1144)	0.193 (0.193)	94.53 (94.53)
[100/469]	0.0045 (0.0112)	0.0017 (0.0082)	0.189 (0.167)	94.53 (95.14)
[200/469]	0.0032 (0.0108)	0.0004 (0.0078)	0.251 (0.164)	89.06 (95.19)
[300/469]	0.0254 (0.0108)	0.0225 (0.0078)	0.231 (0.157)	93.75 (95.43)
[400/469]	0.0034 (0.0107)	0.0001 (0.0077)	0.111 (0.151)	96.88 (95.57)
[468/469]	0.0169 (0.0106)	0.0141 (0.0076)	0.173 (0.149)	93.75 (95.65)
 * Train Acc 95.652
 * Val Acc 96.420, Total time 0.92
validation split name: 1
 * Val Acc 0.000, Total time 0.70
validation split name: 2
 * Val Acc 0.020, Total time 0.93
validation split name: 3
 * Val Acc 33.990, Total time 0.95
validation split name: 4
 * Val Acc 78.770, Total time 0.93
validation split name: 5
 * Val Acc 96.420, Total time 0.92
====================== 6 =======================
Incremental class: Old valid output dimension: 50
Incremental class: New Valid output dimension: 60
#reg_term: 1
Epoch:0
LR: 0.0001
Itr		Time		  Data		  Loss		Acc
[0/469]	0.1409 (0.1409)	0.1339 (0.1339)	7.390 (7.390)	0.00 (0.00)
[100/469]	0.0033 (0.0119)	0.0004 (0.0088)	0.454 (1.193)	89.06 (72.30)
[200/469]	0.0030 (0.0110)	0.0001 (0.0080)	0.369 (0.754)	88.28 (81.58)
[300/469]	0.0247 (0.0108)	0.0217 (0.0079)	0.223 (0.591)	92.97 (85.08)
[400/469]	0.0033 (0.0107)	0.0004 (0.0077)	0.251 (0.497)	89.84 (87.28)
[468/469]	0.0172 (0.0106)	0.0143 (0.0076)	0.215 (0.453)	91.67 (88.28)
 * Train Acc 88.275
 * Val Acc 94.700, Total time 0.96
Epoch:1
LR: 0.0001
Itr		Time		  Data		  Loss		Acc
[0/469]	0.1205 (0.1205)	0.1148 (0.1148)	0.129 (0.129)	96.09 (96.09)
[100/469]	0.0038 (0.0112)	0.0009 (0.0083)	0.113 (0.163)	96.88 (94.98)
[200/469]	0.0254 (0.0109)	0.0212 (0.0078)	0.078 (0.159)	96.88 (95.25)
[300/469]	0.0031 (0.0107)	0.0002 (0.0076)	0.153 (0.155)	96.09 (95.44)
[400/469]	0.0031 (0.0106)	0.0001 (0.0075)	0.144 (0.149)	95.31 (95.64)
[468/469]	0.0029 (0.0105)	0.0001 (0.0075)	0.066 (0.146)	96.88 (95.73)
 * Train Acc 95.730
 * Val Acc 96.450, Total time 0.93
validation split name: 1
 * Val Acc 0.000, Total time 0.68
validation split name: 2
 * Val Acc 0.000, Total time 0.93
validation split name: 3
 * Val Acc 22.100, Total time 0.93
validation split name: 4
 * Val Acc 72.020, Total time 0.93
validation split name: 5
 * Val Acc 95.190, Total time 0.92
validation split name: 6
 * Val Acc 96.450, Total time 0.95
====================== 7 =======================
Incremental class: Old valid output dimension: 60
Incremental class: New Valid output dimension: 70
#reg_term: 1
Epoch:0
LR: 0.0001
Itr		Time		  Data		  Loss		Acc
[0/469]	0.1281 (0.1281)	0.1212 (0.1212)	6.702 (6.702)	0.00 (0.00)
[100/469]	0.0062 (0.0112)	0.0031 (0.0083)	0.333 (1.169)	92.19 (71.22)
[200/469]	0.0030 (0.0107)	0.0002 (0.0078)	0.375 (0.744)	89.06 (80.88)
[300/469]	0.0101 (0.0105)	0.0072 (0.0077)	0.255 (0.581)	92.19 (84.87)
[400/469]	0.0185 (0.0105)	0.0156 (0.0076)	0.123 (0.490)	96.88 (87.11)
[468/469]	0.0035 (0.0104)	0.0006 (0.0075)	0.134 (0.447)	94.79 (88.12)
 * Train Acc 88.125
 * Val Acc 94.470, Total time 0.93
Epoch:1
LR: 0.0001
Itr		Time		  Data		  Loss		Acc
[0/469]	0.1447 (0.1447)	0.1385 (0.1385)	0.113 (0.113)	95.31 (95.31)
[100/469]	0.0031 (0.0120)	0.0002 (0.0090)	0.122 (0.162)	96.88 (95.30)
[200/469]	0.0034 (0.0111)	0.0005 (0.0081)	0.115 (0.157)	96.09 (95.52)
[300/469]	0.0247 (0.0109)	0.0217 (0.0079)	0.132 (0.152)	96.09 (95.62)
[400/469]	0.0031 (0.0107)	0.0001 (0.0078)	0.101 (0.148)	96.09 (95.71)
[468/469]	0.0166 (0.0107)	0.0137 (0.0077)	0.114 (0.146)	96.88 (95.81)
 * Train Acc 95.812
 * Val Acc 96.390, Total time 0.93
validation split name: 1
 * Val Acc 0.000, Total time 0.75
validation split name: 2
 * Val Acc 0.000, Total time 0.93
validation split name: 3
 * Val Acc 11.660, Total time 0.94
validation split name: 4
 * Val Acc 65.290, Total time 0.92
validation split name: 5
 * Val Acc 78.340, Total time 0.92
validation split name: 6
 * Val Acc 94.960, Total time 0.92
validation split name: 7
 * Val Acc 96.390, Total time 0.94
====================== 8 =======================
Incremental class: Old valid output dimension: 70
Incremental class: New Valid output dimension: 80
#reg_term: 1
Epoch:0
LR: 0.0001
Itr		Time		  Data		  Loss		Acc
[0/469]	0.1344 (0.1344)	0.1273 (0.1273)	6.882 (6.882)	0.00 (0.00)
[100/469]	0.0065 (0.0114)	0.0035 (0.0084)	0.279 (1.130)	92.97 (73.12)
[200/469]	0.0030 (0.0108)	0.0002 (0.0078)	0.290 (0.722)	90.62 (81.88)
[300/469]	0.0143 (0.0107)	0.0114 (0.0077)	0.288 (0.566)	90.62 (85.46)
[400/469]	0.0069 (0.0106)	0.0040 (0.0076)	0.160 (0.478)	95.31 (87.58)
[468/469]	0.0159 (0.0105)	0.0130 (0.0076)	0.296 (0.437)	87.50 (88.56)
 * Train Acc 88.560
 * Val Acc 94.870, Total time 0.94
Epoch:1
LR: 0.0001
Itr		Time		  Data		  Loss		Acc
[0/469]	0.1231 (0.1231)	0.1169 (0.1169)	0.098 (0.098)	97.66 (97.66)
[100/469]	0.0030 (0.0112)	0.0001 (0.0084)	0.118 (0.164)	98.44 (95.14)
[200/469]	0.0035 (0.0107)	0.0008 (0.0078)	0.111 (0.156)	97.66 (95.46)
[300/469]	0.0229 (0.0106)	0.0202 (0.0077)	0.095 (0.153)	97.66 (95.56)
[400/469]	0.0038 (0.0104)	0.0010 (0.0076)	0.109 (0.146)	97.66 (95.73)
[468/469]	0.0155 (0.0104)	0.0127 (0.0076)	0.142 (0.142)	96.88 (95.83)
 * Train Acc 95.832
 * Val Acc 96.510, Total time 0.95
validation split name: 1
 * Val Acc 0.000, Total time 0.70
validation split name: 2
 * Val Acc 0.000, Total time 0.94
validation split name: 3
 * Val Acc 3.830, Total time 0.93
validation split name: 4
 * Val Acc 49.010, Total time 0.94
validation split name: 5
 * Val Acc 91.190, Total time 0.95
validation split name: 6
 * Val Acc 46.750, Total time 0.93
validation split name: 7
 * Val Acc 93.310, Total time 0.93
validation split name: 8
 * Val Acc 96.510, Total time 0.93
====================== 9 =======================
Incremental class: Old valid output dimension: 80
Incremental class: New Valid output dimension: 90
#reg_term: 1
Epoch:0
LR: 0.0001
Itr		Time		  Data		  Loss		Acc
[0/469]	0.1262 (0.1262)	0.1201 (0.1201)	6.681 (6.681)	0.00 (0.00)
[100/469]	0.0066 (0.0113)	0.0037 (0.0084)	0.335 (1.088)	90.62 (72.46)
[200/469]	0.0029 (0.0107)	0.0002 (0.0078)	0.246 (0.696)	90.62 (81.70)
[300/469]	0.0208 (0.0106)	0.0179 (0.0077)	0.216 (0.545)	93.75 (85.37)
[400/469]	0.0033 (0.0105)	0.0005 (0.0076)	0.130 (0.461)	96.09 (87.52)
[468/469]	0.0158 (0.0104)	0.0129 (0.0075)	0.149 (0.421)	95.83 (88.54)
 * Train Acc 88.538
 * Val Acc 95.170, Total time 0.92
Epoch:1
LR: 0.0001
Itr		Time		  Data		  Loss		Acc
[0/469]	0.1255 (0.1255)	0.1191 (0.1191)	0.158 (0.158)	96.09 (96.09)
[100/469]	0.0034 (0.0115)	0.0002 (0.0085)	0.136 (0.153)	96.88 (95.38)
[200/469]	0.0030 (0.0109)	0.0002 (0.0079)	0.113 (0.148)	97.66 (95.53)
[300/469]	0.0244 (0.0107)	0.0215 (0.0077)	0.115 (0.145)	96.88 (95.67)
[400/469]	0.0030 (0.0105)	0.0002 (0.0076)	0.221 (0.140)	92.97 (95.80)
[468/469]	0.0169 (0.0105)	0.0140 (0.0076)	0.107 (0.137)	95.83 (95.88)
 * Train Acc 95.882
 * Val Acc 96.500, Total time 0.95
validation split name: 1
 * Val Acc 0.000, Total time 0.69
validation split name: 2
 * Val Acc 0.000, Total time 0.95
validation split name: 3
 * Val Acc 0.010, Total time 0.96
validation split name: 4
 * Val Acc 35.940, Total time 0.96
validation split name: 5
 * Val Acc 88.630, Total time 0.94
validation split name: 6
 * Val Acc 44.280, Total time 0.93
validation split name: 7
 * Val Acc 87.950, Total time 0.93
validation split name: 8
 * Val Acc 89.640, Total time 0.92
validation split name: 9
 * Val Acc 96.500, Total time 0.93
====================== 10 =======================
Incremental class: Old valid output dimension: 90
Incremental class: New Valid output dimension: 100
#reg_term: 1
Epoch:0
LR: 0.0001
Itr		Time		  Data		  Loss		Acc
[0/469]	0.1248 (0.1248)	0.1184 (0.1184)	6.965 (6.965)	0.00 (0.00)
[100/469]	0.0030 (0.0113)	0.0002 (0.0083)	0.327 (1.079)	92.19 (73.98)
[200/469]	0.0248 (0.0108)	0.0219 (0.0079)	0.279 (0.682)	94.53 (82.81)
[300/469]	0.0030 (0.0106)	0.0002 (0.0077)	0.171 (0.537)	95.31 (86.18)
[400/469]	0.0029 (0.0105)	0.0001 (0.0076)	0.238 (0.451)	92.97 (88.14)
[468/469]	0.0028 (0.0105)	0.0001 (0.0076)	0.255 (0.413)	94.79 (89.08)
 * Train Acc 89.085
 * Val Acc 95.330, Total time 0.94
Epoch:1
LR: 0.0001
Itr		Time		  Data		  Loss		Acc
[0/469]	0.1371 (0.1371)	0.1302 (0.1302)	0.275 (0.275)	90.62 (90.62)
[100/469]	0.0039 (0.0118)	0.0010 (0.0088)	0.116 (0.153)	97.66 (95.52)
[200/469]	0.0246 (0.0111)	0.0216 (0.0081)	0.054 (0.146)	100.00 (95.69)
[300/469]	0.0035 (0.0108)	0.0001 (0.0078)	0.107 (0.142)	97.66 (95.80)
[400/469]	0.0029 (0.0107)	0.0001 (0.0077)	0.045 (0.135)	99.22 (96.00)
[468/469]	0.0172 (0.0107)	0.0144 (0.0076)	0.106 (0.131)	98.96 (96.13)
 * Train Acc 96.127
 * Val Acc 96.790, Total time 0.92
validation split name: 1
 * Val Acc 0.000, Total time 0.70
validation split name: 2
 * Val Acc 0.000, Total time 0.94
validation split name: 3
 * Val Acc 0.040, Total time 0.93
validation split name: 4
 * Val Acc 19.590, Total time 0.95
validation split name: 5
 * Val Acc 36.290, Total time 0.93
validation split name: 6
 * Val Acc 52.290, Total time 0.95
validation split name: 7
 * Val Acc 49.190, Total time 0.93
validation split name: 8
 * Val Acc 33.120, Total time 0.92
validation split name: 9
 * Val Acc 81.150, Total time 0.93
validation split name: 10
 * Val Acc 96.790, Total time 0.93
OrderedDict([('1', OrderedDict([('1', 96.31), ('2', 8.15), ('3', 0.0), ('4', 0.0), ('5', 0.0), ('6', 0.0), ('7', 0.0), ('8', 0.0), ('9', 0.0), ('10', 0.0)])), ('2', OrderedDict([('2', 96.6), ('3', 25.02), ('4', 0.48), ('5', 0.02), ('6', 0.0), ('7', 0.0), ('8', 0.0), ('9', 0.0), ('10', 0.0)])), ('3', OrderedDict([('3', 96.81), ('4', 56.28), ('5', 33.99), ('6', 22.1), ('7', 11.66), ('8', 3.83), ('9', 0.01), ('10', 0.04)])), ('4', OrderedDict([('4', 96.41), ('5', 78.77), ('6', 72.02), ('7', 65.29), ('8', 49.01), ('9', 35.94), ('10', 19.59)])), ('5', OrderedDict([('5', 96.42), ('6', 95.19), ('7', 78.34), ('8', 91.19), ('9', 88.63), ('10', 36.29)])), ('6', OrderedDict([('6', 96.45), ('7', 94.96), ('8', 46.75), ('9', 44.28), ('10', 52.29)])), ('7', OrderedDict([('7', 96.39), ('8', 93.31), ('9', 87.95), ('10', 49.19)])), ('8', OrderedDict([('8', 96.51), ('9', 89.64), ('10', 33.12)])), ('9', OrderedDict([('9', 96.5), ('10', 81.15)])), ('10', OrderedDict([('10', 96.79)]))])
Task 1 average acc: 96.31
Task 2 average acc: 52.375
Task 3 average acc: 40.61
Task 4 average acc: 38.2925
Task 5 average acc: 41.839999999999996
Task 6 average acc: 47.626666666666665
Task 7 average acc: 49.519999999999996
Task 8 average acc: 47.575
Task 9 average acc: 49.21666666666667
Task 10 average acc: 36.846000000000004
===Summary of experiment repeats: 5 / 5 ===
The regularization coefficient: 0.0
The last avg acc of all repeats: [50.28  42.807 46.989 49.639 36.846]
mean: 45.312200000000004 std: 4.983261237382602
reg_coef: 0.0 mean: 45.312200000000004 std: 4.983261237382602
Total Time for the script is 821.8957159519196 seconds
