MLP(
  (linear): Sequential(
    (0): Linear(in_features=1024, out_features=1000, bias=True)
    (1): ReLU(inplace=True)
    (2): Linear(in_features=1000, out_features=1000, bias=True)
    (3): ReLU(inplace=True)
  )
  (last): ModuleDict(
    (All): Linear(in_features=1000, out_features=100, bias=True)
  )
)
#parameter of model: 2126100
Task order: ['1', '2', '3', '4', '5', '6', '7', '8', '9', '10']
====================== 1 =======================
Incremental class: Old valid output dimension: ALL
Incremental class: New Valid output dimension: 10
#reg_term: 0
Epoch:0
LR: 0.0001
Itr		Time		  Data		  Loss		Acc
[0/469]	0.5223 (0.5223)	0.0936 (0.0936)	2.329 (2.329)	0.00 (0.00)
[100/469]	0.0162 (0.0120)	0.0140 (0.0056)	0.321 (0.815)	91.41 (77.67)
[200/469]	0.0079 (0.0096)	0.0057 (0.0053)	0.210 (0.569)	92.19 (84.22)
[300/469]	0.0021 (0.0088)	0.0001 (0.0052)	0.223 (0.469)	93.75 (86.86)
[400/469]	0.0028 (0.0083)	0.0009 (0.0051)	0.251 (0.407)	93.75 (88.51)
[468/469]	0.0019 (0.0082)	0.0001 (0.0051)	0.241 (0.378)	93.75 (89.28)
 * Train Acc 89.275
 * Val Acc 94.630, Total time 0.69
Epoch:1
LR: 0.0001
Itr		Time		  Data		  Loss		Acc
[0/469]	0.1122 (0.1122)	0.1067 (0.1067)	0.139 (0.139)	93.75 (93.75)
[100/469]	0.0180 (0.0085)	0.0157 (0.0062)	0.146 (0.176)	96.09 (94.87)
[200/469]	0.0020 (0.0080)	0.0002 (0.0058)	0.129 (0.169)	96.88 (95.15)
[300/469]	0.0019 (0.0077)	0.0001 (0.0057)	0.169 (0.162)	93.75 (95.25)
[400/469]	0.0173 (0.0076)	0.0154 (0.0056)	0.101 (0.156)	97.66 (95.43)
[468/469]	0.0019 (0.0075)	0.0001 (0.0055)	0.073 (0.153)	97.92 (95.52)
 * Train Acc 95.518
 * Val Acc 96.100, Total time 0.71
Computing MAS
validation split name: 1
 * Val Acc 96.100, Total time 0.73
====================== 2 =======================
Incremental class: Old valid output dimension: 10
Incremental class: New Valid output dimension: 20
#reg_term: 1
Epoch:0
LR: 0.0001
Itr		Time		  Data		  Loss		Acc
[0/469]	0.1280 (0.1280)	0.1176 (0.1176)	3.090 (3.090)	0.00 (0.00)
[100/469]	0.0038 (0.0113)	0.0009 (0.0082)	0.431 (0.699)	85.94 (80.54)
[200/469]	0.0030 (0.0107)	0.0001 (0.0077)	0.297 (0.489)	92.97 (86.09)
[300/469]	0.0232 (0.0106)	0.0204 (0.0077)	0.259 (0.404)	93.75 (88.51)
[400/469]	0.0107 (0.0105)	0.0080 (0.0076)	0.136 (0.354)	96.88 (89.88)
[468/469]	0.0073 (0.0104)	0.0045 (0.0076)	0.119 (0.327)	94.79 (90.63)
 * Train Acc 90.633
 * Val Acc 95.440, Total time 0.95
Epoch:1
LR: 0.0001
Itr		Time		  Data		  Loss		Acc
[0/469]	0.1269 (0.1269)	0.1198 (0.1198)	0.067 (0.067)	99.22 (99.22)
[100/469]	0.0031 (0.0116)	0.0002 (0.0085)	0.110 (0.152)	97.66 (95.71)
[200/469]	0.0031 (0.0110)	0.0001 (0.0080)	0.053 (0.144)	98.44 (95.91)
[300/469]	0.0255 (0.0109)	0.0226 (0.0079)	0.157 (0.139)	94.53 (96.06)
[400/469]	0.0031 (0.0108)	0.0002 (0.0078)	0.106 (0.134)	97.66 (96.20)
[468/469]	0.0175 (0.0107)	0.0147 (0.0078)	0.203 (0.131)	93.75 (96.25)
 * Train Acc 96.247
 * Val Acc 96.600, Total time 0.93
Computing MAS
validation split name: 1
 * Val Acc 7.700, Total time 0.68
validation split name: 2
 * Val Acc 96.600, Total time 0.98
====================== 3 =======================
Incremental class: Old valid output dimension: 20
Incremental class: New Valid output dimension: 30
#reg_term: 1
Epoch:0
LR: 0.0001
Itr		Time		  Data		  Loss		Acc
[0/469]	0.1283 (0.1283)	0.1206 (0.1206)	4.598 (4.598)	0.00 (0.00)
[100/469]	0.0030 (0.0113)	0.0001 (0.0083)	0.412 (0.853)	85.16 (76.90)
[200/469]	0.0248 (0.0109)	0.0218 (0.0079)	0.435 (0.567)	90.62 (84.39)
[300/469]	0.0030 (0.0107)	0.0002 (0.0077)	0.106 (0.457)	96.88 (87.28)
[400/469]	0.0030 (0.0106)	0.0001 (0.0076)	0.226 (0.394)	95.31 (88.99)
[468/469]	0.0029 (0.0106)	0.0001 (0.0076)	0.135 (0.362)	95.83 (89.87)
 * Train Acc 89.870
 * Val Acc 95.350, Total time 0.94
Epoch:1
LR: 0.0001
Itr		Time		  Data		  Loss		Acc
[0/469]	0.1248 (0.1248)	0.1181 (0.1181)	0.148 (0.148)	96.88 (96.88)
[100/469]	0.0030 (0.0114)	0.0002 (0.0083)	0.187 (0.153)	93.75 (95.67)
[200/469]	0.0030 (0.0109)	0.0001 (0.0079)	0.180 (0.148)	93.75 (95.83)
[300/469]	0.0247 (0.0107)	0.0218 (0.0078)	0.179 (0.138)	95.31 (96.08)
[400/469]	0.0030 (0.0106)	0.0002 (0.0077)	0.117 (0.136)	96.88 (96.11)
[468/469]	0.0171 (0.0106)	0.0142 (0.0077)	0.110 (0.133)	96.88 (96.19)
 * Train Acc 96.193
 * Val Acc 96.060, Total time 1.00
Computing MAS
validation split name: 1
 * Val Acc 0.000, Total time 0.69
validation split name: 2
 * Val Acc 16.730, Total time 0.94
validation split name: 3
 * Val Acc 96.060, Total time 0.93
====================== 4 =======================
Incremental class: Old valid output dimension: 30
Incremental class: New Valid output dimension: 40
#reg_term: 1
Epoch:0
LR: 0.0001
Itr		Time		  Data		  Loss		Acc
[0/469]	0.1282 (0.1282)	0.1210 (0.1210)	7.121 (7.121)	0.00 (0.00)
[100/469]	0.0030 (0.0117)	0.0002 (0.0086)	0.410 (1.035)	89.06 (74.27)
[200/469]	0.0030 (0.0110)	0.0001 (0.0080)	0.243 (0.671)	92.97 (82.61)
[300/469]	0.0249 (0.0108)	0.0215 (0.0079)	0.179 (0.532)	93.75 (85.95)
[400/469]	0.0061 (0.0107)	0.0032 (0.0077)	0.163 (0.453)	93.75 (87.92)
[468/469]	0.0038 (0.0106)	0.0010 (0.0077)	0.158 (0.415)	96.88 (88.88)
 * Train Acc 88.880
 * Val Acc 95.030, Total time 0.92
Epoch:1
LR: 0.0001
Itr		Time		  Data		  Loss		Acc
[0/469]	0.1236 (0.1236)	0.1172 (0.1172)	0.223 (0.223)	94.53 (94.53)
[100/469]	0.0043 (0.0113)	0.0015 (0.0083)	0.147 (0.172)	94.53 (95.14)
[200/469]	0.0029 (0.0107)	0.0002 (0.0078)	0.228 (0.162)	92.19 (95.43)
[300/469]	0.0246 (0.0106)	0.0218 (0.0077)	0.138 (0.155)	96.88 (95.66)
[400/469]	0.0028 (0.0104)	0.0002 (0.0076)	0.160 (0.150)	93.75 (95.81)
[468/469]	0.0172 (0.0104)	0.0145 (0.0076)	0.152 (0.147)	92.71 (95.90)
 * Train Acc 95.900
 * Val Acc 96.480, Total time 0.92
Computing MAS
validation split name: 1
 * Val Acc 0.000, Total time 0.69
validation split name: 2
 * Val Acc 0.000, Total time 0.95
validation split name: 3
 * Val Acc 48.450, Total time 0.95
validation split name: 4
 * Val Acc 96.480, Total time 0.99
====================== 5 =======================
Incremental class: Old valid output dimension: 40
Incremental class: New Valid output dimension: 50
#reg_term: 1
Epoch:0
LR: 0.0001
Itr		Time		  Data		  Loss		Acc
[0/469]	0.1266 (0.1266)	0.1202 (0.1202)	8.106 (8.106)	0.00 (0.00)
[100/469]	0.0030 (0.0114)	0.0001 (0.0084)	0.285 (1.288)	92.19 (67.81)
[200/469]	0.0030 (0.0108)	0.0001 (0.0078)	0.297 (0.808)	92.97 (79.15)
[300/469]	0.0233 (0.0107)	0.0202 (0.0077)	0.311 (0.632)	90.62 (83.44)
[400/469]	0.0045 (0.0106)	0.0016 (0.0076)	0.192 (0.532)	94.53 (85.91)
[468/469]	0.0149 (0.0105)	0.0120 (0.0075)	0.297 (0.484)	90.62 (87.14)
 * Train Acc 87.143
 * Val Acc 94.280, Total time 0.93
Epoch:1
LR: 0.0001
Itr		Time		  Data		  Loss		Acc
[0/469]	0.1224 (0.1224)	0.1161 (0.1161)	0.189 (0.189)	96.88 (96.88)
[100/469]	0.0238 (0.0117)	0.0208 (0.0087)	0.168 (0.181)	94.53 (94.90)
[200/469]	0.0030 (0.0110)	0.0001 (0.0080)	0.275 (0.175)	88.28 (95.06)
[300/469]	0.0030 (0.0107)	0.0001 (0.0077)	0.122 (0.171)	96.88 (95.21)
[400/469]	0.0230 (0.0107)	0.0202 (0.0077)	0.083 (0.163)	99.22 (95.47)
[468/469]	0.0034 (0.0107)	0.0001 (0.0076)	0.136 (0.159)	97.92 (95.60)
 * Train Acc 95.603
 * Val Acc 96.260, Total time 0.98
Computing MAS
validation split name: 1
 * Val Acc 0.000, Total time 0.71
validation split name: 2
 * Val Acc 0.000, Total time 0.92
validation split name: 3
 * Val Acc 24.650, Total time 0.92
validation split name: 4
 * Val Acc 81.890, Total time 0.94
validation split name: 5
 * Val Acc 96.260, Total time 0.93
====================== 6 =======================
Incremental class: Old valid output dimension: 50
Incremental class: New Valid output dimension: 60
#reg_term: 1
Epoch:0
LR: 0.0001
Itr		Time		  Data		  Loss		Acc
[0/469]	0.1309 (0.1309)	0.1247 (0.1247)	7.867 (7.867)	0.00 (0.00)
[100/469]	0.0036 (0.0113)	0.0009 (0.0084)	0.348 (1.181)	91.41 (71.33)
[200/469]	0.0041 (0.0107)	0.0014 (0.0079)	0.227 (0.754)	93.75 (81.08)
[300/469]	0.0166 (0.0105)	0.0137 (0.0077)	0.329 (0.590)	94.53 (84.87)
[400/469]	0.0117 (0.0105)	0.0088 (0.0076)	0.236 (0.501)	94.53 (87.03)
[468/469]	0.0034 (0.0104)	0.0005 (0.0076)	0.260 (0.460)	91.67 (88.07)
 * Train Acc 88.068
 * Val Acc 94.650, Total time 0.93
Epoch:1
LR: 0.0001
Itr		Time		  Data		  Loss		Acc
[0/469]	0.1300 (0.1300)	0.1227 (0.1227)	0.204 (0.204)	95.31 (95.31)
[100/469]	0.0110 (0.0114)	0.0081 (0.0083)	0.118 (0.184)	96.09 (94.79)
[200/469]	0.0030 (0.0108)	0.0001 (0.0078)	0.181 (0.173)	93.75 (95.11)
[300/469]	0.0107 (0.0106)	0.0077 (0.0077)	0.122 (0.169)	97.66 (95.27)
[400/469]	0.0206 (0.0106)	0.0177 (0.0076)	0.094 (0.162)	96.88 (95.47)
[468/469]	0.0029 (0.0105)	0.0001 (0.0075)	0.080 (0.160)	96.88 (95.55)
 * Train Acc 95.552
 * Val Acc 96.440, Total time 1.00
Computing MAS
validation split name: 1
 * Val Acc 0.000, Total time 0.68
validation split name: 2
 * Val Acc 0.010, Total time 0.94
validation split name: 3
 * Val Acc 14.240, Total time 0.94
validation split name: 4
 * Val Acc 84.940, Total time 0.93
validation split name: 5
 * Val Acc 91.340, Total time 0.93
validation split name: 6
 * Val Acc 96.440, Total time 0.92
====================== 7 =======================
Incremental class: Old valid output dimension: 60
Incremental class: New Valid output dimension: 70
#reg_term: 1
Epoch:0
LR: 0.0001
Itr		Time		  Data		  Loss		Acc
[0/469]	0.1317 (0.1317)	0.1252 (0.1252)	7.278 (7.278)	0.00 (0.00)
[100/469]	0.0224 (0.0119)	0.0194 (0.0088)	0.335 (1.146)	92.19 (73.10)
[200/469]	0.0047 (0.0111)	0.0017 (0.0080)	0.268 (0.738)	91.41 (81.93)
[300/469]	0.0031 (0.0108)	0.0001 (0.0078)	0.332 (0.583)	91.41 (85.36)
[400/469]	0.0233 (0.0107)	0.0203 (0.0077)	0.129 (0.499)	95.31 (87.27)
[468/469]	0.0110 (0.0106)	0.0082 (0.0076)	0.222 (0.456)	93.75 (88.27)
 * Train Acc 88.272
 * Val Acc 94.490, Total time 0.94
Epoch:1
LR: 0.0001
Itr		Time		  Data		  Loss		Acc
[0/469]	0.1386 (0.1386)	0.1318 (0.1318)	0.215 (0.215)	90.62 (90.62)
[100/469]	0.0038 (0.0116)	0.0009 (0.0086)	0.107 (0.186)	99.22 (94.80)
[200/469]	0.0030 (0.0108)	0.0001 (0.0078)	0.162 (0.177)	97.66 (95.13)
[300/469]	0.0232 (0.0106)	0.0203 (0.0076)	0.220 (0.168)	94.53 (95.39)
[400/469]	0.0049 (0.0105)	0.0020 (0.0075)	0.064 (0.164)	99.22 (95.54)
[468/469]	0.0159 (0.0104)	0.0131 (0.0075)	0.254 (0.161)	94.79 (95.65)
 * Train Acc 95.653
 * Val Acc 96.570, Total time 0.93
Computing MAS
validation split name: 1
 * Val Acc 0.000, Total time 0.68
validation split name: 2
 * Val Acc 0.000, Total time 1.00
validation split name: 3
 * Val Acc 13.100, Total time 0.93
validation split name: 4
 * Val Acc 69.050, Total time 0.97
validation split name: 5
 * Val Acc 92.530, Total time 0.94
validation split name: 6
 * Val Acc 94.510, Total time 0.98
validation split name: 7
 * Val Acc 96.570, Total time 0.93
====================== 8 =======================
Incremental class: Old valid output dimension: 70
Incremental class: New Valid output dimension: 80
#reg_term: 1
Epoch:0
LR: 0.0001
Itr		Time		  Data		  Loss		Acc
[0/469]	0.1297 (0.1297)	0.1228 (0.1228)	6.911 (6.911)	0.00 (0.00)
[100/469]	0.0046 (0.0119)	0.0017 (0.0087)	0.454 (1.137)	86.72 (71.17)
[200/469]	0.0226 (0.0111)	0.0198 (0.0080)	0.259 (0.732)	90.62 (80.96)
[300/469]	0.0030 (0.0108)	0.0002 (0.0077)	0.199 (0.573)	92.19 (84.97)
[400/469]	0.0058 (0.0106)	0.0028 (0.0076)	0.247 (0.486)	92.19 (87.15)
[468/469]	0.0029 (0.0106)	0.0001 (0.0076)	0.196 (0.446)	95.83 (88.19)
 * Train Acc 88.187
 * Val Acc 94.810, Total time 0.93
Epoch:1
LR: 0.0001
Itr		Time		  Data		  Loss		Acc
[0/469]	0.1257 (0.1257)	0.1188 (0.1188)	0.134 (0.134)	96.09 (96.09)
[100/469]	0.0262 (0.0116)	0.0227 (0.0086)	0.167 (0.171)	96.09 (95.28)
[200/469]	0.0030 (0.0110)	0.0001 (0.0080)	0.140 (0.167)	97.66 (95.50)
[300/469]	0.0030 (0.0108)	0.0001 (0.0078)	0.191 (0.161)	96.09 (95.69)
[400/469]	0.0248 (0.0106)	0.0216 (0.0077)	0.150 (0.159)	95.31 (95.76)
[468/469]	0.0029 (0.0105)	0.0001 (0.0076)	0.310 (0.156)	90.62 (95.83)
 * Train Acc 95.827
 * Val Acc 96.580, Total time 0.99
Computing MAS
validation split name: 1
 * Val Acc 0.000, Total time 0.70
validation split name: 2
 * Val Acc 0.000, Total time 0.98
validation split name: 3
 * Val Acc 9.320, Total time 0.93
validation split name: 4
 * Val Acc 72.210, Total time 0.93
validation split name: 5
 * Val Acc 93.480, Total time 0.93
validation split name: 6
 * Val Acc 94.260, Total time 0.98
validation split name: 7
 * Val Acc 92.800, Total time 0.95
validation split name: 8
 * Val Acc 96.580, Total time 0.93
====================== 9 =======================
Incremental class: Old valid output dimension: 80
Incremental class: New Valid output dimension: 90
#reg_term: 1
Epoch:0
LR: 0.0001
Itr		Time		  Data		  Loss		Acc
[0/469]	0.1303 (0.1303)	0.1222 (0.1222)	6.322 (6.322)	0.00 (0.00)
[100/469]	0.0031 (0.0116)	0.0001 (0.0084)	0.353 (1.081)	92.19 (72.69)
[200/469]	0.0209 (0.0111)	0.0179 (0.0080)	0.226 (0.700)	95.31 (81.78)
[300/469]	0.0038 (0.0108)	0.0009 (0.0078)	0.338 (0.554)	89.84 (85.40)
[400/469]	0.0032 (0.0107)	0.0002 (0.0077)	0.226 (0.468)	94.53 (87.61)
[468/469]	0.0029 (0.0107)	0.0001 (0.0076)	0.149 (0.430)	97.92 (88.59)
 * Train Acc 88.590
 * Val Acc 95.060, Total time 0.94
Epoch:1
LR: 0.0001
Itr		Time		  Data		  Loss		Acc
[0/469]	0.1246 (0.1246)	0.1184 (0.1184)	0.212 (0.212)	92.97 (92.97)
[100/469]	0.0029 (0.0114)	0.0002 (0.0086)	0.136 (0.168)	96.09 (95.40)
[200/469]	0.0029 (0.0109)	0.0001 (0.0081)	0.169 (0.164)	95.31 (95.65)
[300/469]	0.0245 (0.0107)	0.0217 (0.0079)	0.117 (0.162)	96.88 (95.69)
[400/469]	0.0029 (0.0106)	0.0001 (0.0078)	0.173 (0.158)	96.09 (95.85)
[468/469]	0.0170 (0.0105)	0.0143 (0.0077)	0.053 (0.155)	100.00 (95.93)
 * Train Acc 95.928
 * Val Acc 96.570, Total time 0.99
Computing MAS
validation split name: 1
 * Val Acc 0.000, Total time 0.69
validation split name: 2
 * Val Acc 0.000, Total time 0.95
validation split name: 3
 * Val Acc 2.490, Total time 0.93
validation split name: 4
 * Val Acc 35.810, Total time 0.93
validation split name: 5
 * Val Acc 86.160, Total time 1.00
validation split name: 6
 * Val Acc 91.860, Total time 0.93
validation split name: 7
 * Val Acc 78.140, Total time 0.98
validation split name: 8
 * Val Acc 93.000, Total time 0.93
validation split name: 9
 * Val Acc 96.570, Total time 0.94
====================== 10 =======================
Incremental class: Old valid output dimension: 90
Incremental class: New Valid output dimension: 100
#reg_term: 1
Epoch:0
LR: 0.0001
Itr		Time		  Data		  Loss		Acc
[0/469]	0.1286 (0.1286)	0.1214 (0.1214)	6.646 (6.646)	0.00 (0.00)
[100/469]	0.0081 (0.0115)	0.0051 (0.0084)	0.230 (1.056)	92.97 (74.47)
[200/469]	0.0030 (0.0110)	0.0001 (0.0079)	0.212 (0.681)	92.97 (82.82)
[300/469]	0.0241 (0.0108)	0.0213 (0.0078)	0.156 (0.533)	93.75 (86.35)
[400/469]	0.0030 (0.0107)	0.0002 (0.0077)	0.195 (0.455)	94.53 (88.26)
[468/469]	0.0174 (0.0106)	0.0146 (0.0076)	0.252 (0.418)	93.75 (89.14)
 * Train Acc 89.145
 * Val Acc 95.300, Total time 0.99
Epoch:1
LR: 0.0001
Itr		Time		  Data		  Loss		Acc
[0/469]	0.1254 (0.1254)	0.1187 (0.1187)	0.219 (0.219)	93.75 (93.75)
[100/469]	0.0050 (0.0113)	0.0021 (0.0083)	0.154 (0.183)	96.88 (95.22)
[200/469]	0.0040 (0.0107)	0.0011 (0.0078)	0.193 (0.171)	94.53 (95.56)
[300/469]	0.0234 (0.0106)	0.0205 (0.0077)	0.135 (0.164)	96.88 (95.73)
[400/469]	0.0030 (0.0105)	0.0001 (0.0076)	0.126 (0.159)	96.88 (95.87)
[468/469]	0.0099 (0.0105)	0.0071 (0.0076)	0.115 (0.155)	95.83 (96.00)
 * Train Acc 96.003
 * Val Acc 96.570, Total time 0.93
Computing MAS
validation split name: 1
 * Val Acc 0.000, Total time 0.69
validation split name: 2
 * Val Acc 0.000, Total time 1.01
validation split name: 3
 * Val Acc 2.250, Total time 1.00
validation split name: 4
 * Val Acc 39.390, Total time 1.00
validation split name: 5
 * Val Acc 85.720, Total time 0.94
validation split name: 6
 * Val Acc 45.350, Total time 0.92
validation split name: 7
 * Val Acc 64.190, Total time 1.00
validation split name: 8
 * Val Acc 65.690, Total time 0.93
validation split name: 9
 * Val Acc 90.810, Total time 0.92
validation split name: 10
 * Val Acc 96.570, Total time 0.93
OrderedDict([('1', OrderedDict([('1', 96.1), ('2', 7.7), ('3', 0.0), ('4', 0.0), ('5', 0.0), ('6', 0.0), ('7', 0.0), ('8', 0.0), ('9', 0.0), ('10', 0.0)])), ('2', OrderedDict([('2', 96.6), ('3', 16.73), ('4', 0.0), ('5', 0.0), ('6', 0.01), ('7', 0.0), ('8', 0.0), ('9', 0.0), ('10', 0.0)])), ('3', OrderedDict([('3', 96.06), ('4', 48.45), ('5', 24.65), ('6', 14.24), ('7', 13.1), ('8', 9.32), ('9', 2.49), ('10', 2.25)])), ('4', OrderedDict([('4', 96.48), ('5', 81.89), ('6', 84.94), ('7', 69.05), ('8', 72.21), ('9', 35.81), ('10', 39.39)])), ('5', OrderedDict([('5', 96.26), ('6', 91.34), ('7', 92.53), ('8', 93.48), ('9', 86.16), ('10', 85.72)])), ('6', OrderedDict([('6', 96.44), ('7', 94.51), ('8', 94.26), ('9', 91.86), ('10', 45.35)])), ('7', OrderedDict([('7', 96.57), ('8', 92.8), ('9', 78.14), ('10', 64.19)])), ('8', OrderedDict([('8', 96.58), ('9', 93.0), ('10', 65.69)])), ('9', OrderedDict([('9', 96.57), ('10', 90.81)])), ('10', OrderedDict([('10', 96.57)]))])
Task 1 average acc: 96.1
Task 2 average acc: 52.15
Task 3 average acc: 37.59666666666667
Task 4 average acc: 36.2325
Task 5 average acc: 40.56
Task 6 average acc: 47.82833333333334
Task 7 average acc: 52.25142857142857
Task 8 average acc: 57.33125
Task 9 average acc: 53.78111111111111
Task 10 average acc: 48.997
===Summary of experiment repeats: 1 / 5 ===
The regularization coefficient: 0.003
The last avg acc of all repeats: [48.997  0.     0.     0.     0.   ]
mean: 9.7994 std: 19.5988
MLP(
  (linear): Sequential(
    (0): Linear(in_features=1024, out_features=1000, bias=True)
    (1): ReLU(inplace=True)
    (2): Linear(in_features=1000, out_features=1000, bias=True)
    (3): ReLU(inplace=True)
  )
  (last): ModuleDict(
    (All): Linear(in_features=1000, out_features=100, bias=True)
  )
)
#parameter of model: 2126100
Task order: ['1', '2', '3', '4', '5', '6', '7', '8', '9', '10']
====================== 1 =======================
Incremental class: Old valid output dimension: ALL
Incremental class: New Valid output dimension: 10
#reg_term: 0
Epoch:0
LR: 0.0001
Itr		Time		  Data		  Loss		Acc
[0/469]	0.1155 (0.1155)	0.1102 (0.1102)	2.308 (2.308)	0.78 (0.78)
[100/469]	0.0137 (0.0084)	0.0113 (0.0061)	0.315 (0.817)	89.06 (78.97)
[200/469]	0.0021 (0.0079)	0.0001 (0.0056)	0.294 (0.569)	90.62 (84.86)
[300/469]	0.0022 (0.0078)	0.0002 (0.0055)	0.288 (0.467)	89.84 (87.37)
[400/469]	0.0172 (0.0077)	0.0150 (0.0054)	0.167 (0.409)	96.09 (88.83)
[468/469]	0.0021 (0.0076)	0.0001 (0.0053)	0.469 (0.380)	88.54 (89.57)
 * Train Acc 89.573
 * Val Acc 94.530, Total time 0.69
Epoch:1
LR: 0.0001
Itr		Time		  Data		  Loss		Acc
[0/469]	0.1181 (0.1181)	0.1120 (0.1120)	0.293 (0.293)	93.75 (93.75)
[100/469]	0.0172 (0.0089)	0.0152 (0.0069)	0.225 (0.175)	90.62 (94.98)
[200/469]	0.0020 (0.0080)	0.0002 (0.0060)	0.180 (0.168)	96.09 (95.17)
[300/469]	0.0022 (0.0078)	0.0001 (0.0057)	0.137 (0.163)	96.09 (95.27)
[400/469]	0.0172 (0.0076)	0.0147 (0.0056)	0.160 (0.157)	96.09 (95.43)
[468/469]	0.0020 (0.0075)	0.0001 (0.0055)	0.160 (0.153)	95.83 (95.52)
 * Train Acc 95.515
 * Val Acc 96.380, Total time 0.70
Computing MAS
validation split name: 1
 * Val Acc 96.380, Total time 0.73
====================== 2 =======================
Incremental class: Old valid output dimension: 10
Incremental class: New Valid output dimension: 20
#reg_term: 1
Epoch:0
LR: 0.0001
Itr		Time		  Data		  Loss		Acc
[0/469]	0.1478 (0.1478)	0.1379 (0.1379)	3.161 (3.161)	0.00 (0.00)
[100/469]	0.0037 (0.0120)	0.0008 (0.0089)	0.396 (0.696)	89.84 (80.35)
[200/469]	0.0030 (0.0110)	0.0001 (0.0080)	0.195 (0.491)	91.41 (85.95)
[300/469]	0.0241 (0.0108)	0.0212 (0.0078)	0.218 (0.405)	94.53 (88.42)
[400/469]	0.0034 (0.0106)	0.0001 (0.0076)	0.124 (0.352)	96.09 (89.92)
[468/469]	0.0156 (0.0105)	0.0127 (0.0076)	0.098 (0.326)	97.92 (90.68)
 * Train Acc 90.682
 * Val Acc 95.480, Total time 0.93
Epoch:1
LR: 0.0001
Itr		Time		  Data		  Loss		Acc
[0/469]	0.1427 (0.1427)	0.1366 (0.1366)	0.213 (0.213)	95.31 (95.31)
[100/469]	0.0031 (0.0121)	0.0002 (0.0091)	0.231 (0.151)	92.19 (95.66)
[200/469]	0.0031 (0.0112)	0.0002 (0.0082)	0.100 (0.144)	97.66 (95.88)
[300/469]	0.0243 (0.0109)	0.0214 (0.0080)	0.114 (0.138)	96.09 (96.07)
[400/469]	0.0030 (0.0107)	0.0001 (0.0078)	0.091 (0.133)	98.44 (96.22)
[468/469]	0.0167 (0.0107)	0.0139 (0.0077)	0.049 (0.130)	100.00 (96.29)
 * Train Acc 96.290
 * Val Acc 96.740, Total time 0.95
Computing MAS
validation split name: 1
 * Val Acc 9.600, Total time 0.70
validation split name: 2
 * Val Acc 96.740, Total time 0.93
====================== 3 =======================
Incremental class: Old valid output dimension: 20
Incremental class: New Valid output dimension: 30
#reg_term: 1
Epoch:0
LR: 0.0001
Itr		Time		  Data		  Loss		Acc
[0/469]	0.1398 (0.1398)	0.1341 (0.1341)	4.467 (4.467)	0.00 (0.00)
[100/469]	0.0029 (0.0118)	0.0002 (0.0090)	0.320 (0.796)	90.62 (78.71)
[200/469]	0.0029 (0.0109)	0.0001 (0.0081)	0.231 (0.544)	92.97 (85.13)
[300/469]	0.0205 (0.0107)	0.0177 (0.0079)	0.194 (0.439)	95.31 (87.88)
[400/469]	0.0161 (0.0106)	0.0133 (0.0078)	0.147 (0.378)	95.31 (89.43)
[468/469]	0.0033 (0.0105)	0.0005 (0.0077)	0.155 (0.350)	97.92 (90.17)
 * Train Acc 90.165
 * Val Acc 95.140, Total time 0.94
Epoch:1
LR: 0.0001
Itr		Time		  Data		  Loss		Acc
[0/469]	0.1428 (0.1428)	0.1357 (0.1357)	0.140 (0.140)	94.53 (94.53)
[100/469]	0.0042 (0.0127)	0.0003 (0.0090)	0.173 (0.145)	96.09 (95.86)
[200/469]	0.0031 (0.0120)	0.0001 (0.0083)	0.173 (0.140)	94.53 (95.96)
[300/469]	0.0244 (0.0115)	0.0215 (0.0080)	0.140 (0.135)	96.88 (96.07)
[400/469]	0.0031 (0.0112)	0.0002 (0.0078)	0.188 (0.132)	94.53 (96.22)
[468/469]	0.0169 (0.0110)	0.0141 (0.0078)	0.098 (0.131)	97.92 (96.29)
 * Train Acc 96.290
 * Val Acc 96.560, Total time 0.94
Computing MAS
validation split name: 1
 * Val Acc 0.000, Total time 0.69
validation split name: 2
 * Val Acc 21.240, Total time 0.93
validation split name: 3
 * Val Acc 96.560, Total time 0.93
====================== 4 =======================
Incremental class: Old valid output dimension: 30
Incremental class: New Valid output dimension: 40
#reg_term: 1
Epoch:0
LR: 0.0001
Itr		Time		  Data		  Loss		Acc
[0/469]	0.1414 (0.1414)	0.1352 (0.1352)	7.284 (7.284)	0.00 (0.00)
[100/469]	0.0030 (0.0116)	0.0001 (0.0086)	0.446 (1.101)	89.06 (72.20)
[200/469]	0.0054 (0.0109)	0.0025 (0.0079)	0.339 (0.711)	89.06 (81.42)
[300/469]	0.0030 (0.0108)	0.0002 (0.0077)	0.093 (0.558)	97.66 (85.23)
[400/469]	0.0255 (0.0107)	0.0226 (0.0077)	0.228 (0.476)	94.53 (87.32)
[468/469]	0.0029 (0.0107)	0.0001 (0.0076)	0.115 (0.436)	96.88 (88.32)
 * Train Acc 88.323
 * Val Acc 94.420, Total time 1.00
Epoch:1
LR: 0.0001
Itr		Time		  Data		  Loss		Acc
[0/469]	0.1334 (0.1334)	0.1272 (0.1272)	0.228 (0.228)	92.19 (92.19)
[100/469]	0.0030 (0.0115)	0.0001 (0.0086)	0.154 (0.169)	95.31 (95.33)
[200/469]	0.0030 (0.0109)	0.0001 (0.0079)	0.154 (0.166)	95.31 (95.40)
[300/469]	0.0238 (0.0107)	0.0209 (0.0078)	0.204 (0.159)	94.53 (95.57)
[400/469]	0.0038 (0.0106)	0.0009 (0.0077)	0.091 (0.153)	96.88 (95.73)
[468/469]	0.0162 (0.0106)	0.0134 (0.0076)	0.289 (0.150)	92.71 (95.84)
 * Train Acc 95.837
 * Val Acc 96.470, Total time 0.93
Computing MAS
validation split name: 1
 * Val Acc 0.000, Total time 0.69
validation split name: 2
 * Val Acc 0.030, Total time 0.96
validation split name: 3
 * Val Acc 55.390, Total time 0.93
validation split name: 4
 * Val Acc 96.470, Total time 0.91
====================== 5 =======================
Incremental class: Old valid output dimension: 40
Incremental class: New Valid output dimension: 50
#reg_term: 1
Epoch:0
LR: 0.0001
Itr		Time		  Data		  Loss		Acc
[0/469]	0.1364 (0.1364)	0.1302 (0.1302)	7.930 (7.930)	0.00 (0.00)
[100/469]	0.0030 (0.0114)	0.0002 (0.0085)	0.415 (1.190)	87.50 (72.11)
[200/469]	0.0236 (0.0109)	0.0207 (0.0080)	0.237 (0.753)	93.75 (81.33)
[300/469]	0.0037 (0.0107)	0.0009 (0.0077)	0.150 (0.589)	97.66 (85.11)
[400/469]	0.0030 (0.0106)	0.0001 (0.0076)	0.251 (0.500)	93.75 (87.15)
[468/469]	0.0066 (0.0105)	0.0038 (0.0076)	0.217 (0.458)	91.67 (88.16)
 * Train Acc 88.163
 * Val Acc 94.920, Total time 0.95
Epoch:1
LR: 0.0001
Itr		Time		  Data		  Loss		Acc
[0/469]	0.1300 (0.1300)	0.1234 (0.1234)	0.158 (0.158)	95.31 (95.31)
[100/469]	0.0031 (0.0114)	0.0002 (0.0084)	0.176 (0.173)	93.75 (95.18)
[200/469]	0.0038 (0.0109)	0.0009 (0.0079)	0.167 (0.167)	94.53 (95.43)
[300/469]	0.0242 (0.0108)	0.0213 (0.0078)	0.089 (0.162)	98.44 (95.53)
[400/469]	0.0031 (0.0106)	0.0001 (0.0077)	0.116 (0.159)	98.44 (95.62)
[468/469]	0.0168 (0.0106)	0.0140 (0.0076)	0.236 (0.155)	92.71 (95.71)
 * Train Acc 95.707
 * Val Acc 96.010, Total time 0.96
Computing MAS
validation split name: 1
 * Val Acc 0.000, Total time 0.68
validation split name: 2
 * Val Acc 0.000, Total time 0.94
validation split name: 3
 * Val Acc 28.710, Total time 0.99
validation split name: 4
 * Val Acc 89.130, Total time 0.95
validation split name: 5
 * Val Acc 96.010, Total time 0.95
====================== 6 =======================
Incremental class: Old valid output dimension: 50
Incremental class: New Valid output dimension: 60
#reg_term: 1
Epoch:0
LR: 0.0001
Itr		Time		  Data		  Loss		Acc
[0/469]	0.1400 (0.1400)	0.1340 (0.1340)	7.727 (7.727)	0.00 (0.00)
[100/469]	0.0030 (0.0120)	0.0001 (0.0091)	0.462 (1.227)	83.59 (69.77)
[200/469]	0.0030 (0.0112)	0.0001 (0.0082)	0.329 (0.778)	93.75 (80.22)
[300/469]	0.0248 (0.0109)	0.0219 (0.0080)	0.266 (0.607)	89.84 (84.31)
[400/469]	0.0030 (0.0108)	0.0001 (0.0079)	0.172 (0.511)	96.09 (86.66)
[468/469]	0.0166 (0.0107)	0.0138 (0.0078)	0.196 (0.465)	93.75 (87.77)
 * Train Acc 87.770
 * Val Acc 94.820, Total time 0.94
Epoch:1
LR: 0.0001
Itr		Time		  Data		  Loss		Acc
[0/469]	0.1314 (0.1314)	0.1246 (0.1246)	0.137 (0.137)	96.09 (96.09)
[100/469]	0.0030 (0.0114)	0.0002 (0.0084)	0.176 (0.170)	95.31 (95.54)
[200/469]	0.0030 (0.0109)	0.0002 (0.0079)	0.128 (0.163)	96.09 (95.64)
[300/469]	0.0248 (0.0107)	0.0220 (0.0078)	0.204 (0.159)	95.31 (95.74)
[400/469]	0.0045 (0.0106)	0.0016 (0.0077)	0.150 (0.158)	96.09 (95.75)
[468/469]	0.0157 (0.0105)	0.0128 (0.0076)	0.225 (0.154)	92.71 (95.84)
 * Train Acc 95.843
 * Val Acc 96.520, Total time 0.99
Computing MAS
validation split name: 1
 * Val Acc 0.000, Total time 0.70
validation split name: 2
 * Val Acc 0.000, Total time 0.98
validation split name: 3
 * Val Acc 20.690, Total time 0.99
validation split name: 4
 * Val Acc 85.200, Total time 0.94
validation split name: 5
 * Val Acc 93.740, Total time 0.94
validation split name: 6
 * Val Acc 96.520, Total time 0.93
====================== 7 =======================
Incremental class: Old valid output dimension: 60
Incremental class: New Valid output dimension: 70
#reg_term: 1
Epoch:0
LR: 0.0001
Itr		Time		  Data		  Loss		Acc
[0/469]	0.1332 (0.1332)	0.1266 (0.1266)	7.830 (7.830)	0.00 (0.00)
[100/469]	0.0030 (0.0116)	0.0002 (0.0086)	0.266 (1.222)	92.97 (69.85)
[200/469]	0.0030 (0.0109)	0.0001 (0.0079)	0.207 (0.771)	93.75 (80.32)
[300/469]	0.0243 (0.0107)	0.0214 (0.0078)	0.166 (0.607)	96.88 (84.34)
[400/469]	0.0031 (0.0106)	0.0002 (0.0077)	0.241 (0.512)	93.75 (86.70)
[468/469]	0.0168 (0.0106)	0.0139 (0.0076)	0.160 (0.467)	95.83 (87.80)
 * Train Acc 87.800
 * Val Acc 94.490, Total time 0.92
Epoch:1
LR: 0.0001
Itr		Time		  Data		  Loss		Acc
[0/469]	0.1317 (0.1317)	0.1255 (0.1255)	0.241 (0.241)	93.75 (93.75)
[100/469]	0.0038 (0.0115)	0.0004 (0.0084)	0.158 (0.176)	94.53 (95.20)
[200/469]	0.0031 (0.0110)	0.0002 (0.0078)	0.165 (0.168)	96.88 (95.41)
[300/469]	0.0037 (0.0107)	0.0009 (0.0076)	0.147 (0.165)	97.66 (95.50)
[400/469]	0.0230 (0.0106)	0.0201 (0.0075)	0.143 (0.162)	95.31 (95.61)
[468/469]	0.0034 (0.0105)	0.0006 (0.0075)	0.163 (0.159)	96.88 (95.70)
 * Train Acc 95.698
 * Val Acc 96.440, Total time 0.98
Computing MAS
validation split name: 1
 * Val Acc 0.000, Total time 0.68
validation split name: 2
 * Val Acc 0.000, Total time 0.94
validation split name: 3
 * Val Acc 13.270, Total time 0.94
validation split name: 4
 * Val Acc 86.780, Total time 0.94
validation split name: 5
 * Val Acc 87.540, Total time 0.93
validation split name: 6
 * Val Acc 92.240, Total time 0.94
validation split name: 7
 * Val Acc 96.440, Total time 0.95
====================== 8 =======================
Incremental class: Old valid output dimension: 70
Incremental class: New Valid output dimension: 80
#reg_term: 1
Epoch:0
LR: 0.0001
Itr		Time		  Data		  Loss		Acc
[0/469]	0.1277 (0.1277)	0.1216 (0.1216)	6.315 (6.315)	0.00 (0.00)
[100/469]	0.0113 (0.0115)	0.0083 (0.0083)	0.495 (1.055)	85.94 (73.63)
[200/469]	0.0030 (0.0108)	0.0002 (0.0078)	0.173 (0.683)	96.09 (82.33)
[300/469]	0.0178 (0.0107)	0.0149 (0.0076)	0.155 (0.539)	96.88 (85.83)
[400/469]	0.0059 (0.0106)	0.0029 (0.0076)	0.177 (0.458)	94.53 (87.93)
[468/469]	0.0158 (0.0105)	0.0129 (0.0075)	0.221 (0.422)	93.75 (88.83)
 * Train Acc 88.828
 * Val Acc 95.040, Total time 0.99
Epoch:1
LR: 0.0001
Itr		Time		  Data		  Loss		Acc
[0/469]	0.1318 (0.1318)	0.1250 (0.1250)	0.274 (0.274)	90.62 (90.62)
[100/469]	0.0255 (0.0119)	0.0225 (0.0088)	0.192 (0.168)	94.53 (95.64)
[200/469]	0.0033 (0.0110)	0.0004 (0.0080)	0.113 (0.164)	96.88 (95.65)
[300/469]	0.0030 (0.0107)	0.0002 (0.0078)	0.208 (0.157)	91.41 (95.82)
[400/469]	0.0245 (0.0106)	0.0212 (0.0077)	0.087 (0.153)	98.44 (95.94)
[468/469]	0.0029 (0.0105)	0.0001 (0.0076)	0.086 (0.150)	97.92 (96.01)
 * Train Acc 96.008
 * Val Acc 96.700, Total time 0.96
Computing MAS
validation split name: 1
 * Val Acc 0.000, Total time 0.69
validation split name: 2
 * Val Acc 0.000, Total time 0.94
validation split name: 3
 * Val Acc 2.090, Total time 0.98
validation split name: 4
 * Val Acc 66.540, Total time 0.99
validation split name: 5
 * Val Acc 90.190, Total time 1.00
validation split name: 6
 * Val Acc 92.890, Total time 0.93
validation split name: 7
 * Val Acc 93.270, Total time 0.94
validation split name: 8
 * Val Acc 96.700, Total time 0.94
====================== 9 =======================
Incremental class: Old valid output dimension: 80
Incremental class: New Valid output dimension: 90
#reg_term: 1
Epoch:0
LR: 0.0001
Itr		Time		  Data		  Loss		Acc
[0/469]	0.1357 (0.1357)	0.1290 (0.1290)	6.890 (6.890)	0.00 (0.00)
[100/469]	0.0033 (0.0115)	0.0004 (0.0084)	0.327 (1.106)	90.62 (73.96)
[200/469]	0.0030 (0.0109)	0.0001 (0.0079)	0.393 (0.714)	88.28 (82.45)
[300/469]	0.0239 (0.0107)	0.0210 (0.0078)	0.114 (0.557)	98.44 (86.04)
[400/469]	0.0031 (0.0106)	0.0002 (0.0077)	0.186 (0.474)	94.53 (87.93)
[468/469]	0.0169 (0.0105)	0.0141 (0.0076)	0.103 (0.434)	98.96 (88.91)
 * Train Acc 88.907
 * Val Acc 95.280, Total time 0.93
Epoch:1
LR: 0.0001
Itr		Time		  Data		  Loss		Acc
[0/469]	0.1427 (0.1427)	0.1362 (0.1362)	0.206 (0.206)	94.53 (94.53)
[100/469]	0.0030 (0.0119)	0.0002 (0.0089)	0.194 (0.163)	93.75 (95.68)
[200/469]	0.0030 (0.0110)	0.0001 (0.0081)	0.160 (0.166)	95.31 (95.67)
[300/469]	0.0244 (0.0108)	0.0216 (0.0079)	0.077 (0.159)	99.22 (95.84)
[400/469]	0.0030 (0.0106)	0.0001 (0.0077)	0.082 (0.156)	97.66 (95.95)
[468/469]	0.0171 (0.0106)	0.0142 (0.0077)	0.131 (0.154)	97.92 (95.99)
 * Train Acc 95.990
 * Val Acc 96.560, Total time 0.94
Computing MAS
validation split name: 1
 * Val Acc 0.000, Total time 0.68
validation split name: 2
 * Val Acc 0.000, Total time 1.00
validation split name: 3
 * Val Acc 0.420, Total time 0.93
validation split name: 4
 * Val Acc 51.010, Total time 0.95
validation split name: 5
 * Val Acc 77.290, Total time 0.93
validation split name: 6
 * Val Acc 90.600, Total time 0.99
validation split name: 7
 * Val Acc 90.810, Total time 0.95
validation split name: 8
 * Val Acc 91.250, Total time 0.97
validation split name: 9
 * Val Acc 96.560, Total time 0.94
====================== 10 =======================
Incremental class: Old valid output dimension: 90
Incremental class: New Valid output dimension: 100
#reg_term: 1
Epoch:0
LR: 0.0001
Itr		Time		  Data		  Loss		Acc
[0/469]	0.1310 (0.1310)	0.1239 (0.1239)	7.359 (7.359)	0.00 (0.00)
[100/469]	0.0039 (0.0115)	0.0010 (0.0084)	0.344 (1.152)	91.41 (72.28)
[200/469]	0.0029 (0.0108)	0.0001 (0.0078)	0.248 (0.737)	94.53 (81.69)
[300/469]	0.0240 (0.0107)	0.0211 (0.0077)	0.253 (0.583)	90.62 (85.18)
[400/469]	0.0050 (0.0105)	0.0021 (0.0076)	0.157 (0.494)	95.31 (87.37)
[468/469]	0.0162 (0.0105)	0.0134 (0.0075)	0.233 (0.451)	93.75 (88.41)
 * Train Acc 88.410
 * Val Acc 95.140, Total time 0.95
Epoch:1
LR: 0.0001
Itr		Time		  Data		  Loss		Acc
[0/469]	0.1265 (0.1265)	0.1203 (0.1203)	0.144 (0.144)	96.88 (96.88)
[100/469]	0.0031 (0.0115)	0.0002 (0.0085)	0.224 (0.180)	94.53 (95.27)
[200/469]	0.0030 (0.0109)	0.0001 (0.0080)	0.140 (0.176)	95.31 (95.41)
[300/469]	0.0253 (0.0108)	0.0224 (0.0078)	0.156 (0.169)	95.31 (95.61)
[400/469]	0.0030 (0.0106)	0.0002 (0.0077)	0.138 (0.163)	96.09 (95.80)
[468/469]	0.0170 (0.0106)	0.0141 (0.0077)	0.173 (0.160)	96.88 (95.87)
 * Train Acc 95.873
 * Val Acc 96.480, Total time 0.94
Computing MAS
validation split name: 1
 * Val Acc 0.000, Total time 0.71
validation split name: 2
 * Val Acc 0.000, Total time 0.94
validation split name: 3
 * Val Acc 1.580, Total time 0.94
validation split name: 4
 * Val Acc 47.360, Total time 0.92
validation split name: 5
 * Val Acc 68.740, Total time 0.98
validation split name: 6
 * Val Acc 88.700, Total time 0.95
validation split name: 7
 * Val Acc 74.070, Total time 0.94
validation split name: 8
 * Val Acc 72.770, Total time 0.93
validation split name: 9
 * Val Acc 93.430, Total time 0.94
validation split name: 10
 * Val Acc 96.480, Total time 0.93
OrderedDict([('1', OrderedDict([('1', 96.38), ('2', 9.6), ('3', 0.0), ('4', 0.0), ('5', 0.0), ('6', 0.0), ('7', 0.0), ('8', 0.0), ('9', 0.0), ('10', 0.0)])), ('2', OrderedDict([('2', 96.74), ('3', 21.24), ('4', 0.03), ('5', 0.0), ('6', 0.0), ('7', 0.0), ('8', 0.0), ('9', 0.0), ('10', 0.0)])), ('3', OrderedDict([('3', 96.56), ('4', 55.39), ('5', 28.71), ('6', 20.69), ('7', 13.27), ('8', 2.09), ('9', 0.42), ('10', 1.58)])), ('4', OrderedDict([('4', 96.47), ('5', 89.13), ('6', 85.2), ('7', 86.78), ('8', 66.54), ('9', 51.01), ('10', 47.36)])), ('5', OrderedDict([('5', 96.01), ('6', 93.74), ('7', 87.54), ('8', 90.19), ('9', 77.29), ('10', 68.74)])), ('6', OrderedDict([('6', 96.52), ('7', 92.24), ('8', 92.89), ('9', 90.6), ('10', 88.7)])), ('7', OrderedDict([('7', 96.44), ('8', 93.27), ('9', 90.81), ('10', 74.07)])), ('8', OrderedDict([('8', 96.7), ('9', 91.25), ('10', 72.77)])), ('9', OrderedDict([('9', 96.56), ('10', 93.43)])), ('10', OrderedDict([('10', 96.48)]))])
Task 1 average acc: 96.38
Task 2 average acc: 53.169999999999995
Task 3 average acc: 39.266666666666666
Task 4 average acc: 37.9725
Task 5 average acc: 42.77
Task 6 average acc: 49.35833333333333
Task 7 average acc: 53.75285714285714
Task 8 average acc: 55.209999999999994
Task 9 average acc: 55.32666666666667
Task 10 average acc: 54.313
===Summary of experiment repeats: 2 / 5 ===
The regularization coefficient: 0.003
The last avg acc of all repeats: [48.997 54.313  0.     0.     0.   ]
mean: 20.662 std: 25.361454051374896
MLP(
  (linear): Sequential(
    (0): Linear(in_features=1024, out_features=1000, bias=True)
    (1): ReLU(inplace=True)
    (2): Linear(in_features=1000, out_features=1000, bias=True)
    (3): ReLU(inplace=True)
  )
  (last): ModuleDict(
    (All): Linear(in_features=1000, out_features=100, bias=True)
  )
)
#parameter of model: 2126100
Task order: ['1', '2', '3', '4', '5', '6', '7', '8', '9', '10']
====================== 1 =======================
Incremental class: Old valid output dimension: ALL
Incremental class: New Valid output dimension: 10
#reg_term: 0
Epoch:0
LR: 0.0001
Itr		Time		  Data		  Loss		Acc
[0/469]	0.1176 (0.1176)	0.1129 (0.1129)	2.314 (2.314)	0.00 (0.00)
[100/469]	0.0179 (0.0085)	0.0157 (0.0063)	0.497 (0.817)	83.59 (78.40)
[200/469]	0.0021 (0.0081)	0.0001 (0.0060)	0.234 (0.574)	91.41 (84.36)
[300/469]	0.0021 (0.0078)	0.0002 (0.0057)	0.278 (0.472)	92.97 (86.91)
[400/469]	0.0093 (0.0077)	0.0072 (0.0055)	0.347 (0.409)	92.97 (88.54)
[468/469]	0.0020 (0.0076)	0.0001 (0.0055)	0.280 (0.380)	89.58 (89.31)
 * Train Acc 89.313
 * Val Acc 94.560, Total time 0.77
Epoch:1
LR: 0.0001
Itr		Time		  Data		  Loss		Acc
[0/469]	0.1210 (0.1210)	0.1163 (0.1163)	0.100 (0.100)	96.09 (96.09)
[100/469]	0.0022 (0.0083)	0.0004 (0.0064)	0.191 (0.168)	93.75 (94.97)
[200/469]	0.0019 (0.0077)	0.0001 (0.0059)	0.112 (0.164)	97.66 (95.20)
[300/469]	0.0177 (0.0076)	0.0158 (0.0058)	0.244 (0.162)	92.97 (95.19)
[400/469]	0.0020 (0.0075)	0.0002 (0.0057)	0.094 (0.154)	98.44 (95.41)
[468/469]	0.0118 (0.0075)	0.0100 (0.0056)	0.062 (0.151)	97.92 (95.48)
 * Train Acc 95.477
 * Val Acc 96.380, Total time 0.69
Computing MAS
validation split name: 1
 * Val Acc 96.380, Total time 0.69
====================== 2 =======================
Incremental class: Old valid output dimension: 10
Incremental class: New Valid output dimension: 20
#reg_term: 1
Epoch:0
LR: 0.0001
Itr		Time		  Data		  Loss		Acc
[0/469]	0.1445 (0.1445)	0.1348 (0.1348)	3.183 (3.183)	0.00 (0.00)
[100/469]	0.0030 (0.0117)	0.0002 (0.0086)	0.316 (0.715)	90.62 (79.76)
[200/469]	0.0238 (0.0110)	0.0204 (0.0080)	0.324 (0.501)	92.97 (85.70)
[300/469]	0.0030 (0.0107)	0.0001 (0.0077)	0.183 (0.411)	94.53 (88.19)
[400/469]	0.0030 (0.0105)	0.0002 (0.0076)	0.230 (0.358)	94.53 (89.65)
[468/469]	0.0029 (0.0105)	0.0001 (0.0075)	0.344 (0.332)	91.67 (90.37)
 * Train Acc 90.373
 * Val Acc 95.170, Total time 0.94
Epoch:1
LR: 0.0001
Itr		Time		  Data		  Loss		Acc
[0/469]	0.1259 (0.1259)	0.1195 (0.1195)	0.214 (0.214)	92.97 (92.97)
[100/469]	0.0028 (0.0116)	0.0001 (0.0087)	0.120 (0.144)	97.66 (95.92)
[200/469]	0.0030 (0.0109)	0.0002 (0.0081)	0.099 (0.140)	96.88 (95.91)
[300/469]	0.0247 (0.0107)	0.0219 (0.0079)	0.137 (0.138)	96.09 (95.94)
[400/469]	0.0030 (0.0106)	0.0002 (0.0078)	0.085 (0.134)	96.88 (96.07)
[468/469]	0.0168 (0.0106)	0.0140 (0.0078)	0.107 (0.131)	96.88 (96.17)
 * Train Acc 96.165
 * Val Acc 96.800, Total time 0.94
Computing MAS
validation split name: 1
 * Val Acc 13.530, Total time 0.70
validation split name: 2
 * Val Acc 96.800, Total time 1.01
====================== 3 =======================
Incremental class: Old valid output dimension: 20
Incremental class: New Valid output dimension: 30
#reg_term: 1
Epoch:0
LR: 0.0001
Itr		Time		  Data		  Loss		Acc
[0/469]	0.1279 (0.1279)	0.1223 (0.1223)	4.763 (4.763)	0.00 (0.00)
[100/469]	0.0126 (0.0113)	0.0098 (0.0085)	0.374 (0.828)	89.06 (78.31)
[200/469]	0.0028 (0.0107)	0.0001 (0.0080)	0.286 (0.563)	91.41 (84.68)
[300/469]	0.0205 (0.0106)	0.0177 (0.0078)	0.206 (0.453)	92.97 (87.47)
[400/469]	0.0073 (0.0105)	0.0046 (0.0077)	0.114 (0.391)	96.09 (89.11)
[468/469]	0.0142 (0.0104)	0.0115 (0.0077)	0.050 (0.362)	98.96 (89.89)
 * Train Acc 89.887
 * Val Acc 95.230, Total time 0.93
Epoch:1
LR: 0.0001
Itr		Time		  Data		  Loss		Acc
[0/469]	0.1282 (0.1282)	0.1219 (0.1219)	0.177 (0.177)	96.09 (96.09)
[100/469]	0.0031 (0.0114)	0.0001 (0.0085)	0.086 (0.152)	100.00 (95.80)
[200/469]	0.0030 (0.0108)	0.0001 (0.0079)	0.102 (0.145)	98.44 (95.87)
[300/469]	0.0248 (0.0107)	0.0219 (0.0078)	0.152 (0.142)	95.31 (95.90)
[400/469]	0.0038 (0.0106)	0.0008 (0.0076)	0.067 (0.137)	98.44 (96.06)
[468/469]	0.0150 (0.0105)	0.0121 (0.0076)	0.127 (0.135)	96.88 (96.11)
 * Train Acc 96.105
 * Val Acc 96.500, Total time 0.92
Computing MAS
validation split name: 1
 * Val Acc 0.000, Total time 0.74
validation split name: 2
 * Val Acc 16.590, Total time 0.96
validation split name: 3
 * Val Acc 96.500, Total time 0.92
====================== 4 =======================
Incremental class: Old valid output dimension: 30
Incremental class: New Valid output dimension: 40
#reg_term: 1
Epoch:0
LR: 0.0001
Itr		Time		  Data		  Loss		Acc
[0/469]	0.1438 (0.1438)	0.1374 (0.1374)	7.460 (7.460)	0.00 (0.00)
[100/469]	0.0030 (0.0121)	0.0001 (0.0090)	0.341 (1.114)	88.28 (72.03)
[200/469]	0.0041 (0.0112)	0.0002 (0.0082)	0.315 (0.716)	93.75 (81.52)
[300/469]	0.0030 (0.0110)	0.0002 (0.0079)	0.204 (0.561)	94.53 (85.25)
[400/469]	0.0223 (0.0108)	0.0194 (0.0078)	0.233 (0.476)	92.19 (87.39)
[468/469]	0.0034 (0.0108)	0.0001 (0.0078)	0.212 (0.436)	93.75 (88.35)
 * Train Acc 88.348
 * Val Acc 94.980, Total time 0.94
Epoch:1
LR: 0.0001
Itr		Time		  Data		  Loss		Acc
[0/469]	0.1275 (0.1275)	0.1195 (0.1195)	0.172 (0.172)	95.31 (95.31)
[100/469]	0.0150 (0.0116)	0.0121 (0.0084)	0.157 (0.171)	96.09 (95.20)
[200/469]	0.0030 (0.0109)	0.0002 (0.0078)	0.278 (0.169)	92.97 (95.28)
[300/469]	0.0152 (0.0107)	0.0122 (0.0077)	0.151 (0.161)	96.09 (95.46)
[400/469]	0.0055 (0.0106)	0.0025 (0.0076)	0.113 (0.157)	96.09 (95.58)
[468/469]	0.0177 (0.0106)	0.0148 (0.0076)	0.245 (0.153)	93.75 (95.69)
 * Train Acc 95.687
 * Val Acc 96.340, Total time 0.93
Computing MAS
validation split name: 1
 * Val Acc 0.000, Total time 0.69
validation split name: 2
 * Val Acc 1.300, Total time 0.93
validation split name: 3
 * Val Acc 48.860, Total time 0.93
validation split name: 4
 * Val Acc 96.340, Total time 0.99
====================== 5 =======================
Incremental class: Old valid output dimension: 40
Incremental class: New Valid output dimension: 50
#reg_term: 1
Epoch:0
LR: 0.0001
Itr		Time		  Data		  Loss		Acc
[0/469]	0.1350 (0.1350)	0.1287 (0.1287)	7.936 (7.936)	0.00 (0.00)
[100/469]	0.0242 (0.0119)	0.0214 (0.0089)	0.391 (1.163)	87.50 (71.23)
[200/469]	0.0039 (0.0110)	0.0011 (0.0081)	0.338 (0.745)	90.62 (80.90)
[300/469]	0.0030 (0.0107)	0.0001 (0.0078)	0.416 (0.588)	89.06 (84.63)
[400/469]	0.0124 (0.0106)	0.0095 (0.0077)	0.134 (0.498)	94.53 (86.83)
[468/469]	0.0029 (0.0105)	0.0001 (0.0076)	0.216 (0.457)	94.79 (87.85)
 * Train Acc 87.853
 * Val Acc 94.590, Total time 1.01
Epoch:1
LR: 0.0001
Itr		Time		  Data		  Loss		Acc
[0/469]	0.1272 (0.1272)	0.1209 (0.1209)	0.191 (0.191)	92.97 (92.97)
[100/469]	0.0031 (0.0113)	0.0002 (0.0082)	0.244 (0.180)	92.97 (94.80)
[200/469]	0.0248 (0.0110)	0.0219 (0.0079)	0.116 (0.172)	96.88 (95.07)
[300/469]	0.0030 (0.0107)	0.0001 (0.0077)	0.061 (0.166)	99.22 (95.27)
[400/469]	0.0030 (0.0105)	0.0002 (0.0076)	0.184 (0.162)	96.09 (95.38)
[468/469]	0.0029 (0.0105)	0.0001 (0.0075)	0.135 (0.158)	95.83 (95.54)
 * Train Acc 95.537
 * Val Acc 96.230, Total time 1.00
Computing MAS
validation split name: 1
 * Val Acc 0.000, Total time 0.69
validation split name: 2
 * Val Acc 0.000, Total time 0.93
validation split name: 3
 * Val Acc 18.820, Total time 0.93
validation split name: 4
 * Val Acc 87.640, Total time 0.94
validation split name: 5
 * Val Acc 96.230, Total time 0.99
====================== 6 =======================
Incremental class: Old valid output dimension: 50
Incremental class: New Valid output dimension: 60
#reg_term: 1
Epoch:0
LR: 0.0001
Itr		Time		  Data		  Loss		Acc
[0/469]	0.1404 (0.1404)	0.1345 (0.1345)	8.373 (8.373)	0.00 (0.00)
[100/469]	0.0030 (0.0118)	0.0002 (0.0088)	0.312 (1.266)	90.62 (69.53)
[200/469]	0.0036 (0.0109)	0.0008 (0.0080)	0.180 (0.800)	93.75 (79.88)
[300/469]	0.0226 (0.0107)	0.0197 (0.0078)	0.249 (0.625)	93.75 (83.89)
[400/469]	0.0171 (0.0106)	0.0136 (0.0077)	0.254 (0.527)	94.53 (86.30)
[468/469]	0.0030 (0.0105)	0.0001 (0.0076)	0.219 (0.483)	93.75 (87.36)
 * Train Acc 87.362
 * Val Acc 94.470, Total time 0.93
Epoch:1
LR: 0.0001
Itr		Time		  Data		  Loss		Acc
[0/469]	0.1403 (0.1403)	0.1338 (0.1338)	0.175 (0.175)	96.09 (96.09)
[100/469]	0.0252 (0.0120)	0.0218 (0.0085)	0.222 (0.191)	92.97 (94.79)
[200/469]	0.0030 (0.0111)	0.0002 (0.0077)	0.141 (0.178)	96.88 (95.13)
[300/469]	0.0136 (0.0108)	0.0106 (0.0076)	0.134 (0.171)	96.09 (95.27)
[400/469]	0.0082 (0.0107)	0.0053 (0.0075)	0.096 (0.166)	96.88 (95.46)
[468/469]	0.0134 (0.0106)	0.0105 (0.0075)	0.188 (0.162)	92.71 (95.54)
 * Train Acc 95.542
 * Val Acc 96.320, Total time 0.92
Computing MAS
validation split name: 1
 * Val Acc 0.000, Total time 0.70
validation split name: 2
 * Val Acc 0.000, Total time 0.94
validation split name: 3
 * Val Acc 15.640, Total time 1.00
validation split name: 4
 * Val Acc 73.460, Total time 0.98
validation split name: 5
 * Val Acc 92.720, Total time 0.94
validation split name: 6
 * Val Acc 96.320, Total time 0.94
====================== 7 =======================
Incremental class: Old valid output dimension: 60
Incremental class: New Valid output dimension: 70
#reg_term: 1
Epoch:0
LR: 0.0001
Itr		Time		  Data		  Loss		Acc
[0/469]	0.1270 (0.1270)	0.1205 (0.1205)	6.633 (6.633)	0.00 (0.00)
[100/469]	0.0030 (0.0117)	0.0002 (0.0087)	0.332 (1.113)	92.19 (72.09)
[200/469]	0.0031 (0.0110)	0.0002 (0.0080)	0.370 (0.718)	91.41 (81.29)
[300/469]	0.0239 (0.0109)	0.0209 (0.0079)	0.354 (0.564)	87.50 (85.15)
[400/469]	0.0030 (0.0107)	0.0002 (0.0077)	0.226 (0.480)	95.31 (87.29)
[468/469]	0.0170 (0.0107)	0.0141 (0.0077)	0.145 (0.440)	95.83 (88.30)
 * Train Acc 88.297
 * Val Acc 94.740, Total time 0.94
Epoch:1
LR: 0.0001
Itr		Time		  Data		  Loss		Acc
[0/469]	0.1394 (0.1394)	0.1330 (0.1330)	0.330 (0.330)	92.97 (92.97)
[100/469]	0.0030 (0.0115)	0.0002 (0.0085)	0.198 (0.180)	93.75 (95.06)
[200/469]	0.0030 (0.0108)	0.0001 (0.0078)	0.164 (0.170)	96.09 (95.31)
[300/469]	0.0237 (0.0106)	0.0208 (0.0077)	0.139 (0.163)	95.31 (95.55)
[400/469]	0.0030 (0.0105)	0.0002 (0.0075)	0.126 (0.160)	95.31 (95.68)
[468/469]	0.0154 (0.0104)	0.0126 (0.0075)	0.086 (0.155)	96.88 (95.82)
 * Train Acc 95.817
 * Val Acc 96.370, Total time 0.94
Computing MAS
validation split name: 1
 * Val Acc 0.000, Total time 0.68
validation split name: 2
 * Val Acc 0.000, Total time 0.95
validation split name: 3
 * Val Acc 6.550, Total time 0.94
validation split name: 4
 * Val Acc 73.490, Total time 0.93
validation split name: 5
 * Val Acc 84.060, Total time 0.94
validation split name: 6
 * Val Acc 94.710, Total time 0.93
validation split name: 7
 * Val Acc 96.370, Total time 0.94
====================== 8 =======================
Incremental class: Old valid output dimension: 70
Incremental class: New Valid output dimension: 80
#reg_term: 1
Epoch:0
LR: 0.0001
Itr		Time		  Data		  Loss		Acc
[0/469]	0.1267 (0.1267)	0.1205 (0.1205)	7.062 (7.062)	0.00 (0.00)
[100/469]	0.0030 (0.0118)	0.0001 (0.0088)	0.519 (1.146)	85.94 (72.42)
[200/469]	0.0038 (0.0110)	0.0009 (0.0080)	0.475 (0.735)	89.06 (81.61)
[300/469]	0.0227 (0.0108)	0.0198 (0.0078)	0.215 (0.576)	95.31 (85.36)
[400/469]	0.0030 (0.0106)	0.0001 (0.0077)	0.260 (0.488)	91.41 (87.45)
[468/469]	0.0121 (0.0106)	0.0092 (0.0076)	0.209 (0.445)	95.83 (88.50)
 * Train Acc 88.498
 * Val Acc 95.190, Total time 0.94
Epoch:1
LR: 0.0001
Itr		Time		  Data		  Loss		Acc
[0/469]	0.1387 (0.1387)	0.1325 (0.1325)	0.225 (0.225)	94.53 (94.53)
[100/469]	0.0030 (0.0117)	0.0002 (0.0087)	0.165 (0.184)	96.88 (95.01)
[200/469]	0.0030 (0.0109)	0.0002 (0.0080)	0.286 (0.175)	90.62 (95.34)
[300/469]	0.0161 (0.0107)	0.0132 (0.0078)	0.171 (0.168)	96.09 (95.53)
[400/469]	0.0175 (0.0106)	0.0146 (0.0077)	0.085 (0.163)	97.66 (95.66)
[468/469]	0.0029 (0.0105)	0.0001 (0.0076)	0.115 (0.159)	96.88 (95.76)
 * Train Acc 95.763
 * Val Acc 96.540, Total time 0.92
Computing MAS
validation split name: 1
 * Val Acc 0.000, Total time 0.69
validation split name: 2
 * Val Acc 0.000, Total time 0.93
validation split name: 3
 * Val Acc 1.070, Total time 0.97
validation split name: 4
 * Val Acc 53.840, Total time 0.94
validation split name: 5
 * Val Acc 90.120, Total time 0.93
validation split name: 6
 * Val Acc 89.210, Total time 0.95
validation split name: 7
 * Val Acc 93.570, Total time 0.94
validation split name: 8
 * Val Acc 96.540, Total time 0.93
====================== 9 =======================
Incremental class: Old valid output dimension: 80
Incremental class: New Valid output dimension: 90
#reg_term: 1
Epoch:0
LR: 0.0001
Itr		Time		  Data		  Loss		Acc
[0/469]	0.1268 (0.1268)	0.1204 (0.1204)	7.015 (7.015)	0.00 (0.00)
[100/469]	0.0116 (0.0118)	0.0086 (0.0088)	0.362 (1.132)	90.62 (73.56)
[200/469]	0.0243 (0.0111)	0.0215 (0.0082)	0.215 (0.722)	93.75 (82.35)
[300/469]	0.0038 (0.0108)	0.0009 (0.0079)	0.208 (0.571)	95.31 (85.69)
[400/469]	0.0031 (0.0106)	0.0002 (0.0077)	0.216 (0.484)	93.75 (87.72)
[468/469]	0.0029 (0.0106)	0.0001 (0.0077)	0.115 (0.442)	96.88 (88.71)
 * Train Acc 88.710
 * Val Acc 95.150, Total time 0.93
Epoch:1
LR: 0.0001
Itr		Time		  Data		  Loss		Acc
[0/469]	0.1264 (0.1264)	0.1202 (0.1202)	0.223 (0.223)	92.19 (92.19)
[100/469]	0.0237 (0.0117)	0.0208 (0.0085)	0.154 (0.182)	94.53 (95.03)
[200/469]	0.0030 (0.0110)	0.0001 (0.0079)	0.163 (0.169)	95.31 (95.36)
[300/469]	0.0030 (0.0107)	0.0001 (0.0078)	0.083 (0.165)	97.66 (95.56)
[400/469]	0.0247 (0.0106)	0.0218 (0.0077)	0.191 (0.158)	95.31 (95.81)
[468/469]	0.0032 (0.0106)	0.0001 (0.0076)	0.088 (0.155)	98.96 (95.89)
 * Train Acc 95.892
 * Val Acc 96.550, Total time 0.99
Computing MAS
validation split name: 1
 * Val Acc 0.000, Total time 0.69
validation split name: 2
 * Val Acc 0.000, Total time 0.94
validation split name: 3
 * Val Acc 1.970, Total time 0.93
validation split name: 4
 * Val Acc 57.290, Total time 0.94
validation split name: 5
 * Val Acc 79.080, Total time 0.93
validation split name: 6
 * Val Acc 78.960, Total time 0.94
validation split name: 7
 * Val Acc 78.410, Total time 0.94
validation split name: 8
 * Val Acc 92.090, Total time 0.95
validation split name: 9
 * Val Acc 96.550, Total time 0.94
====================== 10 =======================
Incremental class: Old valid output dimension: 90
Incremental class: New Valid output dimension: 100
#reg_term: 1
Epoch:0
LR: 0.0001
Itr		Time		  Data		  Loss		Acc
[0/469]	0.1289 (0.1289)	0.1225 (0.1225)	7.386 (7.386)	0.00 (0.00)
[100/469]	0.0221 (0.0119)	0.0191 (0.0089)	0.396 (1.124)	89.06 (73.35)
[200/469]	0.0069 (0.0111)	0.0039 (0.0081)	0.298 (0.717)	89.84 (82.14)
[300/469]	0.0031 (0.0109)	0.0002 (0.0079)	0.251 (0.565)	92.19 (85.64)
[400/469]	0.0029 (0.0108)	0.0001 (0.0078)	0.168 (0.480)	96.09 (87.67)
[468/469]	0.0029 (0.0107)	0.0001 (0.0078)	0.289 (0.440)	91.67 (88.61)
 * Train Acc 88.612
 * Val Acc 95.050, Total time 0.95
Epoch:1
LR: 0.0001
Itr		Time		  Data		  Loss		Acc
[0/469]	0.1413 (0.1413)	0.1346 (0.1346)	0.143 (0.143)	96.09 (96.09)
[100/469]	0.0035 (0.0119)	0.0002 (0.0089)	0.210 (0.178)	93.75 (95.19)
[200/469]	0.0030 (0.0110)	0.0001 (0.0080)	0.133 (0.172)	97.66 (95.33)
[300/469]	0.0242 (0.0107)	0.0212 (0.0078)	0.215 (0.167)	95.31 (95.62)
[400/469]	0.0030 (0.0106)	0.0001 (0.0076)	0.149 (0.163)	96.09 (95.73)
[468/469]	0.0161 (0.0105)	0.0132 (0.0076)	0.181 (0.161)	96.88 (95.79)
 * Train Acc 95.788
 * Val Acc 96.410, Total time 0.94
Computing MAS
validation split name: 1
 * Val Acc 0.000, Total time 0.69
validation split name: 2
 * Val Acc 0.020, Total time 0.92
validation split name: 3
 * Val Acc 0.050, Total time 0.93
validation split name: 4
 * Val Acc 52.720, Total time 0.93
validation split name: 5
 * Val Acc 74.670, Total time 0.96
validation split name: 6
 * Val Acc 66.130, Total time 0.93
validation split name: 7
 * Val Acc 58.540, Total time 0.94
validation split name: 8
 * Val Acc 72.360, Total time 0.93
validation split name: 9
 * Val Acc 91.560, Total time 0.96
validation split name: 10
 * Val Acc 96.410, Total time 0.93
OrderedDict([('1', OrderedDict([('1', 96.38), ('2', 13.53), ('3', 0.0), ('4', 0.0), ('5', 0.0), ('6', 0.0), ('7', 0.0), ('8', 0.0), ('9', 0.0), ('10', 0.0)])), ('2', OrderedDict([('2', 96.8), ('3', 16.59), ('4', 1.3), ('5', 0.0), ('6', 0.0), ('7', 0.0), ('8', 0.0), ('9', 0.0), ('10', 0.02)])), ('3', OrderedDict([('3', 96.5), ('4', 48.86), ('5', 18.82), ('6', 15.64), ('7', 6.55), ('8', 1.07), ('9', 1.97), ('10', 0.05)])), ('4', OrderedDict([('4', 96.34), ('5', 87.64), ('6', 73.46), ('7', 73.49), ('8', 53.84), ('9', 57.29), ('10', 52.72)])), ('5', OrderedDict([('5', 96.23), ('6', 92.72), ('7', 84.06), ('8', 90.12), ('9', 79.08), ('10', 74.67)])), ('6', OrderedDict([('6', 96.32), ('7', 94.71), ('8', 89.21), ('9', 78.96), ('10', 66.13)])), ('7', OrderedDict([('7', 96.37), ('8', 93.57), ('9', 78.41), ('10', 58.54)])), ('8', OrderedDict([('8', 96.54), ('9', 92.09), ('10', 72.36)])), ('9', OrderedDict([('9', 96.55), ('10', 91.56)])), ('10', OrderedDict([('10', 96.41)]))])
Task 1 average acc: 96.38
Task 2 average acc: 55.165
Task 3 average acc: 37.696666666666665
Task 4 average acc: 36.625
Task 5 average acc: 40.538
Task 6 average acc: 46.35666666666666
Task 7 average acc: 50.74
Task 8 average acc: 53.04375
Task 9 average acc: 53.81666666666668
Task 10 average acc: 51.246
===Summary of experiment repeats: 3 / 5 ===
The regularization coefficient: 0.003
The last avg acc of all repeats: [48.997 54.313 51.246  0.     0.   ]
mean: 30.9112 std: 25.29525278308165
MLP(
  (linear): Sequential(
    (0): Linear(in_features=1024, out_features=1000, bias=True)
    (1): ReLU(inplace=True)
    (2): Linear(in_features=1000, out_features=1000, bias=True)
    (3): ReLU(inplace=True)
  )
  (last): ModuleDict(
    (All): Linear(in_features=1000, out_features=100, bias=True)
  )
)
#parameter of model: 2126100
Task order: ['1', '2', '3', '4', '5', '6', '7', '8', '9', '10']
====================== 1 =======================
Incremental class: Old valid output dimension: ALL
Incremental class: New Valid output dimension: 10
#reg_term: 0
Epoch:0
LR: 0.0001
Itr		Time		  Data		  Loss		Acc
[0/469]	0.1174 (0.1174)	0.1126 (0.1126)	2.296 (2.296)	0.00 (0.00)
[100/469]	0.0060 (0.0082)	0.0042 (0.0063)	0.447 (0.824)	84.38 (77.21)
[200/469]	0.0020 (0.0077)	0.0002 (0.0058)	0.287 (0.571)	93.75 (83.91)
[300/469]	0.0027 (0.0075)	0.0009 (0.0057)	0.233 (0.466)	94.53 (86.76)
[400/469]	0.0177 (0.0075)	0.0158 (0.0056)	0.227 (0.408)	92.19 (88.38)
[468/469]	0.0019 (0.0074)	0.0001 (0.0055)	0.138 (0.378)	94.79 (89.19)
 * Train Acc 89.193
 * Val Acc 94.740, Total time 0.75
Epoch:1
LR: 0.0001
Itr		Time		  Data		  Loss		Acc
[0/469]	0.1225 (0.1225)	0.1172 (0.1172)	0.107 (0.107)	96.09 (96.09)
[100/469]	0.0179 (0.0085)	0.0156 (0.0063)	0.179 (0.181)	92.19 (94.74)
[200/469]	0.0021 (0.0080)	0.0002 (0.0058)	0.129 (0.169)	95.31 (95.02)
[300/469]	0.0021 (0.0077)	0.0001 (0.0056)	0.123 (0.163)	96.88 (95.19)
[400/469]	0.0168 (0.0076)	0.0145 (0.0055)	0.125 (0.155)	95.31 (95.42)
[468/469]	0.0019 (0.0075)	0.0001 (0.0054)	0.028 (0.150)	100.00 (95.56)
 * Train Acc 95.557
 * Val Acc 96.400, Total time 0.69
Computing MAS
validation split name: 1
 * Val Acc 96.400, Total time 0.69
====================== 2 =======================
Incremental class: Old valid output dimension: 10
Incremental class: New Valid output dimension: 20
#reg_term: 1
Epoch:0
LR: 0.0001
Itr		Time		  Data		  Loss		Acc
[0/469]	0.1355 (0.1355)	0.1257 (0.1257)	3.478 (3.478)	0.00 (0.00)
[100/469]	0.0235 (0.0118)	0.0207 (0.0088)	0.359 (0.712)	88.28 (79.75)
[200/469]	0.0046 (0.0109)	0.0018 (0.0080)	0.282 (0.507)	89.84 (85.42)
[300/469]	0.0041 (0.0111)	0.0002 (0.0078)	0.335 (0.418)	88.28 (87.84)
[400/469]	0.0253 (0.0109)	0.0223 (0.0077)	0.180 (0.364)	96.09 (89.45)
[468/469]	0.0030 (0.0108)	0.0001 (0.0077)	0.184 (0.337)	95.83 (90.27)
 * Train Acc 90.270
 * Val Acc 95.200, Total time 0.94
Epoch:1
LR: 0.0001
Itr		Time		  Data		  Loss		Acc
[0/469]	0.1253 (0.1253)	0.1189 (0.1189)	0.182 (0.182)	93.75 (93.75)
[100/469]	0.0030 (0.0114)	0.0001 (0.0084)	0.156 (0.146)	95.31 (95.78)
[200/469]	0.0030 (0.0109)	0.0001 (0.0079)	0.127 (0.143)	96.88 (95.97)
[300/469]	0.0240 (0.0108)	0.0211 (0.0078)	0.166 (0.140)	95.31 (96.02)
[400/469]	0.0030 (0.0106)	0.0001 (0.0077)	0.109 (0.135)	96.88 (96.14)
[468/469]	0.0170 (0.0106)	0.0142 (0.0076)	0.100 (0.133)	95.83 (96.19)
 * Train Acc 96.188
 * Val Acc 96.810, Total time 0.92
Computing MAS
validation split name: 1
 * Val Acc 4.790, Total time 0.71
validation split name: 2
 * Val Acc 96.810, Total time 0.96
====================== 3 =======================
Incremental class: Old valid output dimension: 20
Incremental class: New Valid output dimension: 30
#reg_term: 1
Epoch:0
LR: 0.0001
Itr		Time		  Data		  Loss		Acc
[0/469]	0.1255 (0.1255)	0.1201 (0.1201)	4.885 (4.885)	0.00 (0.00)
[100/469]	0.0059 (0.0113)	0.0029 (0.0084)	0.412 (0.849)	89.06 (77.46)
[200/469]	0.0031 (0.0108)	0.0002 (0.0079)	0.340 (0.569)	87.50 (84.56)
[300/469]	0.0102 (0.0106)	0.0074 (0.0077)	0.211 (0.462)	92.97 (87.23)
[400/469]	0.0059 (0.0105)	0.0029 (0.0076)	0.196 (0.397)	93.75 (88.95)
[468/469]	0.0117 (0.0105)	0.0089 (0.0076)	0.169 (0.368)	92.71 (89.76)
 * Train Acc 89.757
 * Val Acc 95.310, Total time 0.97
Epoch:1
LR: 0.0001
Itr		Time		  Data		  Loss		Acc
[0/469]	0.1310 (0.1310)	0.1247 (0.1247)	0.152 (0.152)	93.75 (93.75)
[100/469]	0.0038 (0.0120)	0.0009 (0.0087)	0.161 (0.154)	93.75 (95.56)
[200/469]	0.0246 (0.0112)	0.0217 (0.0081)	0.175 (0.148)	93.75 (95.77)
[300/469]	0.0030 (0.0108)	0.0001 (0.0078)	0.261 (0.144)	92.19 (95.90)
[400/469]	0.0036 (0.0107)	0.0008 (0.0077)	0.126 (0.140)	94.53 (96.02)
[468/469]	0.0030 (0.0106)	0.0001 (0.0076)	0.134 (0.138)	94.79 (96.07)
 * Train Acc 96.070
 * Val Acc 96.670, Total time 1.02
Computing MAS
validation split name: 1
 * Val Acc 0.000, Total time 0.70
validation split name: 2
 * Val Acc 19.080, Total time 0.97
validation split name: 3
 * Val Acc 96.670, Total time 0.95
====================== 4 =======================
Incremental class: Old valid output dimension: 30
Incremental class: New Valid output dimension: 40
#reg_term: 1
Epoch:0
LR: 0.0001
Itr		Time		  Data		  Loss		Acc
[0/469]	0.1294 (0.1294)	0.1233 (0.1233)	6.190 (6.190)	0.00 (0.00)
[100/469]	0.0249 (0.0118)	0.0220 (0.0086)	0.355 (1.053)	90.62 (71.93)
[200/469]	0.0030 (0.0110)	0.0001 (0.0080)	0.274 (0.685)	93.75 (81.39)
[300/469]	0.0033 (0.0108)	0.0004 (0.0077)	0.303 (0.543)	90.62 (85.11)
[400/469]	0.0243 (0.0107)	0.0213 (0.0077)	0.196 (0.463)	92.97 (87.21)
[468/469]	0.0029 (0.0106)	0.0001 (0.0076)	0.263 (0.424)	92.71 (88.29)
 * Train Acc 88.288
 * Val Acc 94.740, Total time 0.94
Epoch:1
LR: 0.0001
Itr		Time		  Data		  Loss		Acc
[0/469]	0.1266 (0.1266)	0.1198 (0.1198)	0.161 (0.161)	93.75 (93.75)
[100/469]	0.0030 (0.0116)	0.0001 (0.0085)	0.129 (0.172)	96.88 (95.01)
[200/469]	0.0030 (0.0110)	0.0001 (0.0080)	0.148 (0.159)	95.31 (95.40)
[300/469]	0.0257 (0.0108)	0.0227 (0.0079)	0.202 (0.154)	92.97 (95.64)
[400/469]	0.0037 (0.0107)	0.0001 (0.0078)	0.114 (0.151)	96.88 (95.71)
[468/469]	0.0175 (0.0107)	0.0146 (0.0077)	0.057 (0.148)	98.96 (95.85)
 * Train Acc 95.847
 * Val Acc 96.310, Total time 0.94
Computing MAS
validation split name: 1
 * Val Acc 0.000, Total time 0.70
validation split name: 2
 * Val Acc 0.160, Total time 0.93
validation split name: 3
 * Val Acc 46.850, Total time 0.96
validation split name: 4
 * Val Acc 96.310, Total time 1.02
====================== 5 =======================
Incremental class: Old valid output dimension: 40
Incremental class: New Valid output dimension: 50
#reg_term: 1
Epoch:0
LR: 0.0001
Itr		Time		  Data		  Loss		Acc
[0/469]	0.1329 (0.1329)	0.1262 (0.1262)	8.640 (8.640)	0.00 (0.00)
[100/469]	0.0030 (0.0115)	0.0002 (0.0084)	0.316 (1.253)	91.41 (68.73)
[200/469]	0.0253 (0.0112)	0.0224 (0.0081)	0.275 (0.794)	93.75 (79.59)
[300/469]	0.0029 (0.0108)	0.0001 (0.0078)	0.322 (0.619)	90.62 (83.85)
[400/469]	0.0030 (0.0107)	0.0001 (0.0077)	0.200 (0.523)	93.75 (86.22)
[468/469]	0.0029 (0.0107)	0.0001 (0.0077)	0.136 (0.476)	96.88 (87.38)
 * Train Acc 87.378
 * Val Acc 94.610, Total time 0.95
Epoch:1
LR: 0.0001
Itr		Time		  Data		  Loss		Acc
[0/469]	0.1263 (0.1263)	0.1192 (0.1192)	0.158 (0.158)	95.31 (95.31)
[100/469]	0.0030 (0.0115)	0.0001 (0.0085)	0.142 (0.179)	96.88 (95.05)
[200/469]	0.0118 (0.0109)	0.0089 (0.0080)	0.169 (0.174)	93.75 (95.12)
[300/469]	0.0147 (0.0107)	0.0118 (0.0078)	0.199 (0.171)	95.31 (95.21)
[400/469]	0.0030 (0.0106)	0.0001 (0.0077)	0.078 (0.164)	98.44 (95.42)
[468/469]	0.0034 (0.0106)	0.0005 (0.0076)	0.163 (0.160)	94.79 (95.56)
 * Train Acc 95.558
 * Val Acc 96.030, Total time 0.92
Computing MAS
validation split name: 1
 * Val Acc 0.000, Total time 0.71
validation split name: 2
 * Val Acc 0.040, Total time 0.92
validation split name: 3
 * Val Acc 17.560, Total time 0.98
validation split name: 4
 * Val Acc 81.780, Total time 0.96
validation split name: 5
 * Val Acc 96.030, Total time 0.92
====================== 6 =======================
Incremental class: Old valid output dimension: 50
Incremental class: New Valid output dimension: 60
#reg_term: 1
Epoch:0
LR: 0.0001
Itr		Time		  Data		  Loss		Acc
[0/469]	0.1341 (0.1341)	0.1275 (0.1275)	7.118 (7.118)	0.00 (0.00)
[100/469]	0.0030 (0.0118)	0.0001 (0.0088)	0.338 (1.115)	89.84 (73.20)
[200/469]	0.0031 (0.0111)	0.0002 (0.0081)	0.360 (0.719)	90.62 (81.93)
[300/469]	0.0251 (0.0109)	0.0223 (0.0080)	0.182 (0.561)	94.53 (85.64)
[400/469]	0.0029 (0.0107)	0.0002 (0.0078)	0.270 (0.478)	91.41 (87.62)
[468/469]	0.0171 (0.0106)	0.0145 (0.0078)	0.218 (0.440)	96.88 (88.58)
 * Train Acc 88.575
 * Val Acc 94.910, Total time 0.93
Epoch:1
LR: 0.0001
Itr		Time		  Data		  Loss		Acc
[0/469]	0.1383 (0.1383)	0.1320 (0.1320)	0.198 (0.198)	92.19 (92.19)
[100/469]	0.0031 (0.0118)	0.0002 (0.0088)	0.136 (0.175)	96.09 (95.34)
[200/469]	0.0030 (0.0109)	0.0002 (0.0079)	0.178 (0.170)	94.53 (95.43)
[300/469]	0.0229 (0.0107)	0.0200 (0.0077)	0.144 (0.165)	93.75 (95.52)
[400/469]	0.0030 (0.0105)	0.0001 (0.0076)	0.107 (0.158)	96.88 (95.66)
[468/469]	0.0177 (0.0105)	0.0148 (0.0075)	0.101 (0.154)	96.88 (95.79)
 * Train Acc 95.788
 * Val Acc 96.550, Total time 1.00
Computing MAS
validation split name: 1
 * Val Acc 0.000, Total time 0.69
validation split name: 2
 * Val Acc 0.000, Total time 0.99
validation split name: 3
 * Val Acc 14.120, Total time 0.93
validation split name: 4
 * Val Acc 79.400, Total time 0.94
validation split name: 5
 * Val Acc 94.920, Total time 0.92
validation split name: 6
 * Val Acc 96.550, Total time 0.95
====================== 7 =======================
Incremental class: Old valid output dimension: 60
Incremental class: New Valid output dimension: 70
#reg_term: 1
Epoch:0
LR: 0.0001
Itr		Time		  Data		  Loss		Acc
[0/469]	0.1307 (0.1307)	0.1246 (0.1246)	7.702 (7.702)	0.00 (0.00)
[100/469]	0.0244 (0.0119)	0.0215 (0.0089)	0.413 (1.173)	84.38 (72.08)
[200/469]	0.0267 (0.0114)	0.0224 (0.0082)	0.274 (0.749)	93.75 (81.49)
[300/469]	0.0030 (0.0111)	0.0002 (0.0079)	0.300 (0.589)	91.41 (85.14)
[400/469]	0.0129 (0.0109)	0.0100 (0.0078)	0.248 (0.500)	92.19 (87.17)
[468/469]	0.0029 (0.0108)	0.0001 (0.0077)	0.273 (0.459)	90.62 (88.15)
 * Train Acc 88.148
 * Val Acc 94.450, Total time 0.94
Epoch:1
LR: 0.0001
Itr		Time		  Data		  Loss		Acc
[0/469]	0.1300 (0.1300)	0.1237 (0.1237)	0.127 (0.127)	96.09 (96.09)
[100/469]	0.0251 (0.0119)	0.0223 (0.0091)	0.061 (0.185)	99.22 (95.07)
[200/469]	0.0038 (0.0111)	0.0010 (0.0083)	0.120 (0.177)	97.66 (95.26)
[300/469]	0.0030 (0.0108)	0.0001 (0.0080)	0.130 (0.172)	96.88 (95.40)
[400/469]	0.0246 (0.0107)	0.0217 (0.0079)	0.194 (0.165)	96.09 (95.60)
[468/469]	0.0029 (0.0106)	0.0001 (0.0078)	0.145 (0.162)	97.92 (95.72)
 * Train Acc 95.718
 * Val Acc 96.170, Total time 0.92
Computing MAS
validation split name: 1
 * Val Acc 0.000, Total time 0.69
validation split name: 2
 * Val Acc 0.000, Total time 0.93
validation split name: 3
 * Val Acc 5.630, Total time 0.98
validation split name: 4
 * Val Acc 67.750, Total time 0.93
validation split name: 5
 * Val Acc 93.670, Total time 0.93
validation split name: 6
 * Val Acc 88.180, Total time 0.93
validation split name: 7
 * Val Acc 96.170, Total time 0.95
====================== 8 =======================
Incremental class: Old valid output dimension: 70
Incremental class: New Valid output dimension: 80
#reg_term: 1
Epoch:0
LR: 0.0001
Itr		Time		  Data		  Loss		Acc
[0/469]	0.1275 (0.1275)	0.1218 (0.1218)	6.704 (6.704)	0.00 (0.00)
[100/469]	0.0030 (0.0115)	0.0001 (0.0085)	0.350 (1.096)	86.72 (73.85)
[200/469]	0.0033 (0.0109)	0.0004 (0.0080)	0.370 (0.710)	90.62 (82.31)
[300/469]	0.0254 (0.0108)	0.0225 (0.0079)	0.242 (0.557)	94.53 (85.79)
[400/469]	0.0030 (0.0107)	0.0001 (0.0078)	0.130 (0.474)	98.44 (87.80)
[468/469]	0.0173 (0.0107)	0.0145 (0.0078)	0.152 (0.435)	95.83 (88.74)
 * Train Acc 88.737
 * Val Acc 95.060, Total time 0.93
Epoch:1
LR: 0.0001
Itr		Time		  Data		  Loss		Acc
[0/469]	0.1271 (0.1271)	0.1203 (0.1203)	0.239 (0.239)	92.19 (92.19)
[100/469]	0.0030 (0.0116)	0.0001 (0.0085)	0.222 (0.169)	92.97 (95.48)
[200/469]	0.0030 (0.0111)	0.0001 (0.0080)	0.075 (0.169)	98.44 (95.56)
[300/469]	0.0244 (0.0109)	0.0214 (0.0079)	0.142 (0.162)	96.88 (95.75)
[400/469]	0.0035 (0.0107)	0.0006 (0.0077)	0.147 (0.158)	96.88 (95.85)
[468/469]	0.0177 (0.0107)	0.0148 (0.0077)	0.042 (0.155)	100.00 (95.94)
 * Train Acc 95.943
 * Val Acc 96.470, Total time 0.94
Computing MAS
validation split name: 1
 * Val Acc 0.000, Total time 0.69
validation split name: 2
 * Val Acc 0.000, Total time 0.95
validation split name: 3
 * Val Acc 2.440, Total time 0.92
validation split name: 4
 * Val Acc 65.260, Total time 0.96
validation split name: 5
 * Val Acc 92.990, Total time 0.94
validation split name: 6
 * Val Acc 85.770, Total time 0.95
validation split name: 7
 * Val Acc 95.060, Total time 0.94
validation split name: 8
 * Val Acc 96.470, Total time 0.94
====================== 9 =======================
Incremental class: Old valid output dimension: 80
Incremental class: New Valid output dimension: 90
#reg_term: 1
Epoch:0
LR: 0.0001
Itr		Time		  Data		  Loss		Acc
[0/469]	0.1407 (0.1407)	0.1339 (0.1339)	6.905 (6.905)	0.00 (0.00)
[100/469]	0.0241 (0.0120)	0.0212 (0.0087)	0.380 (1.163)	87.50 (72.51)
[200/469]	0.0030 (0.0112)	0.0002 (0.0080)	0.196 (0.734)	92.97 (81.93)
[300/469]	0.0242 (0.0109)	0.0212 (0.0079)	0.241 (0.575)	93.75 (85.63)
[400/469]	0.0030 (0.0108)	0.0001 (0.0078)	0.180 (0.491)	94.53 (87.54)
[468/469]	0.0176 (0.0108)	0.0145 (0.0077)	0.201 (0.449)	94.79 (88.55)
 * Train Acc 88.545
 * Val Acc 94.940, Total time 0.94
Epoch:1
LR: 0.0001
Itr		Time		  Data		  Loss		Acc
[0/469]	0.1266 (0.1266)	0.1201 (0.1201)	0.152 (0.152)	96.88 (96.88)
[100/469]	0.0254 (0.0120)	0.0225 (0.0089)	0.253 (0.178)	92.97 (95.19)
[200/469]	0.0031 (0.0111)	0.0001 (0.0081)	0.264 (0.171)	96.09 (95.49)
[300/469]	0.0030 (0.0108)	0.0001 (0.0078)	0.181 (0.165)	95.31 (95.71)
[400/469]	0.0230 (0.0107)	0.0201 (0.0077)	0.085 (0.160)	98.44 (95.83)
[468/469]	0.0029 (0.0106)	0.0001 (0.0076)	0.156 (0.157)	94.79 (95.89)
 * Train Acc 95.892
 * Val Acc 96.410, Total time 0.92
Computing MAS
validation split name: 1
 * Val Acc 0.000, Total time 0.70
validation split name: 2
 * Val Acc 0.000, Total time 0.94
validation split name: 3
 * Val Acc 2.400, Total time 0.93
validation split name: 4
 * Val Acc 56.350, Total time 0.94
validation split name: 5
 * Val Acc 87.130, Total time 0.93
validation split name: 6
 * Val Acc 71.970, Total time 0.94
validation split name: 7
 * Val Acc 75.470, Total time 0.93
validation split name: 8
 * Val Acc 94.840, Total time 0.94
validation split name: 9
 * Val Acc 96.410, Total time 0.93
====================== 10 =======================
Incremental class: Old valid output dimension: 90
Incremental class: New Valid output dimension: 100
#reg_term: 1
Epoch:0
LR: 0.0001
Itr		Time		  Data		  Loss		Acc
[0/469]	0.1256 (0.1256)	0.1199 (0.1199)	7.686 (7.686)	0.00 (0.00)
[100/469]	0.0246 (0.0118)	0.0217 (0.0088)	0.563 (1.129)	84.38 (73.04)
[200/469]	0.0030 (0.0110)	0.0002 (0.0081)	0.277 (0.725)	92.19 (81.91)
[300/469]	0.0030 (0.0108)	0.0002 (0.0079)	0.306 (0.570)	90.62 (85.46)
[400/469]	0.0248 (0.0107)	0.0219 (0.0078)	0.149 (0.485)	96.09 (87.56)
[468/469]	0.0029 (0.0106)	0.0001 (0.0077)	0.157 (0.446)	94.79 (88.49)
 * Train Acc 88.493
 * Val Acc 94.530, Total time 0.94
Epoch:1
LR: 0.0001
Itr		Time		  Data		  Loss		Acc
[0/469]	0.1263 (0.1263)	0.1200 (0.1200)	0.233 (0.233)	96.09 (96.09)
[100/469]	0.0034 (0.0117)	0.0001 (0.0087)	0.178 (0.178)	94.53 (95.24)
[200/469]	0.0030 (0.0110)	0.0002 (0.0080)	0.134 (0.175)	96.88 (95.30)
[300/469]	0.0242 (0.0108)	0.0214 (0.0079)	0.146 (0.171)	96.09 (95.37)
[400/469]	0.0028 (0.0107)	0.0001 (0.0077)	0.098 (0.167)	97.66 (95.55)
[468/469]	0.0173 (0.0106)	0.0146 (0.0077)	0.185 (0.164)	94.79 (95.65)
 * Train Acc 95.647
 * Val Acc 96.150, Total time 0.94
Computing MAS
validation split name: 1
 * Val Acc 0.000, Total time 0.70
validation split name: 2
 * Val Acc 0.000, Total time 1.01
validation split name: 3
 * Val Acc 0.430, Total time 0.94
validation split name: 4
 * Val Acc 59.590, Total time 0.96
validation split name: 5
 * Val Acc 80.980, Total time 0.96
validation split name: 6
 * Val Acc 67.710, Total time 0.96
validation split name: 7
 * Val Acc 77.970, Total time 0.93
validation split name: 8
 * Val Acc 74.700, Total time 0.94
validation split name: 9
 * Val Acc 89.750, Total time 0.94
validation split name: 10
 * Val Acc 96.150, Total time 0.94
OrderedDict([('1', OrderedDict([('1', 96.4), ('2', 4.79), ('3', 0.0), ('4', 0.0), ('5', 0.0), ('6', 0.0), ('7', 0.0), ('8', 0.0), ('9', 0.0), ('10', 0.0)])), ('2', OrderedDict([('2', 96.81), ('3', 19.08), ('4', 0.16), ('5', 0.04), ('6', 0.0), ('7', 0.0), ('8', 0.0), ('9', 0.0), ('10', 0.0)])), ('3', OrderedDict([('3', 96.67), ('4', 46.85), ('5', 17.56), ('6', 14.12), ('7', 5.63), ('8', 2.44), ('9', 2.4), ('10', 0.43)])), ('4', OrderedDict([('4', 96.31), ('5', 81.78), ('6', 79.4), ('7', 67.75), ('8', 65.26), ('9', 56.35), ('10', 59.59)])), ('5', OrderedDict([('5', 96.03), ('6', 94.92), ('7', 93.67), ('8', 92.99), ('9', 87.13), ('10', 80.98)])), ('6', OrderedDict([('6', 96.55), ('7', 88.18), ('8', 85.77), ('9', 71.97), ('10', 67.71)])), ('7', OrderedDict([('7', 96.17), ('8', 95.06), ('9', 75.47), ('10', 77.97)])), ('8', OrderedDict([('8', 96.47), ('9', 94.84), ('10', 74.7)])), ('9', OrderedDict([('9', 96.41), ('10', 89.75)])), ('10', OrderedDict([('10', 96.15)]))])
Task 1 average acc: 96.4
Task 2 average acc: 50.800000000000004
Task 3 average acc: 38.583333333333336
Task 4 average acc: 35.83
Task 5 average acc: 39.082
Task 6 average acc: 47.498333333333335
Task 7 average acc: 50.2
Task 8 average acc: 54.74875
Task 9 average acc: 53.841111111111104
Task 10 average acc: 54.727999999999994
===Summary of experiment repeats: 4 / 5 ===
The regularization coefficient: 0.003
The last avg acc of all repeats: [48.997 54.313 51.246 54.728  0.   ]
mean: 41.8568 std: 21.033097474219055
MLP(
  (linear): Sequential(
    (0): Linear(in_features=1024, out_features=1000, bias=True)
    (1): ReLU(inplace=True)
    (2): Linear(in_features=1000, out_features=1000, bias=True)
    (3): ReLU(inplace=True)
  )
  (last): ModuleDict(
    (All): Linear(in_features=1000, out_features=100, bias=True)
  )
)
#parameter of model: 2126100
Task order: ['1', '2', '3', '4', '5', '6', '7', '8', '9', '10']
====================== 1 =======================
Incremental class: Old valid output dimension: ALL
Incremental class: New Valid output dimension: 10
#reg_term: 0
Epoch:0
LR: 0.0001
Itr		Time		  Data		  Loss		Acc
[0/469]	0.1210 (0.1210)	0.1159 (0.1159)	2.309 (2.309)	2.34 (2.34)
[100/469]	0.0028 (0.0082)	0.0009 (0.0062)	0.337 (0.813)	89.84 (79.59)
[200/469]	0.0020 (0.0079)	0.0001 (0.0057)	0.297 (0.568)	88.28 (85.04)
[300/469]	0.0037 (0.0077)	0.0015 (0.0055)	0.321 (0.465)	91.41 (87.48)
[400/469]	0.0028 (0.0076)	0.0009 (0.0054)	0.277 (0.406)	92.19 (88.94)
[468/469]	0.0132 (0.0075)	0.0109 (0.0054)	0.180 (0.378)	93.75 (89.66)
 * Train Acc 89.657
 * Val Acc 94.440, Total time 0.69
Epoch:1
LR: 0.0001
Itr		Time		  Data		  Loss		Acc
[0/469]	0.1249 (0.1249)	0.1197 (0.1197)	0.152 (0.152)	93.75 (93.75)
[100/469]	0.0182 (0.0088)	0.0154 (0.0066)	0.122 (0.179)	95.31 (94.68)
[200/469]	0.0024 (0.0080)	0.0002 (0.0058)	0.219 (0.176)	93.75 (94.85)
[300/469]	0.0165 (0.0078)	0.0143 (0.0056)	0.137 (0.165)	96.88 (95.17)
[400/469]	0.0024 (0.0077)	0.0001 (0.0055)	0.152 (0.157)	92.19 (95.41)
[468/469]	0.0127 (0.0076)	0.0104 (0.0055)	0.037 (0.155)	100.00 (95.47)
 * Train Acc 95.470
 * Val Acc 96.120, Total time 0.70
Computing MAS
validation split name: 1
 * Val Acc 96.120, Total time 0.69
====================== 2 =======================
Incremental class: Old valid output dimension: 10
Incremental class: New Valid output dimension: 20
#reg_term: 1
Epoch:0
LR: 0.0001
Itr		Time		  Data		  Loss		Acc
[0/469]	0.1288 (0.1288)	0.1191 (0.1191)	3.174 (3.174)	0.00 (0.00)
[100/469]	0.0039 (0.0114)	0.0010 (0.0085)	0.281 (0.713)	92.19 (79.93)
[200/469]	0.0030 (0.0108)	0.0001 (0.0079)	0.236 (0.500)	93.75 (85.82)
[300/469]	0.0227 (0.0107)	0.0199 (0.0078)	0.243 (0.411)	94.53 (88.23)
[400/469]	0.0030 (0.0105)	0.0002 (0.0076)	0.114 (0.357)	96.88 (89.74)
[468/469]	0.0155 (0.0105)	0.0127 (0.0076)	0.133 (0.330)	95.83 (90.47)
 * Train Acc 90.467
 * Val Acc 94.970, Total time 0.94
Epoch:1
LR: 0.0001
Itr		Time		  Data		  Loss		Acc
[0/469]	0.1258 (0.1258)	0.1196 (0.1196)	0.265 (0.265)	90.62 (90.62)
[100/469]	0.0249 (0.0118)	0.0215 (0.0088)	0.099 (0.146)	96.09 (95.91)
[200/469]	0.0037 (0.0110)	0.0008 (0.0080)	0.130 (0.140)	96.09 (96.02)
[300/469]	0.0030 (0.0107)	0.0002 (0.0077)	0.167 (0.138)	95.31 (96.06)
[400/469]	0.0228 (0.0106)	0.0200 (0.0076)	0.085 (0.134)	96.88 (96.14)
[468/469]	0.0029 (0.0105)	0.0001 (0.0075)	0.094 (0.132)	97.92 (96.20)
 * Train Acc 96.198
 * Val Acc 96.560, Total time 0.92
Computing MAS
validation split name: 1
 * Val Acc 15.970, Total time 0.68
validation split name: 2
 * Val Acc 96.560, Total time 0.93
====================== 3 =======================
Incremental class: Old valid output dimension: 20
Incremental class: New Valid output dimension: 30
#reg_term: 1
Epoch:0
LR: 0.0001
Itr		Time		  Data		  Loss		Acc
[0/469]	0.1277 (0.1277)	0.1182 (0.1182)	4.847 (4.847)	0.00 (0.00)
[100/469]	0.0030 (0.0116)	0.0001 (0.0085)	0.356 (0.837)	90.62 (77.27)
[200/469]	0.0030 (0.0109)	0.0002 (0.0079)	0.243 (0.565)	89.84 (84.41)
[300/469]	0.0249 (0.0108)	0.0220 (0.0078)	0.263 (0.454)	92.19 (87.41)
[400/469]	0.0030 (0.0106)	0.0001 (0.0077)	0.203 (0.392)	93.75 (89.03)
[468/469]	0.0166 (0.0106)	0.0138 (0.0076)	0.208 (0.364)	91.67 (89.81)
 * Train Acc 89.807
 * Val Acc 95.080, Total time 0.93
Epoch:1
LR: 0.0001
Itr		Time		  Data		  Loss		Acc
[0/469]	0.1225 (0.1225)	0.1172 (0.1172)	0.174 (0.174)	93.75 (93.75)
[100/469]	0.0042 (0.0113)	0.0009 (0.0082)	0.224 (0.153)	91.41 (95.51)
[200/469]	0.0033 (0.0107)	0.0004 (0.0077)	0.101 (0.149)	97.66 (95.64)
[300/469]	0.0244 (0.0106)	0.0215 (0.0076)	0.120 (0.144)	96.88 (95.88)
[400/469]	0.0030 (0.0105)	0.0001 (0.0075)	0.098 (0.138)	95.31 (96.08)
[468/469]	0.0174 (0.0104)	0.0146 (0.0075)	0.118 (0.135)	95.83 (96.16)
 * Train Acc 96.157
 * Val Acc 96.720, Total time 0.94
Computing MAS
validation split name: 1
 * Val Acc 0.000, Total time 0.70
validation split name: 2
 * Val Acc 13.840, Total time 0.93
validation split name: 3
 * Val Acc 96.720, Total time 0.95
====================== 4 =======================
Incremental class: Old valid output dimension: 30
Incremental class: New Valid output dimension: 40
#reg_term: 1
Epoch:0
LR: 0.0001
Itr		Time		  Data		  Loss		Acc
[0/469]	0.1300 (0.1300)	0.1240 (0.1240)	7.440 (7.440)	0.00 (0.00)
[100/469]	0.0227 (0.0117)	0.0199 (0.0086)	0.482 (1.143)	83.59 (70.23)
[200/469]	0.0030 (0.0110)	0.0002 (0.0079)	0.232 (0.735)	93.75 (80.38)
[300/469]	0.0125 (0.0107)	0.0096 (0.0077)	0.354 (0.576)	91.41 (84.42)
[400/469]	0.0136 (0.0106)	0.0107 (0.0076)	0.253 (0.489)	94.53 (86.68)
[468/469]	0.0046 (0.0105)	0.0017 (0.0076)	0.175 (0.448)	96.88 (87.78)
 * Train Acc 87.785
 * Val Acc 94.760, Total time 0.94
Epoch:1
LR: 0.0001
Itr		Time		  Data		  Loss		Acc
[0/469]	0.1277 (0.1277)	0.1208 (0.1208)	0.184 (0.184)	94.53 (94.53)
[100/469]	0.0032 (0.0115)	0.0001 (0.0084)	0.169 (0.179)	94.53 (95.13)
[200/469]	0.0030 (0.0109)	0.0001 (0.0079)	0.255 (0.177)	92.19 (95.09)
[300/469]	0.0244 (0.0107)	0.0215 (0.0078)	0.149 (0.167)	94.53 (95.36)
[400/469]	0.0030 (0.0106)	0.0001 (0.0077)	0.127 (0.157)	95.31 (95.60)
[468/469]	0.0172 (0.0105)	0.0144 (0.0076)	0.252 (0.153)	95.83 (95.72)
 * Train Acc 95.723
 * Val Acc 96.650, Total time 0.92
Computing MAS
validation split name: 1
 * Val Acc 0.000, Total time 0.72
validation split name: 2
 * Val Acc 1.050, Total time 1.02
validation split name: 3
 * Val Acc 59.790, Total time 0.96
validation split name: 4
 * Val Acc 96.650, Total time 0.94
====================== 5 =======================
Incremental class: Old valid output dimension: 40
Incremental class: New Valid output dimension: 50
#reg_term: 1
Epoch:0
LR: 0.0001
Itr		Time		  Data		  Loss		Acc
[0/469]	0.1285 (0.1285)	0.1221 (0.1221)	7.526 (7.526)	0.00 (0.00)
[100/469]	0.0037 (0.0118)	0.0009 (0.0089)	0.443 (1.149)	88.28 (71.91)
[200/469]	0.0030 (0.0111)	0.0002 (0.0081)	0.334 (0.738)	92.19 (81.27)
[300/469]	0.0243 (0.0108)	0.0214 (0.0079)	0.210 (0.581)	92.97 (84.98)
[400/469]	0.0031 (0.0107)	0.0002 (0.0078)	0.168 (0.492)	95.31 (87.12)
[468/469]	0.0169 (0.0106)	0.0141 (0.0077)	0.118 (0.449)	97.92 (88.20)
 * Train Acc 88.198
 * Val Acc 95.030, Total time 0.94
Epoch:1
LR: 0.0001
Itr		Time		  Data		  Loss		Acc
[0/469]	0.1291 (0.1291)	0.1220 (0.1220)	0.130 (0.130)	96.88 (96.88)
[100/469]	0.0210 (0.0115)	0.0180 (0.0084)	0.157 (0.172)	96.09 (95.02)
[200/469]	0.0030 (0.0109)	0.0002 (0.0078)	0.167 (0.163)	94.53 (95.48)
[300/469]	0.0030 (0.0107)	0.0002 (0.0077)	0.174 (0.163)	94.53 (95.47)
[400/469]	0.0249 (0.0106)	0.0219 (0.0076)	0.093 (0.159)	98.44 (95.60)
[468/469]	0.0029 (0.0105)	0.0001 (0.0076)	0.123 (0.156)	95.83 (95.72)
 * Train Acc 95.715
 * Val Acc 96.300, Total time 0.94
Computing MAS
validation split name: 1
 * Val Acc 0.000, Total time 0.69
validation split name: 2
 * Val Acc 0.000, Total time 1.01
validation split name: 3
 * Val Acc 26.970, Total time 0.94
validation split name: 4
 * Val Acc 90.890, Total time 0.95
validation split name: 5
 * Val Acc 96.300, Total time 0.94
====================== 6 =======================
Incremental class: Old valid output dimension: 50
Incremental class: New Valid output dimension: 60
#reg_term: 1
Epoch:0
LR: 0.0001
Itr		Time		  Data		  Loss		Acc
[0/469]	0.1361 (0.1361)	0.1301 (0.1301)	7.405 (7.405)	0.00 (0.00)
[100/469]	0.0030 (0.0118)	0.0002 (0.0088)	0.294 (1.144)	91.41 (73.19)
[200/469]	0.0030 (0.0110)	0.0002 (0.0080)	0.345 (0.731)	90.62 (81.95)
[300/469]	0.0239 (0.0107)	0.0210 (0.0078)	0.318 (0.578)	89.06 (85.37)
[400/469]	0.0034 (0.0106)	0.0001 (0.0076)	0.118 (0.490)	98.44 (87.40)
[468/469]	0.0172 (0.0105)	0.0143 (0.0076)	0.185 (0.450)	94.79 (88.34)
 * Train Acc 88.342
 * Val Acc 94.580, Total time 0.95
Epoch:1
LR: 0.0001
Itr		Time		  Data		  Loss		Acc
[0/469]	0.1248 (0.1248)	0.1188 (0.1188)	0.133 (0.133)	96.88 (96.88)
[100/469]	0.0046 (0.0114)	0.0012 (0.0083)	0.158 (0.181)	95.31 (94.81)
[200/469]	0.0086 (0.0109)	0.0056 (0.0078)	0.165 (0.179)	96.09 (95.10)
[300/469]	0.0211 (0.0107)	0.0182 (0.0077)	0.070 (0.169)	97.66 (95.35)
[400/469]	0.0031 (0.0106)	0.0002 (0.0076)	0.119 (0.163)	97.66 (95.54)
[468/469]	0.0164 (0.0106)	0.0136 (0.0076)	0.115 (0.159)	96.88 (95.66)
 * Train Acc 95.662
 * Val Acc 96.610, Total time 0.96
Computing MAS
validation split name: 1
 * Val Acc 0.000, Total time 0.70
validation split name: 2
 * Val Acc 0.000, Total time 0.94
validation split name: 3
 * Val Acc 11.700, Total time 0.92
validation split name: 4
 * Val Acc 79.440, Total time 0.93
validation split name: 5
 * Val Acc 91.170, Total time 1.00
validation split name: 6
 * Val Acc 96.610, Total time 0.93
====================== 7 =======================
Incremental class: Old valid output dimension: 60
Incremental class: New Valid output dimension: 70
#reg_term: 1
Epoch:0
LR: 0.0001
Itr		Time		  Data		  Loss		Acc
[0/469]	0.1297 (0.1297)	0.1241 (0.1241)	7.278 (7.278)	0.00 (0.00)
[100/469]	0.0097 (0.0115)	0.0069 (0.0086)	0.239 (1.111)	93.75 (73.55)
[200/469]	0.0030 (0.0109)	0.0002 (0.0080)	0.292 (0.717)	93.75 (82.15)
[300/469]	0.0259 (0.0108)	0.0231 (0.0079)	0.290 (0.570)	92.19 (85.51)
[400/469]	0.0029 (0.0107)	0.0001 (0.0079)	0.203 (0.485)	93.75 (87.53)
[468/469]	0.0176 (0.0107)	0.0149 (0.0078)	0.225 (0.444)	93.75 (88.52)
 * Train Acc 88.518
 * Val Acc 94.760, Total time 0.95
Epoch:1
LR: 0.0001
Itr		Time		  Data		  Loss		Acc
[0/469]	0.1399 (0.1399)	0.1341 (0.1341)	0.139 (0.139)	95.31 (95.31)
[100/469]	0.0030 (0.0114)	0.0001 (0.0085)	0.253 (0.176)	92.97 (95.12)
[200/469]	0.0030 (0.0108)	0.0002 (0.0079)	0.124 (0.172)	95.31 (95.19)
[300/469]	0.0223 (0.0107)	0.0194 (0.0077)	0.090 (0.167)	100.00 (95.40)
[400/469]	0.0038 (0.0105)	0.0009 (0.0076)	0.128 (0.163)	96.09 (95.55)
[468/469]	0.0136 (0.0105)	0.0107 (0.0075)	0.191 (0.160)	95.83 (95.63)
 * Train Acc 95.633
 * Val Acc 96.480, Total time 0.93
Computing MAS
validation split name: 1
 * Val Acc 0.000, Total time 0.70
validation split name: 2
 * Val Acc 0.000, Total time 0.95
validation split name: 3
 * Val Acc 12.340, Total time 0.92
validation split name: 4
 * Val Acc 80.650, Total time 0.95
validation split name: 5
 * Val Acc 89.770, Total time 0.96
validation split name: 6
 * Val Acc 93.430, Total time 0.96
validation split name: 7
 * Val Acc 96.480, Total time 0.94
====================== 8 =======================
Incremental class: Old valid output dimension: 70
Incremental class: New Valid output dimension: 80
#reg_term: 1
Epoch:0
LR: 0.0001
Itr		Time		  Data		  Loss		Acc
[0/469]	0.1337 (0.1337)	0.1279 (0.1279)	7.545 (7.545)	0.00 (0.00)
[100/469]	0.0035 (0.0113)	0.0001 (0.0083)	0.402 (1.185)	90.62 (71.35)
[200/469]	0.0036 (0.0107)	0.0007 (0.0077)	0.347 (0.751)	90.62 (81.08)
[300/469]	0.0230 (0.0106)	0.0201 (0.0076)	0.203 (0.591)	94.53 (84.82)
[400/469]	0.0031 (0.0105)	0.0002 (0.0075)	0.240 (0.501)	93.75 (87.04)
[468/469]	0.0166 (0.0104)	0.0138 (0.0075)	0.170 (0.458)	94.79 (88.14)
 * Train Acc 88.145
 * Val Acc 94.780, Total time 0.95
Epoch:1
LR: 0.0001
Itr		Time		  Data		  Loss		Acc
[0/469]	0.1298 (0.1298)	0.1231 (0.1231)	0.173 (0.173)	94.53 (94.53)
[100/469]	0.0044 (0.0114)	0.0015 (0.0084)	0.155 (0.170)	96.09 (95.37)
[200/469]	0.0030 (0.0108)	0.0001 (0.0079)	0.117 (0.164)	96.09 (95.51)
[300/469]	0.0238 (0.0107)	0.0209 (0.0078)	0.086 (0.167)	97.66 (95.53)
[400/469]	0.0043 (0.0106)	0.0014 (0.0077)	0.206 (0.163)	94.53 (95.68)
[468/469]	0.0153 (0.0106)	0.0125 (0.0076)	0.067 (0.159)	98.96 (95.78)
 * Train Acc 95.777
 * Val Acc 96.350, Total time 0.93
Computing MAS
validation split name: 1
 * Val Acc 0.000, Total time 0.68
validation split name: 2
 * Val Acc 0.000, Total time 0.93
validation split name: 3
 * Val Acc 3.980, Total time 0.94
validation split name: 4
 * Val Acc 68.670, Total time 0.95
validation split name: 5
 * Val Acc 89.610, Total time 0.93
validation split name: 6
 * Val Acc 89.760, Total time 0.97
validation split name: 7
 * Val Acc 86.720, Total time 0.94
validation split name: 8
 * Val Acc 96.350, Total time 0.93
====================== 9 =======================
Incremental class: Old valid output dimension: 80
Incremental class: New Valid output dimension: 90
#reg_term: 1
Epoch:0
LR: 0.0001
Itr		Time		  Data		  Loss		Acc
[0/469]	0.1317 (0.1317)	0.1255 (0.1255)	6.563 (6.563)	0.00 (0.00)
[100/469]	0.0029 (0.0117)	0.0001 (0.0085)	0.499 (1.148)	85.94 (71.57)
[200/469]	0.0029 (0.0110)	0.0001 (0.0079)	0.224 (0.730)	94.53 (81.28)
[300/469]	0.0250 (0.0108)	0.0220 (0.0078)	0.327 (0.570)	87.50 (85.19)
[400/469]	0.0033 (0.0107)	0.0004 (0.0077)	0.242 (0.485)	92.97 (87.29)
[468/469]	0.0157 (0.0106)	0.0128 (0.0077)	0.176 (0.443)	92.71 (88.36)
 * Train Acc 88.362
 * Val Acc 95.160, Total time 1.00
Epoch:1
LR: 0.0001
Itr		Time		  Data		  Loss		Acc
[0/469]	0.1286 (0.1286)	0.1225 (0.1225)	0.205 (0.205)	95.31 (95.31)
[100/469]	0.0030 (0.0115)	0.0001 (0.0084)	0.135 (0.163)	96.88 (95.76)
[200/469]	0.0259 (0.0111)	0.0230 (0.0081)	0.160 (0.166)	94.53 (95.58)
[300/469]	0.0030 (0.0109)	0.0001 (0.0079)	0.139 (0.160)	95.31 (95.73)
[400/469]	0.0030 (0.0107)	0.0002 (0.0077)	0.106 (0.156)	97.66 (95.88)
[468/469]	0.0030 (0.0107)	0.0001 (0.0077)	0.116 (0.154)	95.83 (95.95)
 * Train Acc 95.955
 * Val Acc 96.430, Total time 0.93
Computing MAS
validation split name: 1
 * Val Acc 0.000, Total time 0.68
validation split name: 2
 * Val Acc 0.000, Total time 1.00
validation split name: 3
 * Val Acc 0.040, Total time 0.93
validation split name: 4
 * Val Acc 65.350, Total time 0.94
validation split name: 5
 * Val Acc 83.950, Total time 0.93
validation split name: 6
 * Val Acc 86.230, Total time 0.99
validation split name: 7
 * Val Acc 86.460, Total time 0.95
validation split name: 8
 * Val Acc 84.330, Total time 0.94
validation split name: 9
 * Val Acc 96.430, Total time 0.94
====================== 10 =======================
Incremental class: Old valid output dimension: 90
Incremental class: New Valid output dimension: 100
#reg_term: 1
Epoch:0
LR: 0.0001
Itr		Time		  Data		  Loss		Acc
[0/469]	0.1260 (0.1260)	0.1205 (0.1205)	6.715 (6.715)	0.00 (0.00)
[100/469]	0.0037 (0.0115)	0.0009 (0.0085)	0.385 (1.061)	86.72 (74.46)
[200/469]	0.0254 (0.0111)	0.0222 (0.0082)	0.208 (0.688)	94.53 (82.68)
[300/469]	0.0030 (0.0108)	0.0002 (0.0079)	0.225 (0.544)	96.09 (86.05)
[400/469]	0.0030 (0.0107)	0.0001 (0.0078)	0.209 (0.462)	96.09 (88.09)
[468/469]	0.0029 (0.0107)	0.0001 (0.0078)	0.146 (0.424)	96.88 (89.02)
 * Train Acc 89.017
 * Val Acc 94.990, Total time 0.97
Epoch:1
LR: 0.0001
Itr		Time		  Data		  Loss		Acc
[0/469]	0.1390 (0.1390)	0.1326 (0.1326)	0.265 (0.265)	91.41 (91.41)
[100/469]	0.0030 (0.0118)	0.0001 (0.0088)	0.070 (0.186)	99.22 (95.17)
[200/469]	0.0072 (0.0110)	0.0043 (0.0080)	0.080 (0.171)	98.44 (95.59)
[300/469]	0.0151 (0.0108)	0.0122 (0.0078)	0.125 (0.162)	96.88 (95.85)
[400/469]	0.0242 (0.0107)	0.0213 (0.0078)	0.075 (0.158)	99.22 (95.96)
[468/469]	0.0029 (0.0106)	0.0001 (0.0077)	0.118 (0.154)	97.92 (96.05)
 * Train Acc 96.053
 * Val Acc 96.710, Total time 0.92
Computing MAS
validation split name: 1
 * Val Acc 0.000, Total time 0.69
validation split name: 2
 * Val Acc 0.000, Total time 0.97
validation split name: 3
 * Val Acc 0.810, Total time 0.92
validation split name: 4
 * Val Acc 55.850, Total time 0.93
validation split name: 5
 * Val Acc 66.040, Total time 0.93
validation split name: 6
 * Val Acc 70.420, Total time 0.93
validation split name: 7
 * Val Acc 64.740, Total time 0.96
validation split name: 8
 * Val Acc 77.990, Total time 0.93
validation split name: 9
 * Val Acc 90.500, Total time 0.93
validation split name: 10
 * Val Acc 96.710, Total time 0.95
OrderedDict([('1', OrderedDict([('1', 96.12), ('2', 15.97), ('3', 0.0), ('4', 0.0), ('5', 0.0), ('6', 0.0), ('7', 0.0), ('8', 0.0), ('9', 0.0), ('10', 0.0)])), ('2', OrderedDict([('2', 96.56), ('3', 13.84), ('4', 1.05), ('5', 0.0), ('6', 0.0), ('7', 0.0), ('8', 0.0), ('9', 0.0), ('10', 0.0)])), ('3', OrderedDict([('3', 96.72), ('4', 59.79), ('5', 26.97), ('6', 11.7), ('7', 12.34), ('8', 3.98), ('9', 0.04), ('10', 0.81)])), ('4', OrderedDict([('4', 96.65), ('5', 90.89), ('6', 79.44), ('7', 80.65), ('8', 68.67), ('9', 65.35), ('10', 55.85)])), ('5', OrderedDict([('5', 96.3), ('6', 91.17), ('7', 89.77), ('8', 89.61), ('9', 83.95), ('10', 66.04)])), ('6', OrderedDict([('6', 96.61), ('7', 93.43), ('8', 89.76), ('9', 86.23), ('10', 70.42)])), ('7', OrderedDict([('7', 96.48), ('8', 86.72), ('9', 86.46), ('10', 64.74)])), ('8', OrderedDict([('8', 96.35), ('9', 84.33), ('10', 77.99)])), ('9', OrderedDict([('9', 96.43), ('10', 90.5)])), ('10', OrderedDict([('10', 96.71)]))])
Task 1 average acc: 96.12
Task 2 average acc: 56.265
Task 3 average acc: 36.85333333333333
Task 4 average acc: 39.3725
Task 5 average acc: 42.832
Task 6 average acc: 46.48666666666667
Task 7 average acc: 53.23857142857143
Task 8 average acc: 54.386250000000004
Task 9 average acc: 55.86555555555555
Task 10 average acc: 52.306000000000004
===Summary of experiment repeats: 5 / 5 ===
The regularization coefficient: 0.003
The last avg acc of all repeats: [48.997 54.313 51.246 54.728 52.306]
mean: 52.318 std: 2.096019751815329
reg_coef: 0.003 mean: 52.318 std: 2.096019751815329
Total Time for the script is 1069.6128189563751 seconds
