MLP(
  (linear): Sequential(
    (0): Linear(in_features=1024, out_features=1000, bias=True)
    (1): ReLU(inplace=True)
    (2): Linear(in_features=1000, out_features=1000, bias=True)
    (3): ReLU(inplace=True)
  )
  (last): ModuleDict(
    (All): Linear(in_features=1000, out_features=100, bias=True)
  )
)
#parameter of model: 2126100
Task order: ['1', '2', '3']
Epoch:0
LR: 0.0001
Itr		Time		  Data		  Loss		Acc
[0/1407]	0.5467 (0.5467)	0.1075 (0.1075)	4.629 (4.629)	0.78 (0.78)
[100/1407]	0.0020 (0.0143)	0.0001 (0.0079)	0.563 (1.721)	85.16 (66.36)
[200/1407]	0.0020 (0.0119)	0.0001 (0.0077)	0.382 (1.106)	88.28 (76.49)
[300/1407]	0.0251 (0.0111)	0.0230 (0.0077)	0.294 (0.863)	91.41 (80.79)
[400/1407]	0.0019 (0.0107)	0.0001 (0.0076)	0.261 (0.732)	92.19 (83.11)
[500/1407]	0.0020 (0.0104)	0.0001 (0.0076)	0.348 (0.649)	86.72 (84.66)
[600/1407]	0.0249 (0.0103)	0.0228 (0.0076)	0.195 (0.591)	94.53 (85.73)
[700/1407]	0.0020 (0.0102)	0.0001 (0.0076)	0.249 (0.548)	91.41 (86.56)
[800/1407]	0.0022 (0.0101)	0.0001 (0.0076)	0.237 (0.513)	92.19 (87.30)
[900/1407]	0.0241 (0.0100)	0.0221 (0.0076)	0.201 (0.485)	91.41 (87.88)
[1000/1407]	0.0021 (0.0099)	0.0001 (0.0075)	0.330 (0.461)	91.41 (88.34)
[1100/1407]	0.0020 (0.0099)	0.0001 (0.0075)	0.256 (0.441)	89.06 (88.77)
[1200/1407]	0.0236 (0.0098)	0.0215 (0.0075)	0.229 (0.423)	93.75 (89.15)
[1300/1407]	0.0019 (0.0098)	0.0001 (0.0075)	0.248 (0.407)	95.31 (89.49)
[1400/1407]	0.0037 (0.0098)	0.0016 (0.0075)	0.183 (0.392)	96.88 (89.81)
[1406/1407]	0.0018 (0.0098)	0.0001 (0.0075)	0.118 (0.392)	96.88 (89.83)
 * Train Acc 89.833
 * Val Acc 94.443, Total time 2.36
Epoch:1
LR: 0.0001
Itr		Time		  Data		  Loss		Acc
[0/1407]	0.1276 (0.1276)	0.1220 (0.1220)	0.166 (0.166)	96.09 (96.09)
[100/1407]	0.0021 (0.0106)	0.0001 (0.0086)	0.187 (0.178)	92.97 (94.96)
[200/1407]	0.0020 (0.0101)	0.0002 (0.0080)	0.164 (0.182)	95.31 (94.82)
[300/1407]	0.0237 (0.0100)	0.0220 (0.0080)	0.259 (0.174)	92.97 (94.98)
[400/1407]	0.0018 (0.0098)	0.0001 (0.0078)	0.159 (0.172)	96.88 (95.01)
[500/1407]	0.0020 (0.0097)	0.0001 (0.0077)	0.140 (0.169)	96.88 (95.07)
[600/1407]	0.0243 (0.0096)	0.0224 (0.0077)	0.168 (0.168)	94.53 (95.05)
[700/1407]	0.0022 (0.0096)	0.0001 (0.0077)	0.208 (0.167)	92.19 (95.08)
[800/1407]	0.0019 (0.0095)	0.0001 (0.0076)	0.109 (0.165)	96.88 (95.19)
[900/1407]	0.0221 (0.0095)	0.0200 (0.0076)	0.316 (0.163)	93.75 (95.26)
[1000/1407]	0.0020 (0.0095)	0.0001 (0.0076)	0.092 (0.160)	96.88 (95.32)
[1100/1407]	0.0173 (0.0095)	0.0152 (0.0075)	0.130 (0.157)	97.66 (95.40)
[1200/1407]	0.0022 (0.0095)	0.0001 (0.0075)	0.156 (0.155)	95.31 (95.47)
[1300/1407]	0.0019 (0.0095)	0.0001 (0.0075)	0.116 (0.153)	97.66 (95.53)
[1400/1407]	0.0262 (0.0095)	0.0241 (0.0076)	0.136 (0.151)	98.44 (95.59)
[1406/1407]	0.0033 (0.0095)	0.0016 (0.0075)	0.174 (0.151)	96.88 (95.59)
 * Train Acc 95.591
 * Val Acc 96.337, Total time 2.30
 * Val Acc 96.337, Total time 2.33
OrderedDict([('All', {'All': 96.33666666666667})])
Task All average acc: 96.33666666666667
===Summary of experiment repeats: 1 / 5 ===
The regularization coefficient: 0.0
The last avg acc of all repeats: [96.33666667  0.          0.          0.          0.        ]
mean: 19.267333333333333 std: 38.534666666666666
MLP(
  (linear): Sequential(
    (0): Linear(in_features=1024, out_features=1000, bias=True)
    (1): ReLU(inplace=True)
    (2): Linear(in_features=1000, out_features=1000, bias=True)
    (3): ReLU(inplace=True)
  )
  (last): ModuleDict(
    (All): Linear(in_features=1000, out_features=100, bias=True)
  )
)
#parameter of model: 2126100
Task order: ['1', '2', '3']
Epoch:0
LR: 0.0001
Itr		Time		  Data		  Loss		Acc
[0/1407]	0.1254 (0.1254)	0.1178 (0.1178)	4.598 (4.598)	2.34 (2.34)
[100/1407]	0.0083 (0.0105)	0.0061 (0.0083)	0.533 (1.692)	85.94 (67.01)
[200/1407]	0.0231 (0.0101)	0.0210 (0.0079)	0.485 (1.095)	85.94 (76.60)
[300/1407]	0.0020 (0.0098)	0.0001 (0.0077)	0.397 (0.859)	89.06 (80.60)
[400/1407]	0.0040 (0.0097)	0.0018 (0.0076)	0.397 (0.733)	89.06 (82.91)
[500/1407]	0.0178 (0.0097)	0.0156 (0.0076)	0.352 (0.650)	89.06 (84.39)
[600/1407]	0.0020 (0.0097)	0.0001 (0.0076)	0.299 (0.593)	90.62 (85.49)
[700/1407]	0.0182 (0.0096)	0.0161 (0.0075)	0.254 (0.549)	92.19 (86.36)
[800/1407]	0.0039 (0.0096)	0.0018 (0.0075)	0.301 (0.515)	92.97 (87.09)
[900/1407]	0.0020 (0.0096)	0.0001 (0.0075)	0.235 (0.486)	91.41 (87.67)
[1000/1407]	0.0242 (0.0096)	0.0219 (0.0075)	0.232 (0.462)	91.41 (88.20)
[1100/1407]	0.0032 (0.0096)	0.0011 (0.0075)	0.226 (0.442)	94.53 (88.63)
[1200/1407]	0.0020 (0.0096)	0.0001 (0.0075)	0.177 (0.423)	96.09 (89.06)
[1300/1407]	0.0020 (0.0096)	0.0001 (0.0075)	0.132 (0.408)	92.97 (89.39)
[1400/1407]	0.0248 (0.0096)	0.0227 (0.0075)	0.210 (0.393)	94.53 (89.73)
[1406/1407]	0.0032 (0.0096)	0.0015 (0.0075)	0.478 (0.392)	81.25 (89.74)
 * Train Acc 89.739
 * Val Acc 94.530, Total time 2.32
Epoch:1
LR: 0.0001
Itr		Time		  Data		  Loss		Acc
[0/1407]	0.1233 (0.1233)	0.1179 (0.1179)	0.214 (0.214)	96.09 (96.09)
[100/1407]	0.0246 (0.0110)	0.0224 (0.0090)	0.150 (0.187)	95.31 (94.88)
[200/1407]	0.0022 (0.0102)	0.0001 (0.0082)	0.138 (0.185)	95.31 (94.85)
[300/1407]	0.0020 (0.0099)	0.0002 (0.0079)	0.119 (0.181)	96.09 (94.80)
[400/1407]	0.0245 (0.0098)	0.0224 (0.0078)	0.191 (0.178)	92.97 (94.90)
[500/1407]	0.0019 (0.0097)	0.0001 (0.0077)	0.167 (0.174)	93.75 (95.00)
[600/1407]	0.0020 (0.0096)	0.0001 (0.0076)	0.151 (0.171)	94.53 (95.05)
[700/1407]	0.0237 (0.0096)	0.0216 (0.0076)	0.085 (0.168)	96.88 (95.15)
[800/1407]	0.0020 (0.0096)	0.0001 (0.0076)	0.128 (0.166)	96.09 (95.22)
[900/1407]	0.0020 (0.0095)	0.0001 (0.0076)	0.115 (0.164)	95.31 (95.28)
[1000/1407]	0.0236 (0.0095)	0.0215 (0.0076)	0.087 (0.162)	99.22 (95.34)
[1100/1407]	0.0022 (0.0095)	0.0001 (0.0075)	0.160 (0.160)	93.75 (95.38)
[1200/1407]	0.0020 (0.0095)	0.0001 (0.0075)	0.225 (0.157)	93.75 (95.44)
[1300/1407]	0.0244 (0.0095)	0.0222 (0.0075)	0.100 (0.155)	96.88 (95.50)
[1400/1407]	0.0036 (0.0095)	0.0016 (0.0075)	0.080 (0.153)	96.88 (95.56)
[1406/1407]	0.0018 (0.0095)	0.0001 (0.0075)	0.028 (0.153)	100.00 (95.56)
 * Train Acc 95.558
 * Val Acc 96.430, Total time 2.31
 * Val Acc 96.430, Total time 2.40
OrderedDict([('All', {'All': 96.43})])
Task All average acc: 96.43
===Summary of experiment repeats: 2 / 5 ===
The regularization coefficient: 0.0
The last avg acc of all repeats: [96.33666667 96.43        0.          0.          0.        ]
mean: 38.553333333333335 std: 47.21800649940421
MLP(
  (linear): Sequential(
    (0): Linear(in_features=1024, out_features=1000, bias=True)
    (1): ReLU(inplace=True)
    (2): Linear(in_features=1000, out_features=1000, bias=True)
    (3): ReLU(inplace=True)
  )
  (last): ModuleDict(
    (All): Linear(in_features=1000, out_features=100, bias=True)
  )
)
#parameter of model: 2126100
Task order: ['1', '2', '3']
Epoch:0
LR: 0.0001
Itr		Time		  Data		  Loss		Acc
[0/1407]	0.1248 (0.1248)	0.1179 (0.1179)	4.602 (4.602)	3.12 (3.12)
[100/1407]	0.0030 (0.0105)	0.0009 (0.0085)	0.620 (1.706)	83.59 (65.10)
[200/1407]	0.0019 (0.0100)	0.0001 (0.0080)	0.383 (1.100)	91.41 (75.75)
[300/1407]	0.0241 (0.0099)	0.0223 (0.0080)	0.467 (0.862)	89.84 (80.21)
[400/1407]	0.0018 (0.0097)	0.0001 (0.0079)	0.375 (0.733)	85.94 (82.71)
[500/1407]	0.0026 (0.0097)	0.0008 (0.0078)	0.310 (0.652)	86.72 (84.14)
[600/1407]	0.0237 (0.0097)	0.0217 (0.0078)	0.307 (0.593)	89.06 (85.30)
[700/1407]	0.0021 (0.0096)	0.0001 (0.0077)	0.251 (0.549)	92.19 (86.22)
[800/1407]	0.0048 (0.0096)	0.0025 (0.0077)	0.297 (0.513)	91.41 (87.02)
[900/1407]	0.0231 (0.0096)	0.0211 (0.0077)	0.241 (0.485)	90.62 (87.61)
[1000/1407]	0.0023 (0.0096)	0.0001 (0.0076)	0.230 (0.460)	92.97 (88.15)
[1100/1407]	0.0044 (0.0095)	0.0027 (0.0076)	0.169 (0.439)	92.97 (88.58)
[1200/1407]	0.0146 (0.0095)	0.0128 (0.0076)	0.212 (0.421)	95.31 (89.01)
[1300/1407]	0.0019 (0.0095)	0.0001 (0.0076)	0.157 (0.405)	95.31 (89.36)
[1400/1407]	0.0172 (0.0095)	0.0153 (0.0076)	0.259 (0.391)	94.53 (89.66)
[1406/1407]	0.0017 (0.0095)	0.0001 (0.0076)	0.127 (0.391)	96.88 (89.68)
 * Train Acc 89.684
 * Val Acc 94.583, Total time 2.34
Epoch:1
LR: 0.0001
Itr		Time		  Data		  Loss		Acc
[0/1407]	0.1231 (0.1231)	0.1177 (0.1177)	0.203 (0.203)	93.75 (93.75)
[100/1407]	0.0149 (0.0107)	0.0128 (0.0085)	0.267 (0.188)	92.97 (94.46)
[200/1407]	0.0019 (0.0101)	0.0001 (0.0080)	0.099 (0.180)	96.88 (94.62)
[300/1407]	0.0037 (0.0099)	0.0016 (0.0078)	0.143 (0.180)	95.31 (94.66)
[400/1407]	0.0224 (0.0098)	0.0204 (0.0078)	0.240 (0.176)	92.97 (94.82)
[500/1407]	0.0020 (0.0097)	0.0001 (0.0077)	0.259 (0.170)	90.62 (95.02)
[600/1407]	0.0020 (0.0097)	0.0001 (0.0076)	0.252 (0.168)	91.41 (95.11)
[700/1407]	0.0241 (0.0097)	0.0220 (0.0076)	0.119 (0.165)	96.09 (95.18)
[800/1407]	0.0022 (0.0097)	0.0001 (0.0076)	0.143 (0.163)	96.88 (95.25)
[900/1407]	0.0022 (0.0096)	0.0001 (0.0076)	0.128 (0.161)	95.31 (95.33)
[1000/1407]	0.0246 (0.0096)	0.0225 (0.0076)	0.191 (0.159)	92.97 (95.36)
[1100/1407]	0.0022 (0.0096)	0.0001 (0.0076)	0.185 (0.156)	96.09 (95.42)
[1200/1407]	0.0020 (0.0096)	0.0001 (0.0076)	0.054 (0.154)	98.44 (95.47)
[1300/1407]	0.0243 (0.0096)	0.0221 (0.0076)	0.113 (0.152)	96.09 (95.50)
[1400/1407]	0.0040 (0.0096)	0.0018 (0.0076)	0.164 (0.151)	94.53 (95.55)
[1406/1407]	0.0019 (0.0096)	0.0001 (0.0076)	0.122 (0.151)	93.75 (95.55)
 * Train Acc 95.547
 * Val Acc 96.383, Total time 2.34
 * Val Acc 96.383, Total time 2.32
OrderedDict([('All', {'All': 96.38333333333334})])
Task All average acc: 96.38333333333334
===Summary of experiment repeats: 3 / 5 ===
The regularization coefficient: 0.0
The last avg acc of all repeats: [96.33666667 96.43       96.38333333  0.          0.        ]
mean: 57.830000000000005 std: 47.21800649940421
MLP(
  (linear): Sequential(
    (0): Linear(in_features=1024, out_features=1000, bias=True)
    (1): ReLU(inplace=True)
    (2): Linear(in_features=1000, out_features=1000, bias=True)
    (3): ReLU(inplace=True)
  )
  (last): ModuleDict(
    (All): Linear(in_features=1000, out_features=100, bias=True)
  )
)
#parameter of model: 2126100
Task order: ['1', '2', '3']
Epoch:0
LR: 0.0001
Itr		Time		  Data		  Loss		Acc
[0/1407]	0.1286 (0.1286)	0.1227 (0.1227)	4.622 (4.622)	0.00 (0.00)
[100/1407]	0.0020 (0.0106)	0.0001 (0.0087)	0.633 (1.714)	84.38 (65.21)
[200/1407]	0.0019 (0.0100)	0.0001 (0.0081)	0.483 (1.102)	86.72 (75.95)
[300/1407]	0.0242 (0.0099)	0.0224 (0.0079)	0.445 (0.868)	88.28 (80.18)
[400/1407]	0.0020 (0.0097)	0.0001 (0.0078)	0.209 (0.736)	96.09 (82.64)
[500/1407]	0.0018 (0.0097)	0.0001 (0.0078)	0.397 (0.654)	89.84 (84.17)
[600/1407]	0.0246 (0.0097)	0.0228 (0.0078)	0.331 (0.594)	89.84 (85.34)
[700/1407]	0.0019 (0.0097)	0.0001 (0.0078)	0.189 (0.552)	93.75 (86.19)
[800/1407]	0.0019 (0.0097)	0.0001 (0.0078)	0.336 (0.515)	89.84 (86.99)
[900/1407]	0.0246 (0.0097)	0.0229 (0.0078)	0.453 (0.485)	85.94 (87.63)
[1000/1407]	0.0019 (0.0096)	0.0001 (0.0078)	0.306 (0.461)	90.62 (88.16)
[1100/1407]	0.0019 (0.0096)	0.0001 (0.0078)	0.376 (0.440)	92.19 (88.58)
[1200/1407]	0.0239 (0.0096)	0.0221 (0.0078)	0.183 (0.422)	91.41 (88.98)
[1300/1407]	0.0019 (0.0096)	0.0001 (0.0077)	0.198 (0.406)	95.31 (89.37)
[1400/1407]	0.0034 (0.0096)	0.0015 (0.0077)	0.291 (0.392)	90.62 (89.70)
[1406/1407]	0.0018 (0.0096)	0.0001 (0.0077)	0.093 (0.392)	100.00 (89.71)
 * Train Acc 89.710
 * Val Acc 94.360, Total time 2.34
Epoch:1
LR: 0.0001
Itr		Time		  Data		  Loss		Acc
[0/1407]	0.1344 (0.1344)	0.1287 (0.1287)	0.213 (0.213)	92.97 (92.97)
[100/1407]	0.0238 (0.0111)	0.0217 (0.0090)	0.111 (0.172)	97.66 (95.03)
[200/1407]	0.0020 (0.0102)	0.0001 (0.0082)	0.264 (0.173)	92.97 (95.04)
[300/1407]	0.0020 (0.0099)	0.0001 (0.0079)	0.180 (0.173)	93.75 (95.00)
[400/1407]	0.0241 (0.0098)	0.0220 (0.0078)	0.173 (0.171)	94.53 (95.00)
[500/1407]	0.0020 (0.0097)	0.0001 (0.0077)	0.146 (0.168)	96.88 (95.10)
[600/1407]	0.0022 (0.0097)	0.0001 (0.0076)	0.140 (0.168)	95.31 (95.12)
[700/1407]	0.0231 (0.0096)	0.0210 (0.0076)	0.154 (0.164)	94.53 (95.23)
[800/1407]	0.0023 (0.0096)	0.0001 (0.0076)	0.137 (0.162)	95.31 (95.26)
[900/1407]	0.0030 (0.0096)	0.0008 (0.0075)	0.151 (0.161)	96.88 (95.30)
[1000/1407]	0.0232 (0.0096)	0.0211 (0.0075)	0.089 (0.158)	99.22 (95.36)
[1100/1407]	0.0030 (0.0095)	0.0001 (0.0075)	0.122 (0.156)	96.09 (95.42)
[1200/1407]	0.0249 (0.0096)	0.0225 (0.0075)	0.161 (0.155)	94.53 (95.45)
[1300/1407]	0.0021 (0.0096)	0.0001 (0.0075)	0.055 (0.153)	99.22 (95.51)
[1400/1407]	0.0043 (0.0096)	0.0021 (0.0075)	0.102 (0.151)	96.09 (95.56)
[1406/1407]	0.0021 (0.0096)	0.0001 (0.0075)	0.074 (0.151)	96.88 (95.57)
 * Train Acc 95.567
 * Val Acc 96.260, Total time 2.35
 * Val Acc 96.260, Total time 2.31
OrderedDict([('All', {'All': 96.26})])
Task All average acc: 96.26
===Summary of experiment repeats: 4 / 5 ===
The regularization coefficient: 0.0
The last avg acc of all repeats: [96.33666667 96.43       96.38333333 96.26        0.        ]
mean: 77.08200000000001 std: 38.54104090158668
MLP(
  (linear): Sequential(
    (0): Linear(in_features=1024, out_features=1000, bias=True)
    (1): ReLU(inplace=True)
    (2): Linear(in_features=1000, out_features=1000, bias=True)
    (3): ReLU(inplace=True)
  )
  (last): ModuleDict(
    (All): Linear(in_features=1000, out_features=100, bias=True)
  )
)
#parameter of model: 2126100
Task order: ['1', '2', '3']
Epoch:0
LR: 0.0001
Itr		Time		  Data		  Loss		Acc
[0/1407]	0.1322 (0.1322)	0.1248 (0.1248)	4.580 (4.580)	0.00 (0.00)
[100/1407]	0.0066 (0.0105)	0.0046 (0.0084)	0.669 (1.718)	82.81 (66.61)
[200/1407]	0.0022 (0.0099)	0.0001 (0.0078)	0.423 (1.110)	88.28 (76.34)
[300/1407]	0.0060 (0.0097)	0.0038 (0.0076)	0.324 (0.872)	89.84 (80.45)
[400/1407]	0.0217 (0.0096)	0.0196 (0.0076)	0.299 (0.744)	89.84 (82.67)
[500/1407]	0.0020 (0.0095)	0.0001 (0.0075)	0.329 (0.658)	90.62 (84.32)
[600/1407]	0.0118 (0.0095)	0.0097 (0.0074)	0.197 (0.597)	92.97 (85.48)
[700/1407]	0.0235 (0.0095)	0.0214 (0.0074)	0.255 (0.552)	93.75 (86.39)
[800/1407]	0.0042 (0.0095)	0.0021 (0.0074)	0.207 (0.516)	92.19 (87.11)
[900/1407]	0.0023 (0.0095)	0.0001 (0.0074)	0.277 (0.487)	92.19 (87.71)
[1000/1407]	0.0214 (0.0095)	0.0193 (0.0074)	0.284 (0.463)	93.75 (88.24)
[1100/1407]	0.0029 (0.0095)	0.0009 (0.0074)	0.236 (0.442)	96.09 (88.71)
[1200/1407]	0.0020 (0.0095)	0.0001 (0.0074)	0.135 (0.423)	96.09 (89.11)
[1300/1407]	0.0211 (0.0095)	0.0190 (0.0074)	0.195 (0.407)	94.53 (89.46)
[1400/1407]	0.0103 (0.0094)	0.0081 (0.0074)	0.120 (0.392)	96.88 (89.78)
[1406/1407]	0.0019 (0.0094)	0.0001 (0.0074)	0.077 (0.391)	100.00 (89.80)
 * Train Acc 89.798
 * Val Acc 94.400, Total time 2.34
Epoch:1
LR: 0.0001
Itr		Time		  Data		  Loss		Acc
[0/1407]	0.1232 (0.1232)	0.1181 (0.1181)	0.098 (0.098)	97.66 (97.66)
[100/1407]	0.0067 (0.0104)	0.0046 (0.0083)	0.172 (0.179)	95.31 (94.88)
[200/1407]	0.0022 (0.0099)	0.0001 (0.0078)	0.206 (0.169)	93.75 (95.21)
[300/1407]	0.0113 (0.0097)	0.0092 (0.0076)	0.169 (0.168)	92.97 (95.14)
[400/1407]	0.0166 (0.0096)	0.0145 (0.0076)	0.199 (0.169)	95.31 (95.09)
[500/1407]	0.0021 (0.0096)	0.0001 (0.0075)	0.145 (0.170)	96.88 (95.05)
[600/1407]	0.0019 (0.0095)	0.0001 (0.0075)	0.121 (0.168)	96.88 (95.13)
[700/1407]	0.0243 (0.0095)	0.0222 (0.0075)	0.098 (0.166)	98.44 (95.17)
[800/1407]	0.0019 (0.0095)	0.0001 (0.0074)	0.159 (0.165)	97.66 (95.23)
[900/1407]	0.0031 (0.0095)	0.0009 (0.0074)	0.152 (0.162)	94.53 (95.32)
[1000/1407]	0.0237 (0.0095)	0.0216 (0.0074)	0.164 (0.159)	92.97 (95.38)
[1100/1407]	0.0022 (0.0094)	0.0001 (0.0074)	0.147 (0.157)	95.31 (95.42)
[1200/1407]	0.0019 (0.0094)	0.0001 (0.0074)	0.119 (0.155)	96.09 (95.48)
[1300/1407]	0.0233 (0.0094)	0.0212 (0.0074)	0.087 (0.153)	96.88 (95.53)
[1400/1407]	0.0039 (0.0094)	0.0019 (0.0074)	0.164 (0.152)	95.31 (95.56)
[1406/1407]	0.0018 (0.0094)	0.0001 (0.0074)	0.115 (0.152)	93.75 (95.56)
 * Train Acc 95.563
 * Val Acc 96.443, Total time 2.33
 * Val Acc 96.443, Total time 2.35
OrderedDict([('All', {'All': 96.44333333333333})])
Task All average acc: 96.44333333333333
===Summary of experiment repeats: 5 / 5 ===
The regularization coefficient: 0.0
The last avg acc of all repeats: [96.33666667 96.43       96.38333333 96.26       96.44333333]
mean: 96.37066666666666 std: 0.06687965975458171
reg_coef: 0.0 mean: 96.37066666666666 std: 0.06687965975458171
Total Time for the script is 171.14050960540771 seconds
