MLP(
  (linear): Sequential(
    (0): Linear(in_features=1024, out_features=1000, bias=True)
    (1): ReLU(inplace=True)
    (2): Linear(in_features=1000, out_features=1000, bias=True)
    (3): ReLU(inplace=True)
  )
  (last): ModuleDict(
    (All): Linear(in_features=1000, out_features=100, bias=True)
  )
)
#parameter of model: 2126100
Task order: ['1', '2', '3', '4', '5', '6', '7', '8', '9', '10']
====================== 1 =======================
Incremental class: Old valid output dimension: ALL
Incremental class: New Valid output dimension: 10
Epoch:0
LR: 0.001
Itr		Time		  Data		  Loss		Acc
[0/469]	0.5257 (0.5257)	0.0925 (0.0925)	2.309 (2.309)	1.56 (1.56)
[100/469]	0.0016 (0.0124)	0.0001 (0.0066)	2.238 (2.271)	2.34 (0.87)
[200/469]	0.0184 (0.0099)	0.0167 (0.0062)	2.167 (2.238)	20.31 (4.57)
[300/469]	0.0016 (0.0090)	0.0001 (0.0060)	2.101 (2.204)	37.50 (11.70)
[400/469]	0.0016 (0.0085)	0.0001 (0.0059)	2.011 (2.169)	54.69 (20.22)
[468/469]	0.0015 (0.0084)	0.0001 (0.0059)	1.938 (2.144)	67.71 (25.63)
 * Train Acc 25.627
 * Val Acc 62.940, Total time 0.71
Epoch:1
LR: 0.001
Itr		Time		  Data		  Loss		Acc
[0/469]	0.1191 (0.1191)	0.1143 (0.1143)	1.966 (1.966)	67.19 (67.19)
[100/469]	0.0016 (0.0085)	0.0001 (0.0068)	1.825 (1.922)	70.31 (65.60)
[200/469]	0.0016 (0.0080)	0.0001 (0.0063)	1.713 (1.875)	79.69 (67.89)
[300/469]	0.0198 (0.0079)	0.0181 (0.0062)	1.618 (1.823)	81.25 (69.85)
[400/469]	0.0016 (0.0078)	0.0001 (0.0061)	1.542 (1.770)	78.12 (71.28)
[468/469]	0.0141 (0.0077)	0.0123 (0.0061)	1.476 (1.733)	80.21 (72.11)
 * Train Acc 72.108
 * Val Acc 78.330, Total time 0.76
validation split name: 1
 * Val Acc 78.330, Total time 0.69
====================== 2 =======================
Incremental class: Old valid output dimension: 10
Incremental class: New Valid output dimension: 20
Epoch:0
LR: 0.001
Itr		Time		  Data		  Loss		Acc
[0/469]	0.1289 (0.1289)	0.1241 (0.1241)	2.986 (2.986)	0.78 (0.78)
[100/469]	0.0017 (0.0117)	0.0002 (0.0100)	2.735 (2.858)	35.16 (16.80)
[200/469]	0.0017 (0.0111)	0.0001 (0.0094)	2.485 (2.745)	53.12 (28.62)
[300/469]	0.0283 (0.0109)	0.0266 (0.0093)	2.341 (2.637)	60.16 (36.98)
[400/469]	0.0016 (0.0108)	0.0002 (0.0092)	2.166 (2.533)	64.06 (43.64)
[468/469]	0.0206 (0.0108)	0.0190 (0.0092)	2.042 (2.465)	62.50 (47.28)
 * Train Acc 47.280
 * Val Acc 70.780, Total time 0.94
Epoch:1
LR: 0.001
Itr		Time		  Data		  Loss		Acc
[0/469]	0.1268 (0.1268)	0.1217 (0.1217)	1.953 (1.953)	75.78 (75.78)
[100/469]	0.0161 (0.0116)	0.0143 (0.0099)	1.775 (1.919)	77.34 (70.99)
[200/469]	0.0022 (0.0112)	0.0002 (0.0094)	1.728 (1.838)	68.75 (71.79)
[300/469]	0.0021 (0.0112)	0.0002 (0.0092)	1.547 (1.761)	71.88 (72.44)
[400/469]	0.0276 (0.0110)	0.0259 (0.0092)	1.321 (1.688)	79.69 (73.10)
[468/469]	0.0015 (0.0109)	0.0001 (0.0091)	1.364 (1.641)	72.92 (73.49)
 * Train Acc 73.492
 * Val Acc 78.940, Total time 0.94
validation split name: 1
 * Val Acc 2.250, Total time 0.69
validation split name: 2
 * Val Acc 78.940, Total time 0.95
====================== 3 =======================
Incremental class: Old valid output dimension: 20
Incremental class: New Valid output dimension: 30
Epoch:0
LR: 0.001
Itr		Time		  Data		  Loss		Acc
[0/469]	0.1265 (0.1265)	0.1215 (0.1215)	3.604 (3.604)	0.00 (0.00)
[100/469]	0.0094 (0.0118)	0.0079 (0.0103)	3.106 (3.354)	10.16 (0.37)
[200/469]	0.0015 (0.0111)	0.0001 (0.0096)	2.768 (3.149)	41.41 (17.47)
[300/469]	0.0136 (0.0109)	0.0119 (0.0093)	2.471 (2.963)	51.56 (29.74)
[400/469]	0.0132 (0.0108)	0.0115 (0.0092)	2.151 (2.791)	63.28 (38.27)
[468/469]	0.0090 (0.0107)	0.0072 (0.0091)	1.980 (2.688)	71.88 (42.63)
 * Train Acc 42.630
 * Val Acc 70.470, Total time 0.98
Epoch:1
LR: 0.001
Itr		Time		  Data		  Loss		Acc
[0/469]	0.1263 (0.1263)	0.1212 (0.1212)	2.020 (2.020)	70.31 (70.31)
[100/469]	0.0026 (0.0115)	0.0009 (0.0098)	1.804 (1.905)	75.00 (71.25)
[200/469]	0.0015 (0.0110)	0.0001 (0.0093)	1.643 (1.818)	71.09 (71.75)
[300/469]	0.0282 (0.0109)	0.0265 (0.0092)	1.504 (1.740)	77.34 (72.29)
[400/469]	0.0016 (0.0107)	0.0001 (0.0091)	1.323 (1.663)	78.12 (73.27)
[468/469]	0.0203 (0.0107)	0.0186 (0.0091)	1.385 (1.614)	71.88 (73.89)
 * Train Acc 73.888
 * Val Acc 78.260, Total time 0.95
validation split name: 1
 * Val Acc 0.000, Total time 0.71
validation split name: 2
 * Val Acc 2.060, Total time 0.94
validation split name: 3
 * Val Acc 78.260, Total time 0.93
====================== 4 =======================
Incremental class: Old valid output dimension: 30
Incremental class: New Valid output dimension: 40
Epoch:0
LR: 0.001
Itr		Time		  Data		  Loss		Acc
[0/469]	0.1395 (0.1395)	0.1345 (0.1345)	4.004 (4.004)	0.00 (0.00)
[100/469]	0.0014 (0.0120)	0.0001 (0.0104)	3.390 (3.664)	0.00 (0.01)
[200/469]	0.0015 (0.0111)	0.0001 (0.0096)	2.884 (3.396)	45.31 (12.52)
[300/469]	0.0285 (0.0109)	0.0271 (0.0095)	2.475 (3.155)	62.50 (26.65)
[400/469]	0.0015 (0.0107)	0.0001 (0.0093)	2.105 (2.941)	71.88 (36.41)
[468/469]	0.0208 (0.0107)	0.0195 (0.0093)	1.933 (2.815)	73.96 (41.46)
 * Train Acc 41.460
 * Val Acc 72.710, Total time 0.96
Epoch:1
LR: 0.001
Itr		Time		  Data		  Loss		Acc
[0/469]	0.1296 (0.1296)	0.1247 (0.1247)	2.016 (2.016)	65.62 (65.62)
[100/469]	0.0227 (0.0117)	0.0208 (0.0099)	1.787 (1.892)	73.44 (73.06)
[200/469]	0.0016 (0.0111)	0.0001 (0.0095)	1.616 (1.801)	78.91 (73.61)
[300/469]	0.0015 (0.0109)	0.0001 (0.0093)	1.484 (1.717)	74.22 (74.44)
[400/469]	0.0278 (0.0108)	0.0262 (0.0092)	1.276 (1.640)	85.16 (75.28)
[468/469]	0.0015 (0.0107)	0.0001 (0.0092)	1.169 (1.589)	77.08 (75.85)
 * Train Acc 75.850
 * Val Acc 79.990, Total time 0.95
validation split name: 1
 * Val Acc 0.000, Total time 0.69
validation split name: 2
 * Val Acc 0.000, Total time 0.96
validation split name: 3
 * Val Acc 21.640, Total time 0.94
validation split name: 4
 * Val Acc 79.990, Total time 0.96
====================== 5 =======================
Incremental class: Old valid output dimension: 40
Incremental class: New Valid output dimension: 50
Epoch:0
LR: 0.001
Itr		Time		  Data		  Loss		Acc
[0/469]	0.1417 (0.1417)	0.1367 (0.1367)	4.458 (4.458)	0.00 (0.00)
[100/469]	0.0024 (0.0125)	0.0002 (0.0105)	3.540 (3.930)	0.00 (0.00)
[200/469]	0.0016 (0.0117)	0.0001 (0.0097)	2.915 (3.577)	49.22 (11.22)
[300/469]	0.0279 (0.0113)	0.0262 (0.0095)	2.428 (3.272)	60.94 (25.77)
[400/469]	0.0016 (0.0110)	0.0001 (0.0093)	2.050 (3.014)	76.56 (36.50)
[468/469]	0.0205 (0.0109)	0.0188 (0.0092)	1.961 (2.869)	72.92 (41.67)
 * Train Acc 41.673
 * Val Acc 75.420, Total time 0.95
Epoch:1
LR: 0.001
Itr		Time		  Data		  Loss		Acc
[0/469]	0.1393 (0.1393)	0.1342 (0.1342)	1.969 (1.969)	68.75 (68.75)
[100/469]	0.0025 (0.0117)	0.0009 (0.0100)	1.717 (1.826)	78.12 (74.21)
[200/469]	0.0181 (0.0111)	0.0164 (0.0094)	1.632 (1.739)	67.97 (74.83)
[300/469]	0.0277 (0.0109)	0.0258 (0.0092)	1.343 (1.651)	78.91 (75.65)
[400/469]	0.0016 (0.0107)	0.0001 (0.0091)	1.340 (1.575)	77.34 (76.52)
[468/469]	0.0202 (0.0107)	0.0185 (0.0090)	1.318 (1.526)	73.96 (76.98)
 * Train Acc 76.978
 * Val Acc 81.360, Total time 1.00
validation split name: 1
 * Val Acc 0.000, Total time 0.70
validation split name: 2
 * Val Acc 0.000, Total time 0.95
validation split name: 3
 * Val Acc 0.000, Total time 0.94
validation split name: 4
 * Val Acc 18.080, Total time 0.94
validation split name: 5
 * Val Acc 81.360, Total time 0.95
====================== 6 =======================
Incremental class: Old valid output dimension: 50
Incremental class: New Valid output dimension: 60
Epoch:0
LR: 0.001
Itr		Time		  Data		  Loss		Acc
[0/469]	0.1271 (0.1271)	0.1222 (0.1222)	4.837 (4.837)	0.00 (0.00)
[100/469]	0.0028 (0.0115)	0.0010 (0.0098)	3.625 (4.143)	0.00 (0.00)
[200/469]	0.0016 (0.0109)	0.0001 (0.0092)	2.885 (3.707)	45.31 (10.17)
[300/469]	0.0265 (0.0108)	0.0249 (0.0091)	2.301 (3.337)	68.75 (26.00)
[400/469]	0.0035 (0.0106)	0.0017 (0.0090)	2.008 (3.039)	70.31 (36.42)
[468/469]	0.0189 (0.0106)	0.0172 (0.0089)	1.830 (2.876)	70.83 (41.40)
 * Train Acc 41.395
 * Val Acc 73.360, Total time 0.95
Epoch:1
LR: 0.001
Itr		Time		  Data		  Loss		Acc
[0/469]	0.1289 (0.1289)	0.1235 (0.1235)	1.813 (1.813)	71.88 (71.88)
[100/469]	0.0174 (0.0119)	0.0156 (0.0101)	1.681 (1.729)	73.44 (73.19)
[200/469]	0.0016 (0.0112)	0.0001 (0.0094)	1.527 (1.640)	73.44 (74.02)
[300/469]	0.0022 (0.0109)	0.0008 (0.0092)	1.329 (1.561)	77.34 (75.03)
[400/469]	0.0288 (0.0109)	0.0270 (0.0092)	1.181 (1.486)	75.78 (75.91)
[468/469]	0.0015 (0.0108)	0.0001 (0.0091)	1.125 (1.441)	75.00 (76.36)
 * Train Acc 76.355
 * Val Acc 80.850, Total time 1.01
validation split name: 1
 * Val Acc 0.000, Total time 0.70
validation split name: 2
 * Val Acc 0.000, Total time 0.95
validation split name: 3
 * Val Acc 0.000, Total time 0.95
validation split name: 4
 * Val Acc 0.000, Total time 0.94
validation split name: 5
 * Val Acc 13.710, Total time 1.03
validation split name: 6
 * Val Acc 80.850, Total time 0.95
====================== 7 =======================
Incremental class: Old valid output dimension: 60
Incremental class: New Valid output dimension: 70
Epoch:0
LR: 0.001
Itr		Time		  Data		  Loss		Acc
[0/469]	0.1259 (0.1259)	0.1213 (0.1213)	5.129 (5.129)	0.00 (0.00)
[100/469]	0.0031 (0.0114)	0.0015 (0.0098)	3.677 (4.255)	0.00 (0.00)
[200/469]	0.0016 (0.0108)	0.0001 (0.0092)	2.918 (3.759)	35.94 (11.28)
[300/469]	0.0262 (0.0107)	0.0244 (0.0091)	2.389 (3.358)	52.34 (24.92)
[400/469]	0.0025 (0.0106)	0.0008 (0.0090)	1.922 (3.052)	75.78 (35.88)
[468/469]	0.0200 (0.0105)	0.0183 (0.0089)	1.842 (2.886)	72.92 (41.24)
 * Train Acc 41.243
 * Val Acc 74.360, Total time 0.93
Epoch:1
LR: 0.001
Itr		Time		  Data		  Loss		Acc
[0/469]	0.1408 (0.1408)	0.1360 (0.1360)	1.825 (1.825)	71.88 (71.88)
[100/469]	0.0026 (0.0119)	0.0009 (0.0102)	1.663 (1.729)	66.41 (74.23)
[200/469]	0.0273 (0.0112)	0.0259 (0.0095)	1.464 (1.638)	75.00 (74.91)
[300/469]	0.0014 (0.0109)	0.0001 (0.0093)	1.294 (1.560)	78.12 (75.37)
[400/469]	0.0098 (0.0107)	0.0085 (0.0092)	1.198 (1.488)	85.16 (76.01)
[468/469]	0.0014 (0.0106)	0.0001 (0.0092)	1.144 (1.442)	79.17 (76.56)
 * Train Acc 76.555
 * Val Acc 80.850, Total time 0.95
validation split name: 1
 * Val Acc 0.000, Total time 0.70
validation split name: 2
 * Val Acc 0.000, Total time 0.93
validation split name: 3
 * Val Acc 0.000, Total time 0.95
validation split name: 4
 * Val Acc 0.000, Total time 0.95
validation split name: 5
 * Val Acc 0.000, Total time 0.94
validation split name: 6
 * Val Acc 16.010, Total time 0.95
validation split name: 7
 * Val Acc 80.850, Total time 0.94
====================== 8 =======================
Incremental class: Old valid output dimension: 70
Incremental class: New Valid output dimension: 80
Epoch:0
LR: 0.001
Itr		Time		  Data		  Loss		Acc
[0/469]	0.1420 (0.1420)	0.1366 (0.1366)	5.568 (5.568)	0.00 (0.00)
[100/469]	0.0016 (0.0117)	0.0001 (0.0101)	3.797 (4.470)	0.00 (0.00)
[200/469]	0.0127 (0.0111)	0.0110 (0.0094)	2.914 (3.893)	45.31 (10.50)
[300/469]	0.0039 (0.0109)	0.0022 (0.0092)	2.234 (3.438)	70.31 (25.23)
[400/469]	0.0075 (0.0108)	0.0058 (0.0091)	1.910 (3.100)	74.22 (35.63)
[468/469]	0.0015 (0.0107)	0.0001 (0.0090)	1.797 (2.920)	69.79 (40.72)
 * Train Acc 40.715
 * Val Acc 72.520, Total time 0.93
Epoch:1
LR: 0.001
Itr		Time		  Data		  Loss		Acc
[0/469]	0.1285 (0.1285)	0.1240 (0.1240)	1.810 (1.810)	66.41 (66.41)
[100/469]	0.0293 (0.0124)	0.0275 (0.0107)	1.725 (1.680)	72.66 (72.20)
[200/469]	0.0015 (0.0114)	0.0001 (0.0098)	1.389 (1.598)	82.81 (73.71)
[300/469]	0.0014 (0.0110)	0.0001 (0.0095)	1.216 (1.518)	83.59 (74.96)
[400/469]	0.0272 (0.0109)	0.0258 (0.0094)	1.145 (1.443)	79.69 (76.06)
[468/469]	0.0019 (0.0108)	0.0005 (0.0093)	1.112 (1.398)	83.33 (76.53)
 * Train Acc 76.527
 * Val Acc 81.250, Total time 0.98
validation split name: 1
 * Val Acc 0.000, Total time 0.68
validation split name: 2
 * Val Acc 0.000, Total time 0.96
validation split name: 3
 * Val Acc 0.000, Total time 0.94
validation split name: 4
 * Val Acc 0.000, Total time 0.94
validation split name: 5
 * Val Acc 0.000, Total time 0.96
validation split name: 6
 * Val Acc 0.100, Total time 0.96
validation split name: 7
 * Val Acc 5.180, Total time 0.95
validation split name: 8
 * Val Acc 81.250, Total time 0.98
====================== 9 =======================
Incremental class: Old valid output dimension: 80
Incremental class: New Valid output dimension: 90
Epoch:0
LR: 0.001
Itr		Time		  Data		  Loss		Acc
[0/469]	0.1404 (0.1404)	0.1354 (0.1354)	5.718 (5.718)	0.00 (0.00)
[100/469]	0.0016 (0.0116)	0.0001 (0.0099)	3.800 (4.562)	0.00 (0.00)
[200/469]	0.0025 (0.0109)	0.0010 (0.0093)	2.829 (3.942)	45.31 (12.17)
[300/469]	0.0276 (0.0107)	0.0259 (0.0091)	2.255 (3.456)	60.94 (27.67)
[400/469]	0.0016 (0.0106)	0.0001 (0.0090)	1.892 (3.104)	70.31 (38.13)
[468/469]	0.0165 (0.0105)	0.0148 (0.0089)	1.793 (2.919)	65.62 (42.87)
 * Train Acc 42.867
 * Val Acc 72.850, Total time 0.96
Epoch:1
LR: 0.001
Itr		Time		  Data		  Loss		Acc
[0/469]	0.1264 (0.1264)	0.1219 (0.1219)	1.780 (1.780)	70.31 (70.31)
[100/469]	0.0280 (0.0125)	0.0258 (0.0106)	1.527 (1.663)	75.78 (72.46)
[200/469]	0.0015 (0.0115)	0.0001 (0.0098)	1.416 (1.578)	82.03 (73.83)
[300/469]	0.0016 (0.0111)	0.0001 (0.0095)	1.256 (1.503)	81.25 (75.09)
[400/469]	0.0264 (0.0110)	0.0247 (0.0094)	1.148 (1.432)	81.25 (75.94)
[468/469]	0.0014 (0.0110)	0.0001 (0.0093)	1.167 (1.388)	78.12 (76.48)
 * Train Acc 76.485
 * Val Acc 81.300, Total time 0.94
validation split name: 1
 * Val Acc 0.000, Total time 0.69
validation split name: 2
 * Val Acc 0.000, Total time 0.95
validation split name: 3
 * Val Acc 0.000, Total time 0.94
validation split name: 4
 * Val Acc 0.000, Total time 0.96
validation split name: 5
 * Val Acc 0.000, Total time 0.93
validation split name: 6
 * Val Acc 0.000, Total time 0.95
validation split name: 7
 * Val Acc 0.000, Total time 0.94
validation split name: 8
 * Val Acc 34.090, Total time 0.94
validation split name: 9
 * Val Acc 81.300, Total time 0.94
====================== 10 =======================
Incremental class: Old valid output dimension: 90
Incremental class: New Valid output dimension: 100
Epoch:0
LR: 0.001
Itr		Time		  Data		  Loss		Acc
[0/469]	0.1269 (0.1269)	0.1219 (0.1219)	5.839 (5.839)	0.00 (0.00)
[100/469]	0.0024 (0.0116)	0.0008 (0.0099)	3.930 (4.675)	0.00 (0.00)
[200/469]	0.0016 (0.0110)	0.0001 (0.0094)	2.886 (4.031)	46.88 (11.64)
[300/469]	0.0278 (0.0108)	0.0261 (0.0093)	2.232 (3.523)	67.19 (26.12)
[400/469]	0.0027 (0.0107)	0.0010 (0.0092)	1.848 (3.153)	78.12 (37.02)
[468/469]	0.0200 (0.0107)	0.0184 (0.0091)	1.751 (2.960)	70.83 (42.27)
 * Train Acc 42.273
 * Val Acc 74.930, Total time 0.95
Epoch:1
LR: 0.001
Itr		Time		  Data		  Loss		Acc
[0/469]	0.1266 (0.1266)	0.1221 (0.1221)	1.795 (1.795)	71.88 (71.88)
[100/469]	0.0139 (0.0117)	0.0121 (0.0100)	1.526 (1.647)	72.66 (74.78)
[200/469]	0.0016 (0.0111)	0.0001 (0.0094)	1.364 (1.558)	79.69 (75.94)
[300/469]	0.0283 (0.0111)	0.0265 (0.0094)	1.201 (1.483)	80.47 (76.64)
[400/469]	0.0016 (0.0110)	0.0002 (0.0093)	1.139 (1.415)	87.50 (77.29)
[468/469]	0.0203 (0.0109)	0.0186 (0.0092)	1.084 (1.372)	81.25 (77.73)
 * Train Acc 77.735
 * Val Acc 81.470, Total time 0.94
validation split name: 1
 * Val Acc 0.000, Total time 0.72
validation split name: 2
 * Val Acc 0.000, Total time 0.95
validation split name: 3
 * Val Acc 0.000, Total time 0.93
validation split name: 4
 * Val Acc 0.000, Total time 0.94
validation split name: 5
 * Val Acc 0.000, Total time 0.94
validation split name: 6
 * Val Acc 0.000, Total time 0.93
validation split name: 7
 * Val Acc 0.000, Total time 0.95
validation split name: 8
 * Val Acc 0.020, Total time 0.94
validation split name: 9
 * Val Acc 11.420, Total time 0.95
validation split name: 10
 * Val Acc 81.470, Total time 0.94
OrderedDict([('1', OrderedDict([('1', 78.33), ('2', 2.25), ('3', 0.0), ('4', 0.0), ('5', 0.0), ('6', 0.0), ('7', 0.0), ('8', 0.0), ('9', 0.0), ('10', 0.0)])), ('2', OrderedDict([('2', 78.94), ('3', 2.06), ('4', 0.0), ('5', 0.0), ('6', 0.0), ('7', 0.0), ('8', 0.0), ('9', 0.0), ('10', 0.0)])), ('3', OrderedDict([('3', 78.26), ('4', 21.64), ('5', 0.0), ('6', 0.0), ('7', 0.0), ('8', 0.0), ('9', 0.0), ('10', 0.0)])), ('4', OrderedDict([('4', 79.99), ('5', 18.08), ('6', 0.0), ('7', 0.0), ('8', 0.0), ('9', 0.0), ('10', 0.0)])), ('5', OrderedDict([('5', 81.36), ('6', 13.71), ('7', 0.0), ('8', 0.0), ('9', 0.0), ('10', 0.0)])), ('6', OrderedDict([('6', 80.85), ('7', 16.01), ('8', 0.1), ('9', 0.0), ('10', 0.0)])), ('7', OrderedDict([('7', 80.85), ('8', 5.18), ('9', 0.0), ('10', 0.0)])), ('8', OrderedDict([('8', 81.25), ('9', 34.09), ('10', 0.02)])), ('9', OrderedDict([('9', 81.3), ('10', 11.42)])), ('10', OrderedDict([('10', 81.47)]))])
Task 1 average acc: 78.33
Task 2 average acc: 40.595
Task 3 average acc: 26.773333333333337
Task 4 average acc: 25.4075
Task 5 average acc: 19.887999999999998
Task 6 average acc: 15.76
Task 7 average acc: 13.837142857142856
Task 8 average acc: 10.81625
Task 9 average acc: 12.821111111111112
Task 10 average acc: 9.291
===Summary of experiment repeats: 1 / 5 ===
The regularization coefficient: 0.0
The last avg acc of all repeats: [9.291 0.    0.    0.    0.   ]
mean: 1.8582 std: 3.7164
MLP(
  (linear): Sequential(
    (0): Linear(in_features=1024, out_features=1000, bias=True)
    (1): ReLU(inplace=True)
    (2): Linear(in_features=1000, out_features=1000, bias=True)
    (3): ReLU(inplace=True)
  )
  (last): ModuleDict(
    (All): Linear(in_features=1000, out_features=100, bias=True)
  )
)
#parameter of model: 2126100
Task order: ['1', '2', '3', '4', '5', '6', '7', '8', '9', '10']
====================== 1 =======================
Incremental class: Old valid output dimension: ALL
Incremental class: New Valid output dimension: 10
Epoch:0
LR: 0.001
Itr		Time		  Data		  Loss		Acc
[0/469]	0.1173 (0.1173)	0.1101 (0.1101)	2.314 (2.314)	0.00 (0.00)
[100/469]	0.0026 (0.0083)	0.0009 (0.0066)	2.243 (2.279)	1.56 (1.11)
[200/469]	0.0015 (0.0078)	0.0001 (0.0061)	2.178 (2.243)	16.41 (5.53)
[300/469]	0.0187 (0.0076)	0.0170 (0.0060)	2.108 (2.208)	34.38 (13.76)
[400/469]	0.0016 (0.0075)	0.0001 (0.0059)	2.012 (2.172)	50.00 (21.30)
[468/469]	0.0137 (0.0075)	0.0119 (0.0059)	1.928 (2.147)	59.38 (25.94)
 * Train Acc 25.937
 * Val Acc 58.860, Total time 0.72
Epoch:1
LR: 0.001
Itr		Time		  Data		  Loss		Acc
[0/469]	0.1200 (0.1200)	0.1147 (0.1147)	1.929 (1.929)	65.62 (65.62)
[100/469]	0.0016 (0.0082)	0.0001 (0.0067)	1.854 (1.920)	71.88 (61.60)
[200/469]	0.0016 (0.0077)	0.0001 (0.0062)	1.817 (1.870)	67.19 (64.40)
[300/469]	0.0185 (0.0076)	0.0168 (0.0060)	1.666 (1.818)	72.66 (66.71)
[400/469]	0.0026 (0.0075)	0.0009 (0.0059)	1.575 (1.764)	73.44 (68.43)
[468/469]	0.0131 (0.0075)	0.0113 (0.0059)	1.419 (1.727)	79.17 (69.39)
 * Train Acc 69.388
 * Val Acc 77.000, Total time 0.69
validation split name: 1
 * Val Acc 77.000, Total time 0.71
====================== 2 =======================
Incremental class: Old valid output dimension: 10
Incremental class: New Valid output dimension: 20
Epoch:0
LR: 0.001
Itr		Time		  Data		  Loss		Acc
[0/469]	0.1250 (0.1250)	0.1204 (0.1204)	2.965 (2.965)	0.00 (0.00)
[100/469]	0.0300 (0.0119)	0.0283 (0.0102)	2.758 (2.859)	21.09 (8.85)
[200/469]	0.0016 (0.0113)	0.0002 (0.0097)	2.520 (2.750)	57.81 (24.47)
[300/469]	0.0016 (0.0109)	0.0001 (0.0094)	2.350 (2.644)	57.03 (35.48)
[400/469]	0.0277 (0.0108)	0.0260 (0.0093)	2.134 (2.542)	68.75 (43.03)
[468/469]	0.0015 (0.0107)	0.0001 (0.0092)	1.995 (2.475)	67.71 (46.78)
 * Train Acc 46.783
 * Val Acc 71.090, Total time 0.93
Epoch:1
LR: 0.001
Itr		Time		  Data		  Loss		Acc
[0/469]	0.1303 (0.1303)	0.1252 (0.1252)	2.013 (2.013)	63.28 (63.28)
[100/469]	0.0016 (0.0115)	0.0001 (0.0100)	1.901 (1.937)	69.53 (71.40)
[200/469]	0.0015 (0.0109)	0.0001 (0.0093)	1.724 (1.859)	77.34 (72.05)
[300/469]	0.0279 (0.0108)	0.0262 (0.0092)	1.555 (1.780)	75.78 (73.01)
[400/469]	0.0026 (0.0106)	0.0009 (0.0091)	1.451 (1.705)	72.66 (73.58)
[468/469]	0.0204 (0.0106)	0.0189 (0.0091)	1.260 (1.658)	85.42 (73.97)
 * Train Acc 73.975
 * Val Acc 77.930, Total time 0.95
validation split name: 1
 * Val Acc 2.940, Total time 0.70
validation split name: 2
 * Val Acc 77.930, Total time 0.94
====================== 3 =======================
Incremental class: Old valid output dimension: 20
Incremental class: New Valid output dimension: 30
Epoch:0
LR: 0.001
Itr		Time		  Data		  Loss		Acc
[0/469]	0.1409 (0.1409)	0.1351 (0.1351)	3.578 (3.578)	0.00 (0.00)
[100/469]	0.0015 (0.0118)	0.0001 (0.0102)	3.136 (3.330)	10.94 (1.59)
[200/469]	0.0269 (0.0112)	0.0246 (0.0095)	2.761 (3.135)	39.06 (15.61)
[300/469]	0.0023 (0.0112)	0.0002 (0.0094)	2.449 (2.951)	57.03 (27.73)
[400/469]	0.0015 (0.0111)	0.0001 (0.0093)	2.148 (2.783)	71.09 (36.77)
[468/469]	0.0015 (0.0110)	0.0001 (0.0092)	2.010 (2.681)	67.71 (41.41)
 * Train Acc 41.410
 * Val Acc 71.750, Total time 0.96
Epoch:1
LR: 0.001
Itr		Time		  Data		  Loss		Acc
[0/469]	0.1230 (0.1230)	0.1178 (0.1178)	1.957 (1.957)	75.78 (75.78)
[100/469]	0.0263 (0.0119)	0.0246 (0.0102)	1.841 (1.899)	69.53 (72.18)
[200/469]	0.0263 (0.0112)	0.0245 (0.0095)	1.617 (1.809)	81.25 (73.20)
[300/469]	0.0016 (0.0109)	0.0001 (0.0092)	1.482 (1.725)	75.78 (73.90)
[400/469]	0.0176 (0.0108)	0.0159 (0.0091)	1.336 (1.646)	74.22 (74.59)
[468/469]	0.0015 (0.0107)	0.0001 (0.0090)	1.216 (1.597)	80.21 (75.10)
 * Train Acc 75.098
 * Val Acc 78.620, Total time 0.93
validation split name: 1
 * Val Acc 0.000, Total time 0.74
validation split name: 2
 * Val Acc 10.710, Total time 1.00
validation split name: 3
 * Val Acc 78.620, Total time 0.94
====================== 4 =======================
Incremental class: Old valid output dimension: 30
Incremental class: New Valid output dimension: 40
Epoch:0
LR: 0.001
Itr		Time		  Data		  Loss		Acc
[0/469]	0.1257 (0.1257)	0.1194 (0.1194)	4.019 (4.019)	0.00 (0.00)
[100/469]	0.0027 (0.0114)	0.0012 (0.0096)	3.273 (3.600)	2.34 (0.03)
[200/469]	0.0197 (0.0109)	0.0182 (0.0092)	2.753 (3.295)	40.62 (14.80)
[300/469]	0.0071 (0.0107)	0.0053 (0.0090)	2.329 (3.038)	58.59 (28.16)
[400/469]	0.0016 (0.0106)	0.0001 (0.0089)	2.041 (2.827)	76.56 (37.50)
[468/469]	0.0015 (0.0105)	0.0001 (0.0089)	1.947 (2.704)	65.62 (42.15)
 * Train Acc 42.150
 * Val Acc 71.470, Total time 1.00
Epoch:1
LR: 0.001
Itr		Time		  Data		  Loss		Acc
[0/469]	0.1381 (0.1381)	0.1331 (0.1331)	1.855 (1.855)	75.78 (75.78)
[100/469]	0.0016 (0.0120)	0.0001 (0.0104)	1.761 (1.820)	66.41 (71.97)
[200/469]	0.0025 (0.0112)	0.0010 (0.0097)	1.528 (1.732)	79.69 (73.59)
[300/469]	0.0277 (0.0110)	0.0258 (0.0095)	1.337 (1.650)	83.59 (74.64)
[400/469]	0.0016 (0.0109)	0.0001 (0.0093)	1.287 (1.574)	83.59 (75.45)
[468/469]	0.0210 (0.0108)	0.0195 (0.0092)	1.276 (1.527)	68.75 (75.90)
 * Train Acc 75.897
 * Val Acc 80.160, Total time 0.94
validation split name: 1
 * Val Acc 0.000, Total time 0.70
validation split name: 2
 * Val Acc 0.000, Total time 0.96
validation split name: 3
 * Val Acc 6.660, Total time 0.94
validation split name: 4
 * Val Acc 80.160, Total time 0.95
====================== 5 =======================
Incremental class: Old valid output dimension: 40
Incremental class: New Valid output dimension: 50
Epoch:0
LR: 0.001
Itr		Time		  Data		  Loss		Acc
[0/469]	0.1448 (0.1448)	0.1401 (0.1401)	4.702 (4.702)	0.00 (0.00)
[100/469]	0.0016 (0.0119)	0.0001 (0.0105)	3.493 (3.978)	0.00 (0.01)
[200/469]	0.0015 (0.0111)	0.0001 (0.0097)	2.847 (3.565)	35.16 (11.81)
[300/469]	0.0294 (0.0111)	0.0277 (0.0096)	2.340 (3.231)	60.94 (25.22)
[400/469]	0.0021 (0.0111)	0.0002 (0.0095)	2.042 (2.966)	64.84 (34.93)
[468/469]	0.0206 (0.0110)	0.0192 (0.0094)	1.900 (2.819)	70.83 (40.03)
 * Train Acc 40.032
 * Val Acc 72.680, Total time 0.94
Epoch:1
LR: 0.001
Itr		Time		  Data		  Loss		Acc
[0/469]	0.1250 (0.1250)	0.1205 (0.1205)	1.883 (1.883)	68.75 (68.75)
[100/469]	0.0016 (0.0115)	0.0001 (0.0099)	1.773 (1.773)	71.88 (72.11)
[200/469]	0.0015 (0.0110)	0.0001 (0.0094)	1.526 (1.682)	73.44 (73.68)
[300/469]	0.0264 (0.0109)	0.0248 (0.0093)	1.360 (1.601)	81.25 (74.41)
[400/469]	0.0016 (0.0107)	0.0001 (0.0092)	1.252 (1.529)	74.22 (75.28)
[468/469]	0.0195 (0.0107)	0.0177 (0.0091)	1.221 (1.483)	77.08 (75.73)
 * Train Acc 75.735
 * Val Acc 80.180, Total time 0.97
validation split name: 1
 * Val Acc 0.000, Total time 0.71
validation split name: 2
 * Val Acc 0.000, Total time 0.95
validation split name: 3
 * Val Acc 0.000, Total time 0.94
validation split name: 4
 * Val Acc 5.030, Total time 0.98
validation split name: 5
 * Val Acc 80.180, Total time 0.95
====================== 6 =======================
Incremental class: Old valid output dimension: 50
Incremental class: New Valid output dimension: 60
Epoch:0
LR: 0.001
Itr		Time		  Data		  Loss		Acc
[0/469]	0.1339 (0.1339)	0.1280 (0.1280)	4.917 (4.917)	0.00 (0.00)
[100/469]	0.0016 (0.0116)	0.0001 (0.0100)	3.701 (4.187)	0.00 (0.00)
[200/469]	0.0016 (0.0109)	0.0002 (0.0094)	3.016 (3.766)	39.06 (8.35)
[300/469]	0.0279 (0.0108)	0.0262 (0.0093)	2.431 (3.405)	51.56 (21.45)
[400/469]	0.0025 (0.0107)	0.0009 (0.0091)	2.037 (3.102)	64.84 (31.99)
[468/469]	0.0201 (0.0106)	0.0187 (0.0091)	1.862 (2.934)	75.00 (37.37)
 * Train Acc 37.373
 * Val Acc 71.970, Total time 0.93
Epoch:1
LR: 0.001
Itr		Time		  Data		  Loss		Acc
[0/469]	0.1243 (0.1243)	0.1193 (0.1193)	1.874 (1.874)	71.09 (71.09)
[100/469]	0.0017 (0.0114)	0.0001 (0.0097)	1.637 (1.751)	75.78 (71.88)
[200/469]	0.0280 (0.0110)	0.0264 (0.0094)	1.482 (1.663)	76.56 (73.11)
[300/469]	0.0017 (0.0108)	0.0001 (0.0092)	1.338 (1.580)	75.00 (74.35)
[400/469]	0.0015 (0.0108)	0.0002 (0.0091)	1.168 (1.502)	77.34 (75.51)
[468/469]	0.0014 (0.0107)	0.0001 (0.0091)	1.216 (1.456)	77.08 (76.08)
 * Train Acc 76.077
 * Val Acc 82.050, Total time 1.03
validation split name: 1
 * Val Acc 0.000, Total time 0.71
validation split name: 2
 * Val Acc 0.000, Total time 0.97
validation split name: 3
 * Val Acc 0.000, Total time 1.01
validation split name: 4
 * Val Acc 0.000, Total time 0.93
validation split name: 5
 * Val Acc 10.160, Total time 0.95
validation split name: 6
 * Val Acc 82.050, Total time 0.99
====================== 7 =======================
Incremental class: Old valid output dimension: 60
Incremental class: New Valid output dimension: 70
Epoch:0
LR: 0.001
Itr		Time		  Data		  Loss		Acc
[0/469]	0.1251 (0.1251)	0.1191 (0.1191)	5.205 (5.205)	0.00 (0.00)
[100/469]	0.0256 (0.0116)	0.0239 (0.0100)	3.628 (4.287)	0.00 (0.00)
[200/469]	0.0016 (0.0111)	0.0001 (0.0095)	2.819 (3.748)	47.66 (14.73)
[300/469]	0.0016 (0.0108)	0.0001 (0.0093)	2.260 (3.326)	65.62 (29.65)
[400/469]	0.0285 (0.0108)	0.0267 (0.0092)	1.964 (3.008)	62.50 (39.55)
[468/469]	0.0015 (0.0107)	0.0001 (0.0091)	1.716 (2.837)	71.88 (44.34)
 * Train Acc 44.337
 * Val Acc 74.460, Total time 0.94
Epoch:1
LR: 0.001
Itr		Time		  Data		  Loss		Acc
[0/469]	0.1352 (0.1352)	0.1302 (0.1302)	1.734 (1.734)	71.88 (71.88)
[100/469]	0.0063 (0.0117)	0.0039 (0.0102)	1.520 (1.647)	74.22 (73.69)
[200/469]	0.0019 (0.0110)	0.0005 (0.0094)	1.357 (1.561)	82.81 (74.46)
[300/469]	0.0071 (0.0108)	0.0053 (0.0092)	1.174 (1.479)	87.50 (75.65)
[400/469]	0.0267 (0.0107)	0.0250 (0.0091)	1.171 (1.409)	79.69 (76.39)
[468/469]	0.0015 (0.0106)	0.0001 (0.0090)	1.145 (1.366)	76.04 (76.85)
 * Train Acc 76.847
 * Val Acc 81.760, Total time 0.96
validation split name: 1
 * Val Acc 0.000, Total time 0.69
validation split name: 2
 * Val Acc 0.000, Total time 0.97
validation split name: 3
 * Val Acc 0.000, Total time 0.94
validation split name: 4
 * Val Acc 0.000, Total time 0.96
validation split name: 5
 * Val Acc 0.000, Total time 0.96
validation split name: 6
 * Val Acc 17.580, Total time 0.94
validation split name: 7
 * Val Acc 81.760, Total time 0.95
====================== 8 =======================
Incremental class: Old valid output dimension: 70
Incremental class: New Valid output dimension: 80
Epoch:0
LR: 0.001
Itr		Time		  Data		  Loss		Acc
[0/469]	0.1228 (0.1228)	0.1183 (0.1183)	5.402 (5.402)	0.00 (0.00)
[100/469]	0.0225 (0.0114)	0.0207 (0.0098)	3.715 (4.394)	0.00 (0.00)
[200/469]	0.0017 (0.0110)	0.0001 (0.0093)	2.777 (3.821)	47.66 (13.20)
[300/469]	0.0016 (0.0109)	0.0002 (0.0093)	2.183 (3.369)	65.62 (26.11)
[400/469]	0.0275 (0.0109)	0.0258 (0.0092)	1.932 (3.038)	63.28 (36.12)
[468/469]	0.0015 (0.0108)	0.0001 (0.0092)	1.800 (2.862)	70.83 (41.16)
 * Train Acc 41.160
 * Val Acc 72.540, Total time 0.95
Epoch:1
LR: 0.001
Itr		Time		  Data		  Loss		Acc
[0/469]	0.1253 (0.1253)	0.1207 (0.1207)	1.729 (1.729)	70.31 (70.31)
[100/469]	0.0264 (0.0117)	0.0246 (0.0101)	1.531 (1.656)	75.78 (73.06)
[200/469]	0.0025 (0.0109)	0.0009 (0.0093)	1.374 (1.572)	82.81 (73.95)
[300/469]	0.0026 (0.0107)	0.0009 (0.0091)	1.293 (1.496)	77.34 (74.84)
[400/469]	0.0264 (0.0106)	0.0247 (0.0090)	1.078 (1.424)	84.38 (75.77)
[468/469]	0.0015 (0.0105)	0.0001 (0.0089)	1.035 (1.382)	81.25 (76.31)
 * Train Acc 76.315
 * Val Acc 81.030, Total time 0.94
validation split name: 1
 * Val Acc 0.000, Total time 0.69
validation split name: 2
 * Val Acc 0.000, Total time 0.95
validation split name: 3
 * Val Acc 0.000, Total time 0.95
validation split name: 4
 * Val Acc 0.000, Total time 0.95
validation split name: 5
 * Val Acc 0.000, Total time 0.95
validation split name: 6
 * Val Acc 0.000, Total time 0.95
validation split name: 7
 * Val Acc 18.140, Total time 0.93
validation split name: 8
 * Val Acc 81.030, Total time 0.94
====================== 9 =======================
Incremental class: Old valid output dimension: 80
Incremental class: New Valid output dimension: 90
Epoch:0
LR: 0.001
Itr		Time		  Data		  Loss		Acc
[0/469]	0.1442 (0.1442)	0.1390 (0.1390)	5.728 (5.728)	0.00 (0.00)
[100/469]	0.0016 (0.0118)	0.0001 (0.0101)	3.972 (4.663)	0.00 (0.00)
[200/469]	0.0025 (0.0110)	0.0010 (0.0094)	3.051 (4.078)	35.94 (7.55)
[300/469]	0.0268 (0.0108)	0.0250 (0.0092)	2.292 (3.592)	57.81 (21.46)
[400/469]	0.0016 (0.0107)	0.0001 (0.0091)	1.969 (3.216)	67.19 (32.23)
[468/469]	0.0206 (0.0106)	0.0191 (0.0090)	1.774 (3.017)	79.17 (37.94)
 * Train Acc 37.937
 * Val Acc 74.770, Total time 1.00
Epoch:1
LR: 0.001
Itr		Time		  Data		  Loss		Acc
[0/469]	0.1236 (0.1236)	0.1188 (0.1188)	1.766 (1.766)	74.22 (74.22)
[100/469]	0.0016 (0.0115)	0.0001 (0.0099)	1.565 (1.659)	71.88 (73.89)
[200/469]	0.0016 (0.0111)	0.0002 (0.0094)	1.386 (1.570)	76.56 (74.98)
[300/469]	0.0016 (0.0108)	0.0001 (0.0092)	1.304 (1.491)	77.34 (75.86)
[400/469]	0.0281 (0.0108)	0.0265 (0.0092)	1.088 (1.419)	85.16 (76.69)
[468/469]	0.0015 (0.0107)	0.0001 (0.0091)	1.122 (1.374)	78.12 (77.28)
 * Train Acc 77.282
 * Val Acc 82.060, Total time 1.00
validation split name: 1
 * Val Acc 0.000, Total time 0.70
validation split name: 2
 * Val Acc 0.000, Total time 0.93
validation split name: 3
 * Val Acc 0.000, Total time 0.96
validation split name: 4
 * Val Acc 0.000, Total time 0.95
validation split name: 5
 * Val Acc 0.000, Total time 0.93
validation split name: 6
 * Val Acc 0.000, Total time 0.95
validation split name: 7
 * Val Acc 0.000, Total time 0.97
validation split name: 8
 * Val Acc 20.280, Total time 0.94
validation split name: 9
 * Val Acc 82.060, Total time 0.98
====================== 10 =======================
Incremental class: Old valid output dimension: 90
Incremental class: New Valid output dimension: 100
Epoch:0
LR: 0.001
Itr		Time		  Data		  Loss		Acc
[0/469]	0.1311 (0.1311)	0.1261 (0.1261)	5.967 (5.967)	0.00 (0.00)
[100/469]	0.0015 (0.0116)	0.0001 (0.0100)	3.946 (4.739)	0.00 (0.00)
[200/469]	0.0015 (0.0110)	0.0001 (0.0094)	2.930 (4.087)	39.06 (8.00)
[300/469]	0.0276 (0.0108)	0.0259 (0.0093)	2.203 (3.570)	64.84 (22.77)
[400/469]	0.0015 (0.0107)	0.0001 (0.0092)	1.907 (3.192)	72.66 (33.18)
[468/469]	0.0207 (0.0107)	0.0191 (0.0092)	1.716 (2.996)	80.21 (38.49)
 * Train Acc 38.493
 * Val Acc 72.930, Total time 0.94
Epoch:1
LR: 0.001
Itr		Time		  Data		  Loss		Acc
[0/469]	0.1387 (0.1387)	0.1334 (0.1334)	1.772 (1.772)	71.88 (71.88)
[100/469]	0.0262 (0.0120)	0.0243 (0.0104)	1.535 (1.657)	78.91 (73.36)
[200/469]	0.0017 (0.0111)	0.0001 (0.0095)	1.496 (1.574)	75.78 (74.26)
[300/469]	0.0067 (0.0108)	0.0052 (0.0093)	1.292 (1.497)	73.44 (75.17)
[400/469]	0.0187 (0.0107)	0.0173 (0.0092)	1.192 (1.425)	75.78 (76.13)
[468/469]	0.0025 (0.0106)	0.0011 (0.0091)	0.997 (1.383)	84.38 (76.57)
 * Train Acc 76.567
 * Val Acc 81.220, Total time 0.96
validation split name: 1
 * Val Acc 0.000, Total time 0.69
validation split name: 2
 * Val Acc 0.000, Total time 0.96
validation split name: 3
 * Val Acc 0.000, Total time 0.96
validation split name: 4
 * Val Acc 0.000, Total time 0.95
validation split name: 5
 * Val Acc 0.000, Total time 0.96
validation split name: 6
 * Val Acc 0.000, Total time 0.93
validation split name: 7
 * Val Acc 0.000, Total time 0.93
validation split name: 8
 * Val Acc 0.000, Total time 0.95
validation split name: 9
 * Val Acc 22.180, Total time 0.96
validation split name: 10
 * Val Acc 81.220, Total time 0.93
OrderedDict([('1', OrderedDict([('1', 77.0), ('2', 2.94), ('3', 0.0), ('4', 0.0), ('5', 0.0), ('6', 0.0), ('7', 0.0), ('8', 0.0), ('9', 0.0), ('10', 0.0)])), ('2', OrderedDict([('2', 77.93), ('3', 10.71), ('4', 0.0), ('5', 0.0), ('6', 0.0), ('7', 0.0), ('8', 0.0), ('9', 0.0), ('10', 0.0)])), ('3', OrderedDict([('3', 78.62), ('4', 6.66), ('5', 0.0), ('6', 0.0), ('7', 0.0), ('8', 0.0), ('9', 0.0), ('10', 0.0)])), ('4', OrderedDict([('4', 80.16), ('5', 5.03), ('6', 0.0), ('7', 0.0), ('8', 0.0), ('9', 0.0), ('10', 0.0)])), ('5', OrderedDict([('5', 80.18), ('6', 10.16), ('7', 0.0), ('8', 0.0), ('9', 0.0), ('10', 0.0)])), ('6', OrderedDict([('6', 82.05), ('7', 17.58), ('8', 0.0), ('9', 0.0), ('10', 0.0)])), ('7', OrderedDict([('7', 81.76), ('8', 18.14), ('9', 0.0), ('10', 0.0)])), ('8', OrderedDict([('8', 81.03), ('9', 20.28), ('10', 0.0)])), ('9', OrderedDict([('9', 82.06), ('10', 22.18)])), ('10', OrderedDict([('10', 81.22)]))])
Task 1 average acc: 77.0
Task 2 average acc: 40.435
Task 3 average acc: 29.77666666666667
Task 4 average acc: 21.705
Task 5 average acc: 17.042
Task 6 average acc: 15.368333333333332
Task 7 average acc: 14.191428571428572
Task 8 average acc: 12.39625
Task 9 average acc: 11.371111111111112
Task 10 average acc: 10.34
===Summary of experiment repeats: 2 / 5 ===
The regularization coefficient: 0.0
The last avg acc of all repeats: [ 9.291 10.34   0.     0.     0.   ]
mean: 3.9262 std: 4.820021759286985
MLP(
  (linear): Sequential(
    (0): Linear(in_features=1024, out_features=1000, bias=True)
    (1): ReLU(inplace=True)
    (2): Linear(in_features=1000, out_features=1000, bias=True)
    (3): ReLU(inplace=True)
  )
  (last): ModuleDict(
    (All): Linear(in_features=1000, out_features=100, bias=True)
  )
)
#parameter of model: 2126100
Task order: ['1', '2', '3', '4', '5', '6', '7', '8', '9', '10']
====================== 1 =======================
Incremental class: Old valid output dimension: ALL
Incremental class: New Valid output dimension: 10
Epoch:0
LR: 0.001
Itr		Time		  Data		  Loss		Acc
[0/469]	0.1275 (0.1275)	0.1204 (0.1204)	2.310 (2.310)	3.91 (3.91)
[100/469]	0.0015 (0.0088)	0.0001 (0.0070)	2.233 (2.276)	3.91 (2.82)
[200/469]	0.0185 (0.0081)	0.0168 (0.0065)	2.178 (2.243)	14.84 (5.00)
[300/469]	0.0016 (0.0078)	0.0002 (0.0062)	2.112 (2.210)	43.75 (12.37)
[400/469]	0.0016 (0.0077)	0.0002 (0.0061)	2.052 (2.176)	47.66 (20.46)
[468/469]	0.0015 (0.0077)	0.0001 (0.0061)	1.990 (2.152)	51.04 (25.29)
 * Train Acc 25.288
 * Val Acc 59.840, Total time 0.70
Epoch:1
LR: 0.001
Itr		Time		  Data		  Loss		Acc
[0/469]	0.1320 (0.1320)	0.1263 (0.1263)	1.970 (1.970)	60.94 (60.94)
[100/469]	0.0072 (0.0085)	0.0054 (0.0068)	1.875 (1.941)	71.09 (61.70)
[200/469]	0.0139 (0.0079)	0.0121 (0.0063)	1.792 (1.897)	71.09 (64.79)
[300/469]	0.0016 (0.0077)	0.0001 (0.0061)	1.681 (1.846)	73.44 (67.11)
[400/469]	0.0016 (0.0077)	0.0002 (0.0060)	1.527 (1.794)	77.34 (68.86)
[468/469]	0.0015 (0.0076)	0.0001 (0.0060)	1.539 (1.758)	79.17 (69.76)
 * Train Acc 69.762
 * Val Acc 77.020, Total time 0.69
validation split name: 1
 * Val Acc 77.020, Total time 0.69
====================== 2 =======================
Incremental class: Old valid output dimension: 10
Incremental class: New Valid output dimension: 20
Epoch:0
LR: 0.001
Itr		Time		  Data		  Loss		Acc
[0/469]	0.1246 (0.1246)	0.1200 (0.1200)	2.998 (2.998)	0.78 (0.78)
[100/469]	0.0102 (0.0115)	0.0087 (0.0100)	2.750 (2.869)	25.78 (11.77)
[200/469]	0.0016 (0.0109)	0.0002 (0.0094)	2.523 (2.753)	46.09 (25.41)
[300/469]	0.0177 (0.0108)	0.0162 (0.0093)	2.324 (2.642)	63.28 (35.22)
[400/469]	0.0111 (0.0107)	0.0095 (0.0092)	2.134 (2.538)	60.16 (43.06)
[468/469]	0.0112 (0.0106)	0.0093 (0.0092)	2.008 (2.471)	69.79 (46.92)
 * Train Acc 46.918
 * Val Acc 71.740, Total time 0.95
Epoch:1
LR: 0.001
Itr		Time		  Data		  Loss		Acc
[0/469]	0.1265 (0.1265)	0.1217 (0.1217)	1.969 (1.969)	79.69 (79.69)
[100/469]	0.0271 (0.0118)	0.0256 (0.0101)	1.861 (1.933)	76.56 (72.25)
[200/469]	0.0017 (0.0111)	0.0001 (0.0095)	1.704 (1.853)	78.12 (73.14)
[300/469]	0.0025 (0.0109)	0.0010 (0.0093)	1.505 (1.776)	79.69 (73.82)
[400/469]	0.0165 (0.0108)	0.0150 (0.0093)	1.352 (1.702)	84.38 (74.32)
[468/469]	0.0020 (0.0108)	0.0006 (0.0092)	1.287 (1.654)	78.12 (74.67)
 * Train Acc 74.675
 * Val Acc 78.960, Total time 0.97
validation split name: 1
 * Val Acc 0.820, Total time 0.71
validation split name: 2
 * Val Acc 78.960, Total time 0.95
====================== 3 =======================
Incremental class: Old valid output dimension: 20
Incremental class: New Valid output dimension: 30
Epoch:0
LR: 0.001
Itr		Time		  Data		  Loss		Acc
[0/469]	0.1305 (0.1305)	0.1255 (0.1255)	3.562 (3.562)	0.00 (0.00)
[100/469]	0.0015 (0.0115)	0.0001 (0.0099)	3.106 (3.317)	10.94 (1.53)
[200/469]	0.0016 (0.0109)	0.0001 (0.0094)	2.716 (3.113)	52.34 (21.11)
[300/469]	0.0277 (0.0108)	0.0261 (0.0092)	2.388 (2.925)	59.38 (32.80)
[400/469]	0.0029 (0.0106)	0.0012 (0.0091)	2.113 (2.758)	67.19 (40.34)
[468/469]	0.0151 (0.0106)	0.0134 (0.0090)	1.966 (2.654)	71.88 (44.50)
 * Train Acc 44.500
 * Val Acc 70.380, Total time 0.98
Epoch:1
LR: 0.001
Itr		Time		  Data		  Loss		Acc
[0/469]	0.1428 (0.1428)	0.1383 (0.1383)	1.967 (1.967)	70.31 (70.31)
[100/469]	0.0016 (0.0120)	0.0001 (0.0104)	1.782 (1.881)	71.09 (71.61)
[200/469]	0.0016 (0.0111)	0.0001 (0.0095)	1.675 (1.793)	67.97 (72.99)
[300/469]	0.0279 (0.0109)	0.0262 (0.0094)	1.436 (1.712)	78.12 (73.69)
[400/469]	0.0016 (0.0108)	0.0001 (0.0092)	1.381 (1.635)	80.47 (74.54)
[468/469]	0.0201 (0.0107)	0.0186 (0.0092)	1.248 (1.585)	80.21 (75.07)
 * Train Acc 75.070
 * Val Acc 79.490, Total time 0.96
validation split name: 1
 * Val Acc 0.000, Total time 0.70
validation split name: 2
 * Val Acc 4.690, Total time 0.95
validation split name: 3
 * Val Acc 79.490, Total time 0.94
====================== 4 =======================
Incremental class: Old valid output dimension: 30
Incremental class: New Valid output dimension: 40
Epoch:0
LR: 0.001
Itr		Time		  Data		  Loss		Acc
[0/469]	0.1271 (0.1271)	0.1221 (0.1221)	4.014 (4.014)	0.00 (0.00)
[100/469]	0.0017 (0.0115)	0.0002 (0.0099)	3.314 (3.628)	2.34 (0.09)
[200/469]	0.0015 (0.0109)	0.0001 (0.0093)	2.820 (3.347)	52.34 (14.73)
[300/469]	0.0261 (0.0108)	0.0244 (0.0092)	2.374 (3.101)	67.97 (27.93)
[400/469]	0.0033 (0.0107)	0.0016 (0.0091)	2.097 (2.888)	72.66 (37.55)
[468/469]	0.0194 (0.0107)	0.0180 (0.0091)	2.021 (2.763)	64.58 (42.40)
 * Train Acc 42.395
 * Val Acc 72.490, Total time 0.95
Epoch:1
LR: 0.001
Itr		Time		  Data		  Loss		Acc
[0/469]	0.1277 (0.1277)	0.1234 (0.1234)	1.949 (1.949)	75.00 (75.00)
[100/469]	0.0283 (0.0123)	0.0265 (0.0106)	1.767 (1.856)	71.88 (72.27)
[200/469]	0.0024 (0.0115)	0.0002 (0.0098)	1.571 (1.764)	74.22 (73.11)
[300/469]	0.0016 (0.0112)	0.0002 (0.0095)	1.403 (1.680)	75.00 (73.99)
[400/469]	0.0287 (0.0111)	0.0270 (0.0094)	1.273 (1.603)	75.78 (74.63)
[468/469]	0.0015 (0.0110)	0.0001 (0.0093)	1.195 (1.555)	78.12 (75.15)
 * Train Acc 75.152
 * Val Acc 79.520, Total time 0.94
validation split name: 1
 * Val Acc 0.000, Total time 0.77
validation split name: 2
 * Val Acc 0.000, Total time 0.95
validation split name: 3
 * Val Acc 17.810, Total time 0.95
validation split name: 4
 * Val Acc 79.520, Total time 0.96
====================== 5 =======================
Incremental class: Old valid output dimension: 40
Incremental class: New Valid output dimension: 50
Epoch:0
LR: 0.001
Itr		Time		  Data		  Loss		Acc
[0/469]	0.1261 (0.1261)	0.1215 (0.1215)	4.610 (4.610)	0.00 (0.00)
[100/469]	0.0016 (0.0118)	0.0001 (0.0102)	3.494 (3.956)	0.00 (0.00)
[200/469]	0.0017 (0.0112)	0.0001 (0.0096)	2.835 (3.559)	57.03 (12.47)
[300/469]	0.0278 (0.0109)	0.0261 (0.0094)	2.336 (3.229)	62.50 (27.29)
[400/469]	0.0016 (0.0108)	0.0001 (0.0092)	1.990 (2.961)	72.66 (36.72)
[468/469]	0.0202 (0.0107)	0.0186 (0.0092)	1.870 (2.812)	70.83 (41.46)
 * Train Acc 41.463
 * Val Acc 72.180, Total time 0.95
Epoch:1
LR: 0.001
Itr		Time		  Data		  Loss		Acc
[0/469]	0.1304 (0.1304)	0.1247 (0.1247)	1.880 (1.880)	67.19 (67.19)
[100/469]	0.0270 (0.0119)	0.0253 (0.0103)	1.673 (1.752)	77.34 (72.89)
[200/469]	0.0025 (0.0111)	0.0009 (0.0095)	1.445 (1.663)	75.00 (73.71)
[300/469]	0.0020 (0.0110)	0.0002 (0.0094)	1.385 (1.582)	77.34 (74.80)
[400/469]	0.0283 (0.0109)	0.0269 (0.0093)	1.251 (1.507)	78.12 (75.68)
[468/469]	0.0014 (0.0109)	0.0001 (0.0093)	1.116 (1.461)	83.33 (76.16)
 * Train Acc 76.160
 * Val Acc 80.720, Total time 0.94
validation split name: 1
 * Val Acc 0.000, Total time 0.70
validation split name: 2
 * Val Acc 0.000, Total time 0.93
validation split name: 3
 * Val Acc 0.000, Total time 0.94
validation split name: 4
 * Val Acc 5.170, Total time 0.94
validation split name: 5
 * Val Acc 80.720, Total time 0.99
====================== 6 =======================
Incremental class: Old valid output dimension: 50
Incremental class: New Valid output dimension: 60
Epoch:0
LR: 0.001
Itr		Time		  Data		  Loss		Acc
[0/469]	0.1259 (0.1259)	0.1207 (0.1207)	4.860 (4.860)	0.00 (0.00)
[100/469]	0.0016 (0.0113)	0.0002 (0.0096)	3.560 (4.102)	0.78 (0.02)
[200/469]	0.0115 (0.0108)	0.0098 (0.0091)	2.823 (3.632)	40.62 (11.82)
[300/469]	0.0123 (0.0107)	0.0105 (0.0090)	2.289 (3.261)	57.81 (25.51)
[400/469]	0.0017 (0.0106)	0.0001 (0.0089)	2.024 (2.976)	64.84 (35.93)
[468/469]	0.0015 (0.0105)	0.0001 (0.0089)	1.833 (2.823)	73.96 (40.87)
 * Train Acc 40.868
 * Val Acc 73.300, Total time 0.94
Epoch:1
LR: 0.001
Itr		Time		  Data		  Loss		Acc
[0/469]	0.1282 (0.1282)	0.1231 (0.1231)	1.822 (1.822)	77.34 (77.34)
[100/469]	0.0023 (0.0115)	0.0009 (0.0099)	1.677 (1.736)	73.44 (73.40)
[200/469]	0.0023 (0.0109)	0.0008 (0.0093)	1.489 (1.655)	78.91 (74.22)
[300/469]	0.0265 (0.0108)	0.0250 (0.0092)	1.339 (1.575)	82.03 (75.14)
[400/469]	0.0034 (0.0107)	0.0017 (0.0091)	1.175 (1.500)	79.69 (76.11)
[468/469]	0.0199 (0.0107)	0.0182 (0.0091)	1.151 (1.455)	79.17 (76.61)
 * Train Acc 76.608
 * Val Acc 81.090, Total time 0.94
validation split name: 1
 * Val Acc 0.000, Total time 0.75
validation split name: 2
 * Val Acc 0.000, Total time 0.96
validation split name: 3
 * Val Acc 0.000, Total time 0.99
validation split name: 4
 * Val Acc 0.000, Total time 0.94
validation split name: 5
 * Val Acc 10.050, Total time 0.95
validation split name: 6
 * Val Acc 81.090, Total time 0.95
====================== 7 =======================
Incremental class: Old valid output dimension: 60
Incremental class: New Valid output dimension: 70
Epoch:0
LR: 0.001
Itr		Time		  Data		  Loss		Acc
[0/469]	0.1268 (0.1268)	0.1216 (0.1216)	5.238 (5.238)	0.00 (0.00)
[100/469]	0.0016 (0.0116)	0.0002 (0.0099)	3.809 (4.355)	0.00 (0.00)
[200/469]	0.0292 (0.0112)	0.0272 (0.0095)	3.005 (3.864)	39.84 (10.22)
[300/469]	0.0019 (0.0110)	0.0001 (0.0093)	2.270 (3.451)	78.12 (26.32)
[400/469]	0.0017 (0.0108)	0.0001 (0.0091)	2.018 (3.123)	67.19 (37.28)
[468/469]	0.0015 (0.0108)	0.0001 (0.0091)	1.832 (2.945)	76.04 (42.34)
 * Train Acc 42.335
 * Val Acc 73.540, Total time 0.93
Epoch:1
LR: 0.001
Itr		Time		  Data		  Loss		Acc
[0/469]	0.1400 (0.1400)	0.1355 (0.1355)	1.800 (1.800)	68.75 (68.75)
[100/469]	0.0016 (0.0120)	0.0001 (0.0104)	1.551 (1.715)	82.03 (73.71)
[200/469]	0.0016 (0.0112)	0.0001 (0.0096)	1.390 (1.623)	78.91 (75.03)
[300/469]	0.0269 (0.0109)	0.0252 (0.0094)	1.258 (1.540)	82.03 (75.88)
[400/469]	0.0016 (0.0108)	0.0001 (0.0092)	1.194 (1.466)	76.56 (76.67)
[468/469]	0.0196 (0.0107)	0.0181 (0.0091)	1.122 (1.419)	79.17 (77.01)
 * Train Acc 77.008
 * Val Acc 80.130, Total time 0.93
validation split name: 1
 * Val Acc 0.000, Total time 0.70
validation split name: 2
 * Val Acc 0.000, Total time 0.97
validation split name: 3
 * Val Acc 0.000, Total time 0.94
validation split name: 4
 * Val Acc 0.000, Total time 0.94
validation split name: 5
 * Val Acc 0.120, Total time 0.93
validation split name: 6
 * Val Acc 14.850, Total time 0.95
validation split name: 7
 * Val Acc 80.130, Total time 0.96
====================== 8 =======================
Incremental class: Old valid output dimension: 70
Incremental class: New Valid output dimension: 80
Epoch:0
LR: 0.001
Itr		Time		  Data		  Loss		Acc
[0/469]	0.1253 (0.1253)	0.1202 (0.1202)	5.486 (5.486)	0.00 (0.00)
[100/469]	0.0016 (0.0117)	0.0001 (0.0100)	3.783 (4.440)	0.00 (0.00)
[200/469]	0.0026 (0.0111)	0.0009 (0.0094)	2.912 (3.893)	48.44 (10.86)
[300/469]	0.0278 (0.0109)	0.0260 (0.0093)	2.250 (3.449)	67.97 (26.95)
[400/469]	0.0016 (0.0107)	0.0001 (0.0091)	1.979 (3.115)	67.19 (37.23)
[468/469]	0.0191 (0.0107)	0.0177 (0.0091)	1.829 (2.936)	72.92 (42.14)
 * Train Acc 42.142
 * Val Acc 73.050, Total time 0.93
Epoch:1
LR: 0.001
Itr		Time		  Data		  Loss		Acc
[0/469]	0.1256 (0.1256)	0.1207 (0.1207)	1.875 (1.875)	63.28 (63.28)
[100/469]	0.0289 (0.0124)	0.0271 (0.0105)	1.624 (1.709)	76.56 (73.11)
[200/469]	0.0017 (0.0114)	0.0001 (0.0096)	1.533 (1.621)	69.53 (74.39)
[300/469]	0.0018 (0.0111)	0.0002 (0.0093)	1.340 (1.541)	73.44 (75.16)
[400/469]	0.0018 (0.0109)	0.0001 (0.0092)	1.155 (1.468)	78.12 (75.96)
[468/469]	0.0015 (0.0109)	0.0001 (0.0092)	1.154 (1.424)	73.96 (76.41)
 * Train Acc 76.413
 * Val Acc 80.620, Total time 0.94
validation split name: 1
 * Val Acc 0.000, Total time 0.72
validation split name: 2
 * Val Acc 0.000, Total time 0.95
validation split name: 3
 * Val Acc 0.000, Total time 0.93
validation split name: 4
 * Val Acc 0.000, Total time 0.94
validation split name: 5
 * Val Acc 0.000, Total time 0.95
validation split name: 6
 * Val Acc 0.130, Total time 0.93
validation split name: 7
 * Val Acc 15.080, Total time 0.94
validation split name: 8
 * Val Acc 80.620, Total time 0.95
====================== 9 =======================
Incremental class: Old valid output dimension: 80
Incremental class: New Valid output dimension: 90
Epoch:0
LR: 0.001
Itr		Time		  Data		  Loss		Acc
[0/469]	0.1410 (0.1410)	0.1361 (0.1361)	5.998 (5.998)	0.00 (0.00)
[100/469]	0.0016 (0.0121)	0.0001 (0.0104)	3.899 (4.701)	0.00 (0.00)
[200/469]	0.0017 (0.0112)	0.0002 (0.0096)	2.871 (4.038)	52.34 (10.76)
[300/469]	0.0282 (0.0110)	0.0264 (0.0094)	2.236 (3.527)	61.72 (25.56)
[400/469]	0.0016 (0.0108)	0.0001 (0.0092)	1.910 (3.156)	74.22 (35.77)
[468/469]	0.0205 (0.0108)	0.0191 (0.0092)	1.717 (2.963)	72.92 (40.76)
 * Train Acc 40.755
 * Val Acc 73.210, Total time 0.95
Epoch:1
LR: 0.001
Itr		Time		  Data		  Loss		Acc
[0/469]	0.1251 (0.1251)	0.1207 (0.1207)	1.695 (1.695)	72.66 (72.66)
[100/469]	0.0016 (0.0116)	0.0001 (0.0100)	1.563 (1.649)	67.19 (72.13)
[200/469]	0.0016 (0.0110)	0.0001 (0.0094)	1.414 (1.565)	80.47 (73.83)
[300/469]	0.0279 (0.0108)	0.0261 (0.0092)	1.282 (1.489)	78.91 (74.66)
[400/469]	0.0016 (0.0107)	0.0001 (0.0091)	1.169 (1.420)	71.09 (75.58)
[468/469]	0.0193 (0.0106)	0.0179 (0.0090)	1.194 (1.378)	73.96 (76.07)
 * Train Acc 76.073
 * Val Acc 80.770, Total time 0.94
validation split name: 1
 * Val Acc 0.000, Total time 0.70
validation split name: 2
 * Val Acc 0.000, Total time 0.95
validation split name: 3
 * Val Acc 0.000, Total time 0.94
validation split name: 4
 * Val Acc 0.000, Total time 0.95
validation split name: 5
 * Val Acc 0.000, Total time 0.94
validation split name: 6
 * Val Acc 0.000, Total time 0.94
validation split name: 7
 * Val Acc 0.000, Total time 0.94
validation split name: 8
 * Val Acc 5.180, Total time 0.95
validation split name: 9
 * Val Acc 80.770, Total time 0.95
====================== 10 =======================
Incremental class: Old valid output dimension: 90
Incremental class: New Valid output dimension: 100
Epoch:0
LR: 0.001
Itr		Time		  Data		  Loss		Acc
[0/469]	0.1267 (0.1267)	0.1217 (0.1217)	5.843 (5.843)	0.00 (0.00)
[100/469]	0.0278 (0.0117)	0.0261 (0.0102)	4.039 (4.729)	0.00 (0.00)
[200/469]	0.0015 (0.0109)	0.0001 (0.0094)	3.060 (4.142)	46.09 (8.13)
[300/469]	0.0026 (0.0107)	0.0010 (0.0092)	2.268 (3.642)	62.50 (23.56)
[400/469]	0.0261 (0.0106)	0.0245 (0.0091)	1.961 (3.257)	66.41 (34.42)
[468/469]	0.0015 (0.0105)	0.0001 (0.0090)	1.770 (3.054)	76.04 (39.75)
 * Train Acc 39.748
 * Val Acc 73.560, Total time 0.94
Epoch:1
LR: 0.001
Itr		Time		  Data		  Loss		Acc
[0/469]	0.1381 (0.1381)	0.1337 (0.1337)	1.761 (1.761)	70.31 (70.31)
[100/469]	0.0232 (0.0122)	0.0215 (0.0106)	1.647 (1.678)	69.53 (73.21)
[200/469]	0.0016 (0.0113)	0.0001 (0.0097)	1.423 (1.592)	79.69 (74.24)
[300/469]	0.0016 (0.0110)	0.0001 (0.0094)	1.231 (1.513)	79.69 (75.22)
[400/469]	0.0281 (0.0109)	0.0264 (0.0093)	1.172 (1.441)	80.47 (76.16)
[468/469]	0.0015 (0.0108)	0.0001 (0.0092)	1.122 (1.395)	82.29 (76.79)
 * Train Acc 76.793
 * Val Acc 81.390, Total time 0.97
validation split name: 1
 * Val Acc 0.000, Total time 0.70
validation split name: 2
 * Val Acc 0.000, Total time 0.95
validation split name: 3
 * Val Acc 0.000, Total time 0.99
validation split name: 4
 * Val Acc 0.000, Total time 0.94
validation split name: 5
 * Val Acc 0.000, Total time 0.94
validation split name: 6
 * Val Acc 0.000, Total time 0.95
validation split name: 7
 * Val Acc 0.000, Total time 0.94
validation split name: 8
 * Val Acc 0.090, Total time 0.94
validation split name: 9
 * Val Acc 8.870, Total time 1.01
validation split name: 10
 * Val Acc 81.390, Total time 0.95
OrderedDict([('1', OrderedDict([('1', 77.02), ('2', 0.82), ('3', 0.0), ('4', 0.0), ('5', 0.0), ('6', 0.0), ('7', 0.0), ('8', 0.0), ('9', 0.0), ('10', 0.0)])), ('2', OrderedDict([('2', 78.96), ('3', 4.69), ('4', 0.0), ('5', 0.0), ('6', 0.0), ('7', 0.0), ('8', 0.0), ('9', 0.0), ('10', 0.0)])), ('3', OrderedDict([('3', 79.49), ('4', 17.81), ('5', 0.0), ('6', 0.0), ('7', 0.0), ('8', 0.0), ('9', 0.0), ('10', 0.0)])), ('4', OrderedDict([('4', 79.52), ('5', 5.17), ('6', 0.0), ('7', 0.0), ('8', 0.0), ('9', 0.0), ('10', 0.0)])), ('5', OrderedDict([('5', 80.72), ('6', 10.05), ('7', 0.12), ('8', 0.0), ('9', 0.0), ('10', 0.0)])), ('6', OrderedDict([('6', 81.09), ('7', 14.85), ('8', 0.13), ('9', 0.0), ('10', 0.0)])), ('7', OrderedDict([('7', 80.13), ('8', 15.08), ('9', 0.0), ('10', 0.0)])), ('8', OrderedDict([('8', 80.62), ('9', 5.18), ('10', 0.09)])), ('9', OrderedDict([('9', 80.77), ('10', 8.87)])), ('10', OrderedDict([('10', 81.39)]))])
Task 1 average acc: 77.02
Task 2 average acc: 39.88999999999999
Task 3 average acc: 28.06
Task 4 average acc: 24.3325
Task 5 average acc: 17.178
Task 6 average acc: 15.19
Task 7 average acc: 13.585714285714285
Task 8 average acc: 11.978750000000002
Task 9 average acc: 9.549999999999999
Task 10 average acc: 9.035
===Summary of experiment repeats: 3 / 5 ===
The regularization coefficient: 0.0
The last avg acc of all repeats: [ 9.291 10.34   9.035  0.     0.   ]
mean: 5.7332 std: 4.7015230468434375
MLP(
  (linear): Sequential(
    (0): Linear(in_features=1024, out_features=1000, bias=True)
    (1): ReLU(inplace=True)
    (2): Linear(in_features=1000, out_features=1000, bias=True)
    (3): ReLU(inplace=True)
  )
  (last): ModuleDict(
    (All): Linear(in_features=1000, out_features=100, bias=True)
  )
)
#parameter of model: 2126100
Task order: ['1', '2', '3', '4', '5', '6', '7', '8', '9', '10']
====================== 1 =======================
Incremental class: Old valid output dimension: ALL
Incremental class: New Valid output dimension: 10
Epoch:0
LR: 0.001
Itr		Time		  Data		  Loss		Acc
[0/469]	0.1256 (0.1256)	0.1178 (0.1178)	2.317 (2.317)	0.78 (0.78)
[100/469]	0.0016 (0.0083)	0.0001 (0.0067)	2.241 (2.277)	2.34 (1.49)
[200/469]	0.0016 (0.0077)	0.0001 (0.0061)	2.182 (2.244)	21.88 (5.70)
[300/469]	0.0168 (0.0076)	0.0153 (0.0060)	2.111 (2.211)	41.41 (13.74)
[400/469]	0.0016 (0.0074)	0.0001 (0.0059)	2.031 (2.175)	50.00 (21.27)
[468/469]	0.0126 (0.0074)	0.0111 (0.0058)	1.998 (2.151)	54.17 (26.01)
 * Train Acc 26.012
 * Val Acc 60.080, Total time 0.69
Epoch:1
LR: 0.001
Itr		Time		  Data		  Loss		Acc
[0/469]	0.1184 (0.1184)	0.1136 (0.1136)	1.930 (1.930)	68.75 (68.75)
[100/469]	0.0016 (0.0082)	0.0001 (0.0066)	1.922 (1.933)	58.59 (62.23)
[200/469]	0.0016 (0.0077)	0.0001 (0.0061)	1.772 (1.883)	73.44 (66.10)
[300/469]	0.0169 (0.0076)	0.0151 (0.0060)	1.637 (1.834)	75.78 (67.86)
[400/469]	0.0016 (0.0075)	0.0001 (0.0059)	1.505 (1.780)	75.78 (69.34)
[468/469]	0.0132 (0.0074)	0.0116 (0.0058)	1.472 (1.743)	77.08 (70.16)
 * Train Acc 70.158
 * Val Acc 75.950, Total time 0.70
validation split name: 1
 * Val Acc 75.950, Total time 0.69
====================== 2 =======================
Incremental class: Old valid output dimension: 10
Incremental class: New Valid output dimension: 20
Epoch:0
LR: 0.001
Itr		Time		  Data		  Loss		Acc
[0/469]	0.1275 (0.1275)	0.1223 (0.1223)	3.026 (3.026)	0.00 (0.00)
[100/469]	0.0240 (0.0119)	0.0225 (0.0102)	2.780 (2.900)	24.22 (6.62)
[200/469]	0.0085 (0.0111)	0.0070 (0.0094)	2.557 (2.784)	50.78 (24.32)
[300/469]	0.0280 (0.0109)	0.0262 (0.0093)	2.331 (2.672)	64.84 (35.94)
[400/469]	0.0271 (0.0108)	0.0254 (0.0092)	2.172 (2.566)	67.19 (43.40)
[468/469]	0.0015 (0.0107)	0.0001 (0.0091)	2.006 (2.497)	75.00 (47.31)
 * Train Acc 47.315
 * Val Acc 72.710, Total time 0.96
Epoch:1
LR: 0.001
Itr		Time		  Data		  Loss		Acc
[0/469]	0.1286 (0.1286)	0.1240 (0.1240)	1.989 (1.989)	79.69 (79.69)
[100/469]	0.0226 (0.0117)	0.0208 (0.0099)	1.834 (1.940)	72.66 (72.45)
[200/469]	0.0016 (0.0111)	0.0001 (0.0094)	1.731 (1.861)	70.31 (72.78)
[300/469]	0.0016 (0.0108)	0.0001 (0.0092)	1.612 (1.785)	70.31 (73.19)
[400/469]	0.0275 (0.0107)	0.0257 (0.0091)	1.358 (1.711)	82.81 (73.73)
[468/469]	0.0015 (0.0106)	0.0001 (0.0090)	1.376 (1.662)	72.92 (74.12)
 * Train Acc 74.120
 * Val Acc 78.500, Total time 0.96
validation split name: 1
 * Val Acc 3.020, Total time 0.70
validation split name: 2
 * Val Acc 78.500, Total time 0.95
====================== 3 =======================
Incremental class: Old valid output dimension: 20
Incremental class: New Valid output dimension: 30
Epoch:0
LR: 0.001
Itr		Time		  Data		  Loss		Acc
[0/469]	0.1308 (0.1308)	0.1255 (0.1255)	3.570 (3.570)	0.00 (0.00)
[100/469]	0.0078 (0.0117)	0.0060 (0.0099)	3.046 (3.290)	16.41 (1.41)
[200/469]	0.0019 (0.0110)	0.0005 (0.0093)	2.665 (3.074)	50.78 (18.02)
[300/469]	0.0234 (0.0109)	0.0216 (0.0092)	2.362 (2.882)	58.59 (29.51)
[400/469]	0.0060 (0.0107)	0.0043 (0.0091)	2.080 (2.715)	71.88 (38.43)
[468/469]	0.0169 (0.0107)	0.0155 (0.0090)	1.979 (2.615)	76.04 (43.04)
 * Train Acc 43.038
 * Val Acc 71.890, Total time 0.94
Epoch:1
LR: 0.001
Itr		Time		  Data		  Loss		Acc
[0/469]	0.1259 (0.1259)	0.1210 (0.1210)	1.948 (1.948)	73.44 (73.44)
[100/469]	0.0275 (0.0120)	0.0258 (0.0103)	1.744 (1.869)	76.56 (72.41)
[200/469]	0.0015 (0.0111)	0.0002 (0.0095)	1.549 (1.778)	75.78 (72.97)
[300/469]	0.0016 (0.0109)	0.0001 (0.0093)	1.451 (1.699)	78.12 (73.60)
[400/469]	0.0279 (0.0108)	0.0264 (0.0092)	1.275 (1.624)	81.25 (74.40)
[468/469]	0.0015 (0.0107)	0.0001 (0.0091)	1.286 (1.576)	72.92 (74.96)
 * Train Acc 74.962
 * Val Acc 79.750, Total time 0.94
validation split name: 1
 * Val Acc 0.000, Total time 0.68
validation split name: 2
 * Val Acc 4.090, Total time 0.94
validation split name: 3
 * Val Acc 79.750, Total time 0.95
====================== 4 =======================
Incremental class: Old valid output dimension: 30
Incremental class: New Valid output dimension: 40
Epoch:0
LR: 0.001
Itr		Time		  Data		  Loss		Acc
[0/469]	0.1397 (0.1397)	0.1348 (0.1348)	4.039 (4.039)	0.00 (0.00)
[100/469]	0.0015 (0.0119)	0.0001 (0.0103)	3.310 (3.611)	0.78 (0.04)
[200/469]	0.0016 (0.0111)	0.0001 (0.0095)	2.774 (3.326)	50.00 (14.70)
[300/469]	0.0016 (0.0109)	0.0001 (0.0093)	2.386 (3.077)	56.25 (27.12)
[400/469]	0.0279 (0.0109)	0.0262 (0.0093)	2.106 (2.864)	64.84 (35.85)
[468/469]	0.0015 (0.0108)	0.0001 (0.0092)	1.987 (2.741)	64.58 (40.55)
 * Train Acc 40.552
 * Val Acc 70.290, Total time 1.00
Epoch:1
LR: 0.001
Itr		Time		  Data		  Loss		Acc
[0/469]	0.1268 (0.1268)	0.1221 (0.1221)	1.998 (1.998)	74.22 (74.22)
[100/469]	0.0258 (0.0117)	0.0240 (0.0101)	1.750 (1.836)	71.88 (71.80)
[200/469]	0.0064 (0.0110)	0.0046 (0.0093)	1.622 (1.751)	75.00 (72.90)
[300/469]	0.0016 (0.0107)	0.0002 (0.0091)	1.401 (1.666)	82.03 (73.85)
[400/469]	0.0268 (0.0107)	0.0251 (0.0090)	1.259 (1.592)	78.91 (74.59)
[468/469]	0.0015 (0.0106)	0.0001 (0.0089)	1.213 (1.544)	83.33 (75.13)
 * Train Acc 75.128
 * Val Acc 80.450, Total time 0.95
validation split name: 1
 * Val Acc 0.000, Total time 0.71
validation split name: 2
 * Val Acc 0.000, Total time 0.93
validation split name: 3
 * Val Acc 4.060, Total time 0.94
validation split name: 4
 * Val Acc 80.450, Total time 0.96
====================== 5 =======================
Incremental class: Old valid output dimension: 40
Incremental class: New Valid output dimension: 50
Epoch:0
LR: 0.001
Itr		Time		  Data		  Loss		Acc
[0/469]	0.1241 (0.1241)	0.1189 (0.1189)	4.461 (4.461)	0.00 (0.00)
[100/469]	0.0016 (0.0114)	0.0002 (0.0097)	3.393 (3.848)	0.78 (0.01)
[200/469]	0.0101 (0.0109)	0.0083 (0.0092)	2.719 (3.456)	59.38 (16.43)
[300/469]	0.0132 (0.0107)	0.0115 (0.0090)	2.292 (3.137)	68.75 (30.95)
[400/469]	0.0015 (0.0106)	0.0001 (0.0089)	2.033 (2.883)	67.97 (40.69)
[468/469]	0.0088 (0.0105)	0.0071 (0.0089)	1.819 (2.742)	70.83 (45.26)
 * Train Acc 45.260
 * Val Acc 72.710, Total time 0.94
Epoch:1
LR: 0.001
Itr		Time		  Data		  Loss		Acc
[0/469]	0.1261 (0.1261)	0.1219 (0.1219)	1.845 (1.845)	75.78 (75.78)
[100/469]	0.0082 (0.0114)	0.0067 (0.0099)	1.627 (1.733)	76.56 (72.95)
[200/469]	0.0142 (0.0109)	0.0127 (0.0095)	1.560 (1.649)	70.31 (74.32)
[300/469]	0.0015 (0.0107)	0.0002 (0.0093)	1.392 (1.567)	72.66 (75.16)
[400/469]	0.0081 (0.0107)	0.0065 (0.0092)	1.225 (1.496)	82.03 (75.85)
[468/469]	0.0015 (0.0106)	0.0001 (0.0092)	1.166 (1.450)	80.21 (76.40)
 * Train Acc 76.403
 * Val Acc 80.970, Total time 0.93
validation split name: 1
 * Val Acc 0.000, Total time 0.75
validation split name: 2
 * Val Acc 0.000, Total time 0.94
validation split name: 3
 * Val Acc 0.000, Total time 0.95
validation split name: 4
 * Val Acc 13.160, Total time 0.95
validation split name: 5
 * Val Acc 80.970, Total time 0.96
====================== 6 =======================
Incremental class: Old valid output dimension: 50
Incremental class: New Valid output dimension: 60
Epoch:0
LR: 0.001
Itr		Time		  Data		  Loss		Acc
[0/469]	0.1382 (0.1382)	0.1333 (0.1333)	4.889 (4.889)	0.00 (0.00)
[100/469]	0.0016 (0.0120)	0.0001 (0.0104)	3.645 (4.163)	0.00 (0.00)
[200/469]	0.0025 (0.0111)	0.0008 (0.0095)	2.944 (3.725)	46.88 (10.69)
[300/469]	0.0265 (0.0109)	0.0247 (0.0093)	2.341 (3.358)	71.09 (26.73)
[400/469]	0.0021 (0.0107)	0.0002 (0.0091)	2.008 (3.059)	70.31 (37.42)
[468/469]	0.0203 (0.0107)	0.0188 (0.0091)	1.835 (2.894)	72.92 (42.40)
 * Train Acc 42.400
 * Val Acc 74.510, Total time 0.95
Epoch:1
LR: 0.001
Itr		Time		  Data		  Loss		Acc
[0/469]	0.1304 (0.1304)	0.1256 (0.1256)	1.755 (1.755)	82.03 (82.03)
[100/469]	0.0017 (0.0113)	0.0001 (0.0097)	1.654 (1.738)	71.09 (73.27)
[200/469]	0.0016 (0.0108)	0.0002 (0.0092)	1.501 (1.647)	71.09 (74.06)
[300/469]	0.0278 (0.0106)	0.0260 (0.0091)	1.310 (1.567)	76.56 (74.74)
[400/469]	0.0016 (0.0105)	0.0001 (0.0090)	1.248 (1.491)	75.78 (75.65)
[468/469]	0.0199 (0.0105)	0.0185 (0.0089)	1.228 (1.444)	75.00 (76.11)
 * Train Acc 76.105
 * Val Acc 81.000, Total time 0.96
validation split name: 1
 * Val Acc 0.000, Total time 0.69
validation split name: 2
 * Val Acc 0.000, Total time 0.95
validation split name: 3
 * Val Acc 0.000, Total time 0.94
validation split name: 4
 * Val Acc 0.000, Total time 0.94
validation split name: 5
 * Val Acc 25.580, Total time 0.94
validation split name: 6
 * Val Acc 81.000, Total time 0.93
====================== 7 =======================
Incremental class: Old valid output dimension: 60
Incremental class: New Valid output dimension: 70
Epoch:0
LR: 0.001
Itr		Time		  Data		  Loss		Acc
[0/469]	0.1282 (0.1282)	0.1230 (0.1230)	5.197 (5.197)	0.00 (0.00)
[100/469]	0.0268 (0.0120)	0.0252 (0.0104)	3.793 (4.340)	0.00 (0.00)
[200/469]	0.0016 (0.0112)	0.0001 (0.0096)	2.974 (3.845)	47.66 (10.04)
[300/469]	0.0017 (0.0109)	0.0001 (0.0093)	2.370 (3.435)	62.50 (25.10)
[400/469]	0.0277 (0.0108)	0.0260 (0.0092)	1.922 (3.115)	76.56 (35.45)
[468/469]	0.0015 (0.0107)	0.0001 (0.0091)	1.851 (2.941)	71.88 (40.36)
 * Train Acc 40.362
 * Val Acc 73.460, Total time 0.97
Epoch:1
LR: 0.001
Itr		Time		  Data		  Loss		Acc
[0/469]	0.1290 (0.1290)	0.1243 (0.1243)	1.828 (1.828)	67.97 (67.97)
[100/469]	0.0016 (0.0118)	0.0001 (0.0102)	1.673 (1.737)	70.31 (73.34)
[200/469]	0.0018 (0.0112)	0.0001 (0.0096)	1.492 (1.649)	71.88 (74.39)
[300/469]	0.0281 (0.0110)	0.0264 (0.0094)	1.348 (1.570)	76.56 (74.98)
[400/469]	0.0016 (0.0108)	0.0001 (0.0093)	1.168 (1.497)	85.16 (75.89)
[468/469]	0.0208 (0.0107)	0.0191 (0.0092)	1.232 (1.450)	75.00 (76.52)
 * Train Acc 76.523
 * Val Acc 82.040, Total time 0.94
validation split name: 1
 * Val Acc 0.000, Total time 0.70
validation split name: 2
 * Val Acc 0.000, Total time 0.96
validation split name: 3
 * Val Acc 0.000, Total time 0.95
validation split name: 4
 * Val Acc 0.000, Total time 0.95
validation split name: 5
 * Val Acc 0.050, Total time 0.94
validation split name: 6
 * Val Acc 35.340, Total time 0.94
validation split name: 7
 * Val Acc 82.040, Total time 0.94
====================== 8 =======================
Incremental class: Old valid output dimension: 70
Incremental class: New Valid output dimension: 80
Epoch:0
LR: 0.001
Itr		Time		  Data		  Loss		Acc
[0/469]	0.1374 (0.1374)	0.1327 (0.1327)	5.528 (5.528)	0.00 (0.00)
[100/469]	0.0019 (0.0121)	0.0001 (0.0105)	3.666 (4.370)	0.00 (0.00)
[200/469]	0.0016 (0.0112)	0.0001 (0.0096)	2.684 (3.752)	46.88 (14.81)
[300/469]	0.0276 (0.0110)	0.0259 (0.0094)	2.134 (3.297)	62.50 (29.20)
[400/469]	0.0016 (0.0108)	0.0001 (0.0092)	1.864 (2.972)	74.22 (38.45)
[468/469]	0.0203 (0.0107)	0.0189 (0.0092)	1.775 (2.801)	64.58 (42.90)
 * Train Acc 42.902
 * Val Acc 72.090, Total time 0.94
Epoch:1
LR: 0.001
Itr		Time		  Data		  Loss		Acc
[0/469]	0.1266 (0.1266)	0.1215 (0.1215)	1.656 (1.656)	77.34 (77.34)
[100/469]	0.0128 (0.0115)	0.0110 (0.0099)	1.524 (1.623)	71.09 (72.28)
[200/469]	0.0016 (0.0109)	0.0002 (0.0092)	1.419 (1.547)	75.78 (73.36)
[300/469]	0.0114 (0.0107)	0.0096 (0.0091)	1.184 (1.472)	75.78 (74.29)
[400/469]	0.0232 (0.0106)	0.0214 (0.0090)	1.206 (1.406)	74.22 (75.13)
[468/469]	0.0015 (0.0106)	0.0001 (0.0089)	1.149 (1.362)	75.00 (75.68)
 * Train Acc 75.680
 * Val Acc 80.430, Total time 0.95
validation split name: 1
 * Val Acc 0.000, Total time 0.69
validation split name: 2
 * Val Acc 0.000, Total time 0.95
validation split name: 3
 * Val Acc 0.000, Total time 0.98
validation split name: 4
 * Val Acc 0.000, Total time 0.95
validation split name: 5
 * Val Acc 0.000, Total time 0.95
validation split name: 6
 * Val Acc 0.000, Total time 0.95
validation split name: 7
 * Val Acc 24.660, Total time 0.95
validation split name: 8
 * Val Acc 80.430, Total time 1.01
====================== 9 =======================
Incremental class: Old valid output dimension: 80
Incremental class: New Valid output dimension: 90
Epoch:0
LR: 0.001
Itr		Time		  Data		  Loss		Acc
[0/469]	0.1391 (0.1391)	0.1340 (0.1340)	5.921 (5.921)	0.00 (0.00)
[100/469]	0.0016 (0.0115)	0.0001 (0.0099)	3.977 (4.701)	0.00 (0.00)
[200/469]	0.0016 (0.0109)	0.0001 (0.0093)	2.978 (4.086)	38.28 (8.73)
[300/469]	0.0268 (0.0107)	0.0251 (0.0092)	2.294 (3.589)	57.03 (22.80)
[400/469]	0.0016 (0.0106)	0.0001 (0.0090)	1.917 (3.214)	68.75 (33.28)
[468/469]	0.0205 (0.0106)	0.0189 (0.0090)	1.772 (3.017)	73.96 (38.73)
 * Train Acc 38.735
 * Val Acc 72.800, Total time 0.95
Epoch:1
LR: 0.001
Itr		Time		  Data		  Loss		Acc
[0/469]	0.1246 (0.1246)	0.1200 (0.1200)	1.792 (1.792)	66.41 (66.41)
[100/469]	0.0017 (0.0115)	0.0002 (0.0100)	1.583 (1.678)	69.53 (73.34)
[200/469]	0.0016 (0.0110)	0.0001 (0.0094)	1.421 (1.589)	75.78 (74.53)
[300/469]	0.0282 (0.0109)	0.0265 (0.0093)	1.289 (1.513)	73.44 (75.33)
[400/469]	0.0016 (0.0108)	0.0001 (0.0092)	1.147 (1.441)	82.03 (76.31)
[468/469]	0.0203 (0.0107)	0.0188 (0.0092)	1.092 (1.398)	86.46 (76.83)
 * Train Acc 76.835
 * Val Acc 81.370, Total time 0.98
validation split name: 1
 * Val Acc 0.000, Total time 0.69
validation split name: 2
 * Val Acc 0.000, Total time 0.94
validation split name: 3
 * Val Acc 0.000, Total time 0.97
validation split name: 4
 * Val Acc 0.000, Total time 0.96
validation split name: 5
 * Val Acc 0.000, Total time 0.97
validation split name: 6
 * Val Acc 0.000, Total time 0.94
validation split name: 7
 * Val Acc 0.490, Total time 0.94
validation split name: 8
 * Val Acc 12.090, Total time 0.93
validation split name: 9
 * Val Acc 81.370, Total time 0.94
====================== 10 =======================
Incremental class: Old valid output dimension: 90
Incremental class: New Valid output dimension: 100
Epoch:0
LR: 0.001
Itr		Time		  Data		  Loss		Acc
[0/469]	0.1272 (0.1272)	0.1227 (0.1227)	6.046 (6.046)	0.00 (0.00)
[100/469]	0.0046 (0.0115)	0.0032 (0.0101)	4.054 (4.777)	0.00 (0.00)
[200/469]	0.0016 (0.0109)	0.0002 (0.0095)	3.024 (4.141)	39.84 (9.08)
[300/469]	0.0241 (0.0108)	0.0226 (0.0094)	2.277 (3.624)	57.81 (24.19)
[400/469]	0.0075 (0.0107)	0.0060 (0.0093)	1.981 (3.242)	69.53 (34.61)
[468/469]	0.0125 (0.0107)	0.0111 (0.0092)	1.823 (3.043)	67.71 (39.80)
 * Train Acc 39.805
 * Val Acc 73.770, Total time 0.96
Epoch:1
LR: 0.001
Itr		Time		  Data		  Loss		Acc
[0/469]	0.1218 (0.1218)	0.1172 (0.1172)	1.770 (1.770)	71.88 (71.88)
[100/469]	0.0015 (0.0114)	0.0001 (0.0098)	1.592 (1.692)	70.31 (72.73)
[200/469]	0.0017 (0.0109)	0.0003 (0.0093)	1.504 (1.607)	72.66 (73.54)
[300/469]	0.0283 (0.0108)	0.0266 (0.0093)	1.318 (1.530)	73.44 (74.36)
[400/469]	0.0015 (0.0107)	0.0001 (0.0091)	1.166 (1.460)	75.00 (75.27)
[468/469]	0.0204 (0.0106)	0.0189 (0.0091)	1.161 (1.416)	71.88 (75.78)
 * Train Acc 75.785
 * Val Acc 80.020, Total time 0.95
validation split name: 1
 * Val Acc 0.000, Total time 0.69
validation split name: 2
 * Val Acc 0.000, Total time 0.96
validation split name: 3
 * Val Acc 0.000, Total time 0.94
validation split name: 4
 * Val Acc 0.000, Total time 0.94
validation split name: 5
 * Val Acc 0.000, Total time 0.94
validation split name: 6
 * Val Acc 0.000, Total time 0.93
validation split name: 7
 * Val Acc 0.000, Total time 0.95
validation split name: 8
 * Val Acc 0.000, Total time 0.94
validation split name: 9
 * Val Acc 14.780, Total time 0.95
validation split name: 10
 * Val Acc 80.020, Total time 0.97
OrderedDict([('1', OrderedDict([('1', 75.95), ('2', 3.02), ('3', 0.0), ('4', 0.0), ('5', 0.0), ('6', 0.0), ('7', 0.0), ('8', 0.0), ('9', 0.0), ('10', 0.0)])), ('2', OrderedDict([('2', 78.5), ('3', 4.09), ('4', 0.0), ('5', 0.0), ('6', 0.0), ('7', 0.0), ('8', 0.0), ('9', 0.0), ('10', 0.0)])), ('3', OrderedDict([('3', 79.75), ('4', 4.06), ('5', 0.0), ('6', 0.0), ('7', 0.0), ('8', 0.0), ('9', 0.0), ('10', 0.0)])), ('4', OrderedDict([('4', 80.45), ('5', 13.16), ('6', 0.0), ('7', 0.0), ('8', 0.0), ('9', 0.0), ('10', 0.0)])), ('5', OrderedDict([('5', 80.97), ('6', 25.58), ('7', 0.05), ('8', 0.0), ('9', 0.0), ('10', 0.0)])), ('6', OrderedDict([('6', 81.0), ('7', 35.34), ('8', 0.0), ('9', 0.0), ('10', 0.0)])), ('7', OrderedDict([('7', 82.04), ('8', 24.66), ('9', 0.49), ('10', 0.0)])), ('8', OrderedDict([('8', 80.43), ('9', 12.09), ('10', 0.0)])), ('9', OrderedDict([('9', 81.37), ('10', 14.78)])), ('10', OrderedDict([('10', 80.02)]))])
Task 1 average acc: 75.95
Task 2 average acc: 40.76
Task 3 average acc: 27.94666666666667
Task 4 average acc: 21.1275
Task 5 average acc: 18.826
Task 6 average acc: 17.763333333333332
Task 7 average acc: 16.775714285714287
Task 8 average acc: 13.13625
Task 9 average acc: 10.43888888888889
Task 10 average acc: 9.48
===Summary of experiment repeats: 4 / 5 ===
The regularization coefficient: 0.0
The last avg acc of all repeats: [ 9.291 10.34   9.035  9.48   0.   ]
mean: 7.6292 std: 3.8396990194545197
MLP(
  (linear): Sequential(
    (0): Linear(in_features=1024, out_features=1000, bias=True)
    (1): ReLU(inplace=True)
    (2): Linear(in_features=1000, out_features=1000, bias=True)
    (3): ReLU(inplace=True)
  )
  (last): ModuleDict(
    (All): Linear(in_features=1000, out_features=100, bias=True)
  )
)
#parameter of model: 2126100
Task order: ['1', '2', '3', '4', '5', '6', '7', '8', '9', '10']
====================== 1 =======================
Incremental class: Old valid output dimension: ALL
Incremental class: New Valid output dimension: 10
Epoch:0
LR: 0.001
Itr		Time		  Data		  Loss		Acc
[0/469]	0.1163 (0.1163)	0.1116 (0.1116)	2.309 (2.309)	0.78 (0.78)
[100/469]	0.0179 (0.0085)	0.0161 (0.0069)	2.235 (2.269)	4.69 (1.25)
[200/469]	0.0073 (0.0079)	0.0058 (0.0062)	2.155 (2.237)	20.31 (5.10)
[300/469]	0.0015 (0.0077)	0.0001 (0.0061)	2.131 (2.205)	27.34 (11.81)
[400/469]	0.0016 (0.0075)	0.0001 (0.0060)	2.044 (2.170)	39.06 (18.98)
[468/469]	0.0019 (0.0075)	0.0005 (0.0059)	1.970 (2.147)	56.25 (23.66)
 * Train Acc 23.660
 * Val Acc 57.300, Total time 0.71
Epoch:1
LR: 0.001
Itr		Time		  Data		  Loss		Acc
[0/469]	0.1293 (0.1293)	0.1238 (0.1238)	1.988 (1.988)	55.47 (55.47)
[100/469]	0.0016 (0.0088)	0.0001 (0.0072)	1.909 (1.934)	55.47 (60.20)
[200/469]	0.0016 (0.0081)	0.0001 (0.0064)	1.795 (1.893)	71.88 (63.62)
[300/469]	0.0016 (0.0079)	0.0002 (0.0062)	1.684 (1.845)	68.75 (65.78)
[400/469]	0.0016 (0.0079)	0.0001 (0.0062)	1.602 (1.794)	78.12 (67.55)
[468/469]	0.0016 (0.0079)	0.0001 (0.0061)	1.563 (1.759)	73.96 (68.48)
 * Train Acc 68.485
 * Val Acc 76.340, Total time 0.72
validation split name: 1
 * Val Acc 76.340, Total time 0.70
====================== 2 =======================
Incremental class: Old valid output dimension: 10
Incremental class: New Valid output dimension: 20
Epoch:0
LR: 0.001
Itr		Time		  Data		  Loss		Acc
[0/469]	0.1245 (0.1245)	0.1193 (0.1193)	3.024 (3.024)	0.00 (0.00)
[100/469]	0.0025 (0.0114)	0.0010 (0.0097)	2.785 (2.901)	14.84 (4.80)
[200/469]	0.0067 (0.0110)	0.0050 (0.0093)	2.566 (2.783)	42.97 (17.42)
[300/469]	0.0078 (0.0108)	0.0062 (0.0091)	2.331 (2.671)	60.16 (27.61)
[400/469]	0.0240 (0.0108)	0.0224 (0.0091)	2.126 (2.564)	70.31 (36.26)
[468/469]	0.0015 (0.0107)	0.0001 (0.0090)	2.030 (2.496)	70.83 (40.93)
 * Train Acc 40.927
 * Val Acc 70.570, Total time 0.94
Epoch:1
LR: 0.001
Itr		Time		  Data		  Loss		Acc
[0/469]	0.1454 (0.1454)	0.1410 (0.1410)	2.014 (2.014)	68.75 (68.75)
[100/469]	0.0016 (0.0121)	0.0001 (0.0105)	1.783 (1.939)	75.78 (70.94)
[200/469]	0.0016 (0.0111)	0.0001 (0.0096)	1.707 (1.859)	72.66 (71.81)
[300/469]	0.0280 (0.0109)	0.0263 (0.0094)	1.599 (1.782)	73.44 (72.58)
[400/469]	0.0016 (0.0107)	0.0001 (0.0092)	1.423 (1.708)	74.22 (73.24)
[468/469]	0.0205 (0.0107)	0.0187 (0.0091)	1.385 (1.658)	71.88 (73.77)
 * Train Acc 73.768
 * Val Acc 77.260, Total time 1.00
validation split name: 1
 * Val Acc 2.520, Total time 0.71
validation split name: 2
 * Val Acc 77.260, Total time 0.94
====================== 3 =======================
Incremental class: Old valid output dimension: 20
Incremental class: New Valid output dimension: 30
Epoch:0
LR: 0.001
Itr		Time		  Data		  Loss		Acc
[0/469]	0.1267 (0.1267)	0.1219 (0.1219)	3.530 (3.530)	0.00 (0.00)
[100/469]	0.0019 (0.0114)	0.0004 (0.0098)	3.083 (3.304)	15.62 (1.78)
[200/469]	0.0026 (0.0108)	0.0008 (0.0092)	2.695 (3.105)	42.97 (17.25)
[300/469]	0.0285 (0.0107)	0.0267 (0.0091)	2.433 (2.919)	51.56 (29.27)
[400/469]	0.0113 (0.0106)	0.0096 (0.0090)	2.165 (2.754)	68.75 (37.94)
[468/469]	0.0065 (0.0106)	0.0047 (0.0090)	2.003 (2.653)	70.83 (42.48)
 * Train Acc 42.485
 * Val Acc 71.140, Total time 0.96
Epoch:1
LR: 0.001
Itr		Time		  Data		  Loss		Acc
[0/469]	0.1393 (0.1393)	0.1348 (0.1348)	2.008 (2.008)	67.97 (67.97)
[100/469]	0.0018 (0.0121)	0.0001 (0.0104)	1.782 (1.889)	73.44 (71.78)
[200/469]	0.0016 (0.0113)	0.0002 (0.0096)	1.619 (1.802)	79.69 (72.69)
[300/469]	0.0281 (0.0111)	0.0264 (0.0094)	1.492 (1.720)	78.91 (73.59)
[400/469]	0.0018 (0.0109)	0.0001 (0.0093)	1.404 (1.643)	77.34 (74.34)
[468/469]	0.0190 (0.0108)	0.0176 (0.0092)	1.234 (1.593)	80.21 (74.76)
 * Train Acc 74.757
 * Val Acc 78.950, Total time 0.94
validation split name: 1
 * Val Acc 0.000, Total time 0.70
validation split name: 2
 * Val Acc 7.110, Total time 0.96
validation split name: 3
 * Val Acc 78.950, Total time 0.93
====================== 4 =======================
Incremental class: Old valid output dimension: 30
Incremental class: New Valid output dimension: 40
Epoch:0
LR: 0.001
Itr		Time		  Data		  Loss		Acc
[0/469]	0.1267 (0.1267)	0.1216 (0.1216)	4.032 (4.032)	0.00 (0.00)
[100/469]	0.0038 (0.0116)	0.0022 (0.0100)	3.272 (3.608)	1.56 (0.09)
[200/469]	0.0095 (0.0110)	0.0079 (0.0094)	2.770 (3.312)	45.31 (14.90)
[300/469]	0.0194 (0.0109)	0.0176 (0.0092)	2.367 (3.055)	60.94 (28.76)
[400/469]	0.0016 (0.0108)	0.0002 (0.0091)	2.040 (2.838)	71.88 (38.90)
[468/469]	0.0171 (0.0107)	0.0156 (0.0091)	1.882 (2.713)	71.88 (43.66)
 * Train Acc 43.665
 * Val Acc 73.280, Total time 0.94
Epoch:1
LR: 0.001
Itr		Time		  Data		  Loss		Acc
[0/469]	0.1314 (0.1314)	0.1265 (0.1265)	1.899 (1.899)	70.31 (70.31)
[100/469]	0.0273 (0.0120)	0.0256 (0.0104)	1.757 (1.806)	68.75 (73.89)
[200/469]	0.0027 (0.0111)	0.0009 (0.0095)	1.535 (1.714)	75.00 (75.19)
[300/469]	0.0016 (0.0108)	0.0001 (0.0092)	1.406 (1.633)	80.47 (76.02)
[400/469]	0.0264 (0.0107)	0.0247 (0.0091)	1.307 (1.558)	78.91 (76.77)
[468/469]	0.0015 (0.0106)	0.0001 (0.0090)	1.276 (1.511)	79.17 (77.23)
 * Train Acc 77.235
 * Val Acc 81.490, Total time 0.95
validation split name: 1
 * Val Acc 0.000, Total time 0.69
validation split name: 2
 * Val Acc 0.000, Total time 0.94
validation split name: 3
 * Val Acc 13.420, Total time 0.95
validation split name: 4
 * Val Acc 81.490, Total time 0.95
====================== 5 =======================
Incremental class: Old valid output dimension: 40
Incremental class: New Valid output dimension: 50
Epoch:0
LR: 0.001
Itr		Time		  Data		  Loss		Acc
[0/469]	0.1388 (0.1388)	0.1342 (0.1342)	4.408 (4.408)	0.00 (0.00)
[100/469]	0.0297 (0.0122)	0.0280 (0.0106)	3.524 (3.892)	2.34 (0.08)
[200/469]	0.0016 (0.0112)	0.0001 (0.0096)	2.910 (3.541)	24.22 (8.34)
[300/469]	0.0019 (0.0109)	0.0005 (0.0093)	2.376 (3.240)	56.25 (20.73)
[400/469]	0.0269 (0.0108)	0.0252 (0.0092)	2.081 (2.990)	66.41 (31.02)
[468/469]	0.0018 (0.0107)	0.0001 (0.0091)	1.911 (2.849)	71.88 (36.39)
 * Train Acc 36.387
 * Val Acc 71.200, Total time 0.94
Epoch:1
LR: 0.001
Itr		Time		  Data		  Loss		Acc
[0/469]	0.1249 (0.1249)	0.1194 (0.1194)	1.920 (1.920)	75.00 (75.00)
[100/469]	0.0078 (0.0114)	0.0061 (0.0097)	1.764 (1.838)	71.09 (71.90)
[200/469]	0.0016 (0.0109)	0.0001 (0.0093)	1.560 (1.750)	76.56 (72.70)
[300/469]	0.0280 (0.0108)	0.0263 (0.0092)	1.408 (1.671)	72.66 (73.40)
[400/469]	0.0016 (0.0107)	0.0001 (0.0091)	1.299 (1.595)	72.66 (74.23)
[468/469]	0.0210 (0.0107)	0.0193 (0.0091)	1.310 (1.545)	77.08 (74.79)
 * Train Acc 74.793
 * Val Acc 79.440, Total time 0.93
validation split name: 1
 * Val Acc 0.000, Total time 0.70
validation split name: 2
 * Val Acc 0.000, Total time 1.00
validation split name: 3
 * Val Acc 0.000, Total time 0.95
validation split name: 4
 * Val Acc 27.220, Total time 0.94
validation split name: 5
 * Val Acc 79.440, Total time 0.96
====================== 6 =======================
Incremental class: Old valid output dimension: 50
Incremental class: New Valid output dimension: 60
Epoch:0
LR: 0.001
Itr		Time		  Data		  Loss		Acc
[0/469]	0.1275 (0.1275)	0.1218 (0.1218)	4.900 (4.900)	0.00 (0.00)
[100/469]	0.0273 (0.0122)	0.0257 (0.0106)	3.705 (4.185)	0.00 (0.00)
[200/469]	0.0016 (0.0112)	0.0001 (0.0097)	2.932 (3.747)	51.56 (10.93)
[300/469]	0.0016 (0.0109)	0.0001 (0.0094)	2.349 (3.374)	60.94 (25.95)
[400/469]	0.0281 (0.0108)	0.0264 (0.0093)	1.967 (3.070)	67.97 (36.20)
[468/469]	0.0015 (0.0107)	0.0001 (0.0091)	1.887 (2.902)	72.92 (41.30)
 * Train Acc 41.300
 * Val Acc 75.160, Total time 0.94
Epoch:1
LR: 0.001
Itr		Time		  Data		  Loss		Acc
[0/469]	0.1380 (0.1380)	0.1335 (0.1335)	1.781 (1.781)	75.00 (75.00)
[100/469]	0.0016 (0.0115)	0.0001 (0.0099)	1.660 (1.718)	74.22 (74.81)
[200/469]	0.0017 (0.0108)	0.0001 (0.0093)	1.502 (1.633)	69.53 (75.65)
[300/469]	0.0275 (0.0107)	0.0257 (0.0091)	1.416 (1.550)	67.19 (76.35)
[400/469]	0.0015 (0.0105)	0.0001 (0.0090)	1.174 (1.477)	80.47 (77.02)
[468/469]	0.0195 (0.0105)	0.0181 (0.0089)	1.103 (1.430)	77.08 (77.54)
 * Train Acc 77.538
 * Val Acc 81.760, Total time 0.95
validation split name: 1
 * Val Acc 0.000, Total time 0.69
validation split name: 2
 * Val Acc 0.000, Total time 0.95
validation split name: 3
 * Val Acc 0.000, Total time 0.99
validation split name: 4
 * Val Acc 0.640, Total time 0.96
validation split name: 5
 * Val Acc 21.440, Total time 0.92
validation split name: 6
 * Val Acc 81.760, Total time 0.94
====================== 7 =======================
Incremental class: Old valid output dimension: 60
Incremental class: New Valid output dimension: 70
Epoch:0
LR: 0.001
Itr		Time		  Data		  Loss		Acc
[0/469]	0.1294 (0.1294)	0.1248 (0.1248)	5.065 (5.065)	0.00 (0.00)
[100/469]	0.0016 (0.0114)	0.0002 (0.0099)	3.630 (4.226)	0.00 (0.00)
[200/469]	0.0016 (0.0109)	0.0002 (0.0093)	2.790 (3.711)	53.91 (13.78)
[300/469]	0.0261 (0.0107)	0.0244 (0.0092)	2.258 (3.299)	64.84 (29.56)
[400/469]	0.0025 (0.0106)	0.0009 (0.0090)	1.901 (2.989)	71.88 (39.39)
[468/469]	0.0196 (0.0106)	0.0182 (0.0090)	1.736 (2.824)	76.04 (44.02)
 * Train Acc 44.023
 * Val Acc 74.390, Total time 0.94
Epoch:1
LR: 0.001
Itr		Time		  Data		  Loss		Acc
[0/469]	0.1315 (0.1315)	0.1267 (0.1267)	1.790 (1.790)	69.53 (69.53)
[100/469]	0.0293 (0.0118)	0.0274 (0.0101)	1.608 (1.674)	74.22 (74.20)
[200/469]	0.0016 (0.0114)	0.0001 (0.0096)	1.407 (1.594)	76.56 (74.71)
[300/469]	0.0016 (0.0110)	0.0001 (0.0093)	1.334 (1.515)	73.44 (75.46)
[400/469]	0.0280 (0.0109)	0.0263 (0.0092)	1.164 (1.445)	82.81 (76.35)
[468/469]	0.0015 (0.0108)	0.0001 (0.0091)	1.049 (1.401)	80.21 (76.84)
 * Train Acc 76.845
 * Val Acc 80.910, Total time 0.95
validation split name: 1
 * Val Acc 0.000, Total time 0.69
validation split name: 2
 * Val Acc 0.000, Total time 0.94
validation split name: 3
 * Val Acc 0.000, Total time 0.93
validation split name: 4
 * Val Acc 0.000, Total time 0.95
validation split name: 5
 * Val Acc 0.030, Total time 0.96
validation split name: 6
 * Val Acc 17.680, Total time 0.95
validation split name: 7
 * Val Acc 80.910, Total time 0.95
====================== 8 =======================
Incremental class: Old valid output dimension: 70
Incremental class: New Valid output dimension: 80
Epoch:0
LR: 0.001
Itr		Time		  Data		  Loss		Acc
[0/469]	0.1306 (0.1306)	0.1253 (0.1253)	5.489 (5.489)	0.00 (0.00)
[100/469]	0.0016 (0.0116)	0.0001 (0.0101)	3.784 (4.451)	0.00 (0.00)
[200/469]	0.0016 (0.0110)	0.0002 (0.0095)	2.921 (3.911)	47.66 (9.74)
[300/469]	0.0284 (0.0109)	0.0269 (0.0094)	2.284 (3.469)	71.09 (24.47)
[400/469]	0.0015 (0.0108)	0.0001 (0.0093)	1.993 (3.132)	62.50 (34.84)
[468/469]	0.0203 (0.0107)	0.0189 (0.0092)	1.801 (2.952)	68.75 (39.95)
 * Train Acc 39.948
 * Val Acc 73.010, Total time 1.01
Epoch:1
LR: 0.001
Itr		Time		  Data		  Loss		Acc
[0/469]	0.1406 (0.1406)	0.1359 (0.1359)	1.783 (1.783)	73.44 (73.44)
[100/469]	0.0016 (0.0118)	0.0001 (0.0102)	1.584 (1.712)	73.44 (72.60)
[200/469]	0.0258 (0.0112)	0.0241 (0.0095)	1.498 (1.624)	75.00 (74.01)
[300/469]	0.0025 (0.0109)	0.0008 (0.0092)	1.376 (1.543)	74.22 (75.09)
[400/469]	0.0027 (0.0107)	0.0009 (0.0091)	1.146 (1.469)	80.47 (76.08)
[468/469]	0.0015 (0.0107)	0.0001 (0.0091)	1.167 (1.426)	75.00 (76.52)
 * Train Acc 76.517
 * Val Acc 81.230, Total time 0.97
validation split name: 1
 * Val Acc 0.000, Total time 0.74
validation split name: 2
 * Val Acc 0.000, Total time 1.02
validation split name: 3
 * Val Acc 0.000, Total time 0.96
validation split name: 4
 * Val Acc 0.000, Total time 0.93
validation split name: 5
 * Val Acc 0.000, Total time 0.95
validation split name: 6
 * Val Acc 1.310, Total time 0.95
validation split name: 7
 * Val Acc 20.880, Total time 0.94
validation split name: 8
 * Val Acc 81.230, Total time 0.95
====================== 9 =======================
Incremental class: Old valid output dimension: 80
Incremental class: New Valid output dimension: 90
Epoch:0
LR: 0.001
Itr		Time		  Data		  Loss		Acc
[0/469]	0.1262 (0.1262)	0.1211 (0.1211)	5.675 (5.675)	0.00 (0.00)
[100/469]	0.0018 (0.0116)	0.0001 (0.0099)	3.922 (4.603)	0.00 (0.00)
[200/469]	0.0017 (0.0110)	0.0001 (0.0093)	2.947 (4.025)	40.62 (9.38)
[300/469]	0.0242 (0.0109)	0.0225 (0.0092)	2.267 (3.545)	51.56 (21.82)
[400/469]	0.0018 (0.0108)	0.0002 (0.0091)	1.919 (3.178)	65.62 (32.24)
[468/469]	0.0044 (0.0108)	0.0030 (0.0091)	1.750 (2.985)	73.96 (37.68)
 * Train Acc 37.680
 * Val Acc 71.840, Total time 0.94
Epoch:1
LR: 0.001
Itr		Time		  Data		  Loss		Acc
[0/469]	0.1394 (0.1394)	0.1345 (0.1345)	1.780 (1.780)	71.09 (71.09)
[100/469]	0.0016 (0.0121)	0.0002 (0.0105)	1.596 (1.670)	75.00 (72.59)
[200/469]	0.0016 (0.0112)	0.0001 (0.0096)	1.369 (1.586)	78.91 (73.57)
[300/469]	0.0265 (0.0110)	0.0248 (0.0094)	1.205 (1.509)	83.59 (74.65)
[400/469]	0.0206 (0.0109)	0.0188 (0.0093)	1.115 (1.438)	76.56 (75.51)
[468/469]	0.0016 (0.0108)	0.0001 (0.0092)	1.126 (1.395)	83.33 (76.04)
 * Train Acc 76.042
 * Val Acc 80.650, Total time 0.95
validation split name: 1
 * Val Acc 0.000, Total time 0.69
validation split name: 2
 * Val Acc 0.000, Total time 0.99
validation split name: 3
 * Val Acc 0.000, Total time 0.96
validation split name: 4
 * Val Acc 0.000, Total time 0.97
validation split name: 5
 * Val Acc 0.000, Total time 0.96
validation split name: 6
 * Val Acc 0.000, Total time 0.96
validation split name: 7
 * Val Acc 0.010, Total time 0.93
validation split name: 8
 * Val Acc 21.250, Total time 0.95
validation split name: 9
 * Val Acc 80.650, Total time 1.00
====================== 10 =======================
Incremental class: Old valid output dimension: 90
Incremental class: New Valid output dimension: 100
Epoch:0
LR: 0.001
Itr		Time		  Data		  Loss		Acc
[0/469]	0.1301 (0.1301)	0.1254 (0.1254)	5.882 (5.882)	0.00 (0.00)
[100/469]	0.0278 (0.0120)	0.0261 (0.0104)	4.004 (4.703)	0.00 (0.00)
[200/469]	0.0020 (0.0113)	0.0002 (0.0096)	2.901 (4.076)	40.62 (8.22)
[300/469]	0.0017 (0.0110)	0.0002 (0.0093)	2.276 (3.569)	57.03 (20.13)
[400/469]	0.0270 (0.0109)	0.0253 (0.0092)	1.869 (3.191)	74.22 (31.19)
[468/469]	0.0022 (0.0107)	0.0006 (0.0091)	1.716 (2.995)	72.92 (36.65)
 * Train Acc 36.653
 * Val Acc 71.560, Total time 0.97
Epoch:1
LR: 0.001
Itr		Time		  Data		  Loss		Acc
[0/469]	0.1263 (0.1263)	0.1216 (0.1216)	1.779 (1.779)	67.97 (67.97)
[100/469]	0.0026 (0.0114)	0.0009 (0.0099)	1.536 (1.664)	71.88 (72.31)
[200/469]	0.0014 (0.0109)	0.0002 (0.0094)	1.301 (1.579)	78.91 (73.78)
[300/469]	0.0282 (0.0108)	0.0268 (0.0093)	1.220 (1.499)	78.91 (74.72)
[400/469]	0.0015 (0.0107)	0.0001 (0.0092)	1.168 (1.430)	80.47 (75.53)
[468/469]	0.0206 (0.0106)	0.0193 (0.0092)	1.221 (1.386)	79.17 (76.08)
 * Train Acc 76.083
 * Val Acc 80.300, Total time 0.94
validation split name: 1
 * Val Acc 0.000, Total time 0.69
validation split name: 2
 * Val Acc 0.000, Total time 0.94
validation split name: 3
 * Val Acc 0.000, Total time 0.95
validation split name: 4
 * Val Acc 0.000, Total time 0.95
validation split name: 5
 * Val Acc 0.000, Total time 1.00
validation split name: 6
 * Val Acc 0.000, Total time 0.94
validation split name: 7
 * Val Acc 0.000, Total time 0.94
validation split name: 8
 * Val Acc 0.000, Total time 0.96
validation split name: 9
 * Val Acc 17.330, Total time 0.95
validation split name: 10
 * Val Acc 80.300, Total time 0.96
OrderedDict([('1', OrderedDict([('1', 76.34), ('2', 2.52), ('3', 0.0), ('4', 0.0), ('5', 0.0), ('6', 0.0), ('7', 0.0), ('8', 0.0), ('9', 0.0), ('10', 0.0)])), ('2', OrderedDict([('2', 77.26), ('3', 7.11), ('4', 0.0), ('5', 0.0), ('6', 0.0), ('7', 0.0), ('8', 0.0), ('9', 0.0), ('10', 0.0)])), ('3', OrderedDict([('3', 78.95), ('4', 13.42), ('5', 0.0), ('6', 0.0), ('7', 0.0), ('8', 0.0), ('9', 0.0), ('10', 0.0)])), ('4', OrderedDict([('4', 81.49), ('5', 27.22), ('6', 0.64), ('7', 0.0), ('8', 0.0), ('9', 0.0), ('10', 0.0)])), ('5', OrderedDict([('5', 79.44), ('6', 21.44), ('7', 0.03), ('8', 0.0), ('9', 0.0), ('10', 0.0)])), ('6', OrderedDict([('6', 81.76), ('7', 17.68), ('8', 1.31), ('9', 0.0), ('10', 0.0)])), ('7', OrderedDict([('7', 80.91), ('8', 20.88), ('9', 0.01), ('10', 0.0)])), ('8', OrderedDict([('8', 81.23), ('9', 21.25), ('10', 0.0)])), ('9', OrderedDict([('9', 80.65), ('10', 17.33)])), ('10', OrderedDict([('10', 80.3)]))])
Task 1 average acc: 76.34
Task 2 average acc: 39.89
Task 3 average acc: 28.686666666666667
Task 4 average acc: 23.7275
Task 5 average acc: 21.332
Task 6 average acc: 17.30666666666667
Task 7 average acc: 14.088571428571429
Task 8 average acc: 12.9275
Task 9 average acc: 11.323333333333334
Task 10 average acc: 9.763
===Summary of experiment repeats: 5 / 5 ===
The regularization coefficient: 0.0
The last avg acc of all repeats: [ 9.291 10.34   9.035  9.48   9.763]
mean: 9.5818 std: 0.4475754238114509
reg_coef: 0.0 mean: 9.5818 std: 0.4475754238114509
Total Time for the script is 835.1003367900848 seconds
