MLP(
  (linear): Sequential(
    (0): Linear(in_features=1024, out_features=1000, bias=True)
    (1): ReLU(inplace=True)
    (2): Linear(in_features=1000, out_features=1000, bias=True)
    (3): ReLU(inplace=True)
  )
  (last): ModuleDict(
    (All): Linear(in_features=1000, out_features=100, bias=True)
  )
)
#parameter of model: 2126100
Task order: ['1', '2', '3', '4', '5', '6', '7', '8', '9', '10']
====================== 1 =======================
Incremental class: Old valid output dimension: ALL
Incremental class: New Valid output dimension: 10
#reg_term: 0
Epoch:0
LR: 0.0001
Itr		Time		  Data		  Loss		Acc
[0/469]	0.5372 (0.5372)	0.1024 (0.1024)	2.295 (2.295)	5.47 (5.47)
[100/469]	0.0031 (0.0128)	0.0002 (0.0055)	0.312 (0.807)	92.19 (80.74)
[200/469]	0.0086 (0.0100)	0.0057 (0.0049)	0.411 (0.565)	87.50 (85.78)
[300/469]	0.0031 (0.0091)	0.0002 (0.0047)	0.310 (0.463)	91.41 (88.01)
[400/469]	0.0030 (0.0086)	0.0001 (0.0046)	0.235 (0.405)	93.75 (89.32)
[468/469]	0.0029 (0.0084)	0.0001 (0.0046)	0.345 (0.373)	89.58 (90.06)
 * Train Acc 90.060
 * Val Acc 94.620, Total time 0.70
Epoch:1
LR: 0.0001
Itr		Time		  Data		  Loss		Acc
[0/469]	0.1104 (0.1104)	0.1040 (0.1040)	0.200 (0.200)	93.75 (93.75)
[100/469]	0.0058 (0.0082)	0.0028 (0.0051)	0.126 (0.176)	95.31 (95.01)
[200/469]	0.0031 (0.0077)	0.0001 (0.0047)	0.148 (0.165)	93.75 (95.30)
[300/469]	0.0179 (0.0076)	0.0134 (0.0046)	0.102 (0.158)	98.44 (95.48)
[400/469]	0.0030 (0.0075)	0.0001 (0.0045)	0.133 (0.154)	94.53 (95.51)
[468/469]	0.0095 (0.0075)	0.0066 (0.0045)	0.162 (0.150)	95.83 (95.64)
 * Train Acc 95.637
 * Val Acc 96.450, Total time 0.70
Computing SI
validation split name: 1
 * Val Acc 96.450, Total time 0.68
====================== 2 =======================
Incremental class: Old valid output dimension: 10
Incremental class: New Valid output dimension: 20
#reg_term: 1
Epoch:0
LR: 0.0001
Itr		Time		  Data		  Loss		Acc
[0/469]	0.1449 (0.1449)	0.1340 (0.1340)	3.239 (3.239)	0.00 (0.00)
[100/469]	0.0041 (0.0120)	0.0001 (0.0079)	0.227 (0.703)	92.97 (79.23)
[200/469]	0.0213 (0.0112)	0.0167 (0.0071)	0.324 (0.495)	89.84 (85.41)
[300/469]	0.0041 (0.0114)	0.0002 (0.0069)	0.263 (0.407)	93.75 (88.05)
[400/469]	0.0056 (0.0112)	0.0002 (0.0068)	0.153 (0.354)	95.31 (89.61)
[468/469]	0.0040 (0.0111)	0.0001 (0.0067)	0.124 (0.329)	96.88 (90.31)
 * Train Acc 90.315
 * Val Acc 95.220, Total time 0.98
Epoch:1
LR: 0.0001
Itr		Time		  Data		  Loss		Acc
[0/469]	0.1469 (0.1469)	0.1387 (0.1387)	0.178 (0.178)	93.75 (93.75)
[100/469]	0.0039 (0.0119)	0.0002 (0.0078)	0.086 (0.147)	97.66 (95.68)
[200/469]	0.0040 (0.0111)	0.0001 (0.0071)	0.153 (0.144)	95.31 (95.90)
[300/469]	0.0226 (0.0109)	0.0188 (0.0070)	0.133 (0.142)	96.88 (95.98)
[400/469]	0.0039 (0.0107)	0.0002 (0.0068)	0.079 (0.134)	98.44 (96.13)
[468/469]	0.0153 (0.0106)	0.0115 (0.0068)	0.084 (0.131)	97.92 (96.20)
 * Train Acc 96.203
 * Val Acc 96.710, Total time 0.95
Computing SI
validation split name: 1
 * Val Acc 8.480, Total time 0.70
validation split name: 2
 * Val Acc 96.710, Total time 0.95
====================== 3 =======================
Incremental class: Old valid output dimension: 20
Incremental class: New Valid output dimension: 30
#reg_term: 1
Epoch:0
LR: 0.0001
Itr		Time		  Data		  Loss		Acc
[0/469]	0.1373 (0.1373)	0.1305 (0.1305)	5.486 (5.486)	0.00 (0.00)
[100/469]	0.0040 (0.0118)	0.0001 (0.0077)	0.349 (0.905)	88.28 (75.59)
[200/469]	0.0096 (0.0110)	0.0057 (0.0069)	0.333 (0.613)	89.84 (83.01)
[300/469]	0.0046 (0.0107)	0.0008 (0.0067)	0.202 (0.489)	95.31 (86.24)
[400/469]	0.0130 (0.0107)	0.0091 (0.0067)	0.292 (0.418)	90.62 (88.14)
[468/469]	0.0040 (0.0106)	0.0001 (0.0066)	0.155 (0.387)	94.79 (89.03)
 * Train Acc 89.032
 * Val Acc 95.030, Total time 0.95
Epoch:1
LR: 0.0001
Itr		Time		  Data		  Loss		Acc
[0/469]	0.1440 (0.1440)	0.1340 (0.1340)	0.083 (0.083)	99.22 (99.22)
[100/469]	0.0041 (0.0123)	0.0002 (0.0078)	0.248 (0.169)	91.41 (95.25)
[200/469]	0.0044 (0.0113)	0.0001 (0.0071)	0.143 (0.157)	96.88 (95.55)
[300/469]	0.0194 (0.0110)	0.0155 (0.0069)	0.151 (0.152)	95.31 (95.64)
[400/469]	0.0041 (0.0108)	0.0001 (0.0067)	0.039 (0.145)	99.22 (95.86)
[468/469]	0.0087 (0.0107)	0.0048 (0.0066)	0.174 (0.140)	94.79 (95.99)
 * Train Acc 95.990
 * Val Acc 96.610, Total time 0.95
Computing SI
validation split name: 1
 * Val Acc 0.000, Total time 0.69
validation split name: 2
 * Val Acc 14.210, Total time 0.95
validation split name: 3
 * Val Acc 96.610, Total time 0.95
====================== 4 =======================
Incremental class: Old valid output dimension: 30
Incremental class: New Valid output dimension: 40
#reg_term: 1
Epoch:0
LR: 0.0001
Itr		Time		  Data		  Loss		Acc
[0/469]	0.1347 (0.1347)	0.1275 (0.1275)	7.025 (7.025)	0.00 (0.00)
[100/469]	0.0048 (0.0114)	0.0008 (0.0075)	0.414 (1.095)	85.94 (72.67)
[200/469]	0.0041 (0.0108)	0.0001 (0.0069)	0.187 (0.700)	96.09 (81.86)
[300/469]	0.0227 (0.0107)	0.0188 (0.0067)	0.206 (0.550)	94.53 (85.42)
[400/469]	0.0041 (0.0106)	0.0001 (0.0066)	0.266 (0.467)	91.41 (87.48)
[468/469]	0.0153 (0.0105)	0.0113 (0.0066)	0.214 (0.427)	94.79 (88.52)
 * Train Acc 88.520
 * Val Acc 94.840, Total time 0.94
Epoch:1
LR: 0.0001
Itr		Time		  Data		  Loss		Acc
[0/469]	0.1280 (0.1280)	0.1206 (0.1206)	0.235 (0.235)	92.19 (92.19)
[100/469]	0.0049 (0.0114)	0.0010 (0.0074)	0.180 (0.158)	93.75 (95.53)
[200/469]	0.0040 (0.0108)	0.0001 (0.0068)	0.152 (0.155)	96.09 (95.53)
[300/469]	0.0208 (0.0107)	0.0169 (0.0067)	0.076 (0.150)	97.66 (95.72)
[400/469]	0.0042 (0.0106)	0.0002 (0.0066)	0.111 (0.147)	96.88 (95.80)
[468/469]	0.0143 (0.0105)	0.0104 (0.0066)	0.038 (0.145)	100.00 (95.87)
 * Train Acc 95.867
 * Val Acc 96.500, Total time 0.94
Computing SI
validation split name: 1
 * Val Acc 0.000, Total time 0.69
validation split name: 2
 * Val Acc 0.290, Total time 1.01
validation split name: 3
 * Val Acc 72.300, Total time 0.95
validation split name: 4
 * Val Acc 96.500, Total time 0.94
====================== 5 =======================
Incremental class: Old valid output dimension: 40
Incremental class: New Valid output dimension: 50
#reg_term: 1
Epoch:0
LR: 0.0001
Itr		Time		  Data		  Loss		Acc
[0/469]	0.1435 (0.1435)	0.1365 (0.1365)	7.296 (7.296)	0.00 (0.00)
[100/469]	0.0041 (0.0120)	0.0002 (0.0080)	0.296 (1.161)	91.41 (71.84)
[200/469]	0.0041 (0.0111)	0.0001 (0.0071)	0.265 (0.744)	92.19 (81.23)
[300/469]	0.0232 (0.0109)	0.0191 (0.0069)	0.278 (0.583)	92.19 (84.90)
[400/469]	0.0043 (0.0107)	0.0003 (0.0068)	0.235 (0.492)	90.62 (87.10)
[468/469]	0.0089 (0.0107)	0.0050 (0.0067)	0.188 (0.449)	93.75 (88.14)
 * Train Acc 88.140
 * Val Acc 94.950, Total time 0.98
Epoch:1
LR: 0.0001
Itr		Time		  Data		  Loss		Acc
[0/469]	0.1261 (0.1261)	0.1189 (0.1189)	0.203 (0.203)	92.97 (92.97)
[100/469]	0.0041 (0.0116)	0.0002 (0.0075)	0.101 (0.167)	96.88 (95.22)
[200/469]	0.0061 (0.0110)	0.0021 (0.0070)	0.082 (0.160)	97.66 (95.42)
[300/469]	0.0042 (0.0109)	0.0002 (0.0069)	0.135 (0.155)	96.88 (95.59)
[400/469]	0.0041 (0.0108)	0.0001 (0.0068)	0.095 (0.150)	97.66 (95.76)
[468/469]	0.0041 (0.0107)	0.0001 (0.0067)	0.281 (0.146)	88.54 (95.84)
 * Train Acc 95.845
 * Val Acc 96.270, Total time 0.94
Computing SI
validation split name: 1
 * Val Acc 0.000, Total time 0.76
validation split name: 2
 * Val Acc 0.000, Total time 0.95
validation split name: 3
 * Val Acc 63.250, Total time 0.99
validation split name: 4
 * Val Acc 91.660, Total time 0.93
validation split name: 5
 * Val Acc 96.270, Total time 0.92
====================== 6 =======================
Incremental class: Old valid output dimension: 50
Incremental class: New Valid output dimension: 60
#reg_term: 1
Epoch:0
LR: 0.0001
Itr		Time		  Data		  Loss		Acc
[0/469]	0.1323 (0.1323)	0.1233 (0.1233)	6.713 (6.713)	0.00 (0.00)
[100/469]	0.0041 (0.0117)	0.0002 (0.0076)	0.354 (1.123)	89.06 (72.49)
[200/469]	0.0041 (0.0110)	0.0001 (0.0070)	0.365 (0.724)	88.28 (81.49)
[300/469]	0.0228 (0.0108)	0.0188 (0.0068)	0.216 (0.569)	93.75 (85.17)
[400/469]	0.0042 (0.0107)	0.0002 (0.0067)	0.258 (0.479)	91.41 (87.36)
[468/469]	0.0150 (0.0106)	0.0110 (0.0066)	0.144 (0.439)	95.83 (88.36)
 * Train Acc 88.355
 * Val Acc 94.840, Total time 0.94
Epoch:1
LR: 0.0001
Itr		Time		  Data		  Loss		Acc
[0/469]	0.1370 (0.1370)	0.1307 (0.1307)	0.320 (0.320)	92.97 (92.97)
[100/469]	0.0040 (0.0117)	0.0001 (0.0078)	0.118 (0.174)	96.88 (95.20)
[200/469]	0.0046 (0.0109)	0.0008 (0.0071)	0.144 (0.167)	96.88 (95.33)
[300/469]	0.0218 (0.0107)	0.0180 (0.0069)	0.099 (0.161)	98.44 (95.52)
[400/469]	0.0040 (0.0106)	0.0001 (0.0068)	0.118 (0.154)	96.88 (95.68)
[468/469]	0.0153 (0.0106)	0.0115 (0.0067)	0.303 (0.149)	89.58 (95.81)
 * Train Acc 95.812
 * Val Acc 96.480, Total time 0.93
Computing SI
validation split name: 1
 * Val Acc 0.000, Total time 0.77
validation split name: 2
 * Val Acc 0.000, Total time 0.97
validation split name: 3
 * Val Acc 21.050, Total time 0.95
validation split name: 4
 * Val Acc 76.180, Total time 0.93
validation split name: 5
 * Val Acc 94.320, Total time 0.95
validation split name: 6
 * Val Acc 96.480, Total time 0.95
====================== 7 =======================
Incremental class: Old valid output dimension: 60
Incremental class: New Valid output dimension: 70
#reg_term: 1
Epoch:0
LR: 0.0001
Itr		Time		  Data		  Loss		Acc
[0/469]	0.1259 (0.1259)	0.1186 (0.1186)	7.537 (7.537)	0.00 (0.00)
[100/469]	0.0041 (0.0117)	0.0002 (0.0075)	0.327 (1.206)	90.62 (71.33)
[200/469]	0.0041 (0.0110)	0.0001 (0.0069)	0.239 (0.758)	91.41 (81.20)
[300/469]	0.0232 (0.0109)	0.0192 (0.0068)	0.389 (0.588)	89.84 (85.06)
[400/469]	0.0042 (0.0107)	0.0002 (0.0067)	0.232 (0.498)	96.88 (87.14)
[468/469]	0.0148 (0.0107)	0.0109 (0.0067)	0.208 (0.454)	94.79 (88.22)
 * Train Acc 88.215
 * Val Acc 94.840, Total time 0.94
Epoch:1
LR: 0.0001
Itr		Time		  Data		  Loss		Acc
[0/469]	0.1460 (0.1460)	0.1387 (0.1387)	0.285 (0.285)	92.19 (92.19)
[100/469]	0.0042 (0.0119)	0.0002 (0.0079)	0.146 (0.173)	95.31 (94.94)
[200/469]	0.0049 (0.0111)	0.0010 (0.0071)	0.126 (0.165)	96.09 (95.26)
[300/469]	0.0213 (0.0108)	0.0173 (0.0068)	0.136 (0.160)	95.31 (95.43)
[400/469]	0.0057 (0.0107)	0.0017 (0.0067)	0.204 (0.153)	92.97 (95.62)
[468/469]	0.0147 (0.0106)	0.0108 (0.0066)	0.123 (0.150)	95.83 (95.75)
 * Train Acc 95.745
 * Val Acc 96.470, Total time 0.95
Computing SI
validation split name: 1
 * Val Acc 0.000, Total time 0.69
validation split name: 2
 * Val Acc 0.000, Total time 0.94
validation split name: 3
 * Val Acc 14.760, Total time 0.94
validation split name: 4
 * Val Acc 48.560, Total time 0.95
validation split name: 5
 * Val Acc 87.490, Total time 0.97
validation split name: 6
 * Val Acc 85.760, Total time 0.95
validation split name: 7
 * Val Acc 96.470, Total time 0.94
====================== 8 =======================
Incremental class: Old valid output dimension: 70
Incremental class: New Valid output dimension: 80
#reg_term: 1
Epoch:0
LR: 0.0001
Itr		Time		  Data		  Loss		Acc
[0/469]	0.1400 (0.1400)	0.1327 (0.1327)	6.897 (6.897)	0.00 (0.00)
[100/469]	0.0041 (0.0118)	0.0001 (0.0074)	0.351 (1.112)	92.19 (72.59)
[200/469]	0.0047 (0.0110)	0.0008 (0.0068)	0.268 (0.716)	92.19 (81.64)
[300/469]	0.0214 (0.0108)	0.0174 (0.0067)	0.258 (0.564)	92.97 (85.26)
[400/469]	0.0041 (0.0106)	0.0001 (0.0065)	0.197 (0.477)	94.53 (87.40)
[468/469]	0.0143 (0.0106)	0.0104 (0.0065)	0.108 (0.437)	96.88 (88.39)
 * Train Acc 88.385
 * Val Acc 94.760, Total time 0.96
Epoch:1
LR: 0.0001
Itr		Time		  Data		  Loss		Acc
[0/469]	0.1387 (0.1387)	0.1314 (0.1314)	0.215 (0.215)	92.97 (92.97)
[100/469]	0.0041 (0.0119)	0.0001 (0.0079)	0.245 (0.183)	92.19 (95.05)
[200/469]	0.0048 (0.0111)	0.0008 (0.0071)	0.157 (0.167)	96.09 (95.46)
[300/469]	0.0219 (0.0109)	0.0179 (0.0069)	0.105 (0.159)	97.66 (95.68)
[400/469]	0.0041 (0.0107)	0.0002 (0.0067)	0.121 (0.154)	97.66 (95.81)
[468/469]	0.0146 (0.0106)	0.0108 (0.0067)	0.124 (0.150)	97.92 (95.91)
 * Train Acc 95.907
 * Val Acc 96.350, Total time 0.93
Computing SI
validation split name: 1
 * Val Acc 0.000, Total time 0.68
validation split name: 2
 * Val Acc 0.000, Total time 0.94
validation split name: 3
 * Val Acc 6.110, Total time 0.96
validation split name: 4
 * Val Acc 34.290, Total time 1.00
validation split name: 5
 * Val Acc 80.190, Total time 0.94
validation split name: 6
 * Val Acc 77.090, Total time 0.93
validation split name: 7
 * Val Acc 90.970, Total time 0.94
validation split name: 8
 * Val Acc 96.350, Total time 0.94
====================== 9 =======================
Incremental class: Old valid output dimension: 80
Incremental class: New Valid output dimension: 90
#reg_term: 1
Epoch:0
LR: 0.0001
Itr		Time		  Data		  Loss		Acc
[0/469]	0.1340 (0.1340)	0.1275 (0.1275)	6.760 (6.760)	0.00 (0.00)
[100/469]	0.0040 (0.0118)	0.0001 (0.0080)	0.445 (1.131)	89.06 (72.84)
[200/469]	0.0055 (0.0111)	0.0016 (0.0072)	0.295 (0.716)	92.19 (82.10)
[300/469]	0.0222 (0.0108)	0.0184 (0.0070)	0.204 (0.561)	92.97 (85.65)
[400/469]	0.0038 (0.0107)	0.0001 (0.0068)	0.138 (0.475)	96.88 (87.69)
[468/469]	0.0148 (0.0106)	0.0110 (0.0068)	0.361 (0.432)	89.58 (88.74)
 * Train Acc 88.742
 * Val Acc 95.110, Total time 0.95
Epoch:1
LR: 0.0001
Itr		Time		  Data		  Loss		Acc
[0/469]	0.1262 (0.1262)	0.1188 (0.1188)	0.161 (0.161)	94.53 (94.53)
[100/469]	0.0227 (0.0119)	0.0188 (0.0077)	0.145 (0.164)	96.88 (95.33)
[200/469]	0.0040 (0.0111)	0.0001 (0.0071)	0.092 (0.157)	98.44 (95.55)
[300/469]	0.0049 (0.0109)	0.0010 (0.0069)	0.193 (0.152)	93.75 (95.75)
[400/469]	0.0223 (0.0108)	0.0182 (0.0068)	0.125 (0.147)	96.09 (95.92)
[468/469]	0.0039 (0.0107)	0.0001 (0.0068)	0.069 (0.144)	98.96 (96.02)
 * Train Acc 96.017
 * Val Acc 96.560, Total time 0.94
Computing SI
validation split name: 1
 * Val Acc 0.000, Total time 0.70
validation split name: 2
 * Val Acc 0.000, Total time 0.92
validation split name: 3
 * Val Acc 6.460, Total time 0.96
validation split name: 4
 * Val Acc 37.040, Total time 0.96
validation split name: 5
 * Val Acc 67.820, Total time 0.94
validation split name: 6
 * Val Acc 49.100, Total time 0.97
validation split name: 7
 * Val Acc 73.690, Total time 0.95
validation split name: 8
 * Val Acc 91.390, Total time 0.96
validation split name: 9
 * Val Acc 96.560, Total time 0.93
====================== 10 =======================
Incremental class: Old valid output dimension: 90
Incremental class: New Valid output dimension: 100
#reg_term: 1
Epoch:0
LR: 0.0001
Itr		Time		  Data		  Loss		Acc
[0/469]	0.1307 (0.1307)	0.1234 (0.1234)	6.598 (6.598)	0.00 (0.00)
[100/469]	0.0048 (0.0115)	0.0010 (0.0076)	0.343 (1.051)	88.28 (74.16)
[200/469]	0.0047 (0.0109)	0.0009 (0.0070)	0.326 (0.674)	88.28 (82.71)
[300/469]	0.0222 (0.0108)	0.0183 (0.0069)	0.129 (0.531)	96.09 (86.13)
[400/469]	0.0041 (0.0107)	0.0001 (0.0068)	0.273 (0.451)	91.41 (88.11)
[468/469]	0.0039 (0.0107)	0.0001 (0.0067)	0.192 (0.417)	93.75 (88.97)
 * Train Acc 88.975
 * Val Acc 94.820, Total time 0.94
Epoch:1
LR: 0.0001
Itr		Time		  Data		  Loss		Acc
[0/469]	0.1276 (0.1276)	0.1188 (0.1188)	0.223 (0.223)	92.19 (92.19)
[100/469]	0.0050 (0.0114)	0.0011 (0.0075)	0.198 (0.167)	94.53 (95.45)
[200/469]	0.0120 (0.0109)	0.0080 (0.0070)	0.201 (0.161)	96.88 (95.51)
[300/469]	0.0115 (0.0107)	0.0075 (0.0068)	0.174 (0.154)	93.75 (95.73)
[400/469]	0.0048 (0.0106)	0.0010 (0.0067)	0.098 (0.151)	96.09 (95.86)
[468/469]	0.0039 (0.0106)	0.0001 (0.0067)	0.116 (0.146)	97.92 (95.97)
 * Train Acc 95.973
 * Val Acc 96.470, Total time 0.93
Computing SI
validation split name: 1
 * Val Acc 0.000, Total time 0.70
validation split name: 2
 * Val Acc 0.000, Total time 1.00
validation split name: 3
 * Val Acc 1.180, Total time 0.99
validation split name: 4
 * Val Acc 17.780, Total time 0.97
validation split name: 5
 * Val Acc 20.700, Total time 1.01
validation split name: 6
 * Val Acc 63.100, Total time 0.99
validation split name: 7
 * Val Acc 72.160, Total time 0.93
validation split name: 8
 * Val Acc 50.620, Total time 0.95
validation split name: 9
 * Val Acc 89.470, Total time 0.96
validation split name: 10
 * Val Acc 96.470, Total time 0.97
OrderedDict([('1', OrderedDict([('1', 96.45), ('2', 8.48), ('3', 0.0), ('4', 0.0), ('5', 0.0), ('6', 0.0), ('7', 0.0), ('8', 0.0), ('9', 0.0), ('10', 0.0)])), ('2', OrderedDict([('2', 96.71), ('3', 14.21), ('4', 0.29), ('5', 0.0), ('6', 0.0), ('7', 0.0), ('8', 0.0), ('9', 0.0), ('10', 0.0)])), ('3', OrderedDict([('3', 96.61), ('4', 72.3), ('5', 63.25), ('6', 21.05), ('7', 14.76), ('8', 6.11), ('9', 6.46), ('10', 1.18)])), ('4', OrderedDict([('4', 96.5), ('5', 91.66), ('6', 76.18), ('7', 48.56), ('8', 34.29), ('9', 37.04), ('10', 17.78)])), ('5', OrderedDict([('5', 96.27), ('6', 94.32), ('7', 87.49), ('8', 80.19), ('9', 67.82), ('10', 20.7)])), ('6', OrderedDict([('6', 96.48), ('7', 85.76), ('8', 77.09), ('9', 49.1), ('10', 63.1)])), ('7', OrderedDict([('7', 96.47), ('8', 90.97), ('9', 73.69), ('10', 72.16)])), ('8', OrderedDict([('8', 96.35), ('9', 91.39), ('10', 50.62)])), ('9', OrderedDict([('9', 96.56), ('10', 89.47)])), ('10', OrderedDict([('10', 96.47)]))])
Task 1 average acc: 96.45
Task 2 average acc: 52.595
Task 3 average acc: 36.94
Task 4 average acc: 42.2725
Task 5 average acc: 50.236000000000004
Task 6 average acc: 48.005
Task 7 average acc: 47.57714285714285
Task 8 average acc: 48.125
Task 9 average acc: 46.89555555555555
Task 10 average acc: 41.148
===Summary of experiment repeats: 1 / 5 ===
The regularization coefficient: 0.3
The last avg acc of all repeats: [41.148  0.     0.     0.     0.   ]
mean: 8.229600000000001 std: 16.459200000000006
MLP(
  (linear): Sequential(
    (0): Linear(in_features=1024, out_features=1000, bias=True)
    (1): ReLU(inplace=True)
    (2): Linear(in_features=1000, out_features=1000, bias=True)
    (3): ReLU(inplace=True)
  )
  (last): ModuleDict(
    (All): Linear(in_features=1000, out_features=100, bias=True)
  )
)
#parameter of model: 2126100
Task order: ['1', '2', '3', '4', '5', '6', '7', '8', '9', '10']
====================== 1 =======================
Incremental class: Old valid output dimension: ALL
Incremental class: New Valid output dimension: 10
#reg_term: 0
Epoch:0
LR: 0.0001
Itr		Time		  Data		  Loss		Acc
[0/469]	0.1167 (0.1167)	0.1107 (0.1107)	2.289 (2.289)	0.78 (0.78)
[100/469]	0.0082 (0.0085)	0.0051 (0.0054)	0.373 (0.804)	85.16 (79.63)
[200/469]	0.0031 (0.0079)	0.0002 (0.0049)	0.184 (0.565)	94.53 (85.08)
[300/469]	0.0121 (0.0077)	0.0078 (0.0046)	0.364 (0.465)	85.16 (87.46)
[400/469]	0.0045 (0.0077)	0.0002 (0.0045)	0.192 (0.406)	94.53 (88.94)
[468/469]	0.0097 (0.0077)	0.0068 (0.0045)	0.234 (0.375)	91.67 (89.69)
 * Train Acc 89.695
 * Val Acc 94.780, Total time 0.72
Epoch:1
LR: 0.0001
Itr		Time		  Data		  Loss		Acc
[0/469]	0.1140 (0.1140)	0.1084 (0.1084)	0.155 (0.155)	96.88 (96.88)
[100/469]	0.0045 (0.0084)	0.0016 (0.0053)	0.136 (0.170)	94.53 (95.09)
[200/469]	0.0040 (0.0077)	0.0001 (0.0047)	0.164 (0.160)	96.09 (95.28)
[300/469]	0.0149 (0.0076)	0.0119 (0.0046)	0.244 (0.158)	92.97 (95.36)
[400/469]	0.0044 (0.0075)	0.0015 (0.0045)	0.099 (0.153)	97.66 (95.51)
[468/469]	0.0103 (0.0074)	0.0073 (0.0045)	0.175 (0.148)	93.75 (95.65)
 * Train Acc 95.647
 * Val Acc 96.460, Total time 0.72
Computing SI
validation split name: 1
 * Val Acc 96.460, Total time 0.69
====================== 2 =======================
Incremental class: Old valid output dimension: 10
Incremental class: New Valid output dimension: 20
#reg_term: 1
Epoch:0
LR: 0.0001
Itr		Time		  Data		  Loss		Acc
[0/469]	0.1370 (0.1370)	0.1264 (0.1264)	3.179 (3.179)	0.00 (0.00)
[100/469]	0.0058 (0.0114)	0.0018 (0.0074)	0.374 (0.689)	86.72 (81.10)
[200/469]	0.0042 (0.0108)	0.0002 (0.0068)	0.282 (0.485)	92.19 (86.51)
[300/469]	0.0223 (0.0107)	0.0183 (0.0067)	0.243 (0.402)	94.53 (88.68)
[400/469]	0.0049 (0.0106)	0.0009 (0.0066)	0.182 (0.351)	96.09 (90.07)
[468/469]	0.0145 (0.0105)	0.0105 (0.0065)	0.093 (0.326)	97.92 (90.77)
 * Train Acc 90.767
 * Val Acc 95.490, Total time 1.01
Epoch:1
LR: 0.0001
Itr		Time		  Data		  Loss		Acc
[0/469]	0.1287 (0.1287)	0.1217 (0.1217)	0.104 (0.104)	96.88 (96.88)
[100/469]	0.0227 (0.0125)	0.0166 (0.0080)	0.104 (0.148)	96.88 (95.79)
[200/469]	0.0041 (0.0114)	0.0001 (0.0072)	0.120 (0.140)	96.88 (96.02)
[300/469]	0.0041 (0.0111)	0.0002 (0.0069)	0.101 (0.134)	96.88 (96.18)
[400/469]	0.0231 (0.0109)	0.0192 (0.0068)	0.159 (0.131)	95.31 (96.23)
[468/469]	0.0040 (0.0108)	0.0001 (0.0067)	0.144 (0.129)	94.79 (96.26)
 * Train Acc 96.258
 * Val Acc 96.920, Total time 0.96
Computing SI
validation split name: 1
 * Val Acc 16.080, Total time 0.69
validation split name: 2
 * Val Acc 96.920, Total time 1.00
====================== 3 =======================
Incremental class: Old valid output dimension: 20
Incremental class: New Valid output dimension: 30
#reg_term: 1
Epoch:0
LR: 0.0001
Itr		Time		  Data		  Loss		Acc
[0/469]	0.1290 (0.1290)	0.1214 (0.1214)	5.109 (5.109)	0.00 (0.00)
[100/469]	0.0242 (0.0119)	0.0198 (0.0077)	0.313 (0.829)	88.28 (77.44)
[200/469]	0.0048 (0.0111)	0.0009 (0.0070)	0.244 (0.559)	93.75 (84.48)
[300/469]	0.0041 (0.0108)	0.0001 (0.0067)	0.145 (0.449)	96.09 (87.44)
[400/469]	0.0209 (0.0107)	0.0169 (0.0067)	0.214 (0.389)	94.53 (89.07)
[468/469]	0.0040 (0.0106)	0.0001 (0.0066)	0.143 (0.359)	96.88 (89.92)
 * Train Acc 89.917
 * Val Acc 95.240, Total time 0.93
Epoch:1
LR: 0.0001
Itr		Time		  Data		  Loss		Acc
[0/469]	0.1262 (0.1262)	0.1189 (0.1189)	0.154 (0.154)	93.75 (93.75)
[100/469]	0.0049 (0.0114)	0.0009 (0.0074)	0.121 (0.157)	97.66 (95.59)
[200/469]	0.0049 (0.0108)	0.0010 (0.0068)	0.073 (0.149)	97.66 (95.70)
[300/469]	0.0128 (0.0107)	0.0087 (0.0067)	0.180 (0.144)	95.31 (95.83)
[400/469]	0.0187 (0.0106)	0.0147 (0.0066)	0.131 (0.137)	95.31 (96.02)
[468/469]	0.0040 (0.0106)	0.0001 (0.0066)	0.059 (0.135)	97.92 (96.06)
 * Train Acc 96.057
 * Val Acc 96.540, Total time 0.97
Computing SI
validation split name: 1
 * Val Acc 0.000, Total time 0.71
validation split name: 2
 * Val Acc 11.410, Total time 0.94
validation split name: 3
 * Val Acc 96.540, Total time 1.01
====================== 4 =======================
Incremental class: Old valid output dimension: 30
Incremental class: New Valid output dimension: 40
#reg_term: 1
Epoch:0
LR: 0.0001
Itr		Time		  Data		  Loss		Acc
[0/469]	0.1346 (0.1346)	0.1271 (0.1271)	6.946 (6.946)	0.00 (0.00)
[100/469]	0.0041 (0.0115)	0.0002 (0.0075)	0.354 (1.074)	89.84 (73.36)
[200/469]	0.0041 (0.0109)	0.0001 (0.0069)	0.314 (0.700)	89.06 (81.89)
[300/469]	0.0214 (0.0107)	0.0175 (0.0067)	0.250 (0.549)	92.97 (85.47)
[400/469]	0.0078 (0.0106)	0.0038 (0.0066)	0.266 (0.465)	92.19 (87.52)
[468/469]	0.0090 (0.0106)	0.0051 (0.0066)	0.255 (0.427)	87.50 (88.50)
 * Train Acc 88.497
 * Val Acc 94.790, Total time 0.93
Epoch:1
LR: 0.0001
Itr		Time		  Data		  Loss		Acc
[0/469]	0.1393 (0.1393)	0.1322 (0.1322)	0.100 (0.100)	96.88 (96.88)
[100/469]	0.0041 (0.0117)	0.0001 (0.0077)	0.191 (0.177)	94.53 (95.00)
[200/469]	0.0056 (0.0109)	0.0017 (0.0070)	0.077 (0.166)	99.22 (95.29)
[300/469]	0.0213 (0.0107)	0.0174 (0.0068)	0.131 (0.157)	96.88 (95.46)
[400/469]	0.0041 (0.0106)	0.0001 (0.0067)	0.148 (0.151)	94.53 (95.66)
[468/469]	0.0144 (0.0106)	0.0105 (0.0066)	0.164 (0.146)	93.75 (95.77)
 * Train Acc 95.773
 * Val Acc 96.180, Total time 0.94
Computing SI
validation split name: 1
 * Val Acc 0.000, Total time 0.70
validation split name: 2
 * Val Acc 0.380, Total time 1.01
validation split name: 3
 * Val Acc 57.790, Total time 0.97
validation split name: 4
 * Val Acc 96.180, Total time 0.95
====================== 5 =======================
Incremental class: Old valid output dimension: 40
Incremental class: New Valid output dimension: 50
#reg_term: 1
Epoch:0
LR: 0.0001
Itr		Time		  Data		  Loss		Acc
[0/469]	0.1273 (0.1273)	0.1202 (0.1202)	8.741 (8.741)	0.00 (0.00)
[100/469]	0.0041 (0.0117)	0.0004 (0.0079)	0.530 (1.258)	81.25 (69.34)
[200/469]	0.0039 (0.0111)	0.0001 (0.0074)	0.260 (0.794)	92.19 (79.87)
[300/469]	0.0231 (0.0110)	0.0194 (0.0072)	0.221 (0.617)	96.09 (83.90)
[400/469]	0.0038 (0.0108)	0.0001 (0.0070)	0.373 (0.523)	91.41 (86.13)
[468/469]	0.0147 (0.0107)	0.0110 (0.0069)	0.161 (0.478)	95.83 (87.30)
 * Train Acc 87.295
 * Val Acc 94.360, Total time 1.02
Epoch:1
LR: 0.0001
Itr		Time		  Data		  Loss		Acc
[0/469]	0.1297 (0.1297)	0.1223 (0.1223)	0.243 (0.243)	92.97 (92.97)
[100/469]	0.0048 (0.0115)	0.0008 (0.0074)	0.157 (0.184)	95.31 (94.76)
[200/469]	0.0041 (0.0109)	0.0001 (0.0069)	0.134 (0.168)	96.09 (95.18)
[300/469]	0.0222 (0.0108)	0.0182 (0.0068)	0.191 (0.164)	92.97 (95.24)
[400/469]	0.0042 (0.0107)	0.0001 (0.0067)	0.192 (0.157)	96.09 (95.46)
[468/469]	0.0143 (0.0107)	0.0100 (0.0067)	0.183 (0.156)	93.75 (95.50)
 * Train Acc 95.498
 * Val Acc 96.140, Total time 0.92
Computing SI
validation split name: 1
 * Val Acc 0.000, Total time 0.69
validation split name: 2
 * Val Acc 0.000, Total time 0.94
validation split name: 3
 * Val Acc 13.260, Total time 0.94
validation split name: 4
 * Val Acc 87.370, Total time 0.98
validation split name: 5
 * Val Acc 96.140, Total time 0.99
====================== 6 =======================
Incremental class: Old valid output dimension: 50
Incremental class: New Valid output dimension: 60
#reg_term: 1
Epoch:0
LR: 0.0001
Itr		Time		  Data		  Loss		Acc
[0/469]	0.1438 (0.1438)	0.1366 (0.1366)	7.535 (7.535)	0.00 (0.00)
[100/469]	0.0041 (0.0119)	0.0001 (0.0079)	0.429 (1.168)	85.94 (72.37)
[200/469]	0.0069 (0.0111)	0.0030 (0.0071)	0.208 (0.738)	95.31 (81.74)
[300/469]	0.0220 (0.0108)	0.0180 (0.0069)	0.114 (0.579)	97.66 (85.23)
[400/469]	0.0041 (0.0107)	0.0001 (0.0067)	0.177 (0.493)	95.31 (87.25)
[468/469]	0.0144 (0.0106)	0.0105 (0.0067)	0.080 (0.449)	97.92 (88.28)
 * Train Acc 88.278
 * Val Acc 94.930, Total time 0.95
Epoch:1
LR: 0.0001
Itr		Time		  Data		  Loss		Acc
[0/469]	0.1280 (0.1280)	0.1206 (0.1206)	0.165 (0.165)	95.31 (95.31)
[100/469]	0.0043 (0.0115)	0.0004 (0.0074)	0.093 (0.168)	96.88 (95.33)
[200/469]	0.0041 (0.0109)	0.0001 (0.0069)	0.165 (0.162)	96.09 (95.42)
[300/469]	0.0227 (0.0108)	0.0187 (0.0068)	0.156 (0.159)	96.88 (95.54)
[400/469]	0.0040 (0.0106)	0.0001 (0.0066)	0.207 (0.155)	96.09 (95.63)
[468/469]	0.0086 (0.0106)	0.0047 (0.0066)	0.094 (0.152)	97.92 (95.72)
 * Train Acc 95.715
 * Val Acc 96.490, Total time 0.93
Computing SI
validation split name: 1
 * Val Acc 0.000, Total time 0.69
validation split name: 2
 * Val Acc 0.000, Total time 0.99
validation split name: 3
 * Val Acc 13.360, Total time 0.95
validation split name: 4
 * Val Acc 78.910, Total time 0.93
validation split name: 5
 * Val Acc 95.290, Total time 0.98
validation split name: 6
 * Val Acc 96.490, Total time 0.94
====================== 7 =======================
Incremental class: Old valid output dimension: 60
Incremental class: New Valid output dimension: 70
#reg_term: 1
Epoch:0
LR: 0.0001
Itr		Time		  Data		  Loss		Acc
[0/469]	0.1396 (0.1396)	0.1324 (0.1324)	7.399 (7.399)	0.00 (0.00)
[100/469]	0.0224 (0.0120)	0.0184 (0.0077)	0.437 (1.176)	85.94 (71.74)
[200/469]	0.0041 (0.0112)	0.0002 (0.0071)	0.187 (0.749)	92.19 (81.27)
[300/469]	0.0041 (0.0109)	0.0001 (0.0069)	0.299 (0.582)	89.84 (85.06)
[400/469]	0.0228 (0.0108)	0.0188 (0.0068)	0.244 (0.489)	96.09 (87.22)
[468/469]	0.0040 (0.0107)	0.0001 (0.0067)	0.089 (0.446)	96.88 (88.30)
 * Train Acc 88.303
 * Val Acc 94.990, Total time 0.99
Epoch:1
LR: 0.0001
Itr		Time		  Data		  Loss		Acc
[0/469]	0.1274 (0.1274)	0.1176 (0.1176)	0.245 (0.245)	90.62 (90.62)
[100/469]	0.0046 (0.0115)	0.0008 (0.0074)	0.087 (0.161)	99.22 (95.47)
[200/469]	0.0042 (0.0109)	0.0001 (0.0069)	0.190 (0.155)	96.09 (95.65)
[300/469]	0.0137 (0.0107)	0.0099 (0.0067)	0.147 (0.153)	96.09 (95.67)
[400/469]	0.0215 (0.0106)	0.0178 (0.0066)	0.153 (0.150)	96.09 (95.78)
[468/469]	0.0037 (0.0105)	0.0001 (0.0066)	0.213 (0.145)	94.79 (95.89)
 * Train Acc 95.890
 * Val Acc 96.580, Total time 0.96
Computing SI
validation split name: 1
 * Val Acc 0.000, Total time 0.73
validation split name: 2
 * Val Acc 0.000, Total time 0.97
validation split name: 3
 * Val Acc 6.820, Total time 0.94
validation split name: 4
 * Val Acc 79.730, Total time 0.93
validation split name: 5
 * Val Acc 95.320, Total time 0.94
validation split name: 6
 * Val Acc 89.960, Total time 0.93
validation split name: 7
 * Val Acc 96.580, Total time 0.95
====================== 8 =======================
Incremental class: Old valid output dimension: 70
Incremental class: New Valid output dimension: 80
#reg_term: 1
Epoch:0
LR: 0.0001
Itr		Time		  Data		  Loss		Acc
[0/469]	0.1396 (0.1396)	0.1323 (0.1323)	6.558 (6.558)	0.00 (0.00)
[100/469]	0.0224 (0.0120)	0.0185 (0.0077)	0.446 (1.113)	85.94 (72.62)
[200/469]	0.0055 (0.0117)	0.0002 (0.0075)	0.182 (0.707)	96.09 (81.93)
[300/469]	0.0040 (0.0112)	0.0001 (0.0070)	0.313 (0.555)	90.62 (85.56)
[400/469]	0.0227 (0.0110)	0.0188 (0.0069)	0.154 (0.472)	94.53 (87.54)
[468/469]	0.0039 (0.0109)	0.0001 (0.0068)	0.118 (0.430)	96.88 (88.53)
 * Train Acc 88.530
 * Val Acc 94.680, Total time 0.95
Epoch:1
LR: 0.0001
Itr		Time		  Data		  Loss		Acc
[0/469]	0.1256 (0.1256)	0.1182 (0.1182)	0.134 (0.134)	96.09 (96.09)
[100/469]	0.0187 (0.0114)	0.0147 (0.0073)	0.193 (0.166)	92.97 (95.34)
[200/469]	0.0041 (0.0109)	0.0002 (0.0068)	0.130 (0.157)	95.31 (95.55)
[300/469]	0.0041 (0.0107)	0.0001 (0.0066)	0.162 (0.153)	94.53 (95.69)
[400/469]	0.0118 (0.0106)	0.0079 (0.0066)	0.146 (0.147)	94.53 (95.85)
[468/469]	0.0038 (0.0106)	0.0001 (0.0065)	0.120 (0.144)	96.88 (95.94)
 * Train Acc 95.945
 * Val Acc 96.570, Total time 0.93
Computing SI
validation split name: 1
 * Val Acc 0.000, Total time 0.69
validation split name: 2
 * Val Acc 0.000, Total time 0.95
validation split name: 3
 * Val Acc 0.250, Total time 0.94
validation split name: 4
 * Val Acc 64.630, Total time 0.95
validation split name: 5
 * Val Acc 89.580, Total time 0.96
validation split name: 6
 * Val Acc 84.620, Total time 0.99
validation split name: 7
 * Val Acc 79.360, Total time 0.94
validation split name: 8
 * Val Acc 96.570, Total time 0.94
====================== 9 =======================
Incremental class: Old valid output dimension: 80
Incremental class: New Valid output dimension: 90
#reg_term: 1
Epoch:0
LR: 0.0001
Itr		Time		  Data		  Loss		Acc
[0/469]	0.1291 (0.1291)	0.1221 (0.1221)	7.048 (7.048)	0.00 (0.00)
[100/469]	0.0211 (0.0116)	0.0172 (0.0076)	0.385 (1.114)	88.28 (73.17)
[200/469]	0.0041 (0.0111)	0.0002 (0.0071)	0.367 (0.715)	89.84 (82.11)
[300/469]	0.0040 (0.0109)	0.0002 (0.0069)	0.217 (0.559)	94.53 (85.68)
[400/469]	0.0239 (0.0109)	0.0199 (0.0069)	0.288 (0.474)	91.41 (87.72)
[468/469]	0.0041 (0.0108)	0.0001 (0.0068)	0.127 (0.434)	97.92 (88.73)
 * Train Acc 88.732
 * Val Acc 95.030, Total time 0.94
Epoch:1
LR: 0.0001
Itr		Time		  Data		  Loss		Acc
[0/469]	0.1294 (0.1294)	0.1221 (0.1221)	0.172 (0.172)	96.09 (96.09)
[100/469]	0.0215 (0.0120)	0.0175 (0.0076)	0.164 (0.165)	96.88 (95.32)
[200/469]	0.0042 (0.0111)	0.0001 (0.0069)	0.195 (0.161)	95.31 (95.48)
[300/469]	0.0153 (0.0109)	0.0113 (0.0067)	0.060 (0.153)	100.00 (95.77)
[400/469]	0.0041 (0.0108)	0.0001 (0.0066)	0.131 (0.149)	96.09 (95.92)
[468/469]	0.0041 (0.0107)	0.0001 (0.0066)	0.129 (0.146)	95.83 (96.00)
 * Train Acc 96.005
 * Val Acc 96.300, Total time 0.95
Computing SI
validation split name: 1
 * Val Acc 0.000, Total time 0.71
validation split name: 2
 * Val Acc 0.000, Total time 0.94
validation split name: 3
 * Val Acc 0.050, Total time 0.99
validation split name: 4
 * Val Acc 26.280, Total time 0.96
validation split name: 5
 * Val Acc 82.970, Total time 0.94
validation split name: 6
 * Val Acc 47.730, Total time 0.94
validation split name: 7
 * Val Acc 79.280, Total time 0.93
validation split name: 8
 * Val Acc 91.710, Total time 0.93
validation split name: 9
 * Val Acc 96.300, Total time 0.94
====================== 10 =======================
Incremental class: Old valid output dimension: 90
Incremental class: New Valid output dimension: 100
#reg_term: 1
Epoch:0
LR: 0.0001
Itr		Time		  Data		  Loss		Acc
[0/469]	0.1323 (0.1323)	0.1230 (0.1230)	7.120 (7.120)	0.00 (0.00)
[100/469]	0.0213 (0.0118)	0.0174 (0.0078)	0.416 (1.115)	89.06 (72.49)
[200/469]	0.0041 (0.0113)	0.0002 (0.0071)	0.232 (0.713)	93.75 (81.77)
[300/469]	0.0041 (0.0111)	0.0002 (0.0069)	0.132 (0.557)	95.31 (85.51)
[400/469]	0.0227 (0.0109)	0.0188 (0.0068)	0.186 (0.474)	95.31 (87.60)
[468/469]	0.0040 (0.0108)	0.0001 (0.0067)	0.157 (0.434)	94.79 (88.55)
 * Train Acc 88.548
 * Val Acc 94.890, Total time 0.95
Epoch:1
LR: 0.0001
Itr		Time		  Data		  Loss		Acc
[0/469]	0.1237 (0.1237)	0.1166 (0.1166)	0.272 (0.272)	94.53 (94.53)
[100/469]	0.0040 (0.0116)	0.0002 (0.0076)	0.168 (0.167)	94.53 (95.29)
[200/469]	0.0040 (0.0110)	0.0001 (0.0071)	0.139 (0.162)	96.09 (95.49)
[300/469]	0.0231 (0.0108)	0.0193 (0.0069)	0.173 (0.154)	95.31 (95.73)
[400/469]	0.0040 (0.0107)	0.0002 (0.0068)	0.166 (0.152)	94.53 (95.83)
[468/469]	0.0158 (0.0106)	0.0119 (0.0068)	0.058 (0.149)	98.96 (95.91)
 * Train Acc 95.908
 * Val Acc 96.620, Total time 0.94
Computing SI
validation split name: 1
 * Val Acc 0.000, Total time 0.71
validation split name: 2
 * Val Acc 0.000, Total time 0.94
validation split name: 3
 * Val Acc 0.030, Total time 0.93
validation split name: 4
 * Val Acc 27.660, Total time 0.94
validation split name: 5
 * Val Acc 79.810, Total time 0.93
validation split name: 6
 * Val Acc 65.480, Total time 0.97
validation split name: 7
 * Val Acc 55.580, Total time 0.95
validation split name: 8
 * Val Acc 75.760, Total time 0.94
validation split name: 9
 * Val Acc 92.550, Total time 1.01
validation split name: 10
 * Val Acc 96.620, Total time 0.95
OrderedDict([('1', OrderedDict([('1', 96.46), ('2', 16.08), ('3', 0.0), ('4', 0.0), ('5', 0.0), ('6', 0.0), ('7', 0.0), ('8', 0.0), ('9', 0.0), ('10', 0.0)])), ('2', OrderedDict([('2', 96.92), ('3', 11.41), ('4', 0.38), ('5', 0.0), ('6', 0.0), ('7', 0.0), ('8', 0.0), ('9', 0.0), ('10', 0.0)])), ('3', OrderedDict([('3', 96.54), ('4', 57.79), ('5', 13.26), ('6', 13.36), ('7', 6.82), ('8', 0.25), ('9', 0.05), ('10', 0.03)])), ('4', OrderedDict([('4', 96.18), ('5', 87.37), ('6', 78.91), ('7', 79.73), ('8', 64.63), ('9', 26.28), ('10', 27.66)])), ('5', OrderedDict([('5', 96.14), ('6', 95.29), ('7', 95.32), ('8', 89.58), ('9', 82.97), ('10', 79.81)])), ('6', OrderedDict([('6', 96.49), ('7', 89.96), ('8', 84.62), ('9', 47.73), ('10', 65.48)])), ('7', OrderedDict([('7', 96.58), ('8', 79.36), ('9', 79.28), ('10', 55.58)])), ('8', OrderedDict([('8', 96.57), ('9', 91.71), ('10', 75.76)])), ('9', OrderedDict([('9', 96.3), ('10', 92.55)])), ('10', OrderedDict([('10', 96.62)]))])
Task 1 average acc: 96.46
Task 2 average acc: 56.5
Task 3 average acc: 35.983333333333334
Task 4 average acc: 38.587500000000006
Task 5 average acc: 39.354
Task 6 average acc: 47.34166666666667
Task 7 average acc: 52.629999999999995
Task 8 average acc: 51.87625
Task 9 average acc: 47.14666666666667
Task 10 average acc: 49.349000000000004
===Summary of experiment repeats: 2 / 5 ===
The regularization coefficient: 0.3
The last avg acc of all repeats: [41.148 49.349  0.     0.     0.   ]
mean: 18.099400000000003 std: 22.31833462962683
MLP(
  (linear): Sequential(
    (0): Linear(in_features=1024, out_features=1000, bias=True)
    (1): ReLU(inplace=True)
    (2): Linear(in_features=1000, out_features=1000, bias=True)
    (3): ReLU(inplace=True)
  )
  (last): ModuleDict(
    (All): Linear(in_features=1000, out_features=100, bias=True)
  )
)
#parameter of model: 2126100
Task order: ['1', '2', '3', '4', '5', '6', '7', '8', '9', '10']
====================== 1 =======================
Incremental class: Old valid output dimension: ALL
Incremental class: New Valid output dimension: 10
#reg_term: 0
Epoch:0
LR: 0.0001
Itr		Time		  Data		  Loss		Acc
[0/469]	0.1274 (0.1274)	0.1213 (0.1213)	2.314 (2.314)	0.78 (0.78)
[100/469]	0.0031 (0.0088)	0.0002 (0.0054)	0.321 (0.811)	89.06 (79.32)
[200/469]	0.0031 (0.0080)	0.0001 (0.0048)	0.377 (0.571)	89.06 (84.90)
[300/469]	0.0152 (0.0077)	0.0123 (0.0046)	0.262 (0.469)	94.53 (87.29)
[400/469]	0.0037 (0.0076)	0.0008 (0.0045)	0.243 (0.408)	93.75 (88.88)
[468/469]	0.0098 (0.0075)	0.0068 (0.0045)	0.184 (0.377)	92.71 (89.65)
 * Train Acc 89.652
 * Val Acc 94.980, Total time 0.69
Epoch:1
LR: 0.0001
Itr		Time		  Data		  Loss		Acc
[0/469]	0.1160 (0.1160)	0.1093 (0.1093)	0.191 (0.191)	92.19 (92.19)
[100/469]	0.0144 (0.0083)	0.0113 (0.0052)	0.151 (0.179)	94.53 (94.63)
[200/469]	0.0031 (0.0077)	0.0001 (0.0047)	0.066 (0.166)	98.44 (95.20)
[300/469]	0.0029 (0.0075)	0.0001 (0.0045)	0.125 (0.158)	95.31 (95.31)
[400/469]	0.0029 (0.0074)	0.0001 (0.0045)	0.192 (0.154)	95.31 (95.49)
[468/469]	0.0073 (0.0074)	0.0045 (0.0044)	0.082 (0.151)	97.92 (95.63)
 * Train Acc 95.627
 * Val Acc 96.440, Total time 0.71
Computing SI
validation split name: 1
 * Val Acc 96.440, Total time 0.71
====================== 2 =======================
Incremental class: Old valid output dimension: 10
Incremental class: New Valid output dimension: 20
#reg_term: 1
Epoch:0
LR: 0.0001
Itr		Time		  Data		  Loss		Acc
[0/469]	0.1391 (0.1391)	0.1317 (0.1317)	3.243 (3.243)	0.00 (0.00)
[100/469]	0.0040 (0.0119)	0.0001 (0.0079)	0.451 (0.715)	87.50 (79.44)
[200/469]	0.0058 (0.0111)	0.0017 (0.0071)	0.207 (0.493)	92.19 (85.68)
[300/469]	0.0180 (0.0109)	0.0140 (0.0069)	0.238 (0.405)	92.19 (88.27)
[400/469]	0.0041 (0.0108)	0.0001 (0.0067)	0.150 (0.354)	96.09 (89.73)
[468/469]	0.0040 (0.0107)	0.0001 (0.0067)	0.110 (0.329)	97.92 (90.45)
 * Train Acc 90.452
 * Val Acc 95.520, Total time 0.96
Epoch:1
LR: 0.0001
Itr		Time		  Data		  Loss		Acc
[0/469]	0.1254 (0.1254)	0.1184 (0.1184)	0.170 (0.170)	97.66 (97.66)
[100/469]	0.0041 (0.0115)	0.0002 (0.0074)	0.125 (0.143)	96.88 (95.90)
[200/469]	0.0041 (0.0109)	0.0001 (0.0068)	0.174 (0.137)	94.53 (95.99)
[300/469]	0.0222 (0.0108)	0.0182 (0.0067)	0.153 (0.139)	94.53 (95.99)
[400/469]	0.0041 (0.0107)	0.0001 (0.0066)	0.079 (0.132)	98.44 (96.17)
[468/469]	0.0094 (0.0106)	0.0054 (0.0066)	0.058 (0.128)	97.92 (96.26)
 * Train Acc 96.260
 * Val Acc 96.800, Total time 0.96
Computing SI
validation split name: 1
 * Val Acc 7.190, Total time 0.75
validation split name: 2
 * Val Acc 96.800, Total time 0.97
====================== 3 =======================
Incremental class: Old valid output dimension: 20
Incremental class: New Valid output dimension: 30
#reg_term: 1
Epoch:0
LR: 0.0001
Itr		Time		  Data		  Loss		Acc
[0/469]	0.1281 (0.1281)	0.1214 (0.1214)	5.050 (5.050)	0.00 (0.00)
[100/469]	0.0043 (0.0114)	0.0002 (0.0074)	0.337 (0.862)	86.72 (77.02)
[200/469]	0.0050 (0.0109)	0.0010 (0.0069)	0.197 (0.575)	96.09 (84.31)
[300/469]	0.0221 (0.0107)	0.0181 (0.0068)	0.218 (0.462)	92.19 (87.22)
[400/469]	0.0045 (0.0106)	0.0004 (0.0067)	0.210 (0.400)	92.97 (88.84)
[468/469]	0.0152 (0.0106)	0.0112 (0.0066)	0.252 (0.368)	91.67 (89.70)
 * Train Acc 89.703
 * Val Acc 95.240, Total time 0.93
Epoch:1
LR: 0.0001
Itr		Time		  Data		  Loss		Acc
[0/469]	0.1213 (0.1213)	0.1140 (0.1140)	0.199 (0.199)	94.53 (94.53)
[100/469]	0.0049 (0.0113)	0.0010 (0.0073)	0.163 (0.158)	96.88 (95.30)
[200/469]	0.0048 (0.0108)	0.0009 (0.0068)	0.209 (0.149)	96.09 (95.67)
[300/469]	0.0242 (0.0107)	0.0188 (0.0067)	0.092 (0.142)	96.09 (95.84)
[400/469]	0.0041 (0.0107)	0.0002 (0.0066)	0.104 (0.138)	96.88 (95.96)
[468/469]	0.0155 (0.0107)	0.0116 (0.0066)	0.211 (0.135)	94.79 (96.07)
 * Train Acc 96.068
 * Val Acc 96.740, Total time 0.96
Computing SI
validation split name: 1
 * Val Acc 0.000, Total time 0.69
validation split name: 2
 * Val Acc 12.030, Total time 0.93
validation split name: 3
 * Val Acc 96.740, Total time 0.96
====================== 4 =======================
Incremental class: Old valid output dimension: 30
Incremental class: New Valid output dimension: 40
#reg_term: 1
Epoch:0
LR: 0.0001
Itr		Time		  Data		  Loss		Acc
[0/469]	0.1242 (0.1242)	0.1170 (0.1170)	7.077 (7.077)	0.00 (0.00)
[100/469]	0.0041 (0.0114)	0.0001 (0.0074)	0.451 (1.097)	87.50 (70.31)
[200/469]	0.0221 (0.0110)	0.0182 (0.0070)	0.292 (0.701)	92.19 (80.60)
[300/469]	0.0041 (0.0108)	0.0002 (0.0068)	0.272 (0.553)	95.31 (84.67)
[400/469]	0.0040 (0.0107)	0.0001 (0.0067)	0.186 (0.469)	94.53 (86.88)
[468/469]	0.0039 (0.0107)	0.0001 (0.0067)	0.179 (0.428)	93.75 (87.97)
 * Train Acc 87.968
 * Val Acc 94.930, Total time 0.94
Epoch:1
LR: 0.0001
Itr		Time		  Data		  Loss		Acc
[0/469]	0.1316 (0.1316)	0.1244 (0.1244)	0.127 (0.127)	96.88 (96.88)
[100/469]	0.0042 (0.0115)	0.0002 (0.0074)	0.241 (0.162)	91.41 (95.39)
[200/469]	0.0042 (0.0109)	0.0001 (0.0069)	0.122 (0.155)	96.88 (95.54)
[300/469]	0.0233 (0.0108)	0.0192 (0.0068)	0.069 (0.153)	98.44 (95.61)
[400/469]	0.0044 (0.0107)	0.0004 (0.0067)	0.216 (0.149)	93.75 (95.67)
[468/469]	0.0149 (0.0106)	0.0110 (0.0066)	0.149 (0.145)	96.88 (95.77)
 * Train Acc 95.767
 * Val Acc 96.500, Total time 0.99
Computing SI
validation split name: 1
 * Val Acc 0.000, Total time 0.69
validation split name: 2
 * Val Acc 0.210, Total time 0.95
validation split name: 3
 * Val Acc 62.620, Total time 0.94
validation split name: 4
 * Val Acc 96.500, Total time 0.98
====================== 5 =======================
Incremental class: Old valid output dimension: 40
Incremental class: New Valid output dimension: 50
#reg_term: 1
Epoch:0
LR: 0.0001
Itr		Time		  Data		  Loss		Acc
[0/469]	0.1309 (0.1309)	0.1241 (0.1241)	7.822 (7.822)	0.00 (0.00)
[100/469]	0.0041 (0.0119)	0.0002 (0.0073)	0.394 (1.202)	88.28 (71.12)
[200/469]	0.0041 (0.0111)	0.0001 (0.0068)	0.262 (0.762)	91.41 (80.88)
[300/469]	0.0227 (0.0109)	0.0187 (0.0067)	0.232 (0.597)	92.97 (84.64)
[400/469]	0.0041 (0.0107)	0.0002 (0.0066)	0.239 (0.504)	93.75 (86.86)
[468/469]	0.0153 (0.0107)	0.0113 (0.0066)	0.194 (0.463)	91.67 (87.83)
 * Train Acc 87.827
 * Val Acc 94.530, Total time 1.00
Epoch:1
LR: 0.0001
Itr		Time		  Data		  Loss		Acc
[0/469]	0.1247 (0.1247)	0.1176 (0.1176)	0.136 (0.136)	97.66 (97.66)
[100/469]	0.0041 (0.0120)	0.0002 (0.0079)	0.255 (0.188)	92.97 (94.89)
[200/469]	0.0213 (0.0113)	0.0172 (0.0073)	0.094 (0.172)	97.66 (95.21)
[300/469]	0.0051 (0.0110)	0.0011 (0.0070)	0.177 (0.164)	95.31 (95.36)
[400/469]	0.0231 (0.0109)	0.0190 (0.0069)	0.137 (0.160)	96.09 (95.41)
[468/469]	0.0040 (0.0108)	0.0001 (0.0068)	0.231 (0.155)	95.83 (95.55)
 * Train Acc 95.547
 * Val Acc 96.360, Total time 0.93
Computing SI
validation split name: 1
 * Val Acc 0.000, Total time 0.69
validation split name: 2
 * Val Acc 0.140, Total time 0.97
validation split name: 3
 * Val Acc 19.160, Total time 0.94
validation split name: 4
 * Val Acc 83.020, Total time 0.98
validation split name: 5
 * Val Acc 96.360, Total time 0.92
====================== 6 =======================
Incremental class: Old valid output dimension: 50
Incremental class: New Valid output dimension: 60
#reg_term: 1
Epoch:0
LR: 0.0001
Itr		Time		  Data		  Loss		Acc
[0/469]	0.1259 (0.1259)	0.1189 (0.1189)	7.853 (7.853)	0.00 (0.00)
[100/469]	0.0041 (0.0120)	0.0002 (0.0080)	0.355 (1.179)	89.84 (71.54)
[200/469]	0.0040 (0.0112)	0.0001 (0.0072)	0.248 (0.748)	93.75 (81.09)
[300/469]	0.0229 (0.0110)	0.0191 (0.0070)	0.260 (0.588)	92.97 (84.74)
[400/469]	0.0040 (0.0108)	0.0002 (0.0069)	0.257 (0.499)	93.75 (86.90)
[468/469]	0.0155 (0.0107)	0.0116 (0.0068)	0.143 (0.456)	94.79 (87.98)
 * Train Acc 87.977
 * Val Acc 94.570, Total time 0.94
Epoch:1
LR: 0.0001
Itr		Time		  Data		  Loss		Acc
[0/469]	0.1244 (0.1244)	0.1174 (0.1174)	0.106 (0.106)	96.88 (96.88)
[100/469]	0.0041 (0.0114)	0.0002 (0.0074)	0.222 (0.178)	95.31 (94.77)
[200/469]	0.0051 (0.0108)	0.0011 (0.0068)	0.138 (0.169)	94.53 (95.21)
[300/469]	0.0232 (0.0107)	0.0194 (0.0067)	0.221 (0.164)	92.97 (95.33)
[400/469]	0.0042 (0.0106)	0.0002 (0.0067)	0.193 (0.159)	95.31 (95.51)
[468/469]	0.0151 (0.0105)	0.0111 (0.0066)	0.109 (0.155)	96.88 (95.63)
 * Train Acc 95.630
 * Val Acc 96.290, Total time 0.94
Computing SI
validation split name: 1
 * Val Acc 0.000, Total time 0.69
validation split name: 2
 * Val Acc 0.010, Total time 0.95
validation split name: 3
 * Val Acc 12.240, Total time 0.94
validation split name: 4
 * Val Acc 76.230, Total time 0.94
validation split name: 5
 * Val Acc 88.860, Total time 0.93
validation split name: 6
 * Val Acc 96.290, Total time 0.95
====================== 7 =======================
Incremental class: Old valid output dimension: 60
Incremental class: New Valid output dimension: 70
#reg_term: 1
Epoch:0
LR: 0.0001
Itr		Time		  Data		  Loss		Acc
[0/469]	0.1267 (0.1267)	0.1193 (0.1193)	6.464 (6.464)	0.00 (0.00)
[100/469]	0.0235 (0.0120)	0.0188 (0.0074)	0.327 (1.135)	90.62 (71.69)
[200/469]	0.0048 (0.0115)	0.0002 (0.0068)	0.338 (0.725)	89.06 (81.19)
[300/469]	0.0041 (0.0111)	0.0002 (0.0067)	0.297 (0.569)	93.75 (84.94)
[400/469]	0.0232 (0.0109)	0.0192 (0.0066)	0.241 (0.482)	93.75 (87.04)
[468/469]	0.0040 (0.0108)	0.0001 (0.0066)	0.143 (0.441)	95.83 (88.11)
 * Train Acc 88.112
 * Val Acc 94.580, Total time 0.94
Epoch:1
LR: 0.0001
Itr		Time		  Data		  Loss		Acc
[0/469]	0.1260 (0.1260)	0.1187 (0.1187)	0.166 (0.166)	95.31 (95.31)
[100/469]	0.0230 (0.0120)	0.0191 (0.0079)	0.191 (0.164)	92.97 (95.42)
[200/469]	0.0042 (0.0111)	0.0002 (0.0072)	0.088 (0.161)	97.66 (95.40)
[300/469]	0.0041 (0.0109)	0.0001 (0.0069)	0.151 (0.155)	95.31 (95.61)
[400/469]	0.0222 (0.0108)	0.0181 (0.0068)	0.042 (0.150)	100.00 (95.79)
[468/469]	0.0042 (0.0107)	0.0001 (0.0067)	0.177 (0.149)	96.88 (95.82)
 * Train Acc 95.820
 * Val Acc 96.620, Total time 0.96
Computing SI
validation split name: 1
 * Val Acc 0.000, Total time 0.69
validation split name: 2
 * Val Acc 0.010, Total time 0.94
validation split name: 3
 * Val Acc 7.150, Total time 0.97
validation split name: 4
 * Val Acc 71.000, Total time 0.94
validation split name: 5
 * Val Acc 90.560, Total time 0.94
validation split name: 6
 * Val Acc 93.850, Total time 1.01
validation split name: 7
 * Val Acc 96.620, Total time 0.94
====================== 8 =======================
Incremental class: Old valid output dimension: 70
Incremental class: New Valid output dimension: 80
#reg_term: 1
Epoch:0
LR: 0.0001
Itr		Time		  Data		  Loss		Acc
[0/469]	0.1286 (0.1286)	0.1216 (0.1216)	6.767 (6.767)	0.00 (0.00)
[100/469]	0.0042 (0.0117)	0.0002 (0.0077)	0.230 (1.113)	93.75 (74.25)
[200/469]	0.0041 (0.0110)	0.0001 (0.0070)	0.290 (0.711)	91.41 (82.66)
[300/469]	0.0217 (0.0108)	0.0178 (0.0068)	0.274 (0.556)	93.75 (86.08)
[400/469]	0.0105 (0.0107)	0.0065 (0.0067)	0.143 (0.468)	95.31 (88.12)
[468/469]	0.0074 (0.0106)	0.0035 (0.0066)	0.198 (0.429)	92.71 (89.07)
 * Train Acc 89.068
 * Val Acc 94.920, Total time 0.99
Epoch:1
LR: 0.0001
Itr		Time		  Data		  Loss		Acc
[0/469]	0.1320 (0.1320)	0.1249 (0.1249)	0.108 (0.108)	98.44 (98.44)
[100/469]	0.0225 (0.0118)	0.0185 (0.0077)	0.145 (0.154)	96.88 (95.59)
[200/469]	0.0041 (0.0110)	0.0001 (0.0070)	0.245 (0.148)	92.19 (95.78)
[300/469]	0.0051 (0.0107)	0.0011 (0.0068)	0.124 (0.146)	95.31 (95.83)
[400/469]	0.0220 (0.0107)	0.0177 (0.0067)	0.102 (0.143)	97.66 (95.91)
[468/469]	0.0041 (0.0106)	0.0001 (0.0066)	0.060 (0.141)	96.88 (96.05)
 * Train Acc 96.048
 * Val Acc 96.420, Total time 0.93
Computing SI
validation split name: 1
 * Val Acc 0.000, Total time 0.70
validation split name: 2
 * Val Acc 0.000, Total time 0.94
validation split name: 3
 * Val Acc 1.600, Total time 0.94
validation split name: 4
 * Val Acc 57.840, Total time 0.99
validation split name: 5
 * Val Acc 73.740, Total time 0.96
validation split name: 6
 * Val Acc 83.930, Total time 0.94
validation split name: 7
 * Val Acc 93.830, Total time 0.96
validation split name: 8
 * Val Acc 96.420, Total time 0.96
====================== 9 =======================
Incremental class: Old valid output dimension: 80
Incremental class: New Valid output dimension: 90
#reg_term: 1
Epoch:0
LR: 0.0001
Itr		Time		  Data		  Loss		Acc
[0/469]	0.1319 (0.1319)	0.1245 (0.1245)	7.097 (7.097)	0.00 (0.00)
[100/469]	0.0041 (0.0117)	0.0002 (0.0077)	0.375 (1.114)	85.94 (74.13)
[200/469]	0.0043 (0.0111)	0.0001 (0.0070)	0.302 (0.712)	90.62 (82.52)
[300/469]	0.0111 (0.0109)	0.0070 (0.0069)	0.254 (0.557)	92.19 (85.97)
[400/469]	0.0232 (0.0108)	0.0193 (0.0068)	0.150 (0.472)	94.53 (87.89)
[468/469]	0.0039 (0.0107)	0.0001 (0.0068)	0.199 (0.430)	90.62 (88.88)
 * Train Acc 88.882
 * Val Acc 95.000, Total time 0.95
Epoch:1
LR: 0.0001
Itr		Time		  Data		  Loss		Acc
[0/469]	0.1265 (0.1265)	0.1195 (0.1195)	0.124 (0.124)	96.09 (96.09)
[100/469]	0.0041 (0.0115)	0.0001 (0.0075)	0.210 (0.168)	94.53 (95.20)
[200/469]	0.0051 (0.0110)	0.0009 (0.0070)	0.157 (0.160)	96.09 (95.49)
[300/469]	0.0183 (0.0108)	0.0144 (0.0068)	0.088 (0.154)	97.66 (95.71)
[400/469]	0.0041 (0.0107)	0.0001 (0.0067)	0.109 (0.148)	96.88 (95.85)
[468/469]	0.0040 (0.0107)	0.0001 (0.0067)	0.119 (0.146)	96.88 (95.89)
 * Train Acc 95.890
 * Val Acc 96.670, Total time 0.95
Computing SI
validation split name: 1
 * Val Acc 0.000, Total time 0.69
validation split name: 2
 * Val Acc 0.000, Total time 0.98
validation split name: 3
 * Val Acc 0.520, Total time 0.96
validation split name: 4
 * Val Acc 49.690, Total time 0.96
validation split name: 5
 * Val Acc 80.250, Total time 0.94
validation split name: 6
 * Val Acc 71.110, Total time 0.95
validation split name: 7
 * Val Acc 82.040, Total time 0.93
validation split name: 8
 * Val Acc 86.870, Total time 0.93
validation split name: 9
 * Val Acc 96.670, Total time 0.95
====================== 10 =======================
Incremental class: Old valid output dimension: 90
Incremental class: New Valid output dimension: 100
#reg_term: 1
Epoch:0
LR: 0.0001
Itr		Time		  Data		  Loss		Acc
[0/469]	0.1311 (0.1311)	0.1240 (0.1240)	6.817 (6.817)	0.00 (0.00)
[100/469]	0.0227 (0.0121)	0.0188 (0.0081)	0.365 (1.125)	89.84 (71.75)
[200/469]	0.0050 (0.0112)	0.0011 (0.0073)	0.247 (0.714)	91.41 (81.37)
[300/469]	0.0040 (0.0109)	0.0001 (0.0070)	0.267 (0.556)	94.53 (85.36)
[400/469]	0.0110 (0.0108)	0.0072 (0.0069)	0.163 (0.470)	93.75 (87.50)
[468/469]	0.0038 (0.0107)	0.0001 (0.0068)	0.107 (0.431)	95.83 (88.50)
 * Train Acc 88.505
 * Val Acc 95.170, Total time 0.94
Epoch:1
LR: 0.0001
Itr		Time		  Data		  Loss		Acc
[0/469]	0.1259 (0.1259)	0.1183 (0.1183)	0.139 (0.139)	94.53 (94.53)
[100/469]	0.0238 (0.0119)	0.0199 (0.0078)	0.128 (0.170)	96.09 (95.27)
[200/469]	0.0042 (0.0115)	0.0002 (0.0074)	0.111 (0.159)	96.09 (95.55)
[300/469]	0.0079 (0.0111)	0.0039 (0.0071)	0.099 (0.152)	97.66 (95.75)
[400/469]	0.0041 (0.0109)	0.0002 (0.0070)	0.102 (0.147)	97.66 (95.92)
[468/469]	0.0155 (0.0109)	0.0116 (0.0069)	0.202 (0.145)	93.75 (95.98)
 * Train Acc 95.977
 * Val Acc 96.650, Total time 0.93
Computing SI
validation split name: 1
 * Val Acc 0.000, Total time 0.70
validation split name: 2
 * Val Acc 0.000, Total time 0.94
validation split name: 3
 * Val Acc 0.080, Total time 0.94
validation split name: 4
 * Val Acc 52.070, Total time 0.95
validation split name: 5
 * Val Acc 70.600, Total time 0.94
validation split name: 6
 * Val Acc 65.210, Total time 0.95
validation split name: 7
 * Val Acc 65.130, Total time 0.95
validation split name: 8
 * Val Acc 87.760, Total time 0.94
validation split name: 9
 * Val Acc 91.960, Total time 0.93
validation split name: 10
 * Val Acc 96.650, Total time 0.93
OrderedDict([('1', OrderedDict([('1', 96.44), ('2', 7.19), ('3', 0.0), ('4', 0.0), ('5', 0.0), ('6', 0.0), ('7', 0.0), ('8', 0.0), ('9', 0.0), ('10', 0.0)])), ('2', OrderedDict([('2', 96.8), ('3', 12.03), ('4', 0.21), ('5', 0.14), ('6', 0.01), ('7', 0.01), ('8', 0.0), ('9', 0.0), ('10', 0.0)])), ('3', OrderedDict([('3', 96.74), ('4', 62.62), ('5', 19.16), ('6', 12.24), ('7', 7.15), ('8', 1.6), ('9', 0.52), ('10', 0.08)])), ('4', OrderedDict([('4', 96.5), ('5', 83.02), ('6', 76.23), ('7', 71.0), ('8', 57.84), ('9', 49.69), ('10', 52.07)])), ('5', OrderedDict([('5', 96.36), ('6', 88.86), ('7', 90.56), ('8', 73.74), ('9', 80.25), ('10', 70.6)])), ('6', OrderedDict([('6', 96.29), ('7', 93.85), ('8', 83.93), ('9', 71.11), ('10', 65.21)])), ('7', OrderedDict([('7', 96.62), ('8', 93.83), ('9', 82.04), ('10', 65.13)])), ('8', OrderedDict([('8', 96.42), ('9', 86.87), ('10', 87.76)])), ('9', OrderedDict([('9', 96.67), ('10', 91.96)])), ('10', OrderedDict([('10', 96.65)]))])
Task 1 average acc: 96.44
Task 2 average acc: 51.995
Task 3 average acc: 36.25666666666667
Task 4 average acc: 39.832499999999996
Task 5 average acc: 39.736000000000004
Task 6 average acc: 45.605
Task 7 average acc: 51.31285714285714
Task 8 average acc: 50.92
Task 9 average acc: 51.90555555555556
Task 10 average acc: 52.94599999999999
===Summary of experiment repeats: 3 / 5 ===
The regularization coefficient: 0.3
The last avg acc of all repeats: [41.148 49.349 52.946  0.     0.   ]
mean: 28.6886 std: 23.73428646999947
MLP(
  (linear): Sequential(
    (0): Linear(in_features=1024, out_features=1000, bias=True)
    (1): ReLU(inplace=True)
    (2): Linear(in_features=1000, out_features=1000, bias=True)
    (3): ReLU(inplace=True)
  )
  (last): ModuleDict(
    (All): Linear(in_features=1000, out_features=100, bias=True)
  )
)
#parameter of model: 2126100
Task order: ['1', '2', '3', '4', '5', '6', '7', '8', '9', '10']
====================== 1 =======================
Incremental class: Old valid output dimension: ALL
Incremental class: New Valid output dimension: 10
#reg_term: 0
Epoch:0
LR: 0.0001
Itr		Time		  Data		  Loss		Acc
[0/469]	0.1261 (0.1261)	0.1192 (0.1192)	2.324 (2.324)	1.56 (1.56)
[100/469]	0.0135 (0.0087)	0.0105 (0.0056)	0.254 (0.828)	92.19 (78.76)
[200/469]	0.0031 (0.0079)	0.0001 (0.0049)	0.392 (0.574)	90.62 (84.77)
[300/469]	0.0065 (0.0077)	0.0035 (0.0047)	0.181 (0.469)	93.75 (87.40)
[400/469]	0.0066 (0.0076)	0.0037 (0.0046)	0.236 (0.409)	93.75 (88.89)
[468/469]	0.0095 (0.0075)	0.0066 (0.0045)	0.268 (0.380)	92.71 (89.62)
 * Train Acc 89.617
 * Val Acc 94.760, Total time 0.69
Epoch:1
LR: 0.0001
Itr		Time		  Data		  Loss		Acc
[0/469]	0.1218 (0.1218)	0.1158 (0.1158)	0.271 (0.271)	89.84 (89.84)
[100/469]	0.0032 (0.0083)	0.0002 (0.0053)	0.097 (0.174)	98.44 (94.97)
[200/469]	0.0030 (0.0077)	0.0001 (0.0047)	0.206 (0.165)	92.97 (95.20)
[300/469]	0.0153 (0.0076)	0.0123 (0.0046)	0.159 (0.161)	96.88 (95.34)
[400/469]	0.0032 (0.0075)	0.0002 (0.0045)	0.135 (0.155)	96.09 (95.48)
[468/469]	0.0106 (0.0074)	0.0077 (0.0045)	0.244 (0.151)	93.75 (95.56)
 * Train Acc 95.565
 * Val Acc 96.130, Total time 0.75
Computing SI
validation split name: 1
 * Val Acc 96.130, Total time 0.74
====================== 2 =======================
Incremental class: Old valid output dimension: 10
Incremental class: New Valid output dimension: 20
#reg_term: 1
Epoch:0
LR: 0.0001
Itr		Time		  Data		  Loss		Acc
[0/469]	0.1454 (0.1454)	0.1340 (0.1340)	3.246 (3.246)	0.00 (0.00)
[100/469]	0.0042 (0.0120)	0.0002 (0.0079)	0.244 (0.715)	92.97 (79.80)
[200/469]	0.0041 (0.0111)	0.0001 (0.0071)	0.252 (0.498)	95.31 (85.90)
[300/469]	0.0219 (0.0109)	0.0179 (0.0069)	0.260 (0.410)	92.19 (88.34)
[400/469]	0.0054 (0.0107)	0.0015 (0.0068)	0.208 (0.355)	93.75 (89.85)
[468/469]	0.0135 (0.0107)	0.0096 (0.0067)	0.236 (0.330)	92.71 (90.51)
 * Train Acc 90.513
 * Val Acc 95.280, Total time 0.95
Epoch:1
LR: 0.0001
Itr		Time		  Data		  Loss		Acc
[0/469]	0.1267 (0.1267)	0.1191 (0.1191)	0.096 (0.096)	97.66 (97.66)
[100/469]	0.0045 (0.0115)	0.0006 (0.0074)	0.135 (0.147)	96.88 (95.95)
[200/469]	0.0040 (0.0109)	0.0001 (0.0069)	0.175 (0.142)	92.19 (95.99)
[300/469]	0.0219 (0.0108)	0.0180 (0.0068)	0.178 (0.138)	94.53 (96.05)
[400/469]	0.0044 (0.0107)	0.0004 (0.0067)	0.150 (0.133)	96.88 (96.22)
[468/469]	0.0146 (0.0106)	0.0107 (0.0066)	0.097 (0.130)	97.92 (96.27)
 * Train Acc 96.273
 * Val Acc 96.710, Total time 0.93
Computing SI
validation split name: 1
 * Val Acc 14.530, Total time 0.71
validation split name: 2
 * Val Acc 96.710, Total time 0.94
====================== 3 =======================
Incremental class: Old valid output dimension: 20
Incremental class: New Valid output dimension: 30
#reg_term: 1
Epoch:0
LR: 0.0001
Itr		Time		  Data		  Loss		Acc
[0/469]	0.1430 (0.1430)	0.1356 (0.1356)	5.002 (5.002)	0.00 (0.00)
[100/469]	0.0041 (0.0121)	0.0001 (0.0080)	0.363 (0.871)	89.06 (76.56)
[200/469]	0.0039 (0.0112)	0.0001 (0.0072)	0.166 (0.585)	93.75 (83.81)
[300/469]	0.0216 (0.0109)	0.0179 (0.0070)	0.145 (0.468)	95.31 (86.97)
[400/469]	0.0039 (0.0107)	0.0001 (0.0068)	0.133 (0.402)	95.31 (88.69)
[468/469]	0.0154 (0.0106)	0.0117 (0.0067)	0.105 (0.368)	95.83 (89.62)
 * Train Acc 89.625
 * Val Acc 95.450, Total time 0.94
Epoch:1
LR: 0.0001
Itr		Time		  Data		  Loss		Acc
[0/469]	0.1261 (0.1261)	0.1188 (0.1188)	0.316 (0.316)	91.41 (91.41)
[100/469]	0.0040 (0.0116)	0.0002 (0.0075)	0.155 (0.152)	95.31 (95.60)
[200/469]	0.0040 (0.0109)	0.0001 (0.0070)	0.171 (0.147)	94.53 (95.76)
[300/469]	0.0218 (0.0108)	0.0180 (0.0068)	0.099 (0.143)	96.88 (95.85)
[400/469]	0.0047 (0.0106)	0.0008 (0.0067)	0.056 (0.137)	99.22 (96.02)
[468/469]	0.0153 (0.0106)	0.0114 (0.0066)	0.037 (0.133)	100.00 (96.15)
 * Train Acc 96.153
 * Val Acc 96.390, Total time 0.94
Computing SI
validation split name: 1
 * Val Acc 0.000, Total time 0.69
validation split name: 2
 * Val Acc 14.690, Total time 0.94
validation split name: 3
 * Val Acc 96.390, Total time 0.95
====================== 4 =======================
Incremental class: Old valid output dimension: 30
Incremental class: New Valid output dimension: 40
#reg_term: 1
Epoch:0
LR: 0.0001
Itr		Time		  Data		  Loss		Acc
[0/469]	0.1255 (0.1255)	0.1178 (0.1178)	7.088 (7.088)	0.00 (0.00)
[100/469]	0.0093 (0.0116)	0.0053 (0.0075)	0.342 (1.070)	90.62 (73.64)
[200/469]	0.0041 (0.0110)	0.0001 (0.0069)	0.287 (0.691)	89.06 (82.24)
[300/469]	0.0232 (0.0109)	0.0193 (0.0068)	0.259 (0.544)	93.75 (85.74)
[400/469]	0.0041 (0.0107)	0.0001 (0.0067)	0.183 (0.459)	96.09 (87.82)
[468/469]	0.0144 (0.0107)	0.0105 (0.0067)	0.193 (0.422)	94.79 (88.77)
 * Train Acc 88.767
 * Val Acc 94.700, Total time 0.95
Epoch:1
LR: 0.0001
Itr		Time		  Data		  Loss		Acc
[0/469]	0.1260 (0.1260)	0.1194 (0.1194)	0.207 (0.207)	93.75 (93.75)
[100/469]	0.0139 (0.0115)	0.0098 (0.0074)	0.130 (0.162)	96.88 (95.43)
[200/469]	0.0041 (0.0109)	0.0001 (0.0069)	0.084 (0.159)	96.88 (95.43)
[300/469]	0.0051 (0.0107)	0.0011 (0.0067)	0.129 (0.150)	96.88 (95.67)
[400/469]	0.0216 (0.0107)	0.0176 (0.0067)	0.170 (0.147)	95.31 (95.76)
[468/469]	0.0039 (0.0106)	0.0001 (0.0066)	0.151 (0.143)	96.88 (95.86)
 * Train Acc 95.862
 * Val Acc 96.330, Total time 0.94
Computing SI
validation split name: 1
 * Val Acc 0.000, Total time 0.69
validation split name: 2
 * Val Acc 0.000, Total time 0.97
validation split name: 3
 * Val Acc 52.950, Total time 0.96
validation split name: 4
 * Val Acc 96.330, Total time 0.95
====================== 5 =======================
Incremental class: Old valid output dimension: 40
Incremental class: New Valid output dimension: 50
#reg_term: 1
Epoch:0
LR: 0.0001
Itr		Time		  Data		  Loss		Acc
[0/469]	0.1290 (0.1290)	0.1214 (0.1214)	8.512 (8.512)	0.00 (0.00)
[100/469]	0.0044 (0.0116)	0.0005 (0.0075)	0.320 (1.260)	90.62 (69.80)
[200/469]	0.0041 (0.0110)	0.0002 (0.0070)	0.326 (0.795)	89.84 (80.13)
[300/469]	0.0228 (0.0108)	0.0189 (0.0068)	0.318 (0.621)	91.41 (84.16)
[400/469]	0.0041 (0.0107)	0.0002 (0.0067)	0.145 (0.525)	96.09 (86.37)
[468/469]	0.0150 (0.0106)	0.0111 (0.0067)	0.200 (0.479)	93.75 (87.49)
 * Train Acc 87.492
 * Val Acc 94.500, Total time 0.94
Epoch:1
LR: 0.0001
Itr		Time		  Data		  Loss		Acc
[0/469]	0.1429 (0.1429)	0.1359 (0.1359)	0.140 (0.140)	96.09 (96.09)
[100/469]	0.0043 (0.0122)	0.0001 (0.0081)	0.174 (0.181)	96.09 (94.92)
[200/469]	0.0051 (0.0113)	0.0011 (0.0073)	0.211 (0.176)	93.75 (94.96)
[300/469]	0.0222 (0.0110)	0.0182 (0.0070)	0.174 (0.170)	94.53 (95.17)
[400/469]	0.0041 (0.0109)	0.0001 (0.0068)	0.147 (0.163)	95.31 (95.41)
[468/469]	0.0096 (0.0108)	0.0057 (0.0068)	0.133 (0.159)	96.88 (95.47)
 * Train Acc 95.475
 * Val Acc 96.270, Total time 0.94
Computing SI
validation split name: 1
 * Val Acc 0.000, Total time 0.71
validation split name: 2
 * Val Acc 0.210, Total time 0.95
validation split name: 3
 * Val Acc 41.780, Total time 0.93
validation split name: 4
 * Val Acc 79.580, Total time 0.96
validation split name: 5
 * Val Acc 96.270, Total time 0.95
====================== 6 =======================
Incremental class: Old valid output dimension: 50
Incremental class: New Valid output dimension: 60
#reg_term: 1
Epoch:0
LR: 0.0001
Itr		Time		  Data		  Loss		Acc
[0/469]	0.1277 (0.1277)	0.1206 (0.1206)	6.849 (6.849)	0.00 (0.00)
[100/469]	0.0040 (0.0115)	0.0001 (0.0075)	0.387 (1.099)	89.84 (74.09)
[200/469]	0.0041 (0.0110)	0.0001 (0.0070)	0.301 (0.712)	89.06 (82.26)
[300/469]	0.0230 (0.0109)	0.0189 (0.0069)	0.258 (0.557)	93.75 (85.87)
[400/469]	0.0058 (0.0107)	0.0017 (0.0068)	0.194 (0.473)	95.31 (87.83)
[468/469]	0.0141 (0.0107)	0.0102 (0.0067)	0.140 (0.433)	95.83 (88.76)
 * Train Acc 88.762
 * Val Acc 94.710, Total time 0.93
Epoch:1
LR: 0.0001
Itr		Time		  Data		  Loss		Acc
[0/469]	0.1270 (0.1270)	0.1193 (0.1193)	0.267 (0.267)	93.75 (93.75)
[100/469]	0.0042 (0.0114)	0.0002 (0.0073)	0.087 (0.169)	99.22 (95.13)
[200/469]	0.0041 (0.0108)	0.0001 (0.0068)	0.241 (0.161)	91.41 (95.41)
[300/469]	0.0233 (0.0107)	0.0192 (0.0067)	0.095 (0.154)	98.44 (95.63)
[400/469]	0.0042 (0.0106)	0.0002 (0.0066)	0.159 (0.151)	96.88 (95.70)
[468/469]	0.0156 (0.0106)	0.0117 (0.0066)	0.119 (0.149)	94.79 (95.75)
 * Train Acc 95.752
 * Val Acc 96.410, Total time 0.94
Computing SI
validation split name: 1
 * Val Acc 0.000, Total time 0.69
validation split name: 2
 * Val Acc 0.000, Total time 0.97
validation split name: 3
 * Val Acc 13.490, Total time 0.94
validation split name: 4
 * Val Acc 62.330, Total time 0.97
validation split name: 5
 * Val Acc 94.660, Total time 0.95
validation split name: 6
 * Val Acc 96.410, Total time 0.94
====================== 7 =======================
Incremental class: Old valid output dimension: 60
Incremental class: New Valid output dimension: 70
#reg_term: 1
Epoch:0
LR: 0.0001
Itr		Time		  Data		  Loss		Acc
[0/469]	0.1292 (0.1292)	0.1222 (0.1222)	7.561 (7.561)	0.00 (0.00)
[100/469]	0.0041 (0.0115)	0.0001 (0.0075)	0.422 (1.193)	88.28 (71.34)
[200/469]	0.0240 (0.0111)	0.0200 (0.0071)	0.242 (0.756)	92.19 (80.94)
[300/469]	0.0044 (0.0109)	0.0004 (0.0069)	0.207 (0.591)	93.75 (84.77)
[400/469]	0.0041 (0.0108)	0.0001 (0.0068)	0.265 (0.500)	94.53 (86.97)
[468/469]	0.0040 (0.0107)	0.0001 (0.0067)	0.172 (0.456)	94.79 (88.04)
 * Train Acc 88.038
 * Val Acc 94.660, Total time 0.93
Epoch:1
LR: 0.0001
Itr		Time		  Data		  Loss		Acc
[0/469]	0.1260 (0.1260)	0.1187 (0.1187)	0.219 (0.219)	92.19 (92.19)
[100/469]	0.0227 (0.0118)	0.0186 (0.0077)	0.165 (0.171)	95.31 (95.00)
[200/469]	0.0042 (0.0111)	0.0001 (0.0070)	0.147 (0.164)	93.75 (95.27)
[300/469]	0.0040 (0.0109)	0.0001 (0.0068)	0.091 (0.158)	98.44 (95.47)
[400/469]	0.0233 (0.0108)	0.0192 (0.0068)	0.105 (0.154)	95.31 (95.62)
[468/469]	0.0041 (0.0107)	0.0001 (0.0067)	0.139 (0.150)	95.83 (95.72)
 * Train Acc 95.722
 * Val Acc 96.350, Total time 0.95
Computing SI
validation split name: 1
 * Val Acc 0.000, Total time 0.71
validation split name: 2
 * Val Acc 0.000, Total time 0.94
validation split name: 3
 * Val Acc 7.550, Total time 1.01
validation split name: 4
 * Val Acc 70.200, Total time 0.94
validation split name: 5
 * Val Acc 90.890, Total time 0.94
validation split name: 6
 * Val Acc 92.810, Total time 0.94
validation split name: 7
 * Val Acc 96.350, Total time 0.94
====================== 8 =======================
Incremental class: Old valid output dimension: 70
Incremental class: New Valid output dimension: 80
#reg_term: 1
Epoch:0
LR: 0.0001
Itr		Time		  Data		  Loss		Acc
[0/469]	0.1383 (0.1383)	0.1309 (0.1309)	6.743 (6.743)	0.00 (0.00)
[100/469]	0.0041 (0.0119)	0.0002 (0.0078)	0.577 (1.135)	87.50 (71.53)
[200/469]	0.0041 (0.0113)	0.0001 (0.0071)	0.278 (0.721)	90.62 (81.25)
[300/469]	0.0242 (0.0111)	0.0196 (0.0069)	0.309 (0.563)	92.97 (85.04)
[400/469]	0.0041 (0.0110)	0.0002 (0.0068)	0.268 (0.474)	91.41 (87.31)
[468/469]	0.0150 (0.0109)	0.0110 (0.0067)	0.193 (0.436)	97.92 (88.30)
 * Train Acc 88.303
 * Val Acc 94.610, Total time 0.98
Epoch:1
LR: 0.0001
Itr		Time		  Data		  Loss		Acc
[0/469]	0.1429 (0.1429)	0.1359 (0.1359)	0.195 (0.195)	93.75 (93.75)
[100/469]	0.0042 (0.0121)	0.0001 (0.0080)	0.184 (0.166)	94.53 (95.35)
[200/469]	0.0162 (0.0112)	0.0121 (0.0072)	0.089 (0.157)	98.44 (95.62)
[300/469]	0.0149 (0.0110)	0.0110 (0.0069)	0.081 (0.156)	97.66 (95.69)
[400/469]	0.0042 (0.0108)	0.0001 (0.0068)	0.190 (0.152)	94.53 (95.75)
[468/469]	0.0043 (0.0108)	0.0005 (0.0067)	0.099 (0.148)	97.92 (95.88)
 * Train Acc 95.880
 * Val Acc 96.560, Total time 0.94
Computing SI
validation split name: 1
 * Val Acc 0.000, Total time 0.69
validation split name: 2
 * Val Acc 0.000, Total time 0.93
validation split name: 3
 * Val Acc 0.790, Total time 0.93
validation split name: 4
 * Val Acc 47.470, Total time 0.97
validation split name: 5
 * Val Acc 86.080, Total time 0.95
validation split name: 6
 * Val Acc 87.450, Total time 0.94
validation split name: 7
 * Val Acc 96.060, Total time 0.94
validation split name: 8
 * Val Acc 96.560, Total time 0.97
====================== 9 =======================
Incremental class: Old valid output dimension: 80
Incremental class: New Valid output dimension: 90
#reg_term: 1
Epoch:0
LR: 0.0001
Itr		Time		  Data		  Loss		Acc
[0/469]	0.1307 (0.1307)	0.1235 (0.1235)	6.462 (6.462)	0.00 (0.00)
[100/469]	0.0042 (0.0117)	0.0002 (0.0077)	0.321 (1.102)	90.62 (73.48)
[200/469]	0.0041 (0.0111)	0.0001 (0.0072)	0.187 (0.700)	93.75 (82.30)
[300/469]	0.0233 (0.0110)	0.0194 (0.0070)	0.270 (0.548)	92.19 (85.91)
[400/469]	0.0042 (0.0108)	0.0002 (0.0069)	0.123 (0.463)	97.66 (87.96)
[468/469]	0.0159 (0.0108)	0.0119 (0.0068)	0.262 (0.423)	91.67 (88.89)
 * Train Acc 88.888
 * Val Acc 95.380, Total time 0.95
Epoch:1
LR: 0.0001
Itr		Time		  Data		  Loss		Acc
[0/469]	0.1290 (0.1290)	0.1211 (0.1211)	0.161 (0.161)	93.75 (93.75)
[100/469]	0.0043 (0.0116)	0.0004 (0.0075)	0.253 (0.154)	90.62 (95.61)
[200/469]	0.0041 (0.0110)	0.0001 (0.0070)	0.092 (0.151)	97.66 (95.74)
[300/469]	0.0235 (0.0109)	0.0193 (0.0069)	0.108 (0.147)	97.66 (95.90)
[400/469]	0.0043 (0.0107)	0.0004 (0.0068)	0.053 (0.142)	99.22 (96.06)
[468/469]	0.0154 (0.0107)	0.0115 (0.0067)	0.116 (0.140)	95.83 (96.14)
 * Train Acc 96.135
 * Val Acc 96.770, Total time 0.95
Computing SI
validation split name: 1
 * Val Acc 0.000, Total time 0.70
validation split name: 2
 * Val Acc 0.000, Total time 0.97
validation split name: 3
 * Val Acc 0.020, Total time 0.98
validation split name: 4
 * Val Acc 21.280, Total time 0.94
validation split name: 5
 * Val Acc 73.210, Total time 0.93
validation split name: 6
 * Val Acc 72.250, Total time 0.93
validation split name: 7
 * Val Acc 68.620, Total time 0.95
validation split name: 8
 * Val Acc 91.040, Total time 0.94
validation split name: 9
 * Val Acc 96.770, Total time 0.97
====================== 10 =======================
Incremental class: Old valid output dimension: 90
Incremental class: New Valid output dimension: 100
#reg_term: 1
Epoch:0
LR: 0.0001
Itr		Time		  Data		  Loss		Acc
[0/469]	0.1305 (0.1305)	0.1234 (0.1234)	7.386 (7.386)	0.00 (0.00)
[100/469]	0.0055 (0.0119)	0.0002 (0.0077)	0.384 (1.134)	89.84 (72.80)
[200/469]	0.0040 (0.0115)	0.0001 (0.0071)	0.348 (0.727)	89.84 (81.68)
[300/469]	0.0189 (0.0111)	0.0150 (0.0069)	0.328 (0.571)	89.84 (85.37)
[400/469]	0.0239 (0.0110)	0.0199 (0.0068)	0.117 (0.483)	97.66 (87.44)
[468/469]	0.0040 (0.0109)	0.0001 (0.0068)	0.205 (0.443)	92.71 (88.42)
 * Train Acc 88.423
 * Val Acc 95.010, Total time 0.94
Epoch:1
LR: 0.0001
Itr		Time		  Data		  Loss		Acc
[0/469]	0.1249 (0.1249)	0.1185 (0.1185)	0.179 (0.179)	93.75 (93.75)
[100/469]	0.0047 (0.0115)	0.0008 (0.0074)	0.105 (0.177)	97.66 (95.06)
[200/469]	0.0040 (0.0108)	0.0002 (0.0068)	0.090 (0.165)	96.88 (95.39)
[300/469]	0.0068 (0.0107)	0.0028 (0.0066)	0.223 (0.160)	94.53 (95.53)
[400/469]	0.0222 (0.0106)	0.0182 (0.0066)	0.124 (0.154)	96.88 (95.71)
[468/469]	0.0044 (0.0105)	0.0005 (0.0066)	0.129 (0.151)	94.79 (95.85)
 * Train Acc 95.847
 * Val Acc 96.260, Total time 0.95
Computing SI
validation split name: 1
 * Val Acc 0.000, Total time 0.69
validation split name: 2
 * Val Acc 0.000, Total time 0.95
validation split name: 3
 * Val Acc 0.120, Total time 0.99
validation split name: 4
 * Val Acc 41.750, Total time 0.93
validation split name: 5
 * Val Acc 75.000, Total time 0.95
validation split name: 6
 * Val Acc 7.760, Total time 0.95
validation split name: 7
 * Val Acc 74.970, Total time 0.94
validation split name: 8
 * Val Acc 74.270, Total time 0.93
validation split name: 9
 * Val Acc 90.460, Total time 0.94
validation split name: 10
 * Val Acc 96.260, Total time 0.95
OrderedDict([('1', OrderedDict([('1', 96.13), ('2', 14.53), ('3', 0.0), ('4', 0.0), ('5', 0.0), ('6', 0.0), ('7', 0.0), ('8', 0.0), ('9', 0.0), ('10', 0.0)])), ('2', OrderedDict([('2', 96.71), ('3', 14.69), ('4', 0.0), ('5', 0.21), ('6', 0.0), ('7', 0.0), ('8', 0.0), ('9', 0.0), ('10', 0.0)])), ('3', OrderedDict([('3', 96.39), ('4', 52.95), ('5', 41.78), ('6', 13.49), ('7', 7.55), ('8', 0.79), ('9', 0.02), ('10', 0.12)])), ('4', OrderedDict([('4', 96.33), ('5', 79.58), ('6', 62.33), ('7', 70.2), ('8', 47.47), ('9', 21.28), ('10', 41.75)])), ('5', OrderedDict([('5', 96.27), ('6', 94.66), ('7', 90.89), ('8', 86.08), ('9', 73.21), ('10', 75.0)])), ('6', OrderedDict([('6', 96.41), ('7', 92.81), ('8', 87.45), ('9', 72.25), ('10', 7.76)])), ('7', OrderedDict([('7', 96.35), ('8', 96.06), ('9', 68.62), ('10', 74.97)])), ('8', OrderedDict([('8', 96.56), ('9', 91.04), ('10', 74.27)])), ('9', OrderedDict([('9', 96.77), ('10', 90.46)])), ('10', OrderedDict([('10', 96.26)]))])
Task 1 average acc: 96.13
Task 2 average acc: 55.62
Task 3 average acc: 37.026666666666664
Task 4 average acc: 37.32
Task 5 average acc: 43.568
Task 6 average acc: 44.48166666666666
Task 7 average acc: 51.11428571428571
Task 8 average acc: 51.80125
Task 9 average acc: 47.02111111111111
Task 10 average acc: 46.059
===Summary of experiment repeats: 4 / 5 ===
The regularization coefficient: 0.3
The last avg acc of all repeats: [41.148 49.349 52.946 46.059  0.   ]
mean: 37.900400000000005 std: 19.34420068754457
MLP(
  (linear): Sequential(
    (0): Linear(in_features=1024, out_features=1000, bias=True)
    (1): ReLU(inplace=True)
    (2): Linear(in_features=1000, out_features=1000, bias=True)
    (3): ReLU(inplace=True)
  )
  (last): ModuleDict(
    (All): Linear(in_features=1000, out_features=100, bias=True)
  )
)
#parameter of model: 2126100
Task order: ['1', '2', '3', '4', '5', '6', '7', '8', '9', '10']
====================== 1 =======================
Incremental class: Old valid output dimension: ALL
Incremental class: New Valid output dimension: 10
#reg_term: 0
Epoch:0
LR: 0.0001
Itr		Time		  Data		  Loss		Acc
[0/469]	0.1141 (0.1141)	0.1086 (0.1086)	2.292 (2.292)	0.00 (0.00)
[100/469]	0.0030 (0.0086)	0.0002 (0.0054)	0.304 (0.817)	90.62 (79.13)
[200/469]	0.0044 (0.0080)	0.0002 (0.0049)	0.242 (0.567)	94.53 (84.85)
[300/469]	0.0050 (0.0082)	0.0002 (0.0047)	0.181 (0.466)	95.31 (87.31)
[400/469]	0.0159 (0.0082)	0.0129 (0.0047)	0.251 (0.409)	91.41 (88.78)
[468/469]	0.0030 (0.0080)	0.0001 (0.0046)	0.164 (0.380)	93.75 (89.49)
 * Train Acc 89.488
 * Val Acc 94.620, Total time 0.68
Epoch:1
LR: 0.0001
Itr		Time		  Data		  Loss		Acc
[0/469]	0.1197 (0.1197)	0.1134 (0.1134)	0.210 (0.210)	92.97 (92.97)
[100/469]	0.0052 (0.0082)	0.0022 (0.0052)	0.206 (0.173)	92.19 (94.90)
[200/469]	0.0030 (0.0077)	0.0001 (0.0047)	0.259 (0.168)	95.31 (95.06)
[300/469]	0.0111 (0.0076)	0.0081 (0.0046)	0.159 (0.161)	94.53 (95.25)
[400/469]	0.0093 (0.0075)	0.0063 (0.0045)	0.216 (0.157)	92.97 (95.35)
[468/469]	0.0034 (0.0074)	0.0006 (0.0044)	0.116 (0.152)	96.88 (95.51)
 * Train Acc 95.508
 * Val Acc 96.500, Total time 0.69
Computing SI
validation split name: 1
 * Val Acc 96.500, Total time 0.69
====================== 2 =======================
Incremental class: Old valid output dimension: 10
Incremental class: New Valid output dimension: 20
#reg_term: 1
Epoch:0
LR: 0.0001
Itr		Time		  Data		  Loss		Acc
[0/469]	0.1302 (0.1302)	0.1193 (0.1193)	3.194 (3.194)	0.00 (0.00)
[100/469]	0.0072 (0.0116)	0.0032 (0.0074)	0.248 (0.703)	91.41 (79.92)
[200/469]	0.0041 (0.0111)	0.0002 (0.0069)	0.241 (0.496)	93.75 (85.59)
[300/469]	0.0049 (0.0109)	0.0010 (0.0068)	0.170 (0.408)	94.53 (88.14)
[400/469]	0.0238 (0.0108)	0.0197 (0.0067)	0.145 (0.354)	94.53 (89.68)
[468/469]	0.0041 (0.0107)	0.0001 (0.0067)	0.284 (0.330)	93.75 (90.39)
 * Train Acc 90.387
 * Val Acc 95.200, Total time 0.94
Epoch:1
LR: 0.0001
Itr		Time		  Data		  Loss		Acc
[0/469]	0.1212 (0.1212)	0.1142 (0.1142)	0.139 (0.139)	96.09 (96.09)
[100/469]	0.0073 (0.0114)	0.0033 (0.0074)	0.132 (0.151)	96.09 (95.82)
[200/469]	0.0041 (0.0109)	0.0001 (0.0068)	0.189 (0.146)	93.75 (95.88)
[300/469]	0.0149 (0.0107)	0.0109 (0.0067)	0.097 (0.138)	98.44 (96.12)
[400/469]	0.0112 (0.0106)	0.0071 (0.0066)	0.138 (0.134)	95.31 (96.19)
[468/469]	0.0091 (0.0105)	0.0051 (0.0065)	0.054 (0.131)	98.96 (96.23)
 * Train Acc 96.228
 * Val Acc 96.700, Total time 0.93
Computing SI
validation split name: 1
 * Val Acc 8.060, Total time 0.69
validation split name: 2
 * Val Acc 96.700, Total time 1.00
====================== 3 =======================
Incremental class: Old valid output dimension: 20
Incremental class: New Valid output dimension: 30
#reg_term: 1
Epoch:0
LR: 0.0001
Itr		Time		  Data		  Loss		Acc
[0/469]	0.1266 (0.1266)	0.1195 (0.1195)	5.204 (5.204)	0.00 (0.00)
[100/469]	0.0216 (0.0121)	0.0175 (0.0079)	0.344 (0.869)	89.06 (76.35)
[200/469]	0.0111 (0.0112)	0.0070 (0.0071)	0.235 (0.581)	92.19 (83.80)
[300/469]	0.0041 (0.0110)	0.0001 (0.0069)	0.159 (0.465)	94.53 (86.92)
[400/469]	0.0049 (0.0108)	0.0009 (0.0068)	0.237 (0.400)	94.53 (88.68)
[468/469]	0.0040 (0.0108)	0.0001 (0.0067)	0.093 (0.369)	95.83 (89.53)
 * Train Acc 89.528
 * Val Acc 95.160, Total time 0.96
Epoch:1
LR: 0.0001
Itr		Time		  Data		  Loss		Acc
[0/469]	0.1271 (0.1271)	0.1202 (0.1202)	0.189 (0.189)	95.31 (95.31)
[100/469]	0.0041 (0.0116)	0.0001 (0.0075)	0.172 (0.151)	94.53 (95.66)
[200/469]	0.0227 (0.0112)	0.0188 (0.0072)	0.113 (0.148)	96.88 (95.72)
[300/469]	0.0041 (0.0109)	0.0002 (0.0069)	0.042 (0.144)	99.22 (95.83)
[400/469]	0.0041 (0.0107)	0.0001 (0.0068)	0.077 (0.139)	97.66 (95.98)
[468/469]	0.0039 (0.0107)	0.0001 (0.0067)	0.077 (0.135)	97.92 (96.06)
 * Train Acc 96.063
 * Val Acc 96.640, Total time 0.94
Computing SI
validation split name: 1
 * Val Acc 0.000, Total time 0.70
validation split name: 2
 * Val Acc 19.980, Total time 0.97
validation split name: 3
 * Val Acc 96.640, Total time 0.98
====================== 4 =======================
Incremental class: Old valid output dimension: 30
Incremental class: New Valid output dimension: 40
#reg_term: 1
Epoch:0
LR: 0.0001
Itr		Time		  Data		  Loss		Acc
[0/469]	0.1347 (0.1347)	0.1283 (0.1283)	7.293 (7.293)	0.00 (0.00)
[100/469]	0.0041 (0.0116)	0.0002 (0.0077)	0.290 (1.078)	90.62 (73.07)
[200/469]	0.0040 (0.0110)	0.0001 (0.0071)	0.206 (0.701)	93.75 (81.69)
[300/469]	0.0229 (0.0108)	0.0190 (0.0069)	0.254 (0.554)	91.41 (85.20)
[400/469]	0.0041 (0.0107)	0.0002 (0.0068)	0.160 (0.470)	96.09 (87.27)
[468/469]	0.0153 (0.0106)	0.0114 (0.0067)	0.142 (0.433)	96.88 (88.23)
 * Train Acc 88.233
 * Val Acc 94.900, Total time 0.94
Epoch:1
LR: 0.0001
Itr		Time		  Data		  Loss		Acc
[0/469]	0.1392 (0.1392)	0.1318 (0.1318)	0.365 (0.365)	91.41 (91.41)
[100/469]	0.0041 (0.0118)	0.0001 (0.0076)	0.127 (0.163)	95.31 (95.20)
[200/469]	0.0072 (0.0110)	0.0034 (0.0069)	0.172 (0.162)	96.09 (95.27)
[300/469]	0.0219 (0.0108)	0.0179 (0.0068)	0.148 (0.157)	96.09 (95.48)
[400/469]	0.0042 (0.0107)	0.0001 (0.0066)	0.097 (0.150)	97.66 (95.71)
[468/469]	0.0146 (0.0106)	0.0107 (0.0066)	0.141 (0.146)	95.83 (95.78)
 * Train Acc 95.785
 * Val Acc 96.610, Total time 0.95
Computing SI
validation split name: 1
 * Val Acc 0.000, Total time 0.69
validation split name: 2
 * Val Acc 0.010, Total time 0.96
validation split name: 3
 * Val Acc 52.750, Total time 0.98
validation split name: 4
 * Val Acc 96.610, Total time 0.94
====================== 5 =======================
Incremental class: Old valid output dimension: 40
Incremental class: New Valid output dimension: 50
#reg_term: 1
Epoch:0
LR: 0.0001
Itr		Time		  Data		  Loss		Acc
[0/469]	0.1293 (0.1293)	0.1222 (0.1222)	8.046 (8.046)	0.00 (0.00)
[100/469]	0.0219 (0.0120)	0.0178 (0.0078)	0.402 (1.217)	88.28 (70.34)
[200/469]	0.0050 (0.0112)	0.0010 (0.0071)	0.222 (0.778)	92.97 (80.32)
[300/469]	0.0042 (0.0109)	0.0001 (0.0068)	0.192 (0.612)	92.97 (84.14)
[400/469]	0.0218 (0.0108)	0.0177 (0.0067)	0.161 (0.514)	94.53 (86.49)
[468/469]	0.0040 (0.0107)	0.0001 (0.0067)	0.171 (0.469)	94.79 (87.58)
 * Train Acc 87.578
 * Val Acc 94.720, Total time 0.95
Epoch:1
LR: 0.0001
Itr		Time		  Data		  Loss		Acc
[0/469]	0.1248 (0.1248)	0.1176 (0.1176)	0.232 (0.232)	91.41 (91.41)
[100/469]	0.0044 (0.0114)	0.0004 (0.0074)	0.177 (0.175)	96.09 (95.00)
[200/469]	0.0041 (0.0109)	0.0001 (0.0069)	0.278 (0.169)	92.97 (95.15)
[300/469]	0.0200 (0.0107)	0.0162 (0.0067)	0.212 (0.162)	92.19 (95.34)
[400/469]	0.0039 (0.0106)	0.0001 (0.0067)	0.190 (0.158)	96.09 (95.50)
[468/469]	0.0155 (0.0106)	0.0118 (0.0066)	0.084 (0.154)	96.88 (95.64)
 * Train Acc 95.642
 * Val Acc 96.400, Total time 0.93
Computing SI
validation split name: 1
 * Val Acc 0.000, Total time 0.69
validation split name: 2
 * Val Acc 0.040, Total time 0.94
validation split name: 3
 * Val Acc 34.950, Total time 0.95
validation split name: 4
 * Val Acc 80.510, Total time 0.94
validation split name: 5
 * Val Acc 96.400, Total time 0.94
====================== 6 =======================
Incremental class: Old valid output dimension: 50
Incremental class: New Valid output dimension: 60
#reg_term: 1
Epoch:0
LR: 0.0001
Itr		Time		  Data		  Loss		Acc
[0/469]	0.1272 (0.1272)	0.1199 (0.1199)	7.481 (7.481)	0.00 (0.00)
[100/469]	0.0230 (0.0121)	0.0191 (0.0080)	0.460 (1.136)	84.38 (71.94)
[200/469]	0.0041 (0.0112)	0.0001 (0.0072)	0.169 (0.722)	92.19 (81.44)
[300/469]	0.0041 (0.0109)	0.0002 (0.0070)	0.138 (0.570)	96.09 (84.96)
[400/469]	0.0230 (0.0108)	0.0191 (0.0069)	0.186 (0.480)	94.53 (87.12)
[468/469]	0.0039 (0.0107)	0.0001 (0.0068)	0.185 (0.437)	95.83 (88.23)
 * Train Acc 88.233
 * Val Acc 94.780, Total time 0.96
Epoch:1
LR: 0.0001
Itr		Time		  Data		  Loss		Acc
[0/469]	0.1289 (0.1289)	0.1197 (0.1197)	0.220 (0.220)	93.75 (93.75)
[100/469]	0.0215 (0.0116)	0.0175 (0.0075)	0.208 (0.167)	91.41 (95.41)
[200/469]	0.0042 (0.0110)	0.0001 (0.0069)	0.093 (0.162)	97.66 (95.50)
[300/469]	0.0042 (0.0108)	0.0001 (0.0068)	0.086 (0.154)	99.22 (95.73)
[400/469]	0.0229 (0.0108)	0.0182 (0.0067)	0.100 (0.150)	97.66 (95.79)
[468/469]	0.0040 (0.0108)	0.0001 (0.0067)	0.082 (0.146)	95.83 (95.90)
 * Train Acc 95.897
 * Val Acc 96.650, Total time 0.95
Computing SI
validation split name: 1
 * Val Acc 0.000, Total time 0.69
validation split name: 2
 * Val Acc 0.000, Total time 0.98
validation split name: 3
 * Val Acc 11.990, Total time 0.93
validation split name: 4
 * Val Acc 80.440, Total time 0.98
validation split name: 5
 * Val Acc 87.250, Total time 0.96
validation split name: 6
 * Val Acc 96.650, Total time 0.95
====================== 7 =======================
Incremental class: Old valid output dimension: 60
Incremental class: New Valid output dimension: 70
#reg_term: 1
Epoch:0
LR: 0.0001
Itr		Time		  Data		  Loss		Acc
[0/469]	0.1295 (0.1295)	0.1179 (0.1179)	6.785 (6.785)	0.00 (0.00)
[100/469]	0.0125 (0.0116)	0.0085 (0.0075)	0.297 (1.130)	88.28 (71.48)
[200/469]	0.0040 (0.0110)	0.0001 (0.0069)	0.367 (0.727)	91.41 (81.01)
[300/469]	0.0137 (0.0108)	0.0097 (0.0068)	0.248 (0.569)	91.41 (84.85)
[400/469]	0.0059 (0.0107)	0.0021 (0.0067)	0.097 (0.482)	98.44 (87.03)
[468/469]	0.0140 (0.0106)	0.0101 (0.0066)	0.129 (0.440)	96.88 (88.13)
 * Train Acc 88.128
 * Val Acc 94.550, Total time 0.94
Epoch:1
LR: 0.0001
Itr		Time		  Data		  Loss		Acc
[0/469]	0.1252 (0.1252)	0.1180 (0.1180)	0.273 (0.273)	91.41 (91.41)
[100/469]	0.0232 (0.0118)	0.0193 (0.0077)	0.169 (0.184)	96.09 (94.81)
[200/469]	0.0041 (0.0111)	0.0001 (0.0071)	0.208 (0.167)	96.09 (95.31)
[300/469]	0.0041 (0.0108)	0.0001 (0.0068)	0.110 (0.158)	97.66 (95.56)
[400/469]	0.0230 (0.0108)	0.0190 (0.0068)	0.137 (0.153)	96.09 (95.68)
[468/469]	0.0040 (0.0107)	0.0001 (0.0067)	0.120 (0.152)	96.88 (95.75)
 * Train Acc 95.755
 * Val Acc 96.630, Total time 0.93
Computing SI
validation split name: 1
 * Val Acc 0.000, Total time 0.69
validation split name: 2
 * Val Acc 0.000, Total time 0.94
validation split name: 3
 * Val Acc 9.980, Total time 0.95
validation split name: 4
 * Val Acc 73.040, Total time 0.95
validation split name: 5
 * Val Acc 88.260, Total time 0.98
validation split name: 6
 * Val Acc 95.010, Total time 0.96
validation split name: 7
 * Val Acc 96.630, Total time 0.94
====================== 8 =======================
Incremental class: Old valid output dimension: 70
Incremental class: New Valid output dimension: 80
#reg_term: 1
Epoch:0
LR: 0.0001
Itr		Time		  Data		  Loss		Acc
[0/469]	0.1321 (0.1321)	0.1252 (0.1252)	6.732 (6.732)	0.00 (0.00)
[100/469]	0.0040 (0.0116)	0.0002 (0.0075)	0.412 (1.108)	93.75 (73.17)
[200/469]	0.0234 (0.0112)	0.0196 (0.0072)	0.224 (0.710)	96.09 (81.95)
[300/469]	0.0039 (0.0109)	0.0002 (0.0070)	0.177 (0.554)	93.75 (85.60)
[400/469]	0.0039 (0.0108)	0.0001 (0.0069)	0.142 (0.468)	96.09 (87.70)
[468/469]	0.0038 (0.0108)	0.0001 (0.0069)	0.185 (0.427)	94.79 (88.70)
 * Train Acc 88.703
 * Val Acc 95.190, Total time 0.94
Epoch:1
LR: 0.0001
Itr		Time		  Data		  Loss		Acc
[0/469]	0.1281 (0.1281)	0.1210 (0.1210)	0.213 (0.213)	92.97 (92.97)
[100/469]	0.0057 (0.0114)	0.0018 (0.0073)	0.100 (0.164)	96.88 (95.39)
[200/469]	0.0041 (0.0108)	0.0001 (0.0068)	0.117 (0.153)	96.88 (95.74)
[300/469]	0.0048 (0.0107)	0.0009 (0.0066)	0.153 (0.152)	95.31 (95.70)
[400/469]	0.0226 (0.0106)	0.0187 (0.0066)	0.079 (0.147)	97.66 (95.83)
[468/469]	0.0040 (0.0105)	0.0001 (0.0065)	0.116 (0.142)	96.88 (95.97)
 * Train Acc 95.970
 * Val Acc 96.480, Total time 0.99
Computing SI
validation split name: 1
 * Val Acc 0.000, Total time 0.70
validation split name: 2
 * Val Acc 0.000, Total time 0.95
validation split name: 3
 * Val Acc 0.000, Total time 1.02
validation split name: 4
 * Val Acc 62.940, Total time 0.94
validation split name: 5
 * Val Acc 80.540, Total time 0.95
validation split name: 6
 * Val Acc 87.680, Total time 0.93
validation split name: 7
 * Val Acc 87.980, Total time 0.94
validation split name: 8
 * Val Acc 96.480, Total time 0.92
====================== 9 =======================
Incremental class: Old valid output dimension: 80
Incremental class: New Valid output dimension: 90
#reg_term: 1
Epoch:0
LR: 0.0001
Itr		Time		  Data		  Loss		Acc
[0/469]	0.1287 (0.1287)	0.1213 (0.1213)	7.226 (7.226)	0.00 (0.00)
[100/469]	0.0125 (0.0117)	0.0085 (0.0076)	0.312 (1.126)	90.62 (72.90)
[200/469]	0.0041 (0.0112)	0.0002 (0.0071)	0.258 (0.712)	92.19 (82.04)
[300/469]	0.0042 (0.0110)	0.0002 (0.0070)	0.211 (0.565)	93.75 (85.43)
[400/469]	0.0247 (0.0110)	0.0206 (0.0069)	0.188 (0.478)	92.97 (87.52)
[468/469]	0.0041 (0.0109)	0.0001 (0.0069)	0.155 (0.437)	94.79 (88.55)
 * Train Acc 88.545
 * Val Acc 94.830, Total time 0.94
Epoch:1
LR: 0.0001
Itr		Time		  Data		  Loss		Acc
[0/469]	0.1396 (0.1396)	0.1329 (0.1329)	0.156 (0.156)	95.31 (95.31)
[100/469]	0.0042 (0.0117)	0.0002 (0.0077)	0.148 (0.175)	96.09 (95.07)
[200/469]	0.0038 (0.0110)	0.0001 (0.0071)	0.162 (0.165)	96.09 (95.38)
[300/469]	0.0233 (0.0108)	0.0195 (0.0069)	0.104 (0.158)	96.88 (95.57)
[400/469]	0.0040 (0.0107)	0.0001 (0.0068)	0.133 (0.154)	96.88 (95.68)
[468/469]	0.0147 (0.0106)	0.0107 (0.0067)	0.109 (0.151)	96.88 (95.77)
 * Train Acc 95.770
 * Val Acc 96.450, Total time 0.94
Computing SI
validation split name: 1
 * Val Acc 0.000, Total time 0.70
validation split name: 2
 * Val Acc 0.000, Total time 0.99
validation split name: 3
 * Val Acc 0.330, Total time 0.93
validation split name: 4
 * Val Acc 41.590, Total time 0.95
validation split name: 5
 * Val Acc 71.910, Total time 0.96
validation split name: 6
 * Val Acc 85.940, Total time 0.94
validation split name: 7
 * Val Acc 54.710, Total time 0.99
validation split name: 8
 * Val Acc 92.490, Total time 0.95
validation split name: 9
 * Val Acc 96.450, Total time 0.96
====================== 10 =======================
Incremental class: Old valid output dimension: 90
Incremental class: New Valid output dimension: 100
#reg_term: 1
Epoch:0
LR: 0.0001
Itr		Time		  Data		  Loss		Acc
[0/469]	0.1305 (0.1305)	0.1232 (0.1232)	7.252 (7.252)	0.00 (0.00)
[100/469]	0.0040 (0.0115)	0.0002 (0.0075)	0.283 (1.070)	92.97 (74.64)
[200/469]	0.0201 (0.0110)	0.0160 (0.0070)	0.299 (0.688)	91.41 (82.93)
[300/469]	0.0100 (0.0108)	0.0061 (0.0068)	0.257 (0.542)	92.19 (86.19)
[400/469]	0.0041 (0.0107)	0.0001 (0.0067)	0.166 (0.456)	94.53 (88.25)
[468/469]	0.0123 (0.0106)	0.0083 (0.0067)	0.162 (0.419)	96.88 (89.11)
 * Train Acc 89.113
 * Val Acc 94.920, Total time 0.95
Epoch:1
LR: 0.0001
Itr		Time		  Data		  Loss		Acc
[0/469]	0.1280 (0.1280)	0.1206 (0.1206)	0.206 (0.206)	96.09 (96.09)
[100/469]	0.0040 (0.0114)	0.0001 (0.0075)	0.137 (0.162)	96.09 (95.51)
[200/469]	0.0049 (0.0109)	0.0010 (0.0070)	0.200 (0.156)	93.75 (95.61)
[300/469]	0.0213 (0.0108)	0.0175 (0.0069)	0.169 (0.150)	94.53 (95.76)
[400/469]	0.0040 (0.0106)	0.0001 (0.0067)	0.196 (0.145)	94.53 (95.93)
[468/469]	0.0039 (0.0106)	0.0001 (0.0067)	0.047 (0.144)	98.96 (95.97)
 * Train Acc 95.968
 * Val Acc 96.730, Total time 0.96
Computing SI
validation split name: 1
 * Val Acc 0.000, Total time 0.71
validation split name: 2
 * Val Acc 0.000, Total time 0.95
validation split name: 3
 * Val Acc 0.040, Total time 0.99
validation split name: 4
 * Val Acc 50.450, Total time 1.05
validation split name: 5
 * Val Acc 69.230, Total time 0.95
validation split name: 6
 * Val Acc 61.120, Total time 0.94
validation split name: 7
 * Val Acc 49.060, Total time 0.93
validation split name: 8
 * Val Acc 68.870, Total time 0.99
validation split name: 9
 * Val Acc 90.110, Total time 0.94
validation split name: 10
 * Val Acc 96.730, Total time 1.01
OrderedDict([('1', OrderedDict([('1', 96.5), ('2', 8.06), ('3', 0.0), ('4', 0.0), ('5', 0.0), ('6', 0.0), ('7', 0.0), ('8', 0.0), ('9', 0.0), ('10', 0.0)])), ('2', OrderedDict([('2', 96.7), ('3', 19.98), ('4', 0.01), ('5', 0.04), ('6', 0.0), ('7', 0.0), ('8', 0.0), ('9', 0.0), ('10', 0.0)])), ('3', OrderedDict([('3', 96.64), ('4', 52.75), ('5', 34.95), ('6', 11.99), ('7', 9.98), ('8', 0.0), ('9', 0.33), ('10', 0.04)])), ('4', OrderedDict([('4', 96.61), ('5', 80.51), ('6', 80.44), ('7', 73.04), ('8', 62.94), ('9', 41.59), ('10', 50.45)])), ('5', OrderedDict([('5', 96.4), ('6', 87.25), ('7', 88.26), ('8', 80.54), ('9', 71.91), ('10', 69.23)])), ('6', OrderedDict([('6', 96.65), ('7', 95.01), ('8', 87.68), ('9', 85.94), ('10', 61.12)])), ('7', OrderedDict([('7', 96.63), ('8', 87.98), ('9', 54.71), ('10', 49.06)])), ('8', OrderedDict([('8', 96.48), ('9', 92.49), ('10', 68.87)])), ('9', OrderedDict([('9', 96.45), ('10', 90.11)])), ('10', OrderedDict([('10', 96.73)]))])
Task 1 average acc: 96.5
Task 2 average acc: 52.38
Task 3 average acc: 38.873333333333335
Task 4 average acc: 37.3425
Task 5 average acc: 42.38
Task 6 average acc: 46.05500000000001
Task 7 average acc: 51.84571428571429
Task 8 average acc: 51.95250000000001
Task 9 average acc: 49.26888888888888
Task 10 average acc: 48.561
===Summary of experiment repeats: 5 / 5 ===
The regularization coefficient: 0.3
The last avg acc of all repeats: [41.148 49.349 52.946 46.059 48.561]
mean: 47.6126 std: 3.9131682611408336
reg_coef: 0.3 mean: 47.6126 std: 3.9131682611408336
Total Time for the script is 834.1118566989899 seconds
