MLP(
  (linear): Sequential(
    (0): Linear(in_features=1024, out_features=1000, bias=True)
    (1): ReLU(inplace=True)
    (2): Linear(in_features=1000, out_features=1000, bias=True)
    (3): ReLU(inplace=True)
  )
  (last): ModuleDict(
    (All): Linear(in_features=1000, out_features=10, bias=True)
  )
)
#parameter of model: 2036010
Task order: ['1', '2', '3', '4', '5', '6', '7', '8', '9', '10']
====================== 1 =======================
Epoch:0
LR: 0.001
Itr		Time		  Data		  Loss		Acc
[0/469]	0.4421 (0.4421)	0.1020 (0.1020)	2.323 (2.323)	7.81 (7.81)
[100/469]	0.0204 (0.0121)	0.0187 (0.0071)	0.145 (0.481)	96.88 (85.61)
[200/469]	0.0017 (0.0101)	0.0001 (0.0067)	0.216 (0.382)	92.97 (88.72)
[300/469]	0.0018 (0.0094)	0.0002 (0.0066)	0.129 (0.328)	97.66 (90.39)
[400/469]	0.0203 (0.0091)	0.0185 (0.0065)	0.311 (0.301)	90.62 (91.19)
[468/469]	0.0017 (0.0089)	0.0001 (0.0065)	0.250 (0.287)	91.67 (91.59)
 * Train Acc 91.587
 * Val Acc 94.760, Total time 0.65
Epoch:1
LR: 0.001
Itr		Time		  Data		  Loss		Acc
[0/469]	0.1045 (0.1045)	0.0962 (0.0962)	0.159 (0.159)	94.53 (94.53)
[100/469]	0.0201 (0.0093)	0.0184 (0.0075)	0.111 (0.173)	95.31 (94.87)
[200/469]	0.0018 (0.0086)	0.0001 (0.0069)	0.134 (0.173)	96.88 (95.05)
[300/469]	0.0022 (0.0084)	0.0001 (0.0067)	0.186 (0.169)	93.75 (95.17)
[400/469]	0.0213 (0.0086)	0.0187 (0.0067)	0.144 (0.165)	95.31 (95.27)
[468/469]	0.0017 (0.0086)	0.0001 (0.0066)	0.118 (0.162)	96.88 (95.38)
 * Train Acc 95.377
 * Val Acc 95.730, Total time 0.71
validation split name: 1
 * Val Acc 95.730, Total time 0.74
====================== 2 =======================
Epoch:0
LR: 0.001
Itr		Time		  Data		  Loss		Acc
[0/469]	0.1269 (0.1269)	0.1187 (0.1187)	2.610 (2.610)	10.94 (10.94)
[100/469]	0.0019 (0.0112)	0.0001 (0.0094)	0.377 (0.539)	86.72 (85.00)
[200/469]	0.0053 (0.0105)	0.0002 (0.0087)	0.272 (0.414)	89.06 (88.42)
[300/469]	0.0252 (0.0103)	0.0236 (0.0085)	0.186 (0.357)	93.75 (89.98)
[400/469]	0.0019 (0.0101)	0.0001 (0.0084)	0.249 (0.326)	92.19 (90.77)
[468/469]	0.0189 (0.0101)	0.0168 (0.0083)	0.164 (0.310)	96.88 (91.14)
 * Train Acc 91.143
 * Val Acc 94.300, Total time 0.99
Epoch:1
LR: 0.001
Itr		Time		  Data		  Loss		Acc
[0/469]	0.1303 (0.1303)	0.1209 (0.1209)	0.176 (0.176)	94.53 (94.53)
[100/469]	0.0050 (0.0124)	0.0001 (0.0105)	0.174 (0.191)	96.09 (94.56)
[200/469]	0.0290 (0.0121)	0.0273 (0.0101)	0.148 (0.191)	94.53 (94.56)
[300/469]	0.0029 (0.0121)	0.0002 (0.0100)	0.110 (0.183)	95.31 (94.78)
[400/469]	0.0025 (0.0121)	0.0002 (0.0099)	0.162 (0.180)	92.19 (94.85)
[468/469]	0.0017 (0.0121)	0.0001 (0.0099)	0.108 (0.177)	96.88 (94.95)
 * Train Acc 94.947
 * Val Acc 95.470, Total time 0.88
validation split name: 1
 * Val Acc 95.440, Total time 0.65
validation split name: 2
 * Val Acc 95.470, Total time 0.92
====================== 3 =======================
Epoch:0
LR: 0.001
Itr		Time		  Data		  Loss		Acc
[0/469]	0.1157 (0.1157)	0.1072 (0.1072)	3.525 (3.525)	7.81 (7.81)
[100/469]	0.0018 (0.0119)	0.0001 (0.0102)	0.353 (0.602)	91.41 (82.45)
[200/469]	0.0297 (0.0121)	0.0280 (0.0103)	0.225 (0.457)	94.53 (86.65)
[300/469]	0.0017 (0.0119)	0.0002 (0.0101)	0.388 (0.395)	90.62 (88.44)
[400/469]	0.0018 (0.0117)	0.0001 (0.0099)	0.203 (0.358)	94.53 (89.49)
[468/469]	0.0017 (0.0116)	0.0001 (0.0099)	0.150 (0.337)	95.83 (90.17)
 * Train Acc 90.165
 * Val Acc 93.820, Total time 1.04
Epoch:1
LR: 0.001
Itr		Time		  Data		  Loss		Acc
[0/469]	0.1179 (0.1179)	0.1083 (0.1083)	0.111 (0.111)	97.66 (97.66)
[100/469]	0.0306 (0.0129)	0.0289 (0.0111)	0.202 (0.204)	92.97 (93.99)
[200/469]	0.0018 (0.0122)	0.0001 (0.0104)	0.156 (0.202)	93.75 (94.08)
[300/469]	0.0018 (0.0119)	0.0001 (0.0102)	0.164 (0.196)	96.88 (94.32)
[400/469]	0.0253 (0.0118)	0.0236 (0.0100)	0.132 (0.190)	96.88 (94.48)
[468/469]	0.0017 (0.0115)	0.0001 (0.0097)	0.169 (0.187)	93.75 (94.57)
 * Train Acc 94.568
 * Val Acc 95.170, Total time 1.01
validation split name: 1
 * Val Acc 94.430, Total time 0.70
validation split name: 2
 * Val Acc 94.840, Total time 0.89
validation split name: 3
 * Val Acc 95.170, Total time 0.88
====================== 4 =======================
Epoch:0
LR: 0.001
Itr		Time		  Data		  Loss		Acc
[0/469]	0.1169 (0.1169)	0.1090 (0.1090)	3.344 (3.344)	17.19 (17.19)
[100/469]	0.0258 (0.0116)	0.0241 (0.0098)	0.326 (0.614)	90.62 (82.27)
[200/469]	0.0308 (0.0113)	0.0291 (0.0095)	0.325 (0.464)	89.84 (86.57)
[300/469]	0.0018 (0.0111)	0.0001 (0.0093)	0.369 (0.398)	87.50 (88.47)
[400/469]	0.0019 (0.0108)	0.0001 (0.0090)	0.191 (0.360)	96.09 (89.53)
[468/469]	0.0017 (0.0106)	0.0001 (0.0089)	0.220 (0.342)	89.58 (90.07)
 * Train Acc 90.068
 * Val Acc 93.980, Total time 0.88
Epoch:1
LR: 0.001
Itr		Time		  Data		  Loss		Acc
[0/469]	0.1319 (0.1319)	0.1240 (0.1240)	0.210 (0.210)	93.75 (93.75)
[100/469]	0.0018 (0.0119)	0.0001 (0.0101)	0.265 (0.202)	92.97 (93.97)
[200/469]	0.0019 (0.0108)	0.0002 (0.0090)	0.239 (0.201)	93.75 (94.19)
[300/469]	0.0250 (0.0105)	0.0233 (0.0087)	0.298 (0.195)	89.84 (94.42)
[400/469]	0.0156 (0.0103)	0.0139 (0.0085)	0.183 (0.191)	95.31 (94.47)
[468/469]	0.0017 (0.0102)	0.0001 (0.0084)	0.275 (0.190)	90.62 (94.46)
 * Train Acc 94.463
 * Val Acc 95.050, Total time 1.02
validation split name: 1
 * Val Acc 94.280, Total time 0.75
validation split name: 2
 * Val Acc 94.950, Total time 0.90
validation split name: 3
 * Val Acc 94.770, Total time 0.93
validation split name: 4
 * Val Acc 95.050, Total time 1.00
====================== 5 =======================
Epoch:0
LR: 0.001
Itr		Time		  Data		  Loss		Acc
[0/469]	0.1174 (0.1174)	0.1097 (0.1097)	3.022 (3.022)	10.94 (10.94)
[100/469]	0.0017 (0.0110)	0.0001 (0.0092)	0.322 (0.611)	92.97 (81.40)
[200/469]	0.0266 (0.0105)	0.0249 (0.0088)	0.256 (0.472)	89.84 (85.79)
[300/469]	0.0018 (0.0102)	0.0001 (0.0085)	0.412 (0.408)	88.28 (87.75)
[400/469]	0.0018 (0.0103)	0.0002 (0.0087)	0.212 (0.369)	93.75 (88.95)
[468/469]	0.0227 (0.0105)	0.0211 (0.0088)	0.171 (0.351)	95.83 (89.53)
 * Train Acc 89.533
 * Val Acc 94.010, Total time 0.90
Epoch:1
LR: 0.001
Itr		Time		  Data		  Loss		Acc
[0/469]	0.1261 (0.1261)	0.1144 (0.1144)	0.225 (0.225)	93.75 (93.75)
[100/469]	0.0019 (0.0124)	0.0002 (0.0106)	0.144 (0.215)	96.88 (93.80)
[200/469]	0.0018 (0.0119)	0.0002 (0.0102)	0.286 (0.207)	89.06 (94.14)
[300/469]	0.0309 (0.0118)	0.0292 (0.0101)	0.255 (0.202)	92.19 (94.23)
[400/469]	0.0018 (0.0117)	0.0002 (0.0100)	0.157 (0.199)	94.53 (94.30)
[468/469]	0.0216 (0.0116)	0.0200 (0.0099)	0.152 (0.196)	96.88 (94.38)
 * Train Acc 94.382
 * Val Acc 94.960, Total time 0.95
validation split name: 1
 * Val Acc 93.090, Total time 0.67
validation split name: 2
 * Val Acc 94.690, Total time 0.90
validation split name: 3
 * Val Acc 94.050, Total time 0.89
validation split name: 4
 * Val Acc 94.260, Total time 0.89
validation split name: 5
 * Val Acc 94.960, Total time 0.89
====================== 6 =======================
Epoch:0
LR: 0.001
Itr		Time		  Data		  Loss		Acc
[0/469]	0.1439 (0.1439)	0.1345 (0.1345)	3.913 (3.913)	7.03 (7.03)
[100/469]	0.0301 (0.0124)	0.0283 (0.0106)	0.394 (0.677)	85.94 (79.49)
[200/469]	0.0019 (0.0112)	0.0001 (0.0095)	0.380 (0.509)	89.84 (84.57)
[300/469]	0.0292 (0.0110)	0.0274 (0.0092)	0.238 (0.433)	91.41 (86.96)
[400/469]	0.0019 (0.0111)	0.0001 (0.0093)	0.153 (0.388)	95.31 (88.38)
[468/469]	0.0185 (0.0110)	0.0168 (0.0093)	0.213 (0.365)	92.71 (89.11)
 * Train Acc 89.107
 * Val Acc 93.450, Total time 0.91
Epoch:1
LR: 0.001
Itr		Time		  Data		  Loss		Acc
[0/469]	0.1300 (0.1300)	0.1213 (0.1213)	0.238 (0.238)	91.41 (91.41)
[100/469]	0.0018 (0.0122)	0.0001 (0.0104)	0.298 (0.220)	89.84 (93.58)
[200/469]	0.0019 (0.0116)	0.0001 (0.0099)	0.236 (0.214)	90.62 (93.77)
[300/469]	0.0299 (0.0116)	0.0281 (0.0098)	0.324 (0.207)	90.62 (94.01)
[400/469]	0.0018 (0.0115)	0.0002 (0.0097)	0.175 (0.202)	96.09 (94.14)
[468/469]	0.0186 (0.0114)	0.0169 (0.0097)	0.140 (0.198)	95.83 (94.24)
 * Train Acc 94.243
 * Val Acc 94.620, Total time 0.94
validation split name: 1
 * Val Acc 92.100, Total time 0.67
validation split name: 2
 * Val Acc 93.850, Total time 0.88
validation split name: 3
 * Val Acc 93.790, Total time 0.99
validation split name: 4
 * Val Acc 93.820, Total time 0.93
validation split name: 5
 * Val Acc 94.060, Total time 0.99
validation split name: 6
 * Val Acc 94.620, Total time 0.89
====================== 7 =======================
Epoch:0
LR: 0.001
Itr		Time		  Data		  Loss		Acc
[0/469]	0.1214 (0.1214)	0.1129 (0.1129)	4.391 (4.391)	14.06 (14.06)
[100/469]	0.0302 (0.0122)	0.0285 (0.0105)	0.416 (0.691)	85.16 (79.88)
[200/469]	0.0018 (0.0117)	0.0001 (0.0100)	0.308 (0.525)	90.62 (84.61)
[300/469]	0.0017 (0.0115)	0.0001 (0.0098)	0.280 (0.445)	91.41 (86.93)
[400/469]	0.0302 (0.0115)	0.0285 (0.0098)	0.261 (0.398)	91.41 (88.29)
[468/469]	0.0015 (0.0114)	0.0001 (0.0098)	0.291 (0.375)	92.71 (89.01)
 * Train Acc 89.012
 * Val Acc 93.830, Total time 0.89
Epoch:1
LR: 0.001
Itr		Time		  Data		  Loss		Acc
[0/469]	0.1451 (0.1451)	0.1365 (0.1365)	0.151 (0.151)	95.31 (95.31)
[100/469]	0.0017 (0.0127)	0.0002 (0.0109)	0.204 (0.214)	95.31 (93.82)
[200/469]	0.0307 (0.0125)	0.0291 (0.0108)	0.291 (0.215)	90.62 (93.82)
[300/469]	0.0019 (0.0131)	0.0002 (0.0113)	0.197 (0.209)	94.53 (93.97)
[400/469]	0.0018 (0.0127)	0.0002 (0.0110)	0.245 (0.203)	94.53 (94.09)
[468/469]	0.0020 (0.0123)	0.0001 (0.0106)	0.234 (0.201)	89.58 (94.16)
 * Train Acc 94.162
 * Val Acc 94.820, Total time 1.01
validation split name: 1
 * Val Acc 91.970, Total time 0.77
validation split name: 2
 * Val Acc 94.060, Total time 0.99
validation split name: 3
 * Val Acc 93.830, Total time 0.89
validation split name: 4
 * Val Acc 93.560, Total time 0.91
validation split name: 5
 * Val Acc 93.860, Total time 0.99
validation split name: 6
 * Val Acc 94.400, Total time 0.95
validation split name: 7
 * Val Acc 94.820, Total time 0.86
====================== 8 =======================
Epoch:0
LR: 0.001
Itr		Time		  Data		  Loss		Acc
[0/469]	0.1162 (0.1162)	0.1081 (0.1081)	5.637 (5.637)	6.25 (6.25)
[100/469]	0.0069 (0.0105)	0.0049 (0.0085)	0.444 (0.733)	84.38 (77.96)
[200/469]	0.0255 (0.0102)	0.0238 (0.0083)	0.237 (0.544)	92.19 (83.43)
[300/469]	0.0019 (0.0100)	0.0001 (0.0082)	0.246 (0.466)	92.19 (85.85)
[400/469]	0.0026 (0.0099)	0.0009 (0.0081)	0.350 (0.415)	92.19 (87.47)
[468/469]	0.0018 (0.0099)	0.0001 (0.0081)	0.305 (0.392)	91.67 (88.22)
 * Train Acc 88.215
 * Val Acc 93.160, Total time 0.96
Epoch:1
LR: 0.001
Itr		Time		  Data		  Loss		Acc
[0/469]	0.1388 (0.1388)	0.1307 (0.1307)	0.193 (0.193)	93.75 (93.75)
[100/469]	0.0018 (0.0126)	0.0001 (0.0109)	0.279 (0.223)	90.62 (93.60)
[200/469]	0.0307 (0.0121)	0.0290 (0.0104)	0.192 (0.217)	93.75 (93.75)
[300/469]	0.0018 (0.0118)	0.0001 (0.0101)	0.230 (0.215)	94.53 (93.71)
[400/469]	0.0018 (0.0117)	0.0001 (0.0100)	0.197 (0.212)	92.19 (93.81)
[468/469]	0.0017 (0.0116)	0.0001 (0.0099)	0.228 (0.209)	93.75 (93.85)
 * Train Acc 93.847
 * Val Acc 94.410, Total time 0.94
validation split name: 1
 * Val Acc 91.010, Total time 0.65
validation split name: 2
 * Val Acc 93.060, Total time 0.88
validation split name: 3
 * Val Acc 93.400, Total time 1.01
validation split name: 4
 * Val Acc 92.540, Total time 0.88
validation split name: 5
 * Val Acc 93.330, Total time 1.08
validation split name: 6
 * Val Acc 93.440, Total time 0.93
validation split name: 7
 * Val Acc 93.420, Total time 0.88
validation split name: 8
 * Val Acc 94.410, Total time 0.95
====================== 9 =======================
Epoch:0
LR: 0.001
Itr		Time		  Data		  Loss		Acc
[0/469]	0.1332 (0.1332)	0.1245 (0.1245)	3.912 (3.912)	9.38 (9.38)
[100/469]	0.0019 (0.0114)	0.0001 (0.0095)	0.505 (0.729)	84.38 (77.40)
[200/469]	0.0019 (0.0112)	0.0002 (0.0094)	0.396 (0.539)	89.84 (83.62)
[300/469]	0.0251 (0.0111)	0.0234 (0.0093)	0.214 (0.459)	92.97 (86.18)
[400/469]	0.0018 (0.0109)	0.0002 (0.0092)	0.324 (0.414)	88.28 (87.58)
[468/469]	0.0016 (0.0110)	0.0001 (0.0092)	0.225 (0.390)	92.71 (88.34)
 * Train Acc 88.338
 * Val Acc 93.170, Total time 0.96
Epoch:1
LR: 0.001
Itr		Time		  Data		  Loss		Acc
[0/469]	0.1360 (0.1360)	0.1285 (0.1285)	0.287 (0.287)	94.53 (94.53)
[100/469]	0.0293 (0.0123)	0.0275 (0.0105)	0.243 (0.239)	93.75 (92.98)
[200/469]	0.0018 (0.0117)	0.0002 (0.0100)	0.150 (0.228)	95.31 (93.31)
[300/469]	0.0018 (0.0116)	0.0001 (0.0098)	0.296 (0.223)	90.62 (93.44)
[400/469]	0.0299 (0.0115)	0.0281 (0.0098)	0.156 (0.215)	98.44 (93.69)
[468/469]	0.0017 (0.0115)	0.0001 (0.0097)	0.144 (0.212)	97.92 (93.78)
 * Train Acc 93.782
 * Val Acc 94.690, Total time 0.96
validation split name: 1
 * Val Acc 89.670, Total time 0.68
validation split name: 2
 * Val Acc 90.980, Total time 0.95
validation split name: 3
 * Val Acc 91.680, Total time 0.94
validation split name: 4
 * Val Acc 90.800, Total time 0.89
validation split name: 5
 * Val Acc 92.970, Total time 0.92
validation split name: 6
 * Val Acc 93.250, Total time 0.87
validation split name: 7
 * Val Acc 93.640, Total time 1.01
validation split name: 8
 * Val Acc 94.370, Total time 0.89
validation split name: 9
 * Val Acc 94.690, Total time 0.94
====================== 10 =======================
Epoch:0
LR: 0.001
Itr		Time		  Data		  Loss		Acc
[0/469]	0.1396 (0.1396)	0.1309 (0.1309)	4.610 (4.610)	13.28 (13.28)
[100/469]	0.0301 (0.0126)	0.0283 (0.0108)	0.420 (0.771)	86.72 (76.79)
[200/469]	0.0018 (0.0120)	0.0001 (0.0102)	0.354 (0.571)	86.72 (82.81)
[300/469]	0.0018 (0.0118)	0.0001 (0.0100)	0.272 (0.482)	89.84 (85.52)
[400/469]	0.0311 (0.0117)	0.0294 (0.0100)	0.263 (0.430)	93.75 (87.11)
[468/469]	0.0017 (0.0116)	0.0001 (0.0099)	0.291 (0.405)	92.71 (87.96)
 * Train Acc 87.958
 * Val Acc 93.040, Total time 0.89
Epoch:1
LR: 0.001
Itr		Time		  Data		  Loss		Acc
[0/469]	0.1397 (0.1397)	0.1319 (0.1319)	0.222 (0.222)	93.75 (93.75)
[100/469]	0.0019 (0.0124)	0.0002 (0.0106)	0.239 (0.227)	94.53 (93.44)
[200/469]	0.0254 (0.0111)	0.0236 (0.0094)	0.264 (0.225)	91.41 (93.42)
[300/469]	0.0019 (0.0106)	0.0001 (0.0089)	0.290 (0.223)	91.41 (93.57)
[400/469]	0.0018 (0.0104)	0.0002 (0.0086)	0.175 (0.216)	91.41 (93.72)
[468/469]	0.0017 (0.0103)	0.0001 (0.0086)	0.267 (0.214)	95.83 (93.78)
 * Train Acc 93.778
 * Val Acc 94.470, Total time 0.95
validation split name: 1
 * Val Acc 89.150, Total time 0.66
validation split name: 2
 * Val Acc 90.260, Total time 0.86
validation split name: 3
 * Val Acc 90.580, Total time 0.87
validation split name: 4
 * Val Acc 91.270, Total time 1.00
validation split name: 5
 * Val Acc 91.880, Total time 0.95
validation split name: 6
 * Val Acc 91.830, Total time 0.88
validation split name: 7
 * Val Acc 92.640, Total time 0.87
validation split name: 8
 * Val Acc 93.870, Total time 0.89
validation split name: 9
 * Val Acc 93.340, Total time 0.94
validation split name: 10
 * Val Acc 94.470, Total time 1.00
OrderedDict([('1', OrderedDict([('1', 95.73), ('2', 95.44), ('3', 94.43), ('4', 94.28), ('5', 93.09), ('6', 92.1), ('7', 91.97), ('8', 91.01), ('9', 89.67), ('10', 89.15)])), ('2', OrderedDict([('2', 95.47), ('3', 94.84), ('4', 94.95), ('5', 94.69), ('6', 93.85), ('7', 94.06), ('8', 93.06), ('9', 90.98), ('10', 90.26)])), ('3', OrderedDict([('3', 95.17), ('4', 94.77), ('5', 94.05), ('6', 93.79), ('7', 93.83), ('8', 93.4), ('9', 91.68), ('10', 90.58)])), ('4', OrderedDict([('4', 95.05), ('5', 94.26), ('6', 93.82), ('7', 93.56), ('8', 92.54), ('9', 90.8), ('10', 91.27)])), ('5', OrderedDict([('5', 94.96), ('6', 94.06), ('7', 93.86), ('8', 93.33), ('9', 92.97), ('10', 91.88)])), ('6', OrderedDict([('6', 94.62), ('7', 94.4), ('8', 93.44), ('9', 93.25), ('10', 91.83)])), ('7', OrderedDict([('7', 94.82), ('8', 93.42), ('9', 93.64), ('10', 92.64)])), ('8', OrderedDict([('8', 94.41), ('9', 94.37), ('10', 93.87)])), ('9', OrderedDict([('9', 94.69), ('10', 93.34)])), ('10', OrderedDict([('10', 94.47)]))])
Task 1 average acc: 95.73
Task 2 average acc: 95.455
Task 3 average acc: 94.81333333333333
Task 4 average acc: 94.7625
Task 5 average acc: 94.21
Task 6 average acc: 93.70666666666666
Task 7 average acc: 93.78571428571429
Task 8 average acc: 93.07624999999999
Task 9 average acc: 92.44999999999999
Task 10 average acc: 91.929
===Summary of experiment repeats: 1 / 5 ===
The regularization coefficient: 0.0
The last avg acc of all repeats: [91.929  0.     0.     0.     0.   ]
mean: 18.3858 std: 36.77160000000001
MLP(
  (linear): Sequential(
    (0): Linear(in_features=1024, out_features=1000, bias=True)
    (1): ReLU(inplace=True)
    (2): Linear(in_features=1000, out_features=1000, bias=True)
    (3): ReLU(inplace=True)
  )
  (last): ModuleDict(
    (All): Linear(in_features=1000, out_features=10, bias=True)
  )
)
#parameter of model: 2036010
Task order: ['1', '2', '3', '4', '5', '6', '7', '8', '9', '10']
====================== 1 =======================
Epoch:0
LR: 0.001
Itr		Time		  Data		  Loss		Acc
[0/469]	0.1460 (0.1460)	0.1342 (0.1342)	2.293 (2.293)	17.19 (17.19)
[100/469]	0.0043 (0.0079)	0.0026 (0.0061)	0.261 (0.488)	91.41 (85.44)
[200/469]	0.0028 (0.0073)	0.0011 (0.0055)	0.347 (0.382)	88.28 (88.62)
[300/469]	0.0165 (0.0072)	0.0147 (0.0054)	0.163 (0.333)	94.53 (90.20)
[400/469]	0.0018 (0.0071)	0.0001 (0.0053)	0.164 (0.303)	95.31 (91.10)
[468/469]	0.0117 (0.0070)	0.0098 (0.0053)	0.093 (0.288)	98.96 (91.52)
 * Train Acc 91.523
 * Val Acc 94.680, Total time 0.69
Epoch:1
LR: 0.001
Itr		Time		  Data		  Loss		Acc
[0/469]	0.1231 (0.1231)	0.1153 (0.1153)	0.138 (0.138)	94.53 (94.53)
[100/469]	0.0018 (0.0078)	0.0001 (0.0060)	0.179 (0.184)	95.31 (94.77)
[200/469]	0.0170 (0.0076)	0.0154 (0.0059)	0.114 (0.176)	96.09 (94.93)
[300/469]	0.0017 (0.0074)	0.0001 (0.0057)	0.150 (0.171)	95.31 (95.08)
[400/469]	0.0017 (0.0075)	0.0002 (0.0058)	0.093 (0.165)	97.66 (95.22)
[468/469]	0.0016 (0.0076)	0.0001 (0.0059)	0.168 (0.162)	93.75 (95.32)
 * Train Acc 95.320
 * Val Acc 95.600, Total time 0.64
validation split name: 1
 * Val Acc 95.600, Total time 0.65
====================== 2 =======================
Epoch:0
LR: 0.001
Itr		Time		  Data		  Loss		Acc
[0/469]	0.1507 (0.1507)	0.1418 (0.1418)	2.723 (2.723)	13.28 (13.28)
[100/469]	0.0294 (0.0119)	0.0276 (0.0102)	0.296 (0.555)	90.62 (84.14)
[200/469]	0.0018 (0.0112)	0.0001 (0.0094)	0.247 (0.429)	94.53 (87.82)
[300/469]	0.0019 (0.0107)	0.0001 (0.0090)	0.265 (0.373)	91.41 (89.41)
[400/469]	0.0255 (0.0106)	0.0238 (0.0089)	0.240 (0.337)	92.19 (90.40)
[468/469]	0.0017 (0.0105)	0.0001 (0.0088)	0.230 (0.320)	95.83 (90.90)
 * Train Acc 90.900
 * Val Acc 94.100, Total time 0.89
Epoch:1
LR: 0.001
Itr		Time		  Data		  Loss		Acc
[0/469]	0.1440 (0.1440)	0.1356 (0.1356)	0.241 (0.241)	92.19 (92.19)
[100/469]	0.0027 (0.0108)	0.0010 (0.0090)	0.220 (0.192)	93.75 (94.44)
[200/469]	0.0019 (0.0102)	0.0001 (0.0084)	0.144 (0.186)	96.88 (94.58)
[300/469]	0.0019 (0.0101)	0.0002 (0.0083)	0.167 (0.185)	94.53 (94.60)
[400/469]	0.0021 (0.0100)	0.0002 (0.0082)	0.152 (0.183)	96.88 (94.73)
[468/469]	0.0024 (0.0099)	0.0007 (0.0081)	0.156 (0.180)	96.88 (94.83)
 * Train Acc 94.830
 * Val Acc 95.480, Total time 0.89
validation split name: 1
 * Val Acc 94.710, Total time 0.78
validation split name: 2
 * Val Acc 95.480, Total time 0.99
====================== 3 =======================
Epoch:0
LR: 0.001
Itr		Time		  Data		  Loss		Acc
[0/469]	0.1435 (0.1435)	0.1360 (0.1360)	2.783 (2.783)	21.88 (21.88)
[100/469]	0.0026 (0.0108)	0.0009 (0.0090)	0.422 (0.570)	86.72 (83.24)
[200/469]	0.0018 (0.0103)	0.0001 (0.0085)	0.242 (0.440)	91.41 (87.18)
[300/469]	0.0265 (0.0102)	0.0247 (0.0084)	0.252 (0.378)	92.19 (89.00)
[400/469]	0.0019 (0.0101)	0.0001 (0.0083)	0.173 (0.340)	95.31 (90.10)
[468/469]	0.0183 (0.0101)	0.0167 (0.0083)	0.160 (0.324)	95.83 (90.53)
 * Train Acc 90.532
 * Val Acc 94.060, Total time 1.02
Epoch:1
LR: 0.001
Itr		Time		  Data		  Loss		Acc
[0/469]	0.1494 (0.1494)	0.1411 (0.1411)	0.126 (0.126)	96.09 (96.09)
[100/469]	0.0019 (0.0112)	0.0001 (0.0094)	0.211 (0.201)	92.97 (94.31)
[200/469]	0.0033 (0.0104)	0.0016 (0.0087)	0.155 (0.194)	96.88 (94.38)
[300/469]	0.0028 (0.0103)	0.0011 (0.0085)	0.161 (0.188)	95.31 (94.55)
[400/469]	0.0019 (0.0102)	0.0002 (0.0084)	0.234 (0.185)	93.75 (94.63)
[468/469]	0.0019 (0.0102)	0.0001 (0.0085)	0.210 (0.184)	91.67 (94.71)
 * Train Acc 94.713
 * Val Acc 95.160, Total time 1.00
validation split name: 1
 * Val Acc 92.920, Total time 0.66
validation split name: 2
 * Val Acc 94.970, Total time 0.94
validation split name: 3
 * Val Acc 95.160, Total time 0.95
====================== 4 =======================
Epoch:0
LR: 0.001
Itr		Time		  Data		  Loss		Acc
[0/469]	0.1372 (0.1372)	0.1290 (0.1290)	3.561 (3.561)	10.16 (10.16)
[100/469]	0.0019 (0.0110)	0.0001 (0.0092)	0.319 (0.616)	92.97 (81.43)
[200/469]	0.0018 (0.0107)	0.0001 (0.0089)	0.220 (0.461)	92.97 (86.24)
[300/469]	0.0254 (0.0104)	0.0237 (0.0087)	0.219 (0.394)	95.31 (88.25)
[400/469]	0.0019 (0.0102)	0.0001 (0.0085)	0.111 (0.357)	98.44 (89.35)
[468/469]	0.0184 (0.0102)	0.0166 (0.0085)	0.223 (0.339)	93.75 (89.92)
 * Train Acc 89.915
 * Val Acc 93.760, Total time 0.88
Epoch:1
LR: 0.001
Itr		Time		  Data		  Loss		Acc
[0/469]	0.1362 (0.1362)	0.1270 (0.1270)	0.199 (0.199)	92.97 (92.97)
[100/469]	0.0027 (0.0108)	0.0009 (0.0089)	0.235 (0.215)	92.97 (93.79)
[200/469]	0.0257 (0.0103)	0.0239 (0.0085)	0.124 (0.206)	96.88 (94.12)
[300/469]	0.0018 (0.0102)	0.0002 (0.0084)	0.143 (0.196)	96.09 (94.45)
[400/469]	0.0020 (0.0101)	0.0002 (0.0083)	0.140 (0.192)	96.88 (94.54)
[468/469]	0.0178 (0.0101)	0.0161 (0.0083)	0.109 (0.190)	96.88 (94.56)
 * Train Acc 94.565
 * Val Acc 95.100, Total time 0.89
validation split name: 1
 * Val Acc 92.760, Total time 0.72
validation split name: 2
 * Val Acc 94.410, Total time 0.87
validation split name: 3
 * Val Acc 94.810, Total time 0.89
validation split name: 4
 * Val Acc 95.100, Total time 0.96
====================== 5 =======================
Epoch:0
LR: 0.001
Itr		Time		  Data		  Loss		Acc
[0/469]	0.1348 (0.1348)	0.1275 (0.1275)	3.569 (3.569)	14.06 (14.06)
[100/469]	0.0017 (0.0109)	0.0002 (0.0092)	0.469 (0.611)	88.28 (81.86)
[200/469]	0.0018 (0.0104)	0.0002 (0.0087)	0.318 (0.461)	90.62 (86.45)
[300/469]	0.0019 (0.0103)	0.0002 (0.0085)	0.326 (0.399)	89.84 (88.26)
[400/469]	0.0177 (0.0102)	0.0158 (0.0084)	0.317 (0.361)	90.62 (89.41)
[468/469]	0.0024 (0.0101)	0.0007 (0.0083)	0.179 (0.342)	93.75 (89.98)
 * Train Acc 89.977
 * Val Acc 93.940, Total time 0.89
Epoch:1
LR: 0.001
Itr		Time		  Data		  Loss		Acc
[0/469]	0.1424 (0.1424)	0.1344 (0.1344)	0.182 (0.182)	96.09 (96.09)
[100/469]	0.0027 (0.0109)	0.0010 (0.0091)	0.178 (0.203)	95.31 (94.11)
[200/469]	0.0022 (0.0103)	0.0002 (0.0084)	0.179 (0.199)	92.19 (94.20)
[300/469]	0.0209 (0.0101)	0.0192 (0.0083)	0.228 (0.195)	92.97 (94.38)
[400/469]	0.0041 (0.0100)	0.0022 (0.0081)	0.182 (0.191)	92.97 (94.51)
[468/469]	0.0135 (0.0099)	0.0119 (0.0080)	0.107 (0.190)	98.96 (94.56)
 * Train Acc 94.565
 * Val Acc 95.200, Total time 0.88
validation split name: 1
 * Val Acc 93.810, Total time 0.65
validation split name: 2
 * Val Acc 94.680, Total time 1.01
validation split name: 3
 * Val Acc 94.740, Total time 0.88
validation split name: 4
 * Val Acc 94.730, Total time 0.87
validation split name: 5
 * Val Acc 95.200, Total time 0.87
====================== 6 =======================
Epoch:0
LR: 0.001
Itr		Time		  Data		  Loss		Acc
[0/469]	0.1464 (0.1464)	0.1374 (0.1374)	3.773 (3.773)	7.81 (7.81)
[100/469]	0.0019 (0.0120)	0.0001 (0.0102)	0.335 (0.671)	89.06 (79.49)
[200/469]	0.0019 (0.0109)	0.0002 (0.0091)	0.267 (0.501)	92.97 (84.74)
[300/469]	0.0057 (0.0105)	0.0040 (0.0088)	0.182 (0.429)	95.31 (86.94)
[400/469]	0.0019 (0.0103)	0.0001 (0.0086)	0.227 (0.382)	91.41 (88.52)
[468/469]	0.0220 (0.0104)	0.0203 (0.0086)	0.245 (0.360)	93.75 (89.22)
 * Train Acc 89.225
 * Val Acc 93.610, Total time 0.88
Epoch:1
LR: 0.001
Itr		Time		  Data		  Loss		Acc
[0/469]	0.1471 (0.1471)	0.1381 (0.1381)	0.125 (0.125)	97.66 (97.66)
[100/469]	0.0297 (0.0118)	0.0280 (0.0100)	0.217 (0.212)	93.75 (93.85)
[200/469]	0.0018 (0.0109)	0.0001 (0.0092)	0.259 (0.208)	91.41 (93.91)
[300/469]	0.0018 (0.0107)	0.0002 (0.0089)	0.266 (0.205)	92.19 (94.16)
[400/469]	0.0260 (0.0105)	0.0243 (0.0088)	0.154 (0.199)	96.88 (94.33)
[468/469]	0.0017 (0.0105)	0.0001 (0.0088)	0.340 (0.196)	90.62 (94.42)
 * Train Acc 94.415
 * Val Acc 94.930, Total time 0.88
validation split name: 1
 * Val Acc 92.930, Total time 0.75
validation split name: 2
 * Val Acc 94.350, Total time 0.88
validation split name: 3
 * Val Acc 93.510, Total time 0.89
validation split name: 4
 * Val Acc 94.540, Total time 1.01
validation split name: 5
 * Val Acc 94.650, Total time 1.00
validation split name: 6
 * Val Acc 94.930, Total time 0.94
====================== 7 =======================
Epoch:0
LR: 0.001
Itr		Time		  Data		  Loss		Acc
[0/469]	0.1444 (0.1444)	0.1364 (0.1364)	3.438 (3.438)	13.28 (13.28)
[100/469]	0.0021 (0.0117)	0.0002 (0.0098)	0.333 (0.669)	90.62 (79.65)
[200/469]	0.0021 (0.0110)	0.0002 (0.0091)	0.438 (0.512)	85.94 (84.58)
[300/469]	0.0019 (0.0109)	0.0002 (0.0091)	0.193 (0.438)	92.97 (86.92)
[400/469]	0.0255 (0.0109)	0.0237 (0.0092)	0.421 (0.397)	87.50 (88.21)
[468/469]	0.0017 (0.0107)	0.0001 (0.0090)	0.207 (0.373)	93.75 (88.91)
 * Train Acc 88.905
 * Val Acc 93.380, Total time 1.00
Epoch:1
LR: 0.001
Itr		Time		  Data		  Loss		Acc
[0/469]	0.1435 (0.1435)	0.1345 (0.1345)	0.197 (0.197)	92.97 (92.97)
[100/469]	0.0017 (0.0112)	0.0001 (0.0092)	0.265 (0.225)	89.84 (93.29)
[200/469]	0.0253 (0.0105)	0.0237 (0.0087)	0.156 (0.216)	97.66 (93.59)
[300/469]	0.0019 (0.0103)	0.0001 (0.0084)	0.202 (0.211)	92.97 (93.73)
[400/469]	0.0018 (0.0101)	0.0001 (0.0083)	0.270 (0.207)	92.97 (93.92)
[468/469]	0.0017 (0.0100)	0.0001 (0.0082)	0.213 (0.204)	92.71 (94.00)
 * Train Acc 94.000
 * Val Acc 94.640, Total time 0.89
validation split name: 1
 * Val Acc 89.890, Total time 0.66
validation split name: 2
 * Val Acc 94.220, Total time 1.01
validation split name: 3
 * Val Acc 92.340, Total time 0.87
validation split name: 4
 * Val Acc 93.630, Total time 0.87
validation split name: 5
 * Val Acc 93.750, Total time 0.87
validation split name: 6
 * Val Acc 94.240, Total time 1.00
validation split name: 7
 * Val Acc 94.640, Total time 0.88
====================== 8 =======================
Epoch:0
LR: 0.001
Itr		Time		  Data		  Loss		Acc
[0/469]	0.1506 (0.1506)	0.1417 (0.1417)	4.484 (4.484)	7.81 (7.81)
[100/469]	0.0300 (0.0118)	0.0283 (0.0101)	0.484 (0.734)	83.59 (77.56)
[200/469]	0.0018 (0.0114)	0.0002 (0.0096)	0.387 (0.542)	87.50 (83.49)
[300/469]	0.0018 (0.0109)	0.0001 (0.0092)	0.229 (0.458)	92.19 (86.11)
[400/469]	0.0078 (0.0107)	0.0060 (0.0090)	0.261 (0.407)	93.75 (87.67)
[468/469]	0.0086 (0.0106)	0.0069 (0.0089)	0.308 (0.384)	88.54 (88.41)
 * Train Acc 88.413
 * Val Acc 93.430, Total time 0.92
Epoch:1
LR: 0.001
Itr		Time		  Data		  Loss		Acc
[0/469]	0.1374 (0.1374)	0.1293 (0.1293)	0.238 (0.238)	94.53 (94.53)
[100/469]	0.0019 (0.0112)	0.0002 (0.0094)	0.223 (0.213)	92.19 (93.60)
[200/469]	0.0299 (0.0113)	0.0281 (0.0096)	0.201 (0.217)	94.53 (93.57)
[300/469]	0.0018 (0.0113)	0.0001 (0.0095)	0.114 (0.212)	96.88 (93.77)
[400/469]	0.0019 (0.0112)	0.0001 (0.0095)	0.163 (0.207)	95.31 (93.93)
[468/469]	0.0017 (0.0110)	0.0001 (0.0093)	0.139 (0.204)	96.88 (94.07)
 * Train Acc 94.068
 * Val Acc 94.610, Total time 0.89
validation split name: 1
 * Val Acc 88.780, Total time 0.64
validation split name: 2
 * Val Acc 93.250, Total time 1.01
validation split name: 3
 * Val Acc 90.120, Total time 0.88
validation split name: 4
 * Val Acc 92.850, Total time 0.88
validation split name: 5
 * Val Acc 93.030, Total time 1.03
validation split name: 6
 * Val Acc 93.900, Total time 0.97
validation split name: 7
 * Val Acc 94.190, Total time 1.01
validation split name: 8
 * Val Acc 94.610, Total time 1.03
====================== 9 =======================
Epoch:0
LR: 0.001
Itr		Time		  Data		  Loss		Acc
[0/469]	0.1461 (0.1461)	0.1387 (0.1387)	4.703 (4.703)	10.16 (10.16)
[100/469]	0.0017 (0.0117)	0.0001 (0.0099)	0.335 (0.734)	89.06 (77.92)
[200/469]	0.0302 (0.0114)	0.0285 (0.0097)	0.351 (0.548)	91.41 (83.40)
[300/469]	0.0018 (0.0113)	0.0001 (0.0096)	0.196 (0.466)	94.53 (85.85)
[400/469]	0.0017 (0.0112)	0.0001 (0.0096)	0.218 (0.418)	92.19 (87.36)
[468/469]	0.0016 (0.0112)	0.0001 (0.0096)	0.237 (0.394)	93.75 (88.11)
 * Train Acc 88.108
 * Val Acc 92.960, Total time 0.89
Epoch:1
LR: 0.001
Itr		Time		  Data		  Loss		Acc
[0/469]	0.1514 (0.1514)	0.1426 (0.1426)	0.305 (0.305)	90.62 (90.62)
[100/469]	0.0021 (0.0127)	0.0002 (0.0109)	0.174 (0.239)	95.31 (92.95)
[200/469]	0.0021 (0.0112)	0.0002 (0.0093)	0.242 (0.227)	91.41 (93.33)
[300/469]	0.0257 (0.0108)	0.0240 (0.0089)	0.137 (0.219)	96.88 (93.58)
[400/469]	0.0018 (0.0105)	0.0001 (0.0087)	0.180 (0.213)	95.31 (93.75)
[468/469]	0.0191 (0.0105)	0.0175 (0.0087)	0.227 (0.211)	93.75 (93.81)
 * Train Acc 93.808
 * Val Acc 94.410, Total time 0.88
validation split name: 1
 * Val Acc 87.830, Total time 0.64
validation split name: 2
 * Val Acc 93.260, Total time 0.88
validation split name: 3
 * Val Acc 88.550, Total time 0.90
validation split name: 4
 * Val Acc 92.950, Total time 0.98
validation split name: 5
 * Val Acc 91.860, Total time 0.87
validation split name: 6
 * Val Acc 93.700, Total time 0.92
validation split name: 7
 * Val Acc 93.470, Total time 0.89
validation split name: 8
 * Val Acc 94.130, Total time 0.91
validation split name: 9
 * Val Acc 94.410, Total time 0.95
====================== 10 =======================
Epoch:0
LR: 0.001
Itr		Time		  Data		  Loss		Acc
[0/469]	0.1514 (0.1514)	0.1429 (0.1429)	5.690 (5.690)	5.47 (5.47)
[100/469]	0.0019 (0.0120)	0.0001 (0.0102)	0.457 (0.826)	86.72 (75.37)
[200/469]	0.0018 (0.0113)	0.0002 (0.0095)	0.326 (0.593)	88.28 (82.40)
[300/469]	0.0261 (0.0109)	0.0244 (0.0092)	0.259 (0.500)	91.41 (85.17)
[400/469]	0.0018 (0.0109)	0.0002 (0.0092)	0.228 (0.443)	92.19 (86.90)
[468/469]	0.0181 (0.0109)	0.0165 (0.0092)	0.247 (0.416)	94.79 (87.72)
 * Train Acc 87.722
 * Val Acc 93.070, Total time 0.92
Epoch:1
LR: 0.001
Itr		Time		  Data		  Loss		Acc
[0/469]	0.1448 (0.1448)	0.1358 (0.1358)	0.292 (0.292)	91.41 (91.41)
[100/469]	0.0289 (0.0118)	0.0271 (0.0098)	0.141 (0.229)	96.88 (93.38)
[200/469]	0.0019 (0.0109)	0.0001 (0.0090)	0.253 (0.225)	92.19 (93.48)
[300/469]	0.0018 (0.0107)	0.0002 (0.0088)	0.198 (0.219)	93.75 (93.62)
[400/469]	0.0018 (0.0108)	0.0001 (0.0090)	0.143 (0.215)	96.09 (93.75)
[468/469]	0.0016 (0.0109)	0.0001 (0.0091)	0.180 (0.212)	94.79 (93.85)
 * Train Acc 93.850
 * Val Acc 94.460, Total time 0.88
validation split name: 1
 * Val Acc 87.600, Total time 0.66
validation split name: 2
 * Val Acc 93.830, Total time 0.88
validation split name: 3
 * Val Acc 88.030, Total time 0.88
validation split name: 4
 * Val Acc 93.230, Total time 0.87
validation split name: 5
 * Val Acc 89.940, Total time 0.93
validation split name: 6
 * Val Acc 93.470, Total time 0.94
validation split name: 7
 * Val Acc 92.360, Total time 0.95
validation split name: 8
 * Val Acc 93.970, Total time 0.89
validation split name: 9
 * Val Acc 93.870, Total time 0.89
validation split name: 10
 * Val Acc 94.460, Total time 0.88
OrderedDict([('1', OrderedDict([('1', 95.6), ('2', 94.71), ('3', 92.92), ('4', 92.76), ('5', 93.81), ('6', 92.93), ('7', 89.89), ('8', 88.78), ('9', 87.83), ('10', 87.6)])), ('2', OrderedDict([('2', 95.48), ('3', 94.97), ('4', 94.41), ('5', 94.68), ('6', 94.35), ('7', 94.22), ('8', 93.25), ('9', 93.26), ('10', 93.83)])), ('3', OrderedDict([('3', 95.16), ('4', 94.81), ('5', 94.74), ('6', 93.51), ('7', 92.34), ('8', 90.12), ('9', 88.55), ('10', 88.03)])), ('4', OrderedDict([('4', 95.1), ('5', 94.73), ('6', 94.54), ('7', 93.63), ('8', 92.85), ('9', 92.95), ('10', 93.23)])), ('5', OrderedDict([('5', 95.2), ('6', 94.65), ('7', 93.75), ('8', 93.03), ('9', 91.86), ('10', 89.94)])), ('6', OrderedDict([('6', 94.93), ('7', 94.24), ('8', 93.9), ('9', 93.7), ('10', 93.47)])), ('7', OrderedDict([('7', 94.64), ('8', 94.19), ('9', 93.47), ('10', 92.36)])), ('8', OrderedDict([('8', 94.61), ('9', 94.13), ('10', 93.97)])), ('9', OrderedDict([('9', 94.41), ('10', 93.87)])), ('10', OrderedDict([('10', 94.46)]))])
Task 1 average acc: 95.6
Task 2 average acc: 95.095
Task 3 average acc: 94.34999999999998
Task 4 average acc: 94.27000000000001
Task 5 average acc: 94.632
Task 6 average acc: 94.15166666666669
Task 7 average acc: 93.24428571428572
Task 8 average acc: 92.59124999999999
Task 9 average acc: 92.24
Task 10 average acc: 92.07600000000001
===Summary of experiment repeats: 2 / 5 ===
The regularization coefficient: 0.0
The last avg acc of all repeats: [91.929 92.076  0.     0.     0.   ]
mean: 36.801 std: 45.07185998380808
MLP(
  (linear): Sequential(
    (0): Linear(in_features=1024, out_features=1000, bias=True)
    (1): ReLU(inplace=True)
    (2): Linear(in_features=1000, out_features=1000, bias=True)
    (3): ReLU(inplace=True)
  )
  (last): ModuleDict(
    (All): Linear(in_features=1000, out_features=10, bias=True)
  )
)
#parameter of model: 2036010
Task order: ['1', '2', '3', '4', '5', '6', '7', '8', '9', '10']
====================== 1 =======================
Epoch:0
LR: 0.001
Itr		Time		  Data		  Loss		Acc
[0/469]	0.1184 (0.1184)	0.1106 (0.1106)	2.310 (2.310)	11.72 (11.72)
[100/469]	0.0018 (0.0078)	0.0001 (0.0060)	0.249 (0.493)	93.75 (85.02)
[200/469]	0.0018 (0.0073)	0.0002 (0.0055)	0.253 (0.380)	92.97 (88.60)
[300/469]	0.0169 (0.0074)	0.0152 (0.0057)	0.286 (0.330)	93.75 (90.14)
[400/469]	0.0019 (0.0073)	0.0001 (0.0055)	0.157 (0.298)	95.31 (91.14)
[468/469]	0.0113 (0.0072)	0.0095 (0.0055)	0.169 (0.286)	94.79 (91.51)
 * Train Acc 91.510
 * Val Acc 94.730, Total time 0.68
Epoch:1
LR: 0.001
Itr		Time		  Data		  Loss		Acc
[0/469]	0.1310 (0.1310)	0.1227 (0.1227)	0.200 (0.200)	95.31 (95.31)
[100/469]	0.0063 (0.0081)	0.0045 (0.0062)	0.149 (0.172)	94.53 (94.93)
[200/469]	0.0195 (0.0077)	0.0178 (0.0059)	0.133 (0.169)	96.09 (95.08)
[300/469]	0.0018 (0.0077)	0.0001 (0.0060)	0.207 (0.167)	95.31 (95.10)
[400/469]	0.0018 (0.0077)	0.0001 (0.0060)	0.224 (0.165)	93.75 (95.19)
[468/469]	0.0021 (0.0078)	0.0001 (0.0060)	0.122 (0.162)	94.79 (95.26)
 * Train Acc 95.258
 * Val Acc 95.770, Total time 0.66
validation split name: 1
 * Val Acc 95.770, Total time 0.65
====================== 2 =======================
Epoch:0
LR: 0.001
Itr		Time		  Data		  Loss		Acc
[0/469]	0.1472 (0.1472)	0.1393 (0.1393)	2.651 (2.651)	4.69 (4.69)
[100/469]	0.0018 (0.0124)	0.0001 (0.0103)	0.239 (0.545)	94.53 (83.94)
[200/469]	0.0018 (0.0117)	0.0002 (0.0099)	0.298 (0.427)	90.62 (87.46)
[300/469]	0.0244 (0.0116)	0.0222 (0.0096)	0.284 (0.372)	93.75 (89.06)
[400/469]	0.0292 (0.0115)	0.0269 (0.0095)	0.278 (0.337)	88.28 (90.13)
[468/469]	0.0017 (0.0114)	0.0001 (0.0094)	0.234 (0.319)	93.75 (90.71)
 * Train Acc 90.713
 * Val Acc 93.970, Total time 0.89
Epoch:1
LR: 0.001
Itr		Time		  Data		  Loss		Acc
[0/469]	0.1476 (0.1476)	0.1389 (0.1389)	0.142 (0.142)	96.09 (96.09)
[100/469]	0.0019 (0.0128)	0.0001 (0.0110)	0.231 (0.194)	94.53 (94.45)
[200/469]	0.0019 (0.0122)	0.0002 (0.0104)	0.196 (0.188)	92.97 (94.60)
[300/469]	0.0308 (0.0122)	0.0290 (0.0105)	0.137 (0.185)	97.66 (94.67)
[400/469]	0.0018 (0.0121)	0.0001 (0.0103)	0.145 (0.182)	95.31 (94.77)
[468/469]	0.0220 (0.0120)	0.0204 (0.0103)	0.136 (0.181)	96.88 (94.78)
 * Train Acc 94.775
 * Val Acc 95.230, Total time 1.02
validation split name: 1
 * Val Acc 95.340, Total time 0.66
validation split name: 2
 * Val Acc 95.230, Total time 0.89
====================== 3 =======================
Epoch:0
LR: 0.001
Itr		Time		  Data		  Loss		Acc
[0/469]	0.1228 (0.1228)	0.1143 (0.1143)	3.432 (3.432)	10.94 (10.94)
[100/469]	0.0018 (0.0109)	0.0002 (0.0090)	0.228 (0.586)	92.97 (83.32)
[200/469]	0.0019 (0.0104)	0.0001 (0.0086)	0.247 (0.445)	94.53 (87.21)
[300/469]	0.0260 (0.0103)	0.0243 (0.0085)	0.211 (0.384)	92.97 (88.89)
[400/469]	0.0019 (0.0102)	0.0002 (0.0084)	0.247 (0.347)	94.53 (89.94)
[468/469]	0.0176 (0.0101)	0.0159 (0.0084)	0.245 (0.328)	93.75 (90.51)
 * Train Acc 90.512
 * Val Acc 94.030, Total time 1.01
Epoch:1
LR: 0.001
Itr		Time		  Data		  Loss		Acc
[0/469]	0.1588 (0.1588)	0.1495 (0.1495)	0.228 (0.228)	95.31 (95.31)
[100/469]	0.0239 (0.0113)	0.0220 (0.0094)	0.173 (0.199)	96.09 (94.44)
[200/469]	0.0019 (0.0107)	0.0001 (0.0089)	0.143 (0.192)	96.09 (94.57)
[300/469]	0.0019 (0.0106)	0.0001 (0.0088)	0.103 (0.190)	96.88 (94.54)
[400/469]	0.0250 (0.0104)	0.0232 (0.0086)	0.138 (0.187)	96.09 (94.60)
[468/469]	0.0018 (0.0103)	0.0001 (0.0085)	0.171 (0.185)	93.75 (94.64)
 * Train Acc 94.645
 * Val Acc 95.090, Total time 0.95
validation split name: 1
 * Val Acc 94.560, Total time 0.67
validation split name: 2
 * Val Acc 94.830, Total time 0.89
validation split name: 3
 * Val Acc 95.090, Total time 0.86
====================== 4 =======================
Epoch:0
LR: 0.001
Itr		Time		  Data		  Loss		Acc
[0/469]	0.1224 (0.1224)	0.1144 (0.1144)	3.467 (3.467)	6.25 (6.25)
[100/469]	0.0027 (0.0108)	0.0010 (0.0090)	0.407 (0.610)	91.41 (81.68)
[200/469]	0.0025 (0.0103)	0.0007 (0.0085)	0.208 (0.463)	94.53 (86.16)
[300/469]	0.0119 (0.0101)	0.0101 (0.0084)	0.283 (0.399)	93.75 (88.16)
[400/469]	0.0018 (0.0100)	0.0001 (0.0082)	0.224 (0.359)	93.75 (89.39)
[468/469]	0.0020 (0.0100)	0.0001 (0.0083)	0.265 (0.341)	89.58 (89.95)
 * Train Acc 89.948
 * Val Acc 93.820, Total time 0.91
Epoch:1
LR: 0.001
Itr		Time		  Data		  Loss		Acc
[0/469]	0.1478 (0.1478)	0.1399 (0.1399)	0.202 (0.202)	95.31 (95.31)
[100/469]	0.0017 (0.0121)	0.0001 (0.0104)	0.241 (0.204)	91.41 (94.18)
[200/469]	0.0299 (0.0117)	0.0282 (0.0100)	0.151 (0.198)	96.09 (94.30)
[300/469]	0.0112 (0.0111)	0.0095 (0.0095)	0.257 (0.192)	92.19 (94.48)
[400/469]	0.0018 (0.0112)	0.0002 (0.0095)	0.217 (0.191)	92.97 (94.48)
[468/469]	0.0216 (0.0112)	0.0200 (0.0095)	0.209 (0.190)	90.62 (94.49)
 * Train Acc 94.487
 * Val Acc 95.040, Total time 0.95
validation split name: 1
 * Val Acc 91.770, Total time 0.66
validation split name: 2
 * Val Acc 93.790, Total time 0.86
validation split name: 3
 * Val Acc 94.620, Total time 0.87
validation split name: 4
 * Val Acc 95.040, Total time 0.89
====================== 5 =======================
Epoch:0
LR: 0.001
Itr		Time		  Data		  Loss		Acc
[0/469]	0.1233 (0.1233)	0.1153 (0.1153)	4.371 (4.371)	7.03 (7.03)
[100/469]	0.0019 (0.0119)	0.0001 (0.0101)	0.346 (0.668)	89.84 (80.20)
[200/469]	0.0302 (0.0117)	0.0285 (0.0099)	0.254 (0.502)	92.97 (85.20)
[300/469]	0.0018 (0.0115)	0.0002 (0.0098)	0.256 (0.429)	94.53 (87.32)
[400/469]	0.0017 (0.0114)	0.0001 (0.0097)	0.206 (0.384)	94.53 (88.64)
[468/469]	0.0018 (0.0114)	0.0001 (0.0097)	0.178 (0.363)	94.79 (89.27)
 * Train Acc 89.267
 * Val Acc 93.700, Total time 0.90
Epoch:1
LR: 0.001
Itr		Time		  Data		  Loss		Acc
[0/469]	0.1425 (0.1425)	0.1343 (0.1343)	0.183 (0.183)	93.75 (93.75)
[100/469]	0.0019 (0.0110)	0.0002 (0.0091)	0.187 (0.215)	93.75 (93.97)
[200/469]	0.0018 (0.0110)	0.0001 (0.0092)	0.167 (0.212)	92.97 (94.03)
[300/469]	0.0268 (0.0107)	0.0250 (0.0089)	0.188 (0.206)	94.53 (94.12)
[400/469]	0.0020 (0.0106)	0.0002 (0.0088)	0.138 (0.201)	96.09 (94.22)
[468/469]	0.0192 (0.0105)	0.0173 (0.0088)	0.230 (0.196)	92.71 (94.34)
 * Train Acc 94.342
 * Val Acc 94.900, Total time 0.94
validation split name: 1
 * Val Acc 90.960, Total time 0.66
validation split name: 2
 * Val Acc 93.830, Total time 0.90
validation split name: 3
 * Val Acc 94.350, Total time 1.01
validation split name: 4
 * Val Acc 94.650, Total time 0.88
validation split name: 5
 * Val Acc 94.900, Total time 0.94
====================== 6 =======================
Epoch:0
LR: 0.001
Itr		Time		  Data		  Loss		Acc
[0/469]	0.1413 (0.1413)	0.1331 (0.1331)	3.993 (3.993)	13.28 (13.28)
[100/469]	0.0283 (0.0124)	0.0263 (0.0106)	0.348 (0.680)	91.41 (79.24)
[200/469]	0.0019 (0.0118)	0.0002 (0.0101)	0.328 (0.506)	89.84 (84.88)
[300/469]	0.0019 (0.0116)	0.0002 (0.0098)	0.295 (0.436)	89.06 (87.12)
[400/469]	0.0302 (0.0116)	0.0284 (0.0098)	0.216 (0.392)	92.97 (88.37)
[468/469]	0.0017 (0.0115)	0.0001 (0.0098)	0.191 (0.370)	93.75 (89.04)
 * Train Acc 89.037
 * Val Acc 93.880, Total time 0.96
Epoch:1
LR: 0.001
Itr		Time		  Data		  Loss		Acc
[0/469]	0.1223 (0.1223)	0.1145 (0.1145)	0.274 (0.274)	92.19 (92.19)
[100/469]	0.0188 (0.0109)	0.0172 (0.0091)	0.247 (0.214)	91.41 (93.77)
[200/469]	0.0026 (0.0102)	0.0010 (0.0085)	0.200 (0.209)	95.31 (93.87)
[300/469]	0.0251 (0.0102)	0.0233 (0.0085)	0.142 (0.205)	97.66 (93.96)
[400/469]	0.0018 (0.0101)	0.0002 (0.0084)	0.229 (0.202)	92.19 (94.08)
[468/469]	0.0192 (0.0101)	0.0171 (0.0083)	0.248 (0.201)	92.71 (94.10)
 * Train Acc 94.100
 * Val Acc 95.000, Total time 0.98
validation split name: 1
 * Val Acc 88.180, Total time 0.65
validation split name: 2
 * Val Acc 93.440, Total time 0.89
validation split name: 3
 * Val Acc 93.370, Total time 0.86
validation split name: 4
 * Val Acc 93.810, Total time 0.86
validation split name: 5
 * Val Acc 93.920, Total time 0.86
validation split name: 6
 * Val Acc 95.000, Total time 0.89
====================== 7 =======================
Epoch:0
LR: 0.001
Itr		Time		  Data		  Loss		Acc
[0/469]	0.1506 (0.1506)	0.1420 (0.1420)	3.094 (3.094)	14.06 (14.06)
[100/469]	0.0017 (0.0123)	0.0002 (0.0106)	0.296 (0.626)	90.62 (80.47)
[200/469]	0.0018 (0.0116)	0.0001 (0.0099)	0.338 (0.486)	90.62 (85.12)
[300/469]	0.0296 (0.0115)	0.0279 (0.0098)	0.288 (0.418)	91.41 (87.27)
[400/469]	0.0018 (0.0112)	0.0002 (0.0096)	0.176 (0.376)	93.75 (88.58)
[468/469]	0.0182 (0.0110)	0.0164 (0.0093)	0.229 (0.357)	93.75 (89.16)
 * Train Acc 89.162
 * Val Acc 93.590, Total time 0.96
Epoch:1
LR: 0.001
Itr		Time		  Data		  Loss		Acc
[0/469]	0.1389 (0.1389)	0.1312 (0.1312)	0.234 (0.234)	92.97 (92.97)
[100/469]	0.0018 (0.0113)	0.0001 (0.0095)	0.195 (0.217)	95.31 (93.75)
[200/469]	0.0017 (0.0109)	0.0001 (0.0092)	0.197 (0.213)	92.19 (93.82)
[300/469]	0.0301 (0.0111)	0.0284 (0.0094)	0.204 (0.206)	94.53 (94.02)
[400/469]	0.0018 (0.0109)	0.0002 (0.0093)	0.174 (0.202)	92.97 (94.14)
[468/469]	0.0178 (0.0108)	0.0161 (0.0091)	0.194 (0.199)	95.83 (94.19)
 * Train Acc 94.193
 * Val Acc 94.800, Total time 0.99
validation split name: 1
 * Val Acc 88.810, Total time 0.66
validation split name: 2
 * Val Acc 92.630, Total time 1.02
validation split name: 3
 * Val Acc 92.580, Total time 0.95
validation split name: 4
 * Val Acc 93.590, Total time 0.89
validation split name: 5
 * Val Acc 92.610, Total time 0.92
validation split name: 6
 * Val Acc 94.360, Total time 0.89
validation split name: 7
 * Val Acc 94.800, Total time 0.86
====================== 8 =======================
Epoch:0
LR: 0.001
Itr		Time		  Data		  Loss		Acc
[0/469]	0.1212 (0.1212)	0.1128 (0.1128)	3.848 (3.848)	19.53 (19.53)
[100/469]	0.0020 (0.0107)	0.0003 (0.0089)	0.214 (0.673)	94.53 (79.48)
[200/469]	0.0107 (0.0102)	0.0089 (0.0084)	0.206 (0.511)	95.31 (84.57)
[300/469]	0.0019 (0.0101)	0.0002 (0.0083)	0.229 (0.439)	93.75 (86.79)
[400/469]	0.0022 (0.0100)	0.0005 (0.0082)	0.244 (0.395)	92.19 (88.11)
[468/469]	0.0175 (0.0101)	0.0158 (0.0083)	0.239 (0.376)	91.67 (88.74)
 * Train Acc 88.740
 * Val Acc 93.380, Total time 1.00
Epoch:1
LR: 0.001
Itr		Time		  Data		  Loss		Acc
[0/469]	0.1356 (0.1356)	0.1281 (0.1281)	0.348 (0.348)	90.62 (90.62)
[100/469]	0.0139 (0.0109)	0.0121 (0.0091)	0.154 (0.223)	96.09 (93.28)
[200/469]	0.0018 (0.0104)	0.0001 (0.0086)	0.186 (0.223)	94.53 (93.33)
[300/469]	0.0018 (0.0104)	0.0001 (0.0086)	0.195 (0.217)	94.53 (93.64)
[400/469]	0.0018 (0.0106)	0.0001 (0.0088)	0.127 (0.210)	96.88 (93.82)
[468/469]	0.0035 (0.0107)	0.0001 (0.0089)	0.123 (0.208)	96.88 (93.91)
 * Train Acc 93.912
 * Val Acc 94.530, Total time 0.96
validation split name: 1
 * Val Acc 90.210, Total time 0.64
validation split name: 2
 * Val Acc 90.750, Total time 0.89
validation split name: 3
 * Val Acc 92.870, Total time 0.95
validation split name: 4
 * Val Acc 93.740, Total time 0.88
validation split name: 5
 * Val Acc 92.090, Total time 1.00
validation split name: 6
 * Val Acc 93.610, Total time 1.00
validation split name: 7
 * Val Acc 94.010, Total time 0.90
validation split name: 8
 * Val Acc 94.530, Total time 1.03
====================== 9 =======================
Epoch:0
LR: 0.001
Itr		Time		  Data		  Loss		Acc
[0/469]	0.1472 (0.1472)	0.1399 (0.1399)	5.170 (5.170)	9.38 (9.38)
[100/469]	0.0019 (0.0121)	0.0002 (0.0103)	0.366 (0.751)	89.06 (77.06)
[200/469]	0.0305 (0.0118)	0.0287 (0.0100)	0.247 (0.559)	92.19 (83.08)
[300/469]	0.0020 (0.0116)	0.0001 (0.0098)	0.279 (0.474)	88.28 (85.66)
[400/469]	0.0299 (0.0114)	0.0282 (0.0097)	0.226 (0.422)	92.19 (87.28)
[468/469]	0.0018 (0.0114)	0.0001 (0.0096)	0.235 (0.397)	93.75 (88.06)
 * Train Acc 88.065
 * Val Acc 93.260, Total time 1.01
Epoch:1
LR: 0.001
Itr		Time		  Data		  Loss		Acc
[0/469]	0.1396 (0.1396)	0.1318 (0.1318)	0.251 (0.251)	92.19 (92.19)
[100/469]	0.0115 (0.0110)	0.0097 (0.0092)	0.249 (0.226)	93.75 (93.47)
[200/469]	0.0054 (0.0103)	0.0036 (0.0086)	0.165 (0.221)	96.09 (93.62)
[300/469]	0.0019 (0.0102)	0.0002 (0.0085)	0.175 (0.217)	94.53 (93.74)
[400/469]	0.0019 (0.0101)	0.0002 (0.0084)	0.144 (0.213)	95.31 (93.81)
[468/469]	0.0019 (0.0101)	0.0001 (0.0083)	0.194 (0.211)	90.62 (93.85)
 * Train Acc 93.848
 * Val Acc 94.530, Total time 0.88
validation split name: 1
 * Val Acc 87.870, Total time 0.64
validation split name: 2
 * Val Acc 88.180, Total time 1.02
validation split name: 3
 * Val Acc 90.710, Total time 0.88
validation split name: 4
 * Val Acc 92.840, Total time 0.89
validation split name: 5
 * Val Acc 91.600, Total time 0.95
validation split name: 6
 * Val Acc 93.440, Total time 0.88
validation split name: 7
 * Val Acc 94.100, Total time 1.03
validation split name: 8
 * Val Acc 93.840, Total time 1.01
validation split name: 9
 * Val Acc 94.530, Total time 0.88
====================== 10 =======================
Epoch:0
LR: 0.001
Itr		Time		  Data		  Loss		Acc
[0/469]	0.1326 (0.1326)	0.1250 (0.1250)	4.179 (4.179)	6.25 (6.25)
[100/469]	0.0294 (0.0121)	0.0277 (0.0104)	0.364 (0.758)	86.72 (76.79)
[200/469]	0.0018 (0.0115)	0.0001 (0.0097)	0.280 (0.563)	91.41 (82.84)
[300/469]	0.0300 (0.0113)	0.0283 (0.0095)	0.292 (0.482)	87.50 (85.30)
[400/469]	0.0019 (0.0111)	0.0001 (0.0094)	0.269 (0.432)	92.97 (86.89)
[468/469]	0.0177 (0.0109)	0.0157 (0.0092)	0.318 (0.406)	89.58 (87.69)
 * Train Acc 87.692
 * Val Acc 92.780, Total time 0.94
Epoch:1
LR: 0.001
Itr		Time		  Data		  Loss		Acc
[0/469]	0.1565 (0.1565)	0.1477 (0.1477)	0.209 (0.209)	93.75 (93.75)
[100/469]	0.0018 (0.0122)	0.0002 (0.0103)	0.165 (0.235)	96.88 (93.10)
[200/469]	0.0144 (0.0111)	0.0126 (0.0092)	0.313 (0.230)	93.75 (93.16)
[300/469]	0.0084 (0.0106)	0.0066 (0.0088)	0.209 (0.225)	94.53 (93.37)
[400/469]	0.0029 (0.0104)	0.0012 (0.0086)	0.157 (0.220)	94.53 (93.55)
[468/469]	0.0027 (0.0103)	0.0010 (0.0085)	0.255 (0.217)	91.67 (93.61)
 * Train Acc 93.610
 * Val Acc 94.000, Total time 0.95
validation split name: 1
 * Val Acc 85.680, Total time 0.66
validation split name: 2
 * Val Acc 88.210, Total time 0.89
validation split name: 3
 * Val Acc 89.790, Total time 0.89
validation split name: 4
 * Val Acc 91.930, Total time 0.98
validation split name: 5
 * Val Acc 91.180, Total time 0.96
validation split name: 6
 * Val Acc 92.760, Total time 0.95
validation split name: 7
 * Val Acc 92.400, Total time 0.90
validation split name: 8
 * Val Acc 93.040, Total time 0.88
validation split name: 9
 * Val Acc 94.290, Total time 0.88
validation split name: 10
 * Val Acc 94.000, Total time 0.93
OrderedDict([('1', OrderedDict([('1', 95.77), ('2', 95.34), ('3', 94.56), ('4', 91.77), ('5', 90.96), ('6', 88.18), ('7', 88.81), ('8', 90.21), ('9', 87.87), ('10', 85.68)])), ('2', OrderedDict([('2', 95.23), ('3', 94.83), ('4', 93.79), ('5', 93.83), ('6', 93.44), ('7', 92.63), ('8', 90.75), ('9', 88.18), ('10', 88.21)])), ('3', OrderedDict([('3', 95.09), ('4', 94.62), ('5', 94.35), ('6', 93.37), ('7', 92.58), ('8', 92.87), ('9', 90.71), ('10', 89.79)])), ('4', OrderedDict([('4', 95.04), ('5', 94.65), ('6', 93.81), ('7', 93.59), ('8', 93.74), ('9', 92.84), ('10', 91.93)])), ('5', OrderedDict([('5', 94.9), ('6', 93.92), ('7', 92.61), ('8', 92.09), ('9', 91.6), ('10', 91.18)])), ('6', OrderedDict([('6', 95.0), ('7', 94.36), ('8', 93.61), ('9', 93.44), ('10', 92.76)])), ('7', OrderedDict([('7', 94.8), ('8', 94.01), ('9', 94.1), ('10', 92.4)])), ('8', OrderedDict([('8', 94.53), ('9', 93.84), ('10', 93.04)])), ('9', OrderedDict([('9', 94.53), ('10', 94.29)])), ('10', OrderedDict([('10', 94.0)]))])
Task 1 average acc: 95.77
Task 2 average acc: 95.285
Task 3 average acc: 94.82666666666667
Task 4 average acc: 93.805
Task 5 average acc: 93.73799999999999
Task 6 average acc: 92.95333333333333
Task 7 average acc: 92.76857142857143
Task 8 average acc: 92.72625
Task 9 average acc: 91.90111111111112
Task 10 average acc: 91.328
===Summary of experiment repeats: 3 / 5 ===
The regularization coefficient: 0.0
The last avg acc of all repeats: [91.929 92.076 91.328  0.     0.   ]
mean: 55.066599999999994 std: 44.96238922299393
MLP(
  (linear): Sequential(
    (0): Linear(in_features=1024, out_features=1000, bias=True)
    (1): ReLU(inplace=True)
    (2): Linear(in_features=1000, out_features=1000, bias=True)
    (3): ReLU(inplace=True)
  )
  (last): ModuleDict(
    (All): Linear(in_features=1000, out_features=10, bias=True)
  )
)
#parameter of model: 2036010
Task order: ['1', '2', '3', '4', '5', '6', '7', '8', '9', '10']
====================== 1 =======================
Epoch:0
LR: 0.001
Itr		Time		  Data		  Loss		Acc
[0/469]	0.1418 (0.1418)	0.1329 (0.1329)	2.307 (2.307)	9.38 (9.38)
[100/469]	0.0018 (0.0085)	0.0001 (0.0067)	0.273 (0.502)	95.31 (85.17)
[200/469]	0.0018 (0.0077)	0.0001 (0.0060)	0.207 (0.386)	95.31 (88.61)
[300/469]	0.0174 (0.0075)	0.0157 (0.0058)	0.258 (0.335)	92.97 (90.21)
[400/469]	0.0018 (0.0075)	0.0002 (0.0058)	0.250 (0.306)	91.41 (90.97)
[468/469]	0.0017 (0.0075)	0.0001 (0.0058)	0.120 (0.290)	94.79 (91.47)
 * Train Acc 91.468
 * Val Acc 94.630, Total time 0.65
Epoch:1
LR: 0.001
Itr		Time		  Data		  Loss		Acc
[0/469]	0.1235 (0.1235)	0.1163 (0.1163)	0.154 (0.154)	96.88 (96.88)
[100/469]	0.0018 (0.0086)	0.0001 (0.0068)	0.196 (0.181)	93.75 (94.97)
[200/469]	0.0019 (0.0078)	0.0001 (0.0061)	0.193 (0.176)	96.09 (95.04)
[300/469]	0.0174 (0.0076)	0.0157 (0.0059)	0.161 (0.168)	96.09 (95.23)
[400/469]	0.0024 (0.0075)	0.0002 (0.0057)	0.173 (0.166)	94.53 (95.26)
[468/469]	0.0118 (0.0074)	0.0101 (0.0057)	0.107 (0.163)	96.88 (95.36)
 * Train Acc 95.357
 * Val Acc 95.830, Total time 0.75
validation split name: 1
 * Val Acc 95.830, Total time 0.75
====================== 2 =======================
Epoch:0
LR: 0.001
Itr		Time		  Data		  Loss		Acc
[0/469]	0.1359 (0.1359)	0.1289 (0.1289)	2.867 (2.867)	10.16 (10.16)
[100/469]	0.0291 (0.0118)	0.0274 (0.0100)	0.395 (0.561)	89.06 (84.00)
[200/469]	0.0018 (0.0110)	0.0001 (0.0093)	0.305 (0.424)	91.41 (87.78)
[300/469]	0.0018 (0.0107)	0.0001 (0.0090)	0.289 (0.370)	92.97 (89.35)
[400/469]	0.0296 (0.0109)	0.0279 (0.0092)	0.250 (0.334)	92.19 (90.39)
[468/469]	0.0017 (0.0109)	0.0001 (0.0092)	0.400 (0.316)	91.67 (90.89)
 * Train Acc 90.887
 * Val Acc 94.090, Total time 1.00
Epoch:1
LR: 0.001
Itr		Time		  Data		  Loss		Acc
[0/469]	0.1339 (0.1339)	0.1268 (0.1268)	0.222 (0.222)	92.97 (92.97)
[100/469]	0.0261 (0.0113)	0.0244 (0.0095)	0.103 (0.198)	98.44 (94.23)
[200/469]	0.0017 (0.0107)	0.0001 (0.0090)	0.171 (0.193)	94.53 (94.39)
[300/469]	0.0017 (0.0105)	0.0001 (0.0089)	0.276 (0.185)	90.62 (94.66)
[400/469]	0.0299 (0.0107)	0.0281 (0.0091)	0.206 (0.180)	92.97 (94.79)
[468/469]	0.0016 (0.0107)	0.0001 (0.0091)	0.061 (0.178)	98.96 (94.90)
 * Train Acc 94.898
 * Val Acc 95.460, Total time 0.89
validation split name: 1
 * Val Acc 94.980, Total time 0.74
validation split name: 2
 * Val Acc 95.460, Total time 1.00
====================== 3 =======================
Epoch:0
LR: 0.001
Itr		Time		  Data		  Loss		Acc
[0/469]	0.1339 (0.1339)	0.1272 (0.1272)	3.174 (3.174)	15.62 (15.62)
[100/469]	0.0284 (0.0114)	0.0266 (0.0095)	0.239 (0.585)	96.09 (82.82)
[200/469]	0.0026 (0.0108)	0.0004 (0.0089)	0.209 (0.446)	94.53 (86.98)
[300/469]	0.0021 (0.0106)	0.0002 (0.0087)	0.191 (0.383)	95.31 (88.82)
[400/469]	0.0293 (0.0109)	0.0275 (0.0090)	0.164 (0.346)	94.53 (89.83)
[468/469]	0.0017 (0.0107)	0.0001 (0.0088)	0.203 (0.328)	91.67 (90.42)
 * Train Acc 90.417
 * Val Acc 94.080, Total time 0.95
Epoch:1
LR: 0.001
Itr		Time		  Data		  Loss		Acc
[0/469]	0.1345 (0.1345)	0.1273 (0.1273)	0.190 (0.190)	94.53 (94.53)
[100/469]	0.0019 (0.0121)	0.0001 (0.0103)	0.149 (0.199)	97.66 (94.25)
[200/469]	0.0019 (0.0115)	0.0001 (0.0097)	0.222 (0.192)	95.31 (94.43)
[300/469]	0.0019 (0.0111)	0.0001 (0.0093)	0.129 (0.191)	97.66 (94.44)
[400/469]	0.0019 (0.0110)	0.0002 (0.0093)	0.129 (0.186)	96.09 (94.65)
[468/469]	0.0019 (0.0111)	0.0001 (0.0093)	0.243 (0.184)	91.67 (94.71)
 * Train Acc 94.712
 * Val Acc 95.120, Total time 0.89
validation split name: 1
 * Val Acc 94.160, Total time 0.63
validation split name: 2
 * Val Acc 94.970, Total time 1.01
validation split name: 3
 * Val Acc 95.120, Total time 0.89
====================== 4 =======================
Epoch:0
LR: 0.001
Itr		Time		  Data		  Loss		Acc
[0/469]	0.1344 (0.1344)	0.1260 (0.1260)	3.414 (3.414)	15.62 (15.62)
[100/469]	0.0018 (0.0114)	0.0002 (0.0097)	0.366 (0.609)	89.06 (81.72)
[200/469]	0.0018 (0.0107)	0.0001 (0.0090)	0.328 (0.468)	90.62 (86.07)
[300/469]	0.0257 (0.0105)	0.0240 (0.0088)	0.352 (0.400)	88.28 (88.13)
[400/469]	0.0229 (0.0103)	0.0212 (0.0086)	0.325 (0.360)	92.19 (89.37)
[468/469]	0.0017 (0.0102)	0.0001 (0.0085)	0.286 (0.340)	91.67 (89.99)
 * Train Acc 89.993
 * Val Acc 93.760, Total time 0.89
Epoch:1
LR: 0.001
Itr		Time		  Data		  Loss		Acc
[0/469]	0.1335 (0.1335)	0.1257 (0.1257)	0.179 (0.179)	94.53 (94.53)
[100/469]	0.0019 (0.0108)	0.0002 (0.0089)	0.366 (0.206)	92.19 (94.10)
[200/469]	0.0027 (0.0102)	0.0009 (0.0084)	0.178 (0.202)	95.31 (94.32)
[300/469]	0.0250 (0.0101)	0.0232 (0.0083)	0.119 (0.196)	96.88 (94.38)
[400/469]	0.0252 (0.0101)	0.0230 (0.0083)	0.099 (0.192)	96.09 (94.43)
[468/469]	0.0017 (0.0101)	0.0001 (0.0083)	0.136 (0.189)	95.83 (94.54)
 * Train Acc 94.537
 * Val Acc 95.160, Total time 0.89
validation split name: 1
 * Val Acc 93.390, Total time 0.75
validation split name: 2
 * Val Acc 94.800, Total time 0.86
validation split name: 3
 * Val Acc 95.000, Total time 0.87
validation split name: 4
 * Val Acc 95.160, Total time 0.88
====================== 5 =======================
Epoch:0
LR: 0.001
Itr		Time		  Data		  Loss		Acc
[0/469]	0.1460 (0.1460)	0.1387 (0.1387)	4.267 (4.267)	7.03 (7.03)
[100/469]	0.0027 (0.0110)	0.0010 (0.0092)	0.406 (0.670)	88.28 (79.65)
[200/469]	0.0019 (0.0105)	0.0001 (0.0087)	0.273 (0.503)	89.84 (84.85)
[300/469]	0.0022 (0.0103)	0.0002 (0.0085)	0.206 (0.430)	92.97 (87.13)
[400/469]	0.0253 (0.0103)	0.0233 (0.0084)	0.207 (0.386)	94.53 (88.50)
[468/469]	0.0020 (0.0102)	0.0001 (0.0083)	0.266 (0.365)	92.71 (89.14)
 * Train Acc 89.137
 * Val Acc 93.620, Total time 1.03
Epoch:1
LR: 0.001
Itr		Time		  Data		  Loss		Acc
[0/469]	0.1366 (0.1366)	0.1292 (0.1292)	0.227 (0.227)	90.62 (90.62)
[100/469]	0.0018 (0.0115)	0.0002 (0.0097)	0.177 (0.221)	95.31 (93.53)
[200/469]	0.0018 (0.0107)	0.0002 (0.0090)	0.187 (0.217)	94.53 (93.66)
[300/469]	0.0267 (0.0106)	0.0249 (0.0088)	0.220 (0.210)	91.41 (93.83)
[400/469]	0.0017 (0.0106)	0.0002 (0.0089)	0.245 (0.202)	93.75 (94.07)
[468/469]	0.0177 (0.0106)	0.0158 (0.0089)	0.273 (0.200)	88.54 (94.12)
 * Train Acc 94.125
 * Val Acc 94.950, Total time 0.87
validation split name: 1
 * Val Acc 92.850, Total time 0.66
validation split name: 2
 * Val Acc 94.520, Total time 0.89
validation split name: 3
 * Val Acc 94.350, Total time 0.92
validation split name: 4
 * Val Acc 94.250, Total time 0.99
validation split name: 5
 * Val Acc 94.950, Total time 0.91
====================== 6 =======================
Epoch:0
LR: 0.001
Itr		Time		  Data		  Loss		Acc
[0/469]	0.1495 (0.1495)	0.1414 (0.1414)	3.713 (3.713)	15.62 (15.62)
[100/469]	0.0017 (0.0115)	0.0001 (0.0097)	0.312 (0.665)	91.41 (79.78)
[200/469]	0.0017 (0.0109)	0.0002 (0.0092)	0.270 (0.502)	92.97 (84.93)
[300/469]	0.0258 (0.0107)	0.0240 (0.0091)	0.286 (0.432)	90.62 (87.04)
[400/469]	0.0018 (0.0107)	0.0002 (0.0090)	0.151 (0.389)	93.75 (88.40)
[468/469]	0.0221 (0.0108)	0.0204 (0.0091)	0.283 (0.367)	92.71 (89.07)
 * Train Acc 89.073
 * Val Acc 93.610, Total time 1.04
Epoch:1
LR: 0.001
Itr		Time		  Data		  Loss		Acc
[0/469]	0.1385 (0.1385)	0.1305 (0.1305)	0.289 (0.289)	91.41 (91.41)
[100/469]	0.0127 (0.0109)	0.0106 (0.0089)	0.216 (0.221)	94.53 (93.54)
[200/469]	0.0021 (0.0103)	0.0002 (0.0083)	0.140 (0.212)	96.09 (93.91)
[300/469]	0.0022 (0.0102)	0.0002 (0.0082)	0.188 (0.208)	93.75 (94.09)
[400/469]	0.0259 (0.0102)	0.0238 (0.0082)	0.222 (0.204)	92.97 (94.20)
[468/469]	0.0020 (0.0101)	0.0001 (0.0081)	0.173 (0.201)	94.79 (94.25)
 * Train Acc 94.248
 * Val Acc 94.780, Total time 1.02
validation split name: 1
 * Val Acc 89.950, Total time 0.70
validation split name: 2
 * Val Acc 94.240, Total time 1.00
validation split name: 3
 * Val Acc 92.580, Total time 0.92
validation split name: 4
 * Val Acc 93.660, Total time 1.01
validation split name: 5
 * Val Acc 94.340, Total time 0.90
validation split name: 6
 * Val Acc 94.780, Total time 0.90
====================== 7 =======================
Epoch:0
LR: 0.001
Itr		Time		  Data		  Loss		Acc
[0/469]	0.1196 (0.1196)	0.1124 (0.1124)	3.611 (3.611)	16.41 (16.41)
[100/469]	0.0249 (0.0113)	0.0229 (0.0094)	0.474 (0.697)	85.16 (78.78)
[200/469]	0.0021 (0.0105)	0.0001 (0.0086)	0.207 (0.518)	93.75 (84.59)
[300/469]	0.0021 (0.0103)	0.0001 (0.0083)	0.289 (0.438)	92.19 (86.99)
[400/469]	0.0246 (0.0102)	0.0226 (0.0082)	0.314 (0.393)	92.19 (88.32)
[468/469]	0.0017 (0.0101)	0.0001 (0.0081)	0.110 (0.371)	97.92 (88.95)
 * Train Acc 88.952
 * Val Acc 93.650, Total time 1.03
Epoch:1
LR: 0.001
Itr		Time		  Data		  Loss		Acc
[0/469]	0.1365 (0.1365)	0.1291 (0.1291)	0.169 (0.169)	96.09 (96.09)
[100/469]	0.0252 (0.0119)	0.0231 (0.0100)	0.175 (0.213)	94.53 (93.91)
[200/469]	0.0024 (0.0108)	0.0004 (0.0089)	0.121 (0.211)	98.44 (93.95)
[300/469]	0.0023 (0.0105)	0.0003 (0.0086)	0.130 (0.205)	93.75 (94.08)
[400/469]	0.0263 (0.0103)	0.0241 (0.0085)	0.233 (0.202)	90.62 (94.16)
[468/469]	0.0019 (0.0102)	0.0001 (0.0083)	0.162 (0.199)	94.79 (94.26)
 * Train Acc 94.258
 * Val Acc 94.900, Total time 1.02
validation split name: 1
 * Val Acc 88.580, Total time 0.76
validation split name: 2
 * Val Acc 92.900, Total time 0.95
validation split name: 3
 * Val Acc 91.930, Total time 0.89
validation split name: 4
 * Val Acc 92.400, Total time 0.86
validation split name: 5
 * Val Acc 93.890, Total time 0.86
validation split name: 6
 * Val Acc 94.170, Total time 1.00
validation split name: 7
 * Val Acc 94.900, Total time 1.02
====================== 8 =======================
Epoch:0
LR: 0.001
Itr		Time		  Data		  Loss		Acc
[0/469]	0.1461 (0.1461)	0.1383 (0.1383)	4.547 (4.547)	10.94 (10.94)
[100/469]	0.0019 (0.0109)	0.0001 (0.0091)	0.343 (0.726)	89.84 (77.99)
[200/469]	0.0226 (0.0104)	0.0209 (0.0087)	0.348 (0.542)	89.06 (83.57)
[300/469]	0.0018 (0.0103)	0.0001 (0.0085)	0.147 (0.458)	95.31 (86.24)
[400/469]	0.0019 (0.0102)	0.0001 (0.0084)	0.303 (0.409)	92.97 (87.75)
[468/469]	0.0017 (0.0101)	0.0001 (0.0084)	0.158 (0.387)	97.92 (88.45)
 * Train Acc 88.447
 * Val Acc 93.140, Total time 0.92
Epoch:1
LR: 0.001
Itr		Time		  Data		  Loss		Acc
[0/469]	0.1405 (0.1405)	0.1328 (0.1328)	0.221 (0.221)	93.75 (93.75)
[100/469]	0.0019 (0.0109)	0.0002 (0.0091)	0.159 (0.235)	96.09 (93.10)
[200/469]	0.0027 (0.0103)	0.0009 (0.0085)	0.279 (0.223)	89.84 (93.46)
[300/469]	0.0190 (0.0101)	0.0173 (0.0084)	0.238 (0.218)	95.31 (93.61)
[400/469]	0.0018 (0.0100)	0.0002 (0.0082)	0.202 (0.212)	94.53 (93.85)
[468/469]	0.0017 (0.0102)	0.0001 (0.0085)	0.221 (0.207)	93.75 (93.99)
 * Train Acc 93.987
 * Val Acc 94.740, Total time 0.89
validation split name: 1
 * Val Acc 89.580, Total time 0.77
validation split name: 2
 * Val Acc 93.720, Total time 1.00
validation split name: 3
 * Val Acc 90.650, Total time 0.87
validation split name: 4
 * Val Acc 92.240, Total time 1.01
validation split name: 5
 * Val Acc 93.920, Total time 0.88
validation split name: 6
 * Val Acc 94.060, Total time 0.99
validation split name: 7
 * Val Acc 94.320, Total time 1.02
validation split name: 8
 * Val Acc 94.740, Total time 0.97
====================== 9 =======================
Epoch:0
LR: 0.001
Itr		Time		  Data		  Loss		Acc
[0/469]	0.1386 (0.1386)	0.1317 (0.1317)	4.846 (4.846)	10.94 (10.94)
[100/469]	0.0103 (0.0109)	0.0085 (0.0091)	0.258 (0.791)	94.53 (75.91)
[200/469]	0.0191 (0.0104)	0.0174 (0.0086)	0.412 (0.588)	85.94 (82.16)
[300/469]	0.0019 (0.0102)	0.0001 (0.0084)	0.236 (0.493)	94.53 (85.16)
[400/469]	0.0026 (0.0101)	0.0009 (0.0083)	0.358 (0.441)	87.50 (86.79)
[468/469]	0.0019 (0.0100)	0.0001 (0.0083)	0.201 (0.413)	94.79 (87.61)
 * Train Acc 87.605
 * Val Acc 93.160, Total time 1.02
Epoch:1
LR: 0.001
Itr		Time		  Data		  Loss		Acc
[0/469]	0.1385 (0.1385)	0.1300 (0.1300)	0.206 (0.206)	94.53 (94.53)
[100/469]	0.0263 (0.0117)	0.0243 (0.0099)	0.180 (0.234)	92.97 (93.06)
[200/469]	0.0019 (0.0108)	0.0001 (0.0090)	0.265 (0.230)	92.97 (93.19)
[300/469]	0.0022 (0.0107)	0.0002 (0.0089)	0.309 (0.219)	91.41 (93.63)
[400/469]	0.0021 (0.0105)	0.0002 (0.0086)	0.255 (0.216)	92.19 (93.69)
[468/469]	0.0023 (0.0104)	0.0006 (0.0085)	0.254 (0.213)	92.71 (93.78)
 * Train Acc 93.780
 * Val Acc 94.820, Total time 0.87
validation split name: 1
 * Val Acc 87.540, Total time 0.75
validation split name: 2
 * Val Acc 93.430, Total time 0.90
validation split name: 3
 * Val Acc 90.520, Total time 0.88
validation split name: 4
 * Val Acc 92.560, Total time 0.99
validation split name: 5
 * Val Acc 93.630, Total time 0.90
validation split name: 6
 * Val Acc 93.090, Total time 0.99
validation split name: 7
 * Val Acc 93.860, Total time 1.01
validation split name: 8
 * Val Acc 93.730, Total time 0.96
validation split name: 9
 * Val Acc 94.820, Total time 0.86
====================== 10 =======================
Epoch:0
LR: 0.001
Itr		Time		  Data		  Loss		Acc
[0/469]	0.1498 (0.1498)	0.1418 (0.1418)	4.971 (4.971)	17.97 (17.97)
[100/469]	0.0021 (0.0113)	0.0002 (0.0094)	0.481 (0.786)	85.16 (76.92)
[200/469]	0.0021 (0.0104)	0.0002 (0.0085)	0.323 (0.582)	87.50 (82.72)
[300/469]	0.0264 (0.0105)	0.0247 (0.0086)	0.365 (0.491)	89.06 (85.53)
[400/469]	0.0018 (0.0104)	0.0001 (0.0085)	0.284 (0.436)	92.97 (87.13)
[468/469]	0.0183 (0.0103)	0.0167 (0.0085)	0.139 (0.411)	95.83 (87.88)
 * Train Acc 87.880
 * Val Acc 93.240, Total time 0.89
Epoch:1
LR: 0.001
Itr		Time		  Data		  Loss		Acc
[0/469]	0.1269 (0.1269)	0.1188 (0.1188)	0.165 (0.165)	97.66 (97.66)
[100/469]	0.0018 (0.0113)	0.0002 (0.0095)	0.220 (0.236)	94.53 (93.19)
[200/469]	0.0018 (0.0105)	0.0001 (0.0088)	0.194 (0.228)	92.97 (93.35)
[300/469]	0.0252 (0.0103)	0.0235 (0.0086)	0.311 (0.224)	93.75 (93.49)
[400/469]	0.0019 (0.0101)	0.0002 (0.0084)	0.226 (0.220)	92.97 (93.60)
[468/469]	0.0176 (0.0101)	0.0160 (0.0083)	0.133 (0.216)	96.88 (93.71)
 * Train Acc 93.712
 * Val Acc 94.580, Total time 0.88
validation split name: 1
 * Val Acc 87.180, Total time 0.65
validation split name: 2
 * Val Acc 91.840, Total time 0.88
validation split name: 3
 * Val Acc 89.250, Total time 0.86
validation split name: 4
 * Val Acc 90.510, Total time 0.99
validation split name: 5
 * Val Acc 93.270, Total time 1.03
validation split name: 6
 * Val Acc 91.650, Total time 1.00
validation split name: 7
 * Val Acc 92.810, Total time 0.91
validation split name: 8
 * Val Acc 93.270, Total time 0.88
validation split name: 9
 * Val Acc 93.750, Total time 0.92
validation split name: 10
 * Val Acc 94.580, Total time 0.95
OrderedDict([('1', OrderedDict([('1', 95.83), ('2', 94.98), ('3', 94.16), ('4', 93.39), ('5', 92.85), ('6', 89.95), ('7', 88.58), ('8', 89.58), ('9', 87.54), ('10', 87.18)])), ('2', OrderedDict([('2', 95.46), ('3', 94.97), ('4', 94.8), ('5', 94.52), ('6', 94.24), ('7', 92.9), ('8', 93.72), ('9', 93.43), ('10', 91.84)])), ('3', OrderedDict([('3', 95.12), ('4', 95.0), ('5', 94.35), ('6', 92.58), ('7', 91.93), ('8', 90.65), ('9', 90.52), ('10', 89.25)])), ('4', OrderedDict([('4', 95.16), ('5', 94.25), ('6', 93.66), ('7', 92.4), ('8', 92.24), ('9', 92.56), ('10', 90.51)])), ('5', OrderedDict([('5', 94.95), ('6', 94.34), ('7', 93.89), ('8', 93.92), ('9', 93.63), ('10', 93.27)])), ('6', OrderedDict([('6', 94.78), ('7', 94.17), ('8', 94.06), ('9', 93.09), ('10', 91.65)])), ('7', OrderedDict([('7', 94.9), ('8', 94.32), ('9', 93.86), ('10', 92.81)])), ('8', OrderedDict([('8', 94.74), ('9', 93.73), ('10', 93.27)])), ('9', OrderedDict([('9', 94.82), ('10', 93.75)])), ('10', OrderedDict([('10', 94.58)]))])
Task 1 average acc: 95.83
Task 2 average acc: 95.22
Task 3 average acc: 94.75
Task 4 average acc: 94.5875
Task 5 average acc: 94.184
Task 6 average acc: 93.25833333333333
Task 7 average acc: 92.68142857142857
Task 8 average acc: 92.90375
Task 9 average acc: 92.57555555555557
Task 10 average acc: 91.811
===Summary of experiment repeats: 4 / 5 ===
The regularization coefficient: 0.0
The last avg acc of all repeats: [91.929 92.076 91.328 91.811  0.   ]
mean: 73.4288 std: 36.715257795091134
MLP(
  (linear): Sequential(
    (0): Linear(in_features=1024, out_features=1000, bias=True)
    (1): ReLU(inplace=True)
    (2): Linear(in_features=1000, out_features=1000, bias=True)
    (3): ReLU(inplace=True)
  )
  (last): ModuleDict(
    (All): Linear(in_features=1000, out_features=10, bias=True)
  )
)
#parameter of model: 2036010
Task order: ['1', '2', '3', '4', '5', '6', '7', '8', '9', '10']
====================== 1 =======================
Epoch:0
LR: 0.001
Itr		Time		  Data		  Loss		Acc
[0/469]	0.1418 (0.1418)	0.1318 (0.1318)	2.303 (2.303)	10.16 (10.16)
[100/469]	0.0018 (0.0082)	0.0001 (0.0064)	0.304 (0.504)	93.75 (84.68)
[200/469]	0.0164 (0.0077)	0.0146 (0.0059)	0.315 (0.394)	93.75 (88.13)
[300/469]	0.0018 (0.0075)	0.0002 (0.0057)	0.162 (0.342)	96.88 (89.86)
[400/469]	0.0020 (0.0074)	0.0001 (0.0056)	0.157 (0.310)	95.31 (90.77)
[468/469]	0.0020 (0.0074)	0.0001 (0.0056)	0.158 (0.292)	97.92 (91.35)
 * Train Acc 91.348
 * Val Acc 94.590, Total time 0.66
Epoch:1
LR: 0.001
Itr		Time		  Data		  Loss		Acc
[0/469]	0.1397 (0.1397)	0.1318 (0.1318)	0.183 (0.183)	94.53 (94.53)
[100/469]	0.0018 (0.0082)	0.0001 (0.0064)	0.157 (0.168)	92.97 (95.19)
[200/469]	0.0023 (0.0075)	0.0002 (0.0057)	0.168 (0.168)	94.53 (95.20)
[300/469]	0.0172 (0.0073)	0.0150 (0.0054)	0.237 (0.168)	93.75 (95.20)
[400/469]	0.0024 (0.0072)	0.0003 (0.0053)	0.238 (0.166)	95.31 (95.22)
[468/469]	0.0110 (0.0071)	0.0091 (0.0052)	0.106 (0.164)	95.83 (95.26)
 * Train Acc 95.262
 * Val Acc 95.500, Total time 0.76
validation split name: 1
 * Val Acc 95.500, Total time 0.65
====================== 2 =======================
Epoch:0
LR: 0.001
Itr		Time		  Data		  Loss		Acc
[0/469]	0.1463 (0.1463)	0.1383 (0.1383)	2.687 (2.687)	8.59 (8.59)
[100/469]	0.0259 (0.0115)	0.0240 (0.0096)	0.251 (0.538)	95.31 (84.59)
[200/469]	0.0019 (0.0108)	0.0001 (0.0090)	0.174 (0.422)	94.53 (87.86)
[300/469]	0.0019 (0.0106)	0.0002 (0.0088)	0.203 (0.366)	96.09 (89.40)
[400/469]	0.0297 (0.0106)	0.0279 (0.0088)	0.263 (0.333)	91.41 (90.31)
[468/469]	0.0017 (0.0107)	0.0001 (0.0089)	0.204 (0.316)	93.75 (90.84)
 * Train Acc 90.837
 * Val Acc 94.130, Total time 0.89
Epoch:1
LR: 0.001
Itr		Time		  Data		  Loss		Acc
[0/469]	0.1422 (0.1422)	0.1346 (0.1346)	0.149 (0.149)	96.88 (96.88)
[100/469]	0.0022 (0.0120)	0.0002 (0.0101)	0.159 (0.194)	94.53 (94.44)
[200/469]	0.0253 (0.0110)	0.0233 (0.0091)	0.383 (0.195)	89.84 (94.37)
[300/469]	0.0030 (0.0106)	0.0010 (0.0087)	0.222 (0.188)	93.75 (94.51)
[400/469]	0.0021 (0.0104)	0.0002 (0.0085)	0.137 (0.184)	96.09 (94.69)
[468/469]	0.0180 (0.0104)	0.0164 (0.0084)	0.199 (0.180)	95.83 (94.81)
 * Train Acc 94.805
 * Val Acc 95.340, Total time 0.90
validation split name: 1
 * Val Acc 95.340, Total time 0.66
validation split name: 2
 * Val Acc 95.340, Total time 1.04
====================== 3 =======================
Epoch:0
LR: 0.001
Itr		Time		  Data		  Loss		Acc
[0/469]	0.1327 (0.1327)	0.1250 (0.1250)	2.904 (2.904)	15.62 (15.62)
[100/469]	0.0020 (0.0110)	0.0001 (0.0091)	0.323 (0.572)	88.28 (83.12)
[200/469]	0.0018 (0.0105)	0.0002 (0.0086)	0.340 (0.446)	91.41 (86.93)
[300/469]	0.0254 (0.0103)	0.0234 (0.0085)	0.199 (0.386)	95.31 (88.61)
[400/469]	0.0022 (0.0101)	0.0002 (0.0083)	0.296 (0.348)	91.41 (89.79)
[468/469]	0.0172 (0.0101)	0.0153 (0.0082)	0.241 (0.331)	92.71 (90.28)
 * Train Acc 90.277
 * Val Acc 93.800, Total time 0.88
Epoch:1
LR: 0.001
Itr		Time		  Data		  Loss		Acc
[0/469]	0.1394 (0.1394)	0.1314 (0.1314)	0.241 (0.241)	92.97 (92.97)
[100/469]	0.0071 (0.0110)	0.0054 (0.0092)	0.189 (0.197)	92.19 (94.51)
[200/469]	0.0020 (0.0107)	0.0002 (0.0088)	0.081 (0.199)	97.66 (94.31)
[300/469]	0.0306 (0.0106)	0.0288 (0.0087)	0.165 (0.193)	95.31 (94.44)
[400/469]	0.0021 (0.0104)	0.0002 (0.0085)	0.240 (0.190)	91.41 (94.51)
[468/469]	0.0172 (0.0103)	0.0151 (0.0084)	0.086 (0.187)	98.96 (94.58)
 * Train Acc 94.578
 * Val Acc 95.000, Total time 0.89
validation split name: 1
 * Val Acc 94.870, Total time 0.68
validation split name: 2
 * Val Acc 94.630, Total time 0.89
validation split name: 3
 * Val Acc 95.000, Total time 0.87
====================== 4 =======================
Epoch:0
LR: 0.001
Itr		Time		  Data		  Loss		Acc
[0/469]	0.1220 (0.1220)	0.1140 (0.1140)	2.962 (2.962)	21.88 (21.88)
[100/469]	0.0017 (0.0111)	0.0002 (0.0092)	0.250 (0.590)	91.41 (82.36)
[200/469]	0.0019 (0.0106)	0.0002 (0.0087)	0.347 (0.456)	85.94 (86.48)
[300/469]	0.0248 (0.0104)	0.0230 (0.0086)	0.303 (0.394)	88.28 (88.39)
[400/469]	0.0093 (0.0102)	0.0071 (0.0084)	0.198 (0.355)	95.31 (89.53)
[468/469]	0.0019 (0.0101)	0.0001 (0.0083)	0.301 (0.335)	87.50 (90.10)
 * Train Acc 90.103
 * Val Acc 94.110, Total time 1.03
Epoch:1
LR: 0.001
Itr		Time		  Data		  Loss		Acc
[0/469]	0.1367 (0.1367)	0.1284 (0.1284)	0.164 (0.164)	94.53 (94.53)
[100/469]	0.0022 (0.0108)	0.0002 (0.0088)	0.162 (0.201)	93.75 (94.24)
[200/469]	0.0052 (0.0102)	0.0032 (0.0082)	0.286 (0.197)	93.75 (94.32)
[300/469]	0.0031 (0.0101)	0.0011 (0.0081)	0.193 (0.193)	95.31 (94.38)
[400/469]	0.0219 (0.0100)	0.0202 (0.0080)	0.144 (0.191)	96.09 (94.38)
[468/469]	0.0018 (0.0100)	0.0001 (0.0080)	0.186 (0.188)	95.83 (94.50)
 * Train Acc 94.503
 * Val Acc 95.270, Total time 1.00
validation split name: 1
 * Val Acc 93.720, Total time 0.68
validation split name: 2
 * Val Acc 94.370, Total time 1.00
validation split name: 3
 * Val Acc 94.360, Total time 1.00
validation split name: 4
 * Val Acc 95.270, Total time 0.94
====================== 5 =======================
Epoch:0
LR: 0.001
Itr		Time		  Data		  Loss		Acc
[0/469]	0.1360 (0.1360)	0.1288 (0.1288)	4.487 (4.487)	6.25 (6.25)
[100/469]	0.0310 (0.0119)	0.0292 (0.0100)	0.285 (0.678)	92.97 (79.89)
[200/469]	0.0019 (0.0110)	0.0001 (0.0092)	0.329 (0.503)	93.75 (85.14)
[300/469]	0.0021 (0.0109)	0.0001 (0.0091)	0.379 (0.434)	89.84 (87.20)
[400/469]	0.0297 (0.0110)	0.0280 (0.0092)	0.140 (0.388)	96.09 (88.54)
[468/469]	0.0018 (0.0110)	0.0001 (0.0093)	0.197 (0.364)	95.83 (89.24)
 * Train Acc 89.243
 * Val Acc 93.580, Total time 0.89
Epoch:1
LR: 0.001
Itr		Time		  Data		  Loss		Acc
[0/469]	0.1464 (0.1464)	0.1380 (0.1380)	0.219 (0.219)	96.88 (96.88)
[100/469]	0.0062 (0.0109)	0.0045 (0.0090)	0.181 (0.220)	93.75 (93.55)
[200/469]	0.0019 (0.0103)	0.0002 (0.0085)	0.216 (0.211)	92.19 (93.78)
[300/469]	0.0251 (0.0102)	0.0233 (0.0084)	0.169 (0.206)	95.31 (93.98)
[400/469]	0.0221 (0.0101)	0.0203 (0.0083)	0.285 (0.201)	88.28 (94.12)
[468/469]	0.0017 (0.0100)	0.0001 (0.0083)	0.178 (0.199)	95.83 (94.19)
 * Train Acc 94.192
 * Val Acc 94.870, Total time 0.89
validation split name: 1
 * Val Acc 93.460, Total time 0.76
validation split name: 2
 * Val Acc 93.300, Total time 0.93
validation split name: 3
 * Val Acc 94.270, Total time 0.86
validation split name: 4
 * Val Acc 94.810, Total time 1.01
validation split name: 5
 * Val Acc 94.870, Total time 0.88
====================== 6 =======================
Epoch:0
LR: 0.001
Itr		Time		  Data		  Loss		Acc
[0/469]	0.1220 (0.1220)	0.1141 (0.1141)	3.906 (3.906)	9.38 (9.38)
[100/469]	0.0019 (0.0110)	0.0002 (0.0092)	0.424 (0.665)	89.84 (80.39)
[200/469]	0.0268 (0.0109)	0.0250 (0.0091)	0.292 (0.499)	87.50 (85.33)
[300/469]	0.0019 (0.0108)	0.0002 (0.0090)	0.366 (0.429)	91.41 (87.32)
[400/469]	0.0018 (0.0109)	0.0001 (0.0091)	0.205 (0.386)	94.53 (88.59)
[468/469]	0.0018 (0.0110)	0.0001 (0.0092)	0.280 (0.367)	92.71 (89.17)
 * Train Acc 89.172
 * Val Acc 93.480, Total time 1.01
Epoch:1
LR: 0.001
Itr		Time		  Data		  Loss		Acc
[0/469]	0.1196 (0.1196)	0.1116 (0.1116)	0.245 (0.245)	92.97 (92.97)
[100/469]	0.0081 (0.0107)	0.0063 (0.0088)	0.153 (0.207)	96.88 (94.15)
[200/469]	0.0039 (0.0102)	0.0019 (0.0083)	0.305 (0.205)	93.75 (94.12)
[300/469]	0.0054 (0.0101)	0.0033 (0.0081)	0.131 (0.206)	94.53 (94.06)
[400/469]	0.0210 (0.0100)	0.0189 (0.0080)	0.220 (0.202)	93.75 (94.14)
[468/469]	0.0018 (0.0099)	0.0001 (0.0080)	0.232 (0.198)	91.67 (94.21)
 * Train Acc 94.213
 * Val Acc 94.760, Total time 0.90
validation split name: 1
 * Val Acc 91.910, Total time 0.71
validation split name: 2
 * Val Acc 92.890, Total time 0.87
validation split name: 3
 * Val Acc 93.120, Total time 0.88
validation split name: 4
 * Val Acc 94.110, Total time 1.02
validation split name: 5
 * Val Acc 94.250, Total time 0.89
validation split name: 6
 * Val Acc 94.760, Total time 0.91
====================== 7 =======================
Epoch:0
LR: 0.001
Itr		Time		  Data		  Loss		Acc
[0/469]	0.1368 (0.1368)	0.1300 (0.1300)	3.554 (3.554)	14.84 (14.84)
[100/469]	0.0257 (0.0113)	0.0239 (0.0095)	0.471 (0.656)	87.50 (80.24)
[200/469]	0.0018 (0.0107)	0.0001 (0.0089)	0.299 (0.500)	90.62 (84.90)
[300/469]	0.0260 (0.0104)	0.0242 (0.0087)	0.272 (0.431)	92.19 (87.07)
[400/469]	0.0019 (0.0103)	0.0001 (0.0085)	0.291 (0.390)	91.41 (88.30)
[468/469]	0.0180 (0.0102)	0.0163 (0.0085)	0.208 (0.368)	91.67 (88.94)
 * Train Acc 88.943
 * Val Acc 93.220, Total time 0.90
Epoch:1
LR: 0.001
Itr		Time		  Data		  Loss		Acc
[0/469]	0.1232 (0.1232)	0.1152 (0.1152)	0.281 (0.281)	92.19 (92.19)
[100/469]	0.0069 (0.0107)	0.0048 (0.0087)	0.245 (0.227)	92.97 (93.12)
[200/469]	0.0047 (0.0102)	0.0030 (0.0083)	0.141 (0.219)	96.88 (93.38)
[300/469]	0.0019 (0.0101)	0.0001 (0.0082)	0.131 (0.215)	94.53 (93.56)
[400/469]	0.0057 (0.0100)	0.0038 (0.0082)	0.277 (0.208)	91.41 (93.84)
[468/469]	0.0017 (0.0101)	0.0001 (0.0083)	0.271 (0.205)	91.67 (93.92)
 * Train Acc 93.918
 * Val Acc 94.500, Total time 0.89
validation split name: 1
 * Val Acc 85.310, Total time 0.63
validation split name: 2
 * Val Acc 92.450, Total time 1.01
validation split name: 3
 * Val Acc 90.900, Total time 1.01
validation split name: 4
 * Val Acc 92.960, Total time 1.01
validation split name: 5
 * Val Acc 93.830, Total time 1.02
validation split name: 6
 * Val Acc 94.260, Total time 1.01
validation split name: 7
 * Val Acc 94.500, Total time 0.89
====================== 8 =======================
Epoch:0
LR: 0.001
Itr		Time		  Data		  Loss		Acc
[0/469]	0.1217 (0.1217)	0.1141 (0.1141)	5.404 (5.404)	11.72 (11.72)
[100/469]	0.0019 (0.0108)	0.0002 (0.0090)	0.337 (0.725)	92.97 (78.64)
[200/469]	0.0018 (0.0102)	0.0001 (0.0084)	0.298 (0.535)	91.41 (84.22)
[300/469]	0.0253 (0.0101)	0.0236 (0.0083)	0.198 (0.455)	93.75 (86.58)
[400/469]	0.0017 (0.0100)	0.0001 (0.0082)	0.222 (0.404)	93.75 (88.02)
[468/469]	0.0096 (0.0099)	0.0080 (0.0082)	0.356 (0.381)	85.42 (88.68)
 * Train Acc 88.682
 * Val Acc 93.210, Total time 0.91
Epoch:1
LR: 0.001
Itr		Time		  Data		  Loss		Acc
[0/469]	0.1230 (0.1230)	0.1153 (0.1153)	0.267 (0.267)	92.19 (92.19)
[100/469]	0.0153 (0.0109)	0.0132 (0.0089)	0.278 (0.227)	92.19 (93.27)
[200/469]	0.0021 (0.0103)	0.0001 (0.0083)	0.206 (0.216)	96.09 (93.54)
[300/469]	0.0019 (0.0101)	0.0001 (0.0081)	0.229 (0.210)	92.97 (93.74)
[400/469]	0.0257 (0.0101)	0.0240 (0.0082)	0.208 (0.207)	92.19 (93.90)
[468/469]	0.0018 (0.0100)	0.0001 (0.0081)	0.095 (0.204)	97.92 (94.02)
 * Train Acc 94.022
 * Val Acc 94.570, Total time 0.90
validation split name: 1
 * Val Acc 85.990, Total time 0.78
validation split name: 2
 * Val Acc 92.370, Total time 1.02
validation split name: 3
 * Val Acc 89.700, Total time 1.01
validation split name: 4
 * Val Acc 92.130, Total time 0.90
validation split name: 5
 * Val Acc 93.620, Total time 1.04
validation split name: 6
 * Val Acc 93.400, Total time 0.88
validation split name: 7
 * Val Acc 93.490, Total time 0.86
validation split name: 8
 * Val Acc 94.570, Total time 1.01
====================== 9 =======================
Epoch:0
LR: 0.001
Itr		Time		  Data		  Loss		Acc
[0/469]	0.1432 (0.1432)	0.1358 (0.1358)	4.868 (4.868)	4.69 (4.69)
[100/469]	0.0019 (0.0110)	0.0001 (0.0092)	0.411 (0.708)	89.84 (78.60)
[200/469]	0.0032 (0.0104)	0.0015 (0.0086)	0.278 (0.534)	92.19 (83.81)
[300/469]	0.0163 (0.0102)	0.0145 (0.0085)	0.238 (0.460)	92.97 (86.12)
[400/469]	0.0019 (0.0102)	0.0001 (0.0084)	0.230 (0.414)	93.75 (87.56)
[468/469]	0.0026 (0.0101)	0.0006 (0.0084)	0.346 (0.390)	88.54 (88.29)
 * Train Acc 88.290
 * Val Acc 93.200, Total time 0.89
Epoch:1
LR: 0.001
Itr		Time		  Data		  Loss		Acc
[0/469]	0.1436 (0.1436)	0.1343 (0.1343)	0.287 (0.287)	91.41 (91.41)
[100/469]	0.0063 (0.0110)	0.0043 (0.0089)	0.244 (0.236)	91.41 (92.96)
[200/469]	0.0251 (0.0105)	0.0230 (0.0085)	0.247 (0.228)	93.75 (93.25)
[300/469]	0.0021 (0.0105)	0.0002 (0.0084)	0.159 (0.221)	95.31 (93.52)
[400/469]	0.0021 (0.0103)	0.0002 (0.0083)	0.191 (0.216)	92.97 (93.67)
[468/469]	0.0017 (0.0103)	0.0001 (0.0083)	0.260 (0.212)	93.75 (93.78)
 * Train Acc 93.783
 * Val Acc 94.540, Total time 0.89
validation split name: 1
 * Val Acc 83.100, Total time 0.64
validation split name: 2
 * Val Acc 91.250, Total time 1.01
validation split name: 3
 * Val Acc 85.010, Total time 1.01
validation split name: 4
 * Val Acc 91.600, Total time 1.02
validation split name: 5
 * Val Acc 92.690, Total time 0.89
validation split name: 6
 * Val Acc 93.130, Total time 0.87
validation split name: 7
 * Val Acc 93.220, Total time 1.00
validation split name: 8
 * Val Acc 93.820, Total time 1.01
validation split name: 9
 * Val Acc 94.540, Total time 0.88
====================== 10 =======================
Epoch:0
LR: 0.001
Itr		Time		  Data		  Loss		Acc
[0/469]	0.1512 (0.1512)	0.1437 (0.1437)	4.111 (4.111)	14.84 (14.84)
[100/469]	0.0019 (0.0114)	0.0001 (0.0096)	0.336 (0.747)	85.94 (77.25)
[200/469]	0.0018 (0.0105)	0.0002 (0.0088)	0.333 (0.556)	87.50 (83.15)
[300/469]	0.0261 (0.0104)	0.0244 (0.0087)	0.326 (0.477)	89.06 (85.64)
[400/469]	0.0101 (0.0103)	0.0084 (0.0086)	0.465 (0.424)	88.28 (87.19)
[468/469]	0.0025 (0.0102)	0.0009 (0.0085)	0.323 (0.398)	92.71 (87.99)
 * Train Acc 87.990
 * Val Acc 92.950, Total time 1.01
Epoch:1
LR: 0.001
Itr		Time		  Data		  Loss		Acc
[0/469]	0.1453 (0.1453)	0.1366 (0.1366)	0.343 (0.343)	90.62 (90.62)
[100/469]	0.0111 (0.0109)	0.0093 (0.0091)	0.114 (0.245)	97.66 (92.62)
[200/469]	0.0018 (0.0103)	0.0002 (0.0085)	0.190 (0.236)	96.09 (93.00)
[300/469]	0.0021 (0.0101)	0.0001 (0.0083)	0.215 (0.226)	94.53 (93.34)
[400/469]	0.0255 (0.0100)	0.0238 (0.0082)	0.153 (0.219)	94.53 (93.55)
[468/469]	0.0017 (0.0100)	0.0001 (0.0081)	0.244 (0.215)	94.79 (93.69)
 * Train Acc 93.685
 * Val Acc 94.360, Total time 0.88
validation split name: 1
 * Val Acc 78.600, Total time 0.76
validation split name: 2
 * Val Acc 90.240, Total time 1.04
validation split name: 3
 * Val Acc 86.770, Total time 0.89
validation split name: 4
 * Val Acc 91.540, Total time 0.90
validation split name: 5
 * Val Acc 93.320, Total time 0.90
validation split name: 6
 * Val Acc 92.480, Total time 1.01
validation split name: 7
 * Val Acc 93.360, Total time 0.89
validation split name: 8
 * Val Acc 93.360, Total time 1.00
validation split name: 9
 * Val Acc 94.170, Total time 0.99
validation split name: 10
 * Val Acc 94.360, Total time 0.95
OrderedDict([('1', OrderedDict([('1', 95.5), ('2', 95.34), ('3', 94.87), ('4', 93.72), ('5', 93.46), ('6', 91.91), ('7', 85.31), ('8', 85.99), ('9', 83.1), ('10', 78.6)])), ('2', OrderedDict([('2', 95.34), ('3', 94.63), ('4', 94.37), ('5', 93.3), ('6', 92.89), ('7', 92.45), ('8', 92.37), ('9', 91.25), ('10', 90.24)])), ('3', OrderedDict([('3', 95.0), ('4', 94.36), ('5', 94.27), ('6', 93.12), ('7', 90.9), ('8', 89.7), ('9', 85.01), ('10', 86.77)])), ('4', OrderedDict([('4', 95.27), ('5', 94.81), ('6', 94.11), ('7', 92.96), ('8', 92.13), ('9', 91.6), ('10', 91.54)])), ('5', OrderedDict([('5', 94.87), ('6', 94.25), ('7', 93.83), ('8', 93.62), ('9', 92.69), ('10', 93.32)])), ('6', OrderedDict([('6', 94.76), ('7', 94.26), ('8', 93.4), ('9', 93.13), ('10', 92.48)])), ('7', OrderedDict([('7', 94.5), ('8', 93.49), ('9', 93.22), ('10', 93.36)])), ('8', OrderedDict([('8', 94.57), ('9', 93.82), ('10', 93.36)])), ('9', OrderedDict([('9', 94.54), ('10', 94.17)])), ('10', OrderedDict([('10', 94.36)]))])
Task 1 average acc: 95.5
Task 2 average acc: 95.34
Task 3 average acc: 94.83333333333333
Task 4 average acc: 94.42999999999999
Task 5 average acc: 94.142
Task 6 average acc: 93.50666666666667
Task 7 average acc: 92.02999999999999
Task 8 average acc: 91.90875
Task 9 average acc: 90.92888888888888
Task 10 average acc: 90.82
===Summary of experiment repeats: 5 / 5 ===
The regularization coefficient: 0.0
The last avg acc of all repeats: [91.929 92.076 91.328 91.811 90.82 ]
mean: 91.5928 std: 0.4607521676563271
reg_coef: 0.0 mean: 91.5928 std: 0.4607521676563271
Total Time for the script is 825.3931844234467 seconds
