MLP(
  (linear): Sequential(
    (0): Linear(in_features=1024, out_features=1000, bias=True)
    (1): ReLU(inplace=True)
    (2): Linear(in_features=1000, out_features=1000, bias=True)
    (3): ReLU(inplace=True)
  )
  (last): ModuleDict(
    (All): Linear(in_features=1000, out_features=10, bias=True)
  )
)
#parameter of model: 2036010
Task order: ['1', '2', '3', '4', '5', '6', '7', '8', '9', '10']
====================== 1 =======================
Epoch:0
LR: 0.0001
Itr		Time		  Data		  Loss		Acc
[0/469]	0.4192 (0.4192)	0.1016 (0.1016)	2.291 (2.291)	10.94 (10.94)
[100/469]	0.0148 (0.0105)	0.0128 (0.0054)	0.306 (0.815)	92.19 (80.62)
[200/469]	0.0024 (0.0086)	0.0002 (0.0050)	0.338 (0.570)	89.84 (85.62)
[300/469]	0.0054 (0.0080)	0.0030 (0.0048)	0.243 (0.469)	96.09 (87.84)
[400/469]	0.0027 (0.0080)	0.0001 (0.0050)	0.147 (0.409)	96.09 (89.15)
[468/469]	0.0140 (0.0080)	0.0122 (0.0052)	0.261 (0.379)	91.67 (89.87)
 * Train Acc 89.868
 * Val Acc 94.490, Total time 0.66
Epoch:1
LR: 0.0001
Itr		Time		  Data		  Loss		Acc
[0/469]	0.1143 (0.1143)	0.1083 (0.1083)	0.213 (0.213)	94.53 (94.53)
[100/469]	0.0162 (0.0090)	0.0143 (0.0071)	0.210 (0.174)	94.53 (94.95)
[200/469]	0.0021 (0.0082)	0.0001 (0.0063)	0.212 (0.164)	94.53 (95.22)
[300/469]	0.0164 (0.0078)	0.0145 (0.0059)	0.218 (0.158)	96.09 (95.41)
[400/469]	0.0019 (0.0075)	0.0001 (0.0056)	0.173 (0.155)	95.31 (95.50)
[468/469]	0.0108 (0.0074)	0.0089 (0.0055)	0.196 (0.152)	92.71 (95.59)
 * Train Acc 95.587
 * Val Acc 96.400, Total time 0.65
validation split name: 1
 * Val Acc 96.400, Total time 0.74
====================== 2 =======================
Epoch:0
LR: 0.0001
Itr		Time		  Data		  Loss		Acc
[0/469]	0.1131 (0.1131)	0.1067 (0.1067)	2.844 (2.844)	17.19 (17.19)
[100/469]	0.0250 (0.0114)	0.0231 (0.0094)	0.308 (0.491)	90.62 (84.72)
[200/469]	0.0020 (0.0105)	0.0002 (0.0086)	0.299 (0.357)	89.84 (88.94)
[300/469]	0.0020 (0.0102)	0.0001 (0.0083)	0.193 (0.301)	92.97 (90.70)
[400/469]	0.0249 (0.0101)	0.0230 (0.0082)	0.178 (0.266)	97.66 (91.80)
[468/469]	0.0020 (0.0100)	0.0001 (0.0081)	0.218 (0.250)	93.75 (92.34)
 * Train Acc 92.340
 * Val Acc 95.980, Total time 0.90
Epoch:1
LR: 0.0001
Itr		Time		  Data		  Loss		Acc
[0/469]	0.1296 (0.1296)	0.1233 (0.1233)	0.134 (0.134)	96.88 (96.88)
[100/469]	0.0030 (0.0108)	0.0010 (0.0088)	0.090 (0.126)	96.09 (96.37)
[200/469]	0.0021 (0.0103)	0.0002 (0.0084)	0.037 (0.118)	100.00 (96.65)
[300/469]	0.0020 (0.0101)	0.0002 (0.0082)	0.127 (0.114)	97.66 (96.80)
[400/469]	0.0249 (0.0101)	0.0229 (0.0081)	0.062 (0.111)	98.44 (96.81)
[468/469]	0.0022 (0.0100)	0.0001 (0.0080)	0.108 (0.109)	95.83 (96.88)
 * Train Acc 96.878
 * Val Acc 97.000, Total time 1.00
validation split name: 1
 * Val Acc 93.580, Total time 0.67
validation split name: 2
 * Val Acc 97.000, Total time 0.87
====================== 3 =======================
Epoch:0
LR: 0.0001
Itr		Time		  Data		  Loss		Acc
[0/469]	0.1288 (0.1288)	0.1231 (0.1231)	4.238 (4.238)	15.62 (15.62)
[100/469]	0.0021 (0.0109)	0.0001 (0.0089)	0.127 (0.535)	96.09 (84.12)
[200/469]	0.0041 (0.0102)	0.0021 (0.0083)	0.227 (0.376)	92.19 (88.74)
[300/469]	0.0227 (0.0104)	0.0207 (0.0084)	0.197 (0.311)	94.53 (90.73)
[400/469]	0.0020 (0.0106)	0.0001 (0.0087)	0.143 (0.271)	96.88 (91.97)
[468/469]	0.0175 (0.0105)	0.0153 (0.0086)	0.150 (0.252)	94.79 (92.53)
 * Train Acc 92.530
 * Val Acc 96.320, Total time 0.91
Epoch:1
LR: 0.0001
Itr		Time		  Data		  Loss		Acc
[0/469]	0.1276 (0.1276)	0.1214 (0.1214)	0.115 (0.115)	97.66 (97.66)
[100/469]	0.0020 (0.0125)	0.0001 (0.0105)	0.105 (0.114)	96.09 (96.54)
[200/469]	0.0021 (0.0119)	0.0002 (0.0100)	0.080 (0.108)	98.44 (96.75)
[300/469]	0.0296 (0.0118)	0.0277 (0.0099)	0.117 (0.104)	96.88 (96.92)
[400/469]	0.0020 (0.0117)	0.0001 (0.0097)	0.062 (0.101)	97.66 (97.03)
[468/469]	0.0211 (0.0116)	0.0192 (0.0097)	0.130 (0.101)	96.88 (97.03)
 * Train Acc 97.032
 * Val Acc 96.980, Total time 1.02
validation split name: 1
 * Val Acc 93.190, Total time 0.64
validation split name: 2
 * Val Acc 96.400, Total time 0.85
validation split name: 3
 * Val Acc 96.980, Total time 0.92
====================== 4 =======================
Epoch:0
LR: 0.0001
Itr		Time		  Data		  Loss		Acc
[0/469]	0.1154 (0.1154)	0.1099 (0.1099)	4.733 (4.733)	7.81 (7.81)
[100/469]	0.0021 (0.0110)	0.0001 (0.0090)	0.168 (0.532)	96.09 (84.46)
[200/469]	0.0020 (0.0103)	0.0002 (0.0084)	0.229 (0.370)	91.41 (89.06)
[300/469]	0.0252 (0.0102)	0.0233 (0.0082)	0.163 (0.303)	94.53 (91.01)
[400/469]	0.0021 (0.0100)	0.0002 (0.0081)	0.117 (0.262)	96.09 (92.21)
[468/469]	0.0172 (0.0100)	0.0154 (0.0080)	0.159 (0.243)	96.88 (92.79)
 * Train Acc 92.790
 * Val Acc 96.360, Total time 1.03
Epoch:1
LR: 0.0001
Itr		Time		  Data		  Loss		Acc
[0/469]	0.1178 (0.1178)	0.1123 (0.1123)	0.121 (0.121)	96.09 (96.09)
[100/469]	0.0232 (0.0110)	0.0212 (0.0090)	0.101 (0.102)	96.88 (97.17)
[200/469]	0.0220 (0.0104)	0.0200 (0.0084)	0.098 (0.102)	98.44 (97.11)
[300/469]	0.0020 (0.0102)	0.0001 (0.0083)	0.094 (0.099)	96.88 (97.17)
[400/469]	0.0021 (0.0102)	0.0002 (0.0082)	0.099 (0.095)	96.88 (97.23)
[468/469]	0.0018 (0.0102)	0.0001 (0.0082)	0.034 (0.095)	100.00 (97.25)
 * Train Acc 97.255
 * Val Acc 97.280, Total time 0.88
validation split name: 1
 * Val Acc 88.070, Total time 0.63
validation split name: 2
 * Val Acc 93.800, Total time 1.01
validation split name: 3
 * Val Acc 95.150, Total time 0.86
validation split name: 4
 * Val Acc 97.280, Total time 0.86
====================== 5 =======================
Epoch:0
LR: 0.0001
Itr		Time		  Data		  Loss		Acc
[0/469]	0.1122 (0.1122)	0.1060 (0.1060)	4.949 (4.949)	8.59 (8.59)
[100/469]	0.0021 (0.0122)	0.0001 (0.0101)	0.216 (0.514)	92.19 (84.89)
[200/469]	0.0021 (0.0110)	0.0001 (0.0090)	0.112 (0.356)	96.09 (89.34)
[300/469]	0.0244 (0.0106)	0.0225 (0.0086)	0.098 (0.292)	97.66 (91.19)
[400/469]	0.0021 (0.0104)	0.0001 (0.0084)	0.066 (0.255)	99.22 (92.29)
[468/469]	0.0164 (0.0102)	0.0144 (0.0083)	0.091 (0.238)	97.92 (92.83)
 * Train Acc 92.827
 * Val Acc 96.490, Total time 1.01
Epoch:1
LR: 0.0001
Itr		Time		  Data		  Loss		Acc
[0/469]	0.1410 (0.1410)	0.1353 (0.1353)	0.140 (0.140)	95.31 (95.31)
[100/469]	0.0021 (0.0125)	0.0001 (0.0105)	0.039 (0.102)	99.22 (97.05)
[200/469]	0.0248 (0.0116)	0.0229 (0.0096)	0.065 (0.099)	97.66 (96.95)
[300/469]	0.0021 (0.0109)	0.0002 (0.0090)	0.122 (0.096)	94.53 (97.10)
[400/469]	0.0021 (0.0106)	0.0002 (0.0086)	0.182 (0.092)	94.53 (97.22)
[468/469]	0.0021 (0.0105)	0.0001 (0.0085)	0.098 (0.092)	96.88 (97.25)
 * Train Acc 97.253
 * Val Acc 97.230, Total time 0.99
validation split name: 1
 * Val Acc 83.430, Total time 0.68
validation split name: 2
 * Val Acc 92.620, Total time 0.92
validation split name: 3
 * Val Acc 94.440, Total time 0.86
validation split name: 4
 * Val Acc 96.660, Total time 0.87
validation split name: 5
 * Val Acc 97.230, Total time 0.90
====================== 6 =======================
Epoch:0
LR: 0.0001
Itr		Time		  Data		  Loss		Acc
[0/469]	0.1148 (0.1148)	0.1073 (0.1073)	4.843 (4.843)	15.62 (15.62)
[100/469]	0.0021 (0.0125)	0.0001 (0.0103)	0.266 (0.507)	95.31 (85.40)
[200/469]	0.0305 (0.0121)	0.0285 (0.0101)	0.113 (0.355)	96.88 (89.63)
[300/469]	0.0020 (0.0115)	0.0001 (0.0095)	0.136 (0.289)	97.66 (91.46)
[400/469]	0.0020 (0.0111)	0.0001 (0.0091)	0.101 (0.252)	97.66 (92.57)
[468/469]	0.0019 (0.0109)	0.0001 (0.0089)	0.175 (0.234)	94.79 (93.11)
 * Train Acc 93.107
 * Val Acc 96.480, Total time 0.88
Epoch:1
LR: 0.0001
Itr		Time		  Data		  Loss		Acc
[0/469]	0.1151 (0.1151)	0.1088 (0.1088)	0.111 (0.111)	96.09 (96.09)
[100/469]	0.0029 (0.0108)	0.0010 (0.0088)	0.123 (0.095)	96.88 (97.28)
[200/469]	0.0022 (0.0103)	0.0001 (0.0083)	0.043 (0.095)	99.22 (97.28)
[300/469]	0.0247 (0.0102)	0.0227 (0.0082)	0.104 (0.092)	96.88 (97.30)
[400/469]	0.0030 (0.0101)	0.0010 (0.0081)	0.091 (0.090)	97.66 (97.35)
[468/469]	0.0168 (0.0101)	0.0148 (0.0081)	0.065 (0.090)	97.92 (97.35)
 * Train Acc 97.353
 * Val Acc 97.420, Total time 0.90
validation split name: 1
 * Val Acc 81.580, Total time 0.63
validation split name: 2
 * Val Acc 87.850, Total time 1.00
validation split name: 3
 * Val Acc 92.340, Total time 0.86
validation split name: 4
 * Val Acc 96.590, Total time 0.86
validation split name: 5
 * Val Acc 96.230, Total time 0.87
validation split name: 6
 * Val Acc 97.420, Total time 0.88
====================== 7 =======================
Epoch:0
LR: 0.0001
Itr		Time		  Data		  Loss		Acc
[0/469]	0.1302 (0.1302)	0.1233 (0.1233)	4.238 (4.238)	10.94 (10.94)
[100/469]	0.0021 (0.0124)	0.0002 (0.0104)	0.376 (0.493)	85.94 (85.26)
[200/469]	0.0306 (0.0123)	0.0287 (0.0101)	0.213 (0.347)	95.31 (89.54)
[300/469]	0.0021 (0.0121)	0.0001 (0.0100)	0.146 (0.282)	94.53 (91.49)
[400/469]	0.0035 (0.0120)	0.0003 (0.0099)	0.088 (0.246)	96.88 (92.58)
[468/469]	0.0019 (0.0120)	0.0001 (0.0099)	0.086 (0.229)	97.92 (93.06)
 * Train Acc 93.063
 * Val Acc 96.350, Total time 0.89
Epoch:1
LR: 0.0001
Itr		Time		  Data		  Loss		Acc
[0/469]	0.1146 (0.1146)	0.1087 (0.1087)	0.134 (0.134)	96.09 (96.09)
[100/469]	0.0039 (0.0106)	0.0019 (0.0085)	0.106 (0.092)	97.66 (97.28)
[200/469]	0.0023 (0.0101)	0.0002 (0.0081)	0.061 (0.092)	97.66 (97.30)
[300/469]	0.0255 (0.0100)	0.0235 (0.0080)	0.067 (0.090)	97.66 (97.29)
[400/469]	0.0020 (0.0099)	0.0001 (0.0079)	0.082 (0.089)	97.66 (97.34)
[468/469]	0.0127 (0.0099)	0.0109 (0.0079)	0.049 (0.088)	98.96 (97.34)
 * Train Acc 97.343
 * Val Acc 97.120, Total time 1.01
validation split name: 1
 * Val Acc 75.120, Total time 0.67
validation split name: 2
 * Val Acc 78.230, Total time 0.89
validation split name: 3
 * Val Acc 88.040, Total time 0.86
validation split name: 4
 * Val Acc 95.290, Total time 0.87
validation split name: 5
 * Val Acc 95.390, Total time 0.86
validation split name: 6
 * Val Acc 96.770, Total time 0.89
validation split name: 7
 * Val Acc 97.120, Total time 0.97
====================== 8 =======================
Epoch:0
LR: 0.0001
Itr		Time		  Data		  Loss		Acc
[0/469]	0.1196 (0.1196)	0.1123 (0.1123)	6.350 (6.350)	10.16 (10.16)
[100/469]	0.0021 (0.0122)	0.0002 (0.0102)	0.224 (0.566)	94.53 (83.83)
[200/469]	0.0308 (0.0121)	0.0288 (0.0101)	0.199 (0.390)	94.53 (88.53)
[300/469]	0.0034 (0.0122)	0.0002 (0.0099)	0.157 (0.317)	96.09 (90.66)
[400/469]	0.0021 (0.0122)	0.0001 (0.0099)	0.147 (0.270)	94.53 (91.98)
[468/469]	0.0019 (0.0122)	0.0001 (0.0098)	0.136 (0.249)	94.79 (92.56)
 * Train Acc 92.562
 * Val Acc 96.290, Total time 1.02
Epoch:1
LR: 0.0001
Itr		Time		  Data		  Loss		Acc
[0/469]	0.1161 (0.1161)	0.1103 (0.1103)	0.065 (0.065)	98.44 (98.44)
[100/469]	0.0048 (0.0105)	0.0029 (0.0085)	0.171 (0.107)	95.31 (96.94)
[200/469]	0.0021 (0.0101)	0.0001 (0.0081)	0.082 (0.103)	96.88 (96.95)
[300/469]	0.0123 (0.0100)	0.0103 (0.0080)	0.051 (0.098)	96.88 (97.07)
[400/469]	0.0120 (0.0099)	0.0100 (0.0080)	0.108 (0.094)	97.66 (97.21)
[468/469]	0.0067 (0.0099)	0.0048 (0.0079)	0.099 (0.092)	98.96 (97.24)
 * Train Acc 97.238
 * Val Acc 97.050, Total time 1.02
validation split name: 1
 * Val Acc 69.490, Total time 0.63
validation split name: 2
 * Val Acc 71.640, Total time 0.94
validation split name: 3
 * Val Acc 80.490, Total time 0.90
validation split name: 4
 * Val Acc 91.160, Total time 0.90
validation split name: 5
 * Val Acc 91.350, Total time 0.87
validation split name: 6
 * Val Acc 95.500, Total time 0.95
validation split name: 7
 * Val Acc 96.220, Total time 1.00
validation split name: 8
 * Val Acc 97.050, Total time 0.85
====================== 9 =======================
Epoch:0
LR: 0.0001
Itr		Time		  Data		  Loss		Acc
[0/469]	0.1173 (0.1173)	0.1112 (0.1112)	3.829 (3.829)	14.06 (14.06)
[100/469]	0.0298 (0.0123)	0.0279 (0.0104)	0.271 (0.482)	91.41 (85.43)
[200/469]	0.0021 (0.0118)	0.0002 (0.0098)	0.148 (0.340)	95.31 (89.75)
[300/469]	0.0020 (0.0116)	0.0001 (0.0097)	0.193 (0.282)	91.41 (91.41)
[400/469]	0.0298 (0.0116)	0.0279 (0.0096)	0.066 (0.246)	98.44 (92.55)
[468/469]	0.0019 (0.0115)	0.0001 (0.0095)	0.281 (0.229)	91.67 (93.09)
 * Train Acc 93.087
 * Val Acc 96.570, Total time 0.86
Epoch:1
LR: 0.0001
Itr		Time		  Data		  Loss		Acc
[0/469]	0.1139 (0.1139)	0.1074 (0.1074)	0.165 (0.165)	95.31 (95.31)
[100/469]	0.0021 (0.0122)	0.0001 (0.0102)	0.047 (0.097)	99.22 (97.08)
[200/469]	0.0020 (0.0117)	0.0002 (0.0098)	0.047 (0.092)	99.22 (97.24)
[300/469]	0.0294 (0.0116)	0.0275 (0.0097)	0.154 (0.091)	94.53 (97.29)
[400/469]	0.0021 (0.0114)	0.0002 (0.0094)	0.138 (0.088)	95.31 (97.35)
[468/469]	0.0020 (0.0111)	0.0001 (0.0092)	0.080 (0.087)	98.96 (97.39)
 * Train Acc 97.390
 * Val Acc 97.430, Total time 1.01
validation split name: 1
 * Val Acc 50.600, Total time 0.67
validation split name: 2
 * Val Acc 59.910, Total time 0.86
validation split name: 3
 * Val Acc 70.140, Total time 0.87
validation split name: 4
 * Val Acc 87.020, Total time 0.87
validation split name: 5
 * Val Acc 83.910, Total time 0.98
validation split name: 6
 * Val Acc 92.900, Total time 0.87
validation split name: 7
 * Val Acc 95.590, Total time 0.93
validation split name: 8
 * Val Acc 95.940, Total time 0.87
validation split name: 9
 * Val Acc 97.430, Total time 0.96
====================== 10 =======================
Epoch:0
LR: 0.0001
Itr		Time		  Data		  Loss		Acc
[0/469]	0.1136 (0.1136)	0.1069 (0.1069)	4.988 (4.988)	11.72 (11.72)
[100/469]	0.0020 (0.0123)	0.0001 (0.0104)	0.259 (0.524)	90.62 (84.55)
[200/469]	0.0019 (0.0118)	0.0001 (0.0099)	0.180 (0.360)	96.88 (89.36)
[300/469]	0.0303 (0.0117)	0.0284 (0.0098)	0.134 (0.292)	96.88 (91.34)
[400/469]	0.0020 (0.0116)	0.0001 (0.0097)	0.140 (0.255)	94.53 (92.42)
[468/469]	0.0215 (0.0115)	0.0197 (0.0097)	0.108 (0.235)	95.83 (92.97)
 * Train Acc 92.975
 * Val Acc 96.510, Total time 0.88
Epoch:1
LR: 0.0001
Itr		Time		  Data		  Loss		Acc
[0/469]	0.1173 (0.1173)	0.1102 (0.1102)	0.071 (0.071)	97.66 (97.66)
[100/469]	0.0020 (0.0124)	0.0001 (0.0104)	0.108 (0.099)	96.88 (97.01)
[200/469]	0.0301 (0.0121)	0.0281 (0.0102)	0.080 (0.093)	96.88 (97.21)
[300/469]	0.0021 (0.0119)	0.0001 (0.0099)	0.080 (0.092)	98.44 (97.21)
[400/469]	0.0021 (0.0113)	0.0001 (0.0094)	0.156 (0.091)	95.31 (97.26)
[468/469]	0.0026 (0.0111)	0.0002 (0.0092)	0.030 (0.089)	100.00 (97.34)
 * Train Acc 97.337
 * Val Acc 97.100, Total time 1.00
validation split name: 1
 * Val Acc 37.810, Total time 0.74
validation split name: 2
 * Val Acc 46.190, Total time 0.96
validation split name: 3
 * Val Acc 62.380, Total time 0.87
validation split name: 4
 * Val Acc 81.450, Total time 0.88
validation split name: 5
 * Val Acc 78.670, Total time 0.87
validation split name: 6
 * Val Acc 87.290, Total time 0.91
validation split name: 7
 * Val Acc 91.580, Total time 0.91
validation split name: 8
 * Val Acc 96.050, Total time 0.97
validation split name: 9
 * Val Acc 95.660, Total time 0.87
validation split name: 10
 * Val Acc 97.100, Total time 0.88
OrderedDict([('1', OrderedDict([('1', 96.4), ('2', 93.58), ('3', 93.19), ('4', 88.07), ('5', 83.43), ('6', 81.58), ('7', 75.12), ('8', 69.49), ('9', 50.6), ('10', 37.81)])), ('2', OrderedDict([('2', 97.0), ('3', 96.4), ('4', 93.8), ('5', 92.62), ('6', 87.85), ('7', 78.23), ('8', 71.64), ('9', 59.91), ('10', 46.19)])), ('3', OrderedDict([('3', 96.98), ('4', 95.15), ('5', 94.44), ('6', 92.34), ('7', 88.04), ('8', 80.49), ('9', 70.14), ('10', 62.38)])), ('4', OrderedDict([('4', 97.28), ('5', 96.66), ('6', 96.59), ('7', 95.29), ('8', 91.16), ('9', 87.02), ('10', 81.45)])), ('5', OrderedDict([('5', 97.23), ('6', 96.23), ('7', 95.39), ('8', 91.35), ('9', 83.91), ('10', 78.67)])), ('6', OrderedDict([('6', 97.42), ('7', 96.77), ('8', 95.5), ('9', 92.9), ('10', 87.29)])), ('7', OrderedDict([('7', 97.12), ('8', 96.22), ('9', 95.59), ('10', 91.58)])), ('8', OrderedDict([('8', 97.05), ('9', 95.94), ('10', 96.05)])), ('9', OrderedDict([('9', 97.43), ('10', 95.66)])), ('10', OrderedDict([('10', 97.1)]))])
Task 1 average acc: 96.4
Task 2 average acc: 95.28999999999999
Task 3 average acc: 95.52333333333333
Task 4 average acc: 93.57499999999999
Task 5 average acc: 92.876
Task 6 average acc: 92.00166666666667
Task 7 average acc: 89.42285714285715
Task 8 average acc: 86.6125
Task 9 average acc: 81.49333333333334
Task 10 average acc: 77.41799999999999
===Summary of experiment repeats: 1 / 5 ===
The regularization coefficient: 0.0
The last avg acc of all repeats: [77.418  0.     0.     0.     0.   ]
mean: 15.4836 std: 30.9672
MLP(
  (linear): Sequential(
    (0): Linear(in_features=1024, out_features=1000, bias=True)
    (1): ReLU(inplace=True)
    (2): Linear(in_features=1000, out_features=1000, bias=True)
    (3): ReLU(inplace=True)
  )
  (last): ModuleDict(
    (All): Linear(in_features=1000, out_features=10, bias=True)
  )
)
#parameter of model: 2036010
Task order: ['1', '2', '3', '4', '5', '6', '7', '8', '9', '10']
====================== 1 =======================
Epoch:0
LR: 0.0001
Itr		Time		  Data		  Loss		Acc
[0/469]	0.1238 (0.1238)	0.1139 (0.1139)	2.309 (2.309)	9.38 (9.38)
[100/469]	0.0206 (0.0093)	0.0187 (0.0074)	0.468 (0.815)	89.84 (80.61)
[200/469]	0.0020 (0.0087)	0.0001 (0.0069)	0.249 (0.566)	90.62 (85.73)
[300/469]	0.0019 (0.0085)	0.0001 (0.0067)	0.257 (0.465)	92.97 (87.92)
[400/469]	0.0204 (0.0085)	0.0185 (0.0066)	0.127 (0.408)	95.31 (89.17)
[468/469]	0.0019 (0.0084)	0.0001 (0.0065)	0.146 (0.380)	94.79 (89.83)
 * Train Acc 89.828
 * Val Acc 94.920, Total time 0.64
Epoch:1
LR: 0.0001
Itr		Time		  Data		  Loss		Acc
[0/469]	0.1329 (0.1329)	0.1262 (0.1262)	0.187 (0.187)	90.62 (90.62)
[100/469]	0.0021 (0.0093)	0.0001 (0.0073)	0.104 (0.168)	96.88 (95.34)
[200/469]	0.0021 (0.0087)	0.0002 (0.0067)	0.194 (0.172)	93.75 (95.03)
[300/469]	0.0198 (0.0085)	0.0179 (0.0066)	0.148 (0.164)	95.31 (95.26)
[400/469]	0.0021 (0.0084)	0.0002 (0.0065)	0.217 (0.156)	94.53 (95.42)
[468/469]	0.0140 (0.0084)	0.0121 (0.0064)	0.084 (0.152)	96.88 (95.53)
 * Train Acc 95.528
 * Val Acc 96.410, Total time 0.65
validation split name: 1
 * Val Acc 96.410, Total time 0.65
====================== 2 =======================
Epoch:0
LR: 0.0001
Itr		Time		  Data		  Loss		Acc
[0/469]	0.1325 (0.1325)	0.1261 (0.1261)	2.743 (2.743)	13.28 (13.28)
[100/469]	0.0028 (0.0109)	0.0009 (0.0088)	0.221 (0.501)	95.31 (84.03)
[200/469]	0.0124 (0.0104)	0.0103 (0.0083)	0.159 (0.363)	92.97 (88.69)
[300/469]	0.0021 (0.0102)	0.0001 (0.0081)	0.246 (0.302)	94.53 (90.72)
[400/469]	0.0028 (0.0101)	0.0009 (0.0080)	0.161 (0.267)	96.09 (91.83)
[468/469]	0.0022 (0.0100)	0.0001 (0.0080)	0.191 (0.249)	93.75 (92.39)
 * Train Acc 92.392
 * Val Acc 96.190, Total time 0.89
Epoch:1
LR: 0.0001
Itr		Time		  Data		  Loss		Acc
[0/469]	0.1171 (0.1171)	0.1112 (0.1112)	0.150 (0.150)	96.88 (96.88)
[100/469]	0.0021 (0.0107)	0.0001 (0.0087)	0.190 (0.118)	93.75 (96.52)
[200/469]	0.0021 (0.0102)	0.0002 (0.0082)	0.054 (0.116)	98.44 (96.73)
[300/469]	0.0251 (0.0101)	0.0231 (0.0081)	0.048 (0.114)	99.22 (96.71)
[400/469]	0.0021 (0.0100)	0.0001 (0.0080)	0.088 (0.109)	96.88 (96.83)
[468/469]	0.0175 (0.0100)	0.0156 (0.0080)	0.041 (0.108)	98.96 (96.86)
 * Train Acc 96.862
 * Val Acc 97.030, Total time 0.87
validation split name: 1
 * Val Acc 95.250, Total time 0.64
validation split name: 2
 * Val Acc 97.030, Total time 0.93
====================== 3 =======================
Epoch:0
LR: 0.0001
Itr		Time		  Data		  Loss		Acc
[0/469]	0.1461 (0.1461)	0.1397 (0.1397)	3.322 (3.322)	10.94 (10.94)
[100/469]	0.0096 (0.0115)	0.0075 (0.0094)	0.188 (0.476)	95.31 (85.04)
[200/469]	0.0252 (0.0108)	0.0232 (0.0088)	0.226 (0.342)	92.19 (89.40)
[300/469]	0.0022 (0.0105)	0.0002 (0.0084)	0.054 (0.279)	99.22 (91.41)
[400/469]	0.0037 (0.0103)	0.0017 (0.0083)	0.066 (0.246)	97.66 (92.44)
[468/469]	0.0018 (0.0103)	0.0001 (0.0082)	0.102 (0.229)	97.92 (92.97)
 * Train Acc 92.967
 * Val Acc 96.440, Total time 0.89
Epoch:1
LR: 0.0001
Itr		Time		  Data		  Loss		Acc
[0/469]	0.1145 (0.1145)	0.1087 (0.1087)	0.103 (0.103)	98.44 (98.44)
[100/469]	0.0021 (0.0112)	0.0001 (0.0091)	0.117 (0.105)	96.09 (96.92)
[200/469]	0.0020 (0.0105)	0.0001 (0.0085)	0.071 (0.102)	97.66 (96.93)
[300/469]	0.0248 (0.0103)	0.0228 (0.0083)	0.117 (0.099)	96.09 (97.04)
[400/469]	0.0021 (0.0102)	0.0002 (0.0081)	0.044 (0.097)	99.22 (97.12)
[468/469]	0.0174 (0.0101)	0.0153 (0.0081)	0.044 (0.096)	100.00 (97.17)
 * Train Acc 97.172
 * Val Acc 97.080, Total time 0.88
validation split name: 1
 * Val Acc 93.510, Total time 0.77
validation split name: 2
 * Val Acc 96.650, Total time 0.91
validation split name: 3
 * Val Acc 97.080, Total time 1.00
====================== 4 =======================
Epoch:0
LR: 0.0001
Itr		Time		  Data		  Loss		Acc
[0/469]	0.1404 (0.1404)	0.1346 (0.1346)	3.974 (3.974)	7.81 (7.81)
[100/469]	0.0020 (0.0122)	0.0001 (0.0103)	0.217 (0.463)	94.53 (85.82)
[200/469]	0.0021 (0.0115)	0.0001 (0.0096)	0.307 (0.338)	90.62 (89.65)
[300/469]	0.0021 (0.0114)	0.0002 (0.0095)	0.209 (0.280)	93.75 (91.44)
[400/469]	0.0297 (0.0114)	0.0277 (0.0095)	0.094 (0.244)	97.66 (92.56)
[468/469]	0.0018 (0.0114)	0.0001 (0.0095)	0.042 (0.227)	100.00 (93.08)
 * Train Acc 93.075
 * Val Acc 96.380, Total time 0.96
Epoch:1
LR: 0.0001
Itr		Time		  Data		  Loss		Acc
[0/469]	0.1316 (0.1316)	0.1260 (0.1260)	0.107 (0.107)	97.66 (97.66)
[100/469]	0.0021 (0.0123)	0.0001 (0.0103)	0.093 (0.097)	96.09 (97.19)
[200/469]	0.0020 (0.0118)	0.0001 (0.0098)	0.085 (0.099)	97.66 (97.15)
[300/469]	0.0305 (0.0117)	0.0284 (0.0097)	0.028 (0.097)	100.00 (97.20)
[400/469]	0.0020 (0.0116)	0.0002 (0.0096)	0.087 (0.095)	96.88 (97.21)
[468/469]	0.0170 (0.0114)	0.0148 (0.0094)	0.070 (0.094)	97.92 (97.26)
 * Train Acc 97.263
 * Val Acc 97.250, Total time 0.94
validation split name: 1
 * Val Acc 87.960, Total time 0.66
validation split name: 2
 * Val Acc 95.710, Total time 0.96
validation split name: 3
 * Val Acc 96.210, Total time 0.92
validation split name: 4
 * Val Acc 97.250, Total time 0.95
====================== 5 =======================
Epoch:0
LR: 0.0001
Itr		Time		  Data		  Loss		Acc
[0/469]	0.1251 (0.1251)	0.1176 (0.1176)	3.986 (3.986)	14.84 (14.84)
[100/469]	0.0021 (0.0110)	0.0002 (0.0090)	0.253 (0.471)	92.97 (85.98)
[200/469]	0.0246 (0.0105)	0.0225 (0.0085)	0.102 (0.334)	96.09 (89.96)
[300/469]	0.0020 (0.0102)	0.0002 (0.0082)	0.036 (0.276)	98.44 (91.75)
[400/469]	0.0021 (0.0101)	0.0001 (0.0081)	0.213 (0.245)	94.53 (92.67)
[468/469]	0.0021 (0.0101)	0.0001 (0.0080)	0.107 (0.228)	97.92 (93.20)
 * Train Acc 93.197
 * Val Acc 96.530, Total time 1.00
Epoch:1
LR: 0.0001
Itr		Time		  Data		  Loss		Acc
[0/469]	0.1384 (0.1384)	0.1313 (0.1313)	0.099 (0.099)	96.88 (96.88)
[100/469]	0.0313 (0.0117)	0.0295 (0.0098)	0.123 (0.095)	95.31 (97.22)
[200/469]	0.0018 (0.0117)	0.0001 (0.0098)	0.142 (0.091)	97.66 (97.44)
[300/469]	0.0020 (0.0114)	0.0002 (0.0096)	0.087 (0.091)	97.66 (97.38)
[400/469]	0.0254 (0.0111)	0.0236 (0.0092)	0.113 (0.089)	96.88 (97.42)
[468/469]	0.0019 (0.0108)	0.0001 (0.0090)	0.040 (0.090)	98.96 (97.38)
 * Train Acc 97.377
 * Val Acc 97.200, Total time 0.94
validation split name: 1
 * Val Acc 81.490, Total time 0.67
validation split name: 2
 * Val Acc 93.070, Total time 0.96
validation split name: 3
 * Val Acc 94.970, Total time 0.95
validation split name: 4
 * Val Acc 96.690, Total time 0.87
validation split name: 5
 * Val Acc 97.200, Total time 0.90
====================== 6 =======================
Epoch:0
LR: 0.0001
Itr		Time		  Data		  Loss		Acc
[0/469]	0.1384 (0.1384)	0.1331 (0.1331)	5.749 (5.749)	3.12 (3.12)
[100/469]	0.0308 (0.0126)	0.0289 (0.0106)	0.222 (0.507)	92.97 (85.58)
[200/469]	0.0256 (0.0116)	0.0238 (0.0096)	0.221 (0.350)	91.41 (89.75)
[300/469]	0.0019 (0.0113)	0.0001 (0.0093)	0.258 (0.287)	92.19 (91.54)
[400/469]	0.0297 (0.0113)	0.0277 (0.0094)	0.138 (0.250)	95.31 (92.56)
[468/469]	0.0022 (0.0113)	0.0001 (0.0094)	0.147 (0.233)	94.79 (93.06)
 * Train Acc 93.055
 * Val Acc 96.180, Total time 0.90
Epoch:1
LR: 0.0001
Itr		Time		  Data		  Loss		Acc
[0/469]	0.1368 (0.1368)	0.1306 (0.1306)	0.105 (0.105)	96.88 (96.88)
[100/469]	0.0295 (0.0124)	0.0276 (0.0105)	0.059 (0.093)	98.44 (97.19)
[200/469]	0.0020 (0.0118)	0.0002 (0.0099)	0.085 (0.096)	98.44 (97.14)
[300/469]	0.0020 (0.0116)	0.0002 (0.0097)	0.122 (0.093)	96.09 (97.22)
[400/469]	0.0341 (0.0117)	0.0322 (0.0097)	0.047 (0.092)	98.44 (97.24)
[468/469]	0.0025 (0.0116)	0.0001 (0.0096)	0.037 (0.089)	100.00 (97.29)
 * Train Acc 97.293
 * Val Acc 97.220, Total time 0.95
validation split name: 1
 * Val Acc 73.520, Total time 0.65
validation split name: 2
 * Val Acc 86.510, Total time 0.93
validation split name: 3
 * Val Acc 91.200, Total time 0.90
validation split name: 4
 * Val Acc 95.570, Total time 0.94
validation split name: 5
 * Val Acc 96.290, Total time 0.97
validation split name: 6
 * Val Acc 97.220, Total time 0.93
====================== 7 =======================
Epoch:0
LR: 0.0001
Itr		Time		  Data		  Loss		Acc
[0/469]	0.1251 (0.1251)	0.1189 (0.1189)	5.266 (5.266)	8.59 (8.59)
[100/469]	0.0021 (0.0108)	0.0001 (0.0088)	0.287 (0.508)	92.19 (84.96)
[200/469]	0.0021 (0.0102)	0.0001 (0.0083)	0.209 (0.353)	93.75 (89.50)
[300/469]	0.0310 (0.0106)	0.0290 (0.0086)	0.053 (0.289)	100.00 (91.40)
[400/469]	0.0021 (0.0108)	0.0002 (0.0088)	0.201 (0.253)	94.53 (92.46)
[468/469]	0.0210 (0.0109)	0.0191 (0.0089)	0.104 (0.234)	95.83 (93.04)
 * Train Acc 93.038
 * Val Acc 96.600, Total time 0.94
Epoch:1
LR: 0.0001
Itr		Time		  Data		  Loss		Acc
[0/469]	0.1309 (0.1309)	0.1252 (0.1252)	0.111 (0.111)	94.53 (94.53)
[100/469]	0.0021 (0.0119)	0.0002 (0.0099)	0.074 (0.090)	96.88 (97.30)
[200/469]	0.0020 (0.0115)	0.0002 (0.0096)	0.071 (0.089)	97.66 (97.33)
[300/469]	0.0247 (0.0114)	0.0226 (0.0095)	0.159 (0.090)	95.31 (97.32)
[400/469]	0.0297 (0.0111)	0.0276 (0.0092)	0.065 (0.089)	96.88 (97.33)
[468/469]	0.0019 (0.0111)	0.0001 (0.0092)	0.097 (0.088)	96.88 (97.39)
 * Train Acc 97.388
 * Val Acc 97.300, Total time 0.95
validation split name: 1
 * Val Acc 56.610, Total time 0.67
validation split name: 2
 * Val Acc 76.490, Total time 0.90
validation split name: 3
 * Val Acc 83.970, Total time 0.97
validation split name: 4
 * Val Acc 94.340, Total time 0.90
validation split name: 5
 * Val Acc 95.270, Total time 1.01
validation split name: 6
 * Val Acc 96.040, Total time 0.88
validation split name: 7
 * Val Acc 97.300, Total time 1.02
====================== 8 =======================
Epoch:0
LR: 0.0001
Itr		Time		  Data		  Loss		Acc
[0/469]	0.1415 (0.1415)	0.1358 (0.1358)	4.110 (4.110)	11.72 (11.72)
[100/469]	0.0021 (0.0121)	0.0001 (0.0101)	0.330 (0.458)	89.06 (85.93)
[200/469]	0.0331 (0.0118)	0.0313 (0.0098)	0.157 (0.322)	95.31 (90.14)
[300/469]	0.0019 (0.0115)	0.0001 (0.0096)	0.164 (0.266)	94.53 (91.85)
[400/469]	0.0020 (0.0113)	0.0001 (0.0094)	0.047 (0.233)	99.22 (92.88)
[468/469]	0.0018 (0.0112)	0.0001 (0.0093)	0.059 (0.216)	97.92 (93.42)
 * Train Acc 93.423
 * Val Acc 96.550, Total time 0.89
Epoch:1
LR: 0.0001
Itr		Time		  Data		  Loss		Acc
[0/469]	0.1352 (0.1352)	0.1291 (0.1291)	0.079 (0.079)	97.66 (97.66)
[100/469]	0.0020 (0.0128)	0.0001 (0.0109)	0.103 (0.089)	99.22 (97.48)
[200/469]	0.0020 (0.0114)	0.0001 (0.0095)	0.088 (0.088)	97.66 (97.41)
[300/469]	0.0250 (0.0108)	0.0230 (0.0089)	0.059 (0.088)	97.66 (97.40)
[400/469]	0.0120 (0.0105)	0.0101 (0.0086)	0.094 (0.085)	96.09 (97.51)
[468/469]	0.0019 (0.0104)	0.0001 (0.0085)	0.020 (0.083)	100.00 (97.52)
 * Train Acc 97.517
 * Val Acc 97.200, Total time 0.95
validation split name: 1
 * Val Acc 44.460, Total time 0.75
validation split name: 2
 * Val Acc 58.180, Total time 1.03
validation split name: 3
 * Val Acc 75.020, Total time 1.01
validation split name: 4
 * Val Acc 86.770, Total time 0.97
validation split name: 5
 * Val Acc 93.670, Total time 0.95
validation split name: 6
 * Val Acc 95.430, Total time 0.97
validation split name: 7
 * Val Acc 96.410, Total time 0.95
validation split name: 8
 * Val Acc 97.200, Total time 1.01
====================== 9 =======================
Epoch:0
LR: 0.0001
Itr		Time		  Data		  Loss		Acc
[0/469]	0.1281 (0.1281)	0.1224 (0.1224)	4.739 (4.739)	6.25 (6.25)
[100/469]	0.0019 (0.0120)	0.0002 (0.0100)	0.185 (0.498)	93.75 (85.13)
[200/469]	0.0332 (0.0117)	0.0313 (0.0098)	0.115 (0.353)	96.09 (89.38)
[300/469]	0.0020 (0.0115)	0.0001 (0.0096)	0.124 (0.288)	96.88 (91.33)
[400/469]	0.0317 (0.0114)	0.0297 (0.0094)	0.162 (0.249)	94.53 (92.51)
[468/469]	0.0020 (0.0112)	0.0001 (0.0093)	0.084 (0.230)	97.92 (93.07)
 * Train Acc 93.072
 * Val Acc 96.350, Total time 0.91
Epoch:1
LR: 0.0001
Itr		Time		  Data		  Loss		Acc
[0/469]	0.1354 (0.1354)	0.1292 (0.1292)	0.104 (0.104)	97.66 (97.66)
[100/469]	0.0052 (0.0110)	0.0032 (0.0090)	0.086 (0.092)	96.88 (97.26)
[200/469]	0.0024 (0.0104)	0.0003 (0.0084)	0.076 (0.092)	98.44 (97.25)
[300/469]	0.0023 (0.0102)	0.0002 (0.0082)	0.097 (0.090)	96.88 (97.31)
[400/469]	0.0254 (0.0102)	0.0235 (0.0082)	0.046 (0.087)	97.66 (97.38)
[468/469]	0.0019 (0.0101)	0.0001 (0.0081)	0.227 (0.085)	95.83 (97.47)
 * Train Acc 97.465
 * Val Acc 97.260, Total time 1.02
validation split name: 1
 * Val Acc 36.030, Total time 0.63
validation split name: 2
 * Val Acc 49.070, Total time 0.90
validation split name: 3
 * Val Acc 61.810, Total time 1.00
validation split name: 4
 * Val Acc 79.480, Total time 1.00
validation split name: 5
 * Val Acc 90.290, Total time 1.00
validation split name: 6
 * Val Acc 93.100, Total time 1.00
validation split name: 7
 * Val Acc 93.370, Total time 0.99
validation split name: 8
 * Val Acc 95.780, Total time 0.99
validation split name: 9
 * Val Acc 97.260, Total time 1.03
====================== 10 =======================
Epoch:0
LR: 0.0001
Itr		Time		  Data		  Loss		Acc
[0/469]	0.1374 (0.1374)	0.1318 (0.1318)	5.647 (5.647)	15.62 (15.62)
[100/469]	0.0021 (0.0121)	0.0001 (0.0101)	0.185 (0.514)	94.53 (85.16)
[200/469]	0.0323 (0.0118)	0.0304 (0.0098)	0.194 (0.353)	92.19 (89.53)
[300/469]	0.0021 (0.0112)	0.0002 (0.0092)	0.176 (0.289)	95.31 (91.38)
[400/469]	0.0256 (0.0109)	0.0236 (0.0089)	0.092 (0.249)	96.88 (92.52)
[468/469]	0.0020 (0.0108)	0.0001 (0.0087)	0.025 (0.232)	100.00 (93.03)
 * Train Acc 93.033
 * Val Acc 96.550, Total time 0.87
Epoch:1
LR: 0.0001
Itr		Time		  Data		  Loss		Acc
[0/469]	0.1411 (0.1411)	0.1346 (0.1346)	0.085 (0.085)	96.88 (96.88)
[100/469]	0.0029 (0.0108)	0.0009 (0.0088)	0.122 (0.097)	96.88 (97.09)
[200/469]	0.0021 (0.0102)	0.0002 (0.0082)	0.063 (0.092)	97.66 (97.26)
[300/469]	0.0244 (0.0101)	0.0223 (0.0081)	0.080 (0.089)	98.44 (97.34)
[400/469]	0.0029 (0.0100)	0.0009 (0.0080)	0.086 (0.086)	96.09 (97.38)
[468/469]	0.0020 (0.0102)	0.0001 (0.0082)	0.053 (0.085)	97.92 (97.42)
 * Train Acc 97.418
 * Val Acc 97.400, Total time 0.97
validation split name: 1
 * Val Acc 31.630, Total time 0.65
validation split name: 2
 * Val Acc 36.770, Total time 1.01
validation split name: 3
 * Val Acc 54.970, Total time 0.94
validation split name: 4
 * Val Acc 79.450, Total time 0.95
validation split name: 5
 * Val Acc 85.310, Total time 0.95
validation split name: 6
 * Val Acc 87.510, Total time 0.97
validation split name: 7
 * Val Acc 92.870, Total time 1.00
validation split name: 8
 * Val Acc 95.190, Total time 0.90
validation split name: 9
 * Val Acc 96.330, Total time 1.02
validation split name: 10
 * Val Acc 97.400, Total time 1.03
OrderedDict([('1', OrderedDict([('1', 96.41), ('2', 95.25), ('3', 93.51), ('4', 87.96), ('5', 81.49), ('6', 73.52), ('7', 56.61), ('8', 44.46), ('9', 36.03), ('10', 31.63)])), ('2', OrderedDict([('2', 97.03), ('3', 96.65), ('4', 95.71), ('5', 93.07), ('6', 86.51), ('7', 76.49), ('8', 58.18), ('9', 49.07), ('10', 36.77)])), ('3', OrderedDict([('3', 97.08), ('4', 96.21), ('5', 94.97), ('6', 91.2), ('7', 83.97), ('8', 75.02), ('9', 61.81), ('10', 54.97)])), ('4', OrderedDict([('4', 97.25), ('5', 96.69), ('6', 95.57), ('7', 94.34), ('8', 86.77), ('9', 79.48), ('10', 79.45)])), ('5', OrderedDict([('5', 97.2), ('6', 96.29), ('7', 95.27), ('8', 93.67), ('9', 90.29), ('10', 85.31)])), ('6', OrderedDict([('6', 97.22), ('7', 96.04), ('8', 95.43), ('9', 93.1), ('10', 87.51)])), ('7', OrderedDict([('7', 97.3), ('8', 96.41), ('9', 93.37), ('10', 92.87)])), ('8', OrderedDict([('8', 97.2), ('9', 95.78), ('10', 95.19)])), ('9', OrderedDict([('9', 97.26), ('10', 96.33)])), ('10', OrderedDict([('10', 97.4)]))])
Task 1 average acc: 96.41
Task 2 average acc: 96.14
Task 3 average acc: 95.74666666666667
Task 4 average acc: 94.2825
Task 5 average acc: 92.684
Task 6 average acc: 90.05166666666668
Task 7 average acc: 85.71714285714286
Task 8 average acc: 80.89250000000001
Task 9 average acc: 77.35444444444444
Task 10 average acc: 75.74300000000001
===Summary of experiment repeats: 2 / 5 ===
The regularization coefficient: 0.0
The last avg acc of all repeats: [77.418 75.743  0.     0.     0.   ]
mean: 30.6322 std: 37.52036883827237
MLP(
  (linear): Sequential(
    (0): Linear(in_features=1024, out_features=1000, bias=True)
    (1): ReLU(inplace=True)
    (2): Linear(in_features=1000, out_features=1000, bias=True)
    (3): ReLU(inplace=True)
  )
  (last): ModuleDict(
    (All): Linear(in_features=1000, out_features=10, bias=True)
  )
)
#parameter of model: 2036010
Task order: ['1', '2', '3', '4', '5', '6', '7', '8', '9', '10']
====================== 1 =======================
Epoch:0
LR: 0.0001
Itr		Time		  Data		  Loss		Acc
[0/469]	0.1364 (0.1364)	0.1287 (0.1287)	2.288 (2.288)	20.31 (20.31)
[100/469]	0.0112 (0.0080)	0.0088 (0.0059)	0.397 (0.819)	89.06 (79.67)
[200/469]	0.0020 (0.0076)	0.0002 (0.0055)	0.275 (0.573)	90.62 (85.18)
[300/469]	0.0200 (0.0077)	0.0180 (0.0057)	0.177 (0.466)	95.31 (87.63)
[400/469]	0.0020 (0.0077)	0.0001 (0.0058)	0.214 (0.407)	95.31 (89.02)
[468/469]	0.0138 (0.0077)	0.0117 (0.0058)	0.205 (0.378)	92.71 (89.75)
 * Train Acc 89.753
 * Val Acc 94.830, Total time 0.67
Epoch:1
LR: 0.0001
Itr		Time		  Data		  Loss		Acc
[0/469]	0.1166 (0.1166)	0.1112 (0.1112)	0.178 (0.178)	93.75 (93.75)
[100/469]	0.0098 (0.0077)	0.0077 (0.0057)	0.133 (0.180)	94.53 (94.73)
[200/469]	0.0156 (0.0073)	0.0137 (0.0053)	0.106 (0.171)	97.66 (94.99)
[300/469]	0.0022 (0.0071)	0.0002 (0.0052)	0.148 (0.159)	97.66 (95.31)
[400/469]	0.0020 (0.0071)	0.0002 (0.0051)	0.127 (0.155)	98.44 (95.45)
[468/469]	0.0023 (0.0070)	0.0001 (0.0051)	0.079 (0.151)	97.92 (95.56)
 * Train Acc 95.562
 * Val Acc 96.530, Total time 0.65
validation split name: 1
 * Val Acc 96.530, Total time 0.64
====================== 2 =======================
Epoch:0
LR: 0.0001
Itr		Time		  Data		  Loss		Acc
[0/469]	0.1378 (0.1378)	0.1325 (0.1325)	2.850 (2.850)	7.03 (7.03)
[100/469]	0.0021 (0.0109)	0.0001 (0.0088)	0.173 (0.475)	92.97 (85.30)
[200/469]	0.0064 (0.0103)	0.0043 (0.0083)	0.114 (0.355)	96.88 (89.12)
[300/469]	0.0214 (0.0102)	0.0191 (0.0082)	0.125 (0.295)	97.66 (90.99)
[400/469]	0.0024 (0.0101)	0.0002 (0.0080)	0.119 (0.262)	97.66 (92.07)
[468/469]	0.0021 (0.0101)	0.0001 (0.0080)	0.238 (0.246)	94.79 (92.59)
 * Train Acc 92.592
 * Val Acc 95.940, Total time 0.95
Epoch:1
LR: 0.0001
Itr		Time		  Data		  Loss		Acc
[0/469]	0.1385 (0.1385)	0.1326 (0.1326)	0.107 (0.107)	97.66 (97.66)
[100/469]	0.0020 (0.0112)	0.0001 (0.0092)	0.146 (0.121)	94.53 (96.50)
[200/469]	0.0020 (0.0108)	0.0002 (0.0089)	0.113 (0.117)	95.31 (96.63)
[300/469]	0.0256 (0.0107)	0.0236 (0.0088)	0.110 (0.113)	96.09 (96.72)
[400/469]	0.0021 (0.0107)	0.0001 (0.0088)	0.112 (0.110)	96.88 (96.82)
[468/469]	0.0226 (0.0107)	0.0207 (0.0087)	0.153 (0.108)	94.79 (96.85)
 * Train Acc 96.848
 * Val Acc 96.920, Total time 0.90
validation split name: 1
 * Val Acc 95.270, Total time 0.78
validation split name: 2
 * Val Acc 96.920, Total time 0.89
====================== 3 =======================
Epoch:0
LR: 0.0001
Itr		Time		  Data		  Loss		Acc
[0/469]	0.1329 (0.1329)	0.1272 (0.1272)	3.201 (3.201)	12.50 (12.50)
[100/469]	0.0145 (0.0108)	0.0125 (0.0088)	0.251 (0.451)	90.62 (86.05)
[200/469]	0.0021 (0.0102)	0.0001 (0.0082)	0.178 (0.334)	93.75 (89.77)
[300/469]	0.0056 (0.0100)	0.0036 (0.0080)	0.265 (0.280)	92.19 (91.39)
[400/469]	0.0240 (0.0100)	0.0216 (0.0080)	0.127 (0.246)	96.09 (92.51)
[468/469]	0.0021 (0.0099)	0.0001 (0.0079)	0.078 (0.229)	96.88 (93.01)
 * Train Acc 93.012
 * Val Acc 96.550, Total time 0.95
Epoch:1
LR: 0.0001
Itr		Time		  Data		  Loss		Acc
[0/469]	0.1383 (0.1383)	0.1328 (0.1328)	0.228 (0.228)	92.97 (92.97)
[100/469]	0.0021 (0.0119)	0.0001 (0.0099)	0.035 (0.107)	100.00 (96.90)
[200/469]	0.0021 (0.0111)	0.0002 (0.0092)	0.100 (0.104)	97.66 (96.91)
[300/469]	0.0254 (0.0108)	0.0234 (0.0089)	0.126 (0.102)	95.31 (96.98)
[400/469]	0.0019 (0.0109)	0.0001 (0.0090)	0.100 (0.099)	97.66 (97.06)
[468/469]	0.0184 (0.0108)	0.0167 (0.0089)	0.071 (0.097)	97.92 (97.14)
 * Train Acc 97.138
 * Val Acc 97.090, Total time 0.88
validation split name: 1
 * Val Acc 92.880, Total time 0.73
validation split name: 2
 * Val Acc 96.390, Total time 0.89
validation split name: 3
 * Val Acc 97.090, Total time 0.88
====================== 4 =======================
Epoch:0
LR: 0.0001
Itr		Time		  Data		  Loss		Acc
[0/469]	0.1117 (0.1117)	0.1063 (0.1063)	5.778 (5.778)	6.25 (6.25)
[100/469]	0.0021 (0.0108)	0.0001 (0.0088)	0.154 (0.550)	95.31 (84.13)
[200/469]	0.0021 (0.0103)	0.0001 (0.0084)	0.108 (0.384)	96.88 (88.74)
[300/469]	0.0252 (0.0102)	0.0233 (0.0083)	0.114 (0.314)	95.31 (90.79)
[400/469]	0.0021 (0.0102)	0.0001 (0.0082)	0.185 (0.272)	92.97 (92.00)
[468/469]	0.0180 (0.0101)	0.0162 (0.0082)	0.145 (0.252)	94.79 (92.57)
 * Train Acc 92.573
 * Val Acc 96.260, Total time 0.88
Epoch:1
LR: 0.0001
Itr		Time		  Data		  Loss		Acc
[0/469]	0.1543 (0.1543)	0.1487 (0.1487)	0.180 (0.180)	95.31 (95.31)
[100/469]	0.0019 (0.0129)	0.0001 (0.0110)	0.127 (0.102)	94.53 (96.98)
[200/469]	0.0021 (0.0114)	0.0001 (0.0095)	0.051 (0.103)	99.22 (97.05)
[300/469]	0.0236 (0.0109)	0.0217 (0.0090)	0.066 (0.101)	99.22 (97.09)
[400/469]	0.0021 (0.0107)	0.0001 (0.0087)	0.077 (0.100)	96.88 (97.11)
[468/469]	0.0019 (0.0105)	0.0001 (0.0086)	0.136 (0.098)	95.83 (97.15)
 * Train Acc 97.148
 * Val Acc 97.180, Total time 0.92
validation split name: 1
 * Val Acc 88.850, Total time 0.71
validation split name: 2
 * Val Acc 94.700, Total time 0.95
validation split name: 3
 * Val Acc 95.930, Total time 0.97
validation split name: 4
 * Val Acc 97.180, Total time 0.95
====================== 5 =======================
Epoch:0
LR: 0.0001
Itr		Time		  Data		  Loss		Acc
[0/469]	0.1287 (0.1287)	0.1228 (0.1228)	5.273 (5.273)	8.59 (8.59)
[100/469]	0.0021 (0.0114)	0.0001 (0.0094)	0.271 (0.520)	89.06 (84.84)
[200/469]	0.0254 (0.0110)	0.0234 (0.0090)	0.174 (0.368)	95.31 (89.14)
[300/469]	0.0020 (0.0109)	0.0002 (0.0089)	0.068 (0.300)	98.44 (91.09)
[400/469]	0.0021 (0.0109)	0.0001 (0.0090)	0.111 (0.261)	97.66 (92.23)
[468/469]	0.0019 (0.0108)	0.0001 (0.0088)	0.084 (0.241)	97.92 (92.81)
 * Train Acc 92.805
 * Val Acc 96.290, Total time 0.89
Epoch:1
LR: 0.0001
Itr		Time		  Data		  Loss		Acc
[0/469]	0.1479 (0.1479)	0.1414 (0.1414)	0.191 (0.191)	93.75 (93.75)
[100/469]	0.0021 (0.0116)	0.0001 (0.0097)	0.074 (0.097)	97.66 (97.27)
[200/469]	0.0032 (0.0107)	0.0010 (0.0086)	0.120 (0.100)	93.75 (97.11)
[300/469]	0.0024 (0.0104)	0.0001 (0.0083)	0.137 (0.099)	95.31 (97.14)
[400/469]	0.0256 (0.0104)	0.0233 (0.0082)	0.120 (0.096)	96.88 (97.20)
[468/469]	0.0023 (0.0103)	0.0001 (0.0081)	0.049 (0.095)	97.92 (97.25)
 * Train Acc 97.245
 * Val Acc 97.120, Total time 0.93
validation split name: 1
 * Val Acc 81.220, Total time 0.75
validation split name: 2
 * Val Acc 92.490, Total time 0.90
validation split name: 3
 * Val Acc 94.890, Total time 0.96
validation split name: 4
 * Val Acc 96.370, Total time 0.89
validation split name: 5
 * Val Acc 97.120, Total time 0.88
====================== 6 =======================
Epoch:0
LR: 0.0001
Itr		Time		  Data		  Loss		Acc
[0/469]	0.1475 (0.1475)	0.1418 (0.1418)	4.154 (4.154)	17.19 (17.19)
[100/469]	0.0130 (0.0112)	0.0110 (0.0092)	0.283 (0.484)	90.62 (85.73)
[200/469]	0.0025 (0.0105)	0.0001 (0.0085)	0.189 (0.336)	96.09 (90.01)
[300/469]	0.0140 (0.0102)	0.0121 (0.0083)	0.205 (0.276)	92.97 (91.70)
[400/469]	0.0148 (0.0101)	0.0128 (0.0082)	0.146 (0.242)	96.09 (92.74)
[468/469]	0.0106 (0.0100)	0.0086 (0.0081)	0.113 (0.226)	98.96 (93.19)
 * Train Acc 93.195
 * Val Acc 96.440, Total time 0.93
Epoch:1
LR: 0.0001
Itr		Time		  Data		  Loss		Acc
[0/469]	0.1155 (0.1155)	0.1101 (0.1101)	0.115 (0.115)	97.66 (97.66)
[100/469]	0.0020 (0.0106)	0.0001 (0.0087)	0.084 (0.093)	96.88 (97.28)
[200/469]	0.0019 (0.0101)	0.0001 (0.0083)	0.121 (0.092)	95.31 (97.26)
[300/469]	0.0250 (0.0101)	0.0231 (0.0083)	0.118 (0.093)	98.44 (97.21)
[400/469]	0.0025 (0.0101)	0.0001 (0.0082)	0.097 (0.091)	95.31 (97.28)
[468/469]	0.0020 (0.0101)	0.0001 (0.0081)	0.041 (0.089)	98.96 (97.32)
 * Train Acc 97.323
 * Val Acc 97.210, Total time 0.93
validation split name: 1
 * Val Acc 78.060, Total time 0.71
validation split name: 2
 * Val Acc 87.640, Total time 1.02
validation split name: 3
 * Val Acc 93.880, Total time 0.89
validation split name: 4
 * Val Acc 95.700, Total time 0.96
validation split name: 5
 * Val Acc 95.980, Total time 1.01
validation split name: 6
 * Val Acc 97.210, Total time 0.95
====================== 7 =======================
Epoch:0
LR: 0.0001
Itr		Time		  Data		  Loss		Acc
[0/469]	0.1325 (0.1325)	0.1264 (0.1264)	4.151 (4.151)	11.72 (11.72)
[100/469]	0.0021 (0.0114)	0.0001 (0.0094)	0.170 (0.479)	98.44 (85.62)
[200/469]	0.0021 (0.0105)	0.0002 (0.0086)	0.219 (0.337)	92.19 (89.87)
[300/469]	0.0256 (0.0104)	0.0237 (0.0084)	0.131 (0.277)	94.53 (91.71)
[400/469]	0.0021 (0.0104)	0.0001 (0.0085)	0.174 (0.243)	95.31 (92.75)
[468/469]	0.0169 (0.0104)	0.0150 (0.0085)	0.094 (0.225)	98.96 (93.31)
 * Train Acc 93.308
 * Val Acc 96.580, Total time 0.94
Epoch:1
LR: 0.0001
Itr		Time		  Data		  Loss		Acc
[0/469]	0.1340 (0.1340)	0.1281 (0.1281)	0.101 (0.101)	96.88 (96.88)
[100/469]	0.0021 (0.0109)	0.0001 (0.0089)	0.144 (0.090)	96.09 (97.37)
[200/469]	0.0296 (0.0107)	0.0278 (0.0087)	0.047 (0.091)	100.00 (97.31)
[300/469]	0.0019 (0.0105)	0.0001 (0.0086)	0.073 (0.090)	96.88 (97.29)
[400/469]	0.0019 (0.0103)	0.0001 (0.0084)	0.072 (0.089)	97.66 (97.32)
[468/469]	0.0019 (0.0103)	0.0001 (0.0084)	0.076 (0.088)	97.92 (97.35)
 * Train Acc 97.353
 * Val Acc 97.290, Total time 0.90
validation split name: 1
 * Val Acc 63.880, Total time 0.78
validation split name: 2
 * Val Acc 82.370, Total time 0.92
validation split name: 3
 * Val Acc 88.150, Total time 0.96
validation split name: 4
 * Val Acc 93.080, Total time 0.97
validation split name: 5
 * Val Acc 95.470, Total time 0.99
validation split name: 6
 * Val Acc 95.660, Total time 0.99
validation split name: 7
 * Val Acc 97.290, Total time 0.90
====================== 8 =======================
Epoch:0
LR: 0.0001
Itr		Time		  Data		  Loss		Acc
[0/469]	0.1399 (0.1399)	0.1341 (0.1341)	4.794 (4.794)	9.38 (9.38)
[100/469]	0.0028 (0.0116)	0.0001 (0.0095)	0.291 (0.523)	93.75 (84.74)
[200/469]	0.0023 (0.0111)	0.0001 (0.0089)	0.155 (0.357)	96.88 (89.48)
[300/469]	0.0250 (0.0109)	0.0228 (0.0087)	0.132 (0.290)	94.53 (91.30)
[400/469]	0.0020 (0.0109)	0.0001 (0.0088)	0.191 (0.252)	93.75 (92.43)
[468/469]	0.0211 (0.0110)	0.0192 (0.0089)	0.045 (0.234)	98.96 (92.91)
 * Train Acc 92.908
 * Val Acc 96.360, Total time 0.89
Epoch:1
LR: 0.0001
Itr		Time		  Data		  Loss		Acc
[0/469]	0.1409 (0.1409)	0.1345 (0.1345)	0.048 (0.048)	99.22 (99.22)
[100/469]	0.0021 (0.0112)	0.0001 (0.0092)	0.109 (0.100)	97.66 (97.04)
[200/469]	0.0249 (0.0105)	0.0230 (0.0085)	0.135 (0.096)	96.09 (97.12)
[300/469]	0.0021 (0.0102)	0.0002 (0.0082)	0.047 (0.091)	99.22 (97.24)
[400/469]	0.0020 (0.0101)	0.0001 (0.0081)	0.100 (0.089)	96.09 (97.30)
[468/469]	0.0019 (0.0101)	0.0001 (0.0081)	0.065 (0.088)	96.88 (97.31)
 * Train Acc 97.312
 * Val Acc 97.140, Total time 0.93
validation split name: 1
 * Val Acc 51.490, Total time 0.77
validation split name: 2
 * Val Acc 65.750, Total time 0.95
validation split name: 3
 * Val Acc 82.400, Total time 0.93
validation split name: 4
 * Val Acc 87.090, Total time 0.88
validation split name: 5
 * Val Acc 94.690, Total time 0.96
validation split name: 6
 * Val Acc 95.870, Total time 0.96
validation split name: 7
 * Val Acc 96.120, Total time 0.96
validation split name: 8
 * Val Acc 97.140, Total time 0.93
====================== 9 =======================
Epoch:0
LR: 0.0001
Itr		Time		  Data		  Loss		Acc
[0/469]	0.1331 (0.1331)	0.1275 (0.1275)	3.891 (3.891)	11.72 (11.72)
[100/469]	0.0021 (0.0114)	0.0002 (0.0095)	0.254 (0.456)	90.62 (86.19)
[200/469]	0.0021 (0.0106)	0.0002 (0.0086)	0.142 (0.322)	95.31 (90.14)
[300/469]	0.0250 (0.0103)	0.0230 (0.0084)	0.153 (0.263)	94.53 (91.98)
[400/469]	0.0021 (0.0102)	0.0001 (0.0082)	0.045 (0.229)	99.22 (93.01)
[468/469]	0.0168 (0.0101)	0.0148 (0.0081)	0.189 (0.213)	95.83 (93.43)
 * Train Acc 93.430
 * Val Acc 96.730, Total time 0.95
Epoch:1
LR: 0.0001
Itr		Time		  Data		  Loss		Acc
[0/469]	0.1366 (0.1366)	0.1303 (0.1303)	0.063 (0.063)	97.66 (97.66)
[100/469]	0.0020 (0.0108)	0.0001 (0.0088)	0.075 (0.090)	96.88 (97.40)
[200/469]	0.0021 (0.0103)	0.0001 (0.0084)	0.111 (0.086)	95.31 (97.43)
[300/469]	0.0248 (0.0102)	0.0229 (0.0083)	0.026 (0.083)	100.00 (97.45)
[400/469]	0.0021 (0.0101)	0.0001 (0.0081)	0.055 (0.083)	99.22 (97.48)
[468/469]	0.0173 (0.0101)	0.0152 (0.0081)	0.070 (0.082)	97.92 (97.52)
 * Train Acc 97.515
 * Val Acc 97.380, Total time 0.89
validation split name: 1
 * Val Acc 40.610, Total time 0.71
validation split name: 2
 * Val Acc 57.690, Total time 0.95
validation split name: 3
 * Val Acc 72.760, Total time 1.01
validation split name: 4
 * Val Acc 83.830, Total time 1.00
validation split name: 5
 * Val Acc 89.140, Total time 1.00
validation split name: 6
 * Val Acc 93.780, Total time 1.00
validation split name: 7
 * Val Acc 94.810, Total time 1.03
validation split name: 8
 * Val Acc 95.370, Total time 0.99
validation split name: 9
 * Val Acc 97.380, Total time 1.01
====================== 10 =======================
Epoch:0
LR: 0.0001
Itr		Time		  Data		  Loss		Acc
[0/469]	0.1414 (0.1414)	0.1358 (0.1358)	5.200 (5.200)	17.19 (17.19)
[100/469]	0.0020 (0.0116)	0.0001 (0.0096)	0.298 (0.553)	91.41 (84.31)
[200/469]	0.0290 (0.0113)	0.0270 (0.0094)	0.101 (0.376)	97.66 (89.12)
[300/469]	0.0020 (0.0112)	0.0001 (0.0092)	0.132 (0.303)	96.09 (91.19)
[400/469]	0.0295 (0.0110)	0.0276 (0.0090)	0.094 (0.263)	98.44 (92.30)
[468/469]	0.0020 (0.0110)	0.0001 (0.0090)	0.095 (0.241)	97.92 (92.90)
 * Train Acc 92.900
 * Val Acc 96.570, Total time 0.88
Epoch:1
LR: 0.0001
Itr		Time		  Data		  Loss		Acc
[0/469]	0.1453 (0.1453)	0.1398 (0.1398)	0.102 (0.102)	96.88 (96.88)
[100/469]	0.0294 (0.0119)	0.0275 (0.0100)	0.096 (0.097)	96.88 (97.08)
[200/469]	0.0020 (0.0115)	0.0001 (0.0096)	0.101 (0.091)	97.66 (97.24)
[300/469]	0.0021 (0.0110)	0.0001 (0.0091)	0.077 (0.090)	97.66 (97.18)
[400/469]	0.0264 (0.0109)	0.0244 (0.0089)	0.093 (0.089)	96.88 (97.25)
[468/469]	0.0213 (0.0107)	0.0195 (0.0088)	0.064 (0.089)	97.92 (97.25)
 * Train Acc 97.255
 * Val Acc 97.260, Total time 0.87
validation split name: 1
 * Val Acc 38.610, Total time 0.63
validation split name: 2
 * Val Acc 54.410, Total time 0.89
validation split name: 3
 * Val Acc 65.400, Total time 1.02
validation split name: 4
 * Val Acc 73.410, Total time 1.00
validation split name: 5
 * Val Acc 85.980, Total time 0.89
validation split name: 6
 * Val Acc 90.190, Total time 0.99
validation split name: 7
 * Val Acc 92.870, Total time 0.97
validation split name: 8
 * Val Acc 93.170, Total time 0.99
validation split name: 9
 * Val Acc 96.230, Total time 0.94
validation split name: 10
 * Val Acc 97.260, Total time 0.88
OrderedDict([('1', OrderedDict([('1', 96.53), ('2', 95.27), ('3', 92.88), ('4', 88.85), ('5', 81.22), ('6', 78.06), ('7', 63.88), ('8', 51.49), ('9', 40.61), ('10', 38.61)])), ('2', OrderedDict([('2', 96.92), ('3', 96.39), ('4', 94.7), ('5', 92.49), ('6', 87.64), ('7', 82.37), ('8', 65.75), ('9', 57.69), ('10', 54.41)])), ('3', OrderedDict([('3', 97.09), ('4', 95.93), ('5', 94.89), ('6', 93.88), ('7', 88.15), ('8', 82.4), ('9', 72.76), ('10', 65.4)])), ('4', OrderedDict([('4', 97.18), ('5', 96.37), ('6', 95.7), ('7', 93.08), ('8', 87.09), ('9', 83.83), ('10', 73.41)])), ('5', OrderedDict([('5', 97.12), ('6', 95.98), ('7', 95.47), ('8', 94.69), ('9', 89.14), ('10', 85.98)])), ('6', OrderedDict([('6', 97.21), ('7', 95.66), ('8', 95.87), ('9', 93.78), ('10', 90.19)])), ('7', OrderedDict([('7', 97.29), ('8', 96.12), ('9', 94.81), ('10', 92.87)])), ('8', OrderedDict([('8', 97.14), ('9', 95.37), ('10', 93.17)])), ('9', OrderedDict([('9', 97.38), ('10', 96.23)])), ('10', OrderedDict([('10', 97.26)]))])
Task 1 average acc: 96.53
Task 2 average acc: 96.095
Task 3 average acc: 95.45333333333333
Task 4 average acc: 94.165
Task 5 average acc: 92.41799999999999
Task 6 average acc: 91.41166666666668
Task 7 average acc: 87.98571428571428
Task 8 average acc: 83.81875000000001
Task 9 average acc: 80.59666666666665
Task 10 average acc: 78.753
===Summary of experiment repeats: 3 / 5 ===
The regularization coefficient: 0.0
The last avg acc of all repeats: [77.418 75.743 78.753  0.     0.   ]
mean: 46.382799999999996 std: 37.883408248994705
MLP(
  (linear): Sequential(
    (0): Linear(in_features=1024, out_features=1000, bias=True)
    (1): ReLU(inplace=True)
    (2): Linear(in_features=1000, out_features=1000, bias=True)
    (3): ReLU(inplace=True)
  )
  (last): ModuleDict(
    (All): Linear(in_features=1000, out_features=10, bias=True)
  )
)
#parameter of model: 2036010
Task order: ['1', '2', '3', '4', '5', '6', '7', '8', '9', '10']
====================== 1 =======================
Epoch:0
LR: 0.0001
Itr		Time		  Data		  Loss		Acc
[0/469]	0.1386 (0.1386)	0.1314 (0.1314)	2.289 (2.289)	15.62 (15.62)
[100/469]	0.0020 (0.0093)	0.0001 (0.0074)	0.360 (0.812)	89.84 (81.32)
[200/469]	0.0193 (0.0090)	0.0174 (0.0070)	0.228 (0.566)	92.19 (85.99)
[300/469]	0.0197 (0.0091)	0.0178 (0.0071)	0.287 (0.470)	91.41 (87.99)
[400/469]	0.0021 (0.0090)	0.0001 (0.0070)	0.219 (0.409)	95.31 (89.34)
[468/469]	0.0137 (0.0089)	0.0116 (0.0069)	0.201 (0.380)	93.75 (90.02)
 * Train Acc 90.017
 * Val Acc 94.630, Total time 0.67
Epoch:1
LR: 0.0001
Itr		Time		  Data		  Loss		Acc
[0/469]	0.1203 (0.1203)	0.1153 (0.1153)	0.286 (0.286)	92.19 (92.19)
[100/469]	0.0021 (0.0090)	0.0002 (0.0070)	0.259 (0.182)	93.75 (94.64)
[200/469]	0.0197 (0.0086)	0.0177 (0.0066)	0.176 (0.172)	96.09 (94.91)
[300/469]	0.0021 (0.0085)	0.0002 (0.0065)	0.211 (0.164)	96.88 (95.17)
[400/469]	0.0021 (0.0082)	0.0002 (0.0062)	0.135 (0.157)	93.75 (95.41)
[468/469]	0.0020 (0.0080)	0.0001 (0.0060)	0.061 (0.153)	98.96 (95.56)
 * Train Acc 95.562
 * Val Acc 96.320, Total time 0.66
validation split name: 1
 * Val Acc 96.320, Total time 0.77
====================== 2 =======================
Epoch:0
LR: 0.0001
Itr		Time		  Data		  Loss		Acc
[0/469]	0.1354 (0.1354)	0.1293 (0.1293)	2.854 (2.854)	14.06 (14.06)
[100/469]	0.0020 (0.0110)	0.0001 (0.0091)	0.276 (0.517)	92.97 (84.11)
[200/469]	0.0021 (0.0104)	0.0001 (0.0085)	0.321 (0.368)	92.19 (88.99)
[300/469]	0.0255 (0.0103)	0.0231 (0.0083)	0.147 (0.309)	96.09 (90.79)
[400/469]	0.0024 (0.0101)	0.0002 (0.0081)	0.314 (0.271)	89.84 (91.93)
[468/469]	0.0175 (0.0101)	0.0153 (0.0080)	0.180 (0.254)	93.75 (92.46)
 * Train Acc 92.463
 * Val Acc 96.140, Total time 0.93
Epoch:1
LR: 0.0001
Itr		Time		  Data		  Loss		Acc
[0/469]	0.1386 (0.1386)	0.1332 (0.1332)	0.193 (0.193)	92.97 (92.97)
[100/469]	0.0021 (0.0117)	0.0001 (0.0097)	0.170 (0.125)	95.31 (96.47)
[200/469]	0.0242 (0.0115)	0.0223 (0.0096)	0.066 (0.118)	97.66 (96.67)
[300/469]	0.0020 (0.0109)	0.0001 (0.0089)	0.170 (0.115)	92.97 (96.67)
[400/469]	0.0019 (0.0105)	0.0001 (0.0086)	0.048 (0.112)	99.22 (96.78)
[468/469]	0.0106 (0.0104)	0.0088 (0.0085)	0.313 (0.109)	92.71 (96.87)
 * Train Acc 96.872
 * Val Acc 96.950, Total time 0.89
validation split name: 1
 * Val Acc 95.140, Total time 0.74
validation split name: 2
 * Val Acc 96.950, Total time 0.89
====================== 3 =======================
Epoch:0
LR: 0.0001
Itr		Time		  Data		  Loss		Acc
[0/469]	0.1430 (0.1430)	0.1369 (0.1369)	4.031 (4.031)	15.62 (15.62)
[100/469]	0.0020 (0.0110)	0.0002 (0.0090)	0.227 (0.520)	95.31 (83.91)
[200/469]	0.0126 (0.0104)	0.0102 (0.0083)	0.282 (0.366)	90.62 (88.67)
[300/469]	0.0024 (0.0102)	0.0002 (0.0081)	0.162 (0.300)	96.09 (90.74)
[400/469]	0.0021 (0.0101)	0.0001 (0.0080)	0.133 (0.265)	97.66 (91.88)
[468/469]	0.0024 (0.0101)	0.0001 (0.0080)	0.148 (0.246)	95.83 (92.47)
 * Train Acc 92.470
 * Val Acc 96.140, Total time 0.88
Epoch:1
LR: 0.0001
Itr		Time		  Data		  Loss		Acc
[0/469]	0.1200 (0.1200)	0.1151 (0.1151)	0.091 (0.091)	97.66 (97.66)
[100/469]	0.0039 (0.0107)	0.0020 (0.0087)	0.080 (0.113)	97.66 (96.81)
[200/469]	0.0021 (0.0102)	0.0001 (0.0083)	0.069 (0.111)	97.66 (96.85)
[300/469]	0.0112 (0.0103)	0.0092 (0.0083)	0.128 (0.106)	95.31 (96.97)
[400/469]	0.0055 (0.0101)	0.0035 (0.0081)	0.113 (0.104)	96.09 (97.00)
[468/469]	0.0019 (0.0100)	0.0001 (0.0081)	0.034 (0.101)	98.96 (97.04)
 * Train Acc 97.043
 * Val Acc 96.910, Total time 0.89
validation split name: 1
 * Val Acc 92.490, Total time 0.63
validation split name: 2
 * Val Acc 96.190, Total time 0.89
validation split name: 3
 * Val Acc 96.910, Total time 0.88
====================== 4 =======================
Epoch:0
LR: 0.0001
Itr		Time		  Data		  Loss		Acc
[0/469]	0.1180 (0.1180)	0.1130 (0.1130)	4.421 (4.421)	6.25 (6.25)
[100/469]	0.0252 (0.0111)	0.0233 (0.0092)	0.271 (0.466)	89.84 (85.48)
[200/469]	0.0021 (0.0104)	0.0002 (0.0085)	0.095 (0.329)	98.44 (89.83)
[300/469]	0.0096 (0.0102)	0.0077 (0.0082)	0.153 (0.276)	96.88 (91.61)
[400/469]	0.0021 (0.0101)	0.0001 (0.0081)	0.086 (0.244)	98.44 (92.57)
[468/469]	0.0152 (0.0101)	0.0133 (0.0081)	0.142 (0.228)	97.92 (93.10)
 * Train Acc 93.103
 * Val Acc 96.700, Total time 0.90
Epoch:1
LR: 0.0001
Itr		Time		  Data		  Loss		Acc
[0/469]	0.1472 (0.1472)	0.1415 (0.1415)	0.147 (0.147)	96.88 (96.88)
[100/469]	0.0020 (0.0121)	0.0002 (0.0101)	0.085 (0.096)	97.66 (97.29)
[200/469]	0.0020 (0.0109)	0.0001 (0.0090)	0.153 (0.098)	96.09 (97.16)
[300/469]	0.0254 (0.0106)	0.0234 (0.0086)	0.088 (0.097)	97.66 (97.16)
[400/469]	0.0020 (0.0104)	0.0001 (0.0084)	0.120 (0.096)	94.53 (97.16)
[468/469]	0.0170 (0.0103)	0.0151 (0.0083)	0.048 (0.094)	97.92 (97.19)
 * Train Acc 97.192
 * Val Acc 97.430, Total time 1.00
validation split name: 1
 * Val Acc 91.260, Total time 0.65
validation split name: 2
 * Val Acc 95.380, Total time 0.88
validation split name: 3
 * Val Acc 96.190, Total time 1.01
validation split name: 4
 * Val Acc 97.430, Total time 1.00
====================== 5 =======================
Epoch:0
LR: 0.0001
Itr		Time		  Data		  Loss		Acc
[0/469]	0.1426 (0.1426)	0.1368 (0.1368)	4.448 (4.448)	21.09 (21.09)
[100/469]	0.0020 (0.0119)	0.0002 (0.0099)	0.257 (0.479)	90.62 (85.66)
[200/469]	0.0020 (0.0115)	0.0002 (0.0095)	0.248 (0.333)	93.75 (89.96)
[300/469]	0.0277 (0.0111)	0.0257 (0.0092)	0.215 (0.277)	93.75 (91.61)
[400/469]	0.0022 (0.0110)	0.0002 (0.0090)	0.294 (0.240)	92.97 (92.74)
[468/469]	0.0175 (0.0108)	0.0156 (0.0089)	0.152 (0.224)	95.83 (93.22)
 * Train Acc 93.222
 * Val Acc 96.370, Total time 0.92
Epoch:1
LR: 0.0001
Itr		Time		  Data		  Loss		Acc
[0/469]	0.1372 (0.1372)	0.1314 (0.1314)	0.086 (0.086)	97.66 (97.66)
[100/469]	0.0021 (0.0108)	0.0001 (0.0088)	0.102 (0.096)	96.88 (97.15)
[200/469]	0.0021 (0.0102)	0.0002 (0.0083)	0.184 (0.091)	94.53 (97.28)
[300/469]	0.0251 (0.0101)	0.0231 (0.0082)	0.028 (0.091)	99.22 (97.29)
[400/469]	0.0021 (0.0100)	0.0001 (0.0081)	0.039 (0.089)	99.22 (97.38)
[468/469]	0.0177 (0.0100)	0.0156 (0.0080)	0.057 (0.087)	97.92 (97.45)
 * Train Acc 97.450
 * Val Acc 97.420, Total time 0.90
validation split name: 1
 * Val Acc 87.020, Total time 0.70
validation split name: 2
 * Val Acc 92.420, Total time 0.98
validation split name: 3
 * Val Acc 95.030, Total time 0.99
validation split name: 4
 * Val Acc 96.570, Total time 1.00
validation split name: 5
 * Val Acc 97.420, Total time 0.96
====================== 6 =======================
Epoch:0
LR: 0.0001
Itr		Time		  Data		  Loss		Acc
[0/469]	0.1295 (0.1295)	0.1235 (0.1235)	4.801 (4.801)	7.81 (7.81)
[100/469]	0.0021 (0.0116)	0.0002 (0.0096)	0.381 (0.508)	87.50 (85.24)
[200/469]	0.0253 (0.0110)	0.0233 (0.0090)	0.386 (0.358)	88.28 (89.38)
[300/469]	0.0020 (0.0107)	0.0001 (0.0087)	0.168 (0.294)	94.53 (91.25)
[400/469]	0.0021 (0.0108)	0.0002 (0.0088)	0.087 (0.252)	96.88 (92.44)
[468/469]	0.0019 (0.0106)	0.0001 (0.0087)	0.098 (0.233)	97.92 (93.02)
 * Train Acc 93.015
 * Val Acc 96.450, Total time 0.93
Epoch:1
LR: 0.0001
Itr		Time		  Data		  Loss		Acc
[0/469]	0.1363 (0.1363)	0.1306 (0.1306)	0.136 (0.136)	95.31 (95.31)
[100/469]	0.0021 (0.0108)	0.0001 (0.0088)	0.137 (0.100)	96.09 (96.92)
[200/469]	0.0025 (0.0102)	0.0001 (0.0082)	0.131 (0.098)	97.66 (97.04)
[300/469]	0.0246 (0.0101)	0.0222 (0.0080)	0.107 (0.094)	96.09 (97.14)
[400/469]	0.0021 (0.0100)	0.0001 (0.0079)	0.121 (0.091)	96.09 (97.22)
[468/469]	0.0175 (0.0100)	0.0154 (0.0079)	0.126 (0.091)	97.92 (97.22)
 * Train Acc 97.222
 * Val Acc 97.250, Total time 0.95
validation split name: 1
 * Val Acc 77.090, Total time 0.66
validation split name: 2
 * Val Acc 84.520, Total time 0.89
validation split name: 3
 * Val Acc 94.080, Total time 0.92
validation split name: 4
 * Val Acc 96.100, Total time 0.88
validation split name: 5
 * Val Acc 95.600, Total time 1.00
validation split name: 6
 * Val Acc 97.250, Total time 1.02
====================== 7 =======================
Epoch:0
LR: 0.0001
Itr		Time		  Data		  Loss		Acc
[0/469]	0.1371 (0.1371)	0.1311 (0.1311)	4.934 (4.934)	7.81 (7.81)
[100/469]	0.0020 (0.0114)	0.0001 (0.0092)	0.258 (0.542)	92.97 (84.53)
[200/469]	0.0021 (0.0105)	0.0002 (0.0085)	0.129 (0.373)	95.31 (89.18)
[300/469]	0.0266 (0.0104)	0.0247 (0.0084)	0.110 (0.304)	96.88 (91.15)
[400/469]	0.0173 (0.0101)	0.0153 (0.0082)	0.104 (0.262)	97.66 (92.34)
[468/469]	0.0018 (0.0100)	0.0001 (0.0080)	0.146 (0.240)	93.75 (92.95)
 * Train Acc 92.952
 * Val Acc 96.170, Total time 1.01
Epoch:1
LR: 0.0001
Itr		Time		  Data		  Loss		Acc
[0/469]	0.1163 (0.1163)	0.1102 (0.1102)	0.073 (0.073)	96.09 (96.09)
[100/469]	0.0032 (0.0107)	0.0009 (0.0083)	0.133 (0.102)	97.66 (96.93)
[200/469]	0.0021 (0.0101)	0.0001 (0.0078)	0.108 (0.099)	98.44 (97.03)
[300/469]	0.0263 (0.0100)	0.0239 (0.0079)	0.106 (0.096)	97.66 (97.14)
[400/469]	0.0024 (0.0100)	0.0001 (0.0078)	0.057 (0.092)	98.44 (97.24)
[468/469]	0.0164 (0.0099)	0.0144 (0.0078)	0.064 (0.091)	96.88 (97.28)
 * Train Acc 97.275
 * Val Acc 97.320, Total time 0.95
validation split name: 1
 * Val Acc 59.290, Total time 0.77
validation split name: 2
 * Val Acc 74.930, Total time 0.89
validation split name: 3
 * Val Acc 91.570, Total time 0.88
validation split name: 4
 * Val Acc 92.210, Total time 1.01
validation split name: 5
 * Val Acc 93.420, Total time 1.01
validation split name: 6
 * Val Acc 95.400, Total time 0.95
validation split name: 7
 * Val Acc 97.320, Total time 0.97
====================== 8 =======================
Epoch:0
LR: 0.0001
Itr		Time		  Data		  Loss		Acc
[0/469]	0.1150 (0.1150)	0.1100 (0.1100)	6.108 (6.108)	4.69 (4.69)
[100/469]	0.0294 (0.0116)	0.0273 (0.0096)	0.254 (0.548)	92.19 (84.41)
[200/469]	0.0044 (0.0105)	0.0024 (0.0085)	0.173 (0.375)	94.53 (89.13)
[300/469]	0.0020 (0.0102)	0.0001 (0.0082)	0.142 (0.304)	96.88 (91.09)
[400/469]	0.0020 (0.0100)	0.0001 (0.0081)	0.136 (0.261)	97.66 (92.32)
[468/469]	0.0020 (0.0100)	0.0001 (0.0081)	0.081 (0.241)	97.92 (92.89)
 * Train Acc 92.895
 * Val Acc 96.410, Total time 0.95
Epoch:1
LR: 0.0001
Itr		Time		  Data		  Loss		Acc
[0/469]	0.1450 (0.1450)	0.1392 (0.1392)	0.147 (0.147)	93.75 (93.75)
[100/469]	0.0020 (0.0109)	0.0001 (0.0090)	0.045 (0.091)	98.44 (97.33)
[200/469]	0.0020 (0.0102)	0.0002 (0.0083)	0.037 (0.092)	99.22 (97.29)
[300/469]	0.0275 (0.0101)	0.0256 (0.0081)	0.078 (0.090)	97.66 (97.39)
[400/469]	0.0021 (0.0103)	0.0001 (0.0084)	0.103 (0.088)	96.09 (97.36)
[468/469]	0.0019 (0.0104)	0.0001 (0.0085)	0.081 (0.088)	96.88 (97.38)
 * Train Acc 97.383
 * Val Acc 97.260, Total time 1.02
validation split name: 1
 * Val Acc 46.510, Total time 0.77
validation split name: 2
 * Val Acc 57.050, Total time 0.90
validation split name: 3
 * Val Acc 78.810, Total time 0.91
validation split name: 4
 * Val Acc 86.080, Total time 0.87
validation split name: 5
 * Val Acc 91.980, Total time 1.02
validation split name: 6
 * Val Acc 94.730, Total time 0.93
validation split name: 7
 * Val Acc 96.260, Total time 1.00
validation split name: 8
 * Val Acc 97.260, Total time 1.00
====================== 9 =======================
Epoch:0
LR: 0.0001
Itr		Time		  Data		  Loss		Acc
[0/469]	0.1320 (0.1320)	0.1270 (0.1270)	4.935 (4.935)	5.47 (5.47)
[100/469]	0.0021 (0.0109)	0.0002 (0.0090)	0.285 (0.515)	92.19 (84.97)
[200/469]	0.0020 (0.0103)	0.0001 (0.0084)	0.151 (0.356)	94.53 (89.48)
[300/469]	0.0255 (0.0105)	0.0236 (0.0085)	0.122 (0.289)	96.88 (91.38)
[400/469]	0.0021 (0.0105)	0.0002 (0.0085)	0.199 (0.251)	94.53 (92.49)
[468/469]	0.0171 (0.0105)	0.0152 (0.0085)	0.132 (0.233)	95.83 (93.01)
 * Train Acc 93.012
 * Val Acc 96.520, Total time 0.95
Epoch:1
LR: 0.0001
Itr		Time		  Data		  Loss		Acc
[0/469]	0.1412 (0.1412)	0.1360 (0.1360)	0.092 (0.092)	98.44 (98.44)
[100/469]	0.0253 (0.0114)	0.0231 (0.0094)	0.160 (0.098)	93.75 (97.18)
[200/469]	0.0020 (0.0107)	0.0001 (0.0087)	0.083 (0.090)	98.44 (97.35)
[300/469]	0.0021 (0.0103)	0.0002 (0.0084)	0.122 (0.090)	98.44 (97.35)
[400/469]	0.0258 (0.0103)	0.0238 (0.0083)	0.032 (0.088)	98.44 (97.36)
[468/469]	0.0022 (0.0102)	0.0001 (0.0082)	0.056 (0.087)	96.88 (97.40)
 * Train Acc 97.403
 * Val Acc 97.480, Total time 0.95
validation split name: 1
 * Val Acc 34.720, Total time 0.66
validation split name: 2
 * Val Acc 44.960, Total time 0.89
validation split name: 3
 * Val Acc 66.100, Total time 0.98
validation split name: 4
 * Val Acc 83.750, Total time 0.96
validation split name: 5
 * Val Acc 88.150, Total time 1.02
validation split name: 6
 * Val Acc 93.330, Total time 1.02
validation split name: 7
 * Val Acc 95.150, Total time 1.01
validation split name: 8
 * Val Acc 96.530, Total time 1.00
validation split name: 9
 * Val Acc 97.480, Total time 1.00
====================== 10 =======================
Epoch:0
LR: 0.0001
Itr		Time		  Data		  Loss		Acc
[0/469]	0.1437 (0.1437)	0.1375 (0.1375)	4.553 (4.553)	6.25 (6.25)
[100/469]	0.0020 (0.0114)	0.0001 (0.0094)	0.263 (0.493)	93.75 (85.22)
[200/469]	0.0302 (0.0110)	0.0282 (0.0090)	0.149 (0.340)	96.09 (89.79)
[300/469]	0.0021 (0.0106)	0.0002 (0.0086)	0.237 (0.278)	93.75 (91.64)
[400/469]	0.0021 (0.0105)	0.0002 (0.0086)	0.130 (0.243)	94.53 (92.69)
[468/469]	0.0020 (0.0106)	0.0001 (0.0087)	0.100 (0.226)	95.83 (93.19)
 * Train Acc 93.193
 * Val Acc 96.860, Total time 0.97
Epoch:1
LR: 0.0001
Itr		Time		  Data		  Loss		Acc
[0/469]	0.1294 (0.1294)	0.1241 (0.1241)	0.128 (0.128)	96.88 (96.88)
[100/469]	0.0294 (0.0118)	0.0275 (0.0098)	0.102 (0.097)	97.66 (97.30)
[200/469]	0.0021 (0.0110)	0.0002 (0.0090)	0.107 (0.091)	96.88 (97.36)
[300/469]	0.0020 (0.0107)	0.0001 (0.0087)	0.065 (0.086)	98.44 (97.49)
[400/469]	0.0249 (0.0106)	0.0229 (0.0086)	0.049 (0.084)	99.22 (97.51)
[468/469]	0.0023 (0.0106)	0.0003 (0.0086)	0.147 (0.083)	96.88 (97.50)
 * Train Acc 97.503
 * Val Acc 97.230, Total time 0.95
validation split name: 1
 * Val Acc 34.610, Total time 0.66
validation split name: 2
 * Val Acc 48.360, Total time 0.93
validation split name: 3
 * Val Acc 61.040, Total time 0.88
validation split name: 4
 * Val Acc 83.220, Total time 1.09
validation split name: 5
 * Val Acc 82.140, Total time 1.02
validation split name: 6
 * Val Acc 91.130, Total time 1.02
validation split name: 7
 * Val Acc 92.740, Total time 1.00
validation split name: 8
 * Val Acc 93.940, Total time 0.98
validation split name: 9
 * Val Acc 95.160, Total time 0.88
validation split name: 10
 * Val Acc 97.230, Total time 0.98
OrderedDict([('1', OrderedDict([('1', 96.32), ('2', 95.14), ('3', 92.49), ('4', 91.26), ('5', 87.02), ('6', 77.09), ('7', 59.29), ('8', 46.51), ('9', 34.72), ('10', 34.61)])), ('2', OrderedDict([('2', 96.95), ('3', 96.19), ('4', 95.38), ('5', 92.42), ('6', 84.52), ('7', 74.93), ('8', 57.05), ('9', 44.96), ('10', 48.36)])), ('3', OrderedDict([('3', 96.91), ('4', 96.19), ('5', 95.03), ('6', 94.08), ('7', 91.57), ('8', 78.81), ('9', 66.1), ('10', 61.04)])), ('4', OrderedDict([('4', 97.43), ('5', 96.57), ('6', 96.1), ('7', 92.21), ('8', 86.08), ('9', 83.75), ('10', 83.22)])), ('5', OrderedDict([('5', 97.42), ('6', 95.6), ('7', 93.42), ('8', 91.98), ('9', 88.15), ('10', 82.14)])), ('6', OrderedDict([('6', 97.25), ('7', 95.4), ('8', 94.73), ('9', 93.33), ('10', 91.13)])), ('7', OrderedDict([('7', 97.32), ('8', 96.26), ('9', 95.15), ('10', 92.74)])), ('8', OrderedDict([('8', 97.26), ('9', 96.53), ('10', 93.94)])), ('9', OrderedDict([('9', 97.48), ('10', 95.16)])), ('10', OrderedDict([('10', 97.23)]))])
Task 1 average acc: 96.32
Task 2 average acc: 96.045
Task 3 average acc: 95.19666666666667
Task 4 average acc: 95.065
Task 5 average acc: 93.69200000000001
Task 6 average acc: 90.77333333333333
Task 7 average acc: 86.3057142857143
Task 8 average acc: 81.08500000000001
Task 9 average acc: 77.79666666666667
Task 10 average acc: 77.95700000000001
===Summary of experiment repeats: 4 / 5 ===
The regularization coefficient: 0.0
The last avg acc of all repeats: [77.418 75.743 78.753 77.957  0.   ]
mean: 61.974199999999996 std: 31.002807301275155
MLP(
  (linear): Sequential(
    (0): Linear(in_features=1024, out_features=1000, bias=True)
    (1): ReLU(inplace=True)
    (2): Linear(in_features=1000, out_features=1000, bias=True)
    (3): ReLU(inplace=True)
  )
  (last): ModuleDict(
    (All): Linear(in_features=1000, out_features=10, bias=True)
  )
)
#parameter of model: 2036010
Task order: ['1', '2', '3', '4', '5', '6', '7', '8', '9', '10']
====================== 1 =======================
Epoch:0
LR: 0.0001
Itr		Time		  Data		  Loss		Acc
[0/469]	0.1345 (0.1345)	0.1262 (0.1262)	2.276 (2.276)	15.62 (15.62)
[100/469]	0.0198 (0.0093)	0.0178 (0.0072)	0.395 (0.793)	88.28 (80.83)
[200/469]	0.0020 (0.0085)	0.0001 (0.0066)	0.252 (0.558)	92.19 (85.72)
[300/469]	0.0021 (0.0083)	0.0002 (0.0063)	0.164 (0.460)	95.31 (87.90)
[400/469]	0.0163 (0.0081)	0.0142 (0.0061)	0.182 (0.401)	96.09 (89.27)
[468/469]	0.0023 (0.0080)	0.0001 (0.0060)	0.262 (0.373)	91.67 (89.91)
 * Train Acc 89.912
 * Val Acc 94.330, Total time 0.66
Epoch:1
LR: 0.0001
Itr		Time		  Data		  Loss		Acc
[0/469]	0.1201 (0.1201)	0.1147 (0.1147)	0.166 (0.166)	94.53 (94.53)
[100/469]	0.0022 (0.0080)	0.0001 (0.0059)	0.131 (0.169)	94.53 (95.04)
[200/469]	0.0041 (0.0074)	0.0001 (0.0054)	0.157 (0.163)	93.75 (95.30)
[300/469]	0.0162 (0.0072)	0.0143 (0.0052)	0.097 (0.159)	96.88 (95.38)
[400/469]	0.0021 (0.0071)	0.0001 (0.0051)	0.196 (0.154)	92.97 (95.50)
[468/469]	0.0019 (0.0072)	0.0001 (0.0052)	0.220 (0.152)	92.71 (95.58)
 * Train Acc 95.578
 * Val Acc 96.520, Total time 0.67
validation split name: 1
 * Val Acc 96.520, Total time 0.66
====================== 2 =======================
Epoch:0
LR: 0.0001
Itr		Time		  Data		  Loss		Acc
[0/469]	0.1275 (0.1275)	0.1224 (0.1224)	2.930 (2.930)	10.94 (10.94)
[100/469]	0.0020 (0.0108)	0.0001 (0.0089)	0.314 (0.502)	87.50 (84.49)
[200/469]	0.0020 (0.0106)	0.0002 (0.0087)	0.274 (0.370)	92.97 (88.72)
[300/469]	0.0258 (0.0105)	0.0239 (0.0086)	0.211 (0.310)	96.09 (90.56)
[400/469]	0.0020 (0.0106)	0.0001 (0.0087)	0.124 (0.275)	96.09 (91.68)
[468/469]	0.0138 (0.0104)	0.0118 (0.0085)	0.059 (0.254)	97.92 (92.33)
 * Train Acc 92.325
 * Val Acc 95.860, Total time 0.94
Epoch:1
LR: 0.0001
Itr		Time		  Data		  Loss		Acc
[0/469]	0.1413 (0.1413)	0.1356 (0.1356)	0.127 (0.127)	96.88 (96.88)
[100/469]	0.0021 (0.0111)	0.0002 (0.0091)	0.149 (0.124)	95.31 (96.46)
[200/469]	0.0021 (0.0104)	0.0002 (0.0084)	0.080 (0.117)	97.66 (96.58)
[300/469]	0.0246 (0.0103)	0.0222 (0.0083)	0.078 (0.116)	97.66 (96.59)
[400/469]	0.0021 (0.0102)	0.0002 (0.0081)	0.148 (0.114)	95.31 (96.61)
[468/469]	0.0174 (0.0101)	0.0155 (0.0081)	0.053 (0.111)	97.92 (96.71)
 * Train Acc 96.710
 * Val Acc 96.870, Total time 0.96
validation split name: 1
 * Val Acc 94.430, Total time 0.67
validation split name: 2
 * Val Acc 96.870, Total time 0.90
====================== 3 =======================
Epoch:0
LR: 0.0001
Itr		Time		  Data		  Loss		Acc
[0/469]	0.1461 (0.1461)	0.1404 (0.1404)	3.652 (3.652)	15.62 (15.62)
[100/469]	0.0020 (0.0112)	0.0002 (0.0092)	0.351 (0.477)	87.50 (84.80)
[200/469]	0.0021 (0.0108)	0.0001 (0.0089)	0.133 (0.342)	93.75 (89.29)
[300/469]	0.0260 (0.0106)	0.0241 (0.0087)	0.260 (0.283)	95.31 (91.23)
[400/469]	0.0020 (0.0105)	0.0001 (0.0086)	0.183 (0.250)	95.31 (92.34)
[468/469]	0.0019 (0.0104)	0.0001 (0.0085)	0.176 (0.234)	92.71 (92.81)
 * Train Acc 92.810
 * Val Acc 96.460, Total time 0.88
Epoch:1
LR: 0.0001
Itr		Time		  Data		  Loss		Acc
[0/469]	0.1361 (0.1361)	0.1303 (0.1303)	0.082 (0.082)	97.66 (97.66)
[100/469]	0.0020 (0.0111)	0.0001 (0.0091)	0.070 (0.107)	97.66 (96.85)
[200/469]	0.0020 (0.0108)	0.0001 (0.0086)	0.218 (0.102)	95.31 (96.96)
[300/469]	0.0252 (0.0107)	0.0229 (0.0085)	0.146 (0.101)	95.31 (96.98)
[400/469]	0.0024 (0.0107)	0.0002 (0.0085)	0.102 (0.099)	98.44 (97.08)
[468/469]	0.0167 (0.0106)	0.0148 (0.0084)	0.128 (0.098)	94.79 (97.10)
 * Train Acc 97.097
 * Val Acc 97.300, Total time 0.99
validation split name: 1
 * Val Acc 93.400, Total time 0.76
validation split name: 2
 * Val Acc 95.940, Total time 0.95
validation split name: 3
 * Val Acc 97.300, Total time 1.01
====================== 4 =======================
Epoch:0
LR: 0.0001
Itr		Time		  Data		  Loss		Acc
[0/469]	0.1427 (0.1427)	0.1377 (0.1377)	4.501 (4.501)	11.72 (11.72)
[100/469]	0.0030 (0.0115)	0.0010 (0.0095)	0.184 (0.514)	91.41 (84.21)
[200/469]	0.0020 (0.0106)	0.0001 (0.0086)	0.252 (0.360)	93.75 (88.99)
[300/469]	0.0021 (0.0103)	0.0001 (0.0083)	0.066 (0.296)	99.22 (90.89)
[400/469]	0.0247 (0.0102)	0.0227 (0.0082)	0.152 (0.258)	93.75 (92.08)
[468/469]	0.0019 (0.0101)	0.0001 (0.0081)	0.113 (0.241)	95.83 (92.63)
 * Train Acc 92.633
 * Val Acc 96.540, Total time 0.89
Epoch:1
LR: 0.0001
Itr		Time		  Data		  Loss		Acc
[0/469]	0.1186 (0.1186)	0.1135 (0.1135)	0.090 (0.090)	96.88 (96.88)
[100/469]	0.0255 (0.0115)	0.0235 (0.0095)	0.138 (0.105)	96.09 (96.82)
[200/469]	0.0019 (0.0106)	0.0001 (0.0087)	0.100 (0.102)	96.88 (96.91)
[300/469]	0.0020 (0.0107)	0.0001 (0.0088)	0.071 (0.099)	98.44 (97.05)
[400/469]	0.0018 (0.0105)	0.0001 (0.0086)	0.097 (0.097)	96.88 (97.09)
[468/469]	0.0018 (0.0104)	0.0001 (0.0085)	0.060 (0.096)	98.96 (97.14)
 * Train Acc 97.145
 * Val Acc 97.260, Total time 0.88
validation split name: 1
 * Val Acc 90.400, Total time 0.71
validation split name: 2
 * Val Acc 92.570, Total time 0.96
validation split name: 3
 * Val Acc 95.430, Total time 0.89
validation split name: 4
 * Val Acc 97.260, Total time 0.88
====================== 5 =======================
Epoch:0
LR: 0.0001
Itr		Time		  Data		  Loss		Acc
[0/469]	0.1156 (0.1156)	0.1101 (0.1101)	5.406 (5.406)	7.03 (7.03)
[100/469]	0.0021 (0.0106)	0.0001 (0.0087)	0.239 (0.524)	90.62 (84.98)
[200/469]	0.0021 (0.0102)	0.0002 (0.0082)	0.137 (0.364)	96.88 (89.38)
[300/469]	0.0102 (0.0101)	0.0082 (0.0081)	0.186 (0.297)	92.19 (91.26)
[400/469]	0.0021 (0.0099)	0.0001 (0.0080)	0.183 (0.258)	96.09 (92.47)
[468/469]	0.0020 (0.0099)	0.0001 (0.0080)	0.097 (0.239)	96.88 (92.96)
 * Train Acc 92.962
 * Val Acc 96.280, Total time 0.89
Epoch:1
LR: 0.0001
Itr		Time		  Data		  Loss		Acc
[0/469]	0.1609 (0.1609)	0.1556 (0.1556)	0.067 (0.067)	97.66 (97.66)
[100/469]	0.0020 (0.0112)	0.0002 (0.0093)	0.122 (0.100)	97.66 (96.95)
[200/469]	0.0021 (0.0105)	0.0001 (0.0086)	0.072 (0.098)	98.44 (97.01)
[300/469]	0.0254 (0.0103)	0.0235 (0.0084)	0.077 (0.096)	97.66 (97.07)
[400/469]	0.0019 (0.0102)	0.0001 (0.0083)	0.084 (0.096)	96.88 (97.10)
[468/469]	0.0175 (0.0101)	0.0156 (0.0082)	0.099 (0.093)	97.92 (97.19)
 * Train Acc 97.187
 * Val Acc 97.220, Total time 1.00
validation split name: 1
 * Val Acc 84.540, Total time 0.67
validation split name: 2
 * Val Acc 84.820, Total time 0.89
validation split name: 3
 * Val Acc 94.000, Total time 0.89
validation split name: 4
 * Val Acc 95.710, Total time 0.87
validation split name: 5
 * Val Acc 97.220, Total time 1.03
====================== 6 =======================
Epoch:0
LR: 0.0001
Itr		Time		  Data		  Loss		Acc
[0/469]	0.1377 (0.1377)	0.1318 (0.1318)	4.914 (4.914)	11.72 (11.72)
[100/469]	0.0021 (0.0110)	0.0001 (0.0089)	0.238 (0.524)	94.53 (84.55)
[200/469]	0.0021 (0.0103)	0.0001 (0.0083)	0.131 (0.360)	94.53 (89.32)
[300/469]	0.0253 (0.0102)	0.0232 (0.0082)	0.099 (0.294)	97.66 (91.30)
[400/469]	0.0022 (0.0101)	0.0002 (0.0081)	0.138 (0.254)	96.88 (92.48)
[468/469]	0.0176 (0.0100)	0.0155 (0.0080)	0.280 (0.237)	94.79 (92.98)
 * Train Acc 92.977
 * Val Acc 96.600, Total time 0.91
Epoch:1
LR: 0.0001
Itr		Time		  Data		  Loss		Acc
[0/469]	0.1413 (0.1413)	0.1363 (0.1363)	0.111 (0.111)	96.09 (96.09)
[100/469]	0.0303 (0.0118)	0.0283 (0.0098)	0.100 (0.105)	98.44 (96.75)
[200/469]	0.0020 (0.0114)	0.0001 (0.0095)	0.041 (0.099)	99.22 (96.96)
[300/469]	0.0020 (0.0111)	0.0001 (0.0092)	0.121 (0.095)	96.09 (97.08)
[400/469]	0.0320 (0.0110)	0.0302 (0.0091)	0.145 (0.092)	96.09 (97.21)
[468/469]	0.0020 (0.0110)	0.0001 (0.0091)	0.093 (0.091)	95.83 (97.25)
 * Train Acc 97.255
 * Val Acc 97.290, Total time 0.89
validation split name: 1
 * Val Acc 78.040, Total time 0.75
validation split name: 2
 * Val Acc 79.130, Total time 0.98
validation split name: 3
 * Val Acc 92.420, Total time 1.00
validation split name: 4
 * Val Acc 94.020, Total time 0.98
validation split name: 5
 * Val Acc 96.590, Total time 0.88
validation split name: 6
 * Val Acc 97.290, Total time 0.96
====================== 7 =======================
Epoch:0
LR: 0.0001
Itr		Time		  Data		  Loss		Acc
[0/469]	0.1278 (0.1278)	0.1229 (0.1229)	5.067 (5.067)	15.62 (15.62)
[100/469]	0.0020 (0.0118)	0.0001 (0.0099)	0.266 (0.520)	93.75 (85.11)
[200/469]	0.0021 (0.0111)	0.0001 (0.0092)	0.211 (0.362)	93.75 (89.51)
[300/469]	0.0254 (0.0108)	0.0235 (0.0089)	0.312 (0.297)	89.06 (91.26)
[400/469]	0.0021 (0.0106)	0.0001 (0.0087)	0.152 (0.258)	96.09 (92.34)
[468/469]	0.0215 (0.0107)	0.0196 (0.0088)	0.130 (0.238)	94.79 (92.95)
 * Train Acc 92.947
 * Val Acc 95.980, Total time 0.89
Epoch:1
LR: 0.0001
Itr		Time		  Data		  Loss		Acc
[0/469]	0.1211 (0.1211)	0.1157 (0.1157)	0.060 (0.060)	98.44 (98.44)
[100/469]	0.0021 (0.0124)	0.0001 (0.0104)	0.127 (0.100)	95.31 (97.12)
[200/469]	0.0020 (0.0111)	0.0002 (0.0092)	0.036 (0.098)	98.44 (97.21)
[300/469]	0.0249 (0.0107)	0.0231 (0.0088)	0.168 (0.094)	96.88 (97.26)
[400/469]	0.0020 (0.0104)	0.0002 (0.0085)	0.122 (0.092)	96.09 (97.30)
[468/469]	0.0172 (0.0103)	0.0155 (0.0085)	0.114 (0.091)	95.83 (97.33)
 * Train Acc 97.325
 * Val Acc 97.300, Total time 0.96
validation split name: 1
 * Val Acc 74.630, Total time 0.63
validation split name: 2
 * Val Acc 74.420, Total time 0.99
validation split name: 3
 * Val Acc 91.180, Total time 0.94
validation split name: 4
 * Val Acc 90.630, Total time 0.95
validation split name: 5
 * Val Acc 95.220, Total time 0.95
validation split name: 6
 * Val Acc 96.450, Total time 1.03
validation split name: 7
 * Val Acc 97.300, Total time 0.92
====================== 8 =======================
Epoch:0
LR: 0.0001
Itr		Time		  Data		  Loss		Acc
[0/469]	0.1463 (0.1463)	0.1406 (0.1406)	4.892 (4.892)	8.59 (8.59)
[100/469]	0.0020 (0.0113)	0.0002 (0.0093)	0.302 (0.515)	89.84 (84.90)
[200/469]	0.0297 (0.0111)	0.0277 (0.0091)	0.168 (0.356)	94.53 (89.63)
[300/469]	0.0024 (0.0108)	0.0001 (0.0089)	0.126 (0.287)	96.88 (91.54)
[400/469]	0.0021 (0.0109)	0.0001 (0.0089)	0.150 (0.250)	93.75 (92.64)
[468/469]	0.0020 (0.0110)	0.0001 (0.0090)	0.099 (0.232)	97.92 (93.13)
 * Train Acc 93.127
 * Val Acc 96.210, Total time 0.97
Epoch:1
LR: 0.0001
Itr		Time		  Data		  Loss		Acc
[0/469]	0.1333 (0.1333)	0.1282 (0.1282)	0.115 (0.115)	96.88 (96.88)
[100/469]	0.0020 (0.0115)	0.0001 (0.0096)	0.071 (0.093)	99.22 (97.33)
[200/469]	0.0258 (0.0114)	0.0238 (0.0095)	0.103 (0.091)	96.88 (97.37)
[300/469]	0.0020 (0.0108)	0.0001 (0.0089)	0.050 (0.089)	98.44 (97.34)
[400/469]	0.0021 (0.0105)	0.0002 (0.0086)	0.031 (0.088)	100.00 (97.35)
[468/469]	0.0019 (0.0104)	0.0001 (0.0085)	0.058 (0.087)	98.96 (97.36)
 * Train Acc 97.358
 * Val Acc 97.370, Total time 0.92
validation split name: 1
 * Val Acc 60.670, Total time 0.77
validation split name: 2
 * Val Acc 67.710, Total time 0.96
validation split name: 3
 * Val Acc 89.340, Total time 0.94
validation split name: 4
 * Val Acc 86.620, Total time 1.03
validation split name: 5
 * Val Acc 91.940, Total time 0.99
validation split name: 6
 * Val Acc 96.000, Total time 1.00
validation split name: 7
 * Val Acc 95.490, Total time 1.00
validation split name: 8
 * Val Acc 97.370, Total time 0.90
====================== 9 =======================
Epoch:0
LR: 0.0001
Itr		Time		  Data		  Loss		Acc
[0/469]	0.1435 (0.1435)	0.1375 (0.1375)	6.044 (6.044)	7.81 (7.81)
[100/469]	0.0021 (0.0108)	0.0001 (0.0088)	0.212 (0.540)	94.53 (84.92)
[200/469]	0.0059 (0.0104)	0.0037 (0.0084)	0.226 (0.371)	92.97 (89.31)
[300/469]	0.0247 (0.0103)	0.0228 (0.0083)	0.146 (0.301)	95.31 (91.20)
[400/469]	0.0020 (0.0102)	0.0001 (0.0082)	0.130 (0.261)	96.09 (92.36)
[468/469]	0.0174 (0.0101)	0.0154 (0.0081)	0.047 (0.240)	98.96 (92.94)
 * Train Acc 92.938
 * Val Acc 96.230, Total time 0.89
Epoch:1
LR: 0.0001
Itr		Time		  Data		  Loss		Acc
[0/469]	0.1374 (0.1374)	0.1326 (0.1326)	0.047 (0.047)	100.00 (100.00)
[100/469]	0.0248 (0.0117)	0.0229 (0.0096)	0.126 (0.094)	95.31 (97.21)
[200/469]	0.0046 (0.0107)	0.0002 (0.0086)	0.036 (0.091)	98.44 (97.32)
[300/469]	0.0025 (0.0104)	0.0002 (0.0082)	0.104 (0.090)	96.09 (97.31)
[400/469]	0.0248 (0.0103)	0.0224 (0.0081)	0.074 (0.090)	98.44 (97.29)
[468/469]	0.0020 (0.0102)	0.0001 (0.0080)	0.077 (0.089)	98.96 (97.33)
 * Train Acc 97.333
 * Val Acc 97.060, Total time 1.04
validation split name: 1
 * Val Acc 44.250, Total time 0.75
validation split name: 2
 * Val Acc 56.940, Total time 0.98
validation split name: 3
 * Val Acc 79.200, Total time 0.88
validation split name: 4
 * Val Acc 80.260, Total time 0.92
validation split name: 5
 * Val Acc 84.650, Total time 0.88
validation split name: 6
 * Val Acc 94.030, Total time 0.90
validation split name: 7
 * Val Acc 93.000, Total time 1.01
validation split name: 8
 * Val Acc 96.020, Total time 0.97
validation split name: 9
 * Val Acc 97.060, Total time 0.89
====================== 10 =======================
Epoch:0
LR: 0.0001
Itr		Time		  Data		  Loss		Acc
[0/469]	0.1398 (0.1398)	0.1340 (0.1340)	5.481 (5.481)	10.94 (10.94)
[100/469]	0.0299 (0.0119)	0.0277 (0.0099)	0.335 (0.498)	92.97 (85.53)
[200/469]	0.0021 (0.0116)	0.0001 (0.0096)	0.162 (0.350)	95.31 (89.66)
[300/469]	0.0020 (0.0114)	0.0002 (0.0095)	0.099 (0.286)	96.88 (91.56)
[400/469]	0.0293 (0.0114)	0.0274 (0.0095)	0.145 (0.251)	96.88 (92.56)
[468/469]	0.0020 (0.0114)	0.0001 (0.0094)	0.130 (0.233)	92.71 (93.05)
 * Train Acc 93.053
 * Val Acc 96.590, Total time 0.91
Epoch:1
LR: 0.0001
Itr		Time		  Data		  Loss		Acc
[0/469]	0.1446 (0.1446)	0.1391 (0.1391)	0.115 (0.115)	95.31 (95.31)
[100/469]	0.0020 (0.0117)	0.0001 (0.0098)	0.086 (0.097)	97.66 (97.13)
[200/469]	0.0021 (0.0114)	0.0002 (0.0095)	0.082 (0.098)	96.88 (97.06)
[300/469]	0.0259 (0.0112)	0.0239 (0.0093)	0.083 (0.093)	96.88 (97.22)
[400/469]	0.0021 (0.0110)	0.0002 (0.0090)	0.048 (0.091)	99.22 (97.28)
[468/469]	0.0177 (0.0110)	0.0158 (0.0091)	0.061 (0.088)	96.88 (97.36)
 * Train Acc 97.357
 * Val Acc 97.190, Total time 0.89
validation split name: 1
 * Val Acc 37.580, Total time 0.62
validation split name: 2
 * Val Acc 55.730, Total time 0.94
validation split name: 3
 * Val Acc 71.250, Total time 0.89
validation split name: 4
 * Val Acc 79.330, Total time 0.87
validation split name: 5
 * Val Acc 82.540, Total time 0.94
validation split name: 6
 * Val Acc 89.800, Total time 0.97
validation split name: 7
 * Val Acc 91.230, Total time 0.96
validation split name: 8
 * Val Acc 94.580, Total time 0.96
validation split name: 9
 * Val Acc 95.800, Total time 0.90
validation split name: 10
 * Val Acc 97.190, Total time 1.00
OrderedDict([('1', OrderedDict([('1', 96.52), ('2', 94.43), ('3', 93.4), ('4', 90.4), ('5', 84.54), ('6', 78.04), ('7', 74.63), ('8', 60.67), ('9', 44.25), ('10', 37.58)])), ('2', OrderedDict([('2', 96.87), ('3', 95.94), ('4', 92.57), ('5', 84.82), ('6', 79.13), ('7', 74.42), ('8', 67.71), ('9', 56.94), ('10', 55.73)])), ('3', OrderedDict([('3', 97.3), ('4', 95.43), ('5', 94.0), ('6', 92.42), ('7', 91.18), ('8', 89.34), ('9', 79.2), ('10', 71.25)])), ('4', OrderedDict([('4', 97.26), ('5', 95.71), ('6', 94.02), ('7', 90.63), ('8', 86.62), ('9', 80.26), ('10', 79.33)])), ('5', OrderedDict([('5', 97.22), ('6', 96.59), ('7', 95.22), ('8', 91.94), ('9', 84.65), ('10', 82.54)])), ('6', OrderedDict([('6', 97.29), ('7', 96.45), ('8', 96.0), ('9', 94.03), ('10', 89.8)])), ('7', OrderedDict([('7', 97.3), ('8', 95.49), ('9', 93.0), ('10', 91.23)])), ('8', OrderedDict([('8', 97.37), ('9', 96.02), ('10', 94.58)])), ('9', OrderedDict([('9', 97.06), ('10', 95.8)])), ('10', OrderedDict([('10', 97.19)]))])
Task 1 average acc: 96.52
Task 2 average acc: 95.65
Task 3 average acc: 95.54666666666667
Task 4 average acc: 93.91499999999999
Task 5 average acc: 91.258
Task 6 average acc: 89.58166666666666
Task 7 average acc: 88.54714285714286
Task 8 average acc: 85.6425
Task 9 average acc: 80.6011111111111
Task 10 average acc: 79.503
===Summary of experiment repeats: 5 / 5 ===
The regularization coefficient: 0.0
The last avg acc of all repeats: [77.418 75.743 78.753 77.957 79.503]
mean: 77.8748 std: 1.2792392114065274
reg_coef: 0.0 mean: 77.8748 std: 1.2792392114065274
Total Time for the script is 825.5986247062683 seconds
