MLP(
  (linear): Sequential(
    (0): Linear(in_features=1024, out_features=1000, bias=True)
    (1): ReLU(inplace=True)
    (2): Linear(in_features=1000, out_features=1000, bias=True)
    (3): ReLU(inplace=True)
  )
  (last): ModuleDict(
    (All): Linear(in_features=1000, out_features=10, bias=True)
  )
)
#parameter of model: 2036010
Task order: ['1', '2', '3', '4', '5', '6', '7', '8', '9', '10']
====================== 1 =======================
#reg_term: 0
Epoch:0
LR: 0.0001
Itr		Time		  Data		  Loss		Acc
[0/469]	0.5071 (0.5071)	0.0851 (0.0851)	2.293 (2.293)	12.50 (12.50)
[100/469]	0.0020 (0.0120)	0.0001 (0.0056)	0.287 (0.812)	90.62 (81.33)
[200/469]	0.0019 (0.0094)	0.0001 (0.0053)	0.233 (0.568)	92.19 (85.91)
[300/469]	0.0163 (0.0087)	0.0142 (0.0052)	0.156 (0.466)	96.09 (88.06)
[400/469]	0.0052 (0.0082)	0.0031 (0.0052)	0.183 (0.406)	94.53 (89.41)
[468/469]	0.0026 (0.0080)	0.0005 (0.0051)	0.478 (0.376)	85.42 (90.09)
 * Train Acc 90.087
 * Val Acc 94.470, Total time 0.68
Epoch:1
LR: 0.0001
Itr		Time		  Data		  Loss		Acc
[0/469]	0.1081 (0.1081)	0.1019 (0.1019)	0.103 (0.103)	97.66 (97.66)
[100/469]	0.0172 (0.0085)	0.0151 (0.0062)	0.152 (0.181)	95.31 (94.96)
[200/469]	0.0163 (0.0078)	0.0142 (0.0057)	0.118 (0.170)	94.53 (95.14)
[300/469]	0.0022 (0.0076)	0.0001 (0.0054)	0.078 (0.161)	97.66 (95.35)
[400/469]	0.0182 (0.0075)	0.0162 (0.0054)	0.127 (0.156)	96.09 (95.47)
[468/469]	0.0021 (0.0074)	0.0001 (0.0054)	0.171 (0.151)	94.79 (95.56)
 * Train Acc 95.565
 * Val Acc 96.610, Total time 0.69
Computing EWC
validation split name: 1
 * Val Acc 96.610, Total time 0.70
====================== 2 =======================
#reg_term: 1
Epoch:0
LR: 0.0001
Itr		Time		  Data		  Loss		Acc
[0/469]	0.1294 (0.1294)	0.1183 (0.1183)	3.075 (3.075)	6.25 (6.25)
[100/469]	0.0030 (0.0114)	0.0001 (0.0083)	0.226 (0.534)	96.09 (83.93)
[200/469]	0.0029 (0.0107)	0.0001 (0.0077)	0.221 (0.391)	92.19 (88.54)
[300/469]	0.0249 (0.0106)	0.0221 (0.0076)	0.158 (0.330)	95.31 (90.43)
[400/469]	0.0029 (0.0105)	0.0001 (0.0075)	0.172 (0.294)	96.09 (91.61)
[468/469]	0.0168 (0.0104)	0.0140 (0.0075)	0.164 (0.277)	97.92 (92.16)
 * Train Acc 92.158
 * Val Acc 96.020, Total time 0.92
Epoch:1
LR: 0.0001
Itr		Time		  Data		  Loss		Acc
[0/469]	0.1234 (0.1234)	0.1139 (0.1139)	0.226 (0.226)	92.19 (92.19)
[100/469]	0.0038 (0.0112)	0.0009 (0.0081)	0.099 (0.143)	98.44 (96.64)
[200/469]	0.0029 (0.0106)	0.0001 (0.0076)	0.117 (0.143)	96.88 (96.48)
[300/469]	0.0034 (0.0105)	0.0001 (0.0075)	0.100 (0.144)	98.44 (96.48)
[400/469]	0.0246 (0.0106)	0.0218 (0.0075)	0.156 (0.144)	97.66 (96.46)
[468/469]	0.0028 (0.0105)	0.0001 (0.0074)	0.176 (0.143)	95.83 (96.51)
 * Train Acc 96.507
 * Val Acc 96.720, Total time 0.92
Computing EWC
validation split name: 1
 * Val Acc 96.020, Total time 0.68
validation split name: 2
 * Val Acc 96.720, Total time 0.92
====================== 3 =======================
#reg_term: 2
Epoch:0
LR: 0.0001
Itr		Time		  Data		  Loss		Acc
[0/469]	0.1331 (0.1331)	0.1207 (0.1207)	2.981 (2.981)	17.97 (17.97)
[100/469]	0.0044 (0.0111)	0.0008 (0.0074)	0.328 (0.512)	92.19 (85.63)
[200/469]	0.0038 (0.0105)	0.0001 (0.0069)	0.231 (0.396)	95.31 (89.38)
[300/469]	0.0132 (0.0104)	0.0095 (0.0067)	0.281 (0.343)	93.75 (91.15)
[400/469]	0.0146 (0.0103)	0.0109 (0.0066)	0.197 (0.313)	96.09 (92.13)
[468/469]	0.0047 (0.0103)	0.0009 (0.0066)	0.248 (0.298)	94.79 (92.61)
 * Train Acc 92.608
 * Val Acc 95.790, Total time 0.92
Epoch:1
LR: 0.0001
Itr		Time		  Data		  Loss		Acc
[0/469]	0.1275 (0.1275)	0.1185 (0.1185)	0.209 (0.209)	96.09 (96.09)
[100/469]	0.0038 (0.0112)	0.0001 (0.0075)	0.160 (0.194)	98.44 (96.21)
[200/469]	0.0037 (0.0106)	0.0001 (0.0070)	0.178 (0.193)	96.88 (96.28)
[300/469]	0.0212 (0.0105)	0.0176 (0.0068)	0.164 (0.189)	96.88 (96.36)
[400/469]	0.0120 (0.0104)	0.0084 (0.0067)	0.152 (0.187)	96.88 (96.47)
[468/469]	0.0041 (0.0103)	0.0005 (0.0067)	0.168 (0.185)	96.88 (96.53)
 * Train Acc 96.525
 * Val Acc 96.590, Total time 0.91
Computing EWC
validation split name: 1
 * Val Acc 95.540, Total time 0.67
validation split name: 2
 * Val Acc 96.430, Total time 0.92
validation split name: 3
 * Val Acc 96.590, Total time 0.96
====================== 4 =======================
#reg_term: 3
Epoch:0
LR: 0.0001
Itr		Time		  Data		  Loss		Acc
[0/469]	0.1321 (0.1321)	0.1187 (0.1187)	4.536 (4.536)	7.03 (7.03)
[100/469]	0.0047 (0.0112)	0.0002 (0.0065)	0.309 (0.655)	96.88 (83.77)
[200/469]	0.0046 (0.0108)	0.0002 (0.0061)	0.270 (0.499)	94.53 (88.50)
[300/469]	0.0208 (0.0106)	0.0163 (0.0059)	0.288 (0.435)	93.75 (90.44)
[400/469]	0.0048 (0.0104)	0.0002 (0.0058)	0.310 (0.397)	96.09 (91.56)
[468/469]	0.0122 (0.0104)	0.0077 (0.0058)	0.244 (0.379)	96.88 (92.11)
 * Train Acc 92.105
 * Val Acc 95.630, Total time 0.92
Epoch:1
LR: 0.0001
Itr		Time		  Data		  Loss		Acc
[0/469]	0.1254 (0.1254)	0.1158 (0.1158)	0.253 (0.253)	95.31 (95.31)
[100/469]	0.0192 (0.0112)	0.0148 (0.0065)	0.288 (0.250)	96.09 (95.84)
[200/469]	0.0046 (0.0106)	0.0001 (0.0060)	0.184 (0.252)	98.44 (95.94)
[300/469]	0.0064 (0.0104)	0.0020 (0.0059)	0.242 (0.248)	96.09 (96.12)
[400/469]	0.0190 (0.0103)	0.0146 (0.0058)	0.204 (0.247)	96.88 (96.15)
[468/469]	0.0050 (0.0103)	0.0005 (0.0058)	0.271 (0.247)	96.88 (96.12)
 * Train Acc 96.120
 * Val Acc 96.360, Total time 0.90
Computing EWC
validation split name: 1
 * Val Acc 95.130, Total time 0.68
validation split name: 2
 * Val Acc 96.630, Total time 0.92
validation split name: 3
 * Val Acc 96.020, Total time 0.90
validation split name: 4
 * Val Acc 96.360, Total time 0.93
====================== 5 =======================
#reg_term: 4
Epoch:0
LR: 0.0001
Itr		Time		  Data		  Loss		Acc
[0/469]	0.1290 (0.1290)	0.1149 (0.1149)	3.313 (3.313)	7.81 (7.81)
[100/469]	0.0074 (0.0113)	0.0019 (0.0058)	0.339 (0.631)	96.09 (85.68)
[200/469]	0.0063 (0.0107)	0.0008 (0.0052)	0.435 (0.511)	93.75 (89.55)
[300/469]	0.0176 (0.0105)	0.0123 (0.0051)	0.291 (0.458)	95.31 (91.15)
[400/469]	0.0063 (0.0104)	0.0009 (0.0050)	0.276 (0.429)	97.66 (92.11)
[468/469]	0.0106 (0.0103)	0.0052 (0.0049)	0.327 (0.416)	95.83 (92.53)
 * Train Acc 92.533
 * Val Acc 95.870, Total time 0.98
Epoch:1
LR: 0.0001
Itr		Time		  Data		  Loss		Acc
[0/469]	0.1402 (0.1402)	0.1294 (0.1294)	0.268 (0.268)	97.66 (97.66)
[100/469]	0.0177 (0.0119)	0.0123 (0.0064)	0.453 (0.311)	92.97 (95.99)
[200/469]	0.0054 (0.0109)	0.0002 (0.0055)	0.284 (0.312)	96.88 (95.93)
[300/469]	0.0078 (0.0106)	0.0025 (0.0052)	0.280 (0.311)	96.88 (95.95)
[400/469]	0.0171 (0.0105)	0.0118 (0.0051)	0.264 (0.310)	97.66 (95.98)
[468/469]	0.0059 (0.0104)	0.0006 (0.0050)	0.237 (0.310)	100.00 (95.96)
 * Train Acc 95.957
 * Val Acc 95.810, Total time 0.92
Computing EWC
validation split name: 1
 * Val Acc 94.090, Total time 0.68
validation split name: 2
 * Val Acc 96.210, Total time 0.92
validation split name: 3
 * Val Acc 95.360, Total time 0.92
validation split name: 4
 * Val Acc 93.940, Total time 0.93
validation split name: 5
 * Val Acc 95.810, Total time 0.92
====================== 6 =======================
#reg_term: 5
Epoch:0
LR: 0.0001
Itr		Time		  Data		  Loss		Acc
[0/469]	0.1289 (0.1289)	0.1135 (0.1135)	5.873 (5.873)	8.59 (8.59)
[100/469]	0.0073 (0.0113)	0.0010 (0.0049)	0.573 (0.839)	86.72 (83.56)
[200/469]	0.0065 (0.0107)	0.0002 (0.0044)	0.475 (0.658)	94.53 (88.17)
[300/469]	0.0168 (0.0106)	0.0106 (0.0043)	0.463 (0.584)	92.19 (90.02)
[400/469]	0.0071 (0.0105)	0.0008 (0.0042)	0.345 (0.539)	96.88 (91.23)
[468/469]	0.0094 (0.0104)	0.0030 (0.0041)	0.433 (0.519)	93.75 (91.73)
 * Train Acc 91.730
 * Val Acc 94.930, Total time 0.90
Epoch:1
LR: 0.0001
Itr		Time		  Data		  Loss		Acc
[0/469]	0.1304 (0.1304)	0.1158 (0.1158)	0.355 (0.355)	97.66 (97.66)
[100/469]	0.0063 (0.0116)	0.0002 (0.0051)	0.525 (0.383)	90.62 (95.57)
[200/469]	0.0183 (0.0111)	0.0117 (0.0046)	0.380 (0.376)	94.53 (95.80)
[300/469]	0.0084 (0.0114)	0.0002 (0.0045)	0.407 (0.382)	94.53 (95.62)
[400/469]	0.0064 (0.0115)	0.0002 (0.0044)	0.334 (0.381)	97.66 (95.64)
[468/469]	0.0063 (0.0114)	0.0001 (0.0043)	0.396 (0.381)	95.83 (95.62)
 * Train Acc 95.623
 * Val Acc 95.770, Total time 0.91
Computing EWC
validation split name: 1
 * Val Acc 93.880, Total time 0.68
validation split name: 2
 * Val Acc 96.360, Total time 0.91
validation split name: 3
 * Val Acc 95.440, Total time 0.93
validation split name: 4
 * Val Acc 94.480, Total time 0.93
validation split name: 5
 * Val Acc 93.520, Total time 0.91
validation split name: 6
 * Val Acc 95.770, Total time 0.90
====================== 7 =======================
#reg_term: 6
Epoch:0
LR: 0.0001
Itr		Time		  Data		  Loss		Acc
[0/469]	0.1487 (0.1487)	0.1328 (0.1328)	3.382 (3.382)	14.06 (14.06)
[100/469]	0.0151 (0.0119)	0.0080 (0.0044)	0.454 (0.770)	96.88 (85.62)
[200/469]	0.0074 (0.0110)	0.0002 (0.0036)	0.413 (0.653)	97.66 (89.14)
[300/469]	0.0075 (0.0107)	0.0002 (0.0034)	0.433 (0.605)	96.88 (90.59)
[400/469]	0.0142 (0.0106)	0.0070 (0.0033)	0.498 (0.575)	92.19 (91.58)
[468/469]	0.0073 (0.0105)	0.0001 (0.0032)	0.561 (0.561)	90.62 (91.98)
 * Train Acc 91.983
 * Val Acc 94.690, Total time 0.92
Epoch:1
LR: 0.0001
Itr		Time		  Data		  Loss		Acc
[0/469]	0.1434 (0.1434)	0.1307 (0.1307)	0.394 (0.394)	97.66 (97.66)
[100/469]	0.0073 (0.0118)	0.0002 (0.0046)	0.493 (0.463)	91.41 (95.01)
[200/469]	0.0072 (0.0109)	0.0002 (0.0037)	0.416 (0.468)	95.31 (95.00)
[300/469]	0.0080 (0.0106)	0.0010 (0.0035)	0.540 (0.464)	92.19 (95.15)
[400/469]	0.0154 (0.0105)	0.0083 (0.0033)	0.494 (0.466)	92.97 (95.07)
[468/469]	0.0072 (0.0104)	0.0001 (0.0033)	0.507 (0.466)	94.79 (95.05)
 * Train Acc 95.047
 * Val Acc 95.470, Total time 0.91
Computing EWC
validation split name: 1
 * Val Acc 95.410, Total time 0.68
validation split name: 2
 * Val Acc 96.370, Total time 0.98
validation split name: 3
 * Val Acc 95.510, Total time 0.91
validation split name: 4
 * Val Acc 93.470, Total time 0.91
validation split name: 5
 * Val Acc 91.920, Total time 0.97
validation split name: 6
 * Val Acc 86.020, Total time 0.92
validation split name: 7
 * Val Acc 95.470, Total time 0.94
====================== 8 =======================
#reg_term: 7
Epoch:0
LR: 0.0001
Itr		Time		  Data		  Loss		Acc
[0/469]	0.1357 (0.1357)	0.1193 (0.1193)	4.965 (4.965)	7.03 (7.03)
[100/469]	0.0142 (0.0116)	0.0062 (0.0033)	0.575 (0.969)	93.75 (83.77)
[200/469]	0.0081 (0.0108)	0.0002 (0.0027)	0.575 (0.788)	94.53 (88.46)
[300/469]	0.0081 (0.0105)	0.0002 (0.0025)	0.509 (0.722)	97.66 (90.07)
[400/469]	0.0142 (0.0105)	0.0063 (0.0024)	0.553 (0.685)	95.31 (91.07)
[468/469]	0.0081 (0.0104)	0.0001 (0.0023)	0.528 (0.669)	93.75 (91.45)
 * Train Acc 91.452
 * Val Acc 94.310, Total time 0.94
Epoch:1
LR: 0.0001
Itr		Time		  Data		  Loss		Acc
[0/469]	0.1324 (0.1324)	0.1160 (0.1160)	0.523 (0.523)	94.53 (94.53)
[100/469]	0.0127 (0.0115)	0.0047 (0.0031)	0.520 (0.551)	97.66 (94.51)
[200/469]	0.0081 (0.0108)	0.0002 (0.0026)	0.532 (0.546)	94.53 (94.64)
[300/469]	0.0141 (0.0106)	0.0060 (0.0025)	0.666 (0.547)	89.84 (94.55)
[400/469]	0.0082 (0.0106)	0.0002 (0.0024)	0.616 (0.548)	91.41 (94.58)
[468/469]	0.0087 (0.0105)	0.0008 (0.0024)	0.581 (0.548)	94.79 (94.61)
 * Train Acc 94.607
 * Val Acc 94.990, Total time 0.91
Computing EWC
validation split name: 1
 * Val Acc 94.480, Total time 0.68
validation split name: 2
 * Val Acc 96.170, Total time 0.91
validation split name: 3
 * Val Acc 95.440, Total time 0.97
validation split name: 4
 * Val Acc 93.880, Total time 0.92
validation split name: 5
 * Val Acc 92.800, Total time 0.95
validation split name: 6
 * Val Acc 87.790, Total time 0.93
validation split name: 7
 * Val Acc 87.900, Total time 0.90
validation split name: 8
 * Val Acc 94.990, Total time 0.93
====================== 9 =======================
#reg_term: 8
Epoch:0
LR: 0.0001
Itr		Time		  Data		  Loss		Acc
[0/469]	0.1248 (0.1248)	0.1045 (0.1045)	3.891 (3.891)	7.03 (7.03)
[100/469]	0.0116 (0.0112)	0.0027 (0.0021)	0.782 (0.965)	90.62 (85.07)
[200/469]	0.0089 (0.0107)	0.0002 (0.0017)	0.679 (0.834)	93.75 (88.58)
[300/469]	0.0107 (0.0105)	0.0018 (0.0016)	0.661 (0.782)	92.19 (90.01)
[400/469]	0.0113 (0.0104)	0.0027 (0.0015)	0.699 (0.752)	92.97 (90.91)
[468/469]	0.0093 (0.0103)	0.0006 (0.0015)	0.562 (0.738)	97.92 (91.28)
 * Train Acc 91.283
 * Val Acc 94.240, Total time 0.96
Epoch:1
LR: 0.0001
Itr		Time		  Data		  Loss		Acc
[0/469]	0.1327 (0.1327)	0.1181 (0.1181)	0.709 (0.709)	90.62 (90.62)
[100/469]	0.0090 (0.0123)	0.0002 (0.0024)	0.636 (0.652)	96.09 (93.93)
[200/469]	0.0093 (0.0112)	0.0002 (0.0018)	0.683 (0.648)	92.19 (94.00)
[300/469]	0.0108 (0.0108)	0.0018 (0.0015)	0.650 (0.645)	93.75 (94.04)
[400/469]	0.0091 (0.0106)	0.0002 (0.0014)	0.591 (0.645)	95.31 (94.07)
[468/469]	0.0099 (0.0105)	0.0008 (0.0014)	0.620 (0.644)	92.71 (94.05)
 * Train Acc 94.052
 * Val Acc 94.310, Total time 0.94
Computing EWC
validation split name: 1
 * Val Acc 94.490, Total time 0.69
validation split name: 2
 * Val Acc 95.980, Total time 0.94
validation split name: 3
 * Val Acc 95.100, Total time 0.94
validation split name: 4
 * Val Acc 92.710, Total time 0.97
validation split name: 5
 * Val Acc 92.400, Total time 0.90
validation split name: 6
 * Val Acc 82.000, Total time 0.95
validation split name: 7
 * Val Acc 85.280, Total time 0.93
validation split name: 8
 * Val Acc 76.440, Total time 0.92
validation split name: 9
 * Val Acc 94.310, Total time 0.93
====================== 10 =======================
#reg_term: 9
Epoch:0
LR: 0.0001
Itr		Time		  Data		  Loss		Acc
[0/469]	0.1391 (0.1391)	0.1210 (0.1210)	4.131 (4.131)	9.38 (9.38)
[100/469]	0.0134 (0.0123)	0.0008 (0.0021)	0.942 (1.066)	89.06 (84.65)
[200/469]	0.0134 (0.0128)	0.0010 (0.0015)	0.718 (0.932)	94.53 (88.29)
[300/469]	0.0136 (0.0129)	0.0011 (0.0013)	0.762 (0.879)	92.97 (89.71)
[400/469]	0.0102 (0.0123)	0.0006 (0.0011)	0.730 (0.849)	93.75 (90.50)
[468/469]	0.0100 (0.0120)	0.0005 (0.0011)	0.790 (0.836)	94.79 (90.81)
 * Train Acc 90.805
 * Val Acc 93.900, Total time 0.95
Epoch:1
LR: 0.0001
Itr		Time		  Data		  Loss		Acc
[0/469]	0.1328 (0.1328)	0.1154 (0.1154)	0.773 (0.773)	91.41 (91.41)
[100/469]	0.0103 (0.0120)	0.0006 (0.0019)	0.708 (0.739)	96.09 (93.77)
[200/469]	0.0104 (0.0112)	0.0007 (0.0013)	0.709 (0.738)	92.19 (93.65)
[300/469]	0.0103 (0.0109)	0.0007 (0.0011)	0.697 (0.737)	94.53 (93.67)
[400/469]	0.0104 (0.0108)	0.0007 (0.0010)	0.722 (0.741)	94.53 (93.57)
[468/469]	0.0101 (0.0107)	0.0006 (0.0010)	0.920 (0.742)	87.50 (93.52)
 * Train Acc 93.518
 * Val Acc 93.380, Total time 0.90
Computing EWC
validation split name: 1
 * Val Acc 94.950, Total time 0.67
validation split name: 2
 * Val Acc 95.990, Total time 0.91
validation split name: 3
 * Val Acc 94.860, Total time 0.91
validation split name: 4
 * Val Acc 92.750, Total time 0.90
validation split name: 5
 * Val Acc 90.710, Total time 0.92
validation split name: 6
 * Val Acc 83.670, Total time 0.94
validation split name: 7
 * Val Acc 85.890, Total time 0.99
validation split name: 8
 * Val Acc 75.450, Total time 0.92
validation split name: 9
 * Val Acc 81.320, Total time 0.90
validation split name: 10
 * Val Acc 93.380, Total time 0.93
OrderedDict([('1', OrderedDict([('1', 96.61), ('2', 96.02), ('3', 95.54), ('4', 95.13), ('5', 94.09), ('6', 93.88), ('7', 95.41), ('8', 94.48), ('9', 94.49), ('10', 94.95)])), ('2', OrderedDict([('2', 96.72), ('3', 96.43), ('4', 96.63), ('5', 96.21), ('6', 96.36), ('7', 96.37), ('8', 96.17), ('9', 95.98), ('10', 95.99)])), ('3', OrderedDict([('3', 96.59), ('4', 96.02), ('5', 95.36), ('6', 95.44), ('7', 95.51), ('8', 95.44), ('9', 95.1), ('10', 94.86)])), ('4', OrderedDict([('4', 96.36), ('5', 93.94), ('6', 94.48), ('7', 93.47), ('8', 93.88), ('9', 92.71), ('10', 92.75)])), ('5', OrderedDict([('5', 95.81), ('6', 93.52), ('7', 91.92), ('8', 92.8), ('9', 92.4), ('10', 90.71)])), ('6', OrderedDict([('6', 95.77), ('7', 86.02), ('8', 87.79), ('9', 82.0), ('10', 83.67)])), ('7', OrderedDict([('7', 95.47), ('8', 87.9), ('9', 85.28), ('10', 85.89)])), ('8', OrderedDict([('8', 94.99), ('9', 76.44), ('10', 75.45)])), ('9', OrderedDict([('9', 94.31), ('10', 81.32)])), ('10', OrderedDict([('10', 93.38)]))])
Task 1 average acc: 96.61
Task 2 average acc: 96.37
Task 3 average acc: 96.18666666666668
Task 4 average acc: 96.035
Task 5 average acc: 95.08200000000001
Task 6 average acc: 94.90833333333335
Task 7 average acc: 93.45285714285716
Task 8 average acc: 92.93125
Task 9 average acc: 89.85666666666664
Task 10 average acc: 88.89699999999999
===Summary of experiment repeats: 1 / 5 ===
The regularization coefficient: 150.0
The last avg acc of all repeats: [88.897  0.     0.     0.     0.   ]
mean: 17.7794 std: 35.5588
MLP(
  (linear): Sequential(
    (0): Linear(in_features=1024, out_features=1000, bias=True)
    (1): ReLU(inplace=True)
    (2): Linear(in_features=1000, out_features=1000, bias=True)
    (3): ReLU(inplace=True)
  )
  (last): ModuleDict(
    (All): Linear(in_features=1000, out_features=10, bias=True)
  )
)
#parameter of model: 2036010
Task order: ['1', '2', '3', '4', '5', '6', '7', '8', '9', '10']
====================== 1 =======================
#reg_term: 0
Epoch:0
LR: 0.0001
Itr		Time		  Data		  Loss		Acc
[0/469]	0.1147 (0.1147)	0.1090 (0.1090)	2.289 (2.289)	14.84 (14.84)
[100/469]	0.0022 (0.0082)	0.0005 (0.0061)	0.374 (0.816)	88.28 (80.86)
[200/469]	0.0076 (0.0077)	0.0055 (0.0056)	0.330 (0.568)	87.50 (85.67)
[300/469]	0.0097 (0.0075)	0.0073 (0.0055)	0.181 (0.465)	92.19 (87.93)
[400/469]	0.0026 (0.0074)	0.0001 (0.0053)	0.260 (0.403)	94.53 (89.40)
[468/469]	0.0019 (0.0074)	0.0001 (0.0053)	0.214 (0.376)	91.67 (90.00)
 * Train Acc 90.000
 * Val Acc 94.530, Total time 0.68
Epoch:1
LR: 0.0001
Itr		Time		  Data		  Loss		Acc
[0/469]	0.1218 (0.1218)	0.1157 (0.1157)	0.139 (0.139)	94.53 (94.53)
[100/469]	0.0045 (0.0086)	0.0024 (0.0065)	0.095 (0.174)	96.88 (94.99)
[200/469]	0.0020 (0.0079)	0.0001 (0.0059)	0.118 (0.168)	95.31 (95.18)
[300/469]	0.0022 (0.0076)	0.0001 (0.0056)	0.192 (0.161)	94.53 (95.37)
[400/469]	0.0020 (0.0075)	0.0001 (0.0055)	0.235 (0.154)	92.97 (95.56)
[468/469]	0.0118 (0.0075)	0.0100 (0.0055)	0.102 (0.151)	98.96 (95.61)
 * Train Acc 95.612
 * Val Acc 96.180, Total time 0.67
Computing EWC
validation split name: 1
 * Val Acc 96.180, Total time 0.68
====================== 2 =======================
#reg_term: 1
Epoch:0
LR: 0.0001
Itr		Time		  Data		  Loss		Acc
[0/469]	0.1254 (0.1254)	0.1174 (0.1174)	2.787 (2.787)	4.69 (4.69)
[100/469]	0.0042 (0.0115)	0.0002 (0.0085)	0.279 (0.492)	89.84 (84.64)
[200/469]	0.0029 (0.0108)	0.0001 (0.0079)	0.320 (0.368)	91.41 (88.85)
[300/469]	0.0057 (0.0107)	0.0020 (0.0077)	0.176 (0.313)	93.75 (90.75)
[400/469]	0.0238 (0.0106)	0.0210 (0.0077)	0.225 (0.282)	92.19 (91.79)
[468/469]	0.0028 (0.0105)	0.0001 (0.0076)	0.238 (0.267)	96.88 (92.36)
 * Train Acc 92.365
 * Val Acc 95.950, Total time 0.95
Epoch:1
LR: 0.0001
Itr		Time		  Data		  Loss		Acc
[0/469]	0.1271 (0.1271)	0.1191 (0.1191)	0.227 (0.227)	95.31 (95.31)
[100/469]	0.0035 (0.0115)	0.0001 (0.0085)	0.153 (0.154)	97.66 (96.27)
[200/469]	0.0029 (0.0108)	0.0001 (0.0079)	0.081 (0.148)	99.22 (96.38)
[300/469]	0.0246 (0.0107)	0.0219 (0.0078)	0.167 (0.146)	96.09 (96.48)
[400/469]	0.0028 (0.0105)	0.0001 (0.0076)	0.113 (0.144)	97.66 (96.57)
[468/469]	0.0154 (0.0105)	0.0127 (0.0076)	0.223 (0.143)	94.79 (96.61)
 * Train Acc 96.608
 * Val Acc 96.790, Total time 0.92
Computing EWC
validation split name: 1
 * Val Acc 96.270, Total time 0.68
validation split name: 2
 * Val Acc 96.790, Total time 0.92
====================== 3 =======================
#reg_term: 2
Epoch:0
LR: 0.0001
Itr		Time		  Data		  Loss		Acc
[0/469]	0.1257 (0.1257)	0.1149 (0.1149)	3.190 (3.190)	8.59 (8.59)
[100/469]	0.0053 (0.0114)	0.0005 (0.0075)	0.400 (0.512)	89.06 (85.40)
[200/469]	0.0229 (0.0110)	0.0193 (0.0072)	0.254 (0.394)	92.19 (89.32)
[300/469]	0.0038 (0.0107)	0.0001 (0.0069)	0.191 (0.342)	95.31 (91.14)
[400/469]	0.0038 (0.0105)	0.0001 (0.0068)	0.162 (0.313)	97.66 (92.11)
[468/469]	0.0037 (0.0105)	0.0001 (0.0068)	0.178 (0.297)	97.92 (92.65)
 * Train Acc 92.647
 * Val Acc 95.620, Total time 0.93
Epoch:1
LR: 0.0001
Itr		Time		  Data		  Loss		Acc
[0/469]	0.1256 (0.1256)	0.1165 (0.1165)	0.195 (0.195)	97.66 (97.66)
[100/469]	0.0037 (0.0118)	0.0001 (0.0080)	0.248 (0.190)	92.97 (96.36)
[200/469]	0.0231 (0.0112)	0.0195 (0.0075)	0.159 (0.187)	97.66 (96.40)
[300/469]	0.0037 (0.0108)	0.0001 (0.0072)	0.157 (0.189)	96.88 (96.40)
[400/469]	0.0037 (0.0106)	0.0001 (0.0070)	0.163 (0.185)	96.88 (96.51)
[468/469]	0.0037 (0.0106)	0.0001 (0.0069)	0.111 (0.185)	100.00 (96.53)
 * Train Acc 96.525
 * Val Acc 96.590, Total time 0.94
Computing EWC
validation split name: 1
 * Val Acc 95.710, Total time 0.72
validation split name: 2
 * Val Acc 95.720, Total time 0.93
validation split name: 3
 * Val Acc 96.590, Total time 0.92
====================== 4 =======================
#reg_term: 3
Epoch:0
LR: 0.0001
Itr		Time		  Data		  Loss		Acc
[0/469]	0.1368 (0.1368)	0.1273 (0.1273)	3.637 (3.637)	14.06 (14.06)
[100/469]	0.0048 (0.0116)	0.0002 (0.0070)	0.401 (0.579)	90.62 (85.27)
[200/469]	0.0054 (0.0108)	0.0008 (0.0062)	0.328 (0.457)	93.75 (89.24)
[300/469]	0.0199 (0.0106)	0.0153 (0.0060)	0.343 (0.406)	93.75 (90.94)
[400/469]	0.0048 (0.0105)	0.0002 (0.0058)	0.279 (0.372)	92.19 (92.03)
[468/469]	0.0126 (0.0104)	0.0081 (0.0058)	0.264 (0.356)	96.88 (92.55)
 * Train Acc 92.550
 * Val Acc 95.820, Total time 0.91
Epoch:1
LR: 0.0001
Itr		Time		  Data		  Loss		Acc
[0/469]	0.1141 (0.1141)	0.1046 (0.1046)	0.297 (0.297)	93.75 (93.75)
[100/469]	0.0046 (0.0117)	0.0001 (0.0068)	0.235 (0.239)	96.88 (96.36)
[200/469]	0.0047 (0.0109)	0.0003 (0.0062)	0.219 (0.247)	98.44 (96.09)
[300/469]	0.0215 (0.0107)	0.0170 (0.0061)	0.187 (0.243)	98.44 (96.19)
[400/469]	0.0046 (0.0106)	0.0001 (0.0060)	0.222 (0.242)	96.09 (96.24)
[468/469]	0.0139 (0.0105)	0.0095 (0.0060)	0.181 (0.241)	97.92 (96.25)
 * Train Acc 96.252
 * Val Acc 96.470, Total time 0.94
Computing EWC
validation split name: 1
 * Val Acc 95.640, Total time 0.68
validation split name: 2
 * Val Acc 95.270, Total time 0.95
validation split name: 3
 * Val Acc 96.000, Total time 0.90
validation split name: 4
 * Val Acc 96.470, Total time 0.99
====================== 5 =======================
#reg_term: 4
Epoch:0
LR: 0.0001
Itr		Time		  Data		  Loss		Acc
[0/469]	0.1278 (0.1278)	0.1178 (0.1178)	3.762 (3.762)	2.34 (2.34)
[100/469]	0.0055 (0.0113)	0.0001 (0.0058)	0.435 (0.645)	94.53 (85.37)
[200/469]	0.0062 (0.0108)	0.0009 (0.0053)	0.410 (0.518)	91.41 (89.48)
[300/469]	0.0127 (0.0106)	0.0074 (0.0052)	0.302 (0.465)	95.31 (91.14)
[400/469]	0.0055 (0.0105)	0.0002 (0.0051)	0.292 (0.436)	97.66 (92.04)
[468/469]	0.0055 (0.0104)	0.0001 (0.0051)	0.247 (0.421)	97.92 (92.49)
 * Train Acc 92.492
 * Val Acc 95.650, Total time 0.92
Epoch:1
LR: 0.0001
Itr		Time		  Data		  Loss		Acc
[0/469]	0.1425 (0.1425)	0.1312 (0.1312)	0.436 (0.436)	92.19 (92.19)
[100/469]	0.0055 (0.0117)	0.0002 (0.0062)	0.280 (0.316)	96.88 (95.76)
[200/469]	0.0063 (0.0108)	0.0010 (0.0054)	0.247 (0.315)	98.44 (95.88)
[300/469]	0.0176 (0.0106)	0.0123 (0.0051)	0.350 (0.317)	95.31 (95.82)
[400/469]	0.0056 (0.0104)	0.0002 (0.0050)	0.256 (0.315)	96.88 (95.86)
[468/469]	0.0109 (0.0103)	0.0057 (0.0049)	0.347 (0.313)	94.79 (95.87)
 * Train Acc 95.868
 * Val Acc 95.980, Total time 0.91
Computing EWC
validation split name: 1
 * Val Acc 95.480, Total time 0.67
validation split name: 2
 * Val Acc 95.470, Total time 0.93
validation split name: 3
 * Val Acc 95.620, Total time 0.92
validation split name: 4
 * Val Acc 94.950, Total time 0.93
validation split name: 5
 * Val Acc 95.980, Total time 0.92
====================== 6 =======================
#reg_term: 5
Epoch:0
LR: 0.0001
Itr		Time		  Data		  Loss		Acc
[0/469]	0.1283 (0.1283)	0.1167 (0.1167)	3.993 (3.993)	6.25 (6.25)
[100/469]	0.0067 (0.0113)	0.0004 (0.0049)	0.423 (0.741)	95.31 (84.87)
[200/469]	0.0157 (0.0107)	0.0096 (0.0044)	0.466 (0.608)	92.97 (89.01)
[300/469]	0.0079 (0.0105)	0.0016 (0.0042)	0.404 (0.551)	92.19 (90.67)
[400/469]	0.0066 (0.0104)	0.0004 (0.0041)	0.366 (0.516)	96.88 (91.71)
[468/469]	0.0063 (0.0103)	0.0001 (0.0041)	0.383 (0.503)	95.83 (92.08)
 * Train Acc 92.083
 * Val Acc 95.070, Total time 0.92
Epoch:1
LR: 0.0001
Itr		Time		  Data		  Loss		Acc
[0/469]	0.1378 (0.1378)	0.1267 (0.1267)	0.409 (0.409)	96.09 (96.09)
[100/469]	0.0185 (0.0123)	0.0122 (0.0054)	0.353 (0.401)	96.09 (95.11)
[200/469]	0.0064 (0.0112)	0.0002 (0.0046)	0.407 (0.396)	96.09 (95.37)
[300/469]	0.0064 (0.0108)	0.0002 (0.0044)	0.402 (0.393)	95.31 (95.48)
[400/469]	0.0166 (0.0107)	0.0103 (0.0043)	0.377 (0.390)	96.09 (95.57)
[468/469]	0.0063 (0.0106)	0.0001 (0.0042)	0.351 (0.389)	94.79 (95.52)
 * Train Acc 95.522
 * Val Acc 95.450, Total time 0.91
Computing EWC
validation split name: 1
 * Val Acc 95.720, Total time 0.69
validation split name: 2
 * Val Acc 93.990, Total time 0.90
validation split name: 3
 * Val Acc 95.020, Total time 0.94
validation split name: 4
 * Val Acc 93.660, Total time 0.93
validation split name: 5
 * Val Acc 93.230, Total time 0.94
validation split name: 6
 * Val Acc 95.450, Total time 0.92
====================== 7 =======================
#reg_term: 6
Epoch:0
LR: 0.0001
Itr		Time		  Data		  Loss		Acc
[0/469]	0.1330 (0.1330)	0.1205 (0.1205)	4.784 (4.784)	11.72 (11.72)
[100/469]	0.0102 (0.0113)	0.0027 (0.0041)	0.502 (0.854)	95.31 (84.66)
[200/469]	0.0151 (0.0109)	0.0079 (0.0036)	0.522 (0.704)	92.19 (88.76)
[300/469]	0.0074 (0.0106)	0.0002 (0.0034)	0.597 (0.642)	93.75 (90.32)
[400/469]	0.0153 (0.0106)	0.0083 (0.0033)	0.473 (0.609)	96.09 (91.24)
[468/469]	0.0070 (0.0105)	0.0001 (0.0033)	0.587 (0.592)	90.62 (91.74)
 * Train Acc 91.738
 * Val Acc 94.790, Total time 0.94
Epoch:1
LR: 0.0001
Itr		Time		  Data		  Loss		Acc
[0/469]	0.1331 (0.1331)	0.1208 (0.1208)	0.500 (0.500)	92.97 (92.97)
[100/469]	0.0081 (0.0113)	0.0009 (0.0040)	0.498 (0.483)	92.97 (94.99)
[200/469]	0.0072 (0.0107)	0.0002 (0.0035)	0.488 (0.480)	93.75 (94.94)
[300/469]	0.0133 (0.0105)	0.0057 (0.0033)	0.441 (0.480)	96.09 (94.92)
[400/469]	0.0146 (0.0104)	0.0074 (0.0033)	0.494 (0.478)	94.53 (94.94)
[468/469]	0.0078 (0.0104)	0.0006 (0.0032)	0.427 (0.477)	96.88 (94.94)
 * Train Acc 94.943
 * Val Acc 95.230, Total time 0.95
Computing EWC
validation split name: 1
 * Val Acc 94.190, Total time 0.67
validation split name: 2
 * Val Acc 95.270, Total time 0.93
validation split name: 3
 * Val Acc 95.690, Total time 0.91
validation split name: 4
 * Val Acc 93.900, Total time 0.92
validation split name: 5
 * Val Acc 92.870, Total time 0.93
validation split name: 6
 * Val Acc 90.650, Total time 0.91
validation split name: 7
 * Val Acc 95.230, Total time 0.92
====================== 8 =======================
#reg_term: 7
Epoch:0
LR: 0.0001
Itr		Time		  Data		  Loss		Acc
[0/469]	0.1183 (0.1183)	0.1052 (0.1052)	3.910 (3.910)	7.03 (7.03)
[100/469]	0.0082 (0.0111)	0.0002 (0.0031)	0.726 (0.867)	88.28 (85.72)
[200/469]	0.0082 (0.0106)	0.0002 (0.0026)	0.527 (0.749)	94.53 (89.10)
[300/469]	0.0140 (0.0105)	0.0059 (0.0024)	0.507 (0.699)	98.44 (90.58)
[400/469]	0.0083 (0.0104)	0.0002 (0.0024)	0.526 (0.671)	95.31 (91.38)
[468/469]	0.0086 (0.0103)	0.0006 (0.0023)	0.564 (0.657)	93.75 (91.76)
 * Train Acc 91.757
 * Val Acc 94.230, Total time 0.91
Epoch:1
LR: 0.0001
Itr		Time		  Data		  Loss		Acc
[0/469]	0.1334 (0.1334)	0.1207 (0.1207)	0.492 (0.492)	97.66 (97.66)
[100/469]	0.0087 (0.0113)	0.0010 (0.0035)	0.606 (0.562)	91.41 (94.52)
[200/469]	0.0131 (0.0107)	0.0052 (0.0029)	0.634 (0.561)	89.84 (94.44)
[300/469]	0.0080 (0.0105)	0.0002 (0.0026)	0.512 (0.561)	95.31 (94.44)
[400/469]	0.0082 (0.0104)	0.0002 (0.0025)	0.536 (0.562)	96.88 (94.52)
[468/469]	0.0081 (0.0104)	0.0001 (0.0025)	0.618 (0.560)	94.79 (94.57)
 * Train Acc 94.570
 * Val Acc 94.850, Total time 0.92
Computing EWC
validation split name: 1
 * Val Acc 95.400, Total time 0.67
validation split name: 2
 * Val Acc 94.720, Total time 0.97
validation split name: 3
 * Val Acc 94.690, Total time 0.92
validation split name: 4
 * Val Acc 93.130, Total time 0.95
validation split name: 5
 * Val Acc 92.930, Total time 1.00
validation split name: 6
 * Val Acc 89.410, Total time 0.97
validation split name: 7
 * Val Acc 79.570, Total time 0.91
validation split name: 8
 * Val Acc 94.850, Total time 0.94
====================== 9 =======================
#reg_term: 8
Epoch:0
LR: 0.0001
Itr		Time		  Data		  Loss		Acc
[0/469]	0.1186 (0.1186)	0.1045 (0.1045)	4.730 (4.730)	5.47 (5.47)
[100/469]	0.0105 (0.0111)	0.0016 (0.0022)	0.654 (1.017)	95.31 (84.96)
[200/469]	0.0089 (0.0105)	0.0002 (0.0017)	0.696 (0.867)	90.62 (88.67)
[300/469]	0.0108 (0.0103)	0.0020 (0.0015)	0.709 (0.805)	93.75 (90.17)
[400/469]	0.0104 (0.0103)	0.0016 (0.0015)	0.823 (0.775)	89.06 (90.91)
[468/469]	0.0094 (0.0102)	0.0007 (0.0014)	0.709 (0.760)	92.71 (91.28)
 * Train Acc 91.278
 * Val Acc 94.130, Total time 0.92
Epoch:1
LR: 0.0001
Itr		Time		  Data		  Loss		Acc
[0/469]	0.1455 (0.1455)	0.1306 (0.1306)	0.602 (0.602)	96.88 (96.88)
[100/469]	0.0092 (0.0126)	0.0002 (0.0030)	0.605 (0.653)	94.53 (93.99)
[200/469]	0.0090 (0.0113)	0.0002 (0.0020)	0.616 (0.653)	96.09 (94.03)
[300/469]	0.0102 (0.0109)	0.0013 (0.0017)	0.642 (0.654)	92.97 (93.99)
[400/469]	0.0115 (0.0107)	0.0026 (0.0016)	0.627 (0.656)	95.31 (93.94)
[468/469]	0.0094 (0.0106)	0.0006 (0.0015)	0.616 (0.656)	96.88 (93.93)
 * Train Acc 93.932
 * Val Acc 94.170, Total time 0.92
Computing EWC
validation split name: 1
 * Val Acc 95.770, Total time 0.67
validation split name: 2
 * Val Acc 95.180, Total time 0.92
validation split name: 3
 * Val Acc 95.040, Total time 0.96
validation split name: 4
 * Val Acc 92.880, Total time 0.91
validation split name: 5
 * Val Acc 91.470, Total time 0.94
validation split name: 6
 * Val Acc 87.760, Total time 0.94
validation split name: 7
 * Val Acc 82.090, Total time 0.91
validation split name: 8
 * Val Acc 88.010, Total time 0.92
validation split name: 9
 * Val Acc 94.170, Total time 0.96
====================== 10 =======================
#reg_term: 9
Epoch:0
LR: 0.0001
Itr		Time		  Data		  Loss		Acc
[0/469]	0.1312 (0.1312)	0.1133 (0.1133)	4.591 (4.591)	7.81 (7.81)
[100/469]	0.0105 (0.0121)	0.0008 (0.0022)	0.799 (1.120)	92.97 (84.14)
[200/469]	0.0104 (0.0113)	0.0007 (0.0015)	0.785 (0.968)	94.53 (88.13)
[300/469]	0.0102 (0.0110)	0.0006 (0.0013)	0.736 (0.911)	95.31 (89.63)
[400/469]	0.0105 (0.0108)	0.0009 (0.0011)	0.764 (0.878)	93.75 (90.43)
[468/469]	0.0102 (0.0107)	0.0006 (0.0011)	0.897 (0.863)	92.71 (90.81)
 * Train Acc 90.810
 * Val Acc 93.580, Total time 0.96
Epoch:1
LR: 0.0001
Itr		Time		  Data		  Loss		Acc
[0/469]	0.1483 (0.1483)	0.1308 (0.1308)	0.768 (0.768)	92.97 (92.97)
[100/469]	0.0100 (0.0124)	0.0002 (0.0026)	0.706 (0.759)	96.09 (93.52)
[200/469]	0.0109 (0.0119)	0.0011 (0.0022)	0.806 (0.762)	95.31 (93.38)
[300/469]	0.0114 (0.0116)	0.0016 (0.0018)	0.749 (0.761)	92.19 (93.40)
[400/469]	0.0103 (0.0114)	0.0006 (0.0016)	0.718 (0.760)	94.53 (93.53)
[468/469]	0.0098 (0.0113)	0.0001 (0.0015)	0.840 (0.758)	89.58 (93.62)
 * Train Acc 93.623
 * Val Acc 93.360, Total time 0.91
Computing EWC
validation split name: 1
 * Val Acc 94.960, Total time 0.67
validation split name: 2
 * Val Acc 94.570, Total time 0.91
validation split name: 3
 * Val Acc 95.320, Total time 0.92
validation split name: 4
 * Val Acc 93.100, Total time 0.90
validation split name: 5
 * Val Acc 91.410, Total time 0.92
validation split name: 6
 * Val Acc 89.500, Total time 0.92
validation split name: 7
 * Val Acc 78.720, Total time 0.92
validation split name: 8
 * Val Acc 85.000, Total time 0.92
validation split name: 9
 * Val Acc 76.240, Total time 0.92
validation split name: 10
 * Val Acc 93.360, Total time 0.93
OrderedDict([('1', OrderedDict([('1', 96.18), ('2', 96.27), ('3', 95.71), ('4', 95.64), ('5', 95.48), ('6', 95.72), ('7', 94.19), ('8', 95.4), ('9', 95.77), ('10', 94.96)])), ('2', OrderedDict([('2', 96.79), ('3', 95.72), ('4', 95.27), ('5', 95.47), ('6', 93.99), ('7', 95.27), ('8', 94.72), ('9', 95.18), ('10', 94.57)])), ('3', OrderedDict([('3', 96.59), ('4', 96.0), ('5', 95.62), ('6', 95.02), ('7', 95.69), ('8', 94.69), ('9', 95.04), ('10', 95.32)])), ('4', OrderedDict([('4', 96.47), ('5', 94.95), ('6', 93.66), ('7', 93.9), ('8', 93.13), ('9', 92.88), ('10', 93.1)])), ('5', OrderedDict([('5', 95.98), ('6', 93.23), ('7', 92.87), ('8', 92.93), ('9', 91.47), ('10', 91.41)])), ('6', OrderedDict([('6', 95.45), ('7', 90.65), ('8', 89.41), ('9', 87.76), ('10', 89.5)])), ('7', OrderedDict([('7', 95.23), ('8', 79.57), ('9', 82.09), ('10', 78.72)])), ('8', OrderedDict([('8', 94.85), ('9', 88.01), ('10', 85.0)])), ('9', OrderedDict([('9', 94.17), ('10', 76.24)])), ('10', OrderedDict([('10', 93.36)]))])
Task 1 average acc: 96.18
Task 2 average acc: 96.53
Task 3 average acc: 96.00666666666666
Task 4 average acc: 95.845
Task 5 average acc: 95.5
Task 6 average acc: 94.51166666666667
Task 7 average acc: 93.97142857142856
Task 8 average acc: 91.83749999999999
Task 9 average acc: 91.37444444444445
Task 10 average acc: 89.21799999999999
===Summary of experiment repeats: 2 / 5 ===
The regularization coefficient: 150.0
The last avg acc of all repeats: [88.897 89.218  0.     0.     0.   ]
mean: 35.623 std: 43.6292046409283
MLP(
  (linear): Sequential(
    (0): Linear(in_features=1024, out_features=1000, bias=True)
    (1): ReLU(inplace=True)
    (2): Linear(in_features=1000, out_features=1000, bias=True)
    (3): ReLU(inplace=True)
  )
  (last): ModuleDict(
    (All): Linear(in_features=1000, out_features=10, bias=True)
  )
)
#parameter of model: 2036010
Task order: ['1', '2', '3', '4', '5', '6', '7', '8', '9', '10']
====================== 1 =======================
#reg_term: 0
Epoch:0
LR: 0.0001
Itr		Time		  Data		  Loss		Acc
[0/469]	0.1233 (0.1233)	0.1174 (0.1174)	2.306 (2.306)	10.94 (10.94)
[100/469]	0.0055 (0.0086)	0.0030 (0.0065)	0.346 (0.818)	89.06 (80.09)
[200/469]	0.0020 (0.0079)	0.0001 (0.0059)	0.311 (0.576)	92.97 (85.21)
[300/469]	0.0020 (0.0077)	0.0001 (0.0057)	0.326 (0.471)	91.41 (87.52)
[400/469]	0.0176 (0.0076)	0.0155 (0.0056)	0.167 (0.409)	96.09 (89.04)
[468/469]	0.0019 (0.0075)	0.0001 (0.0055)	0.348 (0.379)	87.50 (89.77)
 * Train Acc 89.770
 * Val Acc 94.860, Total time 0.73
Epoch:1
LR: 0.0001
Itr		Time		  Data		  Loss		Acc
[0/469]	0.1145 (0.1145)	0.1089 (0.1089)	0.119 (0.119)	96.88 (96.88)
[100/469]	0.0100 (0.0083)	0.0079 (0.0062)	0.150 (0.173)	94.53 (94.98)
[200/469]	0.0019 (0.0077)	0.0001 (0.0056)	0.087 (0.164)	98.44 (95.30)
[300/469]	0.0035 (0.0075)	0.0015 (0.0054)	0.092 (0.160)	97.66 (95.38)
[400/469]	0.0168 (0.0074)	0.0147 (0.0054)	0.115 (0.154)	96.09 (95.54)
[468/469]	0.0021 (0.0073)	0.0001 (0.0053)	0.157 (0.152)	93.75 (95.58)
 * Train Acc 95.575
 * Val Acc 96.320, Total time 0.69
Computing EWC
validation split name: 1
 * Val Acc 96.320, Total time 0.68
====================== 2 =======================
#reg_term: 1
Epoch:0
LR: 0.0001
Itr		Time		  Data		  Loss		Acc
[0/469]	0.1271 (0.1271)	0.1188 (0.1188)	2.700 (2.700)	14.06 (14.06)
[100/469]	0.0033 (0.0112)	0.0001 (0.0082)	0.256 (0.503)	93.75 (84.82)
[200/469]	0.0029 (0.0106)	0.0001 (0.0077)	0.193 (0.377)	94.53 (88.78)
[300/469]	0.0244 (0.0105)	0.0216 (0.0076)	0.203 (0.322)	92.97 (90.55)
[400/469]	0.0028 (0.0104)	0.0001 (0.0075)	0.111 (0.286)	98.44 (91.76)
[468/469]	0.0167 (0.0103)	0.0140 (0.0074)	0.171 (0.272)	96.88 (92.24)
 * Train Acc 92.243
 * Val Acc 96.050, Total time 0.91
Epoch:1
LR: 0.0001
Itr		Time		  Data		  Loss		Acc
[0/469]	0.1132 (0.1132)	0.1055 (0.1055)	0.174 (0.174)	96.09 (96.09)
[100/469]	0.0039 (0.0111)	0.0009 (0.0081)	0.094 (0.150)	97.66 (96.40)
[200/469]	0.0190 (0.0107)	0.0161 (0.0077)	0.112 (0.153)	97.66 (96.28)
[300/469]	0.0086 (0.0105)	0.0058 (0.0076)	0.175 (0.150)	94.53 (96.39)
[400/469]	0.0035 (0.0104)	0.0001 (0.0075)	0.159 (0.147)	97.66 (96.45)
[468/469]	0.0100 (0.0104)	0.0072 (0.0075)	0.116 (0.146)	97.92 (96.48)
 * Train Acc 96.485
 * Val Acc 96.900, Total time 0.90
Computing EWC
validation split name: 1
 * Val Acc 95.630, Total time 0.68
validation split name: 2
 * Val Acc 96.900, Total time 0.94
====================== 3 =======================
#reg_term: 2
Epoch:0
LR: 0.0001
Itr		Time		  Data		  Loss		Acc
[0/469]	0.1160 (0.1160)	0.1069 (0.1069)	3.448 (3.448)	7.03 (7.03)
[100/469]	0.0220 (0.0115)	0.0183 (0.0078)	0.268 (0.552)	91.41 (84.72)
[200/469]	0.0038 (0.0108)	0.0001 (0.0071)	0.246 (0.419)	96.88 (89.02)
[300/469]	0.0038 (0.0105)	0.0001 (0.0068)	0.215 (0.362)	96.88 (90.94)
[400/469]	0.0215 (0.0104)	0.0179 (0.0067)	0.212 (0.329)	95.31 (92.01)
[468/469]	0.0036 (0.0103)	0.0001 (0.0067)	0.232 (0.312)	94.79 (92.54)
 * Train Acc 92.537
 * Val Acc 95.760, Total time 0.96
Epoch:1
LR: 0.0001
Itr		Time		  Data		  Loss		Acc
[0/469]	0.1328 (0.1328)	0.1240 (0.1240)	0.184 (0.184)	96.88 (96.88)
[100/469]	0.0038 (0.0113)	0.0001 (0.0075)	0.150 (0.196)	97.66 (96.30)
[200/469]	0.0038 (0.0107)	0.0001 (0.0070)	0.159 (0.195)	97.66 (96.23)
[300/469]	0.0227 (0.0105)	0.0191 (0.0068)	0.169 (0.191)	96.88 (96.41)
[400/469]	0.0037 (0.0104)	0.0001 (0.0067)	0.148 (0.189)	97.66 (96.50)
[468/469]	0.0148 (0.0103)	0.0112 (0.0067)	0.149 (0.188)	97.92 (96.54)
 * Train Acc 96.542
 * Val Acc 96.850, Total time 0.90
Computing EWC
validation split name: 1
 * Val Acc 95.450, Total time 0.69
validation split name: 2
 * Val Acc 96.580, Total time 0.96
validation split name: 3
 * Val Acc 96.850, Total time 0.92
====================== 4 =======================
#reg_term: 3
Epoch:0
LR: 0.0001
Itr		Time		  Data		  Loss		Acc
[0/469]	0.1264 (0.1264)	0.1166 (0.1166)	4.265 (4.265)	6.25 (6.25)
[100/469]	0.0209 (0.0116)	0.0164 (0.0070)	0.370 (0.639)	94.53 (84.06)
[200/469]	0.0054 (0.0109)	0.0009 (0.0063)	0.353 (0.494)	89.84 (88.57)
[300/469]	0.0047 (0.0106)	0.0002 (0.0061)	0.354 (0.434)	93.75 (90.47)
[400/469]	0.0201 (0.0105)	0.0156 (0.0060)	0.227 (0.397)	96.09 (91.62)
[468/469]	0.0046 (0.0104)	0.0001 (0.0059)	0.252 (0.377)	96.88 (92.23)
 * Train Acc 92.235
 * Val Acc 95.510, Total time 0.92
Epoch:1
LR: 0.0001
Itr		Time		  Data		  Loss		Acc
[0/469]	0.1251 (0.1251)	0.1162 (0.1162)	0.234 (0.234)	96.09 (96.09)
[100/469]	0.0046 (0.0114)	0.0002 (0.0069)	0.206 (0.261)	97.66 (95.81)
[200/469]	0.0046 (0.0108)	0.0002 (0.0063)	0.240 (0.255)	96.09 (96.03)
[300/469]	0.0210 (0.0106)	0.0165 (0.0061)	0.189 (0.251)	98.44 (96.14)
[400/469]	0.0046 (0.0104)	0.0002 (0.0060)	0.246 (0.249)	97.66 (96.22)
[468/469]	0.0136 (0.0104)	0.0092 (0.0059)	0.239 (0.248)	95.83 (96.22)
 * Train Acc 96.217
 * Val Acc 96.340, Total time 0.92
Computing EWC
validation split name: 1
 * Val Acc 95.720, Total time 0.68
validation split name: 2
 * Val Acc 95.860, Total time 0.93
validation split name: 3
 * Val Acc 95.420, Total time 0.91
validation split name: 4
 * Val Acc 96.340, Total time 0.93
====================== 5 =======================
#reg_term: 4
Epoch:0
LR: 0.0001
Itr		Time		  Data		  Loss		Acc
[0/469]	0.1418 (0.1418)	0.1310 (0.1310)	3.961 (3.961)	14.06 (14.06)
[100/469]	0.0055 (0.0117)	0.0002 (0.0062)	0.338 (0.671)	96.09 (84.85)
[200/469]	0.0055 (0.0110)	0.0002 (0.0056)	0.395 (0.529)	93.75 (89.21)
[300/469]	0.0193 (0.0107)	0.0139 (0.0054)	0.346 (0.472)	95.31 (90.95)
[400/469]	0.0055 (0.0106)	0.0002 (0.0052)	0.321 (0.441)	95.31 (91.89)
[468/469]	0.0113 (0.0105)	0.0060 (0.0051)	0.344 (0.426)	93.75 (92.35)
 * Train Acc 92.348
 * Val Acc 95.540, Total time 0.98
Epoch:1
LR: 0.0001
Itr		Time		  Data		  Loss		Acc
[0/469]	0.1240 (0.1240)	0.1127 (0.1127)	0.313 (0.313)	96.88 (96.88)
[100/469]	0.0073 (0.0124)	0.0002 (0.0061)	0.375 (0.310)	92.97 (96.03)
[200/469]	0.0058 (0.0115)	0.0004 (0.0054)	0.304 (0.315)	96.09 (95.81)
[300/469]	0.0055 (0.0112)	0.0002 (0.0052)	0.449 (0.312)	89.84 (95.91)
[400/469]	0.0189 (0.0109)	0.0136 (0.0051)	0.353 (0.308)	95.31 (96.00)
[468/469]	0.0054 (0.0108)	0.0001 (0.0050)	0.274 (0.307)	97.92 (96.01)
 * Train Acc 96.008
 * Val Acc 96.250, Total time 0.94
Computing EWC
validation split name: 1
 * Val Acc 95.460, Total time 0.67
validation split name: 2
 * Val Acc 95.790, Total time 0.95
validation split name: 3
 * Val Acc 95.160, Total time 0.92
validation split name: 4
 * Val Acc 93.420, Total time 0.92
validation split name: 5
 * Val Acc 96.250, Total time 0.93
====================== 6 =======================
#reg_term: 5
Epoch:0
LR: 0.0001
Itr		Time		  Data		  Loss		Acc
[0/469]	0.1292 (0.1292)	0.1182 (0.1182)	4.799 (4.799)	3.91 (3.91)
[100/469]	0.0065 (0.0113)	0.0002 (0.0049)	0.399 (0.765)	96.09 (84.32)
[200/469]	0.0065 (0.0107)	0.0002 (0.0044)	0.431 (0.614)	94.53 (88.75)
[300/469]	0.0175 (0.0106)	0.0111 (0.0042)	0.495 (0.553)	92.19 (90.51)
[400/469]	0.0064 (0.0105)	0.0002 (0.0041)	0.445 (0.518)	91.41 (91.58)
[468/469]	0.0100 (0.0104)	0.0037 (0.0041)	0.505 (0.501)	90.62 (92.05)
 * Train Acc 92.050
 * Val Acc 95.030, Total time 0.93
Epoch:1
LR: 0.0001
Itr		Time		  Data		  Loss		Acc
[0/469]	0.1289 (0.1289)	0.1171 (0.1171)	0.400 (0.400)	94.53 (94.53)
[100/469]	0.0164 (0.0116)	0.0101 (0.0052)	0.309 (0.389)	98.44 (95.61)
[200/469]	0.0064 (0.0110)	0.0002 (0.0046)	0.408 (0.383)	93.75 (95.63)
[300/469]	0.0073 (0.0107)	0.0011 (0.0044)	0.339 (0.385)	97.66 (95.48)
[400/469]	0.0140 (0.0105)	0.0078 (0.0042)	0.351 (0.382)	96.88 (95.57)
[468/469]	0.0070 (0.0104)	0.0006 (0.0041)	0.435 (0.382)	92.71 (95.58)
 * Train Acc 95.582
 * Val Acc 95.680, Total time 0.95
Computing EWC
validation split name: 1
 * Val Acc 95.670, Total time 0.68
validation split name: 2
 * Val Acc 95.670, Total time 0.92
validation split name: 3
 * Val Acc 94.530, Total time 0.93
validation split name: 4
 * Val Acc 93.490, Total time 0.92
validation split name: 5
 * Val Acc 93.930, Total time 0.96
validation split name: 6
 * Val Acc 95.680, Total time 0.93
====================== 7 =======================
#reg_term: 6
Epoch:0
LR: 0.0001
Itr		Time		  Data		  Loss		Acc
[0/469]	0.1269 (0.1269)	0.1146 (0.1146)	4.386 (4.386)	6.25 (6.25)
[100/469]	0.0079 (0.0111)	0.0008 (0.0040)	0.620 (0.837)	88.28 (84.72)
[200/469]	0.0081 (0.0106)	0.0010 (0.0034)	0.498 (0.695)	93.75 (88.68)
[300/469]	0.0086 (0.0104)	0.0016 (0.0033)	0.602 (0.635)	91.41 (90.37)
[400/469]	0.0075 (0.0103)	0.0002 (0.0032)	0.422 (0.599)	96.09 (91.35)
[468/469]	0.0071 (0.0103)	0.0002 (0.0032)	0.482 (0.583)	95.83 (91.82)
 * Train Acc 91.820
 * Val Acc 94.800, Total time 0.90
Epoch:1
LR: 0.0001
Itr		Time		  Data		  Loss		Acc
[0/469]	0.1289 (0.1289)	0.1163 (0.1163)	0.494 (0.494)	94.53 (94.53)
[100/469]	0.0152 (0.0117)	0.0082 (0.0043)	0.456 (0.479)	94.53 (94.68)
[200/469]	0.0074 (0.0109)	0.0002 (0.0036)	0.433 (0.473)	96.09 (94.91)
[300/469]	0.0143 (0.0106)	0.0070 (0.0033)	0.448 (0.472)	94.53 (94.92)
[400/469]	0.0082 (0.0105)	0.0010 (0.0032)	0.463 (0.469)	93.75 (94.98)
[468/469]	0.0087 (0.0104)	0.0017 (0.0031)	0.583 (0.468)	95.83 (95.01)
 * Train Acc 95.013
 * Val Acc 95.470, Total time 0.91
Computing EWC
validation split name: 1
 * Val Acc 95.320, Total time 0.67
validation split name: 2
 * Val Acc 95.100, Total time 0.91
validation split name: 3
 * Val Acc 94.620, Total time 0.91
validation split name: 4
 * Val Acc 92.850, Total time 0.93
validation split name: 5
 * Val Acc 92.310, Total time 0.93
validation split name: 6
 * Val Acc 89.620, Total time 0.95
validation split name: 7
 * Val Acc 95.470, Total time 0.92
====================== 8 =======================
#reg_term: 7
Epoch:0
LR: 0.0001
Itr		Time		  Data		  Loss		Acc
[0/469]	0.1313 (0.1313)	0.1188 (0.1188)	3.870 (3.870)	8.59 (8.59)
[100/469]	0.0141 (0.0119)	0.0060 (0.0039)	0.678 (0.871)	91.41 (85.13)
[200/469]	0.0082 (0.0110)	0.0002 (0.0029)	0.659 (0.747)	87.50 (88.83)
[300/469]	0.0082 (0.0107)	0.0002 (0.0026)	0.599 (0.694)	93.75 (90.38)
[400/469]	0.0173 (0.0106)	0.0068 (0.0025)	0.646 (0.666)	92.97 (91.19)
[468/469]	0.0081 (0.0106)	0.0001 (0.0025)	0.548 (0.652)	94.79 (91.61)
 * Train Acc 91.608
 * Val Acc 94.500, Total time 0.92
Epoch:1
LR: 0.0001
Itr		Time		  Data		  Loss		Acc
[0/469]	0.1464 (0.1464)	0.1338 (0.1338)	0.568 (0.568)	91.41 (91.41)
[100/469]	0.0081 (0.0114)	0.0002 (0.0033)	0.565 (0.554)	92.19 (94.51)
[200/469]	0.0138 (0.0108)	0.0057 (0.0028)	0.541 (0.558)	96.09 (94.48)
[300/469]	0.0083 (0.0107)	0.0002 (0.0026)	0.509 (0.556)	96.88 (94.59)
[400/469]	0.0104 (0.0106)	0.0002 (0.0025)	0.542 (0.555)	96.09 (94.62)
[468/469]	0.0080 (0.0106)	0.0001 (0.0025)	0.579 (0.554)	92.71 (94.67)
 * Train Acc 94.668
 * Val Acc 95.040, Total time 0.91
Computing EWC
validation split name: 1
 * Val Acc 95.370, Total time 0.68
validation split name: 2
 * Val Acc 95.960, Total time 0.92
validation split name: 3
 * Val Acc 94.350, Total time 0.96
validation split name: 4
 * Val Acc 93.680, Total time 0.92
validation split name: 5
 * Val Acc 92.200, Total time 0.92
validation split name: 6
 * Val Acc 88.420, Total time 0.95
validation split name: 7
 * Val Acc 87.390, Total time 0.91
validation split name: 8
 * Val Acc 95.040, Total time 0.92
====================== 9 =======================
#reg_term: 8
Epoch:0
LR: 0.0001
Itr		Time		  Data		  Loss		Acc
[0/469]	0.1316 (0.1316)	0.1168 (0.1168)	3.882 (3.882)	9.38 (9.38)
[100/469]	0.0107 (0.0112)	0.0018 (0.0023)	0.713 (0.964)	89.06 (85.05)
[200/469]	0.0091 (0.0107)	0.0002 (0.0017)	0.704 (0.836)	92.19 (88.66)
[300/469]	0.0108 (0.0105)	0.0018 (0.0015)	0.628 (0.783)	93.75 (90.20)
[400/469]	0.0099 (0.0104)	0.0010 (0.0014)	0.585 (0.750)	96.88 (91.02)
[468/469]	0.0096 (0.0103)	0.0007 (0.0014)	0.575 (0.736)	96.88 (91.45)
 * Train Acc 91.455
 * Val Acc 93.950, Total time 0.92
Epoch:1
LR: 0.0001
Itr		Time		  Data		  Loss		Acc
[0/469]	0.1323 (0.1323)	0.1179 (0.1179)	0.592 (0.592)	94.53 (94.53)
[100/469]	0.0109 (0.0112)	0.0019 (0.0023)	0.636 (0.644)	95.31 (94.04)
[200/469]	0.0120 (0.0108)	0.0030 (0.0017)	0.593 (0.643)	96.09 (94.17)
[300/469]	0.0090 (0.0106)	0.0002 (0.0015)	0.861 (0.642)	86.72 (94.20)
[400/469]	0.0112 (0.0104)	0.0022 (0.0014)	0.622 (0.642)	93.75 (94.23)
[468/469]	0.0089 (0.0104)	0.0001 (0.0014)	0.678 (0.643)	91.67 (94.21)
 * Train Acc 94.213
 * Val Acc 94.170, Total time 0.92
Computing EWC
validation split name: 1
 * Val Acc 95.250, Total time 0.70
validation split name: 2
 * Val Acc 95.440, Total time 0.92
validation split name: 3
 * Val Acc 94.800, Total time 0.95
validation split name: 4
 * Val Acc 92.760, Total time 0.93
validation split name: 5
 * Val Acc 91.830, Total time 0.93
validation split name: 6
 * Val Acc 85.960, Total time 0.91
validation split name: 7
 * Val Acc 83.200, Total time 0.92
validation split name: 8
 * Val Acc 83.490, Total time 0.97
validation split name: 9
 * Val Acc 94.170, Total time 0.92
====================== 10 =======================
#reg_term: 9
Epoch:0
LR: 0.0001
Itr		Time		  Data		  Loss		Acc
[0/469]	0.1318 (0.1318)	0.1174 (0.1174)	4.484 (4.484)	7.03 (7.03)
[100/469]	0.0132 (0.0130)	0.0007 (0.0023)	0.868 (1.100)	88.28 (84.15)
[200/469]	0.0134 (0.0131)	0.0009 (0.0016)	0.732 (0.948)	92.19 (88.07)
[300/469]	0.0102 (0.0126)	0.0007 (0.0013)	0.826 (0.891)	91.41 (89.58)
[400/469]	0.0103 (0.0121)	0.0008 (0.0012)	0.767 (0.857)	89.06 (90.45)
[468/469]	0.0103 (0.0118)	0.0006 (0.0011)	0.730 (0.844)	93.75 (90.82)
 * Train Acc 90.817
 * Val Acc 93.620, Total time 0.98
Epoch:1
LR: 0.0001
Itr		Time		  Data		  Loss		Acc
[0/469]	0.1342 (0.1342)	0.1190 (0.1190)	0.812 (0.812)	92.97 (92.97)
[100/469]	0.0135 (0.0139)	0.0008 (0.0021)	0.702 (0.743)	95.31 (93.54)
[200/469]	0.0104 (0.0135)	0.0007 (0.0015)	0.753 (0.745)	94.53 (93.45)
[300/469]	0.0104 (0.0125)	0.0008 (0.0013)	0.730 (0.745)	94.53 (93.55)
[400/469]	0.0103 (0.0120)	0.0007 (0.0011)	0.681 (0.746)	94.53 (93.54)
[468/469]	0.0101 (0.0117)	0.0006 (0.0011)	0.902 (0.745)	89.58 (93.54)
 * Train Acc 93.537
 * Val Acc 92.720, Total time 0.91
Computing EWC
validation split name: 1
 * Val Acc 94.610, Total time 0.67
validation split name: 2
 * Val Acc 95.020, Total time 0.94
validation split name: 3
 * Val Acc 94.750, Total time 0.93
validation split name: 4
 * Val Acc 92.920, Total time 0.90
validation split name: 5
 * Val Acc 92.150, Total time 0.91
validation split name: 6
 * Val Acc 87.150, Total time 0.96
validation split name: 7
 * Val Acc 84.040, Total time 0.92
validation split name: 8
 * Val Acc 86.380, Total time 0.90
validation split name: 9
 * Val Acc 84.810, Total time 0.93
validation split name: 10
 * Val Acc 92.720, Total time 0.91
OrderedDict([('1', OrderedDict([('1', 96.32), ('2', 95.63), ('3', 95.45), ('4', 95.72), ('5', 95.46), ('6', 95.67), ('7', 95.32), ('8', 95.37), ('9', 95.25), ('10', 94.61)])), ('2', OrderedDict([('2', 96.9), ('3', 96.58), ('4', 95.86), ('5', 95.79), ('6', 95.67), ('7', 95.1), ('8', 95.96), ('9', 95.44), ('10', 95.02)])), ('3', OrderedDict([('3', 96.85), ('4', 95.42), ('5', 95.16), ('6', 94.53), ('7', 94.62), ('8', 94.35), ('9', 94.8), ('10', 94.75)])), ('4', OrderedDict([('4', 96.34), ('5', 93.42), ('6', 93.49), ('7', 92.85), ('8', 93.68), ('9', 92.76), ('10', 92.92)])), ('5', OrderedDict([('5', 96.25), ('6', 93.93), ('7', 92.31), ('8', 92.2), ('9', 91.83), ('10', 92.15)])), ('6', OrderedDict([('6', 95.68), ('7', 89.62), ('8', 88.42), ('9', 85.96), ('10', 87.15)])), ('7', OrderedDict([('7', 95.47), ('8', 87.39), ('9', 83.2), ('10', 84.04)])), ('8', OrderedDict([('8', 95.04), ('9', 83.49), ('10', 86.38)])), ('9', OrderedDict([('9', 94.17), ('10', 84.81)])), ('10', OrderedDict([('10', 92.72)]))])
Task 1 average acc: 96.32
Task 2 average acc: 96.265
Task 3 average acc: 96.29333333333334
Task 4 average acc: 95.83500000000001
Task 5 average acc: 95.216
Task 6 average acc: 94.82833333333333
Task 7 average acc: 93.61285714285714
Task 8 average acc: 92.80124999999998
Task 9 average acc: 90.76666666666667
Task 10 average acc: 90.455
===Summary of experiment repeats: 3 / 5 ===
The regularization coefficient: 150.0
The last avg acc of all repeats: [88.897 89.218 90.455  0.     0.   ]
mean: 53.714 std: 43.86038344109636
MLP(
  (linear): Sequential(
    (0): Linear(in_features=1024, out_features=1000, bias=True)
    (1): ReLU(inplace=True)
    (2): Linear(in_features=1000, out_features=1000, bias=True)
    (3): ReLU(inplace=True)
  )
  (last): ModuleDict(
    (All): Linear(in_features=1000, out_features=10, bias=True)
  )
)
#parameter of model: 2036010
Task order: ['1', '2', '3', '4', '5', '6', '7', '8', '9', '10']
====================== 1 =======================
#reg_term: 0
Epoch:0
LR: 0.0001
Itr		Time		  Data		  Loss		Acc
[0/469]	0.1242 (0.1242)	0.1179 (0.1179)	2.290 (2.290)	13.28 (13.28)
[100/469]	0.0021 (0.0087)	0.0001 (0.0066)	0.434 (0.804)	87.50 (82.37)
[200/469]	0.0021 (0.0080)	0.0001 (0.0060)	0.309 (0.564)	90.62 (86.50)
[300/469]	0.0181 (0.0079)	0.0156 (0.0058)	0.274 (0.462)	92.19 (88.44)
[400/469]	0.0021 (0.0078)	0.0001 (0.0056)	0.135 (0.402)	96.09 (89.71)
[468/469]	0.0125 (0.0079)	0.0108 (0.0056)	0.365 (0.373)	91.67 (90.34)
 * Train Acc 90.342
 * Val Acc 94.470, Total time 0.72
Epoch:1
LR: 0.0001
Itr		Time		  Data		  Loss		Acc
[0/469]	0.1243 (0.1243)	0.1185 (0.1185)	0.075 (0.075)	97.66 (97.66)
[100/469]	0.0030 (0.0088)	0.0002 (0.0063)	0.152 (0.158)	96.09 (95.41)
[200/469]	0.0175 (0.0082)	0.0155 (0.0058)	0.194 (0.156)	94.53 (95.45)
[300/469]	0.0020 (0.0078)	0.0001 (0.0056)	0.129 (0.153)	97.66 (95.56)
[400/469]	0.0019 (0.0076)	0.0001 (0.0055)	0.142 (0.148)	93.75 (95.69)
[468/469]	0.0018 (0.0075)	0.0001 (0.0054)	0.116 (0.146)	95.83 (95.75)
 * Train Acc 95.752
 * Val Acc 96.250, Total time 0.71
Computing EWC
validation split name: 1
 * Val Acc 96.250, Total time 0.67
====================== 2 =======================
#reg_term: 1
Epoch:0
LR: 0.0001
Itr		Time		  Data		  Loss		Acc
[0/469]	0.1239 (0.1239)	0.1166 (0.1166)	2.674 (2.674)	14.06 (14.06)
[100/469]	0.0029 (0.0116)	0.0002 (0.0087)	0.253 (0.498)	96.09 (84.99)
[200/469]	0.0242 (0.0109)	0.0214 (0.0080)	0.143 (0.371)	96.09 (89.14)
[300/469]	0.0031 (0.0107)	0.0002 (0.0078)	0.154 (0.316)	95.31 (90.84)
[400/469]	0.0029 (0.0107)	0.0002 (0.0077)	0.164 (0.285)	96.88 (91.81)
[468/469]	0.0031 (0.0106)	0.0001 (0.0076)	0.193 (0.267)	96.88 (92.38)
 * Train Acc 92.380
 * Val Acc 95.700, Total time 0.93
Epoch:1
LR: 0.0001
Itr		Time		  Data		  Loss		Acc
[0/469]	0.1392 (0.1392)	0.1309 (0.1309)	0.169 (0.169)	95.31 (95.31)
[100/469]	0.0028 (0.0123)	0.0001 (0.0095)	0.137 (0.147)	96.88 (96.29)
[200/469]	0.0028 (0.0113)	0.0001 (0.0084)	0.222 (0.146)	95.31 (96.38)
[300/469]	0.0037 (0.0109)	0.0010 (0.0080)	0.110 (0.146)	97.66 (96.42)
[400/469]	0.0244 (0.0107)	0.0216 (0.0079)	0.139 (0.145)	95.31 (96.48)
[468/469]	0.0033 (0.0106)	0.0006 (0.0078)	0.239 (0.143)	95.83 (96.54)
 * Train Acc 96.543
 * Val Acc 96.850, Total time 0.91
Computing EWC
validation split name: 1
 * Val Acc 95.920, Total time 0.69
validation split name: 2
 * Val Acc 96.850, Total time 0.92
====================== 3 =======================
#reg_term: 2
Epoch:0
LR: 0.0001
Itr		Time		  Data		  Loss		Acc
[0/469]	0.1260 (0.1260)	0.1175 (0.1175)	3.524 (3.524)	12.50 (12.50)
[100/469]	0.0216 (0.0117)	0.0179 (0.0079)	0.311 (0.533)	92.19 (85.12)
[200/469]	0.0051 (0.0116)	0.0002 (0.0073)	0.346 (0.407)	91.41 (89.16)
[300/469]	0.0038 (0.0111)	0.0001 (0.0071)	0.186 (0.351)	97.66 (91.06)
[400/469]	0.0224 (0.0109)	0.0187 (0.0070)	0.216 (0.320)	94.53 (92.08)
[468/469]	0.0037 (0.0108)	0.0001 (0.0069)	0.200 (0.306)	96.88 (92.54)
 * Train Acc 92.542
 * Val Acc 96.050, Total time 0.93
Epoch:1
LR: 0.0001
Itr		Time		  Data		  Loss		Acc
[0/469]	0.1447 (0.1447)	0.1364 (0.1364)	0.139 (0.139)	99.22 (99.22)
[100/469]	0.0038 (0.0115)	0.0001 (0.0078)	0.164 (0.192)	96.88 (96.38)
[200/469]	0.0038 (0.0110)	0.0002 (0.0071)	0.228 (0.190)	94.53 (96.33)
[300/469]	0.0226 (0.0107)	0.0190 (0.0070)	0.129 (0.188)	97.66 (96.38)
[400/469]	0.0038 (0.0105)	0.0002 (0.0068)	0.161 (0.186)	96.09 (96.48)
[468/469]	0.0037 (0.0105)	0.0001 (0.0068)	0.182 (0.185)	95.83 (96.49)
 * Train Acc 96.493
 * Val Acc 96.700, Total time 1.12
Computing EWC
validation split name: 1
 * Val Acc 95.560, Total time 0.66
validation split name: 2
 * Val Acc 95.610, Total time 0.92
validation split name: 3
 * Val Acc 96.700, Total time 0.90
====================== 4 =======================
#reg_term: 3
Epoch:0
LR: 0.0001
Itr		Time		  Data		  Loss		Acc
[0/469]	0.1275 (0.1275)	0.1177 (0.1177)	3.439 (3.439)	8.59 (8.59)
[100/469]	0.0206 (0.0115)	0.0160 (0.0067)	0.292 (0.584)	94.53 (85.24)
[200/469]	0.0203 (0.0109)	0.0158 (0.0061)	0.264 (0.450)	95.31 (89.60)
[300/469]	0.0048 (0.0107)	0.0002 (0.0060)	0.263 (0.402)	95.31 (91.23)
[400/469]	0.0047 (0.0106)	0.0001 (0.0059)	0.229 (0.370)	96.88 (92.22)
[468/469]	0.0045 (0.0105)	0.0001 (0.0058)	0.342 (0.355)	90.62 (92.72)
 * Train Acc 92.715
 * Val Acc 95.920, Total time 0.92
Epoch:1
LR: 0.0001
Itr		Time		  Data		  Loss		Acc
[0/469]	0.1253 (0.1253)	0.1154 (0.1154)	0.208 (0.208)	96.88 (96.88)
[100/469]	0.0198 (0.0115)	0.0152 (0.0069)	0.335 (0.247)	97.66 (96.29)
[200/469]	0.0054 (0.0108)	0.0008 (0.0062)	0.217 (0.244)	98.44 (96.19)
[300/469]	0.0047 (0.0105)	0.0001 (0.0060)	0.220 (0.243)	97.66 (96.28)
[400/469]	0.0209 (0.0104)	0.0164 (0.0059)	0.165 (0.241)	99.22 (96.32)
[468/469]	0.0046 (0.0103)	0.0001 (0.0058)	0.206 (0.241)	97.92 (96.33)
 * Train Acc 96.333
 * Val Acc 96.720, Total time 0.91
Computing EWC
validation split name: 1
 * Val Acc 95.600, Total time 0.72
validation split name: 2
 * Val Acc 95.990, Total time 0.91
validation split name: 3
 * Val Acc 95.530, Total time 0.92
validation split name: 4
 * Val Acc 96.720, Total time 0.90
====================== 5 =======================
#reg_term: 4
Epoch:0
LR: 0.0001
Itr		Time		  Data		  Loss		Acc
[0/469]	0.1260 (0.1260)	0.1154 (0.1154)	4.062 (4.062)	10.16 (10.16)
[100/469]	0.0181 (0.0116)	0.0127 (0.0061)	0.469 (0.660)	92.19 (85.04)
[200/469]	0.0082 (0.0108)	0.0028 (0.0053)	0.347 (0.533)	94.53 (89.07)
[300/469]	0.0064 (0.0105)	0.0010 (0.0051)	0.413 (0.474)	92.97 (90.92)
[400/469]	0.0109 (0.0104)	0.0055 (0.0050)	0.279 (0.443)	98.44 (91.91)
[468/469]	0.0055 (0.0103)	0.0001 (0.0049)	0.382 (0.428)	94.79 (92.36)
 * Train Acc 92.363
 * Val Acc 95.560, Total time 0.93
Epoch:1
LR: 0.0001
Itr		Time		  Data		  Loss		Acc
[0/469]	0.1328 (0.1328)	0.1223 (0.1223)	0.323 (0.323)	93.75 (93.75)
[100/469]	0.0055 (0.0113)	0.0002 (0.0058)	0.327 (0.317)	94.53 (95.82)
[200/469]	0.0055 (0.0107)	0.0002 (0.0053)	0.307 (0.314)	97.66 (96.00)
[300/469]	0.0200 (0.0105)	0.0145 (0.0051)	0.292 (0.314)	97.66 (96.04)
[400/469]	0.0055 (0.0104)	0.0002 (0.0050)	0.376 (0.314)	91.41 (96.01)
[468/469]	0.0121 (0.0104)	0.0067 (0.0050)	0.360 (0.314)	91.67 (95.99)
 * Train Acc 95.990
 * Val Acc 95.970, Total time 0.94
Computing EWC
validation split name: 1
 * Val Acc 95.540, Total time 0.67
validation split name: 2
 * Val Acc 95.540, Total time 0.97
validation split name: 3
 * Val Acc 95.100, Total time 0.92
validation split name: 4
 * Val Acc 94.540, Total time 0.92
validation split name: 5
 * Val Acc 95.970, Total time 0.92
====================== 6 =======================
#reg_term: 5
Epoch:0
LR: 0.0001
Itr		Time		  Data		  Loss		Acc
[0/469]	0.1275 (0.1275)	0.1158 (0.1158)	3.946 (3.946)	12.50 (12.50)
[100/469]	0.0064 (0.0112)	0.0002 (0.0049)	0.452 (0.733)	94.53 (85.27)
[200/469]	0.0072 (0.0107)	0.0008 (0.0043)	0.461 (0.603)	92.19 (89.12)
[300/469]	0.0161 (0.0105)	0.0099 (0.0041)	0.363 (0.547)	96.88 (90.77)
[400/469]	0.0065 (0.0104)	0.0002 (0.0040)	0.437 (0.514)	93.75 (91.71)
[468/469]	0.0097 (0.0103)	0.0034 (0.0040)	0.396 (0.499)	95.83 (92.17)
 * Train Acc 92.170
 * Val Acc 95.010, Total time 0.91
Epoch:1
LR: 0.0001
Itr		Time		  Data		  Loss		Acc
[0/469]	0.1267 (0.1267)	0.1149 (0.1149)	0.353 (0.353)	98.44 (98.44)
[100/469]	0.0079 (0.0112)	0.0017 (0.0049)	0.437 (0.387)	92.97 (95.64)
[200/469]	0.0065 (0.0106)	0.0002 (0.0044)	0.429 (0.390)	95.31 (95.39)
[300/469]	0.0075 (0.0105)	0.0012 (0.0042)	0.358 (0.390)	95.31 (95.37)
[400/469]	0.0166 (0.0104)	0.0101 (0.0041)	0.464 (0.387)	92.97 (95.50)
[468/469]	0.0064 (0.0104)	0.0001 (0.0040)	0.434 (0.388)	94.79 (95.44)
 * Train Acc 95.438
 * Val Acc 95.760, Total time 0.94
Computing EWC
validation split name: 1
 * Val Acc 95.750, Total time 0.68
validation split name: 2
 * Val Acc 95.850, Total time 0.95
validation split name: 3
 * Val Acc 95.130, Total time 0.91
validation split name: 4
 * Val Acc 94.180, Total time 0.94
validation split name: 5
 * Val Acc 92.850, Total time 0.97
validation split name: 6
 * Val Acc 95.760, Total time 0.94
====================== 7 =======================
#reg_term: 6
Epoch:0
LR: 0.0001
Itr		Time		  Data		  Loss		Acc
[0/469]	0.1308 (0.1308)	0.1175 (0.1175)	4.170 (4.170)	9.38 (9.38)
[100/469]	0.0142 (0.0116)	0.0070 (0.0042)	0.543 (0.833)	94.53 (84.96)
[200/469]	0.0073 (0.0108)	0.0002 (0.0035)	0.528 (0.686)	94.53 (88.97)
[300/469]	0.0081 (0.0105)	0.0010 (0.0033)	0.534 (0.628)	93.75 (90.47)
[400/469]	0.0142 (0.0104)	0.0071 (0.0032)	0.511 (0.597)	94.53 (91.40)
[468/469]	0.0078 (0.0103)	0.0006 (0.0032)	0.447 (0.580)	94.79 (91.88)
 * Train Acc 91.878
 * Val Acc 94.950, Total time 0.95
Epoch:1
LR: 0.0001
Itr		Time		  Data		  Loss		Acc
[0/469]	0.1163 (0.1163)	0.1038 (0.1038)	0.506 (0.506)	91.41 (91.41)
[100/469]	0.0072 (0.0112)	0.0002 (0.0041)	0.473 (0.472)	92.97 (94.88)
[200/469]	0.0071 (0.0107)	0.0002 (0.0035)	0.505 (0.470)	91.41 (95.05)
[300/469]	0.0154 (0.0105)	0.0083 (0.0034)	0.445 (0.467)	95.31 (95.12)
[400/469]	0.0073 (0.0104)	0.0002 (0.0033)	0.463 (0.469)	96.09 (95.07)
[468/469]	0.0086 (0.0103)	0.0014 (0.0032)	0.404 (0.468)	95.83 (95.10)
 * Train Acc 95.098
 * Val Acc 95.080, Total time 0.99
Computing EWC
validation split name: 1
 * Val Acc 95.130, Total time 0.70
validation split name: 2
 * Val Acc 95.960, Total time 0.92
validation split name: 3
 * Val Acc 94.930, Total time 0.96
validation split name: 4
 * Val Acc 94.220, Total time 0.92
validation split name: 5
 * Val Acc 92.360, Total time 0.92
validation split name: 6
 * Val Acc 90.970, Total time 0.94
validation split name: 7
 * Val Acc 95.080, Total time 0.91
====================== 8 =======================
#reg_term: 7
Epoch:0
LR: 0.0001
Itr		Time		  Data		  Loss		Acc
[0/469]	0.1283 (0.1283)	0.1151 (0.1151)	3.697 (3.697)	8.59 (8.59)
[100/469]	0.0141 (0.0118)	0.0060 (0.0037)	0.689 (0.897)	90.62 (84.78)
[200/469]	0.0081 (0.0109)	0.0002 (0.0028)	0.601 (0.759)	92.97 (88.85)
[300/469]	0.0082 (0.0106)	0.0002 (0.0025)	0.664 (0.705)	93.75 (90.36)
[400/469]	0.0137 (0.0104)	0.0056 (0.0024)	0.552 (0.674)	96.09 (91.29)
[468/469]	0.0081 (0.0104)	0.0001 (0.0023)	0.678 (0.662)	91.67 (91.65)
 * Train Acc 91.652
 * Val Acc 94.230, Total time 0.92
Epoch:1
LR: 0.0001
Itr		Time		  Data		  Loss		Acc
[0/469]	0.1323 (0.1323)	0.1188 (0.1188)	0.572 (0.572)	93.75 (93.75)
[100/469]	0.0095 (0.0113)	0.0015 (0.0031)	0.473 (0.561)	98.44 (94.76)
[200/469]	0.0082 (0.0107)	0.0002 (0.0025)	0.580 (0.561)	96.09 (94.62)
[300/469]	0.0092 (0.0105)	0.0011 (0.0023)	0.651 (0.561)	92.97 (94.53)
[400/469]	0.0128 (0.0104)	0.0046 (0.0022)	0.532 (0.561)	95.31 (94.55)
[468/469]	0.0082 (0.0104)	0.0001 (0.0022)	0.632 (0.562)	92.71 (94.54)
 * Train Acc 94.537
 * Val Acc 94.610, Total time 0.92
Computing EWC
validation split name: 1
 * Val Acc 95.280, Total time 0.69
validation split name: 2
 * Val Acc 95.760, Total time 0.97
validation split name: 3
 * Val Acc 94.740, Total time 0.92
validation split name: 4
 * Val Acc 92.880, Total time 0.94
validation split name: 5
 * Val Acc 92.010, Total time 0.91
validation split name: 6
 * Val Acc 89.280, Total time 0.92
validation split name: 7
 * Val Acc 85.050, Total time 0.94
validation split name: 8
 * Val Acc 94.610, Total time 0.94
====================== 9 =======================
#reg_term: 8
Epoch:0
LR: 0.0001
Itr		Time		  Data		  Loss		Acc
[0/469]	0.1320 (0.1320)	0.1178 (0.1178)	4.666 (4.666)	11.72 (11.72)
[100/469]	0.0093 (0.0113)	0.0002 (0.0023)	0.795 (1.032)	89.84 (83.94)
[200/469]	0.0093 (0.0108)	0.0002 (0.0018)	0.723 (0.881)	92.19 (88.02)
[300/469]	0.0109 (0.0106)	0.0019 (0.0015)	0.656 (0.817)	91.41 (89.68)
[400/469]	0.0092 (0.0105)	0.0002 (0.0014)	0.661 (0.780)	94.53 (90.64)
[468/469]	0.0100 (0.0104)	0.0009 (0.0014)	0.563 (0.762)	96.88 (91.11)
 * Train Acc 91.112
 * Val Acc 93.780, Total time 0.94
Epoch:1
LR: 0.0001
Itr		Time		  Data		  Loss		Acc
[0/469]	0.1195 (0.1195)	0.1047 (0.1047)	0.667 (0.667)	94.53 (94.53)
[100/469]	0.0102 (0.0113)	0.0012 (0.0023)	0.646 (0.641)	93.75 (94.22)
[200/469]	0.0091 (0.0107)	0.0002 (0.0018)	0.546 (0.648)	97.66 (94.13)
[300/469]	0.0110 (0.0105)	0.0021 (0.0016)	0.702 (0.652)	90.62 (94.03)
[400/469]	0.0103 (0.0104)	0.0016 (0.0015)	0.581 (0.653)	95.31 (94.00)
[468/469]	0.0092 (0.0103)	0.0005 (0.0015)	0.664 (0.655)	93.75 (93.92)
 * Train Acc 93.917
 * Val Acc 94.190, Total time 0.94
Computing EWC
validation split name: 1
 * Val Acc 95.140, Total time 0.68
validation split name: 2
 * Val Acc 95.930, Total time 0.96
validation split name: 3
 * Val Acc 95.260, Total time 0.93
validation split name: 4
 * Val Acc 94.490, Total time 0.92
validation split name: 5
 * Val Acc 91.980, Total time 0.92
validation split name: 6
 * Val Acc 88.440, Total time 0.91
validation split name: 7
 * Val Acc 84.840, Total time 0.90
validation split name: 8
 * Val Acc 82.150, Total time 0.92
validation split name: 9
 * Val Acc 94.190, Total time 0.92
====================== 10 =======================
#reg_term: 9
Epoch:0
LR: 0.0001
Itr		Time		  Data		  Loss		Acc
[0/469]	0.1378 (0.1378)	0.1196 (0.1196)	4.440 (4.440)	6.25 (6.25)
[100/469]	0.0103 (0.0119)	0.0007 (0.0020)	0.906 (1.129)	89.84 (83.77)
[200/469]	0.0102 (0.0112)	0.0006 (0.0014)	0.797 (0.971)	91.41 (87.82)
[300/469]	0.0110 (0.0110)	0.0012 (0.0012)	0.760 (0.912)	93.75 (89.26)
[400/469]	0.0111 (0.0109)	0.0011 (0.0011)	0.747 (0.878)	91.41 (90.25)
[468/469]	0.0104 (0.0108)	0.0006 (0.0011)	0.758 (0.862)	92.71 (90.66)
 * Train Acc 90.655
 * Val Acc 93.090, Total time 0.92
Epoch:1
LR: 0.0001
Itr		Time		  Data		  Loss		Acc
[0/469]	0.1304 (0.1304)	0.1159 (0.1159)	0.797 (0.797)	92.19 (92.19)
[100/469]	0.0104 (0.0118)	0.0007 (0.0020)	0.750 (0.765)	95.31 (93.31)
[200/469]	0.0102 (0.0111)	0.0007 (0.0014)	0.731 (0.758)	92.97 (93.49)
[300/469]	0.0102 (0.0109)	0.0007 (0.0012)	0.689 (0.757)	95.31 (93.53)
[400/469]	0.0102 (0.0107)	0.0006 (0.0011)	0.717 (0.758)	95.31 (93.54)
[468/469]	0.0104 (0.0107)	0.0007 (0.0010)	0.695 (0.757)	95.83 (93.57)
 * Train Acc 93.568
 * Val Acc 93.720, Total time 0.90
Computing EWC
validation split name: 1
 * Val Acc 95.040, Total time 0.68
validation split name: 2
 * Val Acc 94.980, Total time 0.94
validation split name: 3
 * Val Acc 94.720, Total time 0.92
validation split name: 4
 * Val Acc 93.410, Total time 0.91
validation split name: 5
 * Val Acc 92.420, Total time 0.96
validation split name: 6
 * Val Acc 86.350, Total time 0.92
validation split name: 7
 * Val Acc 83.230, Total time 0.92
validation split name: 8
 * Val Acc 83.940, Total time 0.97
validation split name: 9
 * Val Acc 77.400, Total time 0.91
validation split name: 10
 * Val Acc 93.720, Total time 0.91
OrderedDict([('1', OrderedDict([('1', 96.25), ('2', 95.92), ('3', 95.56), ('4', 95.6), ('5', 95.54), ('6', 95.75), ('7', 95.13), ('8', 95.28), ('9', 95.14), ('10', 95.04)])), ('2', OrderedDict([('2', 96.85), ('3', 95.61), ('4', 95.99), ('5', 95.54), ('6', 95.85), ('7', 95.96), ('8', 95.76), ('9', 95.93), ('10', 94.98)])), ('3', OrderedDict([('3', 96.7), ('4', 95.53), ('5', 95.1), ('6', 95.13), ('7', 94.93), ('8', 94.74), ('9', 95.26), ('10', 94.72)])), ('4', OrderedDict([('4', 96.72), ('5', 94.54), ('6', 94.18), ('7', 94.22), ('8', 92.88), ('9', 94.49), ('10', 93.41)])), ('5', OrderedDict([('5', 95.97), ('6', 92.85), ('7', 92.36), ('8', 92.01), ('9', 91.98), ('10', 92.42)])), ('6', OrderedDict([('6', 95.76), ('7', 90.97), ('8', 89.28), ('9', 88.44), ('10', 86.35)])), ('7', OrderedDict([('7', 95.08), ('8', 85.05), ('9', 84.84), ('10', 83.23)])), ('8', OrderedDict([('8', 94.61), ('9', 82.15), ('10', 83.94)])), ('9', OrderedDict([('9', 94.19), ('10', 77.4)])), ('10', OrderedDict([('10', 93.72)]))])
Task 1 average acc: 96.25
Task 2 average acc: 96.38499999999999
Task 3 average acc: 95.95666666666666
Task 4 average acc: 95.96000000000001
Task 5 average acc: 95.33800000000001
Task 6 average acc: 94.92
Task 7 average acc: 94.09285714285716
Task 8 average acc: 92.45125
Task 9 average acc: 91.38000000000001
Task 10 average acc: 89.52099999999999
===Summary of experiment repeats: 4 / 5 ===
The regularization coefficient: 150.0
The last avg acc of all repeats: [88.897 89.218 90.455 89.521  0.   ]
mean: 71.6182 std: 35.812879646294846
MLP(
  (linear): Sequential(
    (0): Linear(in_features=1024, out_features=1000, bias=True)
    (1): ReLU(inplace=True)
    (2): Linear(in_features=1000, out_features=1000, bias=True)
    (3): ReLU(inplace=True)
  )
  (last): ModuleDict(
    (All): Linear(in_features=1000, out_features=10, bias=True)
  )
)
#parameter of model: 2036010
Task order: ['1', '2', '3', '4', '5', '6', '7', '8', '9', '10']
====================== 1 =======================
#reg_term: 0
Epoch:0
LR: 0.0001
Itr		Time		  Data		  Loss		Acc
[0/469]	0.1171 (0.1171)	0.1109 (0.1109)	2.312 (2.312)	6.25 (6.25)
[100/469]	0.0020 (0.0082)	0.0002 (0.0061)	0.411 (0.828)	85.94 (80.47)
[200/469]	0.0020 (0.0076)	0.0001 (0.0056)	0.386 (0.573)	90.62 (85.74)
[300/469]	0.0020 (0.0075)	0.0001 (0.0054)	0.191 (0.471)	95.31 (87.88)
[400/469]	0.0168 (0.0074)	0.0148 (0.0054)	0.151 (0.410)	94.53 (89.26)
[468/469]	0.0022 (0.0073)	0.0001 (0.0053)	0.137 (0.381)	96.88 (89.90)
 * Train Acc 89.897
 * Val Acc 94.630, Total time 0.69
Epoch:1
LR: 0.0001
Itr		Time		  Data		  Loss		Acc
[0/469]	0.1156 (0.1156)	0.1096 (0.1096)	0.210 (0.210)	90.62 (90.62)
[100/469]	0.0053 (0.0086)	0.0032 (0.0066)	0.144 (0.165)	96.09 (95.30)
[200/469]	0.0021 (0.0081)	0.0001 (0.0060)	0.106 (0.164)	96.88 (95.21)
[300/469]	0.0186 (0.0079)	0.0166 (0.0059)	0.155 (0.160)	94.53 (95.38)
[400/469]	0.0019 (0.0077)	0.0001 (0.0058)	0.091 (0.155)	96.09 (95.52)
[468/469]	0.0121 (0.0076)	0.0101 (0.0057)	0.127 (0.152)	95.83 (95.60)
 * Train Acc 95.600
 * Val Acc 96.350, Total time 0.69
Computing EWC
validation split name: 1
 * Val Acc 96.350, Total time 0.69
====================== 2 =======================
#reg_term: 1
Epoch:0
LR: 0.0001
Itr		Time		  Data		  Loss		Acc
[0/469]	0.1222 (0.1222)	0.1151 (0.1151)	2.685 (2.685)	7.81 (7.81)
[100/469]	0.0035 (0.0115)	0.0001 (0.0085)	0.202 (0.498)	92.97 (84.61)
[200/469]	0.0029 (0.0109)	0.0001 (0.0079)	0.231 (0.372)	95.31 (88.95)
[300/469]	0.0236 (0.0107)	0.0209 (0.0078)	0.240 (0.319)	93.75 (90.75)
[400/469]	0.0029 (0.0106)	0.0002 (0.0077)	0.179 (0.285)	96.09 (91.90)
[468/469]	0.0169 (0.0105)	0.0142 (0.0076)	0.142 (0.268)	95.83 (92.45)
 * Train Acc 92.448
 * Val Acc 95.800, Total time 0.91
Epoch:1
LR: 0.0001
Itr		Time		  Data		  Loss		Acc
[0/469]	0.1361 (0.1361)	0.1287 (0.1287)	0.139 (0.139)	96.88 (96.88)
[100/469]	0.0135 (0.0120)	0.0107 (0.0086)	0.163 (0.155)	96.09 (96.26)
[200/469]	0.0197 (0.0111)	0.0167 (0.0079)	0.112 (0.148)	98.44 (96.52)
[300/469]	0.0045 (0.0108)	0.0014 (0.0077)	0.183 (0.146)	93.75 (96.53)
[400/469]	0.0027 (0.0106)	0.0001 (0.0076)	0.206 (0.144)	93.75 (96.58)
[468/469]	0.0032 (0.0105)	0.0006 (0.0076)	0.098 (0.144)	97.92 (96.59)
 * Train Acc 96.592
 * Val Acc 96.750, Total time 0.93
Computing EWC
validation split name: 1
 * Val Acc 96.050, Total time 0.69
validation split name: 2
 * Val Acc 96.750, Total time 0.98
====================== 3 =======================
#reg_term: 2
Epoch:0
LR: 0.0001
Itr		Time		  Data		  Loss		Acc
[0/469]	0.1177 (0.1177)	0.1090 (0.1090)	3.280 (3.280)	9.38 (9.38)
[100/469]	0.0077 (0.0115)	0.0038 (0.0077)	0.256 (0.543)	92.97 (84.38)
[200/469]	0.0239 (0.0109)	0.0205 (0.0072)	0.208 (0.408)	94.53 (88.98)
[300/469]	0.0036 (0.0106)	0.0002 (0.0069)	0.317 (0.354)	94.53 (90.89)
[400/469]	0.0213 (0.0105)	0.0178 (0.0069)	0.165 (0.323)	97.66 (91.99)
[468/469]	0.0036 (0.0104)	0.0001 (0.0068)	0.295 (0.309)	90.62 (92.49)
 * Train Acc 92.488
 * Val Acc 96.120, Total time 0.92
Epoch:1
LR: 0.0001
Itr		Time		  Data		  Loss		Acc
[0/469]	0.1248 (0.1248)	0.1161 (0.1161)	0.182 (0.182)	96.88 (96.88)
[100/469]	0.0048 (0.0114)	0.0012 (0.0077)	0.213 (0.196)	95.31 (96.22)
[200/469]	0.0038 (0.0107)	0.0002 (0.0070)	0.160 (0.194)	97.66 (96.23)
[300/469]	0.0216 (0.0105)	0.0180 (0.0068)	0.203 (0.192)	95.31 (96.35)
[400/469]	0.0037 (0.0103)	0.0001 (0.0067)	0.199 (0.189)	95.31 (96.45)
[468/469]	0.0147 (0.0103)	0.0111 (0.0066)	0.191 (0.188)	96.88 (96.50)
 * Train Acc 96.497
 * Val Acc 96.690, Total time 0.93
Computing EWC
validation split name: 1
 * Val Acc 95.650, Total time 0.69
validation split name: 2
 * Val Acc 96.380, Total time 0.93
validation split name: 3
 * Val Acc 96.690, Total time 0.92
====================== 4 =======================
#reg_term: 3
Epoch:0
LR: 0.0001
Itr		Time		  Data		  Loss		Acc
[0/469]	0.1257 (0.1257)	0.1162 (0.1162)	4.633 (4.633)	6.25 (6.25)
[100/469]	0.0062 (0.0111)	0.0017 (0.0065)	0.364 (0.658)	93.75 (83.58)
[200/469]	0.0054 (0.0106)	0.0009 (0.0061)	0.356 (0.498)	94.53 (88.53)
[300/469]	0.0047 (0.0105)	0.0002 (0.0059)	0.267 (0.435)	93.75 (90.38)
[400/469]	0.0144 (0.0105)	0.0098 (0.0059)	0.189 (0.397)	98.44 (91.55)
[468/469]	0.0046 (0.0104)	0.0001 (0.0059)	0.275 (0.380)	94.79 (92.08)
 * Train Acc 92.077
 * Val Acc 95.740, Total time 0.92
Epoch:1
LR: 0.0001
Itr		Time		  Data		  Loss		Acc
[0/469]	0.1247 (0.1247)	0.1155 (0.1155)	0.292 (0.292)	96.09 (96.09)
[100/469]	0.0047 (0.0113)	0.0002 (0.0067)	0.301 (0.250)	94.53 (96.12)
[200/469]	0.0047 (0.0108)	0.0002 (0.0062)	0.239 (0.249)	97.66 (96.04)
[300/469]	0.0214 (0.0106)	0.0170 (0.0061)	0.333 (0.249)	94.53 (96.14)
[400/469]	0.0046 (0.0105)	0.0001 (0.0060)	0.208 (0.248)	98.44 (96.21)
[468/469]	0.0132 (0.0105)	0.0088 (0.0060)	0.177 (0.247)	98.96 (96.20)
 * Train Acc 96.202
 * Val Acc 96.150, Total time 0.91
Computing EWC
validation split name: 1
 * Val Acc 94.860, Total time 0.69
validation split name: 2
 * Val Acc 96.000, Total time 0.92
validation split name: 3
 * Val Acc 94.800, Total time 0.93
validation split name: 4
 * Val Acc 96.150, Total time 0.92
====================== 5 =======================
#reg_term: 4
Epoch:0
LR: 0.0001
Itr		Time		  Data		  Loss		Acc
[0/469]	0.1394 (0.1394)	0.1293 (0.1293)	3.903 (3.903)	7.03 (7.03)
[100/469]	0.0056 (0.0115)	0.0002 (0.0060)	0.456 (0.655)	89.84 (85.09)
[200/469]	0.0120 (0.0107)	0.0066 (0.0053)	0.385 (0.526)	92.19 (89.12)
[300/469]	0.0088 (0.0105)	0.0034 (0.0051)	0.395 (0.470)	89.06 (90.89)
[400/469]	0.0055 (0.0103)	0.0001 (0.0049)	0.296 (0.439)	96.09 (91.88)
[468/469]	0.0054 (0.0103)	0.0001 (0.0049)	0.461 (0.424)	91.67 (92.33)
 * Train Acc 92.328
 * Val Acc 95.370, Total time 0.98
Epoch:1
LR: 0.0001
Itr		Time		  Data		  Loss		Acc
[0/469]	0.1305 (0.1305)	0.1202 (0.1202)	0.290 (0.290)	96.09 (96.09)
[100/469]	0.0195 (0.0118)	0.0142 (0.0064)	0.285 (0.308)	96.88 (95.98)
[200/469]	0.0055 (0.0109)	0.0002 (0.0055)	0.249 (0.312)	97.66 (96.00)
[300/469]	0.0055 (0.0106)	0.0002 (0.0052)	0.367 (0.313)	96.88 (95.89)
[400/469]	0.0191 (0.0105)	0.0138 (0.0051)	0.262 (0.312)	96.88 (95.92)
[468/469]	0.0054 (0.0104)	0.0001 (0.0050)	0.475 (0.311)	92.71 (95.95)
 * Train Acc 95.948
 * Val Acc 95.990, Total time 0.91
Computing EWC
validation split name: 1
 * Val Acc 95.750, Total time 0.68
validation split name: 2
 * Val Acc 96.160, Total time 0.93
validation split name: 3
 * Val Acc 95.150, Total time 0.93
validation split name: 4
 * Val Acc 95.040, Total time 0.90
validation split name: 5
 * Val Acc 95.990, Total time 0.91
====================== 6 =======================
#reg_term: 5
Epoch:0
LR: 0.0001
Itr		Time		  Data		  Loss		Acc
[0/469]	0.1281 (0.1281)	0.1161 (0.1161)	4.625 (4.625)	9.38 (9.38)
[100/469]	0.0130 (0.0117)	0.0066 (0.0044)	0.651 (0.774)	87.50 (84.53)
[200/469]	0.0071 (0.0110)	0.0009 (0.0042)	0.565 (0.627)	92.19 (88.79)
[300/469]	0.0064 (0.0107)	0.0002 (0.0041)	0.438 (0.562)	96.09 (90.57)
[400/469]	0.0074 (0.0106)	0.0010 (0.0040)	0.455 (0.526)	91.41 (91.58)
[468/469]	0.0059 (0.0105)	0.0001 (0.0040)	0.492 (0.509)	93.75 (92.02)
 * Train Acc 92.017
 * Val Acc 95.170, Total time 0.92
Epoch:1
LR: 0.0001
Itr		Time		  Data		  Loss		Acc
[0/469]	0.1282 (0.1282)	0.1166 (0.1166)	0.375 (0.375)	95.31 (95.31)
[100/469]	0.0065 (0.0113)	0.0002 (0.0049)	0.437 (0.390)	93.75 (95.38)
[200/469]	0.0183 (0.0108)	0.0120 (0.0045)	0.387 (0.391)	94.53 (95.31)
[300/469]	0.0064 (0.0107)	0.0002 (0.0044)	0.396 (0.392)	92.97 (95.41)
[400/469]	0.0064 (0.0106)	0.0002 (0.0043)	0.363 (0.390)	96.88 (95.47)
[468/469]	0.0063 (0.0106)	0.0001 (0.0043)	0.298 (0.388)	98.96 (95.55)
 * Train Acc 95.545
 * Val Acc 95.940, Total time 0.91
Computing EWC
validation split name: 1
 * Val Acc 95.950, Total time 0.68
validation split name: 2
 * Val Acc 96.080, Total time 0.91
validation split name: 3
 * Val Acc 95.470, Total time 0.98
validation split name: 4
 * Val Acc 94.520, Total time 0.95
validation split name: 5
 * Val Acc 93.980, Total time 0.97
validation split name: 6
 * Val Acc 95.940, Total time 0.96
====================== 7 =======================
#reg_term: 6
Epoch:0
LR: 0.0001
Itr		Time		  Data		  Loss		Acc
[0/469]	0.1375 (0.1375)	0.1251 (0.1251)	3.776 (3.776)	10.16 (10.16)
[100/469]	0.0095 (0.0134)	0.0002 (0.0048)	0.556 (0.787)	92.97 (85.83)
[200/469]	0.0073 (0.0119)	0.0002 (0.0039)	0.529 (0.663)	92.19 (89.40)
[300/469]	0.0155 (0.0113)	0.0084 (0.0036)	0.455 (0.615)	94.53 (90.74)
[400/469]	0.0073 (0.0110)	0.0002 (0.0034)	0.479 (0.586)	95.31 (91.61)
[468/469]	0.0082 (0.0109)	0.0011 (0.0034)	0.585 (0.574)	90.62 (91.97)
 * Train Acc 91.967
 * Val Acc 94.490, Total time 0.95
Epoch:1
LR: 0.0001
Itr		Time		  Data		  Loss		Acc
[0/469]	0.1284 (0.1284)	0.1163 (0.1163)	0.404 (0.404)	96.88 (96.88)
[100/469]	0.0163 (0.0119)	0.0091 (0.0046)	0.669 (0.480)	90.62 (94.90)
[200/469]	0.0073 (0.0110)	0.0002 (0.0037)	0.466 (0.478)	95.31 (94.85)
[300/469]	0.0073 (0.0106)	0.0002 (0.0034)	0.483 (0.473)	95.31 (95.01)
[400/469]	0.0179 (0.0105)	0.0086 (0.0033)	0.515 (0.474)	92.97 (95.04)
[468/469]	0.0078 (0.0104)	0.0007 (0.0032)	0.409 (0.473)	96.88 (95.10)
 * Train Acc 95.100
 * Val Acc 95.210, Total time 0.94
Computing EWC
validation split name: 1
 * Val Acc 95.730, Total time 0.68
validation split name: 2
 * Val Acc 96.220, Total time 0.95
validation split name: 3
 * Val Acc 95.000, Total time 0.93
validation split name: 4
 * Val Acc 94.480, Total time 0.91
validation split name: 5
 * Val Acc 93.640, Total time 0.97
validation split name: 6
 * Val Acc 84.580, Total time 0.90
validation split name: 7
 * Val Acc 95.210, Total time 0.93
====================== 8 =======================
#reg_term: 7
Epoch:0
LR: 0.0001
Itr		Time		  Data		  Loss		Acc
[0/469]	0.1181 (0.1181)	0.1061 (0.1061)	4.107 (4.107)	14.84 (14.84)
[100/469]	0.0139 (0.0116)	0.0059 (0.0035)	0.540 (0.910)	96.09 (84.78)
[200/469]	0.0082 (0.0108)	0.0002 (0.0028)	0.562 (0.763)	93.75 (88.92)
[300/469]	0.0082 (0.0105)	0.0002 (0.0025)	0.626 (0.707)	92.97 (90.46)
[400/469]	0.0083 (0.0105)	0.0002 (0.0024)	0.611 (0.672)	93.75 (91.38)
[468/469]	0.0088 (0.0104)	0.0008 (0.0024)	0.511 (0.656)	95.83 (91.84)
 * Train Acc 91.838
 * Val Acc 94.550, Total time 0.91
Epoch:1
LR: 0.0001
Itr		Time		  Data		  Loss		Acc
[0/469]	0.1355 (0.1355)	0.1228 (0.1228)	0.488 (0.488)	96.09 (96.09)
[100/469]	0.0087 (0.0115)	0.0002 (0.0033)	0.546 (0.553)	95.31 (94.69)
[200/469]	0.0083 (0.0108)	0.0002 (0.0027)	0.522 (0.550)	96.88 (94.81)
[300/469]	0.0143 (0.0106)	0.0060 (0.0025)	0.597 (0.553)	93.75 (94.71)
[400/469]	0.0081 (0.0105)	0.0002 (0.0024)	0.561 (0.553)	95.31 (94.69)
[468/469]	0.0088 (0.0104)	0.0008 (0.0024)	0.558 (0.554)	91.67 (94.69)
 * Train Acc 94.685
 * Val Acc 95.170, Total time 0.91
Computing EWC
validation split name: 1
 * Val Acc 95.220, Total time 0.68
validation split name: 2
 * Val Acc 95.690, Total time 0.92
validation split name: 3
 * Val Acc 95.330, Total time 0.90
validation split name: 4
 * Val Acc 93.820, Total time 0.94
validation split name: 5
 * Val Acc 93.570, Total time 0.93
validation split name: 6
 * Val Acc 86.300, Total time 0.96
validation split name: 7
 * Val Acc 88.790, Total time 0.94
validation split name: 8
 * Val Acc 95.170, Total time 0.93
====================== 9 =======================
#reg_term: 8
Epoch:0
LR: 0.0001
Itr		Time		  Data		  Loss		Acc
[0/469]	0.1288 (0.1288)	0.1148 (0.1148)	4.204 (4.204)	6.25 (6.25)
[100/469]	0.0100 (0.0117)	0.0010 (0.0027)	0.799 (1.035)	91.41 (83.73)
[200/469]	0.0091 (0.0109)	0.0002 (0.0019)	0.675 (0.880)	92.97 (87.86)
[300/469]	0.0112 (0.0107)	0.0024 (0.0017)	0.718 (0.813)	89.06 (89.60)
[400/469]	0.0100 (0.0106)	0.0009 (0.0016)	0.772 (0.778)	89.06 (90.55)
[468/469]	0.0100 (0.0105)	0.0009 (0.0015)	0.642 (0.762)	93.75 (90.97)
 * Train Acc 90.973
 * Val Acc 94.410, Total time 0.93
Epoch:1
LR: 0.0001
Itr		Time		  Data		  Loss		Acc
[0/469]	0.1278 (0.1278)	0.1141 (0.1141)	0.610 (0.610)	93.75 (93.75)
[100/469]	0.0089 (0.0113)	0.0002 (0.0024)	0.578 (0.656)	96.88 (93.73)
[200/469]	0.0092 (0.0107)	0.0002 (0.0018)	0.610 (0.656)	96.09 (93.89)
[300/469]	0.0110 (0.0105)	0.0021 (0.0016)	0.694 (0.653)	92.19 (94.03)
[400/469]	0.0091 (0.0104)	0.0002 (0.0015)	0.645 (0.652)	93.75 (94.08)
[468/469]	0.0098 (0.0104)	0.0006 (0.0015)	0.593 (0.652)	98.96 (94.04)
 * Train Acc 94.043
 * Val Acc 94.480, Total time 0.92
Computing EWC
validation split name: 1
 * Val Acc 94.980, Total time 0.70
validation split name: 2
 * Val Acc 96.050, Total time 0.92
validation split name: 3
 * Val Acc 94.690, Total time 0.92
validation split name: 4
 * Val Acc 94.360, Total time 0.92
validation split name: 5
 * Val Acc 93.040, Total time 0.91
validation split name: 6
 * Val Acc 83.660, Total time 0.93
validation split name: 7
 * Val Acc 89.070, Total time 0.92
validation split name: 8
 * Val Acc 82.800, Total time 0.93
validation split name: 9
 * Val Acc 94.480, Total time 0.91
====================== 10 =======================
#reg_term: 9
Epoch:0
LR: 0.0001
Itr		Time		  Data		  Loss		Acc
[0/469]	0.1403 (0.1403)	0.1221 (0.1221)	4.346 (4.346)	10.94 (10.94)
[100/469]	0.0104 (0.0119)	0.0007 (0.0021)	0.880 (1.095)	89.84 (84.27)
[200/469]	0.0105 (0.0113)	0.0007 (0.0015)	0.717 (0.951)	93.75 (88.06)
[300/469]	0.0109 (0.0110)	0.0010 (0.0013)	0.732 (0.896)	95.31 (89.43)
[400/469]	0.0106 (0.0110)	0.0009 (0.0012)	0.693 (0.865)	95.31 (90.30)
[468/469]	0.0103 (0.0109)	0.0006 (0.0011)	0.736 (0.850)	93.75 (90.75)
 * Train Acc 90.750
 * Val Acc 93.640, Total time 0.93
Epoch:1
LR: 0.0001
Itr		Time		  Data		  Loss		Acc
[0/469]	0.1405 (0.1405)	0.1260 (0.1260)	0.690 (0.690)	96.09 (96.09)
[100/469]	0.0110 (0.0128)	0.0012 (0.0030)	0.780 (0.745)	90.62 (93.71)
[200/469]	0.0108 (0.0119)	0.0008 (0.0021)	0.685 (0.750)	96.09 (93.44)
[300/469]	0.0105 (0.0115)	0.0007 (0.0016)	0.813 (0.752)	90.62 (93.43)
[400/469]	0.0104 (0.0112)	0.0006 (0.0014)	0.740 (0.752)	96.09 (93.48)
[468/469]	0.0101 (0.0111)	0.0005 (0.0013)	0.737 (0.751)	92.71 (93.54)
 * Train Acc 93.537
 * Val Acc 93.930, Total time 0.98
Computing EWC
validation split name: 1
 * Val Acc 94.250, Total time 0.67
validation split name: 2
 * Val Acc 95.490, Total time 0.90
validation split name: 3
 * Val Acc 95.190, Total time 0.99
validation split name: 4
 * Val Acc 94.250, Total time 0.94
validation split name: 5
 * Val Acc 92.780, Total time 0.91
validation split name: 6
 * Val Acc 86.660, Total time 0.93
validation split name: 7
 * Val Acc 86.840, Total time 0.93
validation split name: 8
 * Val Acc 81.200, Total time 0.92
validation split name: 9
 * Val Acc 75.620, Total time 0.92
validation split name: 10
 * Val Acc 93.930, Total time 0.91
OrderedDict([('1', OrderedDict([('1', 96.35), ('2', 96.05), ('3', 95.65), ('4', 94.86), ('5', 95.75), ('6', 95.95), ('7', 95.73), ('8', 95.22), ('9', 94.98), ('10', 94.25)])), ('2', OrderedDict([('2', 96.75), ('3', 96.38), ('4', 96.0), ('5', 96.16), ('6', 96.08), ('7', 96.22), ('8', 95.69), ('9', 96.05), ('10', 95.49)])), ('3', OrderedDict([('3', 96.69), ('4', 94.8), ('5', 95.15), ('6', 95.47), ('7', 95.0), ('8', 95.33), ('9', 94.69), ('10', 95.19)])), ('4', OrderedDict([('4', 96.15), ('5', 95.04), ('6', 94.52), ('7', 94.48), ('8', 93.82), ('9', 94.36), ('10', 94.25)])), ('5', OrderedDict([('5', 95.99), ('6', 93.98), ('7', 93.64), ('8', 93.57), ('9', 93.04), ('10', 92.78)])), ('6', OrderedDict([('6', 95.94), ('7', 84.58), ('8', 86.3), ('9', 83.66), ('10', 86.66)])), ('7', OrderedDict([('7', 95.21), ('8', 88.79), ('9', 89.07), ('10', 86.84)])), ('8', OrderedDict([('8', 95.17), ('9', 82.8), ('10', 81.2)])), ('9', OrderedDict([('9', 94.48), ('10', 75.62)])), ('10', OrderedDict([('10', 93.93)]))])
Task 1 average acc: 96.35
Task 2 average acc: 96.4
Task 3 average acc: 96.24000000000001
Task 4 average acc: 95.45250000000001
Task 5 average acc: 95.61800000000001
Task 6 average acc: 95.32333333333334
Task 7 average acc: 93.55142857142857
Task 8 average acc: 92.98624999999998
Task 9 average acc: 91.45888888888891
Task 10 average acc: 89.62100000000001
===Summary of experiment repeats: 5 / 5 ===
The regularization coefficient: 150.0
The last avg acc of all repeats: [88.897 89.218 90.455 89.521 89.621]
mean: 89.5424 std: 0.521776043911565
reg_coef: 150.0 mean: 89.5424 std: 0.521776043911565
Total Time for the script is 1057.9768905639648 seconds
