MLP(
  (linear): Sequential(
    (0): Linear(in_features=1024, out_features=1000, bias=True)
    (1): ReLU(inplace=True)
    (2): Linear(in_features=1000, out_features=1000, bias=True)
    (3): ReLU(inplace=True)
  )
  (last): ModuleDict(
    (All): Linear(in_features=1000, out_features=10, bias=True)
  )
)
#parameter of model: 2036010
Task order: ['1', '2', '3', '4', '5', '6', '7', '8', '9', '10']
====================== 1 =======================
#reg_term: 0
Epoch:0
LR: 0.0001
Itr		Time		  Data		  Loss		Acc
[0/469]	0.5171 (0.5171)	0.0866 (0.0866)	2.294 (2.294)	8.59 (8.59)
[100/469]	0.0169 (0.0121)	0.0148 (0.0058)	0.264 (0.820)	92.19 (80.23)
[200/469]	0.0029 (0.0096)	0.0008 (0.0054)	0.341 (0.573)	87.50 (85.28)
[300/469]	0.0064 (0.0088)	0.0043 (0.0054)	0.152 (0.468)	97.66 (87.73)
[400/469]	0.0097 (0.0085)	0.0076 (0.0053)	0.247 (0.407)	92.19 (89.15)
[468/469]	0.0093 (0.0083)	0.0072 (0.0053)	0.195 (0.379)	94.79 (89.85)
 * Train Acc 89.847
 * Val Acc 94.550, Total time 0.74
Epoch:1
LR: 0.0001
Itr		Time		  Data		  Loss		Acc
[0/469]	0.1115 (0.1115)	0.1060 (0.1060)	0.183 (0.183)	95.31 (95.31)
[100/469]	0.0021 (0.0082)	0.0001 (0.0061)	0.135 (0.167)	93.75 (95.12)
[200/469]	0.0020 (0.0077)	0.0001 (0.0057)	0.099 (0.167)	96.88 (95.16)
[300/469]	0.0176 (0.0076)	0.0155 (0.0056)	0.148 (0.162)	93.75 (95.30)
[400/469]	0.0022 (0.0075)	0.0001 (0.0055)	0.058 (0.156)	99.22 (95.47)
[468/469]	0.0122 (0.0075)	0.0101 (0.0054)	0.070 (0.152)	98.96 (95.56)
 * Train Acc 95.560
 * Val Acc 96.080, Total time 0.70
Computing EWC
validation split name: 1
 * Val Acc 96.080, Total time 0.74
====================== 2 =======================
#reg_term: 1
Epoch:0
LR: 0.0001
Itr		Time		  Data		  Loss		Acc
[0/469]	0.1266 (0.1266)	0.1172 (0.1172)	2.587 (2.587)	14.84 (14.84)
[100/469]	0.0035 (0.0115)	0.0008 (0.0087)	0.315 (0.514)	89.84 (84.40)
[200/469]	0.0029 (0.0108)	0.0001 (0.0081)	0.174 (0.386)	92.97 (88.82)
[300/469]	0.0111 (0.0106)	0.0083 (0.0079)	0.207 (0.331)	93.75 (90.62)
[400/469]	0.0236 (0.0106)	0.0209 (0.0078)	0.276 (0.300)	92.19 (91.66)
[468/469]	0.0027 (0.0105)	0.0001 (0.0077)	0.138 (0.284)	96.88 (92.23)
 * Train Acc 92.235
 * Val Acc 95.770, Total time 0.94
Epoch:1
LR: 0.0001
Itr		Time		  Data		  Loss		Acc
[0/469]	0.1245 (0.1245)	0.1177 (0.1177)	0.134 (0.134)	96.88 (96.88)
[100/469]	0.0029 (0.0118)	0.0001 (0.0088)	0.125 (0.170)	96.88 (96.08)
[200/469]	0.0133 (0.0111)	0.0104 (0.0081)	0.192 (0.167)	95.31 (96.14)
[300/469]	0.0123 (0.0109)	0.0095 (0.0079)	0.098 (0.166)	99.22 (96.19)
[400/469]	0.0029 (0.0107)	0.0001 (0.0078)	0.158 (0.164)	96.88 (96.27)
[468/469]	0.0033 (0.0107)	0.0001 (0.0078)	0.226 (0.161)	94.79 (96.36)
 * Train Acc 96.362
 * Val Acc 96.560, Total time 0.95
Computing EWC
validation split name: 1
 * Val Acc 95.860, Total time 0.70
validation split name: 2
 * Val Acc 96.560, Total time 0.94
====================== 3 =======================
#reg_term: 1
Epoch:0
LR: 0.0001
Itr		Time		  Data		  Loss		Acc
[0/469]	0.1228 (0.1228)	0.1156 (0.1156)	3.543 (3.543)	10.94 (10.94)
[100/469]	0.0029 (0.0116)	0.0001 (0.0085)	0.142 (0.525)	99.22 (85.31)
[200/469]	0.0030 (0.0110)	0.0002 (0.0080)	0.230 (0.398)	96.09 (89.33)
[300/469]	0.0255 (0.0109)	0.0223 (0.0079)	0.202 (0.341)	96.88 (91.17)
[400/469]	0.0042 (0.0108)	0.0002 (0.0078)	0.247 (0.311)	96.09 (92.16)
[468/469]	0.0166 (0.0108)	0.0139 (0.0077)	0.207 (0.296)	96.88 (92.62)
 * Train Acc 92.618
 * Val Acc 95.690, Total time 0.93
Epoch:1
LR: 0.0001
Itr		Time		  Data		  Loss		Acc
[0/469]	0.1235 (0.1235)	0.1171 (0.1171)	0.147 (0.147)	97.66 (97.66)
[100/469]	0.0029 (0.0116)	0.0001 (0.0085)	0.139 (0.187)	97.66 (96.12)
[200/469]	0.0029 (0.0110)	0.0001 (0.0080)	0.246 (0.185)	96.09 (96.19)
[300/469]	0.0252 (0.0109)	0.0219 (0.0079)	0.180 (0.184)	96.88 (96.23)
[400/469]	0.0029 (0.0107)	0.0002 (0.0078)	0.173 (0.184)	96.09 (96.24)
[468/469]	0.0174 (0.0107)	0.0147 (0.0077)	0.209 (0.184)	94.79 (96.26)
 * Train Acc 96.260
 * Val Acc 96.270, Total time 0.93
Computing EWC
validation split name: 1
 * Val Acc 95.740, Total time 0.70
validation split name: 2
 * Val Acc 96.600, Total time 0.95
validation split name: 3
 * Val Acc 96.270, Total time 0.94
====================== 4 =======================
#reg_term: 1
Epoch:0
LR: 0.0001
Itr		Time		  Data		  Loss		Acc
[0/469]	0.1233 (0.1233)	0.1172 (0.1172)	3.249 (3.249)	15.62 (15.62)
[100/469]	0.0030 (0.0115)	0.0001 (0.0087)	0.328 (0.546)	93.75 (85.40)
[200/469]	0.0028 (0.0110)	0.0001 (0.0080)	0.258 (0.420)	92.97 (89.46)
[300/469]	0.0130 (0.0108)	0.0102 (0.0079)	0.230 (0.369)	96.09 (91.03)
[400/469]	0.0167 (0.0107)	0.0139 (0.0078)	0.241 (0.340)	96.88 (91.99)
[468/469]	0.0033 (0.0106)	0.0006 (0.0078)	0.249 (0.327)	93.75 (92.41)
 * Train Acc 92.405
 * Val Acc 95.570, Total time 1.00
Epoch:1
LR: 0.0001
Itr		Time		  Data		  Loss		Acc
[0/469]	0.1234 (0.1234)	0.1166 (0.1166)	0.302 (0.302)	93.75 (93.75)
[100/469]	0.0029 (0.0118)	0.0001 (0.0086)	0.250 (0.224)	93.75 (95.95)
[200/469]	0.0029 (0.0111)	0.0001 (0.0080)	0.258 (0.226)	95.31 (95.83)
[300/469]	0.0256 (0.0109)	0.0224 (0.0079)	0.202 (0.226)	96.88 (95.75)
[400/469]	0.0059 (0.0108)	0.0027 (0.0078)	0.208 (0.224)	93.75 (95.84)
[468/469]	0.0085 (0.0107)	0.0057 (0.0077)	0.251 (0.223)	96.88 (95.89)
 * Train Acc 95.893
 * Val Acc 96.090, Total time 0.96
Computing EWC
validation split name: 1
 * Val Acc 95.010, Total time 0.73
validation split name: 2
 * Val Acc 96.350, Total time 0.95
validation split name: 3
 * Val Acc 95.790, Total time 0.93
validation split name: 4
 * Val Acc 96.090, Total time 0.99
====================== 5 =======================
#reg_term: 1
Epoch:0
LR: 0.0001
Itr		Time		  Data		  Loss		Acc
[0/469]	0.1277 (0.1277)	0.1194 (0.1194)	3.893 (3.893)	14.84 (14.84)
[100/469]	0.0029 (0.0116)	0.0001 (0.0086)	0.376 (0.586)	91.41 (85.33)
[200/469]	0.0101 (0.0110)	0.0072 (0.0079)	0.342 (0.458)	92.97 (89.19)
[300/469]	0.0202 (0.0108)	0.0172 (0.0078)	0.292 (0.401)	92.97 (90.88)
[400/469]	0.0032 (0.0107)	0.0001 (0.0077)	0.261 (0.372)	94.53 (91.79)
[468/469]	0.0120 (0.0106)	0.0092 (0.0076)	0.299 (0.359)	95.83 (92.14)
 * Train Acc 92.137
 * Val Acc 94.870, Total time 0.94
Epoch:1
LR: 0.0001
Itr		Time		  Data		  Loss		Acc
[0/469]	0.1249 (0.1249)	0.1181 (0.1181)	0.245 (0.245)	95.31 (95.31)
[100/469]	0.0037 (0.0120)	0.0009 (0.0087)	0.412 (0.257)	91.41 (95.27)
[200/469]	0.0236 (0.0113)	0.0209 (0.0082)	0.235 (0.259)	96.88 (95.20)
[300/469]	0.0058 (0.0109)	0.0031 (0.0080)	0.166 (0.258)	100.00 (95.30)
[400/469]	0.0036 (0.0108)	0.0009 (0.0079)	0.196 (0.258)	95.31 (95.27)
[468/469]	0.0050 (0.0107)	0.0023 (0.0079)	0.310 (0.258)	94.79 (95.27)
 * Train Acc 95.267
 * Val Acc 95.260, Total time 0.93
Computing EWC
validation split name: 1
 * Val Acc 94.500, Total time 0.69
validation split name: 2
 * Val Acc 96.480, Total time 0.94
validation split name: 3
 * Val Acc 95.520, Total time 0.95
validation split name: 4
 * Val Acc 95.950, Total time 0.93
validation split name: 5
 * Val Acc 95.260, Total time 0.94
====================== 6 =======================
#reg_term: 1
Epoch:0
LR: 0.0001
Itr		Time		  Data		  Loss		Acc
[0/469]	0.1399 (0.1399)	0.1329 (0.1329)	4.603 (4.603)	10.94 (10.94)
[100/469]	0.0029 (0.0121)	0.0001 (0.0090)	0.428 (0.700)	91.41 (83.98)
[200/469]	0.0030 (0.0113)	0.0001 (0.0082)	0.265 (0.536)	96.88 (88.21)
[300/469]	0.0262 (0.0111)	0.0229 (0.0081)	0.335 (0.471)	92.97 (89.88)
[400/469]	0.0030 (0.0110)	0.0002 (0.0080)	0.269 (0.436)	93.75 (90.83)
[468/469]	0.0164 (0.0109)	0.0136 (0.0079)	0.270 (0.418)	94.79 (91.34)
 * Train Acc 91.340
 * Val Acc 94.660, Total time 0.93
Epoch:1
LR: 0.0001
Itr		Time		  Data		  Loss		Acc
[0/469]	0.1345 (0.1345)	0.1274 (0.1274)	0.295 (0.295)	95.31 (95.31)
[100/469]	0.0034 (0.0116)	0.0001 (0.0087)	0.257 (0.303)	96.09 (94.83)
[200/469]	0.0030 (0.0110)	0.0001 (0.0081)	0.296 (0.305)	95.31 (94.73)
[300/469]	0.0256 (0.0109)	0.0223 (0.0079)	0.320 (0.303)	93.75 (94.75)
[400/469]	0.0035 (0.0107)	0.0001 (0.0078)	0.364 (0.303)	91.41 (94.79)
[468/469]	0.0174 (0.0107)	0.0147 (0.0078)	0.301 (0.303)	94.79 (94.75)
 * Train Acc 94.750
 * Val Acc 95.080, Total time 0.95
Computing EWC
validation split name: 1
 * Val Acc 93.460, Total time 0.76
validation split name: 2
 * Val Acc 96.300, Total time 1.00
validation split name: 3
 * Val Acc 94.870, Total time 0.94
validation split name: 4
 * Val Acc 96.020, Total time 0.95
validation split name: 5
 * Val Acc 95.110, Total time 0.94
validation split name: 6
 * Val Acc 95.080, Total time 0.93
====================== 7 =======================
#reg_term: 1
Epoch:0
LR: 0.0001
Itr		Time		  Data		  Loss		Acc
[0/469]	0.1243 (0.1243)	0.1178 (0.1178)	4.454 (4.454)	7.03 (7.03)
[100/469]	0.0032 (0.0115)	0.0001 (0.0085)	0.427 (0.673)	89.06 (85.26)
[200/469]	0.0038 (0.0110)	0.0009 (0.0080)	0.381 (0.538)	90.62 (88.77)
[300/469]	0.0238 (0.0108)	0.0205 (0.0079)	0.412 (0.487)	93.75 (90.18)
[400/469]	0.0044 (0.0107)	0.0012 (0.0078)	0.497 (0.458)	92.19 (91.00)
[468/469]	0.0159 (0.0107)	0.0131 (0.0077)	0.347 (0.443)	94.79 (91.36)
 * Train Acc 91.363
 * Val Acc 93.560, Total time 0.93
Epoch:1
LR: 0.0001
Itr		Time		  Data		  Loss		Acc
[0/469]	0.1404 (0.1404)	0.1335 (0.1335)	0.396 (0.396)	94.53 (94.53)
[100/469]	0.0036 (0.0121)	0.0001 (0.0091)	0.405 (0.355)	92.97 (93.86)
[200/469]	0.0033 (0.0112)	0.0001 (0.0083)	0.358 (0.358)	94.53 (93.77)
[300/469]	0.0034 (0.0110)	0.0001 (0.0079)	0.336 (0.356)	96.88 (93.96)
[400/469]	0.0035 (0.0109)	0.0001 (0.0078)	0.306 (0.351)	94.53 (94.06)
[468/469]	0.0029 (0.0109)	0.0001 (0.0078)	0.344 (0.352)	94.79 (94.04)
 * Train Acc 94.038
 * Val Acc 94.250, Total time 0.95
Computing EWC
validation split name: 1
 * Val Acc 93.730, Total time 0.69
validation split name: 2
 * Val Acc 96.020, Total time 0.93
validation split name: 3
 * Val Acc 94.170, Total time 0.93
validation split name: 4
 * Val Acc 95.890, Total time 0.94
validation split name: 5
 * Val Acc 95.260, Total time 0.94
validation split name: 6
 * Val Acc 95.210, Total time 0.94
validation split name: 7
 * Val Acc 94.250, Total time 0.96
====================== 8 =======================
#reg_term: 1
Epoch:0
LR: 0.0001
Itr		Time		  Data		  Loss		Acc
[0/469]	0.1291 (0.1291)	0.1223 (0.1223)	4.458 (4.458)	7.03 (7.03)
[100/469]	0.0043 (0.0115)	0.0009 (0.0085)	0.381 (0.750)	96.09 (84.45)
[200/469]	0.0036 (0.0108)	0.0008 (0.0079)	0.453 (0.589)	89.06 (88.29)
[300/469]	0.0233 (0.0107)	0.0205 (0.0078)	0.360 (0.534)	96.09 (89.49)
[400/469]	0.0029 (0.0106)	0.0002 (0.0077)	0.430 (0.503)	91.41 (90.28)
[468/469]	0.0160 (0.0105)	0.0132 (0.0076)	0.429 (0.488)	90.62 (90.67)
 * Train Acc 90.675
 * Val Acc 92.750, Total time 0.95
Epoch:1
LR: 0.0001
Itr		Time		  Data		  Loss		Acc
[0/469]	0.1248 (0.1248)	0.1179 (0.1179)	0.451 (0.451)	92.97 (92.97)
[100/469]	0.0032 (0.0115)	0.0002 (0.0083)	0.402 (0.391)	96.09 (93.42)
[200/469]	0.0032 (0.0109)	0.0001 (0.0078)	0.431 (0.394)	91.41 (93.23)
[300/469]	0.0088 (0.0107)	0.0059 (0.0077)	0.378 (0.392)	92.19 (93.22)
[400/469]	0.0241 (0.0106)	0.0213 (0.0077)	0.428 (0.390)	91.41 (93.25)
[468/469]	0.0028 (0.0106)	0.0001 (0.0076)	0.473 (0.391)	92.71 (93.20)
 * Train Acc 93.198
 * Val Acc 93.470, Total time 0.93
Computing EWC
validation split name: 1
 * Val Acc 92.970, Total time 0.70
validation split name: 2
 * Val Acc 95.940, Total time 0.94
validation split name: 3
 * Val Acc 93.690, Total time 0.94
validation split name: 4
 * Val Acc 95.610, Total time 0.95
validation split name: 5
 * Val Acc 95.620, Total time 0.93
validation split name: 6
 * Val Acc 95.130, Total time 0.93
validation split name: 7
 * Val Acc 94.320, Total time 0.99
validation split name: 8
 * Val Acc 93.470, Total time 0.92
====================== 9 =======================
#reg_term: 1
Epoch:0
LR: 0.0001
Itr		Time		  Data		  Loss		Acc
[0/469]	0.1271 (0.1271)	0.1202 (0.1202)	4.144 (4.144)	7.81 (7.81)
[100/469]	0.0200 (0.0115)	0.0173 (0.0087)	0.538 (0.753)	88.28 (84.43)
[200/469]	0.0035 (0.0109)	0.0009 (0.0081)	0.441 (0.620)	91.41 (87.70)
[300/469]	0.0074 (0.0106)	0.0047 (0.0079)	0.328 (0.572)	96.88 (88.91)
[400/469]	0.0200 (0.0106)	0.0172 (0.0079)	0.412 (0.546)	95.31 (89.66)
[468/469]	0.0033 (0.0105)	0.0006 (0.0078)	0.523 (0.534)	91.67 (89.97)
 * Train Acc 89.968
 * Val Acc 92.750, Total time 0.93
Epoch:1
LR: 0.0001
Itr		Time		  Data		  Loss		Acc
[0/469]	0.1244 (0.1244)	0.1177 (0.1177)	0.365 (0.365)	93.75 (93.75)
[100/469]	0.0181 (0.0114)	0.0151 (0.0084)	0.388 (0.441)	95.31 (92.98)
[200/469]	0.0030 (0.0109)	0.0001 (0.0079)	0.397 (0.447)	95.31 (92.56)
[300/469]	0.0039 (0.0107)	0.0011 (0.0078)	0.415 (0.448)	95.31 (92.55)
[400/469]	0.0253 (0.0107)	0.0221 (0.0077)	0.597 (0.449)	86.72 (92.47)
[468/469]	0.0029 (0.0106)	0.0001 (0.0076)	0.383 (0.449)	94.79 (92.45)
 * Train Acc 92.452
 * Val Acc 92.880, Total time 0.94
Computing EWC
validation split name: 1
 * Val Acc 91.940, Total time 0.69
validation split name: 2
 * Val Acc 95.290, Total time 0.94
validation split name: 3
 * Val Acc 94.550, Total time 0.92
validation split name: 4
 * Val Acc 95.240, Total time 0.96
validation split name: 5
 * Val Acc 95.420, Total time 0.94
validation split name: 6
 * Val Acc 94.910, Total time 0.96
validation split name: 7
 * Val Acc 94.280, Total time 0.94
validation split name: 8
 * Val Acc 92.120, Total time 0.95
validation split name: 9
 * Val Acc 92.880, Total time 0.95
====================== 10 =======================
#reg_term: 1
Epoch:0
LR: 0.0001
Itr		Time		  Data		  Loss		Acc
[0/469]	0.1297 (0.1297)	0.1231 (0.1231)	4.782 (4.782)	14.06 (14.06)
[100/469]	0.0029 (0.0116)	0.0001 (0.0085)	0.616 (0.814)	84.38 (83.73)
[200/469]	0.0029 (0.0109)	0.0001 (0.0079)	0.492 (0.667)	91.41 (86.98)
[300/469]	0.0250 (0.0108)	0.0219 (0.0078)	0.530 (0.616)	91.41 (88.31)
[400/469]	0.0037 (0.0106)	0.0009 (0.0077)	0.468 (0.585)	93.75 (89.09)
[468/469]	0.0165 (0.0106)	0.0137 (0.0076)	0.440 (0.573)	93.75 (89.40)
 * Train Acc 89.403
 * Val Acc 92.250, Total time 0.94
Epoch:1
LR: 0.0001
Itr		Time		  Data		  Loss		Acc
[0/469]	0.1280 (0.1280)	0.1207 (0.1207)	0.442 (0.442)	93.75 (93.75)
[100/469]	0.0029 (0.0115)	0.0001 (0.0085)	0.509 (0.486)	88.28 (91.71)
[200/469]	0.0029 (0.0109)	0.0002 (0.0080)	0.490 (0.489)	91.41 (91.55)
[300/469]	0.0252 (0.0108)	0.0224 (0.0079)	0.575 (0.489)	88.28 (91.56)
[400/469]	0.0030 (0.0107)	0.0001 (0.0078)	0.490 (0.487)	92.19 (91.70)
[468/469]	0.0174 (0.0106)	0.0145 (0.0077)	0.551 (0.487)	88.54 (91.63)
 * Train Acc 91.630
 * Val Acc 92.050, Total time 0.96
Computing EWC
validation split name: 1
 * Val Acc 92.150, Total time 0.70
validation split name: 2
 * Val Acc 94.710, Total time 0.94
validation split name: 3
 * Val Acc 93.860, Total time 0.94
validation split name: 4
 * Val Acc 95.040, Total time 0.93
validation split name: 5
 * Val Acc 94.840, Total time 0.92
validation split name: 6
 * Val Acc 94.310, Total time 0.93
validation split name: 7
 * Val Acc 93.790, Total time 0.95
validation split name: 8
 * Val Acc 91.660, Total time 0.93
validation split name: 9
 * Val Acc 92.260, Total time 0.94
validation split name: 10
 * Val Acc 92.050, Total time 0.99
OrderedDict([('1', OrderedDict([('1', 96.08), ('2', 95.86), ('3', 95.74), ('4', 95.01), ('5', 94.5), ('6', 93.46), ('7', 93.73), ('8', 92.97), ('9', 91.94), ('10', 92.15)])), ('2', OrderedDict([('2', 96.56), ('3', 96.6), ('4', 96.35), ('5', 96.48), ('6', 96.3), ('7', 96.02), ('8', 95.94), ('9', 95.29), ('10', 94.71)])), ('3', OrderedDict([('3', 96.27), ('4', 95.79), ('5', 95.52), ('6', 94.87), ('7', 94.17), ('8', 93.69), ('9', 94.55), ('10', 93.86)])), ('4', OrderedDict([('4', 96.09), ('5', 95.95), ('6', 96.02), ('7', 95.89), ('8', 95.61), ('9', 95.24), ('10', 95.04)])), ('5', OrderedDict([('5', 95.26), ('6', 95.11), ('7', 95.26), ('8', 95.62), ('9', 95.42), ('10', 94.84)])), ('6', OrderedDict([('6', 95.08), ('7', 95.21), ('8', 95.13), ('9', 94.91), ('10', 94.31)])), ('7', OrderedDict([('7', 94.25), ('8', 94.32), ('9', 94.28), ('10', 93.79)])), ('8', OrderedDict([('8', 93.47), ('9', 92.12), ('10', 91.66)])), ('9', OrderedDict([('9', 92.88), ('10', 92.26)])), ('10', OrderedDict([('10', 92.05)]))])
Task 1 average acc: 96.08
Task 2 average acc: 96.21000000000001
Task 3 average acc: 96.20333333333332
Task 4 average acc: 95.81
Task 5 average acc: 95.542
Task 6 average acc: 95.14
Task 7 average acc: 94.93285714285715
Task 8 average acc: 94.59375
Task 9 average acc: 94.07
Task 10 average acc: 93.467
===Summary of experiment repeats: 1 / 1 ===
The regularization coefficient: 250.0
The last avg acc of all repeats: [93.467]
mean: 93.467 std: 0.0
reg_coef: 250.0 mean: 93.467 std: 0.0
Total Time for the script is 216.33527421951294 seconds
