MLP(
  (linear): Sequential(
    (0): Linear(in_features=1024, out_features=1000, bias=True)
    (1): ReLU(inplace=True)
    (2): Linear(in_features=1000, out_features=1000, bias=True)
    (3): ReLU(inplace=True)
  )
  (last): ModuleDict(
    (All): Linear(in_features=1000, out_features=10, bias=True)
  )
)
#parameter of model: 2036010
Task order: ['1', '2', '3', '4', '5', '6', '7', '8', '9', '10']
====================== 1 =======================
#reg_term: 0
Epoch:0
LR: 0.0001
Itr		Time		  Data		  Loss		Acc
[0/469]	0.5050 (0.5050)	0.0822 (0.0822)	2.307 (2.307)	14.84 (14.84)
[100/469]	0.0020 (0.0123)	0.0001 (0.0062)	0.363 (0.822)	89.06 (80.31)
[200/469]	0.0173 (0.0098)	0.0153 (0.0057)	0.253 (0.573)	92.97 (85.49)
[300/469]	0.0021 (0.0089)	0.0001 (0.0055)	0.271 (0.468)	92.19 (87.81)
[400/469]	0.0022 (0.0085)	0.0001 (0.0054)	0.198 (0.408)	89.84 (89.22)
[468/469]	0.0019 (0.0083)	0.0001 (0.0054)	0.187 (0.379)	95.83 (89.91)
 * Train Acc 89.910
 * Val Acc 94.630, Total time 0.71
Epoch:1
LR: 0.0001
Itr		Time		  Data		  Loss		Acc
[0/469]	0.1191 (0.1191)	0.1139 (0.1139)	0.142 (0.142)	94.53 (94.53)
[100/469]	0.0021 (0.0083)	0.0002 (0.0063)	0.151 (0.175)	96.09 (95.02)
[200/469]	0.0020 (0.0077)	0.0001 (0.0057)	0.201 (0.170)	95.31 (95.08)
[300/469]	0.0182 (0.0076)	0.0164 (0.0057)	0.201 (0.165)	92.97 (95.20)
[400/469]	0.0030 (0.0077)	0.0002 (0.0056)	0.097 (0.159)	97.66 (95.35)
[468/469]	0.0121 (0.0078)	0.0100 (0.0056)	0.051 (0.153)	97.92 (95.51)
 * Train Acc 95.508
 * Val Acc 96.420, Total time 0.70
validation split name: 1
 * Val Acc 96.420, Total time 0.70
====================== 2 =======================
#reg_term: 1
Epoch:0
LR: 0.0001
Itr		Time		  Data		  Loss		Acc
[0/469]	0.1266 (0.1266)	0.1151 (0.1151)	2.672 (2.672)	12.50 (12.50)
[100/469]	0.0028 (0.0118)	0.0001 (0.0084)	0.389 (0.591)	92.19 (85.35)
[200/469]	0.0027 (0.0110)	0.0001 (0.0080)	0.351 (0.487)	95.31 (88.97)
[300/469]	0.0242 (0.0107)	0.0213 (0.0078)	0.433 (0.445)	91.41 (90.38)
[400/469]	0.0254 (0.0107)	0.0228 (0.0078)	0.334 (0.418)	94.53 (91.26)
[468/469]	0.0027 (0.0106)	0.0001 (0.0077)	0.296 (0.405)	94.79 (91.69)
 * Train Acc 91.688
 * Val Acc 94.640, Total time 0.93
Epoch:1
LR: 0.0001
Itr		Time		  Data		  Loss		Acc
[0/469]	0.1270 (0.1270)	0.1205 (0.1205)	0.255 (0.255)	96.09 (96.09)
[100/469]	0.0082 (0.0118)	0.0051 (0.0086)	0.362 (0.322)	92.19 (94.59)
[200/469]	0.0029 (0.0110)	0.0001 (0.0080)	0.267 (0.319)	95.31 (94.54)
[300/469]	0.0216 (0.0108)	0.0184 (0.0078)	0.358 (0.318)	92.97 (94.57)
[400/469]	0.0047 (0.0106)	0.0017 (0.0076)	0.250 (0.317)	96.09 (94.63)
[468/469]	0.0157 (0.0105)	0.0129 (0.0076)	0.348 (0.317)	93.75 (94.67)
 * Train Acc 94.672
 * Val Acc 94.600, Total time 0.94
validation split name: 1
 * Val Acc 96.000, Total time 0.69
validation split name: 2
 * Val Acc 94.600, Total time 0.92
====================== 3 =======================
#reg_term: 1
Epoch:0
LR: 0.0001
Itr		Time		  Data		  Loss		Acc
[0/469]	0.1139 (0.1139)	0.1073 (0.1073)	3.160 (3.160)	6.25 (6.25)
[100/469]	0.0237 (0.0118)	0.0209 (0.0087)	0.414 (0.588)	90.62 (85.05)
[200/469]	0.0031 (0.0109)	0.0001 (0.0079)	0.370 (0.469)	92.19 (89.03)
[300/469]	0.0029 (0.0107)	0.0001 (0.0077)	0.339 (0.418)	93.75 (90.68)
[400/469]	0.0253 (0.0106)	0.0221 (0.0077)	0.315 (0.389)	92.19 (91.62)
[468/469]	0.0028 (0.0105)	0.0001 (0.0076)	0.424 (0.380)	91.67 (91.94)
 * Train Acc 91.935
 * Val Acc 95.220, Total time 0.95
Epoch:1
LR: 0.0001
Itr		Time		  Data		  Loss		Acc
[0/469]	0.1352 (0.1352)	0.1284 (0.1284)	0.301 (0.301)	96.09 (96.09)
[100/469]	0.0029 (0.0119)	0.0001 (0.0088)	0.251 (0.283)	97.66 (95.52)
[200/469]	0.0029 (0.0111)	0.0001 (0.0081)	0.257 (0.285)	96.88 (95.28)
[300/469]	0.0045 (0.0109)	0.0016 (0.0079)	0.281 (0.289)	96.88 (95.14)
[400/469]	0.0244 (0.0108)	0.0215 (0.0078)	0.283 (0.290)	92.97 (95.07)
[468/469]	0.0028 (0.0107)	0.0001 (0.0077)	0.329 (0.289)	91.67 (95.06)
 * Train Acc 95.060
 * Val Acc 95.530, Total time 0.93
validation split name: 1
 * Val Acc 95.210, Total time 0.69
validation split name: 2
 * Val Acc 94.030, Total time 0.92
validation split name: 3
 * Val Acc 95.530, Total time 0.93
====================== 4 =======================
#reg_term: 1
Epoch:0
LR: 0.0001
Itr		Time		  Data		  Loss		Acc
[0/469]	0.1262 (0.1262)	0.1192 (0.1192)	3.671 (3.671)	10.16 (10.16)
[100/469]	0.0035 (0.0114)	0.0001 (0.0083)	0.352 (0.603)	92.19 (84.54)
[200/469]	0.0029 (0.0108)	0.0001 (0.0078)	0.295 (0.473)	93.75 (88.75)
[300/469]	0.0235 (0.0107)	0.0207 (0.0077)	0.281 (0.416)	96.09 (90.51)
[400/469]	0.0049 (0.0105)	0.0016 (0.0076)	0.292 (0.385)	93.75 (91.54)
[468/469]	0.0164 (0.0105)	0.0136 (0.0075)	0.260 (0.371)	97.92 (92.00)
 * Train Acc 92.002
 * Val Acc 95.150, Total time 0.94
Epoch:1
LR: 0.0001
Itr		Time		  Data		  Loss		Acc
[0/469]	0.1188 (0.1188)	0.1126 (0.1126)	0.188 (0.188)	98.44 (98.44)
[100/469]	0.0029 (0.0115)	0.0001 (0.0085)	0.255 (0.272)	92.97 (95.11)
[200/469]	0.0029 (0.0109)	0.0001 (0.0079)	0.255 (0.269)	96.09 (95.27)
[300/469]	0.0251 (0.0107)	0.0218 (0.0078)	0.267 (0.269)	97.66 (95.27)
[400/469]	0.0029 (0.0106)	0.0001 (0.0076)	0.256 (0.268)	94.53 (95.32)
[468/469]	0.0167 (0.0105)	0.0140 (0.0076)	0.243 (0.268)	95.83 (95.30)
 * Train Acc 95.303
 * Val Acc 95.510, Total time 0.92
validation split name: 1
 * Val Acc 95.600, Total time 0.68
validation split name: 2
 * Val Acc 94.120, Total time 0.92
validation split name: 3
 * Val Acc 95.030, Total time 0.94
validation split name: 4
 * Val Acc 95.510, Total time 0.93
====================== 5 =======================
#reg_term: 1
Epoch:0
LR: 0.0001
Itr		Time		  Data		  Loss		Acc
[0/469]	0.1345 (0.1345)	0.1282 (0.1282)	3.957 (3.957)	8.59 (8.59)
[100/469]	0.0029 (0.0116)	0.0001 (0.0087)	0.316 (0.597)	94.53 (85.05)
[200/469]	0.0029 (0.0109)	0.0001 (0.0080)	0.284 (0.466)	94.53 (88.99)
[300/469]	0.0249 (0.0107)	0.0219 (0.0078)	0.308 (0.410)	95.31 (90.64)
[400/469]	0.0034 (0.0106)	0.0001 (0.0077)	0.311 (0.378)	92.97 (91.60)
[468/469]	0.0167 (0.0105)	0.0140 (0.0076)	0.266 (0.363)	93.75 (92.05)
 * Train Acc 92.048
 * Val Acc 95.110, Total time 0.94
Epoch:1
LR: 0.0001
Itr		Time		  Data		  Loss		Acc
[0/469]	0.1225 (0.1225)	0.1165 (0.1165)	0.278 (0.278)	93.75 (93.75)
[100/469]	0.0042 (0.0125)	0.0002 (0.0086)	0.198 (0.252)	97.66 (95.55)
[200/469]	0.0029 (0.0115)	0.0001 (0.0080)	0.273 (0.254)	96.09 (95.44)
[300/469]	0.0244 (0.0111)	0.0217 (0.0079)	0.344 (0.255)	92.97 (95.37)
[400/469]	0.0031 (0.0109)	0.0001 (0.0077)	0.204 (0.255)	98.44 (95.39)
[468/469]	0.0164 (0.0108)	0.0136 (0.0077)	0.295 (0.255)	94.79 (95.42)
 * Train Acc 95.423
 * Val Acc 95.370, Total time 0.95
validation split name: 1
 * Val Acc 95.650, Total time 0.68
validation split name: 2
 * Val Acc 93.020, Total time 0.94
validation split name: 3
 * Val Acc 93.220, Total time 0.93
validation split name: 4
 * Val Acc 95.290, Total time 0.94
validation split name: 5
 * Val Acc 95.370, Total time 0.93
====================== 6 =======================
#reg_term: 1
Epoch:0
LR: 0.0001
Itr		Time		  Data		  Loss		Acc
[0/469]	0.1131 (0.1131)	0.1053 (0.1053)	3.775 (3.775)	14.06 (14.06)
[100/469]	0.0086 (0.0113)	0.0053 (0.0082)	0.405 (0.573)	92.19 (85.67)
[200/469]	0.0029 (0.0107)	0.0001 (0.0077)	0.232 (0.439)	96.09 (89.70)
[300/469]	0.0154 (0.0106)	0.0125 (0.0076)	0.352 (0.391)	91.41 (91.06)
[400/469]	0.0064 (0.0105)	0.0036 (0.0075)	0.262 (0.360)	94.53 (91.96)
[468/469]	0.0160 (0.0104)	0.0132 (0.0074)	0.245 (0.345)	94.79 (92.41)
 * Train Acc 92.408
 * Val Acc 95.660, Total time 0.94
Epoch:1
LR: 0.0001
Itr		Time		  Data		  Loss		Acc
[0/469]	0.1121 (0.1121)	0.1064 (0.1064)	0.255 (0.255)	92.97 (92.97)
[100/469]	0.0043 (0.0112)	0.0014 (0.0081)	0.202 (0.241)	97.66 (95.70)
[200/469]	0.0029 (0.0107)	0.0001 (0.0077)	0.230 (0.239)	96.88 (95.84)
[300/469]	0.0112 (0.0106)	0.0084 (0.0076)	0.283 (0.239)	95.31 (95.76)
[400/469]	0.0250 (0.0105)	0.0217 (0.0076)	0.188 (0.240)	97.66 (95.75)
[468/469]	0.0028 (0.0105)	0.0001 (0.0075)	0.245 (0.241)	95.83 (95.71)
 * Train Acc 95.712
 * Val Acc 95.890, Total time 0.93
validation split name: 1
 * Val Acc 95.490, Total time 0.70
validation split name: 2
 * Val Acc 91.710, Total time 0.93
validation split name: 3
 * Val Acc 92.560, Total time 0.92
validation split name: 4
 * Val Acc 94.680, Total time 0.94
validation split name: 5
 * Val Acc 94.840, Total time 0.93
validation split name: 6
 * Val Acc 95.890, Total time 0.95
====================== 7 =======================
#reg_term: 1
Epoch:0
LR: 0.0001
Itr		Time		  Data		  Loss		Acc
[0/469]	0.1258 (0.1258)	0.1188 (0.1188)	5.002 (5.002)	13.28 (13.28)
[100/469]	0.0030 (0.0117)	0.0002 (0.0085)	0.405 (0.627)	89.06 (84.94)
[200/469]	0.0246 (0.0111)	0.0217 (0.0080)	0.223 (0.471)	95.31 (89.08)
[300/469]	0.0030 (0.0108)	0.0001 (0.0077)	0.272 (0.409)	96.09 (90.78)
[400/469]	0.0029 (0.0106)	0.0001 (0.0076)	0.270 (0.373)	94.53 (91.74)
[468/469]	0.0028 (0.0106)	0.0001 (0.0076)	0.362 (0.355)	89.58 (92.25)
 * Train Acc 92.245
 * Val Acc 95.460, Total time 0.93
Epoch:1
LR: 0.0001
Itr		Time		  Data		  Loss		Acc
[0/469]	0.1220 (0.1220)	0.1158 (0.1158)	0.259 (0.259)	96.09 (96.09)
[100/469]	0.0246 (0.0118)	0.0217 (0.0089)	0.286 (0.239)	94.53 (95.80)
[200/469]	0.0089 (0.0110)	0.0061 (0.0080)	0.242 (0.240)	95.31 (95.76)
[300/469]	0.0028 (0.0109)	0.0001 (0.0078)	0.212 (0.241)	97.66 (95.70)
[400/469]	0.0248 (0.0107)	0.0221 (0.0077)	0.228 (0.239)	94.53 (95.75)
[468/469]	0.0028 (0.0106)	0.0001 (0.0076)	0.290 (0.239)	94.79 (95.73)
 * Train Acc 95.727
 * Val Acc 95.970, Total time 0.93
validation split name: 1
 * Val Acc 94.490, Total time 0.67
validation split name: 2
 * Val Acc 88.630, Total time 0.94
validation split name: 3
 * Val Acc 90.790, Total time 0.95
validation split name: 4
 * Val Acc 93.110, Total time 0.93
validation split name: 5
 * Val Acc 92.600, Total time 0.95
validation split name: 6
 * Val Acc 95.660, Total time 0.95
validation split name: 7
 * Val Acc 95.970, Total time 0.95
====================== 8 =======================
#reg_term: 1
Epoch:0
LR: 0.0001
Itr		Time		  Data		  Loss		Acc
[0/469]	0.1257 (0.1257)	0.1177 (0.1177)	5.622 (5.622)	4.69 (4.69)
[100/469]	0.0036 (0.0114)	0.0001 (0.0083)	0.248 (0.637)	94.53 (84.87)
[200/469]	0.0029 (0.0108)	0.0001 (0.0078)	0.259 (0.474)	95.31 (89.13)
[300/469]	0.0241 (0.0107)	0.0211 (0.0077)	0.271 (0.412)	92.97 (90.81)
[400/469]	0.0040 (0.0106)	0.0009 (0.0076)	0.224 (0.374)	95.31 (91.84)
[468/469]	0.0158 (0.0105)	0.0131 (0.0076)	0.266 (0.356)	94.79 (92.31)
 * Train Acc 92.305
 * Val Acc 95.630, Total time 0.93
Epoch:1
LR: 0.0001
Itr		Time		  Data		  Loss		Acc
[0/469]	0.1393 (0.1393)	0.1328 (0.1328)	0.154 (0.154)	99.22 (99.22)
[100/469]	0.0094 (0.0119)	0.0065 (0.0088)	0.256 (0.227)	92.97 (95.88)
[200/469]	0.0040 (0.0113)	0.0002 (0.0081)	0.182 (0.231)	98.44 (95.91)
[300/469]	0.0041 (0.0113)	0.0002 (0.0079)	0.211 (0.230)	96.09 (95.90)
[400/469]	0.0261 (0.0114)	0.0222 (0.0078)	0.212 (0.230)	96.88 (95.90)
[468/469]	0.0029 (0.0114)	0.0001 (0.0077)	0.326 (0.230)	95.83 (95.90)
 * Train Acc 95.898
 * Val Acc 95.980, Total time 0.93
validation split name: 1
 * Val Acc 94.710, Total time 0.68
validation split name: 2
 * Val Acc 90.580, Total time 0.92
validation split name: 3
 * Val Acc 90.530, Total time 0.92
validation split name: 4
 * Val Acc 93.180, Total time 0.94
validation split name: 5
 * Val Acc 93.090, Total time 0.93
validation split name: 6
 * Val Acc 95.460, Total time 0.95
validation split name: 7
 * Val Acc 95.730, Total time 0.92
validation split name: 8
 * Val Acc 95.980, Total time 0.94
====================== 9 =======================
#reg_term: 1
Epoch:0
LR: 0.0001
Itr		Time		  Data		  Loss		Acc
[0/469]	0.1242 (0.1242)	0.1163 (0.1163)	6.773 (6.773)	9.38 (9.38)
[100/469]	0.0229 (0.0116)	0.0200 (0.0084)	0.338 (0.664)	92.97 (84.84)
[200/469]	0.0030 (0.0109)	0.0002 (0.0079)	0.269 (0.487)	93.75 (89.31)
[300/469]	0.0037 (0.0107)	0.0008 (0.0077)	0.316 (0.417)	93.75 (91.00)
[400/469]	0.0239 (0.0106)	0.0210 (0.0076)	0.271 (0.378)	93.75 (91.89)
[468/469]	0.0028 (0.0106)	0.0001 (0.0076)	0.193 (0.358)	96.88 (92.40)
 * Train Acc 92.397
 * Val Acc 95.770, Total time 0.95
Epoch:1
LR: 0.0001
Itr		Time		  Data		  Loss		Acc
[0/469]	0.1242 (0.1242)	0.1174 (0.1174)	0.183 (0.183)	97.66 (97.66)
[100/469]	0.0242 (0.0118)	0.0207 (0.0087)	0.215 (0.217)	95.31 (96.19)
[200/469]	0.0029 (0.0109)	0.0001 (0.0079)	0.283 (0.224)	95.31 (96.01)
[300/469]	0.0029 (0.0106)	0.0001 (0.0077)	0.290 (0.226)	95.31 (95.94)
[400/469]	0.0245 (0.0106)	0.0216 (0.0076)	0.364 (0.226)	93.75 (95.93)
[468/469]	0.0028 (0.0105)	0.0001 (0.0075)	0.194 (0.226)	93.75 (95.94)
 * Train Acc 95.935
 * Val Acc 95.960, Total time 0.91
validation split name: 1
 * Val Acc 94.480, Total time 0.69
validation split name: 2
 * Val Acc 89.950, Total time 0.93
validation split name: 3
 * Val Acc 90.880, Total time 0.92
validation split name: 4
 * Val Acc 93.650, Total time 0.94
validation split name: 5
 * Val Acc 93.680, Total time 0.95
validation split name: 6
 * Val Acc 94.600, Total time 0.94
validation split name: 7
 * Val Acc 95.160, Total time 0.94
validation split name: 8
 * Val Acc 94.890, Total time 0.92
validation split name: 9
 * Val Acc 95.960, Total time 0.94
====================== 10 =======================
#reg_term: 1
Epoch:0
LR: 0.0001
Itr		Time		  Data		  Loss		Acc
[0/469]	0.1250 (0.1250)	0.1185 (0.1185)	6.237 (6.237)	8.59 (8.59)
[100/469]	0.0032 (0.0115)	0.0001 (0.0085)	0.387 (0.659)	90.62 (84.85)
[200/469]	0.0029 (0.0109)	0.0001 (0.0079)	0.271 (0.488)	93.75 (89.18)
[300/469]	0.0248 (0.0107)	0.0219 (0.0078)	0.204 (0.415)	96.09 (90.92)
[400/469]	0.0030 (0.0106)	0.0002 (0.0076)	0.245 (0.376)	94.53 (91.91)
[468/469]	0.0164 (0.0106)	0.0136 (0.0076)	0.243 (0.356)	95.83 (92.44)
 * Train Acc 92.443
 * Val Acc 95.660, Total time 0.95
Epoch:1
LR: 0.0001
Itr		Time		  Data		  Loss		Acc
[0/469]	0.1220 (0.1220)	0.1158 (0.1158)	0.221 (0.221)	95.31 (95.31)
[100/469]	0.0036 (0.0113)	0.0008 (0.0084)	0.194 (0.221)	96.88 (96.19)
[200/469]	0.0028 (0.0107)	0.0001 (0.0079)	0.185 (0.226)	97.66 (96.05)
[300/469]	0.0247 (0.0106)	0.0218 (0.0078)	0.226 (0.225)	95.31 (96.02)
[400/469]	0.0035 (0.0105)	0.0008 (0.0077)	0.186 (0.223)	97.66 (96.07)
[468/469]	0.0164 (0.0104)	0.0138 (0.0077)	0.315 (0.222)	92.71 (96.08)
 * Train Acc 96.080
 * Val Acc 96.370, Total time 0.93
validation split name: 1
 * Val Acc 94.790, Total time 0.69
validation split name: 2
 * Val Acc 88.710, Total time 0.92
validation split name: 3
 * Val Acc 87.770, Total time 0.92
validation split name: 4
 * Val Acc 90.670, Total time 0.93
validation split name: 5
 * Val Acc 93.070, Total time 0.94
validation split name: 6
 * Val Acc 93.790, Total time 0.92
validation split name: 7
 * Val Acc 94.860, Total time 0.92
validation split name: 8
 * Val Acc 94.320, Total time 0.94
validation split name: 9
 * Val Acc 95.590, Total time 0.92
validation split name: 10
 * Val Acc 96.370, Total time 0.96
OrderedDict([('1', OrderedDict([('1', 96.42), ('2', 96.0), ('3', 95.21), ('4', 95.6), ('5', 95.65), ('6', 95.49), ('7', 94.49), ('8', 94.71), ('9', 94.48), ('10', 94.79)])), ('2', OrderedDict([('2', 94.6), ('3', 94.03), ('4', 94.12), ('5', 93.02), ('6', 91.71), ('7', 88.63), ('8', 90.58), ('9', 89.95), ('10', 88.71)])), ('3', OrderedDict([('3', 95.53), ('4', 95.03), ('5', 93.22), ('6', 92.56), ('7', 90.79), ('8', 90.53), ('9', 90.88), ('10', 87.77)])), ('4', OrderedDict([('4', 95.51), ('5', 95.29), ('6', 94.68), ('7', 93.11), ('8', 93.18), ('9', 93.65), ('10', 90.67)])), ('5', OrderedDict([('5', 95.37), ('6', 94.84), ('7', 92.6), ('8', 93.09), ('9', 93.68), ('10', 93.07)])), ('6', OrderedDict([('6', 95.89), ('7', 95.66), ('8', 95.46), ('9', 94.6), ('10', 93.79)])), ('7', OrderedDict([('7', 95.97), ('8', 95.73), ('9', 95.16), ('10', 94.86)])), ('8', OrderedDict([('8', 95.98), ('9', 94.89), ('10', 94.32)])), ('9', OrderedDict([('9', 95.96), ('10', 95.59)])), ('10', OrderedDict([('10', 96.37)]))])
Task 1 average acc: 96.42
Task 2 average acc: 95.3
Task 3 average acc: 94.92333333333333
Task 4 average acc: 95.065
Task 5 average acc: 94.51
Task 6 average acc: 94.195
Task 7 average acc: 93.03571428571429
Task 8 average acc: 93.65750000000001
Task 9 average acc: 93.69444444444444
Task 10 average acc: 92.994
===Summary of experiment repeats: 1 / 5 ===
The regularization coefficient: 0.02
The last avg acc of all repeats: [92.994  0.     0.     0.     0.   ]
mean: 18.5988 std: 37.1976
MLP(
  (linear): Sequential(
    (0): Linear(in_features=1024, out_features=1000, bias=True)
    (1): ReLU(inplace=True)
    (2): Linear(in_features=1000, out_features=1000, bias=True)
    (3): ReLU(inplace=True)
  )
  (last): ModuleDict(
    (All): Linear(in_features=1000, out_features=10, bias=True)
  )
)
#parameter of model: 2036010
Task order: ['1', '2', '3', '4', '5', '6', '7', '8', '9', '10']
====================== 1 =======================
#reg_term: 0
Epoch:0
LR: 0.0001
Itr		Time		  Data		  Loss		Acc
[0/469]	0.1154 (0.1154)	0.1107 (0.1107)	2.296 (2.296)	17.97 (17.97)
[100/469]	0.0019 (0.0083)	0.0001 (0.0065)	0.488 (0.793)	89.06 (82.01)
[200/469]	0.0141 (0.0079)	0.0120 (0.0059)	0.226 (0.563)	93.75 (86.06)
[300/469]	0.0028 (0.0077)	0.0008 (0.0057)	0.136 (0.462)	96.09 (88.17)
[400/469]	0.0023 (0.0076)	0.0001 (0.0056)	0.237 (0.403)	91.41 (89.49)
[468/469]	0.0118 (0.0075)	0.0097 (0.0055)	0.098 (0.376)	97.92 (90.13)
 * Train Acc 90.128
 * Val Acc 94.690, Total time 0.68
Epoch:1
LR: 0.0001
Itr		Time		  Data		  Loss		Acc
[0/469]	0.1104 (0.1104)	0.1058 (0.1058)	0.121 (0.121)	96.09 (96.09)
[100/469]	0.0021 (0.0083)	0.0001 (0.0062)	0.154 (0.169)	96.09 (95.12)
[200/469]	0.0020 (0.0078)	0.0001 (0.0058)	0.134 (0.168)	96.09 (94.95)
[300/469]	0.0181 (0.0077)	0.0160 (0.0057)	0.180 (0.163)	94.53 (95.16)
[400/469]	0.0021 (0.0076)	0.0001 (0.0056)	0.095 (0.157)	97.66 (95.38)
[468/469]	0.0118 (0.0076)	0.0098 (0.0055)	0.088 (0.153)	98.96 (95.47)
 * Train Acc 95.472
 * Val Acc 96.020, Total time 0.69
validation split name: 1
 * Val Acc 96.020, Total time 0.68
====================== 2 =======================
#reg_term: 1
Epoch:0
LR: 0.0001
Itr		Time		  Data		  Loss		Acc
[0/469]	0.1188 (0.1188)	0.1073 (0.1073)	2.968 (2.968)	9.38 (9.38)
[100/469]	0.0245 (0.0118)	0.0217 (0.0087)	0.396 (0.621)	89.84 (83.65)
[200/469]	0.0030 (0.0111)	0.0001 (0.0080)	0.390 (0.495)	92.97 (88.28)
[300/469]	0.0032 (0.0109)	0.0001 (0.0078)	0.437 (0.446)	89.84 (89.99)
[400/469]	0.0244 (0.0108)	0.0215 (0.0077)	0.248 (0.419)	99.22 (90.87)
[468/469]	0.0029 (0.0107)	0.0001 (0.0076)	0.303 (0.407)	96.88 (91.31)
 * Train Acc 91.307
 * Val Acc 94.530, Total time 0.94
Epoch:1
LR: 0.0001
Itr		Time		  Data		  Loss		Acc
[0/469]	0.1123 (0.1123)	0.1063 (0.1063)	0.293 (0.293)	95.31 (95.31)
[100/469]	0.0273 (0.0123)	0.0232 (0.0089)	0.362 (0.314)	92.19 (94.59)
[200/469]	0.0038 (0.0119)	0.0002 (0.0084)	0.323 (0.315)	94.53 (94.53)
[300/469]	0.0037 (0.0117)	0.0002 (0.0082)	0.285 (0.315)	95.31 (94.61)
[400/469]	0.0267 (0.0117)	0.0231 (0.0081)	0.298 (0.313)	96.09 (94.62)
[468/469]	0.0028 (0.0116)	0.0001 (0.0081)	0.350 (0.311)	94.79 (94.66)
 * Train Acc 94.655
 * Val Acc 94.930, Total time 0.96
validation split name: 1
 * Val Acc 95.120, Total time 0.69
validation split name: 2
 * Val Acc 94.930, Total time 0.93
====================== 3 =======================
#reg_term: 1
Epoch:0
LR: 0.0001
Itr		Time		  Data		  Loss		Acc
[0/469]	0.1152 (0.1152)	0.1085 (0.1085)	3.499 (3.499)	7.81 (7.81)
[100/469]	0.0033 (0.0112)	0.0001 (0.0082)	0.503 (0.617)	90.62 (83.92)
[200/469]	0.0033 (0.0108)	0.0002 (0.0078)	0.302 (0.482)	96.88 (88.42)
[300/469]	0.0044 (0.0106)	0.0016 (0.0076)	0.267 (0.427)	94.53 (90.25)
[400/469]	0.0240 (0.0105)	0.0208 (0.0076)	0.276 (0.399)	97.66 (91.28)
[468/469]	0.0029 (0.0105)	0.0001 (0.0075)	0.253 (0.386)	94.79 (91.73)
 * Train Acc 91.732
 * Val Acc 94.920, Total time 0.94
Epoch:1
LR: 0.0001
Itr		Time		  Data		  Loss		Acc
[0/469]	0.1258 (0.1258)	0.1198 (0.1198)	0.318 (0.318)	92.97 (92.97)
[100/469]	0.0036 (0.0112)	0.0008 (0.0082)	0.293 (0.298)	95.31 (94.72)
[200/469]	0.0030 (0.0107)	0.0002 (0.0077)	0.309 (0.295)	96.09 (94.80)
[300/469]	0.0245 (0.0106)	0.0208 (0.0076)	0.306 (0.291)	96.09 (94.94)
[400/469]	0.0038 (0.0105)	0.0010 (0.0075)	0.212 (0.288)	98.44 (95.02)
[468/469]	0.0034 (0.0104)	0.0006 (0.0075)	0.318 (0.287)	93.75 (95.06)
 * Train Acc 95.057
 * Val Acc 95.240, Total time 0.94
validation split name: 1
 * Val Acc 94.560, Total time 0.69
validation split name: 2
 * Val Acc 94.210, Total time 0.93
validation split name: 3
 * Val Acc 95.240, Total time 0.94
====================== 4 =======================
#reg_term: 1
Epoch:0
LR: 0.0001
Itr		Time		  Data		  Loss		Acc
[0/469]	0.1237 (0.1237)	0.1181 (0.1181)	3.441 (3.441)	12.50 (12.50)
[100/469]	0.0029 (0.0113)	0.0001 (0.0085)	0.330 (0.552)	90.62 (85.78)
[200/469]	0.0029 (0.0107)	0.0001 (0.0079)	0.327 (0.442)	94.53 (89.53)
[300/469]	0.0248 (0.0106)	0.0220 (0.0078)	0.277 (0.395)	94.53 (90.98)
[400/469]	0.0029 (0.0105)	0.0001 (0.0077)	0.283 (0.368)	94.53 (91.89)
[468/469]	0.0174 (0.0105)	0.0146 (0.0077)	0.316 (0.357)	93.75 (92.31)
 * Train Acc 92.307
 * Val Acc 95.270, Total time 0.93
Epoch:1
LR: 0.0001
Itr		Time		  Data		  Loss		Acc
[0/469]	0.1336 (0.1336)	0.1272 (0.1272)	0.275 (0.275)	96.09 (96.09)
[100/469]	0.0165 (0.0118)	0.0136 (0.0088)	0.274 (0.269)	95.31 (95.20)
[200/469]	0.0034 (0.0114)	0.0001 (0.0081)	0.270 (0.267)	94.53 (95.28)
[300/469]	0.0253 (0.0111)	0.0225 (0.0078)	0.271 (0.267)	96.09 (95.31)
[400/469]	0.0030 (0.0108)	0.0002 (0.0077)	0.230 (0.267)	96.09 (95.29)
[468/469]	0.0165 (0.0108)	0.0138 (0.0076)	0.290 (0.267)	90.62 (95.30)
 * Train Acc 95.298
 * Val Acc 95.640, Total time 0.94
validation split name: 1
 * Val Acc 93.650, Total time 0.69
validation split name: 2
 * Val Acc 94.080, Total time 0.94
validation split name: 3
 * Val Acc 94.980, Total time 0.94
validation split name: 4
 * Val Acc 95.640, Total time 0.91
====================== 5 =======================
#reg_term: 1
Epoch:0
LR: 0.0001
Itr		Time		  Data		  Loss		Acc
[0/469]	0.1263 (0.1263)	0.1203 (0.1203)	4.497 (4.497)	5.47 (5.47)
[100/469]	0.0034 (0.0117)	0.0001 (0.0085)	0.271 (0.614)	96.09 (84.65)
[200/469]	0.0037 (0.0109)	0.0009 (0.0078)	0.286 (0.469)	95.31 (89.02)
[300/469]	0.0069 (0.0107)	0.0038 (0.0077)	0.214 (0.413)	97.66 (90.70)
[400/469]	0.0030 (0.0107)	0.0001 (0.0076)	0.277 (0.381)	94.53 (91.64)
[468/469]	0.0033 (0.0106)	0.0001 (0.0076)	0.356 (0.366)	93.75 (92.13)
 * Train Acc 92.132
 * Val Acc 94.880, Total time 0.95
Epoch:1
LR: 0.0001
Itr		Time		  Data		  Loss		Acc
[0/469]	0.1238 (0.1238)	0.1182 (0.1182)	0.277 (0.277)	94.53 (94.53)
[100/469]	0.0237 (0.0116)	0.0204 (0.0086)	0.303 (0.260)	94.53 (95.56)
[200/469]	0.0038 (0.0109)	0.0009 (0.0079)	0.326 (0.259)	93.75 (95.54)
[300/469]	0.0036 (0.0106)	0.0008 (0.0077)	0.227 (0.256)	96.09 (95.62)
[400/469]	0.0243 (0.0105)	0.0211 (0.0076)	0.311 (0.254)	93.75 (95.66)
[468/469]	0.0028 (0.0105)	0.0001 (0.0076)	0.193 (0.255)	95.83 (95.60)
 * Train Acc 95.603
 * Val Acc 95.930, Total time 0.93
validation split name: 1
 * Val Acc 94.860, Total time 0.69
validation split name: 2
 * Val Acc 92.890, Total time 0.93
validation split name: 3
 * Val Acc 93.990, Total time 0.93
validation split name: 4
 * Val Acc 94.900, Total time 0.94
validation split name: 5
 * Val Acc 95.930, Total time 0.95
====================== 6 =======================
#reg_term: 1
Epoch:0
LR: 0.0001
Itr		Time		  Data		  Loss		Acc
[0/469]	0.1269 (0.1269)	0.1202 (0.1202)	3.350 (3.350)	21.88 (21.88)
[100/469]	0.0029 (0.0117)	0.0001 (0.0087)	0.338 (0.516)	92.19 (86.79)
[200/469]	0.0037 (0.0109)	0.0009 (0.0079)	0.303 (0.412)	91.41 (90.00)
[300/469]	0.0246 (0.0107)	0.0212 (0.0078)	0.288 (0.367)	93.75 (91.38)
[400/469]	0.0030 (0.0105)	0.0001 (0.0076)	0.198 (0.340)	96.09 (92.26)
[468/469]	0.0166 (0.0105)	0.0139 (0.0076)	0.303 (0.327)	96.88 (92.67)
 * Train Acc 92.672
 * Val Acc 95.280, Total time 0.92
Epoch:1
LR: 0.0001
Itr		Time		  Data		  Loss		Acc
[0/469]	0.1281 (0.1281)	0.1219 (0.1219)	0.321 (0.321)	92.19 (92.19)
[100/469]	0.0029 (0.0117)	0.0001 (0.0087)	0.298 (0.232)	92.97 (95.78)
[200/469]	0.0029 (0.0109)	0.0001 (0.0080)	0.227 (0.236)	95.31 (95.64)
[300/469]	0.0249 (0.0107)	0.0216 (0.0078)	0.314 (0.240)	93.75 (95.57)
[400/469]	0.0041 (0.0106)	0.0013 (0.0076)	0.214 (0.236)	97.66 (95.72)
[468/469]	0.0120 (0.0105)	0.0092 (0.0075)	0.281 (0.237)	95.83 (95.69)
 * Train Acc 95.692
 * Val Acc 96.010, Total time 0.96
validation split name: 1
 * Val Acc 94.830, Total time 0.70
validation split name: 2
 * Val Acc 92.200, Total time 0.94
validation split name: 3
 * Val Acc 92.690, Total time 0.94
validation split name: 4
 * Val Acc 93.590, Total time 0.93
validation split name: 5
 * Val Acc 95.250, Total time 0.92
validation split name: 6
 * Val Acc 96.010, Total time 0.92
====================== 7 =======================
#reg_term: 1
Epoch:0
LR: 0.0001
Itr		Time		  Data		  Loss		Acc
[0/469]	0.1289 (0.1289)	0.1228 (0.1228)	4.029 (4.029)	7.81 (7.81)
[100/469]	0.0045 (0.0113)	0.0013 (0.0082)	0.293 (0.564)	92.19 (85.50)
[200/469]	0.0030 (0.0108)	0.0002 (0.0077)	0.356 (0.436)	93.75 (89.52)
[300/469]	0.0240 (0.0107)	0.0212 (0.0077)	0.288 (0.384)	92.19 (91.10)
[400/469]	0.0029 (0.0106)	0.0001 (0.0076)	0.264 (0.353)	94.53 (91.96)
[468/469]	0.0166 (0.0105)	0.0138 (0.0075)	0.275 (0.339)	92.71 (92.38)
 * Train Acc 92.383
 * Val Acc 95.140, Total time 0.94
Epoch:1
LR: 0.0001
Itr		Time		  Data		  Loss		Acc
[0/469]	0.1294 (0.1294)	0.1239 (0.1239)	0.270 (0.270)	93.75 (93.75)
[100/469]	0.0029 (0.0114)	0.0001 (0.0084)	0.174 (0.239)	99.22 (95.65)
[200/469]	0.0032 (0.0108)	0.0004 (0.0078)	0.216 (0.233)	93.75 (95.78)
[300/469]	0.0242 (0.0107)	0.0214 (0.0077)	0.193 (0.236)	97.66 (95.70)
[400/469]	0.0029 (0.0105)	0.0001 (0.0076)	0.233 (0.233)	95.31 (95.78)
[468/469]	0.0172 (0.0105)	0.0143 (0.0075)	0.268 (0.235)	93.75 (95.76)
 * Train Acc 95.757
 * Val Acc 96.110, Total time 0.92
validation split name: 1
 * Val Acc 95.010, Total time 0.69
validation split name: 2
 * Val Acc 91.630, Total time 0.95
validation split name: 3
 * Val Acc 91.800, Total time 0.95
validation split name: 4
 * Val Acc 93.200, Total time 0.92
validation split name: 5
 * Val Acc 94.790, Total time 0.92
validation split name: 6
 * Val Acc 95.610, Total time 0.95
validation split name: 7
 * Val Acc 96.110, Total time 0.93
====================== 8 =======================
#reg_term: 1
Epoch:0
LR: 0.0001
Itr		Time		  Data		  Loss		Acc
[0/469]	0.1257 (0.1257)	0.1179 (0.1179)	4.923 (4.923)	14.84 (14.84)
[100/469]	0.0232 (0.0119)	0.0199 (0.0089)	0.404 (0.613)	90.62 (84.55)
[200/469]	0.0034 (0.0111)	0.0001 (0.0082)	0.256 (0.454)	92.97 (89.14)
[300/469]	0.0029 (0.0109)	0.0001 (0.0079)	0.241 (0.390)	96.09 (90.89)
[400/469]	0.0246 (0.0108)	0.0218 (0.0078)	0.192 (0.354)	96.09 (91.98)
[468/469]	0.0028 (0.0107)	0.0001 (0.0077)	0.187 (0.338)	96.88 (92.44)
 * Train Acc 92.445
 * Val Acc 95.650, Total time 0.93
Epoch:1
LR: 0.0001
Itr		Time		  Data		  Loss		Acc
[0/469]	0.1401 (0.1401)	0.1335 (0.1335)	0.265 (0.265)	91.41 (91.41)
[100/469]	0.0071 (0.0118)	0.0044 (0.0091)	0.213 (0.221)	96.88 (95.83)
[200/469]	0.0029 (0.0110)	0.0001 (0.0082)	0.233 (0.221)	96.09 (95.97)
[300/469]	0.0029 (0.0109)	0.0001 (0.0080)	0.210 (0.223)	95.31 (95.93)
[400/469]	0.0241 (0.0108)	0.0213 (0.0079)	0.243 (0.224)	96.09 (95.93)
[468/469]	0.0029 (0.0107)	0.0001 (0.0078)	0.251 (0.225)	94.79 (95.95)
 * Train Acc 95.948
 * Val Acc 96.020, Total time 0.92
validation split name: 1
 * Val Acc 94.710, Total time 0.68
validation split name: 2
 * Val Acc 92.130, Total time 0.95
validation split name: 3
 * Val Acc 88.070, Total time 0.94
validation split name: 4
 * Val Acc 92.880, Total time 0.94
validation split name: 5
 * Val Acc 92.370, Total time 0.94
validation split name: 6
 * Val Acc 95.180, Total time 0.94
validation split name: 7
 * Val Acc 95.500, Total time 0.93
validation split name: 8
 * Val Acc 96.020, Total time 0.93
====================== 9 =======================
#reg_term: 1
Epoch:0
LR: 0.0001
Itr		Time		  Data		  Loss		Acc
[0/469]	0.1265 (0.1265)	0.1200 (0.1200)	5.054 (5.054)	12.50 (12.50)
[100/469]	0.0040 (0.0113)	0.0009 (0.0084)	0.355 (0.604)	92.19 (85.40)
[200/469]	0.0029 (0.0108)	0.0001 (0.0078)	0.319 (0.452)	92.97 (89.52)
[300/469]	0.0239 (0.0106)	0.0211 (0.0077)	0.268 (0.391)	94.53 (91.16)
[400/469]	0.0036 (0.0105)	0.0008 (0.0076)	0.216 (0.356)	95.31 (92.11)
[468/469]	0.0172 (0.0105)	0.0143 (0.0076)	0.163 (0.339)	97.92 (92.58)
 * Train Acc 92.582
 * Val Acc 95.380, Total time 0.92
Epoch:1
LR: 0.0001
Itr		Time		  Data		  Loss		Acc
[0/469]	0.1131 (0.1131)	0.1068 (0.1068)	0.209 (0.209)	95.31 (95.31)
[100/469]	0.0249 (0.0118)	0.0221 (0.0088)	0.196 (0.221)	95.31 (95.93)
[200/469]	0.0029 (0.0109)	0.0001 (0.0081)	0.190 (0.221)	96.88 (95.91)
[300/469]	0.0028 (0.0106)	0.0001 (0.0078)	0.226 (0.224)	96.09 (95.91)
[400/469]	0.0249 (0.0106)	0.0222 (0.0078)	0.225 (0.226)	95.31 (95.85)
[468/469]	0.0028 (0.0105)	0.0001 (0.0077)	0.236 (0.228)	93.75 (95.80)
 * Train Acc 95.803
 * Val Acc 96.200, Total time 0.92
validation split name: 1
 * Val Acc 94.740, Total time 0.69
validation split name: 2
 * Val Acc 90.650, Total time 0.94
validation split name: 3
 * Val Acc 87.310, Total time 0.95
validation split name: 4
 * Val Acc 90.000, Total time 0.93
validation split name: 5
 * Val Acc 92.200, Total time 0.92
validation split name: 6
 * Val Acc 94.320, Total time 0.94
validation split name: 7
 * Val Acc 95.450, Total time 0.94
validation split name: 8
 * Val Acc 95.740, Total time 0.94
validation split name: 9
 * Val Acc 96.200, Total time 0.91
====================== 10 =======================
#reg_term: 1
Epoch:0
LR: 0.0001
Itr		Time		  Data		  Loss		Acc
[0/469]	0.1139 (0.1139)	0.1075 (0.1075)	6.103 (6.103)	10.94 (10.94)
[100/469]	0.0247 (0.0116)	0.0219 (0.0086)	0.357 (0.634)	92.19 (85.18)
[200/469]	0.0039 (0.0109)	0.0009 (0.0080)	0.353 (0.469)	89.84 (89.41)
[300/469]	0.0036 (0.0107)	0.0008 (0.0077)	0.241 (0.400)	96.88 (91.17)
[400/469]	0.0253 (0.0106)	0.0222 (0.0077)	0.198 (0.362)	98.44 (92.16)
[468/469]	0.0029 (0.0106)	0.0002 (0.0076)	0.211 (0.344)	94.79 (92.60)
 * Train Acc 92.598
 * Val Acc 95.790, Total time 0.93
Epoch:1
LR: 0.0001
Itr		Time		  Data		  Loss		Acc
[0/469]	0.1390 (0.1390)	0.1327 (0.1327)	0.227 (0.227)	95.31 (95.31)
[100/469]	0.0036 (0.0117)	0.0001 (0.0087)	0.287 (0.208)	95.31 (96.44)
[200/469]	0.0098 (0.0110)	0.0069 (0.0081)	0.210 (0.213)	96.09 (96.28)
[300/469]	0.0176 (0.0108)	0.0148 (0.0079)	0.191 (0.216)	97.66 (96.17)
[400/469]	0.0031 (0.0107)	0.0001 (0.0077)	0.228 (0.217)	94.53 (96.14)
[468/469]	0.0110 (0.0106)	0.0082 (0.0077)	0.366 (0.219)	90.62 (96.06)
 * Train Acc 96.058
 * Val Acc 96.000, Total time 0.92
validation split name: 1
 * Val Acc 93.850, Total time 0.68
validation split name: 2
 * Val Acc 89.540, Total time 0.96
validation split name: 3
 * Val Acc 82.400, Total time 0.92
validation split name: 4
 * Val Acc 90.180, Total time 0.91
validation split name: 5
 * Val Acc 90.880, Total time 0.93
validation split name: 6
 * Val Acc 93.850, Total time 0.94
validation split name: 7
 * Val Acc 95.330, Total time 0.93
validation split name: 8
 * Val Acc 95.010, Total time 0.94
validation split name: 9
 * Val Acc 95.250, Total time 0.93
validation split name: 10
 * Val Acc 96.000, Total time 0.95
OrderedDict([('1', OrderedDict([('1', 96.02), ('2', 95.12), ('3', 94.56), ('4', 93.65), ('5', 94.86), ('6', 94.83), ('7', 95.01), ('8', 94.71), ('9', 94.74), ('10', 93.85)])), ('2', OrderedDict([('2', 94.93), ('3', 94.21), ('4', 94.08), ('5', 92.89), ('6', 92.2), ('7', 91.63), ('8', 92.13), ('9', 90.65), ('10', 89.54)])), ('3', OrderedDict([('3', 95.24), ('4', 94.98), ('5', 93.99), ('6', 92.69), ('7', 91.8), ('8', 88.07), ('9', 87.31), ('10', 82.4)])), ('4', OrderedDict([('4', 95.64), ('5', 94.9), ('6', 93.59), ('7', 93.2), ('8', 92.88), ('9', 90.0), ('10', 90.18)])), ('5', OrderedDict([('5', 95.93), ('6', 95.25), ('7', 94.79), ('8', 92.37), ('9', 92.2), ('10', 90.88)])), ('6', OrderedDict([('6', 96.01), ('7', 95.61), ('8', 95.18), ('9', 94.32), ('10', 93.85)])), ('7', OrderedDict([('7', 96.11), ('8', 95.5), ('9', 95.45), ('10', 95.33)])), ('8', OrderedDict([('8', 96.02), ('9', 95.74), ('10', 95.01)])), ('9', OrderedDict([('9', 96.2), ('10', 95.25)])), ('10', OrderedDict([('10', 96.0)]))])
Task 1 average acc: 96.02
Task 2 average acc: 95.025
Task 3 average acc: 94.67
Task 4 average acc: 94.5875
Task 5 average acc: 94.514
Task 6 average acc: 94.09500000000001
Task 7 average acc: 94.02142857142857
Task 8 average acc: 93.35749999999999
Task 9 average acc: 92.95666666666668
Task 10 average acc: 92.229
===Summary of experiment repeats: 2 / 5 ===
The regularization coefficient: 0.02
The last avg acc of all repeats: [92.994 92.229  0.     0.     0.   ]
mean: 37.0446 std: 45.370828802656895
MLP(
  (linear): Sequential(
    (0): Linear(in_features=1024, out_features=1000, bias=True)
    (1): ReLU(inplace=True)
    (2): Linear(in_features=1000, out_features=1000, bias=True)
    (3): ReLU(inplace=True)
  )
  (last): ModuleDict(
    (All): Linear(in_features=1000, out_features=10, bias=True)
  )
)
#parameter of model: 2036010
Task order: ['1', '2', '3', '4', '5', '6', '7', '8', '9', '10']
====================== 1 =======================
#reg_term: 0
Epoch:0
LR: 0.0001
Itr		Time		  Data		  Loss		Acc
[0/469]	0.1147 (0.1147)	0.1098 (0.1098)	2.308 (2.308)	7.03 (7.03)
[100/469]	0.0180 (0.0088)	0.0159 (0.0067)	0.349 (0.816)	89.84 (80.73)
[200/469]	0.0030 (0.0080)	0.0008 (0.0059)	0.233 (0.569)	92.19 (85.79)
[300/469]	0.0083 (0.0078)	0.0061 (0.0057)	0.267 (0.468)	92.97 (87.88)
[400/469]	0.0019 (0.0077)	0.0001 (0.0056)	0.281 (0.409)	90.62 (89.25)
[468/469]	0.0110 (0.0076)	0.0089 (0.0055)	0.300 (0.379)	94.79 (89.95)
 * Train Acc 89.947
 * Val Acc 94.490, Total time 0.71
Epoch:1
LR: 0.0001
Itr		Time		  Data		  Loss		Acc
[0/469]	0.1156 (0.1156)	0.1112 (0.1112)	0.206 (0.206)	92.19 (92.19)
[100/469]	0.0022 (0.0084)	0.0001 (0.0064)	0.110 (0.179)	96.09 (94.68)
[200/469]	0.0026 (0.0078)	0.0001 (0.0059)	0.104 (0.166)	96.88 (95.08)
[300/469]	0.0179 (0.0077)	0.0158 (0.0057)	0.079 (0.158)	96.88 (95.37)
[400/469]	0.0022 (0.0076)	0.0001 (0.0056)	0.102 (0.154)	96.09 (95.47)
[468/469]	0.0124 (0.0075)	0.0104 (0.0055)	0.152 (0.153)	95.83 (95.55)
 * Train Acc 95.553
 * Val Acc 96.230, Total time 0.68
validation split name: 1
 * Val Acc 96.230, Total time 0.68
====================== 2 =======================
#reg_term: 1
Epoch:0
LR: 0.0001
Itr		Time		  Data		  Loss		Acc
[0/469]	0.1152 (0.1152)	0.1048 (0.1048)	2.918 (2.918)	9.38 (9.38)
[100/469]	0.0362 (0.0132)	0.0330 (0.0100)	0.472 (0.622)	87.50 (84.37)
[200/469]	0.0035 (0.0123)	0.0001 (0.0092)	0.321 (0.500)	92.97 (88.39)
[300/469]	0.0030 (0.0116)	0.0001 (0.0085)	0.323 (0.451)	92.97 (90.10)
[400/469]	0.0240 (0.0113)	0.0208 (0.0083)	0.320 (0.423)	92.97 (91.06)
[468/469]	0.0028 (0.0111)	0.0001 (0.0081)	0.293 (0.412)	96.88 (91.40)
 * Train Acc 91.398
 * Val Acc 94.320, Total time 0.94
Epoch:1
LR: 0.0001
Itr		Time		  Data		  Loss		Acc
[0/469]	0.1175 (0.1175)	0.1119 (0.1119)	0.388 (0.388)	91.41 (91.41)
[100/469]	0.0036 (0.0117)	0.0009 (0.0088)	0.327 (0.317)	91.41 (94.73)
[200/469]	0.0030 (0.0109)	0.0002 (0.0081)	0.280 (0.317)	95.31 (94.61)
[300/469]	0.0060 (0.0107)	0.0032 (0.0078)	0.322 (0.317)	94.53 (94.65)
[400/469]	0.0236 (0.0106)	0.0208 (0.0077)	0.361 (0.319)	92.97 (94.56)
[468/469]	0.0035 (0.0105)	0.0007 (0.0076)	0.252 (0.319)	98.96 (94.57)
 * Train Acc 94.573
 * Val Acc 94.840, Total time 0.93
validation split name: 1
 * Val Acc 95.890, Total time 0.70
validation split name: 2
 * Val Acc 94.840, Total time 0.94
====================== 3 =======================
#reg_term: 1
Epoch:0
LR: 0.0001
Itr		Time		  Data		  Loss		Acc
[0/469]	0.1237 (0.1237)	0.1174 (0.1174)	3.390 (3.390)	14.06 (14.06)
[100/469]	0.0029 (0.0114)	0.0001 (0.0083)	0.445 (0.612)	88.28 (84.22)
[200/469]	0.0037 (0.0108)	0.0009 (0.0078)	0.345 (0.478)	92.97 (88.66)
[300/469]	0.0235 (0.0106)	0.0202 (0.0077)	0.324 (0.428)	91.41 (90.35)
[400/469]	0.0029 (0.0105)	0.0001 (0.0076)	0.220 (0.400)	97.66 (91.34)
[468/469]	0.0121 (0.0105)	0.0094 (0.0075)	0.326 (0.386)	92.71 (91.79)
 * Train Acc 91.792
 * Val Acc 95.080, Total time 0.94
Epoch:1
LR: 0.0001
Itr		Time		  Data		  Loss		Acc
[0/469]	0.1244 (0.1244)	0.1185 (0.1185)	0.253 (0.253)	95.31 (95.31)
[100/469]	0.0048 (0.0114)	0.0015 (0.0083)	0.247 (0.285)	96.88 (95.17)
[200/469]	0.0029 (0.0108)	0.0001 (0.0078)	0.293 (0.285)	94.53 (95.06)
[300/469]	0.0257 (0.0107)	0.0223 (0.0077)	0.202 (0.288)	97.66 (95.01)
[400/469]	0.0034 (0.0106)	0.0001 (0.0076)	0.306 (0.287)	96.09 (95.02)
[468/469]	0.0152 (0.0105)	0.0123 (0.0076)	0.259 (0.287)	95.83 (95.02)
 * Train Acc 95.023
 * Val Acc 95.360, Total time 0.92
validation split name: 1
 * Val Acc 95.590, Total time 0.70
validation split name: 2
 * Val Acc 94.450, Total time 0.92
validation split name: 3
 * Val Acc 95.360, Total time 0.93
====================== 4 =======================
#reg_term: 1
Epoch:0
LR: 0.0001
Itr		Time		  Data		  Loss		Acc
[0/469]	0.1250 (0.1250)	0.1188 (0.1188)	3.441 (3.441)	10.94 (10.94)
[100/469]	0.0039 (0.0114)	0.0011 (0.0084)	0.324 (0.588)	92.19 (84.57)
[200/469]	0.0030 (0.0109)	0.0002 (0.0079)	0.269 (0.463)	93.75 (88.62)
[300/469]	0.0241 (0.0107)	0.0214 (0.0078)	0.324 (0.407)	90.62 (90.51)
[400/469]	0.0039 (0.0106)	0.0009 (0.0077)	0.323 (0.379)	96.88 (91.47)
[468/469]	0.0173 (0.0105)	0.0145 (0.0076)	0.162 (0.365)	98.96 (91.92)
 * Train Acc 91.918
 * Val Acc 95.290, Total time 0.93
Epoch:1
LR: 0.0001
Itr		Time		  Data		  Loss		Acc
[0/469]	0.1260 (0.1260)	0.1198 (0.1198)	0.329 (0.329)	93.75 (93.75)
[100/469]	0.0029 (0.0114)	0.0002 (0.0085)	0.218 (0.273)	96.88 (95.27)
[200/469]	0.0030 (0.0108)	0.0001 (0.0079)	0.188 (0.265)	98.44 (95.48)
[300/469]	0.0245 (0.0107)	0.0215 (0.0078)	0.290 (0.269)	92.97 (95.28)
[400/469]	0.0030 (0.0106)	0.0002 (0.0077)	0.253 (0.270)	96.88 (95.22)
[468/469]	0.0173 (0.0105)	0.0145 (0.0076)	0.209 (0.269)	97.92 (95.25)
 * Train Acc 95.245
 * Val Acc 94.900, Total time 0.92
validation split name: 1
 * Val Acc 95.830, Total time 0.70
validation split name: 2
 * Val Acc 92.360, Total time 0.95
validation split name: 3
 * Val Acc 94.540, Total time 0.93
validation split name: 4
 * Val Acc 94.900, Total time 0.94
====================== 5 =======================
#reg_term: 1
Epoch:0
LR: 0.0001
Itr		Time		  Data		  Loss		Acc
[0/469]	0.1297 (0.1297)	0.1238 (0.1238)	4.224 (4.224)	10.16 (10.16)
[100/469]	0.0029 (0.0117)	0.0001 (0.0087)	0.324 (0.604)	94.53 (84.96)
[200/469]	0.0029 (0.0111)	0.0001 (0.0081)	0.328 (0.461)	91.41 (89.28)
[300/469]	0.0240 (0.0108)	0.0212 (0.0079)	0.232 (0.404)	95.31 (90.96)
[400/469]	0.0034 (0.0107)	0.0001 (0.0078)	0.236 (0.374)	95.31 (91.87)
[468/469]	0.0169 (0.0106)	0.0141 (0.0077)	0.272 (0.360)	95.83 (92.30)
 * Train Acc 92.302
 * Val Acc 95.190, Total time 0.93
Epoch:1
LR: 0.0001
Itr		Time		  Data		  Loss		Acc
[0/469]	0.1187 (0.1187)	0.1121 (0.1121)	0.225 (0.225)	96.88 (96.88)
[100/469]	0.0036 (0.0113)	0.0008 (0.0083)	0.361 (0.251)	91.41 (95.74)
[200/469]	0.0029 (0.0107)	0.0001 (0.0078)	0.223 (0.251)	98.44 (95.69)
[300/469]	0.0244 (0.0105)	0.0210 (0.0076)	0.232 (0.252)	96.88 (95.63)
[400/469]	0.0041 (0.0104)	0.0009 (0.0075)	0.306 (0.253)	92.97 (95.64)
[468/469]	0.0169 (0.0104)	0.0141 (0.0075)	0.245 (0.253)	95.83 (95.62)
 * Train Acc 95.617
 * Val Acc 95.770, Total time 0.94
validation split name: 1
 * Val Acc 95.610, Total time 0.68
validation split name: 2
 * Val Acc 91.580, Total time 0.94
validation split name: 3
 * Val Acc 93.800, Total time 0.94
validation split name: 4
 * Val Acc 95.120, Total time 0.94
validation split name: 5
 * Val Acc 95.770, Total time 0.93
====================== 6 =======================
#reg_term: 1
Epoch:0
LR: 0.0001
Itr		Time		  Data		  Loss		Acc
[0/469]	0.1166 (0.1166)	0.1101 (0.1101)	4.011 (4.011)	14.06 (14.06)
[100/469]	0.0262 (0.0117)	0.0233 (0.0086)	0.362 (0.560)	90.62 (85.83)
[200/469]	0.0029 (0.0110)	0.0001 (0.0080)	0.255 (0.438)	93.75 (89.58)
[300/469]	0.0029 (0.0107)	0.0001 (0.0078)	0.269 (0.385)	94.53 (91.20)
[400/469]	0.0250 (0.0107)	0.0216 (0.0078)	0.232 (0.356)	96.09 (92.05)
[468/469]	0.0027 (0.0106)	0.0001 (0.0077)	0.231 (0.340)	95.83 (92.54)
 * Train Acc 92.543
 * Val Acc 95.350, Total time 0.92
Epoch:1
LR: 0.0001
Itr		Time		  Data		  Loss		Acc
[0/469]	0.1355 (0.1355)	0.1290 (0.1290)	0.201 (0.201)	97.66 (97.66)
[100/469]	0.0029 (0.0117)	0.0001 (0.0086)	0.256 (0.232)	94.53 (95.75)
[200/469]	0.0037 (0.0109)	0.0009 (0.0079)	0.260 (0.241)	95.31 (95.60)
[300/469]	0.0241 (0.0107)	0.0209 (0.0078)	0.304 (0.240)	92.97 (95.61)
[400/469]	0.0093 (0.0106)	0.0059 (0.0076)	0.250 (0.240)	95.31 (95.65)
[468/469]	0.0029 (0.0106)	0.0001 (0.0075)	0.195 (0.242)	97.92 (95.63)
 * Train Acc 95.628
 * Val Acc 96.050, Total time 0.94
validation split name: 1
 * Val Acc 95.900, Total time 0.68
validation split name: 2
 * Val Acc 92.980, Total time 0.93
validation split name: 3
 * Val Acc 93.500, Total time 0.92
validation split name: 4
 * Val Acc 94.720, Total time 0.93
validation split name: 5
 * Val Acc 94.980, Total time 0.92
validation split name: 6
 * Val Acc 96.050, Total time 0.94
====================== 7 =======================
#reg_term: 1
Epoch:0
LR: 0.0001
Itr		Time		  Data		  Loss		Acc
[0/469]	0.1234 (0.1234)	0.1173 (0.1173)	5.844 (5.844)	3.91 (3.91)
[100/469]	0.0045 (0.0113)	0.0016 (0.0083)	0.474 (0.630)	89.06 (84.68)
[200/469]	0.0034 (0.0108)	0.0001 (0.0078)	0.323 (0.481)	93.75 (88.78)
[300/469]	0.0038 (0.0106)	0.0010 (0.0077)	0.262 (0.415)	94.53 (90.65)
[400/469]	0.0255 (0.0106)	0.0222 (0.0076)	0.264 (0.379)	96.09 (91.71)
[468/469]	0.0028 (0.0105)	0.0001 (0.0075)	0.318 (0.363)	93.75 (92.14)
 * Train Acc 92.137
 * Val Acc 95.410, Total time 0.94
Epoch:1
LR: 0.0001
Itr		Time		  Data		  Loss		Acc
[0/469]	0.1242 (0.1242)	0.1184 (0.1184)	0.300 (0.300)	92.97 (92.97)
[100/469]	0.0081 (0.0113)	0.0052 (0.0084)	0.220 (0.240)	96.88 (95.78)
[200/469]	0.0029 (0.0107)	0.0001 (0.0079)	0.270 (0.240)	92.19 (95.77)
[300/469]	0.0189 (0.0106)	0.0161 (0.0077)	0.263 (0.243)	93.75 (95.67)
[400/469]	0.0089 (0.0105)	0.0062 (0.0076)	0.181 (0.243)	97.66 (95.71)
[468/469]	0.0148 (0.0105)	0.0119 (0.0076)	0.245 (0.241)	93.75 (95.75)
 * Train Acc 95.748
 * Val Acc 95.820, Total time 0.94
validation split name: 1
 * Val Acc 95.500, Total time 0.67
validation split name: 2
 * Val Acc 92.020, Total time 0.93
validation split name: 3
 * Val Acc 91.990, Total time 0.92
validation split name: 4
 * Val Acc 93.320, Total time 0.92
validation split name: 5
 * Val Acc 93.570, Total time 0.93
validation split name: 6
 * Val Acc 95.140, Total time 0.92
validation split name: 7
 * Val Acc 95.820, Total time 0.92
====================== 8 =======================
#reg_term: 1
Epoch:0
LR: 0.0001
Itr		Time		  Data		  Loss		Acc
[0/469]	0.1309 (0.1309)	0.1247 (0.1247)	5.503 (5.503)	4.69 (4.69)
[100/469]	0.0029 (0.0114)	0.0001 (0.0085)	0.396 (0.642)	92.19 (84.64)
[200/469]	0.0029 (0.0107)	0.0001 (0.0079)	0.273 (0.480)	92.97 (88.96)
[300/469]	0.0248 (0.0106)	0.0220 (0.0078)	0.245 (0.410)	95.31 (90.77)
[400/469]	0.0029 (0.0105)	0.0001 (0.0077)	0.219 (0.373)	97.66 (91.81)
[468/469]	0.0178 (0.0105)	0.0150 (0.0077)	0.237 (0.357)	95.83 (92.28)
 * Train Acc 92.278
 * Val Acc 95.710, Total time 0.95
Epoch:1
LR: 0.0001
Itr		Time		  Data		  Loss		Acc
[0/469]	0.1223 (0.1223)	0.1164 (0.1164)	0.240 (0.240)	94.53 (94.53)
[100/469]	0.0080 (0.0113)	0.0048 (0.0083)	0.224 (0.227)	95.31 (96.09)
[200/469]	0.0030 (0.0108)	0.0001 (0.0078)	0.218 (0.229)	95.31 (95.97)
[300/469]	0.0210 (0.0107)	0.0182 (0.0077)	0.188 (0.230)	95.31 (95.94)
[400/469]	0.0049 (0.0105)	0.0016 (0.0076)	0.196 (0.232)	98.44 (95.89)
[468/469]	0.0161 (0.0105)	0.0133 (0.0075)	0.154 (0.230)	98.96 (95.94)
 * Train Acc 95.937
 * Val Acc 95.950, Total time 0.93
validation split name: 1
 * Val Acc 94.300, Total time 0.71
validation split name: 2
 * Val Acc 90.120, Total time 0.91
validation split name: 3
 * Val Acc 91.470, Total time 0.93
validation split name: 4
 * Val Acc 90.100, Total time 0.93
validation split name: 5
 * Val Acc 92.310, Total time 0.95
validation split name: 6
 * Val Acc 94.640, Total time 0.93
validation split name: 7
 * Val Acc 95.360, Total time 0.93
validation split name: 8
 * Val Acc 95.950, Total time 0.93
====================== 9 =======================
#reg_term: 1
Epoch:0
LR: 0.0001
Itr		Time		  Data		  Loss		Acc
[0/469]	0.1240 (0.1240)	0.1178 (0.1178)	5.879 (5.879)	8.59 (8.59)
[100/469]	0.0029 (0.0113)	0.0001 (0.0084)	0.298 (0.665)	92.97 (84.21)
[200/469]	0.0029 (0.0107)	0.0001 (0.0078)	0.259 (0.488)	96.09 (88.91)
[300/469]	0.0044 (0.0106)	0.0016 (0.0077)	0.281 (0.420)	96.09 (90.65)
[400/469]	0.0249 (0.0106)	0.0221 (0.0077)	0.255 (0.379)	94.53 (91.73)
[468/469]	0.0028 (0.0105)	0.0001 (0.0076)	0.247 (0.360)	96.88 (92.22)
 * Train Acc 92.225
 * Val Acc 95.570, Total time 0.95
Epoch:1
LR: 0.0001
Itr		Time		  Data		  Loss		Acc
[0/469]	0.1225 (0.1225)	0.1164 (0.1164)	0.342 (0.342)	89.06 (89.06)
[100/469]	0.0032 (0.0118)	0.0001 (0.0087)	0.219 (0.229)	96.09 (95.91)
[200/469]	0.0030 (0.0110)	0.0001 (0.0080)	0.258 (0.229)	94.53 (95.88)
[300/469]	0.0248 (0.0109)	0.0219 (0.0079)	0.149 (0.226)	99.22 (95.93)
[400/469]	0.0035 (0.0107)	0.0007 (0.0078)	0.252 (0.226)	94.53 (95.92)
[468/469]	0.0166 (0.0107)	0.0138 (0.0077)	0.211 (0.228)	95.83 (95.87)
 * Train Acc 95.873
 * Val Acc 95.920, Total time 0.95
validation split name: 1
 * Val Acc 94.030, Total time 0.69
validation split name: 2
 * Val Acc 88.720, Total time 0.92
validation split name: 3
 * Val Acc 91.680, Total time 0.93
validation split name: 4
 * Val Acc 89.080, Total time 0.95
validation split name: 5
 * Val Acc 92.790, Total time 0.94
validation split name: 6
 * Val Acc 94.200, Total time 0.94
validation split name: 7
 * Val Acc 94.860, Total time 0.92
validation split name: 8
 * Val Acc 95.260, Total time 0.93
validation split name: 9
 * Val Acc 95.920, Total time 0.94
====================== 10 =======================
#reg_term: 1
Epoch:0
LR: 0.0001
Itr		Time		  Data		  Loss		Acc
[0/469]	0.1226 (0.1226)	0.1159 (0.1159)	5.203 (5.203)	5.47 (5.47)
[100/469]	0.0046 (0.0125)	0.0018 (0.0090)	0.309 (0.622)	93.75 (85.02)
[200/469]	0.0244 (0.0116)	0.0217 (0.0084)	0.231 (0.459)	95.31 (89.44)
[300/469]	0.0029 (0.0111)	0.0001 (0.0080)	0.233 (0.393)	94.53 (91.16)
[400/469]	0.0029 (0.0109)	0.0001 (0.0078)	0.279 (0.357)	92.97 (92.17)
[468/469]	0.0028 (0.0108)	0.0001 (0.0078)	0.173 (0.340)	96.88 (92.63)
 * Train Acc 92.630
 * Val Acc 95.370, Total time 0.94
Epoch:1
LR: 0.0001
Itr		Time		  Data		  Loss		Acc
[0/469]	0.1130 (0.1130)	0.1053 (0.1053)	0.254 (0.254)	95.31 (95.31)
[100/469]	0.0029 (0.0117)	0.0001 (0.0082)	0.240 (0.217)	95.31 (96.18)
[200/469]	0.0042 (0.0112)	0.0001 (0.0078)	0.197 (0.216)	96.09 (96.21)
[300/469]	0.0038 (0.0113)	0.0002 (0.0077)	0.210 (0.216)	96.88 (96.19)
[400/469]	0.0245 (0.0112)	0.0218 (0.0077)	0.163 (0.217)	97.66 (96.14)
[468/469]	0.0028 (0.0110)	0.0001 (0.0077)	0.299 (0.218)	94.79 (96.11)
 * Train Acc 96.112
 * Val Acc 96.160, Total time 0.91
validation split name: 1
 * Val Acc 94.510, Total time 0.67
validation split name: 2
 * Val Acc 89.760, Total time 0.93
validation split name: 3
 * Val Acc 87.550, Total time 0.95
validation split name: 4
 * Val Acc 90.930, Total time 0.94
validation split name: 5
 * Val Acc 91.730, Total time 0.95
validation split name: 6
 * Val Acc 93.330, Total time 0.92
validation split name: 7
 * Val Acc 94.440, Total time 0.91
validation split name: 8
 * Val Acc 93.830, Total time 0.93
validation split name: 9
 * Val Acc 95.130, Total time 0.96
validation split name: 10
 * Val Acc 96.160, Total time 0.94
OrderedDict([('1', OrderedDict([('1', 96.23), ('2', 95.89), ('3', 95.59), ('4', 95.83), ('5', 95.61), ('6', 95.9), ('7', 95.5), ('8', 94.3), ('9', 94.03), ('10', 94.51)])), ('2', OrderedDict([('2', 94.84), ('3', 94.45), ('4', 92.36), ('5', 91.58), ('6', 92.98), ('7', 92.02), ('8', 90.12), ('9', 88.72), ('10', 89.76)])), ('3', OrderedDict([('3', 95.36), ('4', 94.54), ('5', 93.8), ('6', 93.5), ('7', 91.99), ('8', 91.47), ('9', 91.68), ('10', 87.55)])), ('4', OrderedDict([('4', 94.9), ('5', 95.12), ('6', 94.72), ('7', 93.32), ('8', 90.1), ('9', 89.08), ('10', 90.93)])), ('5', OrderedDict([('5', 95.77), ('6', 94.98), ('7', 93.57), ('8', 92.31), ('9', 92.79), ('10', 91.73)])), ('6', OrderedDict([('6', 96.05), ('7', 95.14), ('8', 94.64), ('9', 94.2), ('10', 93.33)])), ('7', OrderedDict([('7', 95.82), ('8', 95.36), ('9', 94.86), ('10', 94.44)])), ('8', OrderedDict([('8', 95.95), ('9', 95.26), ('10', 93.83)])), ('9', OrderedDict([('9', 95.92), ('10', 95.13)])), ('10', OrderedDict([('10', 96.16)]))])
Task 1 average acc: 96.23
Task 2 average acc: 95.36500000000001
Task 3 average acc: 95.13333333333334
Task 4 average acc: 94.4075
Task 5 average acc: 94.376
Task 6 average acc: 94.68833333333333
Task 7 average acc: 93.90857142857142
Task 8 average acc: 93.03125000000001
Task 9 average acc: 92.94888888888889
Task 10 average acc: 92.737
===Summary of experiment repeats: 3 / 5 ===
The regularization coefficient: 0.02
The last avg acc of all repeats: [92.994 92.229 92.737  0.     0.   ]
mean: 55.592000000000006 std: 45.39134570818538
MLP(
  (linear): Sequential(
    (0): Linear(in_features=1024, out_features=1000, bias=True)
    (1): ReLU(inplace=True)
    (2): Linear(in_features=1000, out_features=1000, bias=True)
    (3): ReLU(inplace=True)
  )
  (last): ModuleDict(
    (All): Linear(in_features=1000, out_features=10, bias=True)
  )
)
#parameter of model: 2036010
Task order: ['1', '2', '3', '4', '5', '6', '7', '8', '9', '10']
====================== 1 =======================
#reg_term: 0
Epoch:0
LR: 0.0001
Itr		Time		  Data		  Loss		Acc
[0/469]	0.1121 (0.1121)	0.1071 (0.1071)	2.307 (2.307)	9.38 (9.38)
[100/469]	0.0019 (0.0085)	0.0001 (0.0065)	0.345 (0.815)	89.06 (80.67)
[200/469]	0.0019 (0.0078)	0.0001 (0.0059)	0.326 (0.565)	87.50 (85.73)
[300/469]	0.0176 (0.0076)	0.0158 (0.0057)	0.142 (0.463)	95.31 (87.92)
[400/469]	0.0054 (0.0075)	0.0036 (0.0056)	0.277 (0.402)	92.19 (89.36)
[468/469]	0.0054 (0.0074)	0.0036 (0.0056)	0.271 (0.374)	91.67 (90.03)
 * Train Acc 90.032
 * Val Acc 94.690, Total time 0.68
Epoch:1
LR: 0.0001
Itr		Time		  Data		  Loss		Acc
[0/469]	0.1166 (0.1166)	0.1103 (0.1103)	0.156 (0.156)	96.09 (96.09)
[100/469]	0.0146 (0.0087)	0.0118 (0.0065)	0.191 (0.178)	96.09 (94.72)
[200/469]	0.0033 (0.0080)	0.0011 (0.0058)	0.223 (0.167)	94.53 (95.12)
[300/469]	0.0112 (0.0077)	0.0090 (0.0055)	0.096 (0.160)	97.66 (95.30)
[400/469]	0.0070 (0.0076)	0.0049 (0.0054)	0.115 (0.154)	96.88 (95.47)
[468/469]	0.0027 (0.0075)	0.0008 (0.0053)	0.216 (0.149)	94.79 (95.61)
 * Train Acc 95.615
 * Val Acc 96.310, Total time 0.71
validation split name: 1
 * Val Acc 96.310, Total time 0.72
====================== 2 =======================
#reg_term: 1
Epoch:0
LR: 0.0001
Itr		Time		  Data		  Loss		Acc
[0/469]	0.1270 (0.1270)	0.1164 (0.1164)	2.936 (2.936)	7.03 (7.03)
[100/469]	0.0039 (0.0115)	0.0010 (0.0084)	0.376 (0.637)	92.97 (83.71)
[200/469]	0.0029 (0.0109)	0.0002 (0.0079)	0.339 (0.506)	92.19 (88.22)
[300/469]	0.0152 (0.0108)	0.0123 (0.0078)	0.319 (0.455)	94.53 (89.90)
[400/469]	0.0175 (0.0107)	0.0146 (0.0077)	0.212 (0.424)	99.22 (90.99)
[468/469]	0.0039 (0.0106)	0.0012 (0.0076)	0.384 (0.411)	92.71 (91.44)
 * Train Acc 91.445
 * Val Acc 94.540, Total time 0.94
Epoch:1
LR: 0.0001
Itr		Time		  Data		  Loss		Acc
[0/469]	0.1269 (0.1269)	0.1199 (0.1199)	0.315 (0.315)	94.53 (94.53)
[100/469]	0.0040 (0.0113)	0.0009 (0.0083)	0.287 (0.317)	96.09 (94.59)
[200/469]	0.0029 (0.0108)	0.0001 (0.0078)	0.339 (0.318)	93.75 (94.60)
[300/469]	0.0249 (0.0106)	0.0218 (0.0077)	0.271 (0.318)	96.09 (94.60)
[400/469]	0.0036 (0.0105)	0.0009 (0.0076)	0.290 (0.316)	96.88 (94.69)
[468/469]	0.0158 (0.0105)	0.0130 (0.0075)	0.244 (0.315)	96.88 (94.71)
 * Train Acc 94.707
 * Val Acc 94.980, Total time 0.94
validation split name: 1
 * Val Acc 96.010, Total time 0.69
validation split name: 2
 * Val Acc 94.980, Total time 0.93
====================== 3 =======================
#reg_term: 1
Epoch:0
LR: 0.0001
Itr		Time		  Data		  Loss		Acc
[0/469]	0.1227 (0.1227)	0.1156 (0.1156)	2.437 (2.437)	17.97 (17.97)
[100/469]	0.0216 (0.0116)	0.0183 (0.0086)	0.395 (0.534)	91.41 (85.97)
[200/469]	0.0098 (0.0109)	0.0068 (0.0079)	0.273 (0.437)	96.09 (89.48)
[300/469]	0.0030 (0.0107)	0.0001 (0.0077)	0.333 (0.394)	93.75 (91.01)
[400/469]	0.0160 (0.0106)	0.0132 (0.0076)	0.261 (0.371)	96.88 (91.79)
[468/469]	0.0029 (0.0105)	0.0001 (0.0076)	0.415 (0.360)	90.62 (92.14)
 * Train Acc 92.135
 * Val Acc 95.290, Total time 0.95
Epoch:1
LR: 0.0001
Itr		Time		  Data		  Loss		Acc
[0/469]	0.1384 (0.1384)	0.1317 (0.1317)	0.242 (0.242)	94.53 (94.53)
[100/469]	0.0029 (0.0118)	0.0001 (0.0088)	0.297 (0.280)	94.53 (95.10)
[200/469]	0.0036 (0.0110)	0.0009 (0.0080)	0.222 (0.283)	96.88 (94.89)
[300/469]	0.0236 (0.0107)	0.0208 (0.0078)	0.272 (0.282)	96.09 (94.93)
[400/469]	0.0029 (0.0106)	0.0001 (0.0077)	0.281 (0.280)	95.31 (94.99)
[468/469]	0.0167 (0.0105)	0.0140 (0.0076)	0.277 (0.279)	95.83 (95.06)
 * Train Acc 95.058
 * Val Acc 95.220, Total time 0.92
validation split name: 1
 * Val Acc 95.890, Total time 0.70
validation split name: 2
 * Val Acc 94.920, Total time 0.92
validation split name: 3
 * Val Acc 95.220, Total time 0.93
====================== 4 =======================
#reg_term: 1
Epoch:0
LR: 0.0001
Itr		Time		  Data		  Loss		Acc
[0/469]	0.1363 (0.1363)	0.1289 (0.1289)	3.591 (3.591)	11.72 (11.72)
[100/469]	0.0030 (0.0119)	0.0001 (0.0088)	0.366 (0.566)	93.75 (85.54)
[200/469]	0.0030 (0.0110)	0.0001 (0.0080)	0.283 (0.447)	96.09 (89.39)
[300/469]	0.0243 (0.0108)	0.0215 (0.0078)	0.276 (0.396)	94.53 (90.99)
[400/469]	0.0036 (0.0107)	0.0001 (0.0077)	0.273 (0.369)	93.75 (91.85)
[468/469]	0.0164 (0.0106)	0.0135 (0.0076)	0.381 (0.357)	93.75 (92.28)
 * Train Acc 92.277
 * Val Acc 94.710, Total time 0.93
Epoch:1
LR: 0.0001
Itr		Time		  Data		  Loss		Acc
[0/469]	0.1239 (0.1239)	0.1171 (0.1171)	0.290 (0.290)	95.31 (95.31)
[100/469]	0.0036 (0.0113)	0.0001 (0.0083)	0.312 (0.266)	96.88 (95.24)
[200/469]	0.0031 (0.0108)	0.0002 (0.0078)	0.238 (0.264)	95.31 (95.38)
[300/469]	0.0238 (0.0106)	0.0210 (0.0076)	0.287 (0.264)	92.97 (95.40)
[400/469]	0.0029 (0.0105)	0.0001 (0.0075)	0.206 (0.265)	99.22 (95.37)
[468/469]	0.0166 (0.0105)	0.0138 (0.0075)	0.282 (0.266)	93.75 (95.38)
 * Train Acc 95.382
 * Val Acc 95.810, Total time 0.92
validation split name: 1
 * Val Acc 95.580, Total time 0.69
validation split name: 2
 * Val Acc 94.630, Total time 0.94
validation split name: 3
 * Val Acc 94.860, Total time 0.93
validation split name: 4
 * Val Acc 95.810, Total time 0.94
====================== 5 =======================
#reg_term: 1
Epoch:0
LR: 0.0001
Itr		Time		  Data		  Loss		Acc
[0/469]	0.1272 (0.1272)	0.1205 (0.1205)	3.522 (3.522)	19.53 (19.53)
[100/469]	0.0241 (0.0116)	0.0213 (0.0086)	0.265 (0.560)	92.97 (85.51)
[200/469]	0.0273 (0.0112)	0.0231 (0.0081)	0.216 (0.443)	97.66 (89.32)
[300/469]	0.0029 (0.0113)	0.0001 (0.0079)	0.252 (0.390)	94.53 (91.02)
[400/469]	0.0029 (0.0111)	0.0002 (0.0078)	0.279 (0.360)	94.53 (91.99)
[468/469]	0.0028 (0.0110)	0.0001 (0.0077)	0.373 (0.347)	92.71 (92.40)
 * Train Acc 92.398
 * Val Acc 94.560, Total time 0.93
Epoch:1
LR: 0.0001
Itr		Time		  Data		  Loss		Acc
[0/469]	0.1226 (0.1226)	0.1161 (0.1161)	0.224 (0.224)	97.66 (97.66)
[100/469]	0.0265 (0.0127)	0.0228 (0.0091)	0.235 (0.254)	95.31 (95.58)
[200/469]	0.0031 (0.0118)	0.0001 (0.0083)	0.274 (0.257)	93.75 (95.54)
[300/469]	0.0029 (0.0113)	0.0001 (0.0079)	0.263 (0.254)	95.31 (95.66)
[400/469]	0.0248 (0.0111)	0.0216 (0.0078)	0.175 (0.252)	99.22 (95.64)
[468/469]	0.0032 (0.0109)	0.0004 (0.0077)	0.154 (0.251)	100.00 (95.70)
 * Train Acc 95.700
 * Val Acc 95.760, Total time 0.94
validation split name: 1
 * Val Acc 95.180, Total time 0.70
validation split name: 2
 * Val Acc 94.270, Total time 0.94
validation split name: 3
 * Val Acc 92.910, Total time 0.92
validation split name: 4
 * Val Acc 95.120, Total time 0.92
validation split name: 5
 * Val Acc 95.760, Total time 0.93
====================== 6 =======================
#reg_term: 1
Epoch:0
LR: 0.0001
Itr		Time		  Data		  Loss		Acc
[0/469]	0.1244 (0.1244)	0.1161 (0.1161)	4.018 (4.018)	7.03 (7.03)
[100/469]	0.0032 (0.0118)	0.0001 (0.0083)	0.364 (0.569)	91.41 (85.23)
[200/469]	0.0030 (0.0111)	0.0001 (0.0078)	0.344 (0.435)	92.19 (89.49)
[300/469]	0.0243 (0.0108)	0.0215 (0.0077)	0.222 (0.385)	96.88 (91.04)
[400/469]	0.0032 (0.0107)	0.0001 (0.0076)	0.160 (0.355)	99.22 (92.05)
[468/469]	0.0169 (0.0106)	0.0140 (0.0076)	0.288 (0.342)	92.71 (92.48)
 * Train Acc 92.485
 * Val Acc 95.500, Total time 0.94
Epoch:1
LR: 0.0001
Itr		Time		  Data		  Loss		Acc
[0/469]	0.1202 (0.1202)	0.1131 (0.1131)	0.244 (0.244)	94.53 (94.53)
[100/469]	0.0236 (0.0118)	0.0207 (0.0087)	0.220 (0.234)	96.88 (96.00)
[200/469]	0.0029 (0.0110)	0.0001 (0.0080)	0.249 (0.237)	96.88 (95.75)
[300/469]	0.0030 (0.0107)	0.0001 (0.0077)	0.237 (0.238)	95.31 (95.83)
[400/469]	0.0237 (0.0107)	0.0208 (0.0077)	0.255 (0.239)	92.97 (95.82)
[468/469]	0.0029 (0.0106)	0.0001 (0.0076)	0.305 (0.240)	94.79 (95.80)
 * Train Acc 95.797
 * Val Acc 96.310, Total time 0.94
validation split name: 1
 * Val Acc 95.800, Total time 0.67
validation split name: 2
 * Val Acc 93.810, Total time 0.95
validation split name: 3
 * Val Acc 93.560, Total time 0.94
validation split name: 4
 * Val Acc 95.150, Total time 0.94
validation split name: 5
 * Val Acc 95.660, Total time 0.94
validation split name: 6
 * Val Acc 96.310, Total time 0.91
====================== 7 =======================
#reg_term: 1
Epoch:0
LR: 0.0001
Itr		Time		  Data		  Loss		Acc
[0/469]	0.1379 (0.1379)	0.1319 (0.1319)	4.632 (4.632)	10.16 (10.16)
[100/469]	0.0029 (0.0119)	0.0001 (0.0091)	0.390 (0.595)	91.41 (85.26)
[200/469]	0.0028 (0.0110)	0.0001 (0.0083)	0.300 (0.455)	92.97 (89.37)
[300/469]	0.0246 (0.0108)	0.0220 (0.0080)	0.186 (0.396)	98.44 (91.05)
[400/469]	0.0028 (0.0106)	0.0001 (0.0079)	0.164 (0.365)	97.66 (91.93)
[468/469]	0.0174 (0.0105)	0.0147 (0.0078)	0.337 (0.350)	94.79 (92.40)
 * Train Acc 92.397
 * Val Acc 95.310, Total time 0.93
Epoch:1
LR: 0.0001
Itr		Time		  Data		  Loss		Acc
[0/469]	0.1208 (0.1208)	0.1142 (0.1142)	0.298 (0.298)	96.09 (96.09)
[100/469]	0.0113 (0.0114)	0.0079 (0.0084)	0.254 (0.240)	96.09 (95.83)
[200/469]	0.0037 (0.0109)	0.0009 (0.0079)	0.221 (0.238)	96.09 (95.80)
[300/469]	0.0029 (0.0107)	0.0001 (0.0077)	0.203 (0.239)	96.09 (95.77)
[400/469]	0.0255 (0.0106)	0.0227 (0.0077)	0.247 (0.237)	94.53 (95.82)
[468/469]	0.0029 (0.0106)	0.0001 (0.0076)	0.241 (0.237)	93.75 (95.81)
 * Train Acc 95.808
 * Val Acc 95.820, Total time 0.94
validation split name: 1
 * Val Acc 95.650, Total time 0.69
validation split name: 2
 * Val Acc 93.030, Total time 0.94
validation split name: 3
 * Val Acc 92.360, Total time 0.94
validation split name: 4
 * Val Acc 93.130, Total time 0.95
validation split name: 5
 * Val Acc 95.220, Total time 0.93
validation split name: 6
 * Val Acc 96.050, Total time 0.96
validation split name: 7
 * Val Acc 95.820, Total time 0.92
====================== 8 =======================
#reg_term: 1
Epoch:0
LR: 0.0001
Itr		Time		  Data		  Loss		Acc
[0/469]	0.1135 (0.1135)	0.1065 (0.1065)	4.402 (4.402)	10.94 (10.94)
[100/469]	0.0043 (0.0122)	0.0002 (0.0086)	0.408 (0.570)	92.19 (85.80)
[200/469]	0.0257 (0.0114)	0.0228 (0.0081)	0.287 (0.438)	92.97 (89.68)
[300/469]	0.0032 (0.0110)	0.0001 (0.0078)	0.246 (0.383)	95.31 (91.22)
[400/469]	0.0029 (0.0108)	0.0001 (0.0077)	0.271 (0.350)	96.09 (92.20)
[468/469]	0.0029 (0.0108)	0.0001 (0.0077)	0.228 (0.335)	93.75 (92.62)
 * Train Acc 92.618
 * Val Acc 95.490, Total time 0.94
Epoch:1
LR: 0.0001
Itr		Time		  Data		  Loss		Acc
[0/469]	0.1294 (0.1294)	0.1224 (0.1224)	0.204 (0.204)	96.88 (96.88)
[100/469]	0.0037 (0.0114)	0.0001 (0.0084)	0.210 (0.221)	96.88 (95.91)
[200/469]	0.0035 (0.0108)	0.0007 (0.0079)	0.238 (0.225)	94.53 (95.93)
[300/469]	0.0220 (0.0107)	0.0194 (0.0078)	0.196 (0.225)	96.88 (95.91)
[400/469]	0.0127 (0.0106)	0.0100 (0.0077)	0.261 (0.227)	96.09 (95.86)
[468/469]	0.0033 (0.0105)	0.0006 (0.0076)	0.214 (0.226)	96.88 (95.93)
 * Train Acc 95.932
 * Val Acc 96.130, Total time 0.94
validation split name: 1
 * Val Acc 95.030, Total time 0.69
validation split name: 2
 * Val Acc 90.550, Total time 0.91
validation split name: 3
 * Val Acc 91.340, Total time 0.93
validation split name: 4
 * Val Acc 92.840, Total time 0.93
validation split name: 5
 * Val Acc 94.490, Total time 0.91
validation split name: 6
 * Val Acc 95.340, Total time 0.95
validation split name: 7
 * Val Acc 94.820, Total time 0.93
validation split name: 8
 * Val Acc 96.130, Total time 0.92
====================== 9 =======================
#reg_term: 1
Epoch:0
LR: 0.0001
Itr		Time		  Data		  Loss		Acc
[0/469]	0.1218 (0.1218)	0.1151 (0.1151)	5.366 (5.366)	7.03 (7.03)
[100/469]	0.0238 (0.0119)	0.0209 (0.0086)	0.432 (0.600)	89.84 (85.71)
[200/469]	0.0030 (0.0110)	0.0001 (0.0079)	0.232 (0.454)	96.88 (89.48)
[300/469]	0.0037 (0.0107)	0.0009 (0.0077)	0.366 (0.390)	92.19 (91.16)
[400/469]	0.0246 (0.0106)	0.0213 (0.0076)	0.207 (0.356)	96.09 (92.09)
[468/469]	0.0031 (0.0106)	0.0003 (0.0076)	0.206 (0.342)	96.88 (92.50)
 * Train Acc 92.495
 * Val Acc 95.860, Total time 0.93
Epoch:1
LR: 0.0001
Itr		Time		  Data		  Loss		Acc
[0/469]	0.1356 (0.1356)	0.1294 (0.1294)	0.305 (0.305)	94.53 (94.53)
[100/469]	0.0030 (0.0120)	0.0002 (0.0090)	0.224 (0.219)	96.09 (96.09)
[200/469]	0.0029 (0.0111)	0.0001 (0.0082)	0.247 (0.219)	97.66 (96.09)
[300/469]	0.0237 (0.0109)	0.0210 (0.0079)	0.278 (0.222)	93.75 (95.91)
[400/469]	0.0034 (0.0107)	0.0002 (0.0078)	0.178 (0.224)	98.44 (95.90)
[468/469]	0.0178 (0.0107)	0.0148 (0.0077)	0.317 (0.223)	92.71 (95.95)
 * Train Acc 95.950
 * Val Acc 95.670, Total time 0.94
validation split name: 1
 * Val Acc 94.100, Total time 0.69
validation split name: 2
 * Val Acc 91.390, Total time 0.94
validation split name: 3
 * Val Acc 89.940, Total time 0.91
validation split name: 4
 * Val Acc 92.330, Total time 0.92
validation split name: 5
 * Val Acc 92.150, Total time 0.93
validation split name: 6
 * Val Acc 94.620, Total time 0.96
validation split name: 7
 * Val Acc 94.940, Total time 0.94
validation split name: 8
 * Val Acc 95.300, Total time 0.92
validation split name: 9
 * Val Acc 95.670, Total time 0.93
====================== 10 =======================
#reg_term: 1
Epoch:0
LR: 0.0001
Itr		Time		  Data		  Loss		Acc
[0/469]	0.1255 (0.1255)	0.1185 (0.1185)	5.566 (5.566)	5.47 (5.47)
[100/469]	0.0034 (0.0114)	0.0001 (0.0084)	0.226 (0.622)	96.88 (85.34)
[200/469]	0.0029 (0.0108)	0.0001 (0.0078)	0.268 (0.464)	95.31 (89.39)
[300/469]	0.0251 (0.0107)	0.0218 (0.0077)	0.255 (0.398)	94.53 (91.09)
[400/469]	0.0036 (0.0106)	0.0008 (0.0076)	0.243 (0.358)	92.97 (92.13)
[468/469]	0.0157 (0.0105)	0.0129 (0.0076)	0.217 (0.340)	95.83 (92.58)
 * Train Acc 92.583
 * Val Acc 95.110, Total time 0.93
Epoch:1
LR: 0.0001
Itr		Time		  Data		  Loss		Acc
[0/469]	0.1142 (0.1142)	0.1073 (0.1073)	0.242 (0.242)	97.66 (97.66)
[100/469]	0.0029 (0.0112)	0.0002 (0.0082)	0.213 (0.217)	96.88 (96.09)
[200/469]	0.0029 (0.0107)	0.0001 (0.0078)	0.211 (0.218)	96.88 (95.97)
[300/469]	0.0254 (0.0107)	0.0226 (0.0078)	0.159 (0.217)	97.66 (96.04)
[400/469]	0.0028 (0.0106)	0.0001 (0.0078)	0.276 (0.216)	95.31 (96.12)
[468/469]	0.0175 (0.0105)	0.0147 (0.0077)	0.153 (0.215)	97.92 (96.16)
 * Train Acc 96.160
 * Val Acc 96.340, Total time 0.95
validation split name: 1
 * Val Acc 94.540, Total time 0.68
validation split name: 2
 * Val Acc 90.200, Total time 0.95
validation split name: 3
 * Val Acc 89.400, Total time 0.94
validation split name: 4
 * Val Acc 90.030, Total time 0.91
validation split name: 5
 * Val Acc 94.130, Total time 0.93
validation split name: 6
 * Val Acc 93.440, Total time 0.91
validation split name: 7
 * Val Acc 92.550, Total time 0.94
validation split name: 8
 * Val Acc 95.570, Total time 0.95
validation split name: 9
 * Val Acc 95.390, Total time 0.94
validation split name: 10
 * Val Acc 96.340, Total time 0.93
OrderedDict([('1', OrderedDict([('1', 96.31), ('2', 96.01), ('3', 95.89), ('4', 95.58), ('5', 95.18), ('6', 95.8), ('7', 95.65), ('8', 95.03), ('9', 94.1), ('10', 94.54)])), ('2', OrderedDict([('2', 94.98), ('3', 94.92), ('4', 94.63), ('5', 94.27), ('6', 93.81), ('7', 93.03), ('8', 90.55), ('9', 91.39), ('10', 90.2)])), ('3', OrderedDict([('3', 95.22), ('4', 94.86), ('5', 92.91), ('6', 93.56), ('7', 92.36), ('8', 91.34), ('9', 89.94), ('10', 89.4)])), ('4', OrderedDict([('4', 95.81), ('5', 95.12), ('6', 95.15), ('7', 93.13), ('8', 92.84), ('9', 92.33), ('10', 90.03)])), ('5', OrderedDict([('5', 95.76), ('6', 95.66), ('7', 95.22), ('8', 94.49), ('9', 92.15), ('10', 94.13)])), ('6', OrderedDict([('6', 96.31), ('7', 96.05), ('8', 95.34), ('9', 94.62), ('10', 93.44)])), ('7', OrderedDict([('7', 95.82), ('8', 94.82), ('9', 94.94), ('10', 92.55)])), ('8', OrderedDict([('8', 96.13), ('9', 95.3), ('10', 95.57)])), ('9', OrderedDict([('9', 95.67), ('10', 95.39)])), ('10', OrderedDict([('10', 96.34)]))])
Task 1 average acc: 96.31
Task 2 average acc: 95.495
Task 3 average acc: 95.34333333333332
Task 4 average acc: 95.22
Task 5 average acc: 94.648
Task 6 average acc: 95.04833333333333
Task 7 average acc: 94.46571428571428
Task 8 average acc: 93.81750000000001
Task 9 average acc: 93.38222222222221
Task 10 average acc: 93.15899999999999
===Summary of experiment repeats: 4 / 5 ===
The regularization coefficient: 0.02
The last avg acc of all repeats: [92.994 92.229 92.737 93.159  0.   ]
mean: 74.22380000000001 std: 37.11323347486715
MLP(
  (linear): Sequential(
    (0): Linear(in_features=1024, out_features=1000, bias=True)
    (1): ReLU(inplace=True)
    (2): Linear(in_features=1000, out_features=1000, bias=True)
    (3): ReLU(inplace=True)
  )
  (last): ModuleDict(
    (All): Linear(in_features=1000, out_features=10, bias=True)
  )
)
#parameter of model: 2036010
Task order: ['1', '2', '3', '4', '5', '6', '7', '8', '9', '10']
====================== 1 =======================
#reg_term: 0
Epoch:0
LR: 0.0001
Itr		Time		  Data		  Loss		Acc
[0/469]	0.1210 (0.1210)	0.1154 (0.1154)	2.303 (2.303)	13.28 (13.28)
[100/469]	0.0022 (0.0086)	0.0001 (0.0066)	0.347 (0.819)	91.41 (80.75)
[200/469]	0.0019 (0.0079)	0.0001 (0.0059)	0.202 (0.570)	93.75 (85.72)
[300/469]	0.0021 (0.0077)	0.0002 (0.0057)	0.252 (0.465)	92.19 (88.04)
[400/469]	0.0173 (0.0076)	0.0152 (0.0056)	0.151 (0.407)	95.31 (89.37)
[468/469]	0.0022 (0.0076)	0.0001 (0.0055)	0.154 (0.377)	94.79 (90.07)
 * Train Acc 90.068
 * Val Acc 94.570, Total time 0.70
Epoch:1
LR: 0.0001
Itr		Time		  Data		  Loss		Acc
[0/469]	0.1115 (0.1115)	0.1066 (0.1066)	0.106 (0.106)	97.66 (97.66)
[100/469]	0.0173 (0.0087)	0.0152 (0.0066)	0.190 (0.182)	94.53 (94.66)
[200/469]	0.0022 (0.0079)	0.0001 (0.0059)	0.099 (0.170)	96.09 (94.94)
[300/469]	0.0021 (0.0076)	0.0001 (0.0056)	0.175 (0.162)	93.75 (95.26)
[400/469]	0.0147 (0.0075)	0.0125 (0.0055)	0.149 (0.156)	93.75 (95.47)
[468/469]	0.0020 (0.0075)	0.0002 (0.0054)	0.143 (0.152)	93.75 (95.57)
 * Train Acc 95.568
 * Val Acc 96.280, Total time 0.69
validation split name: 1
 * Val Acc 96.280, Total time 0.70
====================== 2 =======================
#reg_term: 1
Epoch:0
LR: 0.0001
Itr		Time		  Data		  Loss		Acc
[0/469]	0.1230 (0.1230)	0.1174 (0.1174)	2.429 (2.429)	14.06 (14.06)
[100/469]	0.0242 (0.0118)	0.0216 (0.0090)	0.428 (0.566)	94.53 (85.43)
[200/469]	0.0035 (0.0109)	0.0008 (0.0082)	0.512 (0.471)	89.06 (88.88)
[300/469]	0.0048 (0.0107)	0.0021 (0.0079)	0.443 (0.432)	88.28 (90.27)
[400/469]	0.0067 (0.0105)	0.0039 (0.0078)	0.292 (0.409)	94.53 (91.10)
[468/469]	0.0090 (0.0105)	0.0062 (0.0078)	0.317 (0.399)	93.75 (91.46)
 * Train Acc 91.460
 * Val Acc 94.160, Total time 0.94
Epoch:1
LR: 0.0001
Itr		Time		  Data		  Loss		Acc
[0/469]	0.1166 (0.1166)	0.1095 (0.1095)	0.326 (0.326)	95.31 (95.31)
[100/469]	0.0040 (0.0112)	0.0008 (0.0081)	0.241 (0.321)	98.44 (94.45)
[200/469]	0.0029 (0.0106)	0.0001 (0.0076)	0.443 (0.315)	89.84 (94.54)
[300/469]	0.0236 (0.0105)	0.0202 (0.0076)	0.260 (0.314)	97.66 (94.59)
[400/469]	0.0042 (0.0104)	0.0015 (0.0075)	0.381 (0.314)	91.41 (94.62)
[468/469]	0.0157 (0.0104)	0.0129 (0.0074)	0.306 (0.314)	92.71 (94.61)
 * Train Acc 94.612
 * Val Acc 95.180, Total time 0.93
validation split name: 1
 * Val Acc 96.170, Total time 0.70
validation split name: 2
 * Val Acc 95.180, Total time 0.96
====================== 3 =======================
#reg_term: 1
Epoch:0
LR: 0.0001
Itr		Time		  Data		  Loss		Acc
[0/469]	0.1340 (0.1340)	0.1235 (0.1235)	3.585 (3.585)	2.34 (2.34)
[100/469]	0.0029 (0.0114)	0.0001 (0.0084)	0.379 (0.605)	93.75 (84.31)
[200/469]	0.0029 (0.0108)	0.0001 (0.0079)	0.297 (0.476)	92.97 (88.53)
[300/469]	0.0259 (0.0107)	0.0224 (0.0078)	0.409 (0.423)	91.41 (90.28)
[400/469]	0.0029 (0.0105)	0.0001 (0.0076)	0.338 (0.393)	92.19 (91.23)
[468/469]	0.0175 (0.0105)	0.0147 (0.0076)	0.512 (0.381)	89.58 (91.64)
 * Train Acc 91.637
 * Val Acc 94.830, Total time 0.93
Epoch:1
LR: 0.0001
Itr		Time		  Data		  Loss		Acc
[0/469]	0.1375 (0.1375)	0.1308 (0.1308)	0.343 (0.343)	94.53 (94.53)
[100/469]	0.0034 (0.0124)	0.0001 (0.0088)	0.230 (0.288)	96.09 (95.04)
[200/469]	0.0029 (0.0113)	0.0001 (0.0081)	0.316 (0.286)	95.31 (95.02)
[300/469]	0.0243 (0.0110)	0.0214 (0.0079)	0.337 (0.285)	96.09 (95.02)
[400/469]	0.0029 (0.0108)	0.0001 (0.0077)	0.260 (0.283)	96.88 (95.08)
[468/469]	0.0034 (0.0108)	0.0005 (0.0077)	0.304 (0.282)	94.79 (95.14)
 * Train Acc 95.142
 * Val Acc 95.650, Total time 0.94
validation split name: 1
 * Val Acc 95.260, Total time 0.70
validation split name: 2
 * Val Acc 94.690, Total time 0.94
validation split name: 3
 * Val Acc 95.650, Total time 0.94
====================== 4 =======================
#reg_term: 1
Epoch:0
LR: 0.0001
Itr		Time		  Data		  Loss		Acc
[0/469]	0.1224 (0.1224)	0.1161 (0.1161)	4.063 (4.063)	10.94 (10.94)
[100/469]	0.0242 (0.0118)	0.0212 (0.0087)	0.280 (0.623)	96.09 (84.72)
[200/469]	0.0035 (0.0109)	0.0001 (0.0079)	0.398 (0.490)	93.75 (88.52)
[300/469]	0.0030 (0.0106)	0.0001 (0.0077)	0.345 (0.428)	93.75 (90.37)
[400/469]	0.0224 (0.0106)	0.0196 (0.0076)	0.374 (0.398)	94.53 (91.23)
[468/469]	0.0029 (0.0105)	0.0001 (0.0075)	0.279 (0.382)	95.83 (91.77)
 * Train Acc 91.767
 * Val Acc 95.430, Total time 0.94
Epoch:1
LR: 0.0001
Itr		Time		  Data		  Loss		Acc
[0/469]	0.1115 (0.1115)	0.1051 (0.1051)	0.233 (0.233)	96.09 (96.09)
[100/469]	0.0035 (0.0115)	0.0001 (0.0084)	0.272 (0.272)	96.09 (95.11)
[200/469]	0.0029 (0.0109)	0.0001 (0.0078)	0.304 (0.270)	94.53 (95.27)
[300/469]	0.0245 (0.0107)	0.0216 (0.0077)	0.246 (0.274)	96.09 (95.23)
[400/469]	0.0035 (0.0106)	0.0001 (0.0076)	0.259 (0.273)	96.88 (95.23)
[468/469]	0.0158 (0.0106)	0.0130 (0.0076)	0.243 (0.271)	97.92 (95.26)
 * Train Acc 95.262
 * Val Acc 94.680, Total time 0.95
validation split name: 1
 * Val Acc 94.650, Total time 0.69
validation split name: 2
 * Val Acc 93.660, Total time 0.92
validation split name: 3
 * Val Acc 94.120, Total time 0.95
validation split name: 4
 * Val Acc 94.680, Total time 0.94
====================== 5 =======================
#reg_term: 1
Epoch:0
LR: 0.0001
Itr		Time		  Data		  Loss		Acc
[0/469]	0.1106 (0.1106)	0.1045 (0.1045)	4.350 (4.350)	5.47 (5.47)
[100/469]	0.0030 (0.0113)	0.0001 (0.0082)	0.331 (0.595)	93.75 (85.06)
[200/469]	0.0030 (0.0108)	0.0001 (0.0078)	0.293 (0.463)	94.53 (88.95)
[300/469]	0.0256 (0.0108)	0.0223 (0.0078)	0.308 (0.409)	92.97 (90.63)
[400/469]	0.0029 (0.0106)	0.0001 (0.0077)	0.286 (0.378)	95.31 (91.61)
[468/469]	0.0172 (0.0106)	0.0144 (0.0077)	0.307 (0.362)	94.79 (92.15)
 * Train Acc 92.148
 * Val Acc 95.370, Total time 0.94
Epoch:1
LR: 0.0001
Itr		Time		  Data		  Loss		Acc
[0/469]	0.1353 (0.1353)	0.1287 (0.1287)	0.264 (0.264)	97.66 (97.66)
[100/469]	0.0029 (0.0120)	0.0001 (0.0090)	0.264 (0.257)	94.53 (95.61)
[200/469]	0.0030 (0.0111)	0.0001 (0.0082)	0.269 (0.260)	94.53 (95.43)
[300/469]	0.0243 (0.0109)	0.0215 (0.0079)	0.353 (0.258)	92.97 (95.49)
[400/469]	0.0032 (0.0107)	0.0001 (0.0078)	0.211 (0.259)	98.44 (95.49)
[468/469]	0.0171 (0.0107)	0.0144 (0.0077)	0.237 (0.258)	94.79 (95.50)
 * Train Acc 95.500
 * Val Acc 95.440, Total time 0.92
validation split name: 1
 * Val Acc 94.440, Total time 0.68
validation split name: 2
 * Val Acc 92.980, Total time 0.95
validation split name: 3
 * Val Acc 93.130, Total time 0.98
validation split name: 4
 * Val Acc 93.370, Total time 0.93
validation split name: 5
 * Val Acc 95.440, Total time 0.94
====================== 6 =======================
#reg_term: 1
Epoch:0
LR: 0.0001
Itr		Time		  Data		  Loss		Acc
[0/469]	0.1250 (0.1250)	0.1188 (0.1188)	3.945 (3.945)	15.62 (15.62)
[100/469]	0.0033 (0.0113)	0.0001 (0.0083)	0.281 (0.576)	93.75 (85.33)
[200/469]	0.0030 (0.0108)	0.0001 (0.0078)	0.260 (0.442)	93.75 (89.45)
[300/469]	0.0254 (0.0107)	0.0226 (0.0077)	0.260 (0.387)	95.31 (91.13)
[400/469]	0.0035 (0.0106)	0.0001 (0.0076)	0.251 (0.358)	96.09 (92.01)
[468/469]	0.0169 (0.0105)	0.0142 (0.0076)	0.208 (0.344)	98.96 (92.44)
 * Train Acc 92.440
 * Val Acc 95.390, Total time 0.94
Epoch:1
LR: 0.0001
Itr		Time		  Data		  Loss		Acc
[0/469]	0.1207 (0.1207)	0.1141 (0.1141)	0.182 (0.182)	97.66 (97.66)
[100/469]	0.0029 (0.0116)	0.0001 (0.0085)	0.278 (0.246)	93.75 (95.63)
[200/469]	0.0029 (0.0110)	0.0001 (0.0079)	0.320 (0.242)	95.31 (95.79)
[300/469]	0.0247 (0.0108)	0.0220 (0.0078)	0.273 (0.241)	95.31 (95.78)
[400/469]	0.0035 (0.0107)	0.0001 (0.0077)	0.259 (0.241)	95.31 (95.75)
[468/469]	0.0182 (0.0106)	0.0154 (0.0076)	0.179 (0.241)	97.92 (95.75)
 * Train Acc 95.747
 * Val Acc 95.890, Total time 0.93
validation split name: 1
 * Val Acc 94.790, Total time 0.73
validation split name: 2
 * Val Acc 91.530, Total time 0.95
validation split name: 3
 * Val Acc 93.670, Total time 0.92
validation split name: 4
 * Val Acc 93.840, Total time 0.94
validation split name: 5
 * Val Acc 95.100, Total time 0.93
validation split name: 6
 * Val Acc 95.890, Total time 0.94
====================== 7 =======================
#reg_term: 1
Epoch:0
LR: 0.0001
Itr		Time		  Data		  Loss		Acc
[0/469]	0.1372 (0.1372)	0.1309 (0.1309)	4.216 (4.216)	11.72 (11.72)
[100/469]	0.0036 (0.0118)	0.0008 (0.0087)	0.308 (0.576)	94.53 (85.47)
[200/469]	0.0029 (0.0110)	0.0001 (0.0080)	0.271 (0.433)	93.75 (89.75)
[300/469]	0.0240 (0.0108)	0.0212 (0.0078)	0.284 (0.381)	95.31 (91.30)
[400/469]	0.0037 (0.0107)	0.0009 (0.0077)	0.256 (0.349)	94.53 (92.17)
[468/469]	0.0165 (0.0106)	0.0136 (0.0077)	0.228 (0.337)	96.88 (92.57)
 * Train Acc 92.567
 * Val Acc 95.750, Total time 0.92
Epoch:1
LR: 0.0001
Itr		Time		  Data		  Loss		Acc
[0/469]	0.1241 (0.1241)	0.1180 (0.1180)	0.324 (0.324)	92.19 (92.19)
[100/469]	0.0035 (0.0115)	0.0001 (0.0084)	0.198 (0.232)	98.44 (95.94)
[200/469]	0.0029 (0.0109)	0.0002 (0.0079)	0.322 (0.232)	92.97 (95.91)
[300/469]	0.0256 (0.0108)	0.0222 (0.0078)	0.235 (0.233)	97.66 (95.84)
[400/469]	0.0029 (0.0107)	0.0002 (0.0077)	0.237 (0.232)	96.88 (95.87)
[468/469]	0.0165 (0.0107)	0.0137 (0.0077)	0.353 (0.232)	92.71 (95.89)
 * Train Acc 95.888
 * Val Acc 96.030, Total time 0.94
validation split name: 1
 * Val Acc 93.880, Total time 0.74
validation split name: 2
 * Val Acc 86.760, Total time 0.94
validation split name: 3
 * Val Acc 92.460, Total time 0.93
validation split name: 4
 * Val Acc 93.140, Total time 0.93
validation split name: 5
 * Val Acc 94.500, Total time 0.93
validation split name: 6
 * Val Acc 95.360, Total time 0.95
validation split name: 7
 * Val Acc 96.030, Total time 0.93
====================== 8 =======================
#reg_term: 1
Epoch:0
LR: 0.0001
Itr		Time		  Data		  Loss		Acc
[0/469]	0.1297 (0.1297)	0.1229 (0.1229)	5.597 (5.597)	7.81 (7.81)
[100/469]	0.0029 (0.0118)	0.0001 (0.0087)	0.339 (0.646)	92.97 (84.96)
[200/469]	0.0035 (0.0110)	0.0007 (0.0080)	0.306 (0.479)	96.09 (89.04)
[300/469]	0.0234 (0.0108)	0.0206 (0.0078)	0.269 (0.409)	94.53 (90.81)
[400/469]	0.0029 (0.0106)	0.0001 (0.0076)	0.318 (0.375)	92.97 (91.69)
[468/469]	0.0166 (0.0105)	0.0138 (0.0076)	0.264 (0.355)	96.88 (92.27)
 * Train Acc 92.268
 * Val Acc 95.270, Total time 0.92
Epoch:1
LR: 0.0001
Itr		Time		  Data		  Loss		Acc
[0/469]	0.1233 (0.1233)	0.1167 (0.1167)	0.182 (0.182)	97.66 (97.66)
[100/469]	0.0175 (0.0118)	0.0146 (0.0088)	0.191 (0.229)	96.88 (95.82)
[200/469]	0.0241 (0.0117)	0.0213 (0.0082)	0.193 (0.228)	96.09 (95.86)
[300/469]	0.0034 (0.0112)	0.0001 (0.0079)	0.249 (0.230)	95.31 (95.80)
[400/469]	0.0029 (0.0109)	0.0001 (0.0077)	0.235 (0.229)	94.53 (95.84)
[468/469]	0.0028 (0.0108)	0.0001 (0.0077)	0.167 (0.229)	97.92 (95.82)
 * Train Acc 95.823
 * Val Acc 95.900, Total time 0.92
validation split name: 1
 * Val Acc 94.140, Total time 0.68
validation split name: 2
 * Val Acc 85.900, Total time 0.93
validation split name: 3
 * Val Acc 92.670, Total time 0.91
validation split name: 4
 * Val Acc 93.540, Total time 0.91
validation split name: 5
 * Val Acc 93.300, Total time 0.93
validation split name: 6
 * Val Acc 94.670, Total time 0.95
validation split name: 7
 * Val Acc 95.630, Total time 0.92
validation split name: 8
 * Val Acc 95.900, Total time 0.96
====================== 9 =======================
#reg_term: 1
Epoch:0
LR: 0.0001
Itr		Time		  Data		  Loss		Acc
[0/469]	0.1227 (0.1227)	0.1160 (0.1160)	3.836 (3.836)	10.94 (10.94)
[100/469]	0.0027 (0.0113)	0.0001 (0.0086)	0.428 (0.554)	90.62 (86.01)
[200/469]	0.0027 (0.0107)	0.0001 (0.0080)	0.252 (0.417)	93.75 (90.05)
[300/469]	0.0264 (0.0106)	0.0237 (0.0080)	0.332 (0.364)	94.53 (91.53)
[400/469]	0.0029 (0.0105)	0.0001 (0.0078)	0.212 (0.334)	98.44 (92.40)
[468/469]	0.0179 (0.0105)	0.0152 (0.0078)	0.181 (0.321)	96.88 (92.78)
 * Train Acc 92.777
 * Val Acc 95.850, Total time 0.94
Epoch:1
LR: 0.0001
Itr		Time		  Data		  Loss		Acc
[0/469]	0.1236 (0.1236)	0.1172 (0.1172)	0.274 (0.274)	93.75 (93.75)
[100/469]	0.0029 (0.0117)	0.0001 (0.0087)	0.204 (0.217)	96.88 (96.18)
[200/469]	0.0029 (0.0109)	0.0001 (0.0080)	0.167 (0.215)	98.44 (96.17)
[300/469]	0.0248 (0.0107)	0.0215 (0.0078)	0.235 (0.220)	96.88 (96.05)
[400/469]	0.0030 (0.0106)	0.0001 (0.0076)	0.174 (0.220)	98.44 (96.12)
[468/469]	0.0163 (0.0105)	0.0135 (0.0076)	0.222 (0.218)	95.83 (96.16)
 * Train Acc 96.157
 * Val Acc 95.950, Total time 0.94
validation split name: 1
 * Val Acc 93.510, Total time 0.67
validation split name: 2
 * Val Acc 86.060, Total time 0.93
validation split name: 3
 * Val Acc 91.110, Total time 0.92
validation split name: 4
 * Val Acc 93.200, Total time 0.93
validation split name: 5
 * Val Acc 93.480, Total time 0.92
validation split name: 6
 * Val Acc 94.150, Total time 0.91
validation split name: 7
 * Val Acc 94.800, Total time 0.97
validation split name: 8
 * Val Acc 94.990, Total time 0.92
validation split name: 9
 * Val Acc 95.950, Total time 0.93
====================== 10 =======================
#reg_term: 1
Epoch:0
LR: 0.0001
Itr		Time		  Data		  Loss		Acc
[0/469]	0.1234 (0.1234)	0.1175 (0.1175)	5.873 (5.873)	10.16 (10.16)
[100/469]	0.0253 (0.0119)	0.0221 (0.0089)	0.314 (0.656)	94.53 (85.19)
[200/469]	0.0034 (0.0110)	0.0001 (0.0081)	0.212 (0.479)	96.88 (89.49)
[300/469]	0.0029 (0.0108)	0.0001 (0.0078)	0.248 (0.408)	92.19 (91.12)
[400/469]	0.0255 (0.0107)	0.0223 (0.0077)	0.241 (0.367)	96.09 (92.10)
[468/469]	0.0029 (0.0106)	0.0001 (0.0077)	0.252 (0.350)	94.79 (92.53)
 * Train Acc 92.535
 * Val Acc 95.700, Total time 0.94
Epoch:1
LR: 0.0001
Itr		Time		  Data		  Loss		Acc
[0/469]	0.1111 (0.1111)	0.1049 (0.1049)	0.246 (0.246)	95.31 (95.31)
[100/469]	0.0030 (0.0113)	0.0002 (0.0083)	0.174 (0.208)	98.44 (96.41)
[200/469]	0.0092 (0.0109)	0.0064 (0.0079)	0.259 (0.213)	93.75 (96.21)
[300/469]	0.0039 (0.0108)	0.0011 (0.0078)	0.189 (0.217)	96.09 (96.14)
[400/469]	0.0030 (0.0107)	0.0001 (0.0077)	0.207 (0.216)	96.88 (96.18)
[468/469]	0.0029 (0.0107)	0.0001 (0.0077)	0.239 (0.216)	95.83 (96.22)
 * Train Acc 96.217
 * Val Acc 96.020, Total time 0.92
validation split name: 1
 * Val Acc 93.160, Total time 0.70
validation split name: 2
 * Val Acc 87.530, Total time 0.92
validation split name: 3
 * Val Acc 89.410, Total time 0.92
validation split name: 4
 * Val Acc 91.860, Total time 0.93
validation split name: 5
 * Val Acc 93.470, Total time 0.94
validation split name: 6
 * Val Acc 93.950, Total time 0.93
validation split name: 7
 * Val Acc 93.680, Total time 0.94
validation split name: 8
 * Val Acc 95.150, Total time 0.94
validation split name: 9
 * Val Acc 95.280, Total time 0.93
validation split name: 10
 * Val Acc 96.020, Total time 0.95
OrderedDict([('1', OrderedDict([('1', 96.28), ('2', 96.17), ('3', 95.26), ('4', 94.65), ('5', 94.44), ('6', 94.79), ('7', 93.88), ('8', 94.14), ('9', 93.51), ('10', 93.16)])), ('2', OrderedDict([('2', 95.18), ('3', 94.69), ('4', 93.66), ('5', 92.98), ('6', 91.53), ('7', 86.76), ('8', 85.9), ('9', 86.06), ('10', 87.53)])), ('3', OrderedDict([('3', 95.65), ('4', 94.12), ('5', 93.13), ('6', 93.67), ('7', 92.46), ('8', 92.67), ('9', 91.11), ('10', 89.41)])), ('4', OrderedDict([('4', 94.68), ('5', 93.37), ('6', 93.84), ('7', 93.14), ('8', 93.54), ('9', 93.2), ('10', 91.86)])), ('5', OrderedDict([('5', 95.44), ('6', 95.1), ('7', 94.5), ('8', 93.3), ('9', 93.48), ('10', 93.47)])), ('6', OrderedDict([('6', 95.89), ('7', 95.36), ('8', 94.67), ('9', 94.15), ('10', 93.95)])), ('7', OrderedDict([('7', 96.03), ('8', 95.63), ('9', 94.8), ('10', 93.68)])), ('8', OrderedDict([('8', 95.9), ('9', 94.99), ('10', 95.15)])), ('9', OrderedDict([('9', 95.95), ('10', 95.28)])), ('10', OrderedDict([('10', 96.02)]))])
Task 1 average acc: 96.28
Task 2 average acc: 95.67500000000001
Task 3 average acc: 95.2
Task 4 average acc: 94.2775
Task 5 average acc: 93.872
Task 6 average acc: 94.13666666666667
Task 7 average acc: 93.16142857142856
Task 8 average acc: 93.21875
Task 9 average acc: 93.02777777777777
Task 10 average acc: 92.95100000000001
===Summary of experiment repeats: 5 / 5 ===
The regularization coefficient: 0.02
The last avg acc of all repeats: [92.994 92.229 92.737 93.159 92.951]
mean: 92.81400000000001 std: 0.3219776389751307
reg_coef: 0.02 mean: 92.81400000000001 std: 0.3219776389751307
Total Time for the script is 824.0389454364777 seconds
