MLP(
  (linear): Sequential(
    (0): Linear(in_features=1024, out_features=1000, bias=True)
    (1): ReLU(inplace=True)
    (2): Linear(in_features=1000, out_features=1000, bias=True)
    (3): ReLU(inplace=True)
  )
  (last): ModuleDict(
    (All): Linear(in_features=1000, out_features=10, bias=True)
  )
)
#parameter of model: 2036010
Task order: ['1', '2', '3', '4', '5', '6', '7', '8', '9', '10']
====================== 1 =======================
#reg_term: 0
Epoch:0
LR: 0.0001
Itr		Time		  Data		  Loss		Acc
[0/469]	0.5163 (0.5163)	0.0865 (0.0865)	2.311 (2.311)	3.91 (3.91)
[100/469]	0.0184 (0.0124)	0.0166 (0.0064)	0.286 (0.821)	91.41 (80.31)
[200/469]	0.0019 (0.0098)	0.0002 (0.0059)	0.401 (0.573)	89.84 (85.47)
[300/469]	0.0019 (0.0089)	0.0001 (0.0057)	0.180 (0.471)	94.53 (87.67)
[400/469]	0.0182 (0.0086)	0.0164 (0.0057)	0.184 (0.408)	95.31 (89.15)
[468/469]	0.0019 (0.0084)	0.0001 (0.0057)	0.080 (0.377)	94.79 (89.93)
 * Train Acc 89.930
 * Val Acc 94.760, Total time 0.71
Epoch:1
LR: 0.0001
Itr		Time		  Data		  Loss		Acc
[0/469]	0.1084 (0.1084)	0.1031 (0.1031)	0.208 (0.208)	94.53 (94.53)
[100/469]	0.0020 (0.0083)	0.0001 (0.0061)	0.168 (0.172)	95.31 (95.20)
[200/469]	0.0188 (0.0080)	0.0168 (0.0059)	0.115 (0.163)	97.66 (95.38)
[300/469]	0.0020 (0.0078)	0.0002 (0.0058)	0.185 (0.161)	95.31 (95.37)
[400/469]	0.0022 (0.0077)	0.0002 (0.0057)	0.129 (0.155)	94.53 (95.55)
[468/469]	0.0019 (0.0077)	0.0001 (0.0057)	0.155 (0.152)	96.88 (95.63)
 * Train Acc 95.628
 * Val Acc 96.360, Total time 0.73
Computing MAS
validation split name: 1
 * Val Acc 96.360, Total time 0.71
====================== 2 =======================
#reg_term: 1
Epoch:0
LR: 0.0001
Itr		Time		  Data		  Loss		Acc
[0/469]	0.1266 (0.1266)	0.1169 (0.1169)	2.912 (2.912)	14.06 (14.06)
[100/469]	0.0062 (0.0115)	0.0034 (0.0084)	0.340 (0.500)	91.41 (84.68)
[200/469]	0.0030 (0.0109)	0.0001 (0.0079)	0.188 (0.368)	96.09 (88.99)
[300/469]	0.0260 (0.0108)	0.0226 (0.0078)	0.185 (0.315)	95.31 (90.78)
[400/469]	0.0035 (0.0107)	0.0001 (0.0077)	0.254 (0.281)	94.53 (91.89)
[468/469]	0.0181 (0.0107)	0.0154 (0.0077)	0.180 (0.265)	95.83 (92.41)
 * Train Acc 92.410
 * Val Acc 96.170, Total time 0.95
Epoch:1
LR: 0.0001
Itr		Time		  Data		  Loss		Acc
[0/469]	0.1395 (0.1395)	0.1325 (0.1325)	0.124 (0.124)	96.88 (96.88)
[100/469]	0.0035 (0.0118)	0.0001 (0.0088)	0.094 (0.152)	96.88 (96.14)
[200/469]	0.0030 (0.0111)	0.0002 (0.0081)	0.183 (0.145)	93.75 (96.36)
[300/469]	0.0258 (0.0110)	0.0228 (0.0080)	0.124 (0.143)	96.88 (96.49)
[400/469]	0.0029 (0.0108)	0.0001 (0.0079)	0.114 (0.139)	96.88 (96.63)
[468/469]	0.0173 (0.0108)	0.0146 (0.0078)	0.136 (0.138)	95.83 (96.65)
 * Train Acc 96.648
 * Val Acc 96.810, Total time 0.96
Computing MAS
validation split name: 1
 * Val Acc 95.770, Total time 0.70
validation split name: 2
 * Val Acc 96.810, Total time 0.95
====================== 3 =======================
#reg_term: 1
Epoch:0
LR: 0.0001
Itr		Time		  Data		  Loss		Acc
[0/469]	0.1239 (0.1239)	0.1170 (0.1170)	3.245 (3.245)	16.41 (16.41)
[100/469]	0.0034 (0.0115)	0.0001 (0.0085)	0.220 (0.489)	92.97 (85.19)
[200/469]	0.0030 (0.0110)	0.0001 (0.0080)	0.317 (0.361)	91.41 (89.56)
[300/469]	0.0260 (0.0108)	0.0230 (0.0079)	0.161 (0.310)	96.88 (91.24)
[400/469]	0.0029 (0.0107)	0.0001 (0.0078)	0.171 (0.280)	95.31 (92.25)
[468/469]	0.0190 (0.0107)	0.0160 (0.0078)	0.128 (0.263)	96.88 (92.78)
 * Train Acc 92.785
 * Val Acc 96.060, Total time 0.95
Epoch:1
LR: 0.0001
Itr		Time		  Data		  Loss		Acc
[0/469]	0.1238 (0.1238)	0.1166 (0.1166)	0.136 (0.136)	97.66 (97.66)
[100/469]	0.0048 (0.0115)	0.0020 (0.0085)	0.116 (0.153)	96.88 (96.23)
[200/469]	0.0033 (0.0110)	0.0001 (0.0081)	0.188 (0.149)	96.09 (96.48)
[300/469]	0.0078 (0.0109)	0.0049 (0.0079)	0.176 (0.147)	95.31 (96.58)
[400/469]	0.0241 (0.0108)	0.0213 (0.0079)	0.074 (0.146)	99.22 (96.64)
[468/469]	0.0028 (0.0107)	0.0001 (0.0078)	0.102 (0.146)	97.92 (96.67)
 * Train Acc 96.670
 * Val Acc 96.920, Total time 0.96
Computing MAS
validation split name: 1
 * Val Acc 94.770, Total time 0.71
validation split name: 2
 * Val Acc 96.290, Total time 0.96
validation split name: 3
 * Val Acc 96.920, Total time 0.96
====================== 4 =======================
#reg_term: 1
Epoch:0
LR: 0.0001
Itr		Time		  Data		  Loss		Acc
[0/469]	0.1402 (0.1402)	0.1336 (0.1336)	3.865 (3.865)	8.59 (8.59)
[100/469]	0.0032 (0.0121)	0.0004 (0.0091)	0.186 (0.520)	93.75 (85.09)
[200/469]	0.0037 (0.0113)	0.0009 (0.0083)	0.215 (0.382)	95.31 (89.39)
[300/469]	0.0240 (0.0111)	0.0212 (0.0081)	0.354 (0.325)	89.06 (91.20)
[400/469]	0.0030 (0.0109)	0.0001 (0.0080)	0.277 (0.291)	95.31 (92.31)
[468/469]	0.0183 (0.0109)	0.0156 (0.0079)	0.160 (0.276)	96.88 (92.79)
 * Train Acc 92.793
 * Val Acc 96.030, Total time 0.96
Epoch:1
LR: 0.0001
Itr		Time		  Data		  Loss		Acc
[0/469]	0.1240 (0.1240)	0.1173 (0.1173)	0.146 (0.146)	98.44 (98.44)
[100/469]	0.0030 (0.0116)	0.0001 (0.0084)	0.095 (0.158)	98.44 (96.64)
[200/469]	0.0035 (0.0110)	0.0007 (0.0079)	0.141 (0.158)	96.88 (96.69)
[300/469]	0.0245 (0.0108)	0.0215 (0.0078)	0.236 (0.158)	93.75 (96.68)
[400/469]	0.0031 (0.0107)	0.0003 (0.0078)	0.113 (0.156)	99.22 (96.74)
[468/469]	0.0166 (0.0107)	0.0139 (0.0077)	0.125 (0.155)	97.92 (96.79)
 * Train Acc 96.792
 * Val Acc 97.010, Total time 0.95
Computing MAS
validation split name: 1
 * Val Acc 93.790, Total time 0.69
validation split name: 2
 * Val Acc 95.870, Total time 0.94
validation split name: 3
 * Val Acc 96.420, Total time 0.95
validation split name: 4
 * Val Acc 97.010, Total time 0.96
====================== 5 =======================
#reg_term: 1
Epoch:0
LR: 0.0001
Itr		Time		  Data		  Loss		Acc
[0/469]	0.1256 (0.1256)	0.1191 (0.1191)	5.345 (5.345)	8.59 (8.59)
[100/469]	0.0030 (0.0117)	0.0002 (0.0086)	0.251 (0.559)	94.53 (84.63)
[200/469]	0.0029 (0.0111)	0.0002 (0.0081)	0.206 (0.403)	96.88 (89.27)
[300/469]	0.0244 (0.0109)	0.0215 (0.0079)	0.169 (0.340)	96.88 (91.15)
[400/469]	0.0050 (0.0108)	0.0022 (0.0078)	0.189 (0.306)	95.31 (92.17)
[468/469]	0.0170 (0.0107)	0.0142 (0.0077)	0.188 (0.289)	94.79 (92.72)
 * Train Acc 92.722
 * Val Acc 95.870, Total time 0.94
Epoch:1
LR: 0.0001
Itr		Time		  Data		  Loss		Acc
[0/469]	0.1280 (0.1280)	0.1215 (0.1215)	0.149 (0.149)	97.66 (97.66)
[100/469]	0.0036 (0.0115)	0.0008 (0.0086)	0.119 (0.166)	97.66 (96.57)
[200/469]	0.0036 (0.0110)	0.0008 (0.0080)	0.135 (0.164)	97.66 (96.69)
[300/469]	0.0235 (0.0108)	0.0207 (0.0079)	0.133 (0.164)	97.66 (96.71)
[400/469]	0.0045 (0.0107)	0.0017 (0.0078)	0.130 (0.162)	97.66 (96.76)
[468/469]	0.0128 (0.0107)	0.0101 (0.0077)	0.216 (0.163)	93.75 (96.72)
 * Train Acc 96.725
 * Val Acc 96.540, Total time 0.94
Computing MAS
validation split name: 1
 * Val Acc 92.830, Total time 0.69
validation split name: 2
 * Val Acc 95.170, Total time 0.95
validation split name: 3
 * Val Acc 96.150, Total time 0.96
validation split name: 4
 * Val Acc 96.570, Total time 0.96
validation split name: 5
 * Val Acc 96.540, Total time 0.95
====================== 6 =======================
#reg_term: 1
Epoch:0
LR: 0.0001
Itr		Time		  Data		  Loss		Acc
[0/469]	0.1221 (0.1221)	0.1153 (0.1153)	6.116 (6.116)	4.69 (4.69)
[100/469]	0.0037 (0.0116)	0.0009 (0.0085)	0.283 (0.593)	92.19 (84.34)
[200/469]	0.0030 (0.0110)	0.0002 (0.0080)	0.307 (0.427)	89.84 (88.82)
[300/469]	0.0237 (0.0108)	0.0208 (0.0078)	0.158 (0.358)	96.09 (90.84)
[400/469]	0.0030 (0.0107)	0.0002 (0.0077)	0.172 (0.318)	96.88 (92.04)
[468/469]	0.0122 (0.0107)	0.0095 (0.0077)	0.102 (0.300)	98.96 (92.58)
 * Train Acc 92.578
 * Val Acc 95.660, Total time 0.95
Epoch:1
LR: 0.0001
Itr		Time		  Data		  Loss		Acc
[0/469]	0.1375 (0.1375)	0.1308 (0.1308)	0.147 (0.147)	97.66 (97.66)
[100/469]	0.0030 (0.0119)	0.0002 (0.0088)	0.284 (0.167)	92.19 (96.64)
[200/469]	0.0263 (0.0116)	0.0223 (0.0082)	0.160 (0.167)	96.88 (96.68)
[300/469]	0.0029 (0.0113)	0.0002 (0.0080)	0.168 (0.167)	96.88 (96.73)
[400/469]	0.0029 (0.0110)	0.0002 (0.0079)	0.204 (0.166)	96.09 (96.78)
[468/469]	0.0028 (0.0110)	0.0001 (0.0078)	0.167 (0.166)	96.88 (96.81)
 * Train Acc 96.810
 * Val Acc 96.620, Total time 0.95
Computing MAS
validation split name: 1
 * Val Acc 90.250, Total time 0.69
validation split name: 2
 * Val Acc 94.270, Total time 0.95
validation split name: 3
 * Val Acc 95.600, Total time 0.94
validation split name: 4
 * Val Acc 96.080, Total time 0.94
validation split name: 5
 * Val Acc 96.260, Total time 0.95
validation split name: 6
 * Val Acc 96.620, Total time 0.97
====================== 7 =======================
#reg_term: 1
Epoch:0
LR: 0.0001
Itr		Time		  Data		  Loss		Acc
[0/469]	0.1354 (0.1354)	0.1286 (0.1286)	5.227 (5.227)	10.94 (10.94)
[100/469]	0.0035 (0.0117)	0.0001 (0.0087)	0.246 (0.536)	96.09 (85.78)
[200/469]	0.0029 (0.0110)	0.0002 (0.0081)	0.234 (0.401)	94.53 (89.66)
[300/469]	0.0250 (0.0109)	0.0222 (0.0079)	0.311 (0.344)	89.84 (91.32)
[400/469]	0.0029 (0.0107)	0.0001 (0.0078)	0.201 (0.309)	96.88 (92.41)
[468/469]	0.0178 (0.0107)	0.0150 (0.0078)	0.305 (0.292)	91.67 (92.90)
 * Train Acc 92.903
 * Val Acc 96.160, Total time 0.96
Epoch:1
LR: 0.0001
Itr		Time		  Data		  Loss		Acc
[0/469]	0.1233 (0.1233)	0.1168 (0.1168)	0.172 (0.172)	97.66 (97.66)
[100/469]	0.0031 (0.0115)	0.0003 (0.0085)	0.168 (0.178)	96.09 (96.48)
[200/469]	0.0030 (0.0109)	0.0002 (0.0080)	0.147 (0.177)	98.44 (96.59)
[300/469]	0.0225 (0.0108)	0.0197 (0.0078)	0.160 (0.178)	97.66 (96.52)
[400/469]	0.0038 (0.0107)	0.0010 (0.0077)	0.110 (0.177)	99.22 (96.56)
[468/469]	0.0166 (0.0106)	0.0139 (0.0077)	0.197 (0.176)	96.88 (96.59)
 * Train Acc 96.595
 * Val Acc 96.900, Total time 0.96
Computing MAS
validation split name: 1
 * Val Acc 83.520, Total time 0.70
validation split name: 2
 * Val Acc 93.630, Total time 0.94
validation split name: 3
 * Val Acc 94.710, Total time 0.93
validation split name: 4
 * Val Acc 96.050, Total time 0.97
validation split name: 5
 * Val Acc 95.690, Total time 0.94
validation split name: 6
 * Val Acc 96.150, Total time 0.97
validation split name: 7
 * Val Acc 96.900, Total time 0.94
====================== 8 =======================
#reg_term: 1
Epoch:0
LR: 0.0001
Itr		Time		  Data		  Loss		Acc
[0/469]	0.1297 (0.1297)	0.1232 (0.1232)	5.599 (5.599)	9.38 (9.38)
[100/469]	0.0030 (0.0118)	0.0002 (0.0090)	0.257 (0.563)	95.31 (85.81)
[200/469]	0.0028 (0.0113)	0.0001 (0.0085)	0.301 (0.415)	91.41 (89.80)
[300/469]	0.0257 (0.0111)	0.0230 (0.0084)	0.235 (0.353)	96.09 (91.43)
[400/469]	0.0029 (0.0110)	0.0002 (0.0083)	0.158 (0.319)	97.66 (92.42)
[468/469]	0.0185 (0.0110)	0.0158 (0.0082)	0.127 (0.302)	97.92 (92.95)
 * Train Acc 92.947
 * Val Acc 95.950, Total time 0.94
Epoch:1
LR: 0.0001
Itr		Time		  Data		  Loss		Acc
[0/469]	0.1285 (0.1285)	0.1210 (0.1210)	0.235 (0.235)	94.53 (94.53)
[100/469]	0.0034 (0.0122)	0.0001 (0.0087)	0.166 (0.179)	96.09 (96.81)
[200/469]	0.0029 (0.0113)	0.0001 (0.0081)	0.169 (0.180)	96.88 (96.64)
[300/469]	0.0256 (0.0111)	0.0223 (0.0080)	0.116 (0.178)	99.22 (96.65)
[400/469]	0.0029 (0.0109)	0.0001 (0.0079)	0.182 (0.178)	95.31 (96.65)
[468/469]	0.0174 (0.0109)	0.0146 (0.0078)	0.164 (0.179)	98.96 (96.64)
 * Train Acc 96.638
 * Val Acc 96.340, Total time 0.94
Computing MAS
validation split name: 1
 * Val Acc 81.680, Total time 0.71
validation split name: 2
 * Val Acc 93.310, Total time 0.96
validation split name: 3
 * Val Acc 94.930, Total time 0.97
validation split name: 4
 * Val Acc 95.690, Total time 0.95
validation split name: 5
 * Val Acc 95.340, Total time 0.94
validation split name: 6
 * Val Acc 96.140, Total time 0.93
validation split name: 7
 * Val Acc 96.590, Total time 0.95
validation split name: 8
 * Val Acc 96.340, Total time 0.98
====================== 9 =======================
#reg_term: 1
Epoch:0
LR: 0.0001
Itr		Time		  Data		  Loss		Acc
[0/469]	0.1335 (0.1335)	0.1254 (0.1254)	5.436 (5.436)	9.38 (9.38)
[100/469]	0.0219 (0.0119)	0.0180 (0.0087)	0.240 (0.620)	97.66 (84.81)
[200/469]	0.0041 (0.0119)	0.0003 (0.0082)	0.193 (0.450)	94.53 (89.25)
[300/469]	0.0046 (0.0116)	0.0002 (0.0080)	0.192 (0.384)	95.31 (91.03)
[400/469]	0.0246 (0.0117)	0.0214 (0.0080)	0.236 (0.344)	93.75 (92.16)
[468/469]	0.0029 (0.0115)	0.0001 (0.0079)	0.157 (0.325)	97.92 (92.65)
 * Train Acc 92.650
 * Val Acc 96.050, Total time 0.94
Epoch:1
LR: 0.0001
Itr		Time		  Data		  Loss		Acc
[0/469]	0.1232 (0.1232)	0.1165 (0.1165)	0.194 (0.194)	96.88 (96.88)
[100/469]	0.0157 (0.0119)	0.0127 (0.0087)	0.126 (0.190)	100.00 (96.63)
[200/469]	0.0029 (0.0112)	0.0001 (0.0081)	0.202 (0.190)	96.88 (96.51)
[300/469]	0.0039 (0.0109)	0.0011 (0.0079)	0.158 (0.190)	97.66 (96.51)
[400/469]	0.0236 (0.0108)	0.0206 (0.0078)	0.193 (0.191)	96.09 (96.49)
[468/469]	0.0028 (0.0108)	0.0001 (0.0078)	0.215 (0.191)	94.79 (96.51)
 * Train Acc 96.513
 * Val Acc 96.490, Total time 0.93
Computing MAS
validation split name: 1
 * Val Acc 79.520, Total time 0.69
validation split name: 2
 * Val Acc 93.140, Total time 0.94
validation split name: 3
 * Val Acc 94.140, Total time 0.94
validation split name: 4
 * Val Acc 95.460, Total time 0.96
validation split name: 5
 * Val Acc 94.320, Total time 0.94
validation split name: 6
 * Val Acc 95.380, Total time 0.94
validation split name: 7
 * Val Acc 96.210, Total time 0.94
validation split name: 8
 * Val Acc 96.000, Total time 0.95
validation split name: 9
 * Val Acc 96.490, Total time 0.93
====================== 10 =======================
#reg_term: 1
Epoch:0
LR: 0.0001
Itr		Time		  Data		  Loss		Acc
[0/469]	0.1282 (0.1282)	0.1213 (0.1213)	5.653 (5.653)	11.72 (11.72)
[100/469]	0.0042 (0.0115)	0.0012 (0.0084)	0.289 (0.600)	91.41 (85.45)
[200/469]	0.0030 (0.0109)	0.0001 (0.0079)	0.218 (0.444)	96.88 (89.52)
[300/469]	0.0242 (0.0108)	0.0214 (0.0078)	0.141 (0.374)	97.66 (91.40)
[400/469]	0.0043 (0.0107)	0.0015 (0.0077)	0.201 (0.338)	96.09 (92.41)
[468/469]	0.0177 (0.0107)	0.0150 (0.0077)	0.155 (0.320)	97.92 (92.87)
 * Train Acc 92.872
 * Val Acc 95.520, Total time 0.96
Epoch:1
LR: 0.0001
Itr		Time		  Data		  Loss		Acc
[0/469]	0.1291 (0.1291)	0.1215 (0.1215)	0.255 (0.255)	95.31 (95.31)
[100/469]	0.0029 (0.0115)	0.0001 (0.0085)	0.208 (0.192)	95.31 (96.53)
[200/469]	0.0030 (0.0109)	0.0002 (0.0079)	0.161 (0.193)	97.66 (96.48)
[300/469]	0.0247 (0.0108)	0.0218 (0.0078)	0.209 (0.193)	96.09 (96.53)
[400/469]	0.0031 (0.0106)	0.0001 (0.0077)	0.263 (0.194)	96.09 (96.55)
[468/469]	0.0168 (0.0106)	0.0140 (0.0077)	0.184 (0.194)	97.92 (96.57)
 * Train Acc 96.572
 * Val Acc 96.750, Total time 0.94
Computing MAS
validation split name: 1
 * Val Acc 74.420, Total time 0.70
validation split name: 2
 * Val Acc 88.010, Total time 0.96
validation split name: 3
 * Val Acc 92.730, Total time 0.93
validation split name: 4
 * Val Acc 94.580, Total time 0.95
validation split name: 5
 * Val Acc 91.840, Total time 0.96
validation split name: 6
 * Val Acc 94.740, Total time 0.94
validation split name: 7
 * Val Acc 96.020, Total time 0.95
validation split name: 8
 * Val Acc 95.330, Total time 0.95
validation split name: 9
 * Val Acc 96.380, Total time 0.95
validation split name: 10
 * Val Acc 96.750, Total time 0.99
OrderedDict([('1', OrderedDict([('1', 96.36), ('2', 95.77), ('3', 94.77), ('4', 93.79), ('5', 92.83), ('6', 90.25), ('7', 83.52), ('8', 81.68), ('9', 79.52), ('10', 74.42)])), ('2', OrderedDict([('2', 96.81), ('3', 96.29), ('4', 95.87), ('5', 95.17), ('6', 94.27), ('7', 93.63), ('8', 93.31), ('9', 93.14), ('10', 88.01)])), ('3', OrderedDict([('3', 96.92), ('4', 96.42), ('5', 96.15), ('6', 95.6), ('7', 94.71), ('8', 94.93), ('9', 94.14), ('10', 92.73)])), ('4', OrderedDict([('4', 97.01), ('5', 96.57), ('6', 96.08), ('7', 96.05), ('8', 95.69), ('9', 95.46), ('10', 94.58)])), ('5', OrderedDict([('5', 96.54), ('6', 96.26), ('7', 95.69), ('8', 95.34), ('9', 94.32), ('10', 91.84)])), ('6', OrderedDict([('6', 96.62), ('7', 96.15), ('8', 96.14), ('9', 95.38), ('10', 94.74)])), ('7', OrderedDict([('7', 96.9), ('8', 96.59), ('9', 96.21), ('10', 96.02)])), ('8', OrderedDict([('8', 96.34), ('9', 96.0), ('10', 95.33)])), ('9', OrderedDict([('9', 96.49), ('10', 96.38)])), ('10', OrderedDict([('10', 96.75)]))])
Task 1 average acc: 96.36
Task 2 average acc: 96.28999999999999
Task 3 average acc: 95.99333333333334
Task 4 average acc: 95.77250000000001
Task 5 average acc: 95.452
Task 6 average acc: 94.84666666666665
Task 7 average acc: 93.80714285714285
Task 8 average acc: 93.75250000000001
Task 9 average acc: 93.40666666666668
Task 10 average acc: 92.08000000000001
===Summary of experiment repeats: 1 / 5 ===
The regularization coefficient: 0.1
The last avg acc of all repeats: [92.08  0.    0.    0.    0.  ]
mean: 18.416000000000004 std: 36.83200000000001
MLP(
  (linear): Sequential(
    (0): Linear(in_features=1024, out_features=1000, bias=True)
    (1): ReLU(inplace=True)
    (2): Linear(in_features=1000, out_features=1000, bias=True)
    (3): ReLU(inplace=True)
  )
  (last): ModuleDict(
    (All): Linear(in_features=1000, out_features=10, bias=True)
  )
)
#parameter of model: 2036010
Task order: ['1', '2', '3', '4', '5', '6', '7', '8', '9', '10']
====================== 1 =======================
#reg_term: 0
Epoch:0
LR: 0.0001
Itr		Time		  Data		  Loss		Acc
[0/469]	0.1149 (0.1149)	0.1097 (0.1097)	2.322 (2.322)	3.12 (3.12)
[100/469]	0.0178 (0.0087)	0.0160 (0.0068)	0.432 (0.812)	89.06 (80.29)
[200/469]	0.0019 (0.0079)	0.0001 (0.0061)	0.234 (0.568)	92.97 (85.48)
[300/469]	0.0020 (0.0077)	0.0002 (0.0059)	0.163 (0.464)	96.88 (87.87)
[400/469]	0.0177 (0.0076)	0.0160 (0.0058)	0.159 (0.407)	95.31 (89.16)
[468/469]	0.0018 (0.0075)	0.0001 (0.0057)	0.234 (0.379)	90.62 (89.84)
 * Train Acc 89.838
 * Val Acc 94.360, Total time 0.69
Epoch:1
LR: 0.0001
Itr		Time		  Data		  Loss		Acc
[0/469]	0.1144 (0.1144)	0.1088 (0.1088)	0.165 (0.165)	94.53 (94.53)
[100/469]	0.0020 (0.0084)	0.0002 (0.0063)	0.100 (0.171)	96.88 (94.85)
[200/469]	0.0019 (0.0079)	0.0001 (0.0058)	0.159 (0.167)	96.09 (95.17)
[300/469]	0.0179 (0.0077)	0.0160 (0.0057)	0.163 (0.162)	96.09 (95.26)
[400/469]	0.0020 (0.0076)	0.0002 (0.0056)	0.096 (0.154)	95.31 (95.51)
[468/469]	0.0129 (0.0076)	0.0108 (0.0056)	0.160 (0.150)	95.83 (95.64)
 * Train Acc 95.635
 * Val Acc 96.150, Total time 0.72
Computing MAS
validation split name: 1
 * Val Acc 96.150, Total time 0.69
====================== 2 =======================
#reg_term: 1
Epoch:0
LR: 0.0001
Itr		Time		  Data		  Loss		Acc
[0/469]	0.1414 (0.1414)	0.1335 (0.1335)	2.561 (2.561)	15.62 (15.62)
[100/469]	0.0030 (0.0121)	0.0001 (0.0090)	0.256 (0.485)	92.97 (84.95)
[200/469]	0.0093 (0.0113)	0.0064 (0.0082)	0.114 (0.365)	96.88 (88.96)
[300/469]	0.0153 (0.0110)	0.0120 (0.0080)	0.220 (0.310)	92.97 (90.84)
[400/469]	0.0033 (0.0109)	0.0001 (0.0079)	0.183 (0.278)	92.97 (91.93)
[468/469]	0.0040 (0.0108)	0.0008 (0.0078)	0.282 (0.262)	89.58 (92.45)
 * Train Acc 92.447
 * Val Acc 95.840, Total time 0.95
Epoch:1
LR: 0.0001
Itr		Time		  Data		  Loss		Acc
[0/469]	0.1376 (0.1376)	0.1311 (0.1311)	0.144 (0.144)	94.53 (94.53)
[100/469]	0.0029 (0.0119)	0.0001 (0.0090)	0.172 (0.146)	95.31 (96.25)
[200/469]	0.0028 (0.0111)	0.0001 (0.0083)	0.113 (0.148)	96.88 (96.24)
[300/469]	0.0256 (0.0110)	0.0229 (0.0082)	0.130 (0.144)	97.66 (96.43)
[400/469]	0.0035 (0.0108)	0.0009 (0.0081)	0.128 (0.140)	96.09 (96.57)
[468/469]	0.0166 (0.0108)	0.0136 (0.0080)	0.105 (0.137)	97.92 (96.69)
 * Train Acc 96.685
 * Val Acc 96.960, Total time 0.95
Computing MAS
validation split name: 1
 * Val Acc 95.450, Total time 0.69
validation split name: 2
 * Val Acc 96.960, Total time 0.95
====================== 3 =======================
#reg_term: 1
Epoch:0
LR: 0.0001
Itr		Time		  Data		  Loss		Acc
[0/469]	0.1330 (0.1330)	0.1262 (0.1262)	4.274 (4.274)	12.50 (12.50)
[100/469]	0.0029 (0.0120)	0.0001 (0.0089)	0.340 (0.538)	90.62 (84.17)
[200/469]	0.0031 (0.0113)	0.0004 (0.0082)	0.224 (0.392)	93.75 (88.94)
[300/469]	0.0252 (0.0111)	0.0223 (0.0081)	0.186 (0.331)	95.31 (90.87)
[400/469]	0.0035 (0.0109)	0.0001 (0.0079)	0.201 (0.295)	94.53 (91.95)
[468/469]	0.0172 (0.0109)	0.0143 (0.0079)	0.177 (0.279)	95.83 (92.48)
 * Train Acc 92.483
 * Val Acc 96.060, Total time 0.96
Epoch:1
LR: 0.0001
Itr		Time		  Data		  Loss		Acc
[0/469]	0.1246 (0.1246)	0.1177 (0.1177)	0.173 (0.173)	96.88 (96.88)
[100/469]	0.0034 (0.0119)	0.0002 (0.0086)	0.084 (0.148)	100.00 (96.78)
[200/469]	0.0034 (0.0114)	0.0001 (0.0081)	0.165 (0.151)	97.66 (96.69)
[300/469]	0.0251 (0.0112)	0.0223 (0.0080)	0.133 (0.150)	96.88 (96.74)
[400/469]	0.0029 (0.0110)	0.0001 (0.0078)	0.174 (0.150)	94.53 (96.73)
[468/469]	0.0177 (0.0109)	0.0147 (0.0078)	0.163 (0.150)	96.88 (96.75)
 * Train Acc 96.745
 * Val Acc 96.970, Total time 0.97
Computing MAS
validation split name: 1
 * Val Acc 95.030, Total time 0.74
validation split name: 2
 * Val Acc 96.580, Total time 0.96
validation split name: 3
 * Val Acc 96.970, Total time 0.94
====================== 4 =======================
#reg_term: 1
Epoch:0
LR: 0.0001
Itr		Time		  Data		  Loss		Acc
[0/469]	0.1269 (0.1269)	0.1207 (0.1207)	4.607 (4.607)	9.38 (9.38)
[100/469]	0.0197 (0.0121)	0.0168 (0.0092)	0.232 (0.530)	92.97 (85.02)
[200/469]	0.0147 (0.0112)	0.0118 (0.0084)	0.218 (0.391)	95.31 (89.24)
[300/469]	0.0029 (0.0110)	0.0002 (0.0082)	0.253 (0.328)	95.31 (91.16)
[400/469]	0.0036 (0.0108)	0.0008 (0.0080)	0.207 (0.293)	93.75 (92.28)
[468/469]	0.0028 (0.0108)	0.0001 (0.0079)	0.233 (0.277)	95.83 (92.77)
 * Train Acc 92.770
 * Val Acc 96.050, Total time 0.95
Epoch:1
LR: 0.0001
Itr		Time		  Data		  Loss		Acc
[0/469]	0.1360 (0.1360)	0.1299 (0.1299)	0.184 (0.184)	95.31 (95.31)
[100/469]	0.0029 (0.0122)	0.0001 (0.0091)	0.159 (0.154)	96.88 (96.74)
[200/469]	0.0091 (0.0113)	0.0062 (0.0083)	0.101 (0.153)	99.22 (96.84)
[300/469]	0.0234 (0.0111)	0.0206 (0.0081)	0.119 (0.152)	97.66 (96.86)
[400/469]	0.0034 (0.0109)	0.0001 (0.0079)	0.129 (0.152)	98.44 (96.88)
[468/469]	0.0034 (0.0108)	0.0007 (0.0078)	0.142 (0.153)	96.88 (96.90)
 * Train Acc 96.902
 * Val Acc 96.850, Total time 0.94
Computing MAS
validation split name: 1
 * Val Acc 94.510, Total time 0.71
validation split name: 2
 * Val Acc 95.110, Total time 0.95
validation split name: 3
 * Val Acc 96.030, Total time 0.94
validation split name: 4
 * Val Acc 96.850, Total time 0.93
====================== 5 =======================
#reg_term: 1
Epoch:0
LR: 0.0001
Itr		Time		  Data		  Loss		Acc
[0/469]	0.1240 (0.1240)	0.1176 (0.1176)	3.827 (3.827)	11.72 (11.72)
[100/469]	0.0029 (0.0116)	0.0002 (0.0088)	0.358 (0.484)	92.19 (86.13)
[200/469]	0.0129 (0.0111)	0.0100 (0.0083)	0.166 (0.363)	96.09 (89.94)
[300/469]	0.0052 (0.0109)	0.0024 (0.0081)	0.174 (0.314)	95.31 (91.60)
[400/469]	0.0029 (0.0108)	0.0001 (0.0080)	0.168 (0.284)	95.31 (92.55)
[468/469]	0.0029 (0.0107)	0.0001 (0.0079)	0.284 (0.271)	91.67 (92.98)
 * Train Acc 92.985
 * Val Acc 96.180, Total time 0.94
Epoch:1
LR: 0.0001
Itr		Time		  Data		  Loss		Acc
[0/469]	0.1221 (0.1221)	0.1156 (0.1156)	0.197 (0.197)	93.75 (93.75)
[100/469]	0.0029 (0.0118)	0.0001 (0.0087)	0.115 (0.161)	98.44 (96.82)
[200/469]	0.0028 (0.0111)	0.0002 (0.0082)	0.134 (0.163)	96.88 (96.66)
[300/469]	0.0259 (0.0110)	0.0231 (0.0081)	0.126 (0.162)	98.44 (96.74)
[400/469]	0.0028 (0.0109)	0.0001 (0.0080)	0.140 (0.161)	96.09 (96.77)
[468/469]	0.0174 (0.0108)	0.0148 (0.0080)	0.127 (0.160)	96.88 (96.81)
 * Train Acc 96.813
 * Val Acc 96.760, Total time 0.94
Computing MAS
validation split name: 1
 * Val Acc 92.680, Total time 0.71
validation split name: 2
 * Val Acc 95.070, Total time 0.97
validation split name: 3
 * Val Acc 96.490, Total time 0.95
validation split name: 4
 * Val Acc 95.640, Total time 0.96
validation split name: 5
 * Val Acc 96.760, Total time 0.95
====================== 6 =======================
#reg_term: 1
Epoch:0
LR: 0.0001
Itr		Time		  Data		  Loss		Acc
[0/469]	0.1239 (0.1239)	0.1179 (0.1179)	5.085 (5.085)	7.81 (7.81)
[100/469]	0.0204 (0.0119)	0.0177 (0.0091)	0.333 (0.574)	92.19 (84.69)
[200/469]	0.0127 (0.0111)	0.0100 (0.0084)	0.202 (0.416)	94.53 (89.34)
[300/469]	0.0034 (0.0109)	0.0001 (0.0081)	0.252 (0.352)	94.53 (91.18)
[400/469]	0.0156 (0.0108)	0.0128 (0.0080)	0.133 (0.317)	97.66 (92.21)
[468/469]	0.0033 (0.0107)	0.0001 (0.0079)	0.241 (0.301)	93.75 (92.66)
 * Train Acc 92.655
 * Val Acc 96.050, Total time 0.95
Epoch:1
LR: 0.0001
Itr		Time		  Data		  Loss		Acc
[0/469]	0.1319 (0.1319)	0.1257 (0.1257)	0.165 (0.165)	96.88 (96.88)
[100/469]	0.0038 (0.0116)	0.0010 (0.0086)	0.184 (0.177)	95.31 (96.61)
[200/469]	0.0029 (0.0110)	0.0002 (0.0080)	0.128 (0.173)	99.22 (96.68)
[300/469]	0.0243 (0.0109)	0.0212 (0.0079)	0.183 (0.173)	95.31 (96.69)
[400/469]	0.0032 (0.0108)	0.0001 (0.0078)	0.118 (0.172)	97.66 (96.71)
[468/469]	0.0176 (0.0107)	0.0148 (0.0078)	0.145 (0.171)	97.92 (96.71)
 * Train Acc 96.710
 * Val Acc 96.670, Total time 0.96
Computing MAS
validation split name: 1
 * Val Acc 92.430, Total time 0.69
validation split name: 2
 * Val Acc 95.400, Total time 0.93
validation split name: 3
 * Val Acc 96.160, Total time 0.98
validation split name: 4
 * Val Acc 96.540, Total time 0.95
validation split name: 5
 * Val Acc 96.460, Total time 0.94
validation split name: 6
 * Val Acc 96.670, Total time 0.95
====================== 7 =======================
#reg_term: 1
Epoch:0
LR: 0.0001
Itr		Time		  Data		  Loss		Acc
[0/469]	0.1280 (0.1280)	0.1214 (0.1214)	5.275 (5.275)	10.94 (10.94)
[100/469]	0.0179 (0.0117)	0.0138 (0.0087)	0.288 (0.549)	94.53 (85.67)
[200/469]	0.0030 (0.0111)	0.0002 (0.0081)	0.168 (0.406)	96.88 (89.78)
[300/469]	0.0143 (0.0109)	0.0114 (0.0079)	0.192 (0.350)	95.31 (91.40)
[400/469]	0.0165 (0.0108)	0.0137 (0.0078)	0.196 (0.316)	96.88 (92.42)
[468/469]	0.0032 (0.0108)	0.0005 (0.0078)	0.189 (0.299)	94.79 (92.90)
 * Train Acc 92.903
 * Val Acc 95.890, Total time 0.95
Epoch:1
LR: 0.0001
Itr		Time		  Data		  Loss		Acc
[0/469]	0.1288 (0.1288)	0.1225 (0.1225)	0.119 (0.119)	98.44 (98.44)
[100/469]	0.0038 (0.0116)	0.0010 (0.0086)	0.160 (0.178)	96.88 (96.66)
[200/469]	0.0030 (0.0110)	0.0002 (0.0080)	0.147 (0.177)	97.66 (96.60)
[300/469]	0.0236 (0.0108)	0.0206 (0.0079)	0.201 (0.177)	96.88 (96.66)
[400/469]	0.0031 (0.0107)	0.0002 (0.0078)	0.212 (0.177)	97.66 (96.67)
[468/469]	0.0166 (0.0106)	0.0139 (0.0078)	0.156 (0.177)	97.92 (96.69)
 * Train Acc 96.693
 * Val Acc 96.610, Total time 0.94
Computing MAS
validation split name: 1
 * Val Acc 91.480, Total time 0.76
validation split name: 2
 * Val Acc 94.810, Total time 0.96
validation split name: 3
 * Val Acc 95.550, Total time 0.95
validation split name: 4
 * Val Acc 95.860, Total time 0.95
validation split name: 5
 * Val Acc 96.110, Total time 0.94
validation split name: 6
 * Val Acc 96.420, Total time 0.93
validation split name: 7
 * Val Acc 96.610, Total time 0.94
====================== 8 =======================
#reg_term: 1
Epoch:0
LR: 0.0001
Itr		Time		  Data		  Loss		Acc
[0/469]	0.1223 (0.1223)	0.1157 (0.1157)	4.914 (4.914)	13.28 (13.28)
[100/469]	0.0039 (0.0115)	0.0008 (0.0084)	0.333 (0.587)	91.41 (84.98)
[200/469]	0.0037 (0.0109)	0.0009 (0.0079)	0.297 (0.429)	94.53 (89.40)
[300/469]	0.0206 (0.0108)	0.0177 (0.0078)	0.230 (0.364)	96.09 (91.26)
[400/469]	0.0032 (0.0107)	0.0004 (0.0077)	0.162 (0.326)	97.66 (92.32)
[468/469]	0.0033 (0.0106)	0.0005 (0.0077)	0.178 (0.310)	96.88 (92.82)
 * Train Acc 92.817
 * Val Acc 95.920, Total time 0.94
Epoch:1
LR: 0.0001
Itr		Time		  Data		  Loss		Acc
[0/469]	0.1267 (0.1267)	0.1202 (0.1202)	0.200 (0.200)	96.09 (96.09)
[100/469]	0.0041 (0.0127)	0.0002 (0.0087)	0.214 (0.183)	96.88 (96.71)
[200/469]	0.0040 (0.0123)	0.0002 (0.0082)	0.181 (0.182)	95.31 (96.61)
[300/469]	0.0260 (0.0121)	0.0228 (0.0081)	0.147 (0.181)	97.66 (96.65)
[400/469]	0.0030 (0.0117)	0.0001 (0.0080)	0.158 (0.183)	97.66 (96.61)
[468/469]	0.0180 (0.0115)	0.0151 (0.0079)	0.125 (0.184)	97.92 (96.59)
 * Train Acc 96.587
 * Val Acc 96.710, Total time 0.94
Computing MAS
validation split name: 1
 * Val Acc 88.800, Total time 0.69
validation split name: 2
 * Val Acc 93.850, Total time 0.96
validation split name: 3
 * Val Acc 94.410, Total time 0.96
validation split name: 4
 * Val Acc 94.380, Total time 0.94
validation split name: 5
 * Val Acc 95.470, Total time 0.96
validation split name: 6
 * Val Acc 96.380, Total time 0.94
validation split name: 7
 * Val Acc 96.220, Total time 0.95
validation split name: 8
 * Val Acc 96.710, Total time 0.95
====================== 9 =======================
#reg_term: 1
Epoch:0
LR: 0.0001
Itr		Time		  Data		  Loss		Acc
[0/469]	0.1247 (0.1247)	0.1182 (0.1182)	5.072 (5.072)	9.38 (9.38)
[100/469]	0.0246 (0.0120)	0.0217 (0.0089)	0.322 (0.546)	92.97 (86.33)
[200/469]	0.0031 (0.0112)	0.0001 (0.0082)	0.262 (0.409)	94.53 (89.97)
[300/469]	0.0029 (0.0109)	0.0001 (0.0079)	0.124 (0.350)	99.22 (91.62)
[400/469]	0.0250 (0.0108)	0.0217 (0.0078)	0.226 (0.317)	93.75 (92.59)
[468/469]	0.0028 (0.0107)	0.0001 (0.0078)	0.119 (0.302)	98.96 (93.04)
 * Train Acc 93.040
 * Val Acc 95.830, Total time 0.94
Epoch:1
LR: 0.0001
Itr		Time		  Data		  Loss		Acc
[0/469]	0.1321 (0.1321)	0.1260 (0.1260)	0.202 (0.202)	96.88 (96.88)
[100/469]	0.0061 (0.0117)	0.0031 (0.0087)	0.131 (0.188)	99.22 (96.64)
[200/469]	0.0030 (0.0111)	0.0001 (0.0081)	0.208 (0.184)	96.09 (96.67)
[300/469]	0.0238 (0.0109)	0.0210 (0.0080)	0.119 (0.184)	98.44 (96.68)
[400/469]	0.0036 (0.0108)	0.0009 (0.0079)	0.161 (0.185)	97.66 (96.65)
[468/469]	0.0180 (0.0107)	0.0153 (0.0079)	0.287 (0.186)	92.71 (96.63)
 * Train Acc 96.627
 * Val Acc 96.270, Total time 0.95
Computing MAS
validation split name: 1
 * Val Acc 87.040, Total time 0.71
validation split name: 2
 * Val Acc 92.680, Total time 0.96
validation split name: 3
 * Val Acc 92.910, Total time 0.97
validation split name: 4
 * Val Acc 93.270, Total time 0.95
validation split name: 5
 * Val Acc 94.990, Total time 0.95
validation split name: 6
 * Val Acc 95.640, Total time 0.97
validation split name: 7
 * Val Acc 96.120, Total time 0.96
validation split name: 8
 * Val Acc 96.170, Total time 0.95
validation split name: 9
 * Val Acc 96.270, Total time 0.97
====================== 10 =======================
#reg_term: 1
Epoch:0
LR: 0.0001
Itr		Time		  Data		  Loss		Acc
[0/469]	0.1421 (0.1421)	0.1354 (0.1354)	4.630 (4.630)	18.75 (18.75)
[100/469]	0.0029 (0.0121)	0.0001 (0.0091)	0.228 (0.554)	96.88 (86.12)
[200/469]	0.0039 (0.0112)	0.0011 (0.0083)	0.214 (0.412)	95.31 (90.06)
[300/469]	0.0243 (0.0110)	0.0215 (0.0081)	0.218 (0.355)	94.53 (91.67)
[400/469]	0.0046 (0.0109)	0.0016 (0.0079)	0.263 (0.320)	92.19 (92.69)
[468/469]	0.0172 (0.0108)	0.0144 (0.0078)	0.247 (0.305)	93.75 (93.11)
 * Train Acc 93.108
 * Val Acc 95.990, Total time 0.95
Epoch:1
LR: 0.0001
Itr		Time		  Data		  Loss		Acc
[0/469]	0.1389 (0.1389)	0.1327 (0.1327)	0.216 (0.216)	94.53 (94.53)
[100/469]	0.0267 (0.0128)	0.0228 (0.0089)	0.283 (0.191)	94.53 (96.49)
[200/469]	0.0032 (0.0116)	0.0001 (0.0082)	0.191 (0.193)	95.31 (96.34)
[300/469]	0.0028 (0.0113)	0.0001 (0.0080)	0.152 (0.191)	97.66 (96.45)
[400/469]	0.0243 (0.0111)	0.0216 (0.0080)	0.179 (0.193)	96.88 (96.38)
[468/469]	0.0044 (0.0110)	0.0017 (0.0079)	0.145 (0.193)	97.92 (96.43)
 * Train Acc 96.428
 * Val Acc 96.500, Total time 0.96
Computing MAS
validation split name: 1
 * Val Acc 85.700, Total time 0.70
validation split name: 2
 * Val Acc 93.230, Total time 0.95
validation split name: 3
 * Val Acc 90.960, Total time 0.94
validation split name: 4
 * Val Acc 92.610, Total time 0.94
validation split name: 5
 * Val Acc 94.540, Total time 0.95
validation split name: 6
 * Val Acc 95.110, Total time 0.97
validation split name: 7
 * Val Acc 95.950, Total time 0.94
validation split name: 8
 * Val Acc 95.650, Total time 0.96
validation split name: 9
 * Val Acc 95.520, Total time 0.95
validation split name: 10
 * Val Acc 96.500, Total time 0.94
OrderedDict([('1', OrderedDict([('1', 96.15), ('2', 95.45), ('3', 95.03), ('4', 94.51), ('5', 92.68), ('6', 92.43), ('7', 91.48), ('8', 88.8), ('9', 87.04), ('10', 85.7)])), ('2', OrderedDict([('2', 96.96), ('3', 96.58), ('4', 95.11), ('5', 95.07), ('6', 95.4), ('7', 94.81), ('8', 93.85), ('9', 92.68), ('10', 93.23)])), ('3', OrderedDict([('3', 96.97), ('4', 96.03), ('5', 96.49), ('6', 96.16), ('7', 95.55), ('8', 94.41), ('9', 92.91), ('10', 90.96)])), ('4', OrderedDict([('4', 96.85), ('5', 95.64), ('6', 96.54), ('7', 95.86), ('8', 94.38), ('9', 93.27), ('10', 92.61)])), ('5', OrderedDict([('5', 96.76), ('6', 96.46), ('7', 96.11), ('8', 95.47), ('9', 94.99), ('10', 94.54)])), ('6', OrderedDict([('6', 96.67), ('7', 96.42), ('8', 96.38), ('9', 95.64), ('10', 95.11)])), ('7', OrderedDict([('7', 96.61), ('8', 96.22), ('9', 96.12), ('10', 95.95)])), ('8', OrderedDict([('8', 96.71), ('9', 96.17), ('10', 95.65)])), ('9', OrderedDict([('9', 96.27), ('10', 95.52)])), ('10', OrderedDict([('10', 96.5)]))])
Task 1 average acc: 96.15
Task 2 average acc: 96.205
Task 3 average acc: 96.19333333333334
Task 4 average acc: 95.625
Task 5 average acc: 95.328
Task 6 average acc: 95.61
Task 7 average acc: 95.26285714285714
Task 8 average acc: 94.5275
Task 9 average acc: 93.89888888888888
Task 10 average acc: 93.577
===Summary of experiment repeats: 2 / 5 ===
The regularization coefficient: 0.1
The last avg acc of all repeats: [92.08  93.577  0.     0.     0.   ]
mean: 37.1314 std: 45.47895557112103
MLP(
  (linear): Sequential(
    (0): Linear(in_features=1024, out_features=1000, bias=True)
    (1): ReLU(inplace=True)
    (2): Linear(in_features=1000, out_features=1000, bias=True)
    (3): ReLU(inplace=True)
  )
  (last): ModuleDict(
    (All): Linear(in_features=1000, out_features=10, bias=True)
  )
)
#parameter of model: 2036010
Task order: ['1', '2', '3', '4', '5', '6', '7', '8', '9', '10']
====================== 1 =======================
#reg_term: 0
Epoch:0
LR: 0.0001
Itr		Time		  Data		  Loss		Acc
[0/469]	0.1193 (0.1193)	0.1142 (0.1142)	2.298 (2.298)	8.59 (8.59)
[100/469]	0.0037 (0.0082)	0.0016 (0.0062)	0.360 (0.817)	91.41 (80.35)
[200/469]	0.0029 (0.0077)	0.0008 (0.0057)	0.310 (0.570)	92.19 (85.46)
[300/469]	0.0030 (0.0075)	0.0008 (0.0055)	0.241 (0.469)	93.75 (87.73)
[400/469]	0.0161 (0.0075)	0.0139 (0.0054)	0.324 (0.409)	91.41 (89.14)
[468/469]	0.0019 (0.0074)	0.0001 (0.0054)	0.301 (0.380)	92.71 (89.86)
 * Train Acc 89.855
 * Val Acc 94.910, Total time 0.75
Epoch:1
LR: 0.0001
Itr		Time		  Data		  Loss		Acc
[0/469]	0.1191 (0.1191)	0.1140 (0.1140)	0.104 (0.104)	96.88 (96.88)
[100/469]	0.0022 (0.0086)	0.0001 (0.0066)	0.158 (0.175)	96.09 (95.00)
[200/469]	0.0020 (0.0080)	0.0002 (0.0060)	0.097 (0.168)	98.44 (95.06)
[300/469]	0.0181 (0.0078)	0.0160 (0.0058)	0.159 (0.162)	96.88 (95.24)
[400/469]	0.0028 (0.0076)	0.0009 (0.0057)	0.131 (0.156)	96.88 (95.44)
[468/469]	0.0059 (0.0076)	0.0039 (0.0056)	0.187 (0.152)	91.67 (95.57)
 * Train Acc 95.570
 * Val Acc 96.270, Total time 0.70
Computing MAS
validation split name: 1
 * Val Acc 96.270, Total time 0.70
====================== 2 =======================
#reg_term: 1
Epoch:0
LR: 0.0001
Itr		Time		  Data		  Loss		Acc
[0/469]	0.1272 (0.1272)	0.1193 (0.1193)	2.666 (2.666)	6.25 (6.25)
[100/469]	0.0214 (0.0117)	0.0186 (0.0088)	0.335 (0.482)	94.53 (85.49)
[200/469]	0.0029 (0.0111)	0.0002 (0.0082)	0.246 (0.363)	96.09 (89.29)
[300/469]	0.0206 (0.0109)	0.0177 (0.0080)	0.159 (0.310)	95.31 (90.95)
[400/469]	0.0035 (0.0108)	0.0007 (0.0079)	0.200 (0.279)	93.75 (91.99)
[468/469]	0.0171 (0.0107)	0.0143 (0.0079)	0.157 (0.262)	94.79 (92.52)
 * Train Acc 92.518
 * Val Acc 96.020, Total time 0.95
Epoch:1
LR: 0.0001
Itr		Time		  Data		  Loss		Acc
[0/469]	0.1250 (0.1250)	0.1176 (0.1176)	0.158 (0.158)	94.53 (94.53)
[100/469]	0.0037 (0.0115)	0.0009 (0.0084)	0.139 (0.148)	96.88 (96.36)
[200/469]	0.0244 (0.0111)	0.0211 (0.0080)	0.182 (0.150)	94.53 (96.29)
[300/469]	0.0055 (0.0109)	0.0024 (0.0079)	0.105 (0.145)	96.88 (96.40)
[400/469]	0.0030 (0.0108)	0.0002 (0.0078)	0.143 (0.142)	96.88 (96.53)
[468/469]	0.0032 (0.0107)	0.0005 (0.0078)	0.176 (0.140)	95.83 (96.61)
 * Train Acc 96.612
 * Val Acc 96.980, Total time 0.95
Computing MAS
validation split name: 1
 * Val Acc 94.780, Total time 0.71
validation split name: 2
 * Val Acc 96.980, Total time 0.95
====================== 3 =======================
#reg_term: 1
Epoch:0
LR: 0.0001
Itr		Time		  Data		  Loss		Acc
[0/469]	0.1267 (0.1267)	0.1204 (0.1204)	3.517 (3.517)	10.16 (10.16)
[100/469]	0.0041 (0.0115)	0.0009 (0.0085)	0.253 (0.515)	91.41 (84.82)
[200/469]	0.0242 (0.0110)	0.0209 (0.0081)	0.360 (0.382)	92.19 (89.21)
[300/469]	0.0032 (0.0109)	0.0002 (0.0079)	0.242 (0.324)	92.97 (91.01)
[400/469]	0.0034 (0.0108)	0.0002 (0.0079)	0.176 (0.289)	97.66 (92.13)
[468/469]	0.0029 (0.0108)	0.0001 (0.0078)	0.158 (0.273)	94.79 (92.66)
 * Train Acc 92.663
 * Val Acc 96.100, Total time 0.96
Epoch:1
LR: 0.0001
Itr		Time		  Data		  Loss		Acc
[0/469]	0.1232 (0.1232)	0.1168 (0.1168)	0.251 (0.251)	95.31 (95.31)
[100/469]	0.0078 (0.0116)	0.0046 (0.0086)	0.147 (0.151)	97.66 (96.77)
[200/469]	0.0029 (0.0111)	0.0001 (0.0081)	0.119 (0.154)	96.09 (96.70)
[300/469]	0.0046 (0.0109)	0.0017 (0.0079)	0.140 (0.149)	97.66 (96.76)
[400/469]	0.0247 (0.0108)	0.0219 (0.0079)	0.178 (0.148)	96.88 (96.79)
[468/469]	0.0027 (0.0107)	0.0001 (0.0078)	0.094 (0.148)	98.96 (96.78)
 * Train Acc 96.780
 * Val Acc 97.080, Total time 0.95
Computing MAS
validation split name: 1
 * Val Acc 93.470, Total time 0.69
validation split name: 2
 * Val Acc 96.520, Total time 0.95
validation split name: 3
 * Val Acc 97.080, Total time 0.94
====================== 4 =======================
#reg_term: 1
Epoch:0
LR: 0.0001
Itr		Time		  Data		  Loss		Acc
[0/469]	0.1260 (0.1260)	0.1198 (0.1198)	4.075 (4.075)	10.16 (10.16)
[100/469]	0.0172 (0.0119)	0.0143 (0.0088)	0.282 (0.499)	92.19 (85.62)
[200/469]	0.0232 (0.0112)	0.0203 (0.0082)	0.216 (0.374)	94.53 (89.58)
[300/469]	0.0035 (0.0109)	0.0002 (0.0080)	0.256 (0.318)	93.75 (91.39)
[400/469]	0.0036 (0.0108)	0.0008 (0.0078)	0.099 (0.287)	97.66 (92.37)
[468/469]	0.0028 (0.0108)	0.0001 (0.0078)	0.161 (0.271)	95.83 (92.90)
 * Train Acc 92.897
 * Val Acc 96.210, Total time 0.94
Epoch:1
LR: 0.0001
Itr		Time		  Data		  Loss		Acc
[0/469]	0.1291 (0.1291)	0.1224 (0.1224)	0.121 (0.121)	96.88 (96.88)
[100/469]	0.0262 (0.0122)	0.0229 (0.0088)	0.129 (0.156)	98.44 (96.70)
[200/469]	0.0030 (0.0116)	0.0002 (0.0083)	0.144 (0.153)	96.09 (96.81)
[300/469]	0.0193 (0.0113)	0.0160 (0.0081)	0.152 (0.154)	96.88 (96.79)
[400/469]	0.0078 (0.0111)	0.0049 (0.0079)	0.171 (0.153)	95.31 (96.82)
[468/469]	0.0116 (0.0110)	0.0087 (0.0079)	0.085 (0.153)	100.00 (96.86)
 * Train Acc 96.857
 * Val Acc 96.890, Total time 0.94
Computing MAS
validation split name: 1
 * Val Acc 92.580, Total time 0.70
validation split name: 2
 * Val Acc 96.110, Total time 0.96
validation split name: 3
 * Val Acc 96.570, Total time 0.97
validation split name: 4
 * Val Acc 96.890, Total time 0.93
====================== 5 =======================
#reg_term: 1
Epoch:0
LR: 0.0001
Itr		Time		  Data		  Loss		Acc
[0/469]	0.1254 (0.1254)	0.1191 (0.1191)	4.524 (4.524)	11.72 (11.72)
[100/469]	0.0056 (0.0115)	0.0027 (0.0085)	0.171 (0.496)	95.31 (85.98)
[200/469]	0.0034 (0.0110)	0.0006 (0.0080)	0.181 (0.371)	95.31 (89.94)
[300/469]	0.0205 (0.0108)	0.0171 (0.0079)	0.202 (0.318)	96.09 (91.66)
[400/469]	0.0091 (0.0107)	0.0062 (0.0078)	0.094 (0.290)	99.22 (92.57)
[468/469]	0.0143 (0.0107)	0.0115 (0.0078)	0.204 (0.276)	94.79 (93.00)
 * Train Acc 93.000
 * Val Acc 96.030, Total time 0.95
Epoch:1
LR: 0.0001
Itr		Time		  Data		  Loss		Acc
[0/469]	0.1252 (0.1252)	0.1183 (0.1183)	0.210 (0.210)	96.09 (96.09)
[100/469]	0.0029 (0.0118)	0.0001 (0.0087)	0.273 (0.171)	96.09 (96.54)
[200/469]	0.0031 (0.0111)	0.0002 (0.0081)	0.147 (0.167)	96.09 (96.64)
[300/469]	0.0259 (0.0110)	0.0226 (0.0080)	0.203 (0.163)	97.66 (96.72)
[400/469]	0.0030 (0.0108)	0.0001 (0.0078)	0.130 (0.163)	99.22 (96.79)
[468/469]	0.0174 (0.0108)	0.0146 (0.0078)	0.151 (0.162)	96.88 (96.82)
 * Train Acc 96.817
 * Val Acc 96.910, Total time 0.93
Computing MAS
validation split name: 1
 * Val Acc 92.350, Total time 0.70
validation split name: 2
 * Val Acc 95.740, Total time 0.94
validation split name: 3
 * Val Acc 96.980, Total time 0.94
validation split name: 4
 * Val Acc 96.870, Total time 0.96
validation split name: 5
 * Val Acc 96.910, Total time 0.95
====================== 6 =======================
#reg_term: 1
Epoch:0
LR: 0.0001
Itr		Time		  Data		  Loss		Acc
[0/469]	0.1243 (0.1243)	0.1180 (0.1180)	5.276 (5.276)	14.06 (14.06)
[100/469]	0.0031 (0.0115)	0.0002 (0.0084)	0.217 (0.546)	95.31 (85.57)
[200/469]	0.0194 (0.0110)	0.0164 (0.0080)	0.190 (0.403)	95.31 (89.69)
[300/469]	0.0060 (0.0108)	0.0031 (0.0078)	0.192 (0.345)	96.09 (91.45)
[400/469]	0.0030 (0.0107)	0.0002 (0.0077)	0.230 (0.311)	94.53 (92.39)
[468/469]	0.0029 (0.0107)	0.0001 (0.0077)	0.201 (0.295)	93.75 (92.87)
 * Train Acc 92.873
 * Val Acc 95.660, Total time 0.96
Epoch:1
LR: 0.0001
Itr		Time		  Data		  Loss		Acc
[0/469]	0.1414 (0.1414)	0.1352 (0.1352)	0.123 (0.123)	98.44 (98.44)
[100/469]	0.0029 (0.0120)	0.0001 (0.0090)	0.169 (0.173)	97.66 (96.67)
[200/469]	0.0037 (0.0111)	0.0009 (0.0081)	0.213 (0.176)	95.31 (96.64)
[300/469]	0.0238 (0.0109)	0.0211 (0.0080)	0.201 (0.173)	95.31 (96.68)
[400/469]	0.0029 (0.0108)	0.0001 (0.0079)	0.225 (0.172)	94.53 (96.68)
[468/469]	0.0171 (0.0107)	0.0144 (0.0079)	0.151 (0.172)	95.83 (96.64)
 * Train Acc 96.645
 * Val Acc 96.460, Total time 0.95
Computing MAS
validation split name: 1
 * Val Acc 89.850, Total time 0.69
validation split name: 2
 * Val Acc 94.740, Total time 0.95
validation split name: 3
 * Val Acc 96.550, Total time 0.95
validation split name: 4
 * Val Acc 96.370, Total time 0.93
validation split name: 5
 * Val Acc 96.610, Total time 0.96
validation split name: 6
 * Val Acc 96.460, Total time 0.95
====================== 7 =======================
#reg_term: 1
Epoch:0
LR: 0.0001
Itr		Time		  Data		  Loss		Acc
[0/469]	0.1297 (0.1297)	0.1229 (0.1229)	4.791 (4.791)	13.28 (13.28)
[100/469]	0.0032 (0.0116)	0.0004 (0.0086)	0.273 (0.542)	93.75 (85.88)
[200/469]	0.0104 (0.0111)	0.0075 (0.0081)	0.213 (0.404)	96.09 (89.75)
[300/469]	0.0159 (0.0109)	0.0129 (0.0079)	0.219 (0.346)	94.53 (91.40)
[400/469]	0.0030 (0.0108)	0.0002 (0.0078)	0.262 (0.313)	92.97 (92.33)
[468/469]	0.0033 (0.0108)	0.0006 (0.0078)	0.249 (0.297)	95.83 (92.87)
 * Train Acc 92.867
 * Val Acc 95.960, Total time 0.94
Epoch:1
LR: 0.0001
Itr		Time		  Data		  Loss		Acc
[0/469]	0.1387 (0.1387)	0.1330 (0.1330)	0.148 (0.148)	98.44 (98.44)
[100/469]	0.0039 (0.0118)	0.0010 (0.0088)	0.312 (0.175)	92.19 (96.66)
[200/469]	0.0029 (0.0111)	0.0001 (0.0082)	0.222 (0.174)	97.66 (96.67)
[300/469]	0.0240 (0.0109)	0.0211 (0.0080)	0.192 (0.177)	96.88 (96.61)
[400/469]	0.0030 (0.0108)	0.0001 (0.0079)	0.160 (0.176)	97.66 (96.63)
[468/469]	0.0175 (0.0107)	0.0146 (0.0079)	0.156 (0.175)	96.88 (96.66)
 * Train Acc 96.663
 * Val Acc 96.670, Total time 0.94
Computing MAS
validation split name: 1
 * Val Acc 86.780, Total time 0.70
validation split name: 2
 * Val Acc 92.850, Total time 0.96
validation split name: 3
 * Val Acc 95.930, Total time 0.93
validation split name: 4
 * Val Acc 95.810, Total time 0.96
validation split name: 5
 * Val Acc 95.750, Total time 0.94
validation split name: 6
 * Val Acc 96.050, Total time 0.95
validation split name: 7
 * Val Acc 96.670, Total time 0.96
====================== 8 =======================
#reg_term: 1
Epoch:0
LR: 0.0001
Itr		Time		  Data		  Loss		Acc
[0/469]	0.1251 (0.1251)	0.1186 (0.1186)	5.032 (5.032)	4.69 (4.69)
[100/469]	0.0043 (0.0115)	0.0009 (0.0084)	0.254 (0.578)	92.97 (84.85)
[200/469]	0.0150 (0.0110)	0.0122 (0.0080)	0.212 (0.419)	95.31 (89.36)
[300/469]	0.0115 (0.0108)	0.0086 (0.0079)	0.154 (0.356)	96.88 (91.27)
[400/469]	0.0042 (0.0107)	0.0014 (0.0078)	0.139 (0.320)	98.44 (92.30)
[468/469]	0.0029 (0.0107)	0.0002 (0.0077)	0.197 (0.303)	94.79 (92.80)
 * Train Acc 92.803
 * Val Acc 96.020, Total time 0.94
Epoch:1
LR: 0.0001
Itr		Time		  Data		  Loss		Acc
[0/469]	0.1224 (0.1224)	0.1156 (0.1156)	0.156 (0.156)	97.66 (97.66)
[100/469]	0.0030 (0.0115)	0.0001 (0.0082)	0.169 (0.176)	98.44 (96.73)
[200/469]	0.0245 (0.0111)	0.0216 (0.0080)	0.145 (0.178)	97.66 (96.73)
[300/469]	0.0032 (0.0108)	0.0004 (0.0078)	0.137 (0.179)	97.66 (96.66)
[400/469]	0.0036 (0.0107)	0.0001 (0.0077)	0.169 (0.179)	97.66 (96.63)
[468/469]	0.0029 (0.0107)	0.0001 (0.0077)	0.209 (0.178)	95.83 (96.68)
 * Train Acc 96.678
 * Val Acc 96.530, Total time 0.94
Computing MAS
validation split name: 1
 * Val Acc 89.100, Total time 0.71
validation split name: 2
 * Val Acc 91.360, Total time 0.94
validation split name: 3
 * Val Acc 95.930, Total time 0.95
validation split name: 4
 * Val Acc 95.240, Total time 0.93
validation split name: 5
 * Val Acc 95.790, Total time 0.96
validation split name: 6
 * Val Acc 95.920, Total time 0.94
validation split name: 7
 * Val Acc 96.180, Total time 0.94
validation split name: 8
 * Val Acc 96.530, Total time 0.94
====================== 9 =======================
#reg_term: 1
Epoch:0
LR: 0.0001
Itr		Time		  Data		  Loss		Acc
[0/469]	0.1404 (0.1404)	0.1339 (0.1339)	4.764 (4.764)	16.41 (16.41)
[100/469]	0.0144 (0.0119)	0.0116 (0.0087)	0.249 (0.558)	93.75 (86.05)
[200/469]	0.0041 (0.0111)	0.0009 (0.0081)	0.249 (0.416)	94.53 (89.91)
[300/469]	0.0030 (0.0109)	0.0002 (0.0079)	0.204 (0.358)	96.09 (91.57)
[400/469]	0.0251 (0.0108)	0.0218 (0.0078)	0.216 (0.325)	94.53 (92.50)
[468/469]	0.0029 (0.0107)	0.0001 (0.0078)	0.210 (0.309)	95.83 (92.92)
 * Train Acc 92.925
 * Val Acc 96.150, Total time 0.93
Epoch:1
LR: 0.0001
Itr		Time		  Data		  Loss		Acc
[0/469]	0.1197 (0.1197)	0.1131 (0.1131)	0.141 (0.141)	98.44 (98.44)
[100/469]	0.0116 (0.0116)	0.0087 (0.0086)	0.127 (0.188)	98.44 (96.62)
[200/469]	0.0035 (0.0110)	0.0001 (0.0081)	0.201 (0.187)	96.09 (96.55)
[300/469]	0.0140 (0.0109)	0.0111 (0.0079)	0.147 (0.189)	99.22 (96.60)
[400/469]	0.0116 (0.0108)	0.0088 (0.0078)	0.194 (0.191)	96.88 (96.53)
[468/469]	0.0155 (0.0107)	0.0127 (0.0078)	0.123 (0.190)	98.96 (96.56)
 * Train Acc 96.565
 * Val Acc 96.400, Total time 0.94
Computing MAS
validation split name: 1
 * Val Acc 85.880, Total time 0.70
validation split name: 2
 * Val Acc 89.520, Total time 0.95
validation split name: 3
 * Val Acc 94.970, Total time 0.95
validation split name: 4
 * Val Acc 94.310, Total time 0.94
validation split name: 5
 * Val Acc 94.200, Total time 0.96
validation split name: 6
 * Val Acc 95.640, Total time 0.94
validation split name: 7
 * Val Acc 96.110, Total time 0.96
validation split name: 8
 * Val Acc 96.010, Total time 0.93
validation split name: 9
 * Val Acc 96.400, Total time 0.95
====================== 10 =======================
#reg_term: 1
Epoch:0
LR: 0.0001
Itr		Time		  Data		  Loss		Acc
[0/469]	0.1256 (0.1256)	0.1189 (0.1189)	5.254 (5.254)	13.28 (13.28)
[100/469]	0.0029 (0.0120)	0.0001 (0.0088)	0.263 (0.563)	95.31 (85.74)
[200/469]	0.0029 (0.0112)	0.0001 (0.0082)	0.239 (0.417)	93.75 (89.91)
[300/469]	0.0265 (0.0112)	0.0233 (0.0080)	0.239 (0.357)	95.31 (91.60)
[400/469]	0.0029 (0.0110)	0.0001 (0.0079)	0.195 (0.325)	96.09 (92.59)
[468/469]	0.0171 (0.0109)	0.0144 (0.0079)	0.223 (0.310)	95.83 (93.01)
 * Train Acc 93.012
 * Val Acc 95.990, Total time 0.95
Epoch:1
LR: 0.0001
Itr		Time		  Data		  Loss		Acc
[0/469]	0.1258 (0.1258)	0.1196 (0.1196)	0.220 (0.220)	93.75 (93.75)
[100/469]	0.0042 (0.0114)	0.0015 (0.0087)	0.182 (0.186)	96.88 (96.67)
[200/469]	0.0030 (0.0109)	0.0002 (0.0081)	0.166 (0.189)	96.88 (96.67)
[300/469]	0.0177 (0.0108)	0.0150 (0.0080)	0.181 (0.191)	96.88 (96.58)
[400/469]	0.0158 (0.0107)	0.0129 (0.0079)	0.189 (0.190)	95.31 (96.59)
[468/469]	0.0034 (0.0106)	0.0006 (0.0078)	0.154 (0.193)	97.92 (96.53)
 * Train Acc 96.530
 * Val Acc 96.520, Total time 0.95
Computing MAS
validation split name: 1
 * Val Acc 85.280, Total time 0.70
validation split name: 2
 * Val Acc 89.510, Total time 0.93
validation split name: 3
 * Val Acc 94.970, Total time 0.93
validation split name: 4
 * Val Acc 93.450, Total time 0.95
validation split name: 5
 * Val Acc 93.590, Total time 0.96
validation split name: 6
 * Val Acc 95.750, Total time 0.95
validation split name: 7
 * Val Acc 96.010, Total time 0.94
validation split name: 8
 * Val Acc 95.740, Total time 0.96
validation split name: 9
 * Val Acc 95.890, Total time 0.96
validation split name: 10
 * Val Acc 96.520, Total time 0.95
OrderedDict([('1', OrderedDict([('1', 96.27), ('2', 94.78), ('3', 93.47), ('4', 92.58), ('5', 92.35), ('6', 89.85), ('7', 86.78), ('8', 89.1), ('9', 85.88), ('10', 85.28)])), ('2', OrderedDict([('2', 96.98), ('3', 96.52), ('4', 96.11), ('5', 95.74), ('6', 94.74), ('7', 92.85), ('8', 91.36), ('9', 89.52), ('10', 89.51)])), ('3', OrderedDict([('3', 97.08), ('4', 96.57), ('5', 96.98), ('6', 96.55), ('7', 95.93), ('8', 95.93), ('9', 94.97), ('10', 94.97)])), ('4', OrderedDict([('4', 96.89), ('5', 96.87), ('6', 96.37), ('7', 95.81), ('8', 95.24), ('9', 94.31), ('10', 93.45)])), ('5', OrderedDict([('5', 96.91), ('6', 96.61), ('7', 95.75), ('8', 95.79), ('9', 94.2), ('10', 93.59)])), ('6', OrderedDict([('6', 96.46), ('7', 96.05), ('8', 95.92), ('9', 95.64), ('10', 95.75)])), ('7', OrderedDict([('7', 96.67), ('8', 96.18), ('9', 96.11), ('10', 96.01)])), ('8', OrderedDict([('8', 96.53), ('9', 96.01), ('10', 95.74)])), ('9', OrderedDict([('9', 96.4), ('10', 95.89)])), ('10', OrderedDict([('10', 96.52)]))])
Task 1 average acc: 96.27
Task 2 average acc: 95.88
Task 3 average acc: 95.69
Task 4 average acc: 95.5375
Task 5 average acc: 95.77000000000001
Task 6 average acc: 95.09666666666668
Task 7 average acc: 94.26285714285713
Task 8 average acc: 94.50625
Task 9 average acc: 93.6711111111111
Task 10 average acc: 93.67099999999999
===Summary of experiment repeats: 3 / 5 ===
The regularization coefficient: 0.1
The last avg acc of all repeats: [92.08  93.577 93.671  0.     0.   ]
mean: 55.86559999999999 std: 45.617565154663836
MLP(
  (linear): Sequential(
    (0): Linear(in_features=1024, out_features=1000, bias=True)
    (1): ReLU(inplace=True)
    (2): Linear(in_features=1000, out_features=1000, bias=True)
    (3): ReLU(inplace=True)
  )
  (last): ModuleDict(
    (All): Linear(in_features=1000, out_features=10, bias=True)
  )
)
#parameter of model: 2036010
Task order: ['1', '2', '3', '4', '5', '6', '7', '8', '9', '10']
====================== 1 =======================
#reg_term: 0
Epoch:0
LR: 0.0001
Itr		Time		  Data		  Loss		Acc
[0/469]	0.1170 (0.1170)	0.1117 (0.1117)	2.317 (2.317)	11.72 (11.72)
[100/469]	0.0022 (0.0083)	0.0001 (0.0063)	0.370 (0.815)	91.41 (80.94)
[200/469]	0.0021 (0.0078)	0.0001 (0.0058)	0.214 (0.572)	94.53 (85.63)
[300/469]	0.0177 (0.0077)	0.0156 (0.0057)	0.278 (0.469)	92.97 (87.86)
[400/469]	0.0020 (0.0076)	0.0001 (0.0056)	0.226 (0.408)	93.75 (89.28)
[468/469]	0.0129 (0.0075)	0.0108 (0.0055)	0.102 (0.380)	97.92 (89.97)
 * Train Acc 89.965
 * Val Acc 94.690, Total time 0.69
Epoch:1
LR: 0.0001
Itr		Time		  Data		  Loss		Acc
[0/469]	0.1137 (0.1137)	0.1068 (0.1068)	0.158 (0.158)	95.31 (95.31)
[100/469]	0.0179 (0.0085)	0.0159 (0.0064)	0.090 (0.185)	98.44 (94.58)
[200/469]	0.0020 (0.0079)	0.0002 (0.0059)	0.100 (0.169)	97.66 (95.01)
[300/469]	0.0098 (0.0077)	0.0074 (0.0057)	0.143 (0.160)	96.09 (95.28)
[400/469]	0.0018 (0.0076)	0.0001 (0.0057)	0.174 (0.155)	96.88 (95.45)
[468/469]	0.0133 (0.0076)	0.0115 (0.0057)	0.152 (0.154)	95.83 (95.48)
 * Train Acc 95.483
 * Val Acc 96.490, Total time 0.69
Computing MAS
validation split name: 1
 * Val Acc 96.490, Total time 0.70
====================== 2 =======================
#reg_term: 1
Epoch:0
LR: 0.0001
Itr		Time		  Data		  Loss		Acc
[0/469]	0.1250 (0.1250)	0.1166 (0.1166)	2.717 (2.717)	17.97 (17.97)
[100/469]	0.0081 (0.0117)	0.0053 (0.0088)	0.394 (0.478)	88.28 (85.31)
[200/469]	0.0028 (0.0111)	0.0001 (0.0082)	0.227 (0.357)	94.53 (89.35)
[300/469]	0.0191 (0.0110)	0.0162 (0.0081)	0.148 (0.304)	96.88 (91.05)
[400/469]	0.0080 (0.0108)	0.0053 (0.0080)	0.146 (0.274)	96.09 (92.08)
[468/469]	0.0125 (0.0108)	0.0096 (0.0080)	0.118 (0.258)	98.96 (92.61)
 * Train Acc 92.615
 * Val Acc 95.510, Total time 0.93
Epoch:1
LR: 0.0001
Itr		Time		  Data		  Loss		Acc
[0/469]	0.1267 (0.1267)	0.1195 (0.1195)	0.105 (0.105)	96.88 (96.88)
[100/469]	0.0179 (0.0117)	0.0150 (0.0086)	0.113 (0.141)	96.88 (96.37)
[200/469]	0.0029 (0.0111)	0.0001 (0.0080)	0.123 (0.140)	96.88 (96.47)
[300/469]	0.0036 (0.0108)	0.0008 (0.0078)	0.080 (0.140)	98.44 (96.56)
[400/469]	0.0243 (0.0108)	0.0212 (0.0078)	0.086 (0.136)	99.22 (96.72)
[468/469]	0.0036 (0.0107)	0.0007 (0.0077)	0.197 (0.135)	95.83 (96.74)
 * Train Acc 96.743
 * Val Acc 96.790, Total time 0.94
Computing MAS
validation split name: 1
 * Val Acc 95.810, Total time 0.69
validation split name: 2
 * Val Acc 96.790, Total time 0.95
====================== 3 =======================
#reg_term: 1
Epoch:0
LR: 0.0001
Itr		Time		  Data		  Loss		Acc
[0/469]	0.1301 (0.1301)	0.1232 (0.1232)	3.582 (3.582)	11.72 (11.72)
[100/469]	0.0057 (0.0116)	0.0028 (0.0085)	0.271 (0.491)	95.31 (85.28)
[200/469]	0.0032 (0.0110)	0.0004 (0.0080)	0.236 (0.363)	92.97 (89.48)
[300/469]	0.0206 (0.0109)	0.0177 (0.0079)	0.210 (0.311)	92.19 (91.21)
[400/469]	0.0064 (0.0108)	0.0035 (0.0078)	0.180 (0.279)	95.31 (92.28)
[468/469]	0.0168 (0.0108)	0.0140 (0.0078)	0.127 (0.264)	97.92 (92.78)
 * Train Acc 92.775
 * Val Acc 96.170, Total time 0.95
Epoch:1
LR: 0.0001
Itr		Time		  Data		  Loss		Acc
[0/469]	0.1293 (0.1293)	0.1232 (0.1232)	0.143 (0.143)	96.09 (96.09)
[100/469]	0.0032 (0.0116)	0.0004 (0.0087)	0.209 (0.149)	96.09 (96.60)
[200/469]	0.0029 (0.0109)	0.0001 (0.0081)	0.182 (0.148)	94.53 (96.69)
[300/469]	0.0252 (0.0108)	0.0222 (0.0080)	0.132 (0.145)	96.09 (96.78)
[400/469]	0.0037 (0.0108)	0.0009 (0.0079)	0.197 (0.145)	93.75 (96.79)
[468/469]	0.0177 (0.0107)	0.0149 (0.0078)	0.094 (0.144)	98.96 (96.86)
 * Train Acc 96.855
 * Val Acc 97.010, Total time 0.94
Computing MAS
validation split name: 1
 * Val Acc 94.190, Total time 0.76
validation split name: 2
 * Val Acc 96.350, Total time 0.97
validation split name: 3
 * Val Acc 97.010, Total time 0.94
====================== 4 =======================
#reg_term: 1
Epoch:0
LR: 0.0001
Itr		Time		  Data		  Loss		Acc
[0/469]	0.1232 (0.1232)	0.1167 (0.1167)	3.763 (3.763)	9.38 (9.38)
[100/469]	0.0261 (0.0119)	0.0228 (0.0088)	0.349 (0.505)	93.75 (85.24)
[200/469]	0.0030 (0.0112)	0.0002 (0.0082)	0.229 (0.366)	93.75 (89.80)
[300/469]	0.0029 (0.0109)	0.0001 (0.0080)	0.180 (0.315)	95.31 (91.48)
[400/469]	0.0276 (0.0110)	0.0234 (0.0080)	0.148 (0.284)	95.31 (92.47)
[468/469]	0.0028 (0.0109)	0.0001 (0.0079)	0.244 (0.269)	92.71 (92.93)
 * Train Acc 92.930
 * Val Acc 96.260, Total time 0.96
Epoch:1
LR: 0.0001
Itr		Time		  Data		  Loss		Acc
[0/469]	0.1229 (0.1229)	0.1167 (0.1167)	0.197 (0.197)	96.09 (96.09)
[100/469]	0.0032 (0.0117)	0.0001 (0.0087)	0.127 (0.156)	98.44 (96.68)
[200/469]	0.0030 (0.0112)	0.0002 (0.0082)	0.188 (0.156)	95.31 (96.73)
[300/469]	0.0260 (0.0111)	0.0233 (0.0081)	0.094 (0.151)	98.44 (96.92)
[400/469]	0.0028 (0.0109)	0.0001 (0.0080)	0.113 (0.151)	99.22 (96.93)
[468/469]	0.0180 (0.0109)	0.0153 (0.0080)	0.142 (0.150)	95.83 (96.97)
 * Train Acc 96.965
 * Val Acc 96.800, Total time 0.94
Computing MAS
validation split name: 1
 * Val Acc 92.960, Total time 0.72
validation split name: 2
 * Val Acc 95.960, Total time 0.98
validation split name: 3
 * Val Acc 96.440, Total time 0.96
validation split name: 4
 * Val Acc 96.800, Total time 0.93
====================== 5 =======================
#reg_term: 1
Epoch:0
LR: 0.0001
Itr		Time		  Data		  Loss		Acc
[0/469]	0.1242 (0.1242)	0.1177 (0.1177)	4.022 (4.022)	10.16 (10.16)
[100/469]	0.0041 (0.0116)	0.0013 (0.0085)	0.324 (0.524)	89.06 (85.01)
[200/469]	0.0033 (0.0110)	0.0001 (0.0081)	0.248 (0.381)	94.53 (89.62)
[300/469]	0.0096 (0.0109)	0.0068 (0.0079)	0.216 (0.326)	94.53 (91.40)
[400/469]	0.0113 (0.0108)	0.0085 (0.0078)	0.170 (0.295)	96.09 (92.38)
[468/469]	0.0173 (0.0107)	0.0145 (0.0078)	0.193 (0.280)	93.75 (92.88)
 * Train Acc 92.882
 * Val Acc 96.220, Total time 0.95
Epoch:1
LR: 0.0001
Itr		Time		  Data		  Loss		Acc
[0/469]	0.1385 (0.1385)	0.1321 (0.1321)	0.132 (0.132)	97.66 (97.66)
[100/469]	0.0149 (0.0123)	0.0121 (0.0089)	0.120 (0.168)	97.66 (96.57)
[200/469]	0.0029 (0.0115)	0.0001 (0.0083)	0.208 (0.170)	94.53 (96.55)
[300/469]	0.0030 (0.0112)	0.0002 (0.0080)	0.155 (0.166)	97.66 (96.68)
[400/469]	0.0252 (0.0111)	0.0223 (0.0080)	0.136 (0.164)	96.88 (96.73)
[468/469]	0.0028 (0.0109)	0.0001 (0.0079)	0.134 (0.162)	97.92 (96.81)
 * Train Acc 96.808
 * Val Acc 96.910, Total time 0.95
Computing MAS
validation split name: 1
 * Val Acc 91.590, Total time 0.69
validation split name: 2
 * Val Acc 95.130, Total time 0.95
validation split name: 3
 * Val Acc 96.520, Total time 0.95
validation split name: 4
 * Val Acc 96.500, Total time 0.97
validation split name: 5
 * Val Acc 96.910, Total time 0.95
====================== 6 =======================
#reg_term: 1
Epoch:0
LR: 0.0001
Itr		Time		  Data		  Loss		Acc
[0/469]	0.1284 (0.1284)	0.1221 (0.1221)	4.412 (4.412)	14.84 (14.84)
[100/469]	0.0245 (0.0120)	0.0218 (0.0090)	0.212 (0.532)	96.88 (85.49)
[200/469]	0.0028 (0.0112)	0.0001 (0.0083)	0.152 (0.390)	96.09 (89.71)
[300/469]	0.0072 (0.0109)	0.0044 (0.0081)	0.246 (0.337)	94.53 (91.36)
[400/469]	0.0192 (0.0109)	0.0165 (0.0080)	0.134 (0.303)	98.44 (92.45)
[468/469]	0.0038 (0.0108)	0.0010 (0.0080)	0.134 (0.288)	97.92 (92.89)
 * Train Acc 92.890
 * Val Acc 96.290, Total time 0.95
Epoch:1
LR: 0.0001
Itr		Time		  Data		  Loss		Acc
[0/469]	0.1232 (0.1232)	0.1169 (0.1169)	0.186 (0.186)	96.09 (96.09)
[100/469]	0.0033 (0.0115)	0.0001 (0.0084)	0.228 (0.169)	96.09 (96.68)
[200/469]	0.0030 (0.0109)	0.0001 (0.0080)	0.182 (0.171)	94.53 (96.63)
[300/469]	0.0250 (0.0108)	0.0219 (0.0079)	0.192 (0.170)	94.53 (96.73)
[400/469]	0.0047 (0.0107)	0.0016 (0.0077)	0.170 (0.169)	96.88 (96.76)
[468/469]	0.0164 (0.0106)	0.0136 (0.0077)	0.166 (0.167)	96.88 (96.79)
 * Train Acc 96.788
 * Val Acc 96.830, Total time 0.95
Computing MAS
validation split name: 1
 * Val Acc 90.860, Total time 0.71
validation split name: 2
 * Val Acc 93.960, Total time 0.95
validation split name: 3
 * Val Acc 96.380, Total time 0.97
validation split name: 4
 * Val Acc 96.280, Total time 0.95
validation split name: 5
 * Val Acc 96.330, Total time 0.94
validation split name: 6
 * Val Acc 96.830, Total time 0.94
====================== 7 =======================
#reg_term: 1
Epoch:0
LR: 0.0001
Itr		Time		  Data		  Loss		Acc
[0/469]	0.1240 (0.1240)	0.1175 (0.1175)	4.935 (4.935)	16.41 (16.41)
[100/469]	0.0047 (0.0115)	0.0015 (0.0085)	0.205 (0.552)	95.31 (85.78)
[200/469]	0.0038 (0.0110)	0.0009 (0.0080)	0.298 (0.413)	93.75 (89.57)
[300/469]	0.0252 (0.0108)	0.0222 (0.0079)	0.249 (0.348)	93.75 (91.45)
[400/469]	0.0030 (0.0107)	0.0001 (0.0078)	0.245 (0.312)	92.97 (92.47)
[468/469]	0.0184 (0.0107)	0.0154 (0.0077)	0.197 (0.297)	93.75 (92.95)
 * Train Acc 92.955
 * Val Acc 95.920, Total time 0.96
Epoch:1
LR: 0.0001
Itr		Time		  Data		  Loss		Acc
[0/469]	0.1272 (0.1272)	0.1210 (0.1210)	0.199 (0.199)	96.09 (96.09)
[100/469]	0.0045 (0.0115)	0.0016 (0.0085)	0.206 (0.179)	92.97 (96.59)
[200/469]	0.0037 (0.0109)	0.0009 (0.0079)	0.203 (0.177)	96.88 (96.59)
[300/469]	0.0228 (0.0108)	0.0200 (0.0078)	0.230 (0.174)	95.31 (96.65)
[400/469]	0.0099 (0.0107)	0.0070 (0.0077)	0.198 (0.174)	95.31 (96.66)
[468/469]	0.0178 (0.0108)	0.0150 (0.0077)	0.265 (0.175)	93.75 (96.62)
 * Train Acc 96.618
 * Val Acc 95.670, Total time 0.94
Computing MAS
validation split name: 1
 * Val Acc 87.940, Total time 0.72
validation split name: 2
 * Val Acc 93.550, Total time 0.96
validation split name: 3
 * Val Acc 96.170, Total time 0.95
validation split name: 4
 * Val Acc 96.120, Total time 0.96
validation split name: 5
 * Val Acc 95.860, Total time 0.94
validation split name: 6
 * Val Acc 96.380, Total time 0.94
validation split name: 7
 * Val Acc 95.670, Total time 0.94
====================== 8 =======================
#reg_term: 1
Epoch:0
LR: 0.0001
Itr		Time		  Data		  Loss		Acc
[0/469]	0.1239 (0.1239)	0.1172 (0.1172)	5.473 (5.473)	6.25 (6.25)
[100/469]	0.0167 (0.0117)	0.0135 (0.0087)	0.393 (0.573)	89.84 (85.30)
[200/469]	0.0033 (0.0111)	0.0004 (0.0081)	0.323 (0.423)	92.19 (89.41)
[300/469]	0.0100 (0.0109)	0.0070 (0.0079)	0.285 (0.361)	93.75 (91.22)
[400/469]	0.0245 (0.0109)	0.0217 (0.0079)	0.177 (0.327)	95.31 (92.24)
[468/469]	0.0028 (0.0108)	0.0001 (0.0078)	0.204 (0.309)	94.79 (92.78)
 * Train Acc 92.775
 * Val Acc 96.110, Total time 0.95
Epoch:1
LR: 0.0001
Itr		Time		  Data		  Loss		Acc
[0/469]	0.1232 (0.1232)	0.1168 (0.1168)	0.178 (0.178)	96.88 (96.88)
[100/469]	0.0030 (0.0116)	0.0002 (0.0086)	0.195 (0.187)	96.09 (96.64)
[200/469]	0.0029 (0.0111)	0.0001 (0.0081)	0.198 (0.184)	94.53 (96.64)
[300/469]	0.0268 (0.0110)	0.0234 (0.0081)	0.203 (0.184)	96.09 (96.72)
[400/469]	0.0029 (0.0109)	0.0001 (0.0080)	0.125 (0.183)	98.44 (96.71)
[468/469]	0.0180 (0.0108)	0.0152 (0.0079)	0.114 (0.183)	100.00 (96.70)
 * Train Acc 96.698
 * Val Acc 95.920, Total time 0.95
Computing MAS
validation split name: 1
 * Val Acc 85.550, Total time 0.70
validation split name: 2
 * Val Acc 93.490, Total time 0.95
validation split name: 3
 * Val Acc 95.670, Total time 1.00
validation split name: 4
 * Val Acc 94.170, Total time 0.96
validation split name: 5
 * Val Acc 95.590, Total time 0.93
validation split name: 6
 * Val Acc 96.310, Total time 0.96
validation split name: 7
 * Val Acc 94.560, Total time 0.93
validation split name: 8
 * Val Acc 95.920, Total time 0.95
====================== 9 =======================
#reg_term: 1
Epoch:0
LR: 0.0001
Itr		Time		  Data		  Loss		Acc
[0/469]	0.1244 (0.1244)	0.1180 (0.1180)	5.056 (5.056)	13.28 (13.28)
[100/469]	0.0030 (0.0117)	0.0002 (0.0086)	0.243 (0.566)	93.75 (85.58)
[200/469]	0.0030 (0.0111)	0.0002 (0.0081)	0.312 (0.420)	93.75 (89.70)
[300/469]	0.0181 (0.0110)	0.0146 (0.0080)	0.218 (0.357)	97.66 (91.47)
[400/469]	0.0040 (0.0109)	0.0011 (0.0079)	0.202 (0.325)	96.09 (92.41)
[468/469]	0.0173 (0.0108)	0.0145 (0.0079)	0.171 (0.307)	97.92 (92.94)
 * Train Acc 92.937
 * Val Acc 95.980, Total time 0.96
Epoch:1
LR: 0.0001
Itr		Time		  Data		  Loss		Acc
[0/469]	0.1357 (0.1357)	0.1299 (0.1299)	0.250 (0.250)	94.53 (94.53)
[100/469]	0.0038 (0.0119)	0.0009 (0.0087)	0.144 (0.190)	96.88 (96.63)
[200/469]	0.0031 (0.0112)	0.0001 (0.0081)	0.135 (0.189)	99.22 (96.53)
[300/469]	0.0046 (0.0109)	0.0017 (0.0079)	0.193 (0.187)	97.66 (96.57)
[400/469]	0.0222 (0.0108)	0.0187 (0.0078)	0.175 (0.187)	96.88 (96.58)
[468/469]	0.0035 (0.0108)	0.0006 (0.0077)	0.159 (0.188)	96.88 (96.56)
 * Train Acc 96.558
 * Val Acc 96.370, Total time 0.95
Computing MAS
validation split name: 1
 * Val Acc 82.000, Total time 0.70
validation split name: 2
 * Val Acc 89.880, Total time 0.95
validation split name: 3
 * Val Acc 94.800, Total time 0.95
validation split name: 4
 * Val Acc 93.880, Total time 0.96
validation split name: 5
 * Val Acc 93.770, Total time 0.97
validation split name: 6
 * Val Acc 95.220, Total time 0.94
validation split name: 7
 * Val Acc 94.350, Total time 0.94
validation split name: 8
 * Val Acc 95.630, Total time 0.95
validation split name: 9
 * Val Acc 96.370, Total time 0.97
====================== 10 =======================
#reg_term: 1
Epoch:0
LR: 0.0001
Itr		Time		  Data		  Loss		Acc
[0/469]	0.1248 (0.1248)	0.1188 (0.1188)	5.704 (5.704)	11.72 (11.72)
[100/469]	0.0031 (0.0118)	0.0002 (0.0088)	0.249 (0.615)	94.53 (85.19)
[200/469]	0.0029 (0.0111)	0.0001 (0.0082)	0.340 (0.453)	93.75 (89.22)
[300/469]	0.0249 (0.0109)	0.0218 (0.0080)	0.205 (0.387)	96.88 (91.02)
[400/469]	0.0030 (0.0108)	0.0002 (0.0078)	0.242 (0.349)	94.53 (92.04)
[468/469]	0.0172 (0.0107)	0.0144 (0.0078)	0.152 (0.329)	97.92 (92.61)
 * Train Acc 92.615
 * Val Acc 95.980, Total time 0.93
Epoch:1
LR: 0.0001
Itr		Time		  Data		  Loss		Acc
[0/469]	0.1278 (0.1278)	0.1214 (0.1214)	0.194 (0.194)	95.31 (95.31)
[100/469]	0.0030 (0.0115)	0.0001 (0.0085)	0.168 (0.200)	96.09 (96.36)
[200/469]	0.0030 (0.0109)	0.0001 (0.0080)	0.302 (0.198)	95.31 (96.34)
[300/469]	0.0228 (0.0108)	0.0199 (0.0078)	0.177 (0.197)	96.09 (96.36)
[400/469]	0.0029 (0.0107)	0.0001 (0.0077)	0.178 (0.197)	96.88 (96.37)
[468/469]	0.0175 (0.0106)	0.0147 (0.0077)	0.159 (0.196)	95.83 (96.39)
 * Train Acc 96.392
 * Val Acc 96.290, Total time 0.94
Computing MAS
validation split name: 1
 * Val Acc 80.650, Total time 0.70
validation split name: 2
 * Val Acc 88.580, Total time 0.98
validation split name: 3
 * Val Acc 94.110, Total time 0.94
validation split name: 4
 * Val Acc 93.530, Total time 0.97
validation split name: 5
 * Val Acc 93.310, Total time 0.95
validation split name: 6
 * Val Acc 95.570, Total time 0.93
validation split name: 7
 * Val Acc 92.410, Total time 0.98
validation split name: 8
 * Val Acc 94.670, Total time 0.94
validation split name: 9
 * Val Acc 95.920, Total time 0.96
validation split name: 10
 * Val Acc 96.290, Total time 0.94
OrderedDict([('1', OrderedDict([('1', 96.49), ('2', 95.81), ('3', 94.19), ('4', 92.96), ('5', 91.59), ('6', 90.86), ('7', 87.94), ('8', 85.55), ('9', 82.0), ('10', 80.65)])), ('2', OrderedDict([('2', 96.79), ('3', 96.35), ('4', 95.96), ('5', 95.13), ('6', 93.96), ('7', 93.55), ('8', 93.49), ('9', 89.88), ('10', 88.58)])), ('3', OrderedDict([('3', 97.01), ('4', 96.44), ('5', 96.52), ('6', 96.38), ('7', 96.17), ('8', 95.67), ('9', 94.8), ('10', 94.11)])), ('4', OrderedDict([('4', 96.8), ('5', 96.5), ('6', 96.28), ('7', 96.12), ('8', 94.17), ('9', 93.88), ('10', 93.53)])), ('5', OrderedDict([('5', 96.91), ('6', 96.33), ('7', 95.86), ('8', 95.59), ('9', 93.77), ('10', 93.31)])), ('6', OrderedDict([('6', 96.83), ('7', 96.38), ('8', 96.31), ('9', 95.22), ('10', 95.57)])), ('7', OrderedDict([('7', 95.67), ('8', 94.56), ('9', 94.35), ('10', 92.41)])), ('8', OrderedDict([('8', 95.92), ('9', 95.63), ('10', 94.67)])), ('9', OrderedDict([('9', 96.37), ('10', 95.92)])), ('10', OrderedDict([('10', 96.29)]))])
Task 1 average acc: 96.49
Task 2 average acc: 96.30000000000001
Task 3 average acc: 95.85000000000001
Task 4 average acc: 95.54
Task 5 average acc: 95.33
Task 6 average acc: 95.10666666666667
Task 7 average acc: 94.52714285714285
Task 8 average acc: 93.90749999999998
Task 9 average acc: 92.87777777777778
Task 10 average acc: 92.50399999999999
===Summary of experiment repeats: 4 / 5 ===
The regularization coefficient: 0.1
The last avg acc of all repeats: [92.08  93.577 93.671 92.504  0.   ]
mean: 74.3664 std: 37.18822486002794
MLP(
  (linear): Sequential(
    (0): Linear(in_features=1024, out_features=1000, bias=True)
    (1): ReLU(inplace=True)
    (2): Linear(in_features=1000, out_features=1000, bias=True)
    (3): ReLU(inplace=True)
  )
  (last): ModuleDict(
    (All): Linear(in_features=1000, out_features=10, bias=True)
  )
)
#parameter of model: 2036010
Task order: ['1', '2', '3', '4', '5', '6', '7', '8', '9', '10']
====================== 1 =======================
#reg_term: 0
Epoch:0
LR: 0.0001
Itr		Time		  Data		  Loss		Acc
[0/469]	0.1234 (0.1234)	0.1184 (0.1184)	2.319 (2.319)	4.69 (4.69)
[100/469]	0.0020 (0.0084)	0.0002 (0.0064)	0.413 (0.825)	85.94 (80.27)
[200/469]	0.0035 (0.0078)	0.0013 (0.0058)	0.288 (0.567)	89.84 (85.53)
[300/469]	0.0161 (0.0077)	0.0139 (0.0056)	0.331 (0.467)	91.41 (87.70)
[400/469]	0.0019 (0.0075)	0.0001 (0.0055)	0.210 (0.410)	92.19 (89.05)
[468/469]	0.0041 (0.0075)	0.0020 (0.0055)	0.189 (0.381)	93.75 (89.77)
 * Train Acc 89.767
 * Val Acc 94.440, Total time 0.69
Epoch:1
LR: 0.0001
Itr		Time		  Data		  Loss		Acc
[0/469]	0.1127 (0.1127)	0.1075 (0.1075)	0.255 (0.255)	93.75 (93.75)
[100/469]	0.0076 (0.0085)	0.0057 (0.0063)	0.139 (0.174)	94.53 (95.06)
[200/469]	0.0023 (0.0079)	0.0001 (0.0058)	0.109 (0.168)	97.66 (95.20)
[300/469]	0.0035 (0.0077)	0.0013 (0.0056)	0.107 (0.161)	97.66 (95.35)
[400/469]	0.0162 (0.0077)	0.0144 (0.0056)	0.074 (0.154)	99.22 (95.53)
[468/469]	0.0026 (0.0076)	0.0006 (0.0055)	0.133 (0.151)	96.88 (95.61)
 * Train Acc 95.605
 * Val Acc 96.600, Total time 0.69
Computing MAS
validation split name: 1
 * Val Acc 96.600, Total time 0.69
====================== 2 =======================
#reg_term: 1
Epoch:0
LR: 0.0001
Itr		Time		  Data		  Loss		Acc
[0/469]	0.1244 (0.1244)	0.1165 (0.1165)	2.776 (2.776)	11.72 (11.72)
[100/469]	0.0037 (0.0117)	0.0009 (0.0086)	0.258 (0.499)	91.41 (84.80)
[200/469]	0.0111 (0.0112)	0.0082 (0.0082)	0.269 (0.373)	96.09 (88.93)
[300/469]	0.0151 (0.0110)	0.0121 (0.0081)	0.223 (0.317)	94.53 (90.73)
[400/469]	0.0031 (0.0109)	0.0002 (0.0080)	0.125 (0.282)	98.44 (91.88)
[468/469]	0.0034 (0.0108)	0.0007 (0.0079)	0.227 (0.267)	92.71 (92.40)
 * Train Acc 92.402
 * Val Acc 96.070, Total time 0.97
Epoch:1
LR: 0.0001
Itr		Time		  Data		  Loss		Acc
[0/469]	0.1213 (0.1213)	0.1150 (0.1150)	0.171 (0.171)	96.09 (96.09)
[100/469]	0.0030 (0.0115)	0.0001 (0.0085)	0.203 (0.144)	94.53 (96.60)
[200/469]	0.0029 (0.0109)	0.0002 (0.0080)	0.226 (0.141)	94.53 (96.58)
[300/469]	0.0248 (0.0108)	0.0214 (0.0079)	0.150 (0.137)	96.88 (96.71)
[400/469]	0.0033 (0.0107)	0.0005 (0.0078)	0.111 (0.137)	97.66 (96.73)
[468/469]	0.0176 (0.0107)	0.0149 (0.0077)	0.153 (0.136)	96.88 (96.77)
 * Train Acc 96.768
 * Val Acc 96.740, Total time 0.95
Computing MAS
validation split name: 1
 * Val Acc 95.810, Total time 0.72
validation split name: 2
 * Val Acc 96.740, Total time 0.94
====================== 3 =======================
#reg_term: 1
Epoch:0
LR: 0.0001
Itr		Time		  Data		  Loss		Acc
[0/469]	0.1238 (0.1238)	0.1154 (0.1154)	3.820 (3.820)	15.62 (15.62)
[100/469]	0.0030 (0.0117)	0.0001 (0.0085)	0.447 (0.530)	89.06 (84.52)
[200/469]	0.0030 (0.0111)	0.0001 (0.0080)	0.201 (0.381)	95.31 (89.07)
[300/469]	0.0257 (0.0109)	0.0224 (0.0079)	0.139 (0.323)	97.66 (91.03)
[400/469]	0.0030 (0.0108)	0.0002 (0.0078)	0.225 (0.289)	92.19 (92.09)
[468/469]	0.0174 (0.0107)	0.0146 (0.0077)	0.139 (0.272)	97.92 (92.63)
 * Train Acc 92.633
 * Val Acc 96.150, Total time 0.95
Epoch:1
LR: 0.0001
Itr		Time		  Data		  Loss		Acc
[0/469]	0.1286 (0.1286)	0.1216 (0.1216)	0.095 (0.095)	98.44 (98.44)
[100/469]	0.0034 (0.0114)	0.0001 (0.0084)	0.110 (0.157)	98.44 (96.39)
[200/469]	0.0031 (0.0109)	0.0002 (0.0079)	0.158 (0.150)	97.66 (96.65)
[300/469]	0.0257 (0.0108)	0.0223 (0.0078)	0.094 (0.146)	98.44 (96.74)
[400/469]	0.0030 (0.0107)	0.0002 (0.0077)	0.147 (0.145)	96.88 (96.77)
[468/469]	0.0173 (0.0106)	0.0146 (0.0077)	0.171 (0.143)	96.88 (96.88)
 * Train Acc 96.882
 * Val Acc 97.000, Total time 0.97
Computing MAS
validation split name: 1
 * Val Acc 95.030, Total time 0.71
validation split name: 2
 * Val Acc 96.260, Total time 0.95
validation split name: 3
 * Val Acc 97.000, Total time 0.93
====================== 4 =======================
#reg_term: 1
Epoch:0
LR: 0.0001
Itr		Time		  Data		  Loss		Acc
[0/469]	0.1256 (0.1256)	0.1192 (0.1192)	4.503 (4.503)	7.03 (7.03)
[100/469]	0.0030 (0.0117)	0.0001 (0.0086)	0.227 (0.549)	94.53 (84.20)
[200/469]	0.0029 (0.0111)	0.0002 (0.0081)	0.248 (0.396)	92.97 (89.07)
[300/469]	0.0259 (0.0110)	0.0221 (0.0080)	0.239 (0.334)	91.41 (90.95)
[400/469]	0.0032 (0.0109)	0.0001 (0.0079)	0.130 (0.298)	96.88 (92.12)
[468/469]	0.0171 (0.0108)	0.0144 (0.0078)	0.233 (0.282)	93.75 (92.61)
 * Train Acc 92.610
 * Val Acc 96.400, Total time 1.02
Epoch:1
LR: 0.0001
Itr		Time		  Data		  Loss		Acc
[0/469]	0.1258 (0.1258)	0.1193 (0.1193)	0.155 (0.155)	96.09 (96.09)
[100/469]	0.0036 (0.0115)	0.0009 (0.0086)	0.100 (0.158)	97.66 (96.78)
[200/469]	0.0030 (0.0110)	0.0002 (0.0080)	0.145 (0.154)	96.09 (96.80)
[300/469]	0.0246 (0.0108)	0.0217 (0.0079)	0.100 (0.154)	99.22 (96.77)
[400/469]	0.0030 (0.0107)	0.0001 (0.0078)	0.127 (0.153)	97.66 (96.82)
[468/469]	0.0179 (0.0107)	0.0152 (0.0078)	0.140 (0.152)	93.75 (96.87)
 * Train Acc 96.870
 * Val Acc 97.010, Total time 0.94
Computing MAS
validation split name: 1
 * Val Acc 94.820, Total time 0.70
validation split name: 2
 * Val Acc 95.710, Total time 0.96
validation split name: 3
 * Val Acc 96.890, Total time 0.94
validation split name: 4
 * Val Acc 97.010, Total time 0.94
====================== 5 =======================
#reg_term: 1
Epoch:0
LR: 0.0001
Itr		Time		  Data		  Loss		Acc
[0/469]	0.1275 (0.1275)	0.1196 (0.1196)	4.050 (4.050)	7.03 (7.03)
[100/469]	0.0158 (0.0117)	0.0129 (0.0087)	0.258 (0.508)	93.75 (85.34)
[200/469]	0.0030 (0.0111)	0.0002 (0.0082)	0.129 (0.379)	99.22 (89.57)
[300/469]	0.0029 (0.0109)	0.0002 (0.0080)	0.272 (0.320)	92.97 (91.46)
[400/469]	0.0252 (0.0109)	0.0224 (0.0079)	0.195 (0.290)	93.75 (92.45)
[468/469]	0.0028 (0.0108)	0.0001 (0.0079)	0.163 (0.275)	96.88 (92.96)
 * Train Acc 92.957
 * Val Acc 96.290, Total time 0.95
Epoch:1
LR: 0.0001
Itr		Time		  Data		  Loss		Acc
[0/469]	0.1294 (0.1294)	0.1231 (0.1231)	0.114 (0.114)	96.88 (96.88)
[100/469]	0.0035 (0.0118)	0.0001 (0.0089)	0.195 (0.157)	95.31 (96.85)
[200/469]	0.0032 (0.0112)	0.0004 (0.0083)	0.171 (0.159)	96.09 (96.78)
[300/469]	0.0251 (0.0111)	0.0223 (0.0081)	0.199 (0.157)	94.53 (96.83)
[400/469]	0.0032 (0.0109)	0.0001 (0.0080)	0.164 (0.157)	96.09 (96.84)
[468/469]	0.0174 (0.0109)	0.0147 (0.0079)	0.126 (0.157)	96.88 (96.88)
 * Train Acc 96.878
 * Val Acc 96.850, Total time 0.95
Computing MAS
validation split name: 1
 * Val Acc 93.440, Total time 0.72
validation split name: 2
 * Val Acc 95.450, Total time 0.94
validation split name: 3
 * Val Acc 96.660, Total time 0.95
validation split name: 4
 * Val Acc 96.610, Total time 0.95
validation split name: 5
 * Val Acc 96.850, Total time 0.96
====================== 6 =======================
#reg_term: 1
Epoch:0
LR: 0.0001
Itr		Time		  Data		  Loss		Acc
[0/469]	0.1308 (0.1308)	0.1246 (0.1246)	3.744 (3.744)	17.97 (17.97)
[100/469]	0.0029 (0.0117)	0.0002 (0.0086)	0.189 (0.485)	94.53 (86.36)
[200/469]	0.0037 (0.0111)	0.0009 (0.0081)	0.277 (0.366)	93.75 (90.13)
[300/469]	0.0246 (0.0109)	0.0215 (0.0079)	0.152 (0.313)	97.66 (91.82)
[400/469]	0.0029 (0.0108)	0.0002 (0.0078)	0.211 (0.285)	94.53 (92.72)
[468/469]	0.0170 (0.0107)	0.0143 (0.0078)	0.174 (0.273)	96.88 (93.14)
 * Train Acc 93.137
 * Val Acc 96.130, Total time 0.95
Epoch:1
LR: 0.0001
Itr		Time		  Data		  Loss		Acc
[0/469]	0.1188 (0.1188)	0.1128 (0.1128)	0.144 (0.144)	97.66 (97.66)
[100/469]	0.0036 (0.0119)	0.0001 (0.0087)	0.186 (0.165)	96.88 (96.87)
[200/469]	0.0030 (0.0111)	0.0002 (0.0081)	0.188 (0.164)	96.09 (96.77)
[300/469]	0.0204 (0.0109)	0.0176 (0.0079)	0.143 (0.166)	96.88 (96.72)
[400/469]	0.0100 (0.0108)	0.0068 (0.0078)	0.145 (0.165)	96.88 (96.76)
[468/469]	0.0029 (0.0107)	0.0001 (0.0078)	0.162 (0.165)	96.88 (96.79)
 * Train Acc 96.787
 * Val Acc 96.610, Total time 0.94
Computing MAS
validation split name: 1
 * Val Acc 93.050, Total time 0.69
validation split name: 2
 * Val Acc 95.020, Total time 0.95
validation split name: 3
 * Val Acc 96.430, Total time 0.94
validation split name: 4
 * Val Acc 96.300, Total time 0.95
validation split name: 5
 * Val Acc 96.650, Total time 0.94
validation split name: 6
 * Val Acc 96.610, Total time 0.96
====================== 7 =======================
#reg_term: 1
Epoch:0
LR: 0.0001
Itr		Time		  Data		  Loss		Acc
[0/469]	0.1256 (0.1256)	0.1188 (0.1188)	4.158 (4.158)	10.94 (10.94)
[100/469]	0.0036 (0.0115)	0.0008 (0.0085)	0.222 (0.524)	93.75 (85.98)
[200/469]	0.0030 (0.0110)	0.0001 (0.0080)	0.211 (0.389)	95.31 (90.00)
[300/469]	0.0243 (0.0109)	0.0214 (0.0079)	0.177 (0.334)	96.09 (91.71)
[400/469]	0.0040 (0.0107)	0.0009 (0.0078)	0.218 (0.300)	94.53 (92.74)
[468/469]	0.0166 (0.0107)	0.0138 (0.0078)	0.313 (0.287)	93.75 (93.11)
 * Train Acc 93.107
 * Val Acc 96.070, Total time 0.94
Epoch:1
LR: 0.0001
Itr		Time		  Data		  Loss		Acc
[0/469]	0.1388 (0.1388)	0.1313 (0.1313)	0.184 (0.184)	96.88 (96.88)
[100/469]	0.0029 (0.0116)	0.0002 (0.0085)	0.206 (0.174)	93.75 (96.84)
[200/469]	0.0030 (0.0110)	0.0001 (0.0080)	0.141 (0.178)	99.22 (96.56)
[300/469]	0.0250 (0.0108)	0.0218 (0.0078)	0.172 (0.175)	94.53 (96.68)
[400/469]	0.0030 (0.0107)	0.0001 (0.0077)	0.160 (0.175)	98.44 (96.70)
[468/469]	0.0179 (0.0107)	0.0151 (0.0077)	0.183 (0.173)	95.83 (96.76)
 * Train Acc 96.758
 * Val Acc 96.600, Total time 0.94
Computing MAS
validation split name: 1
 * Val Acc 92.480, Total time 0.70
validation split name: 2
 * Val Acc 93.480, Total time 0.94
validation split name: 3
 * Val Acc 96.070, Total time 0.93
validation split name: 4
 * Val Acc 96.330, Total time 0.95
validation split name: 5
 * Val Acc 96.190, Total time 0.95
validation split name: 6
 * Val Acc 96.310, Total time 0.98
validation split name: 7
 * Val Acc 96.600, Total time 0.95
====================== 8 =======================
#reg_term: 1
Epoch:0
LR: 0.0001
Itr		Time		  Data		  Loss		Acc
[0/469]	0.1210 (0.1210)	0.1151 (0.1151)	4.668 (4.668)	10.94 (10.94)
[100/469]	0.0029 (0.0117)	0.0001 (0.0085)	0.345 (0.539)	89.84 (85.95)
[200/469]	0.0030 (0.0110)	0.0002 (0.0080)	0.462 (0.400)	89.84 (90.07)
[300/469]	0.0239 (0.0109)	0.0206 (0.0079)	0.256 (0.344)	92.97 (91.69)
[400/469]	0.0040 (0.0107)	0.0010 (0.0077)	0.162 (0.311)	96.09 (92.58)
[468/469]	0.0173 (0.0107)	0.0146 (0.0077)	0.119 (0.296)	97.92 (93.01)
 * Train Acc 93.007
 * Val Acc 96.060, Total time 0.97
Epoch:1
LR: 0.0001
Itr		Time		  Data		  Loss		Acc
[0/469]	0.1377 (0.1377)	0.1314 (0.1314)	0.201 (0.201)	97.66 (97.66)
[100/469]	0.0034 (0.0117)	0.0001 (0.0087)	0.163 (0.182)	96.88 (96.56)
[200/469]	0.0033 (0.0110)	0.0005 (0.0081)	0.123 (0.182)	98.44 (96.59)
[300/469]	0.0247 (0.0109)	0.0218 (0.0079)	0.170 (0.181)	96.88 (96.62)
[400/469]	0.0127 (0.0108)	0.0098 (0.0078)	0.184 (0.180)	96.88 (96.65)
[468/469]	0.0035 (0.0107)	0.0007 (0.0078)	0.213 (0.179)	93.75 (96.70)
 * Train Acc 96.698
 * Val Acc 96.280, Total time 0.97
Computing MAS
validation split name: 1
 * Val Acc 91.960, Total time 0.70
validation split name: 2
 * Val Acc 92.990, Total time 0.93
validation split name: 3
 * Val Acc 95.270, Total time 0.96
validation split name: 4
 * Val Acc 95.840, Total time 0.94
validation split name: 5
 * Val Acc 96.370, Total time 0.95
validation split name: 6
 * Val Acc 96.190, Total time 0.95
validation split name: 7
 * Val Acc 96.190, Total time 0.95
validation split name: 8
 * Val Acc 96.280, Total time 0.94
====================== 9 =======================
#reg_term: 1
Epoch:0
LR: 0.0001
Itr		Time		  Data		  Loss		Acc
[0/469]	0.1251 (0.1251)	0.1188 (0.1188)	5.245 (5.245)	15.62 (15.62)
[100/469]	0.0264 (0.0121)	0.0223 (0.0088)	0.199 (0.607)	96.09 (84.92)
[200/469]	0.0030 (0.0113)	0.0001 (0.0080)	0.300 (0.437)	94.53 (89.39)
[300/469]	0.0037 (0.0110)	0.0009 (0.0079)	0.342 (0.371)	92.97 (91.23)
[400/469]	0.0246 (0.0109)	0.0218 (0.0078)	0.209 (0.332)	95.31 (92.25)
[468/469]	0.0034 (0.0108)	0.0006 (0.0078)	0.209 (0.314)	95.83 (92.78)
 * Train Acc 92.785
 * Val Acc 95.960, Total time 0.95
Epoch:1
LR: 0.0001
Itr		Time		  Data		  Loss		Acc
[0/469]	0.1263 (0.1263)	0.1199 (0.1199)	0.266 (0.266)	94.53 (94.53)
[100/469]	0.0254 (0.0119)	0.0223 (0.0086)	0.101 (0.185)	100.00 (96.64)
[200/469]	0.0029 (0.0111)	0.0002 (0.0080)	0.195 (0.190)	96.09 (96.47)
[300/469]	0.0030 (0.0109)	0.0001 (0.0078)	0.148 (0.188)	98.44 (96.52)
[400/469]	0.0253 (0.0108)	0.0223 (0.0078)	0.166 (0.186)	97.66 (96.62)
[468/469]	0.0029 (0.0107)	0.0001 (0.0077)	0.119 (0.186)	98.96 (96.61)
 * Train Acc 96.612
 * Val Acc 96.700, Total time 0.94
Computing MAS
validation split name: 1
 * Val Acc 90.660, Total time 0.69
validation split name: 2
 * Val Acc 91.150, Total time 0.94
validation split name: 3
 * Val Acc 93.590, Total time 0.93
validation split name: 4
 * Val Acc 94.500, Total time 0.94
validation split name: 5
 * Val Acc 96.010, Total time 0.97
validation split name: 6
 * Val Acc 95.990, Total time 0.96
validation split name: 7
 * Val Acc 95.650, Total time 0.96
validation split name: 8
 * Val Acc 95.960, Total time 0.94
validation split name: 9
 * Val Acc 96.700, Total time 0.95
====================== 10 =======================
#reg_term: 1
Epoch:0
LR: 0.0001
Itr		Time		  Data		  Loss		Acc
[0/469]	0.1295 (0.1295)	0.1233 (0.1233)	5.292 (5.292)	11.72 (11.72)
[100/469]	0.0030 (0.0116)	0.0002 (0.0087)	0.358 (0.599)	89.84 (85.51)
[200/469]	0.0118 (0.0111)	0.0089 (0.0081)	0.250 (0.440)	94.53 (89.65)
[300/469]	0.0158 (0.0109)	0.0130 (0.0079)	0.233 (0.374)	93.75 (91.33)
[400/469]	0.0039 (0.0108)	0.0011 (0.0078)	0.151 (0.337)	97.66 (92.35)
[468/469]	0.0090 (0.0107)	0.0063 (0.0077)	0.184 (0.319)	96.88 (92.82)
 * Train Acc 92.818
 * Val Acc 96.230, Total time 0.94
Epoch:1
LR: 0.0001
Itr		Time		  Data		  Loss		Acc
[0/469]	0.1271 (0.1271)	0.1207 (0.1207)	0.139 (0.139)	97.66 (97.66)
[100/469]	0.0030 (0.0116)	0.0002 (0.0086)	0.166 (0.189)	96.88 (96.58)
[200/469]	0.0036 (0.0110)	0.0008 (0.0080)	0.213 (0.191)	95.31 (96.53)
[300/469]	0.0230 (0.0109)	0.0197 (0.0079)	0.221 (0.193)	96.09 (96.44)
[400/469]	0.0057 (0.0108)	0.0024 (0.0078)	0.122 (0.193)	99.22 (96.42)
[468/469]	0.0170 (0.0107)	0.0142 (0.0078)	0.156 (0.193)	97.92 (96.48)
 * Train Acc 96.482
 * Val Acc 96.680, Total time 0.97
Computing MAS
validation split name: 1
 * Val Acc 90.790, Total time 0.69
validation split name: 2
 * Val Acc 91.020, Total time 0.95
validation split name: 3
 * Val Acc 93.270, Total time 0.96
validation split name: 4
 * Val Acc 93.570, Total time 0.95
validation split name: 5
 * Val Acc 94.960, Total time 0.95
validation split name: 6
 * Val Acc 95.020, Total time 0.95
validation split name: 7
 * Val Acc 95.000, Total time 0.96
validation split name: 8
 * Val Acc 96.190, Total time 0.94
validation split name: 9
 * Val Acc 96.270, Total time 0.96
validation split name: 10
 * Val Acc 96.680, Total time 0.99
OrderedDict([('1', OrderedDict([('1', 96.6), ('2', 95.81), ('3', 95.03), ('4', 94.82), ('5', 93.44), ('6', 93.05), ('7', 92.48), ('8', 91.96), ('9', 90.66), ('10', 90.79)])), ('2', OrderedDict([('2', 96.74), ('3', 96.26), ('4', 95.71), ('5', 95.45), ('6', 95.02), ('7', 93.48), ('8', 92.99), ('9', 91.15), ('10', 91.02)])), ('3', OrderedDict([('3', 97.0), ('4', 96.89), ('5', 96.66), ('6', 96.43), ('7', 96.07), ('8', 95.27), ('9', 93.59), ('10', 93.27)])), ('4', OrderedDict([('4', 97.01), ('5', 96.61), ('6', 96.3), ('7', 96.33), ('8', 95.84), ('9', 94.5), ('10', 93.57)])), ('5', OrderedDict([('5', 96.85), ('6', 96.65), ('7', 96.19), ('8', 96.37), ('9', 96.01), ('10', 94.96)])), ('6', OrderedDict([('6', 96.61), ('7', 96.31), ('8', 96.19), ('9', 95.99), ('10', 95.02)])), ('7', OrderedDict([('7', 96.6), ('8', 96.19), ('9', 95.65), ('10', 95.0)])), ('8', OrderedDict([('8', 96.28), ('9', 95.96), ('10', 96.19)])), ('9', OrderedDict([('9', 96.7), ('10', 96.27)])), ('10', OrderedDict([('10', 96.68)]))])
Task 1 average acc: 96.6
Task 2 average acc: 96.275
Task 3 average acc: 96.09666666666668
Task 4 average acc: 96.10749999999999
Task 5 average acc: 95.80199999999999
Task 6 average acc: 95.67666666666668
Task 7 average acc: 95.35142857142856
Task 8 average acc: 95.13624999999999
Task 9 average acc: 94.46777777777778
Task 10 average acc: 94.277
===Summary of experiment repeats: 5 / 5 ===
The regularization coefficient: 0.1
The last avg acc of all repeats: [92.08  93.577 93.671 92.504 94.277]
mean: 93.2218 std: 0.8075071269035313
reg_coef: 0.1 mean: 93.2218 std: 0.8075071269035313
Total Time for the script is 1083.712679862976 seconds
