MLP(
  (linear): Sequential(
    (0): Linear(in_features=1024, out_features=1000, bias=True)
    (1): ReLU(inplace=True)
    (2): Linear(in_features=1000, out_features=1000, bias=True)
    (3): ReLU(inplace=True)
  )
  (last): ModuleDict(
    (All): Linear(in_features=1000, out_features=10, bias=True)
  )
)
#parameter of model: 2036010
Task order: ['1', '2', '3', '4', '5', '6', '7', '8', '9', '10']
Epoch:0
LR: 0.0001
Itr		Time		  Data		  Loss		Acc
[0/4688]	1.7517 (1.7517)	0.1496 (0.1496)	2.321 (2.321)	7.81 (7.81)
[100/4688]	0.0049 (0.0264)	0.0030 (0.0085)	0.814 (1.570)	80.47 (58.25)
[200/4688]	0.0250 (0.0181)	0.0230 (0.0081)	0.453 (1.099)	87.50 (70.03)
[300/4688]	0.0242 (0.0153)	0.0222 (0.0080)	0.295 (0.891)	92.97 (75.28)
[400/4688]	0.0021 (0.0141)	0.0001 (0.0081)	0.471 (0.769)	86.72 (78.39)
[500/4688]	0.0019 (0.0131)	0.0001 (0.0080)	0.367 (0.690)	85.94 (80.39)
[600/4688]	0.0243 (0.0126)	0.0224 (0.0079)	0.316 (0.636)	91.41 (81.78)
[700/4688]	0.0021 (0.0121)	0.0001 (0.0079)	0.253 (0.592)	91.41 (82.99)
[800/4688]	0.0032 (0.0118)	0.0013 (0.0078)	0.292 (0.558)	93.75 (83.95)
[900/4688]	0.0223 (0.0115)	0.0204 (0.0078)	0.282 (0.529)	94.53 (84.74)
[1000/4688]	0.0033 (0.0113)	0.0013 (0.0078)	0.240 (0.504)	92.97 (85.44)
[1100/4688]	0.0031 (0.0112)	0.0011 (0.0077)	0.194 (0.483)	95.31 (86.02)
[1200/4688]	0.0144 (0.0110)	0.0125 (0.0077)	0.212 (0.466)	91.41 (86.48)
[1300/4688]	0.0167 (0.0109)	0.0147 (0.0077)	0.204 (0.450)	90.62 (86.92)
[1400/4688]	0.0130 (0.0108)	0.0110 (0.0077)	0.156 (0.435)	94.53 (87.35)
[1500/4688]	0.0021 (0.0107)	0.0001 (0.0077)	0.232 (0.421)	92.19 (87.71)
[1600/4688]	0.0088 (0.0107)	0.0068 (0.0077)	0.165 (0.409)	95.31 (88.05)
[1700/4688]	0.0195 (0.0106)	0.0176 (0.0077)	0.375 (0.399)	89.06 (88.35)
[1800/4688]	0.0021 (0.0106)	0.0001 (0.0077)	0.152 (0.388)	95.31 (88.64)
[1900/4688]	0.0053 (0.0105)	0.0033 (0.0077)	0.184 (0.379)	94.53 (88.89)
[2000/4688]	0.0231 (0.0105)	0.0212 (0.0077)	0.160 (0.371)	95.31 (89.14)
[2100/4688]	0.0020 (0.0104)	0.0001 (0.0077)	0.218 (0.362)	94.53 (89.37)
[2200/4688]	0.0030 (0.0104)	0.0010 (0.0077)	0.207 (0.355)	93.75 (89.58)
[2300/4688]	0.0239 (0.0104)	0.0219 (0.0077)	0.242 (0.348)	92.97 (89.78)
[2400/4688]	0.0020 (0.0103)	0.0002 (0.0077)	0.128 (0.341)	96.88 (89.97)
[2500/4688]	0.0030 (0.0103)	0.0010 (0.0077)	0.132 (0.335)	97.66 (90.14)
[2600/4688]	0.0236 (0.0103)	0.0217 (0.0077)	0.116 (0.329)	94.53 (90.31)
[2700/4688]	0.0021 (0.0103)	0.0002 (0.0077)	0.182 (0.324)	97.66 (90.46)
[2800/4688]	0.0102 (0.0102)	0.0083 (0.0077)	0.155 (0.319)	95.31 (90.60)
[2900/4688]	0.0019 (0.0102)	0.0002 (0.0077)	0.204 (0.313)	92.97 (90.76)
[3000/4688]	0.0200 (0.0102)	0.0176 (0.0077)	0.078 (0.308)	99.22 (90.91)
[3100/4688]	0.0073 (0.0102)	0.0051 (0.0077)	0.190 (0.303)	93.75 (91.05)
[3200/4688]	0.0020 (0.0102)	0.0001 (0.0077)	0.176 (0.299)	93.75 (91.17)
[3300/4688]	0.0021 (0.0102)	0.0001 (0.0077)	0.240 (0.294)	94.53 (91.30)
[3400/4688]	0.0237 (0.0101)	0.0217 (0.0077)	0.155 (0.290)	94.53 (91.42)
[3500/4688]	0.0070 (0.0101)	0.0052 (0.0077)	0.095 (0.286)	96.88 (91.53)
[3600/4688]	0.0023 (0.0101)	0.0001 (0.0077)	0.140 (0.282)	95.31 (91.65)
[3700/4688]	0.0037 (0.0101)	0.0019 (0.0077)	0.151 (0.279)	94.53 (91.75)
[3800/4688]	0.0248 (0.0101)	0.0226 (0.0077)	0.094 (0.275)	97.66 (91.85)
[3900/4688]	0.0020 (0.0101)	0.0001 (0.0077)	0.097 (0.272)	96.09 (91.94)
[4000/4688]	0.0020 (0.0101)	0.0001 (0.0077)	0.178 (0.268)	93.75 (92.04)
[4100/4688]	0.0019 (0.0101)	0.0001 (0.0078)	0.110 (0.265)	95.31 (92.14)
[4200/4688]	0.0293 (0.0101)	0.0275 (0.0078)	0.169 (0.262)	92.97 (92.23)
[4300/4688]	0.0020 (0.0101)	0.0001 (0.0078)	0.081 (0.259)	97.66 (92.32)
[4400/4688]	0.0019 (0.0101)	0.0001 (0.0078)	0.130 (0.256)	94.53 (92.39)
[4500/4688]	0.0247 (0.0101)	0.0228 (0.0078)	0.176 (0.253)	93.75 (92.48)
[4600/4688]	0.0019 (0.0101)	0.0001 (0.0078)	0.136 (0.250)	96.88 (92.56)
[4687/4688]	0.0021 (0.0101)	0.0001 (0.0078)	0.189 (0.248)	90.62 (92.63)
 * Train Acc 92.626
 * Val Acc 96.314, Total time 8.86
Epoch:1
LR: 0.0001
Itr		Time		  Data		  Loss		Acc
[0/4688]	0.1615 (0.1615)	0.1541 (0.1541)	0.269 (0.269)	92.19 (92.19)
[100/4688]	0.0292 (0.0127)	0.0272 (0.0108)	0.121 (0.104)	96.09 (96.94)
[200/4688]	0.0020 (0.0120)	0.0002 (0.0101)	0.100 (0.101)	96.88 (97.03)
[300/4688]	0.0019 (0.0117)	0.0001 (0.0098)	0.110 (0.101)	98.44 (96.96)
[400/4688]	0.0296 (0.0116)	0.0277 (0.0098)	0.163 (0.100)	93.75 (96.98)
[500/4688]	0.0020 (0.0115)	0.0001 (0.0097)	0.138 (0.100)	96.88 (96.97)
[600/4688]	0.0020 (0.0115)	0.0002 (0.0096)	0.131 (0.100)	96.09 (96.94)
[700/4688]	0.0297 (0.0115)	0.0279 (0.0096)	0.040 (0.099)	98.44 (96.98)
[800/4688]	0.0300 (0.0114)	0.0282 (0.0095)	0.085 (0.100)	98.44 (96.95)
[900/4688]	0.0019 (0.0114)	0.0001 (0.0095)	0.212 (0.100)	94.53 (96.95)
[1000/4688]	0.0198 (0.0113)	0.0179 (0.0094)	0.082 (0.100)	96.09 (96.93)
[1100/4688]	0.0020 (0.0113)	0.0002 (0.0094)	0.137 (0.100)	95.31 (96.94)
[1200/4688]	0.0049 (0.0112)	0.0028 (0.0094)	0.125 (0.100)	96.88 (96.94)
[1300/4688]	0.0019 (0.0111)	0.0001 (0.0093)	0.080 (0.100)	97.66 (96.95)
[1400/4688]	0.0252 (0.0111)	0.0233 (0.0092)	0.060 (0.099)	97.66 (96.95)
[1500/4688]	0.0019 (0.0110)	0.0002 (0.0091)	0.093 (0.099)	95.31 (96.95)
[1600/4688]	0.0019 (0.0109)	0.0001 (0.0090)	0.184 (0.099)	95.31 (96.96)
[1700/4688]	0.0250 (0.0108)	0.0232 (0.0090)	0.076 (0.098)	98.44 (96.97)
[1800/4688]	0.0019 (0.0107)	0.0001 (0.0089)	0.096 (0.098)	96.09 (96.99)
[1900/4688]	0.0028 (0.0107)	0.0008 (0.0088)	0.023 (0.098)	100.00 (97.00)
[2000/4688]	0.0238 (0.0106)	0.0219 (0.0088)	0.087 (0.098)	97.66 (97.01)
[2100/4688]	0.0019 (0.0106)	0.0002 (0.0087)	0.151 (0.098)	96.88 (97.01)
[2200/4688]	0.0238 (0.0105)	0.0219 (0.0087)	0.043 (0.098)	99.22 (97.02)
[2300/4688]	0.0019 (0.0105)	0.0001 (0.0086)	0.075 (0.097)	96.88 (97.03)
[2400/4688]	0.0019 (0.0105)	0.0001 (0.0086)	0.107 (0.097)	96.88 (97.03)
[2500/4688]	0.0099 (0.0104)	0.0079 (0.0086)	0.028 (0.097)	99.22 (97.04)
[2600/4688]	0.0299 (0.0105)	0.0278 (0.0086)	0.200 (0.097)	94.53 (97.04)
[2700/4688]	0.0020 (0.0104)	0.0002 (0.0086)	0.173 (0.097)	96.09 (97.04)
[2800/4688]	0.0302 (0.0105)	0.0283 (0.0086)	0.086 (0.096)	97.66 (97.05)
[2900/4688]	0.0020 (0.0105)	0.0001 (0.0086)	0.108 (0.096)	97.66 (97.06)
[3000/4688]	0.0019 (0.0105)	0.0001 (0.0087)	0.081 (0.095)	96.88 (97.07)
[3100/4688]	0.0019 (0.0105)	0.0001 (0.0087)	0.096 (0.095)	98.44 (97.08)
[3200/4688]	0.0306 (0.0106)	0.0287 (0.0087)	0.067 (0.095)	97.66 (97.09)
[3300/4688]	0.0019 (0.0106)	0.0002 (0.0087)	0.076 (0.094)	97.66 (97.10)
[3400/4688]	0.0019 (0.0106)	0.0001 (0.0087)	0.014 (0.094)	100.00 (97.11)
[3500/4688]	0.0302 (0.0106)	0.0284 (0.0088)	0.055 (0.093)	99.22 (97.13)
[3600/4688]	0.0020 (0.0106)	0.0001 (0.0088)	0.076 (0.093)	97.66 (97.14)
[3700/4688]	0.0302 (0.0106)	0.0283 (0.0088)	0.205 (0.093)	92.97 (97.15)
[3800/4688]	0.0019 (0.0107)	0.0001 (0.0088)	0.125 (0.092)	97.66 (97.16)
[3900/4688]	0.0019 (0.0107)	0.0001 (0.0088)	0.022 (0.092)	99.22 (97.17)
[4000/4688]	0.0294 (0.0107)	0.0274 (0.0088)	0.136 (0.092)	94.53 (97.17)
[4100/4688]	0.0020 (0.0107)	0.0002 (0.0088)	0.085 (0.092)	97.66 (97.18)
[4200/4688]	0.0019 (0.0107)	0.0001 (0.0088)	0.104 (0.092)	96.88 (97.19)
[4300/4688]	0.0305 (0.0107)	0.0286 (0.0089)	0.053 (0.091)	97.66 (97.20)
[4400/4688]	0.0019 (0.0107)	0.0001 (0.0089)	0.047 (0.091)	98.44 (97.20)
[4500/4688]	0.0020 (0.0107)	0.0002 (0.0089)	0.173 (0.091)	95.31 (97.20)
[4600/4688]	0.0298 (0.0108)	0.0279 (0.0089)	0.073 (0.091)	96.88 (97.21)
[4687/4688]	0.0127 (0.0108)	0.0108 (0.0089)	0.035 (0.091)	98.44 (97.21)
 * Train Acc 97.212
 * Val Acc 97.418, Total time 8.53
 * Val Acc 97.418, Total time 8.47
OrderedDict([('All', {'All': 97.418})])
Task All average acc: 97.418
===Summary of experiment repeats: 1 / 5 ===
The regularization coefficient: 0.0
The last avg acc of all repeats: [97.418  0.     0.     0.     0.   ]
mean: 19.483600000000003 std: 38.967200000000005
MLP(
  (linear): Sequential(
    (0): Linear(in_features=1024, out_features=1000, bias=True)
    (1): ReLU(inplace=True)
    (2): Linear(in_features=1000, out_features=1000, bias=True)
    (3): ReLU(inplace=True)
  )
  (last): ModuleDict(
    (All): Linear(in_features=1000, out_features=10, bias=True)
  )
)
#parameter of model: 2036010
Task order: ['1', '2', '3', '4', '5', '6', '7', '8', '9', '10']
Epoch:0
LR: 0.0001
Itr		Time		  Data		  Loss		Acc
[0/4688]	0.1680 (0.1680)	0.1584 (0.1584)	2.307 (2.307)	11.72 (11.72)
[100/4688]	0.0021 (0.0114)	0.0001 (0.0094)	0.790 (1.570)	81.25 (57.59)
[200/4688]	0.0019 (0.0108)	0.0001 (0.0089)	0.419 (1.093)	88.28 (69.85)
[300/4688]	0.0257 (0.0107)	0.0239 (0.0088)	0.385 (0.882)	89.06 (75.28)
[400/4688]	0.0020 (0.0108)	0.0001 (0.0089)	0.318 (0.767)	90.62 (78.37)
[500/4688]	0.0020 (0.0109)	0.0001 (0.0090)	0.384 (0.690)	87.50 (80.39)
[600/4688]	0.0241 (0.0108)	0.0217 (0.0089)	0.425 (0.634)	87.50 (81.88)
[700/4688]	0.0128 (0.0106)	0.0101 (0.0087)	0.295 (0.592)	91.41 (83.06)
[800/4688]	0.0097 (0.0105)	0.0074 (0.0085)	0.382 (0.558)	89.84 (83.98)
[900/4688]	0.0025 (0.0104)	0.0002 (0.0084)	0.398 (0.531)	89.84 (84.71)
[1000/4688]	0.0080 (0.0104)	0.0057 (0.0083)	0.281 (0.508)	92.19 (85.34)
[1100/4688]	0.0206 (0.0103)	0.0183 (0.0082)	0.397 (0.487)	89.06 (85.94)
[1200/4688]	0.0026 (0.0102)	0.0002 (0.0081)	0.463 (0.468)	89.06 (86.45)
[1300/4688]	0.0025 (0.0102)	0.0002 (0.0080)	0.324 (0.453)	89.84 (86.87)
[1400/4688]	0.0095 (0.0102)	0.0076 (0.0080)	0.416 (0.439)	86.72 (87.24)
[1500/4688]	0.0294 (0.0102)	0.0275 (0.0081)	0.168 (0.427)	96.09 (87.58)
[1600/4688]	0.0021 (0.0103)	0.0001 (0.0082)	0.334 (0.415)	92.19 (87.89)
[1700/4688]	0.0020 (0.0103)	0.0001 (0.0082)	0.236 (0.405)	91.41 (88.19)
[1800/4688]	0.0292 (0.0104)	0.0272 (0.0083)	0.298 (0.395)	90.62 (88.47)
[1900/4688]	0.0024 (0.0104)	0.0002 (0.0083)	0.217 (0.385)	96.09 (88.76)
[2000/4688]	0.0095 (0.0103)	0.0072 (0.0082)	0.271 (0.376)	92.19 (89.01)
[2100/4688]	0.0023 (0.0103)	0.0002 (0.0082)	0.190 (0.369)	94.53 (89.22)
[2200/4688]	0.0020 (0.0103)	0.0002 (0.0082)	0.215 (0.361)	94.53 (89.42)
[2300/4688]	0.0020 (0.0103)	0.0001 (0.0082)	0.111 (0.354)	96.88 (89.64)
[2400/4688]	0.0242 (0.0103)	0.0222 (0.0082)	0.305 (0.347)	89.06 (89.82)
[2500/4688]	0.0083 (0.0103)	0.0064 (0.0082)	0.203 (0.341)	93.75 (90.01)
[2600/4688]	0.0020 (0.0103)	0.0002 (0.0082)	0.136 (0.334)	96.09 (90.18)
[2700/4688]	0.0231 (0.0103)	0.0209 (0.0082)	0.137 (0.328)	95.31 (90.35)
[2800/4688]	0.0167 (0.0103)	0.0144 (0.0082)	0.130 (0.323)	96.88 (90.52)
[2900/4688]	0.0093 (0.0103)	0.0073 (0.0082)	0.104 (0.317)	97.66 (90.66)
[3000/4688]	0.0288 (0.0103)	0.0269 (0.0082)	0.141 (0.312)	92.97 (90.81)
[3100/4688]	0.0021 (0.0103)	0.0001 (0.0082)	0.098 (0.307)	96.09 (90.96)
[3200/4688]	0.0020 (0.0104)	0.0002 (0.0083)	0.118 (0.302)	97.66 (91.09)
[3300/4688]	0.0295 (0.0104)	0.0276 (0.0083)	0.118 (0.298)	96.88 (91.23)
[3400/4688]	0.0021 (0.0104)	0.0001 (0.0083)	0.123 (0.293)	96.09 (91.35)
[3500/4688]	0.0024 (0.0104)	0.0001 (0.0083)	0.060 (0.289)	98.44 (91.47)
[3600/4688]	0.0024 (0.0104)	0.0002 (0.0083)	0.107 (0.285)	95.31 (91.57)
[3700/4688]	0.0020 (0.0104)	0.0001 (0.0083)	0.256 (0.281)	91.41 (91.69)
[3800/4688]	0.0020 (0.0104)	0.0001 (0.0083)	0.095 (0.278)	96.09 (91.80)
[3900/4688]	0.0300 (0.0104)	0.0281 (0.0084)	0.135 (0.274)	96.09 (91.91)
[4000/4688]	0.0020 (0.0105)	0.0001 (0.0084)	0.160 (0.271)	94.53 (92.00)
[4100/4688]	0.0020 (0.0105)	0.0001 (0.0084)	0.221 (0.268)	96.09 (92.09)
[4200/4688]	0.0023 (0.0104)	0.0002 (0.0084)	0.105 (0.265)	96.09 (92.17)
[4300/4688]	0.0186 (0.0104)	0.0166 (0.0083)	0.110 (0.261)	96.09 (92.27)
[4400/4688]	0.0024 (0.0104)	0.0002 (0.0084)	0.112 (0.258)	95.31 (92.36)
[4500/4688]	0.0033 (0.0104)	0.0010 (0.0083)	0.137 (0.255)	96.88 (92.44)
[4600/4688]	0.0019 (0.0104)	0.0001 (0.0083)	0.140 (0.253)	95.31 (92.51)
[4687/4688]	0.0019 (0.0104)	0.0001 (0.0083)	0.043 (0.250)	100.00 (92.58)
 * Train Acc 92.578
 * Val Acc 96.203, Total time 8.14
Epoch:1
LR: 0.0001
Itr		Time		  Data		  Loss		Acc
[0/4688]	0.1607 (0.1607)	0.1537 (0.1537)	0.050 (0.050)	100.00 (100.00)
[100/4688]	0.0212 (0.0111)	0.0189 (0.0090)	0.033 (0.096)	99.22 (97.14)
[200/4688]	0.0235 (0.0104)	0.0212 (0.0082)	0.206 (0.095)	95.31 (97.13)
[300/4688]	0.0025 (0.0104)	0.0002 (0.0082)	0.147 (0.096)	95.31 (97.06)
[400/4688]	0.0024 (0.0103)	0.0002 (0.0081)	0.029 (0.098)	99.22 (97.00)
[500/4688]	0.0214 (0.0104)	0.0189 (0.0081)	0.077 (0.098)	96.88 (96.96)
[600/4688]	0.0024 (0.0102)	0.0002 (0.0080)	0.096 (0.099)	96.88 (96.94)
[700/4688]	0.0024 (0.0101)	0.0001 (0.0079)	0.074 (0.100)	96.09 (96.93)
[800/4688]	0.0253 (0.0101)	0.0233 (0.0079)	0.084 (0.100)	98.44 (96.93)
[900/4688]	0.0021 (0.0101)	0.0002 (0.0079)	0.073 (0.100)	97.66 (96.93)
[1000/4688]	0.0020 (0.0100)	0.0001 (0.0079)	0.064 (0.100)	99.22 (96.93)
[1100/4688]	0.0250 (0.0100)	0.0231 (0.0079)	0.089 (0.099)	97.66 (96.95)
[1200/4688]	0.0021 (0.0100)	0.0002 (0.0079)	0.141 (0.099)	96.09 (96.95)
[1300/4688]	0.0020 (0.0100)	0.0001 (0.0079)	0.034 (0.099)	100.00 (96.97)
[1400/4688]	0.0244 (0.0100)	0.0220 (0.0079)	0.074 (0.099)	96.88 (96.96)
[1500/4688]	0.0024 (0.0099)	0.0002 (0.0078)	0.186 (0.099)	94.53 (96.96)
[1600/4688]	0.0024 (0.0099)	0.0002 (0.0078)	0.061 (0.098)	97.66 (96.98)
[1700/4688]	0.0178 (0.0099)	0.0155 (0.0078)	0.128 (0.098)	94.53 (96.98)
[1800/4688]	0.0221 (0.0099)	0.0197 (0.0078)	0.020 (0.098)	100.00 (97.00)
[1900/4688]	0.0023 (0.0099)	0.0002 (0.0078)	0.064 (0.098)	97.66 (97.00)
[2000/4688]	0.0024 (0.0099)	0.0002 (0.0077)	0.041 (0.097)	99.22 (97.02)
[2100/4688]	0.0251 (0.0099)	0.0228 (0.0077)	0.127 (0.097)	95.31 (97.04)
[2200/4688]	0.0022 (0.0099)	0.0001 (0.0077)	0.183 (0.096)	96.09 (97.05)
[2300/4688]	0.0026 (0.0099)	0.0002 (0.0077)	0.194 (0.096)	93.75 (97.06)
[2400/4688]	0.0243 (0.0099)	0.0220 (0.0077)	0.092 (0.096)	97.66 (97.07)
[2500/4688]	0.0023 (0.0099)	0.0001 (0.0077)	0.103 (0.096)	98.44 (97.07)
[2600/4688]	0.0021 (0.0099)	0.0002 (0.0077)	0.070 (0.096)	98.44 (97.07)
[2700/4688]	0.0243 (0.0099)	0.0220 (0.0077)	0.100 (0.095)	97.66 (97.09)
[2800/4688]	0.0023 (0.0099)	0.0001 (0.0077)	0.082 (0.095)	97.66 (97.09)
[2900/4688]	0.0021 (0.0099)	0.0002 (0.0077)	0.111 (0.095)	96.09 (97.10)
[3000/4688]	0.0241 (0.0099)	0.0218 (0.0077)	0.092 (0.095)	96.88 (97.11)
[3100/4688]	0.0024 (0.0099)	0.0002 (0.0077)	0.184 (0.095)	93.75 (97.10)
[3200/4688]	0.0025 (0.0099)	0.0002 (0.0077)	0.055 (0.094)	97.66 (97.11)
[3300/4688]	0.0248 (0.0099)	0.0224 (0.0077)	0.092 (0.094)	96.09 (97.12)
[3400/4688]	0.0023 (0.0099)	0.0001 (0.0077)	0.030 (0.094)	100.00 (97.13)
[3500/4688]	0.0024 (0.0099)	0.0002 (0.0077)	0.047 (0.093)	99.22 (97.14)
[3600/4688]	0.0250 (0.0099)	0.0227 (0.0077)	0.093 (0.093)	96.09 (97.15)
[3700/4688]	0.0023 (0.0099)	0.0002 (0.0077)	0.086 (0.093)	97.66 (97.15)
[3800/4688]	0.0026 (0.0099)	0.0002 (0.0077)	0.059 (0.093)	97.66 (97.16)
[3900/4688]	0.0241 (0.0099)	0.0218 (0.0077)	0.037 (0.092)	99.22 (97.17)
[4000/4688]	0.0024 (0.0099)	0.0002 (0.0077)	0.138 (0.092)	97.66 (97.17)
[4100/4688]	0.0024 (0.0099)	0.0001 (0.0077)	0.066 (0.092)	97.66 (97.18)
[4200/4688]	0.0245 (0.0099)	0.0222 (0.0077)	0.075 (0.092)	98.44 (97.18)
[4300/4688]	0.0024 (0.0099)	0.0002 (0.0077)	0.046 (0.092)	99.22 (97.19)
[4400/4688]	0.0024 (0.0099)	0.0002 (0.0077)	0.126 (0.091)	96.88 (97.20)
[4500/4688]	0.0260 (0.0099)	0.0236 (0.0077)	0.121 (0.091)	95.31 (97.21)
[4600/4688]	0.0023 (0.0099)	0.0001 (0.0077)	0.058 (0.091)	97.66 (97.21)
[4687/4688]	0.0025 (0.0099)	0.0001 (0.0077)	0.047 (0.091)	98.44 (97.21)
 * Train Acc 97.215
 * Val Acc 97.300, Total time 8.01
 * Val Acc 97.300, Total time 8.22
OrderedDict([('All', {'All': 97.3})])
Task All average acc: 97.3
===Summary of experiment repeats: 2 / 5 ===
The regularization coefficient: 0.0
The last avg acc of all repeats: [97.418 97.3    0.     0.     0.   ]
mean: 38.9436 std: 47.69598897014297
MLP(
  (linear): Sequential(
    (0): Linear(in_features=1024, out_features=1000, bias=True)
    (1): ReLU(inplace=True)
    (2): Linear(in_features=1000, out_features=1000, bias=True)
    (3): ReLU(inplace=True)
  )
  (last): ModuleDict(
    (All): Linear(in_features=1000, out_features=10, bias=True)
  )
)
#parameter of model: 2036010
Task order: ['1', '2', '3', '4', '5', '6', '7', '8', '9', '10']
Epoch:0
LR: 0.0001
Itr		Time		  Data		  Loss		Acc
[0/4688]	0.1635 (0.1635)	0.1532 (0.1532)	2.301 (2.301)	7.81 (7.81)
[100/4688]	0.0046 (0.0110)	0.0027 (0.0090)	0.802 (1.563)	77.34 (57.09)
[200/4688]	0.0021 (0.0103)	0.0001 (0.0083)	0.507 (1.099)	86.72 (69.19)
[300/4688]	0.0228 (0.0102)	0.0209 (0.0082)	0.402 (0.892)	87.50 (74.63)
[400/4688]	0.0088 (0.0100)	0.0069 (0.0081)	0.366 (0.774)	89.06 (77.74)
[500/4688]	0.0021 (0.0100)	0.0001 (0.0080)	0.389 (0.695)	86.72 (79.87)
[600/4688]	0.0232 (0.0099)	0.0212 (0.0080)	0.352 (0.639)	90.62 (81.46)
[700/4688]	0.0029 (0.0099)	0.0010 (0.0079)	0.239 (0.597)	93.75 (82.61)
[800/4688]	0.0230 (0.0099)	0.0210 (0.0079)	0.301 (0.562)	91.41 (83.58)
[900/4688]	0.0021 (0.0099)	0.0001 (0.0079)	0.204 (0.533)	92.19 (84.41)
[1000/4688]	0.0021 (0.0099)	0.0001 (0.0079)	0.329 (0.509)	91.41 (85.07)
[1100/4688]	0.0031 (0.0099)	0.0011 (0.0079)	0.185 (0.488)	94.53 (85.69)
[1200/4688]	0.0222 (0.0099)	0.0204 (0.0079)	0.319 (0.470)	92.19 (86.20)
[1300/4688]	0.0020 (0.0100)	0.0002 (0.0080)	0.328 (0.454)	88.28 (86.66)
[1400/4688]	0.0020 (0.0099)	0.0001 (0.0080)	0.219 (0.439)	96.09 (87.11)
[1500/4688]	0.0249 (0.0099)	0.0231 (0.0080)	0.301 (0.426)	91.41 (87.46)
[1600/4688]	0.0021 (0.0099)	0.0001 (0.0080)	0.170 (0.414)	95.31 (87.80)
[1700/4688]	0.0021 (0.0099)	0.0001 (0.0079)	0.316 (0.403)	88.28 (88.13)
[1800/4688]	0.0250 (0.0099)	0.0230 (0.0079)	0.207 (0.392)	93.75 (88.41)
[1900/4688]	0.0021 (0.0099)	0.0001 (0.0079)	0.137 (0.383)	95.31 (88.68)
[2000/4688]	0.0021 (0.0099)	0.0002 (0.0079)	0.222 (0.375)	94.53 (88.91)
[2100/4688]	0.0248 (0.0099)	0.0227 (0.0079)	0.125 (0.367)	96.88 (89.14)
[2200/4688]	0.0028 (0.0099)	0.0002 (0.0079)	0.160 (0.359)	95.31 (89.38)
[2300/4688]	0.0027 (0.0099)	0.0002 (0.0079)	0.112 (0.352)	96.09 (89.59)
[2400/4688]	0.0268 (0.0100)	0.0243 (0.0079)	0.103 (0.344)	96.09 (89.81)
[2500/4688]	0.0021 (0.0100)	0.0002 (0.0079)	0.263 (0.338)	92.97 (90.00)
[2600/4688]	0.0026 (0.0100)	0.0002 (0.0080)	0.192 (0.332)	96.88 (90.19)
[2700/4688]	0.0267 (0.0100)	0.0243 (0.0080)	0.154 (0.326)	96.88 (90.36)
[2800/4688]	0.0020 (0.0100)	0.0001 (0.0080)	0.175 (0.321)	92.97 (90.52)
[2900/4688]	0.0020 (0.0100)	0.0001 (0.0080)	0.201 (0.315)	94.53 (90.67)
[3000/4688]	0.0247 (0.0100)	0.0226 (0.0080)	0.126 (0.310)	94.53 (90.82)
[3100/4688]	0.0021 (0.0100)	0.0002 (0.0080)	0.088 (0.305)	96.88 (90.96)
[3200/4688]	0.0020 (0.0100)	0.0001 (0.0079)	0.141 (0.301)	96.09 (91.09)
[3300/4688]	0.0251 (0.0100)	0.0232 (0.0079)	0.135 (0.296)	96.09 (91.22)
[3400/4688]	0.0020 (0.0100)	0.0001 (0.0079)	0.264 (0.292)	92.97 (91.34)
[3500/4688]	0.0020 (0.0100)	0.0001 (0.0079)	0.099 (0.288)	96.88 (91.45)
[3600/4688]	0.0251 (0.0100)	0.0232 (0.0079)	0.072 (0.284)	98.44 (91.57)
[3700/4688]	0.0021 (0.0100)	0.0001 (0.0079)	0.154 (0.280)	94.53 (91.68)
[3800/4688]	0.0021 (0.0100)	0.0001 (0.0079)	0.092 (0.276)	97.66 (91.79)
[3900/4688]	0.0254 (0.0099)	0.0235 (0.0079)	0.131 (0.273)	96.09 (91.88)
[4000/4688]	0.0028 (0.0100)	0.0002 (0.0079)	0.172 (0.269)	92.97 (91.99)
[4100/4688]	0.0027 (0.0100)	0.0002 (0.0079)	0.221 (0.266)	93.75 (92.08)
[4200/4688]	0.0273 (0.0100)	0.0247 (0.0079)	0.137 (0.263)	95.31 (92.16)
[4300/4688]	0.0027 (0.0100)	0.0002 (0.0080)	0.082 (0.260)	96.88 (92.25)
[4400/4688]	0.0027 (0.0100)	0.0002 (0.0080)	0.079 (0.257)	99.22 (92.34)
[4500/4688]	0.0274 (0.0101)	0.0249 (0.0080)	0.126 (0.254)	96.09 (92.42)
[4600/4688]	0.0027 (0.0101)	0.0002 (0.0080)	0.216 (0.252)	93.75 (92.50)
[4687/4688]	0.0020 (0.0101)	0.0001 (0.0080)	0.173 (0.249)	93.75 (92.57)
 * Train Acc 92.566
 * Val Acc 96.410, Total time 8.68
Epoch:1
LR: 0.0001
Itr		Time		  Data		  Loss		Acc
[0/4688]	0.1679 (0.1679)	0.1608 (0.1608)	0.086 (0.086)	97.66 (97.66)
[100/4688]	0.0300 (0.0126)	0.0279 (0.0105)	0.053 (0.094)	99.22 (97.19)
[200/4688]	0.0021 (0.0118)	0.0001 (0.0098)	0.099 (0.096)	96.09 (97.15)
[300/4688]	0.0294 (0.0115)	0.0274 (0.0095)	0.024 (0.098)	100.00 (97.07)
[400/4688]	0.0021 (0.0114)	0.0001 (0.0094)	0.144 (0.097)	96.09 (97.06)
[500/4688]	0.0185 (0.0110)	0.0166 (0.0091)	0.120 (0.098)	96.88 (97.03)
[600/4688]	0.0067 (0.0108)	0.0048 (0.0088)	0.069 (0.098)	96.09 (97.00)
[700/4688]	0.0228 (0.0107)	0.0209 (0.0087)	0.079 (0.098)	98.44 (97.00)
[800/4688]	0.0020 (0.0105)	0.0001 (0.0086)	0.095 (0.099)	96.09 (96.98)
[900/4688]	0.0020 (0.0104)	0.0001 (0.0085)	0.227 (0.099)	92.97 (96.97)
[1000/4688]	0.0143 (0.0104)	0.0123 (0.0084)	0.136 (0.098)	95.31 (96.98)
[1100/4688]	0.0221 (0.0103)	0.0201 (0.0084)	0.092 (0.098)	96.88 (97.00)
[1200/4688]	0.0021 (0.0103)	0.0001 (0.0083)	0.045 (0.098)	99.22 (97.01)
[1300/4688]	0.0112 (0.0102)	0.0093 (0.0083)	0.076 (0.098)	95.31 (97.01)
[1400/4688]	0.0167 (0.0102)	0.0147 (0.0083)	0.111 (0.098)	96.09 (97.01)
[1500/4688]	0.0020 (0.0102)	0.0002 (0.0082)	0.070 (0.097)	96.88 (97.02)
[1600/4688]	0.0199 (0.0101)	0.0180 (0.0082)	0.067 (0.097)	97.66 (97.03)
[1700/4688]	0.0090 (0.0101)	0.0070 (0.0082)	0.117 (0.097)	94.53 (97.03)
[1800/4688]	0.0021 (0.0101)	0.0001 (0.0082)	0.057 (0.097)	96.88 (97.04)
[1900/4688]	0.0239 (0.0101)	0.0219 (0.0081)	0.034 (0.096)	98.44 (97.05)
[2000/4688]	0.0020 (0.0101)	0.0001 (0.0081)	0.121 (0.096)	96.09 (97.05)
[2100/4688]	0.0021 (0.0100)	0.0001 (0.0081)	0.166 (0.096)	96.88 (97.07)
[2200/4688]	0.0140 (0.0100)	0.0121 (0.0081)	0.032 (0.095)	99.22 (97.08)
[2300/4688]	0.0157 (0.0100)	0.0139 (0.0081)	0.177 (0.095)	93.75 (97.08)
[2400/4688]	0.0019 (0.0100)	0.0001 (0.0081)	0.059 (0.095)	99.22 (97.08)
[2500/4688]	0.0134 (0.0100)	0.0115 (0.0081)	0.099 (0.095)	97.66 (97.09)
[2600/4688]	0.0176 (0.0100)	0.0156 (0.0081)	0.063 (0.095)	97.66 (97.10)
[2700/4688]	0.0021 (0.0100)	0.0002 (0.0080)	0.200 (0.095)	93.75 (97.10)
[2800/4688]	0.0029 (0.0100)	0.0010 (0.0080)	0.105 (0.095)	96.88 (97.10)
[2900/4688]	0.0244 (0.0099)	0.0224 (0.0080)	0.077 (0.094)	97.66 (97.10)
[3000/4688]	0.0021 (0.0099)	0.0002 (0.0080)	0.055 (0.094)	99.22 (97.11)
[3100/4688]	0.0029 (0.0099)	0.0010 (0.0080)	0.120 (0.094)	96.09 (97.11)
[3200/4688]	0.0237 (0.0099)	0.0217 (0.0080)	0.086 (0.094)	96.09 (97.12)
[3300/4688]	0.0020 (0.0099)	0.0001 (0.0080)	0.081 (0.094)	96.88 (97.13)
[3400/4688]	0.0029 (0.0099)	0.0010 (0.0080)	0.073 (0.093)	96.88 (97.13)
[3500/4688]	0.0240 (0.0099)	0.0221 (0.0080)	0.134 (0.093)	96.09 (97.14)
[3600/4688]	0.0020 (0.0099)	0.0001 (0.0080)	0.067 (0.093)	97.66 (97.15)
[3700/4688]	0.0030 (0.0099)	0.0010 (0.0079)	0.029 (0.093)	98.44 (97.16)
[3800/4688]	0.0249 (0.0099)	0.0228 (0.0079)	0.075 (0.092)	96.88 (97.16)
[3900/4688]	0.0021 (0.0099)	0.0001 (0.0079)	0.087 (0.092)	96.88 (97.17)
[4000/4688]	0.0020 (0.0099)	0.0002 (0.0079)	0.029 (0.092)	99.22 (97.18)
[4100/4688]	0.0251 (0.0099)	0.0231 (0.0079)	0.072 (0.092)	96.88 (97.18)
[4200/4688]	0.0021 (0.0099)	0.0001 (0.0079)	0.184 (0.092)	92.97 (97.18)
[4300/4688]	0.0020 (0.0099)	0.0001 (0.0079)	0.100 (0.091)	96.09 (97.19)
[4400/4688]	0.0252 (0.0099)	0.0232 (0.0079)	0.063 (0.091)	96.88 (97.20)
[4500/4688]	0.0020 (0.0098)	0.0002 (0.0079)	0.156 (0.091)	96.09 (97.20)
[4600/4688]	0.0021 (0.0098)	0.0002 (0.0079)	0.054 (0.091)	97.66 (97.21)
[4687/4688]	0.0024 (0.0098)	0.0001 (0.0079)	0.093 (0.090)	95.31 (97.22)
 * Train Acc 97.216
 * Val Acc 97.281, Total time 8.34
 * Val Acc 97.281, Total time 8.19
OrderedDict([('All', {'All': 97.281})])
Task All average acc: 97.281
===Summary of experiment repeats: 3 / 5 ===
The regularization coefficient: 0.0
The last avg acc of all repeats: [97.418 97.3   97.281  0.     0.   ]
mean: 58.399800000000006 std: 47.68326013351017
MLP(
  (linear): Sequential(
    (0): Linear(in_features=1024, out_features=1000, bias=True)
    (1): ReLU(inplace=True)
    (2): Linear(in_features=1000, out_features=1000, bias=True)
    (3): ReLU(inplace=True)
  )
  (last): ModuleDict(
    (All): Linear(in_features=1000, out_features=10, bias=True)
  )
)
#parameter of model: 2036010
Task order: ['1', '2', '3', '4', '5', '6', '7', '8', '9', '10']
Epoch:0
LR: 0.0001
Itr		Time		  Data		  Loss		Acc
[0/4688]	0.1732 (0.1732)	0.1634 (0.1634)	2.304 (2.304)	10.94 (10.94)
[100/4688]	0.0025 (0.0126)	0.0002 (0.0105)	0.852 (1.553)	74.22 (57.60)
[200/4688]	0.0027 (0.0119)	0.0002 (0.0096)	0.490 (1.092)	88.28 (69.47)
[300/4688]	0.0262 (0.0116)	0.0242 (0.0094)	0.374 (0.882)	89.06 (75.12)
[400/4688]	0.0020 (0.0114)	0.0001 (0.0092)	0.318 (0.763)	91.41 (78.22)
[500/4688]	0.0020 (0.0113)	0.0002 (0.0092)	0.428 (0.687)	85.94 (80.32)
[600/4688]	0.0295 (0.0114)	0.0276 (0.0093)	0.434 (0.629)	87.50 (81.86)
[700/4688]	0.0020 (0.0113)	0.0001 (0.0093)	0.337 (0.587)	89.06 (83.04)
[800/4688]	0.0020 (0.0113)	0.0001 (0.0093)	0.262 (0.554)	90.62 (83.92)
[900/4688]	0.0279 (0.0113)	0.0253 (0.0092)	0.328 (0.528)	89.84 (84.64)
[1000/4688]	0.0027 (0.0113)	0.0002 (0.0092)	0.266 (0.504)	92.19 (85.31)
[1100/4688]	0.0028 (0.0112)	0.0002 (0.0091)	0.344 (0.485)	88.28 (85.83)
[1200/4688]	0.0278 (0.0112)	0.0253 (0.0091)	0.217 (0.467)	92.97 (86.34)
[1300/4688]	0.0026 (0.0112)	0.0002 (0.0091)	0.353 (0.451)	90.62 (86.81)
[1400/4688]	0.0025 (0.0112)	0.0002 (0.0090)	0.168 (0.438)	95.31 (87.18)
[1500/4688]	0.0281 (0.0112)	0.0255 (0.0090)	0.179 (0.424)	92.97 (87.57)
[1600/4688]	0.0027 (0.0112)	0.0002 (0.0090)	0.260 (0.413)	92.19 (87.90)
[1700/4688]	0.0027 (0.0112)	0.0002 (0.0090)	0.250 (0.402)	95.31 (88.19)
[1800/4688]	0.0242 (0.0111)	0.0221 (0.0089)	0.312 (0.392)	88.28 (88.46)
[1900/4688]	0.0021 (0.0110)	0.0002 (0.0088)	0.267 (0.384)	90.62 (88.71)
[2000/4688]	0.0021 (0.0110)	0.0001 (0.0088)	0.168 (0.374)	96.88 (88.98)
[2100/4688]	0.0249 (0.0109)	0.0229 (0.0087)	0.183 (0.366)	91.41 (89.20)
[2200/4688]	0.0022 (0.0108)	0.0002 (0.0087)	0.145 (0.359)	95.31 (89.42)
[2300/4688]	0.0021 (0.0108)	0.0002 (0.0086)	0.210 (0.351)	92.19 (89.63)
[2400/4688]	0.0243 (0.0108)	0.0224 (0.0086)	0.114 (0.344)	96.09 (89.82)
[2500/4688]	0.0020 (0.0107)	0.0002 (0.0086)	0.092 (0.338)	97.66 (90.02)
[2600/4688]	0.0021 (0.0107)	0.0001 (0.0085)	0.148 (0.332)	95.31 (90.19)
[2700/4688]	0.0250 (0.0106)	0.0230 (0.0085)	0.177 (0.326)	93.75 (90.37)
[2800/4688]	0.0021 (0.0106)	0.0001 (0.0085)	0.195 (0.320)	92.97 (90.53)
[2900/4688]	0.0020 (0.0106)	0.0002 (0.0084)	0.162 (0.315)	95.31 (90.68)
[3000/4688]	0.0249 (0.0105)	0.0228 (0.0084)	0.128 (0.309)	95.31 (90.84)
[3100/4688]	0.0022 (0.0105)	0.0001 (0.0084)	0.125 (0.305)	96.88 (90.97)
[3200/4688]	0.0021 (0.0105)	0.0001 (0.0084)	0.226 (0.300)	94.53 (91.10)
[3300/4688]	0.0245 (0.0105)	0.0225 (0.0083)	0.115 (0.296)	97.66 (91.23)
[3400/4688]	0.0022 (0.0104)	0.0001 (0.0083)	0.202 (0.292)	92.19 (91.34)
[3500/4688]	0.0022 (0.0104)	0.0002 (0.0083)	0.191 (0.288)	94.53 (91.47)
[3600/4688]	0.0247 (0.0104)	0.0228 (0.0083)	0.177 (0.284)	96.09 (91.58)
[3700/4688]	0.0021 (0.0104)	0.0001 (0.0083)	0.200 (0.280)	92.19 (91.69)
[3800/4688]	0.0021 (0.0104)	0.0002 (0.0083)	0.194 (0.276)	93.75 (91.79)
[3900/4688]	0.0243 (0.0103)	0.0219 (0.0082)	0.142 (0.273)	95.31 (91.89)
[4000/4688]	0.0092 (0.0103)	0.0067 (0.0082)	0.081 (0.270)	98.44 (91.99)
[4100/4688]	0.0026 (0.0103)	0.0002 (0.0082)	0.128 (0.266)	95.31 (92.09)
[4200/4688]	0.0021 (0.0103)	0.0001 (0.0082)	0.208 (0.263)	93.75 (92.17)
[4300/4688]	0.0256 (0.0103)	0.0235 (0.0082)	0.128 (0.261)	95.31 (92.26)
[4400/4688]	0.0021 (0.0103)	0.0002 (0.0082)	0.213 (0.258)	92.19 (92.34)
[4500/4688]	0.0042 (0.0103)	0.0018 (0.0082)	0.073 (0.255)	96.88 (92.43)
[4600/4688]	0.0232 (0.0102)	0.0208 (0.0081)	0.145 (0.252)	96.09 (92.51)
[4687/4688]	0.0105 (0.0102)	0.0085 (0.0081)	0.016 (0.250)	100.00 (92.59)
 * Train Acc 92.588
 * Val Acc 96.539, Total time 7.59
Epoch:1
LR: 0.0001
Itr		Time		  Data		  Loss		Acc
[0/4688]	0.1684 (0.1684)	0.1610 (0.1610)	0.098 (0.098)	97.66 (97.66)
[100/4688]	0.0021 (0.0113)	0.0001 (0.0093)	0.099 (0.093)	97.66 (97.28)
[200/4688]	0.0020 (0.0105)	0.0001 (0.0085)	0.092 (0.095)	96.88 (97.28)
[300/4688]	0.0261 (0.0103)	0.0241 (0.0084)	0.095 (0.095)	96.88 (97.19)
[400/4688]	0.0021 (0.0102)	0.0001 (0.0082)	0.091 (0.096)	96.88 (97.10)
[500/4688]	0.0025 (0.0101)	0.0002 (0.0081)	0.153 (0.098)	94.53 (97.04)
[600/4688]	0.0243 (0.0100)	0.0220 (0.0080)	0.076 (0.098)	97.66 (97.04)
[700/4688]	0.0025 (0.0100)	0.0002 (0.0079)	0.107 (0.099)	96.09 (97.01)
[800/4688]	0.0025 (0.0099)	0.0002 (0.0078)	0.081 (0.099)	96.88 (96.99)
[900/4688]	0.0241 (0.0099)	0.0217 (0.0078)	0.097 (0.099)	96.88 (97.00)
[1000/4688]	0.0025 (0.0099)	0.0001 (0.0077)	0.115 (0.098)	96.88 (97.01)
[1100/4688]	0.0025 (0.0099)	0.0001 (0.0077)	0.173 (0.098)	94.53 (96.99)
[1200/4688]	0.0243 (0.0099)	0.0218 (0.0077)	0.108 (0.098)	96.88 (97.01)
[1300/4688]	0.0024 (0.0098)	0.0001 (0.0076)	0.052 (0.097)	98.44 (97.01)
[1400/4688]	0.0025 (0.0098)	0.0002 (0.0076)	0.144 (0.097)	96.09 (97.02)
[1500/4688]	0.0242 (0.0098)	0.0217 (0.0076)	0.086 (0.097)	96.09 (97.00)
[1600/4688]	0.0024 (0.0098)	0.0001 (0.0076)	0.102 (0.098)	95.31 (96.98)
[1700/4688]	0.0024 (0.0098)	0.0002 (0.0076)	0.051 (0.098)	99.22 (96.99)
[1800/4688]	0.0244 (0.0098)	0.0219 (0.0076)	0.176 (0.097)	92.97 (97.00)
[1900/4688]	0.0026 (0.0098)	0.0001 (0.0076)	0.130 (0.097)	95.31 (97.01)
[2000/4688]	0.0020 (0.0098)	0.0001 (0.0076)	0.054 (0.097)	99.22 (97.03)
[2100/4688]	0.0249 (0.0098)	0.0229 (0.0076)	0.161 (0.097)	93.75 (97.03)
[2200/4688]	0.0020 (0.0098)	0.0001 (0.0076)	0.112 (0.096)	96.09 (97.03)
[2300/4688]	0.0025 (0.0098)	0.0002 (0.0076)	0.112 (0.096)	96.09 (97.04)
[2400/4688]	0.0236 (0.0098)	0.0211 (0.0076)	0.196 (0.096)	96.09 (97.05)
[2500/4688]	0.0027 (0.0098)	0.0001 (0.0076)	0.056 (0.096)	97.66 (97.05)
[2600/4688]	0.0025 (0.0098)	0.0002 (0.0076)	0.112 (0.095)	95.31 (97.06)
[2700/4688]	0.0244 (0.0098)	0.0224 (0.0076)	0.090 (0.095)	95.31 (97.07)
[2800/4688]	0.0024 (0.0098)	0.0001 (0.0076)	0.199 (0.095)	94.53 (97.07)
[2900/4688]	0.0026 (0.0098)	0.0001 (0.0076)	0.062 (0.095)	99.22 (97.08)
[3000/4688]	0.0252 (0.0098)	0.0227 (0.0076)	0.056 (0.095)	99.22 (97.07)
[3100/4688]	0.0025 (0.0098)	0.0001 (0.0076)	0.132 (0.095)	95.31 (97.08)
[3200/4688]	0.0024 (0.0098)	0.0002 (0.0076)	0.096 (0.094)	96.09 (97.08)
[3300/4688]	0.0241 (0.0098)	0.0216 (0.0076)	0.155 (0.094)	96.09 (97.09)
[3400/4688]	0.0025 (0.0099)	0.0001 (0.0076)	0.131 (0.094)	95.31 (97.11)
[3500/4688]	0.0024 (0.0099)	0.0002 (0.0076)	0.038 (0.093)	98.44 (97.12)
[3600/4688]	0.0246 (0.0099)	0.0222 (0.0076)	0.038 (0.093)	98.44 (97.13)
[3700/4688]	0.0025 (0.0099)	0.0001 (0.0076)	0.104 (0.093)	98.44 (97.14)
[3800/4688]	0.0025 (0.0099)	0.0001 (0.0076)	0.024 (0.093)	100.00 (97.15)
[3900/4688]	0.0240 (0.0099)	0.0219 (0.0076)	0.044 (0.093)	99.22 (97.15)
[4000/4688]	0.0024 (0.0099)	0.0001 (0.0076)	0.120 (0.092)	96.09 (97.15)
[4100/4688]	0.0025 (0.0099)	0.0002 (0.0076)	0.047 (0.092)	98.44 (97.16)
[4200/4688]	0.0252 (0.0099)	0.0228 (0.0076)	0.106 (0.092)	98.44 (97.18)
[4300/4688]	0.0024 (0.0099)	0.0002 (0.0076)	0.138 (0.092)	95.31 (97.18)
[4400/4688]	0.0025 (0.0099)	0.0002 (0.0076)	0.158 (0.091)	95.31 (97.18)
[4500/4688]	0.0271 (0.0099)	0.0251 (0.0076)	0.099 (0.091)	96.88 (97.19)
[4600/4688]	0.0025 (0.0099)	0.0002 (0.0076)	0.023 (0.091)	99.22 (97.20)
[4687/4688]	0.0030 (0.0099)	0.0001 (0.0076)	0.100 (0.091)	95.31 (97.21)
 * Train Acc 97.208
 * Val Acc 97.283, Total time 8.05
 * Val Acc 97.283, Total time 8.41
OrderedDict([('All', {'All': 97.283})])
Task All average acc: 97.283
===Summary of experiment repeats: 4 / 5 ===
The regularization coefficient: 0.0
The last avg acc of all repeats: [97.418 97.3   97.281 97.283  0.   ]
mean: 77.85640000000001 std: 38.928233119934944
MLP(
  (linear): Sequential(
    (0): Linear(in_features=1024, out_features=1000, bias=True)
    (1): ReLU(inplace=True)
    (2): Linear(in_features=1000, out_features=1000, bias=True)
    (3): ReLU(inplace=True)
  )
  (last): ModuleDict(
    (All): Linear(in_features=1000, out_features=10, bias=True)
  )
)
#parameter of model: 2036010
Task order: ['1', '2', '3', '4', '5', '6', '7', '8', '9', '10']
Epoch:0
LR: 0.0001
Itr		Time		  Data		  Loss		Acc
[0/4688]	0.1613 (0.1613)	0.1535 (0.1535)	2.318 (2.318)	9.38 (9.38)
[100/4688]	0.0020 (0.0113)	0.0001 (0.0093)	0.758 (1.571)	84.38 (57.12)
[200/4688]	0.0020 (0.0113)	0.0001 (0.0093)	0.619 (1.098)	83.59 (69.57)
[300/4688]	0.0251 (0.0110)	0.0231 (0.0091)	0.489 (0.892)	86.72 (75.09)
[400/4688]	0.0021 (0.0107)	0.0001 (0.0088)	0.487 (0.772)	82.81 (78.27)
[500/4688]	0.0020 (0.0105)	0.0002 (0.0086)	0.383 (0.695)	91.41 (80.27)
[600/4688]	0.0248 (0.0104)	0.0229 (0.0085)	0.399 (0.640)	84.38 (81.68)
[700/4688]	0.0021 (0.0103)	0.0001 (0.0084)	0.338 (0.596)	89.84 (82.92)
[800/4688]	0.0020 (0.0102)	0.0001 (0.0083)	0.185 (0.561)	93.75 (83.87)
[900/4688]	0.0249 (0.0102)	0.0230 (0.0082)	0.174 (0.533)	95.31 (84.64)
[1000/4688]	0.0020 (0.0101)	0.0001 (0.0082)	0.328 (0.508)	89.06 (85.32)
[1100/4688]	0.0020 (0.0101)	0.0001 (0.0082)	0.388 (0.488)	91.41 (85.87)
[1200/4688]	0.0252 (0.0101)	0.0232 (0.0081)	0.333 (0.471)	91.41 (86.36)
[1300/4688]	0.0021 (0.0100)	0.0001 (0.0081)	0.289 (0.455)	90.62 (86.79)
[1400/4688]	0.0020 (0.0100)	0.0001 (0.0081)	0.189 (0.441)	95.31 (87.19)
[1500/4688]	0.0034 (0.0100)	0.0015 (0.0080)	0.230 (0.428)	94.53 (87.56)
[1600/4688]	0.0253 (0.0100)	0.0233 (0.0080)	0.246 (0.416)	88.28 (87.89)
[1700/4688]	0.0020 (0.0099)	0.0001 (0.0080)	0.307 (0.405)	89.84 (88.20)
[1800/4688]	0.0020 (0.0099)	0.0001 (0.0080)	0.271 (0.395)	93.75 (88.49)
[1900/4688]	0.0252 (0.0099)	0.0233 (0.0080)	0.262 (0.385)	89.06 (88.78)
[2000/4688]	0.0020 (0.0099)	0.0001 (0.0080)	0.149 (0.375)	96.88 (89.04)
[2100/4688]	0.0020 (0.0099)	0.0001 (0.0080)	0.332 (0.367)	89.84 (89.29)
[2200/4688]	0.0250 (0.0099)	0.0230 (0.0080)	0.218 (0.359)	92.97 (89.51)
[2300/4688]	0.0020 (0.0099)	0.0001 (0.0080)	0.242 (0.352)	92.19 (89.72)
[2400/4688]	0.0021 (0.0099)	0.0001 (0.0080)	0.121 (0.345)	96.09 (89.93)
[2500/4688]	0.0251 (0.0099)	0.0231 (0.0080)	0.212 (0.338)	93.75 (90.11)
[2600/4688]	0.0021 (0.0099)	0.0001 (0.0079)	0.215 (0.332)	91.41 (90.27)
[2700/4688]	0.0020 (0.0099)	0.0001 (0.0079)	0.180 (0.326)	94.53 (90.44)
[2800/4688]	0.0248 (0.0099)	0.0229 (0.0079)	0.193 (0.321)	93.75 (90.59)
[2900/4688]	0.0021 (0.0099)	0.0001 (0.0079)	0.092 (0.315)	97.66 (90.75)
[3000/4688]	0.0056 (0.0098)	0.0037 (0.0079)	0.191 (0.310)	93.75 (90.90)
[3100/4688]	0.0218 (0.0098)	0.0198 (0.0079)	0.122 (0.305)	93.75 (91.03)
[3200/4688]	0.0021 (0.0098)	0.0002 (0.0079)	0.222 (0.301)	96.09 (91.16)
[3300/4688]	0.0020 (0.0098)	0.0001 (0.0079)	0.124 (0.296)	96.09 (91.28)
[3400/4688]	0.0245 (0.0098)	0.0226 (0.0079)	0.149 (0.292)	93.75 (91.41)
[3500/4688]	0.0021 (0.0098)	0.0001 (0.0079)	0.185 (0.288)	96.09 (91.52)
[3600/4688]	0.0114 (0.0098)	0.0094 (0.0079)	0.130 (0.284)	94.53 (91.64)
[3700/4688]	0.0032 (0.0098)	0.0013 (0.0079)	0.193 (0.280)	94.53 (91.74)
[3800/4688]	0.0021 (0.0098)	0.0001 (0.0079)	0.226 (0.276)	96.09 (91.85)
[3900/4688]	0.0199 (0.0098)	0.0179 (0.0079)	0.204 (0.273)	92.97 (91.94)
[4000/4688]	0.0040 (0.0098)	0.0021 (0.0079)	0.142 (0.269)	95.31 (92.04)
[4100/4688]	0.0021 (0.0098)	0.0001 (0.0079)	0.110 (0.266)	96.88 (92.13)
[4200/4688]	0.0212 (0.0098)	0.0193 (0.0079)	0.133 (0.263)	96.09 (92.23)
[4300/4688]	0.0029 (0.0098)	0.0010 (0.0079)	0.163 (0.260)	94.53 (92.32)
[4400/4688]	0.0021 (0.0098)	0.0001 (0.0079)	0.121 (0.257)	95.31 (92.40)
[4500/4688]	0.0247 (0.0098)	0.0228 (0.0079)	0.153 (0.254)	94.53 (92.48)
[4600/4688]	0.0020 (0.0098)	0.0001 (0.0079)	0.114 (0.251)	96.88 (92.55)
[4687/4688]	0.0019 (0.0098)	0.0001 (0.0078)	0.235 (0.249)	96.88 (92.62)
 * Train Acc 92.615
 * Val Acc 96.379, Total time 8.46
Epoch:1
LR: 0.0001
Itr		Time		  Data		  Loss		Acc
[0/4688]	0.1519 (0.1519)	0.1452 (0.1452)	0.114 (0.114)	98.44 (98.44)
[100/4688]	0.0025 (0.0115)	0.0001 (0.0093)	0.099 (0.099)	96.09 (96.95)
[200/4688]	0.0246 (0.0107)	0.0226 (0.0086)	0.072 (0.103)	96.88 (96.92)
[300/4688]	0.0021 (0.0104)	0.0001 (0.0083)	0.135 (0.101)	96.09 (96.94)
[400/4688]	0.0025 (0.0102)	0.0001 (0.0081)	0.153 (0.102)	98.44 (96.91)
[500/4688]	0.0241 (0.0101)	0.0216 (0.0080)	0.095 (0.100)	95.31 (96.97)
[600/4688]	0.0021 (0.0100)	0.0001 (0.0079)	0.045 (0.099)	98.44 (96.98)
[700/4688]	0.0020 (0.0100)	0.0001 (0.0079)	0.082 (0.098)	96.09 (97.01)
[800/4688]	0.0258 (0.0100)	0.0239 (0.0079)	0.145 (0.098)	94.53 (97.01)
[900/4688]	0.0025 (0.0100)	0.0001 (0.0079)	0.135 (0.098)	96.09 (97.01)
[1000/4688]	0.0025 (0.0099)	0.0001 (0.0078)	0.114 (0.098)	96.88 (97.03)
[1100/4688]	0.0248 (0.0099)	0.0227 (0.0078)	0.058 (0.098)	97.66 (97.03)
[1200/4688]	0.0021 (0.0099)	0.0001 (0.0078)	0.088 (0.098)	97.66 (97.03)
[1300/4688]	0.0020 (0.0099)	0.0001 (0.0078)	0.073 (0.098)	97.66 (97.02)
[1400/4688]	0.0251 (0.0099)	0.0232 (0.0078)	0.192 (0.098)	93.75 (97.02)
[1500/4688]	0.0020 (0.0098)	0.0001 (0.0078)	0.066 (0.097)	97.66 (97.03)
[1600/4688]	0.0021 (0.0098)	0.0001 (0.0078)	0.039 (0.097)	99.22 (97.05)
[1700/4688]	0.0243 (0.0098)	0.0224 (0.0078)	0.101 (0.096)	97.66 (97.06)
[1800/4688]	0.0020 (0.0098)	0.0001 (0.0078)	0.139 (0.096)	96.09 (97.06)
[1900/4688]	0.0020 (0.0098)	0.0002 (0.0078)	0.049 (0.095)	98.44 (97.07)
[2000/4688]	0.0244 (0.0098)	0.0225 (0.0078)	0.095 (0.095)	97.66 (97.07)
[2100/4688]	0.0020 (0.0098)	0.0001 (0.0078)	0.056 (0.095)	98.44 (97.08)
[2200/4688]	0.0021 (0.0098)	0.0001 (0.0078)	0.062 (0.095)	98.44 (97.08)
[2300/4688]	0.0248 (0.0098)	0.0229 (0.0078)	0.062 (0.095)	97.66 (97.09)
[2400/4688]	0.0021 (0.0098)	0.0001 (0.0078)	0.023 (0.094)	100.00 (97.10)
[2500/4688]	0.0020 (0.0098)	0.0001 (0.0078)	0.023 (0.094)	99.22 (97.10)
[2600/4688]	0.0250 (0.0098)	0.0230 (0.0078)	0.063 (0.094)	98.44 (97.11)
[2700/4688]	0.0020 (0.0097)	0.0001 (0.0078)	0.138 (0.094)	94.53 (97.12)
[2800/4688]	0.0020 (0.0097)	0.0001 (0.0077)	0.060 (0.093)	99.22 (97.12)
[2900/4688]	0.0252 (0.0097)	0.0233 (0.0078)	0.052 (0.093)	99.22 (97.11)
[3000/4688]	0.0020 (0.0097)	0.0001 (0.0077)	0.149 (0.093)	96.09 (97.11)
[3100/4688]	0.0020 (0.0097)	0.0001 (0.0077)	0.068 (0.093)	97.66 (97.13)
[3200/4688]	0.0245 (0.0097)	0.0226 (0.0077)	0.029 (0.093)	100.00 (97.14)
[3300/4688]	0.0021 (0.0097)	0.0001 (0.0077)	0.159 (0.093)	96.09 (97.14)
[3400/4688]	0.0021 (0.0097)	0.0001 (0.0077)	0.063 (0.092)	97.66 (97.15)
[3500/4688]	0.0242 (0.0097)	0.0223 (0.0077)	0.060 (0.092)	98.44 (97.16)
[3600/4688]	0.0020 (0.0097)	0.0001 (0.0077)	0.159 (0.092)	95.31 (97.17)
[3700/4688]	0.0021 (0.0097)	0.0002 (0.0077)	0.230 (0.091)	94.53 (97.18)
[3800/4688]	0.0242 (0.0097)	0.0223 (0.0077)	0.063 (0.091)	96.88 (97.19)
[3900/4688]	0.0021 (0.0097)	0.0001 (0.0077)	0.026 (0.091)	100.00 (97.19)
[4000/4688]	0.0021 (0.0097)	0.0002 (0.0077)	0.064 (0.091)	96.88 (97.20)
[4100/4688]	0.0243 (0.0097)	0.0224 (0.0077)	0.086 (0.091)	96.88 (97.20)
[4200/4688]	0.0021 (0.0097)	0.0001 (0.0077)	0.087 (0.091)	96.09 (97.21)
[4300/4688]	0.0021 (0.0097)	0.0001 (0.0077)	0.036 (0.091)	99.22 (97.21)
[4400/4688]	0.0249 (0.0097)	0.0230 (0.0077)	0.081 (0.091)	97.66 (97.21)
[4500/4688]	0.0021 (0.0097)	0.0001 (0.0077)	0.112 (0.091)	96.88 (97.22)
[4600/4688]	0.0021 (0.0097)	0.0001 (0.0077)	0.070 (0.090)	97.66 (97.23)
[4687/4688]	0.0019 (0.0097)	0.0001 (0.0077)	0.012 (0.090)	100.00 (97.24)
 * Train Acc 97.241
 * Val Acc 97.326, Total time 8.36
 * Val Acc 97.326, Total time 8.06
OrderedDict([('All', {'All': 97.326})])
Task All average acc: 97.326
===Summary of experiment repeats: 5 / 5 ===
The regularization coefficient: 0.0
The last avg acc of all repeats: [97.418 97.3   97.281 97.283 97.326]
mean: 97.32160000000002 std: 0.050827551583763536
reg_coef: 0.0 mean: 97.32160000000002 std: 0.050827551583763536
Total Time for the script is 599.3468124866486 seconds
