MLP(
  (linear): Sequential(
    (0): Linear(in_features=1024, out_features=1000, bias=True)
    (1): ReLU(inplace=True)
    (2): Linear(in_features=1000, out_features=1000, bias=True)
    (3): ReLU(inplace=True)
  )
  (last): ModuleDict(
    (All): Linear(in_features=1000, out_features=10, bias=True)
  )
)
#parameter of model: 2036010
Task order: ['1', '2', '3', '4', '5', '6', '7', '8', '9', '10']
====================== 1 =======================
Epoch:0
LR: 0.001
Itr		Time		  Data		  Loss		Acc
[0/469]	0.5301 (0.5301)	0.0951 (0.0951)	2.295 (2.295)	10.94 (10.94)
[100/469]	0.0069 (0.0121)	0.0053 (0.0062)	2.236 (2.268)	32.03 (19.54)
[200/469]	0.0066 (0.0097)	0.0050 (0.0060)	2.170 (2.236)	50.78 (30.95)
[300/469]	0.0188 (0.0089)	0.0172 (0.0059)	2.066 (2.202)	60.16 (39.53)
[400/469]	0.0015 (0.0085)	0.0001 (0.0059)	1.978 (2.167)	68.75 (45.87)
[468/469]	0.0137 (0.0083)	0.0122 (0.0059)	1.965 (2.143)	70.83 (49.24)
 * Train Acc 49.243
 * Val Acc 72.370, Total time 0.69
Epoch:1
LR: 0.001
Itr		Time		  Data		  Loss		Acc
[0/469]	0.1133 (0.1133)	0.1090 (0.1090)	1.978 (1.978)	70.31 (70.31)
[100/469]	0.0015 (0.0083)	0.0001 (0.0068)	1.909 (1.923)	69.53 (71.56)
[200/469]	0.0024 (0.0078)	0.0008 (0.0062)	1.765 (1.874)	77.34 (72.92)
[300/469]	0.0174 (0.0076)	0.0157 (0.0061)	1.641 (1.825)	78.12 (73.37)
[400/469]	0.0024 (0.0075)	0.0008 (0.0060)	1.548 (1.773)	78.12 (73.88)
[468/469]	0.0137 (0.0075)	0.0121 (0.0060)	1.469 (1.735)	80.21 (74.22)
 * Train Acc 74.223
 * Val Acc 77.030, Total time 0.71
validation split name: 1
 * Val Acc 77.030, Total time 0.70
====================== 2 =======================
Epoch:0
LR: 0.001
Itr		Time		  Data		  Loss		Acc
[0/469]	0.1213 (0.1213)	0.1177 (0.1177)	2.275 (2.275)	16.41 (16.41)
[100/469]	0.0023 (0.0114)	0.0010 (0.0100)	2.164 (2.223)	41.41 (29.63)
[200/469]	0.0015 (0.0109)	0.0001 (0.0095)	2.052 (2.164)	57.03 (40.76)
[300/469]	0.0282 (0.0108)	0.0269 (0.0094)	1.896 (2.103)	63.28 (47.62)
[400/469]	0.0014 (0.0106)	0.0001 (0.0093)	1.789 (2.043)	71.09 (52.28)
[468/469]	0.0206 (0.0106)	0.0190 (0.0093)	1.715 (2.000)	67.71 (54.82)
 * Train Acc 54.820
 * Val Acc 70.970, Total time 0.94
Epoch:1
LR: 0.001
Itr		Time		  Data		  Loss		Acc
[0/469]	0.1314 (0.1314)	0.1268 (0.1268)	1.670 (1.670)	66.41 (66.41)
[100/469]	0.0015 (0.0115)	0.0001 (0.0100)	1.540 (1.637)	76.56 (71.06)
[200/469]	0.0015 (0.0110)	0.0001 (0.0095)	1.541 (1.572)	67.19 (72.08)
[300/469]	0.0287 (0.0109)	0.0274 (0.0094)	1.362 (1.509)	74.22 (72.85)
[400/469]	0.0014 (0.0108)	0.0001 (0.0094)	1.153 (1.449)	80.47 (73.56)
[468/469]	0.0212 (0.0107)	0.0197 (0.0093)	1.028 (1.411)	86.46 (74.03)
 * Train Acc 74.035
 * Val Acc 78.850, Total time 0.94
validation split name: 1
 * Val Acc 77.090, Total time 0.70
validation split name: 2
 * Val Acc 78.850, Total time 0.96
====================== 3 =======================
Epoch:0
LR: 0.001
Itr		Time		  Data		  Loss		Acc
[0/469]	0.1368 (0.1368)	0.1326 (0.1326)	2.264 (2.264)	21.09 (21.09)
[100/469]	0.0015 (0.0118)	0.0001 (0.0102)	2.058 (2.159)	41.41 (31.68)
[200/469]	0.0092 (0.0111)	0.0074 (0.0095)	1.880 (2.061)	62.50 (42.41)
[300/469]	0.0232 (0.0109)	0.0215 (0.0093)	1.686 (1.965)	68.75 (49.86)
[400/469]	0.0015 (0.0108)	0.0001 (0.0092)	1.535 (1.874)	70.31 (54.57)
[468/469]	0.0204 (0.0107)	0.0192 (0.0092)	1.524 (1.816)	64.58 (56.84)
 * Train Acc 56.835
 * Val Acc 73.020, Total time 0.95
Epoch:1
LR: 0.001
Itr		Time		  Data		  Loss		Acc
[0/469]	0.1225 (0.1225)	0.1180 (0.1180)	1.428 (1.428)	71.88 (71.88)
[100/469]	0.0290 (0.0118)	0.0273 (0.0102)	1.302 (1.343)	71.88 (74.12)
[200/469]	0.0015 (0.0111)	0.0001 (0.0095)	1.121 (1.288)	77.34 (74.86)
[300/469]	0.0015 (0.0109)	0.0001 (0.0094)	1.067 (1.230)	77.34 (75.88)
[400/469]	0.0015 (0.0108)	0.0001 (0.0092)	0.915 (1.179)	81.25 (76.67)
[468/469]	0.0014 (0.0108)	0.0001 (0.0092)	1.019 (1.147)	75.00 (77.21)
 * Train Acc 77.213
 * Val Acc 81.480, Total time 0.97
validation split name: 1
 * Val Acc 76.860, Total time 0.72
validation split name: 2
 * Val Acc 78.720, Total time 0.95
validation split name: 3
 * Val Acc 81.480, Total time 0.95
====================== 4 =======================
Epoch:0
LR: 0.001
Itr		Time		  Data		  Loss		Acc
[0/469]	0.1250 (0.1250)	0.1208 (0.1208)	2.264 (2.264)	12.50 (12.50)
[100/469]	0.0015 (0.0114)	0.0001 (0.0099)	1.953 (2.088)	43.75 (31.42)
[200/469]	0.0015 (0.0109)	0.0001 (0.0094)	1.702 (1.942)	56.25 (43.28)
[300/469]	0.0267 (0.0108)	0.0251 (0.0093)	1.511 (1.818)	68.75 (50.52)
[400/469]	0.0059 (0.0106)	0.0043 (0.0091)	1.226 (1.708)	75.78 (55.35)
[468/469]	0.0137 (0.0106)	0.0122 (0.0091)	1.181 (1.642)	77.08 (57.84)
 * Train Acc 57.845
 * Val Acc 76.060, Total time 0.95
Epoch:1
LR: 0.001
Itr		Time		  Data		  Loss		Acc
[0/469]	0.1383 (0.1383)	0.1340 (0.1340)	1.144 (1.144)	76.56 (76.56)
[100/469]	0.0015 (0.0118)	0.0001 (0.0103)	1.230 (1.136)	64.06 (75.93)
[200/469]	0.0015 (0.0110)	0.0001 (0.0096)	0.965 (1.090)	79.69 (76.79)
[300/469]	0.0280 (0.0109)	0.0264 (0.0094)	0.966 (1.048)	77.34 (77.49)
[400/469]	0.0015 (0.0108)	0.0001 (0.0093)	0.874 (1.006)	77.34 (78.28)
[468/469]	0.0208 (0.0107)	0.0192 (0.0092)	0.827 (0.980)	82.29 (78.81)
 * Train Acc 78.807
 * Val Acc 82.950, Total time 0.95
validation split name: 1
 * Val Acc 76.670, Total time 0.72
validation split name: 2
 * Val Acc 78.130, Total time 0.94
validation split name: 3
 * Val Acc 80.800, Total time 0.94
validation split name: 4
 * Val Acc 82.950, Total time 0.94
====================== 5 =======================
Epoch:0
LR: 0.001
Itr		Time		  Data		  Loss		Acc
[0/469]	0.1237 (0.1237)	0.1195 (0.1195)	2.282 (2.282)	17.19 (17.19)
[100/469]	0.0223 (0.0120)	0.0207 (0.0104)	1.893 (2.054)	40.62 (30.55)
[200/469]	0.0178 (0.0112)	0.0161 (0.0097)	1.577 (1.866)	59.38 (43.26)
[300/469]	0.0015 (0.0109)	0.0001 (0.0094)	1.354 (1.718)	64.84 (50.74)
[400/469]	0.0025 (0.0108)	0.0010 (0.0092)	1.142 (1.597)	76.56 (55.70)
[468/469]	0.0014 (0.0107)	0.0001 (0.0092)	1.124 (1.526)	77.08 (58.34)
 * Train Acc 58.337
 * Val Acc 75.380, Total time 0.95
Epoch:1
LR: 0.001
Itr		Time		  Data		  Loss		Acc
[0/469]	0.1244 (0.1244)	0.1203 (0.1203)	1.079 (1.079)	76.56 (76.56)
[100/469]	0.0015 (0.0115)	0.0001 (0.0101)	0.999 (1.018)	78.12 (76.09)
[200/469]	0.0015 (0.0109)	0.0001 (0.0095)	0.880 (0.969)	81.25 (77.48)
[300/469]	0.0281 (0.0108)	0.0268 (0.0094)	0.748 (0.934)	83.59 (78.19)
[400/469]	0.0015 (0.0107)	0.0001 (0.0093)	0.811 (0.904)	78.91 (78.76)
[468/469]	0.0211 (0.0106)	0.0195 (0.0093)	0.903 (0.885)	75.00 (79.17)
 * Train Acc 79.168
 * Val Acc 82.820, Total time 0.96
validation split name: 1
 * Val Acc 76.200, Total time 0.70
validation split name: 2
 * Val Acc 79.370, Total time 0.94
validation split name: 3
 * Val Acc 81.380, Total time 0.94
validation split name: 4
 * Val Acc 83.100, Total time 0.94
validation split name: 5
 * Val Acc 82.820, Total time 0.96
====================== 6 =======================
Epoch:0
LR: 0.001
Itr		Time		  Data		  Loss		Acc
[0/469]	0.1255 (0.1255)	0.1214 (0.1214)	2.142 (2.142)	15.62 (15.62)
[100/469]	0.0025 (0.0114)	0.0010 (0.0099)	1.559 (1.853)	59.38 (39.46)
[200/469]	0.0016 (0.0109)	0.0001 (0.0094)	1.318 (1.654)	70.31 (51.20)
[300/469]	0.0253 (0.0108)	0.0237 (0.0092)	1.199 (1.511)	68.75 (57.36)
[400/469]	0.0030 (0.0106)	0.0013 (0.0091)	0.992 (1.401)	80.47 (61.39)
[468/469]	0.0171 (0.0106)	0.0155 (0.0091)	0.987 (1.339)	72.92 (63.49)
 * Train Acc 63.487
 * Val Acc 77.040, Total time 0.94
Epoch:1
LR: 0.001
Itr		Time		  Data		  Loss		Acc
[0/469]	0.1244 (0.1244)	0.1199 (0.1199)	0.898 (0.898)	75.78 (75.78)
[100/469]	0.0236 (0.0116)	0.0219 (0.0100)	0.936 (0.906)	78.91 (77.42)
[200/469]	0.0015 (0.0109)	0.0001 (0.0093)	0.845 (0.867)	80.47 (78.54)
[300/469]	0.0143 (0.0108)	0.0127 (0.0092)	0.759 (0.838)	78.91 (79.12)
[400/469]	0.0097 (0.0107)	0.0081 (0.0091)	0.684 (0.811)	82.81 (79.84)
[468/469]	0.0172 (0.0106)	0.0156 (0.0091)	0.762 (0.795)	84.38 (80.25)
 * Train Acc 80.255
 * Val Acc 83.000, Total time 0.94
validation split name: 1
 * Val Acc 74.840, Total time 0.71
validation split name: 2
 * Val Acc 76.450, Total time 0.94
validation split name: 3
 * Val Acc 78.420, Total time 0.96
validation split name: 4
 * Val Acc 80.790, Total time 0.94
validation split name: 5
 * Val Acc 80.270, Total time 0.94
validation split name: 6
 * Val Acc 83.000, Total time 0.94
====================== 7 =======================
Epoch:0
LR: 0.001
Itr		Time		  Data		  Loss		Acc
[0/469]	0.1384 (0.1384)	0.1340 (0.1340)	2.174 (2.174)	21.09 (21.09)
[100/469]	0.0100 (0.0118)	0.0084 (0.0102)	1.595 (1.856)	46.88 (37.79)
[200/469]	0.0015 (0.0110)	0.0001 (0.0095)	1.382 (1.633)	54.69 (48.35)
[300/469]	0.0015 (0.0108)	0.0001 (0.0092)	1.117 (1.479)	69.53 (54.98)
[400/469]	0.0060 (0.0107)	0.0044 (0.0091)	0.933 (1.365)	81.25 (59.57)
[468/469]	0.0014 (0.0107)	0.0001 (0.0091)	0.930 (1.302)	81.25 (62.00)
 * Train Acc 61.997
 * Val Acc 77.470, Total time 0.94
Epoch:1
LR: 0.001
Itr		Time		  Data		  Loss		Acc
[0/469]	0.1257 (0.1257)	0.1210 (0.1210)	0.884 (0.884)	75.00 (75.00)
[100/469]	0.0279 (0.0118)	0.0262 (0.0103)	0.805 (0.860)	74.22 (77.71)
[200/469]	0.0015 (0.0110)	0.0001 (0.0095)	0.814 (0.822)	75.78 (78.91)
[300/469]	0.0015 (0.0108)	0.0001 (0.0093)	0.737 (0.795)	83.59 (79.45)
[400/469]	0.0268 (0.0107)	0.0251 (0.0092)	0.626 (0.769)	85.94 (80.23)
[468/469]	0.0014 (0.0106)	0.0001 (0.0091)	0.678 (0.755)	83.33 (80.65)
 * Train Acc 80.647
 * Val Acc 83.670, Total time 0.94
validation split name: 1
 * Val Acc 72.780, Total time 0.72
validation split name: 2
 * Val Acc 77.700, Total time 0.95
validation split name: 3
 * Val Acc 78.430, Total time 0.95
validation split name: 4
 * Val Acc 81.100, Total time 0.94
validation split name: 5
 * Val Acc 78.560, Total time 0.94
validation split name: 6
 * Val Acc 81.620, Total time 0.94
validation split name: 7
 * Val Acc 83.670, Total time 0.93
====================== 8 =======================
Epoch:0
LR: 0.001
Itr		Time		  Data		  Loss		Acc
[0/469]	0.1234 (0.1234)	0.1191 (0.1191)	2.316 (2.316)	14.06 (14.06)
[100/469]	0.0015 (0.0114)	0.0001 (0.0099)	1.476 (1.832)	60.16 (36.83)
[200/469]	0.0015 (0.0109)	0.0001 (0.0093)	1.217 (1.575)	67.97 (49.79)
[300/469]	0.0280 (0.0108)	0.0264 (0.0093)	0.981 (1.413)	77.34 (56.84)
[400/469]	0.0015 (0.0107)	0.0001 (0.0092)	0.820 (1.293)	84.38 (61.48)
[468/469]	0.0205 (0.0106)	0.0189 (0.0091)	0.629 (1.229)	85.42 (63.88)
 * Train Acc 63.877
 * Val Acc 79.790, Total time 0.94
Epoch:1
LR: 0.001
Itr		Time		  Data		  Loss		Acc
[0/469]	0.1362 (0.1362)	0.1317 (0.1317)	0.761 (0.761)	84.38 (84.38)
[100/469]	0.0023 (0.0114)	0.0009 (0.0099)	0.711 (0.786)	82.03 (79.94)
[200/469]	0.0016 (0.0108)	0.0001 (0.0093)	0.664 (0.755)	85.16 (80.76)
[300/469]	0.0229 (0.0107)	0.0213 (0.0092)	0.669 (0.736)	77.34 (80.99)
[400/469]	0.0065 (0.0106)	0.0049 (0.0091)	0.616 (0.711)	85.94 (81.69)
[468/469]	0.0129 (0.0105)	0.0113 (0.0090)	0.552 (0.699)	87.50 (81.98)
 * Train Acc 81.978
 * Val Acc 85.010, Total time 0.95
validation split name: 1
 * Val Acc 69.610, Total time 0.70
validation split name: 2
 * Val Acc 77.890, Total time 0.95
validation split name: 3
 * Val Acc 78.890, Total time 0.95
validation split name: 4
 * Val Acc 79.730, Total time 0.94
validation split name: 5
 * Val Acc 78.700, Total time 0.94
validation split name: 6
 * Val Acc 81.940, Total time 0.95
validation split name: 7
 * Val Acc 82.980, Total time 0.94
validation split name: 8
 * Val Acc 85.010, Total time 0.95
====================== 9 =======================
Epoch:0
LR: 0.001
Itr		Time		  Data		  Loss		Acc
[0/469]	0.1308 (0.1308)	0.1264 (0.1264)	2.269 (2.269)	26.56 (26.56)
[100/469]	0.0015 (0.0114)	0.0002 (0.0098)	1.497 (1.700)	50.00 (43.90)
[200/469]	0.0291 (0.0110)	0.0274 (0.0095)	1.087 (1.461)	71.88 (53.98)
[300/469]	0.0014 (0.0108)	0.0001 (0.0093)	0.821 (1.313)	77.34 (59.57)
[400/469]	0.0014 (0.0106)	0.0001 (0.0092)	0.789 (1.204)	79.69 (63.75)
[468/469]	0.0013 (0.0106)	0.0001 (0.0092)	0.833 (1.145)	80.21 (65.97)
 * Train Acc 65.970
 * Val Acc 79.280, Total time 0.94
Epoch:1
LR: 0.001
Itr		Time		  Data		  Loss		Acc
[0/469]	0.1248 (0.1248)	0.1205 (0.1205)	0.943 (0.943)	68.75 (68.75)
[100/469]	0.0015 (0.0116)	0.0001 (0.0101)	0.646 (0.748)	85.94 (80.31)
[200/469]	0.0015 (0.0111)	0.0001 (0.0096)	0.716 (0.724)	78.91 (80.84)
[300/469]	0.0284 (0.0110)	0.0268 (0.0095)	0.542 (0.704)	85.16 (81.44)
[400/469]	0.0016 (0.0109)	0.0001 (0.0094)	0.563 (0.684)	81.25 (81.96)
[468/469]	0.0208 (0.0108)	0.0192 (0.0093)	0.535 (0.673)	88.54 (82.20)
 * Train Acc 82.200
 * Val Acc 84.950, Total time 0.95
validation split name: 1
 * Val Acc 69.300, Total time 0.69
validation split name: 2
 * Val Acc 77.730, Total time 0.95
validation split name: 3
 * Val Acc 78.610, Total time 0.96
validation split name: 4
 * Val Acc 79.990, Total time 0.94
validation split name: 5
 * Val Acc 80.260, Total time 0.95
validation split name: 6
 * Val Acc 81.010, Total time 0.93
validation split name: 7
 * Val Acc 82.570, Total time 0.93
validation split name: 8
 * Val Acc 84.720, Total time 0.94
validation split name: 9
 * Val Acc 84.950, Total time 0.94
====================== 10 =======================
Epoch:0
LR: 0.001
Itr		Time		  Data		  Loss		Acc
[0/469]	0.1257 (0.1257)	0.1219 (0.1219)	2.244 (2.244)	17.97 (17.97)
[100/469]	0.0015 (0.0117)	0.0001 (0.0100)	1.328 (1.740)	62.50 (40.73)
[200/469]	0.0286 (0.0113)	0.0269 (0.0097)	1.086 (1.481)	69.53 (52.59)
[300/469]	0.0015 (0.0110)	0.0001 (0.0094)	0.882 (1.317)	69.53 (59.33)
[400/469]	0.0015 (0.0108)	0.0001 (0.0093)	0.913 (1.202)	75.00 (63.71)
[468/469]	0.0014 (0.0108)	0.0001 (0.0093)	0.691 (1.140)	83.33 (66.01)
 * Train Acc 66.007
 * Val Acc 80.790, Total time 0.93
Epoch:1
LR: 0.001
Itr		Time		  Data		  Loss		Acc
[0/469]	0.1225 (0.1225)	0.1189 (0.1189)	0.725 (0.725)	80.47 (80.47)
[100/469]	0.0049 (0.0114)	0.0036 (0.0101)	0.716 (0.722)	82.81 (81.03)
[200/469]	0.0015 (0.0109)	0.0001 (0.0095)	0.638 (0.695)	84.38 (81.65)
[300/469]	0.0231 (0.0108)	0.0219 (0.0094)	0.624 (0.676)	82.81 (82.10)
[400/469]	0.0095 (0.0107)	0.0082 (0.0093)	0.565 (0.657)	84.38 (82.60)
[468/469]	0.0110 (0.0106)	0.0097 (0.0093)	0.547 (0.643)	86.46 (82.89)
 * Train Acc 82.893
 * Val Acc 85.300, Total time 0.95
validation split name: 1
 * Val Acc 68.270, Total time 0.69
validation split name: 2
 * Val Acc 76.860, Total time 0.95
validation split name: 3
 * Val Acc 77.450, Total time 0.94
validation split name: 4
 * Val Acc 78.180, Total time 0.94
validation split name: 5
 * Val Acc 78.740, Total time 0.97
validation split name: 6
 * Val Acc 81.560, Total time 0.95
validation split name: 7
 * Val Acc 80.910, Total time 0.95
validation split name: 8
 * Val Acc 83.350, Total time 0.95
validation split name: 9
 * Val Acc 82.060, Total time 0.94
validation split name: 10
 * Val Acc 85.300, Total time 0.94
OrderedDict([('1', OrderedDict([('1', 77.03), ('2', 77.09), ('3', 76.86), ('4', 76.67), ('5', 76.2), ('6', 74.84), ('7', 72.78), ('8', 69.61), ('9', 69.3), ('10', 68.27)])), ('2', OrderedDict([('2', 78.85), ('3', 78.72), ('4', 78.13), ('5', 79.37), ('6', 76.45), ('7', 77.7), ('8', 77.89), ('9', 77.73), ('10', 76.86)])), ('3', OrderedDict([('3', 81.48), ('4', 80.8), ('5', 81.38), ('6', 78.42), ('7', 78.43), ('8', 78.89), ('9', 78.61), ('10', 77.45)])), ('4', OrderedDict([('4', 82.95), ('5', 83.1), ('6', 80.79), ('7', 81.1), ('8', 79.73), ('9', 79.99), ('10', 78.18)])), ('5', OrderedDict([('5', 82.82), ('6', 80.27), ('7', 78.56), ('8', 78.7), ('9', 80.26), ('10', 78.74)])), ('6', OrderedDict([('6', 83.0), ('7', 81.62), ('8', 81.94), ('9', 81.01), ('10', 81.56)])), ('7', OrderedDict([('7', 83.67), ('8', 82.98), ('9', 82.57), ('10', 80.91)])), ('8', OrderedDict([('8', 85.01), ('9', 84.72), ('10', 83.35)])), ('9', OrderedDict([('9', 84.95), ('10', 82.06)])), ('10', OrderedDict([('10', 85.3)]))])
Task 1 average acc: 77.03
Task 2 average acc: 77.97
Task 3 average acc: 79.02
Task 4 average acc: 79.6375
Task 5 average acc: 80.57399999999998
Task 6 average acc: 78.96166666666667
Task 7 average acc: 79.12285714285714
Task 8 average acc: 79.34375
Task 9 average acc: 79.90444444444445
Task 10 average acc: 79.268
===Summary of experiment repeats: 1 / 5 ===
The regularization coefficient: 0.0
The last avg acc of all repeats: [79.268  0.     0.     0.     0.   ]
mean: 15.8536 std: 31.7072
MLP(
  (linear): Sequential(
    (0): Linear(in_features=1024, out_features=1000, bias=True)
    (1): ReLU(inplace=True)
    (2): Linear(in_features=1000, out_features=1000, bias=True)
    (3): ReLU(inplace=True)
  )
  (last): ModuleDict(
    (All): Linear(in_features=1000, out_features=10, bias=True)
  )
)
#parameter of model: 2036010
Task order: ['1', '2', '3', '4', '5', '6', '7', '8', '9', '10']
====================== 1 =======================
Epoch:0
LR: 0.001
Itr		Time		  Data		  Loss		Acc
[0/469]	0.1287 (0.1287)	0.1247 (0.1247)	2.312 (2.312)	7.03 (7.03)
[100/469]	0.0015 (0.0086)	0.0001 (0.0070)	2.236 (2.272)	21.88 (16.14)
[200/469]	0.0021 (0.0079)	0.0007 (0.0064)	2.177 (2.238)	44.53 (27.62)
[300/469]	0.0185 (0.0077)	0.0170 (0.0062)	2.119 (2.206)	62.50 (37.56)
[400/469]	0.0052 (0.0076)	0.0037 (0.0061)	2.027 (2.173)	64.06 (44.39)
[468/469]	0.0053 (0.0075)	0.0040 (0.0060)	1.966 (2.149)	63.54 (47.85)
 * Train Acc 47.852
 * Val Acc 70.310, Total time 0.69
Epoch:1
LR: 0.001
Itr		Time		  Data		  Loss		Acc
[0/469]	0.1149 (0.1149)	0.1108 (0.1108)	2.001 (2.001)	69.53 (69.53)
[100/469]	0.0187 (0.0091)	0.0171 (0.0076)	1.882 (1.933)	70.31 (70.46)
[200/469]	0.0014 (0.0081)	0.0001 (0.0067)	1.750 (1.887)	73.44 (71.01)
[300/469]	0.0016 (0.0078)	0.0002 (0.0065)	1.619 (1.839)	81.25 (71.41)
[400/469]	0.0194 (0.0078)	0.0181 (0.0065)	1.595 (1.785)	74.22 (72.16)
[468/469]	0.0013 (0.0078)	0.0001 (0.0064)	1.532 (1.749)	67.71 (72.47)
 * Train Acc 72.470
 * Val Acc 76.080, Total time 0.70
validation split name: 1
 * Val Acc 76.080, Total time 0.71
====================== 2 =======================
Epoch:0
LR: 0.001
Itr		Time		  Data		  Loss		Acc
[0/469]	0.1381 (0.1381)	0.1341 (0.1341)	2.310 (2.310)	10.16 (10.16)
[100/469]	0.0015 (0.0119)	0.0002 (0.0104)	2.177 (2.249)	46.88 (26.72)
[200/469]	0.0015 (0.0111)	0.0001 (0.0096)	2.099 (2.191)	53.12 (37.98)
[300/469]	0.0279 (0.0109)	0.0262 (0.0094)	1.938 (2.133)	67.97 (45.79)
[400/469]	0.0015 (0.0107)	0.0001 (0.0092)	1.832 (2.073)	70.31 (51.04)
[468/469]	0.0205 (0.0106)	0.0190 (0.0092)	1.791 (2.032)	66.67 (53.74)
 * Train Acc 53.743
 * Val Acc 71.060, Total time 0.97
Epoch:1
LR: 0.001
Itr		Time		  Data		  Loss		Acc
[0/469]	0.1251 (0.1251)	0.1209 (0.1209)	1.751 (1.751)	70.31 (70.31)
[100/469]	0.0047 (0.0114)	0.0033 (0.0100)	1.616 (1.679)	70.31 (71.80)
[200/469]	0.0016 (0.0109)	0.0003 (0.0095)	1.495 (1.612)	70.31 (72.39)
[300/469]	0.0196 (0.0108)	0.0182 (0.0093)	1.446 (1.550)	70.31 (73.15)
[400/469]	0.0114 (0.0107)	0.0097 (0.0092)	1.157 (1.489)	78.91 (73.86)
[468/469]	0.0115 (0.0106)	0.0099 (0.0092)	1.176 (1.449)	79.17 (74.42)
 * Train Acc 74.422
 * Val Acc 78.890, Total time 0.96
validation split name: 1
 * Val Acc 75.440, Total time 0.69
validation split name: 2
 * Val Acc 78.890, Total time 0.94
====================== 3 =======================
Epoch:0
LR: 0.001
Itr		Time		  Data		  Loss		Acc
[0/469]	0.1230 (0.1230)	0.1191 (0.1191)	2.268 (2.268)	15.62 (15.62)
[100/469]	0.0267 (0.0121)	0.0250 (0.0105)	2.106 (2.181)	38.28 (28.65)
[200/469]	0.0033 (0.0113)	0.0017 (0.0097)	1.962 (2.087)	51.56 (39.49)
[300/469]	0.0015 (0.0110)	0.0002 (0.0094)	1.762 (1.995)	64.06 (46.63)
[400/469]	0.0265 (0.0109)	0.0249 (0.0093)	1.536 (1.907)	61.72 (51.50)
[468/469]	0.0014 (0.0108)	0.0001 (0.0093)	1.489 (1.852)	68.75 (54.06)
 * Train Acc 54.058
 * Val Acc 72.260, Total time 0.95
Epoch:1
LR: 0.001
Itr		Time		  Data		  Loss		Acc
[0/469]	0.1241 (0.1241)	0.1201 (0.1201)	1.473 (1.473)	76.56 (76.56)
[100/469]	0.0114 (0.0115)	0.0098 (0.0101)	1.399 (1.393)	67.19 (71.71)
[200/469]	0.0113 (0.0110)	0.0098 (0.0095)	1.179 (1.324)	75.78 (73.28)
[300/469]	0.0145 (0.0108)	0.0131 (0.0094)	1.182 (1.268)	71.09 (74.25)
[400/469]	0.0048 (0.0107)	0.0035 (0.0092)	1.099 (1.216)	74.22 (75.19)
[468/469]	0.0014 (0.0107)	0.0001 (0.0092)	1.041 (1.184)	79.17 (75.84)
 * Train Acc 75.837
 * Val Acc 81.420, Total time 0.93
validation split name: 1
 * Val Acc 77.460, Total time 0.70
validation split name: 2
 * Val Acc 79.400, Total time 0.98
validation split name: 3
 * Val Acc 81.420, Total time 0.99
====================== 4 =======================
Epoch:0
LR: 0.001
Itr		Time		  Data		  Loss		Acc
[0/469]	0.1400 (0.1400)	0.1354 (0.1354)	2.218 (2.218)	14.06 (14.06)
[100/469]	0.0015 (0.0120)	0.0002 (0.0105)	1.984 (2.080)	35.94 (29.87)
[200/469]	0.0016 (0.0112)	0.0001 (0.0097)	1.735 (1.943)	54.69 (41.33)
[300/469]	0.0286 (0.0110)	0.0270 (0.0095)	1.496 (1.822)	66.41 (48.83)
[400/469]	0.0015 (0.0109)	0.0001 (0.0094)	1.248 (1.719)	78.12 (53.92)
[468/469]	0.0207 (0.0108)	0.0194 (0.0093)	1.318 (1.656)	63.54 (56.57)
 * Train Acc 56.572
 * Val Acc 74.110, Total time 0.93
Epoch:1
LR: 0.001
Itr		Time		  Data		  Loss		Acc
[0/469]	0.1408 (0.1408)	0.1362 (0.1362)	1.271 (1.271)	71.09 (71.09)
[100/469]	0.0123 (0.0120)	0.0107 (0.0105)	1.107 (1.170)	74.22 (74.52)
[200/469]	0.0015 (0.0111)	0.0001 (0.0096)	1.126 (1.112)	69.53 (75.84)
[300/469]	0.0090 (0.0108)	0.0074 (0.0093)	0.984 (1.067)	79.69 (76.94)
[400/469]	0.0268 (0.0107)	0.0252 (0.0092)	0.856 (1.027)	79.69 (77.74)
[468/469]	0.0014 (0.0106)	0.0001 (0.0091)	0.831 (1.001)	80.21 (78.30)
 * Train Acc 78.298
 * Val Acc 82.510, Total time 0.97
validation split name: 1
 * Val Acc 76.640, Total time 0.69
validation split name: 2
 * Val Acc 79.300, Total time 0.94
validation split name: 3
 * Val Acc 80.480, Total time 0.96
validation split name: 4
 * Val Acc 82.510, Total time 0.94
====================== 5 =======================
Epoch:0
LR: 0.001
Itr		Time		  Data		  Loss		Acc
[0/469]	0.1247 (0.1247)	0.1209 (0.1209)	2.146 (2.146)	25.00 (25.00)
[100/469]	0.0015 (0.0115)	0.0001 (0.0100)	1.779 (1.968)	51.56 (35.24)
[200/469]	0.0015 (0.0109)	0.0001 (0.0095)	1.574 (1.803)	58.59 (45.59)
[300/469]	0.0279 (0.0108)	0.0263 (0.0094)	1.236 (1.669)	73.44 (52.23)
[400/469]	0.0024 (0.0107)	0.0010 (0.0092)	1.137 (1.559)	74.22 (56.87)
[468/469]	0.0014 (0.0107)	0.0001 (0.0092)	1.143 (1.493)	78.12 (59.37)
 * Train Acc 59.365
 * Val Acc 75.890, Total time 0.95
Epoch:1
LR: 0.001
Itr		Time		  Data		  Loss		Acc
[0/469]	0.1246 (0.1246)	0.1202 (0.1202)	1.059 (1.059)	78.12 (78.12)
[100/469]	0.0027 (0.0115)	0.0010 (0.0100)	1.026 (1.022)	75.78 (76.78)
[200/469]	0.0015 (0.0109)	0.0002 (0.0094)	0.928 (0.972)	79.69 (78.16)
[300/469]	0.0265 (0.0108)	0.0249 (0.0093)	0.760 (0.937)	85.94 (78.79)
[400/469]	0.0026 (0.0107)	0.0009 (0.0092)	0.688 (0.901)	87.50 (79.69)
[468/469]	0.0198 (0.0107)	0.0183 (0.0091)	0.733 (0.879)	81.25 (80.14)
 * Train Acc 80.145
 * Val Acc 83.540, Total time 0.94
validation split name: 1
 * Val Acc 75.880, Total time 0.70
validation split name: 2
 * Val Acc 78.120, Total time 0.94
validation split name: 3
 * Val Acc 80.530, Total time 0.95
validation split name: 4
 * Val Acc 80.430, Total time 0.96
validation split name: 5
 * Val Acc 83.540, Total time 0.94
====================== 6 =======================
Epoch:0
LR: 0.001
Itr		Time		  Data		  Loss		Acc
[0/469]	0.1368 (0.1368)	0.1325 (0.1325)	2.103 (2.103)	22.66 (22.66)
[100/469]	0.0109 (0.0118)	0.0093 (0.0102)	1.685 (1.878)	53.91 (37.56)
[200/469]	0.0015 (0.0110)	0.0001 (0.0095)	1.393 (1.681)	67.19 (48.78)
[300/469]	0.0116 (0.0108)	0.0101 (0.0092)	1.123 (1.535)	75.00 (55.21)
[400/469]	0.0162 (0.0107)	0.0146 (0.0091)	0.919 (1.419)	78.91 (59.85)
[468/469]	0.0062 (0.0106)	0.0046 (0.0091)	0.873 (1.356)	81.25 (62.14)
 * Train Acc 62.138
 * Val Acc 78.780, Total time 0.95
Epoch:1
LR: 0.001
Itr		Time		  Data		  Loss		Acc
[0/469]	0.1226 (0.1226)	0.1182 (0.1182)	1.032 (1.032)	72.66 (72.66)
[100/469]	0.0077 (0.0117)	0.0059 (0.0100)	0.925 (0.906)	77.34 (78.26)
[200/469]	0.0015 (0.0111)	0.0002 (0.0095)	0.753 (0.859)	85.94 (79.39)
[300/469]	0.0052 (0.0109)	0.0038 (0.0093)	0.721 (0.826)	80.47 (80.32)
[400/469]	0.0283 (0.0108)	0.0266 (0.0093)	0.575 (0.800)	89.84 (80.94)
[468/469]	0.0015 (0.0107)	0.0002 (0.0092)	0.603 (0.784)	84.38 (81.19)
 * Train Acc 81.187
 * Val Acc 84.490, Total time 0.98
validation split name: 1
 * Val Acc 74.120, Total time 0.71
validation split name: 2
 * Val Acc 76.830, Total time 0.94
validation split name: 3
 * Val Acc 79.450, Total time 0.93
validation split name: 4
 * Val Acc 80.700, Total time 0.95
validation split name: 5
 * Val Acc 82.950, Total time 0.93
validation split name: 6
 * Val Acc 84.490, Total time 0.94
====================== 7 =======================
Epoch:0
LR: 0.001
Itr		Time		  Data		  Loss		Acc
[0/469]	0.1380 (0.1380)	0.1339 (0.1339)	2.059 (2.059)	20.31 (20.31)
[100/469]	0.0015 (0.0119)	0.0001 (0.0105)	1.488 (1.752)	62.50 (45.30)
[200/469]	0.0023 (0.0111)	0.0009 (0.0096)	1.220 (1.551)	71.09 (55.34)
[300/469]	0.0270 (0.0109)	0.0254 (0.0094)	1.090 (1.410)	68.75 (61.01)
[400/469]	0.0015 (0.0107)	0.0001 (0.0093)	0.841 (1.303)	78.91 (64.85)
[468/469]	0.0201 (0.0107)	0.0188 (0.0092)	0.931 (1.245)	77.08 (66.77)
 * Train Acc 66.768
 * Val Acc 80.740, Total time 0.93
Epoch:1
LR: 0.001
Itr		Time		  Data		  Loss		Acc
[0/469]	0.1346 (0.1346)	0.1299 (0.1299)	0.832 (0.832)	83.59 (83.59)
[100/469]	0.0014 (0.0117)	0.0001 (0.0102)	0.732 (0.819)	86.72 (80.62)
[200/469]	0.0015 (0.0110)	0.0002 (0.0095)	0.702 (0.795)	82.03 (81.09)
[300/469]	0.0282 (0.0108)	0.0265 (0.0094)	0.634 (0.764)	85.94 (81.83)
[400/469]	0.0017 (0.0107)	0.0001 (0.0092)	0.628 (0.738)	86.72 (82.29)
[468/469]	0.0205 (0.0106)	0.0191 (0.0092)	0.718 (0.724)	82.29 (82.53)
 * Train Acc 82.535
 * Val Acc 84.940, Total time 0.94
validation split name: 1
 * Val Acc 75.600, Total time 0.70
validation split name: 2
 * Val Acc 74.460, Total time 0.94
validation split name: 3
 * Val Acc 78.520, Total time 0.93
validation split name: 4
 * Val Acc 80.010, Total time 0.93
validation split name: 5
 * Val Acc 81.650, Total time 0.94
validation split name: 6
 * Val Acc 83.590, Total time 0.95
validation split name: 7
 * Val Acc 84.940, Total time 0.95
====================== 8 =======================
Epoch:0
LR: 0.001
Itr		Time		  Data		  Loss		Acc
[0/469]	0.1254 (0.1254)	0.1203 (0.1203)	2.345 (2.345)	9.38 (9.38)
[100/469]	0.0015 (0.0116)	0.0001 (0.0100)	1.443 (1.758)	58.59 (40.32)
[200/469]	0.0016 (0.0110)	0.0001 (0.0095)	1.148 (1.518)	67.19 (52.71)
[300/469]	0.0294 (0.0109)	0.0274 (0.0094)	0.937 (1.360)	78.12 (59.25)
[400/469]	0.0016 (0.0108)	0.0002 (0.0093)	0.834 (1.248)	79.69 (63.45)
[468/469]	0.0154 (0.0108)	0.0140 (0.0093)	0.748 (1.189)	81.25 (65.58)
 * Train Acc 65.585
 * Val Acc 79.600, Total time 0.97
Epoch:1
LR: 0.001
Itr		Time		  Data		  Loss		Acc
[0/469]	0.1288 (0.1288)	0.1250 (0.1250)	0.704 (0.704)	86.72 (86.72)
[100/469]	0.0015 (0.0115)	0.0001 (0.0102)	0.778 (0.775)	81.25 (79.75)
[200/469]	0.0021 (0.0110)	0.0009 (0.0096)	0.702 (0.741)	80.47 (80.87)
[300/469]	0.0278 (0.0108)	0.0264 (0.0095)	0.646 (0.716)	85.94 (81.57)
[400/469]	0.0016 (0.0107)	0.0002 (0.0094)	0.546 (0.698)	87.50 (82.04)
[468/469]	0.0216 (0.0107)	0.0202 (0.0094)	0.665 (0.686)	80.21 (82.24)
 * Train Acc 82.238
 * Val Acc 84.770, Total time 0.94
validation split name: 1
 * Val Acc 73.690, Total time 0.76
validation split name: 2
 * Val Acc 72.720, Total time 0.94
validation split name: 3
 * Val Acc 76.910, Total time 0.95
validation split name: 4
 * Val Acc 78.020, Total time 0.97
validation split name: 5
 * Val Acc 80.380, Total time 0.94
validation split name: 6
 * Val Acc 82.480, Total time 0.94
validation split name: 7
 * Val Acc 83.720, Total time 0.96
validation split name: 8
 * Val Acc 84.770, Total time 0.94
====================== 9 =======================
Epoch:0
LR: 0.001
Itr		Time		  Data		  Loss		Acc
[0/469]	0.1369 (0.1369)	0.1335 (0.1335)	1.915 (1.915)	34.38 (34.38)
[100/469]	0.0014 (0.0120)	0.0001 (0.0107)	1.369 (1.614)	56.25 (46.97)
[200/469]	0.0199 (0.0113)	0.0185 (0.0099)	1.039 (1.404)	75.00 (56.34)
[300/469]	0.0047 (0.0110)	0.0033 (0.0096)	0.982 (1.266)	69.53 (61.83)
[400/469]	0.0014 (0.0108)	0.0001 (0.0095)	0.749 (1.168)	80.47 (65.47)
[468/469]	0.0014 (0.0108)	0.0001 (0.0094)	0.753 (1.112)	78.12 (67.41)
 * Train Acc 67.413
 * Val Acc 80.230, Total time 0.96
Epoch:1
LR: 0.001
Itr		Time		  Data		  Loss		Acc
[0/469]	0.1249 (0.1249)	0.1206 (0.1206)	0.802 (0.802)	82.81 (82.81)
[100/469]	0.0015 (0.0116)	0.0001 (0.0101)	0.770 (0.736)	81.25 (80.47)
[200/469]	0.0015 (0.0110)	0.0001 (0.0096)	0.602 (0.711)	85.94 (80.96)
[300/469]	0.0284 (0.0109)	0.0268 (0.0095)	0.587 (0.691)	84.38 (81.48)
[400/469]	0.0015 (0.0108)	0.0001 (0.0094)	0.627 (0.670)	83.59 (81.99)
[468/469]	0.0208 (0.0108)	0.0194 (0.0093)	0.527 (0.658)	88.54 (82.25)
 * Train Acc 82.250
 * Val Acc 85.070, Total time 0.94
validation split name: 1
 * Val Acc 73.420, Total time 0.73
validation split name: 2
 * Val Acc 73.780, Total time 0.95
validation split name: 3
 * Val Acc 77.500, Total time 0.94
validation split name: 4
 * Val Acc 78.180, Total time 0.95
validation split name: 5
 * Val Acc 79.460, Total time 0.95
validation split name: 6
 * Val Acc 82.500, Total time 0.94
validation split name: 7
 * Val Acc 82.660, Total time 0.96
validation split name: 8
 * Val Acc 83.800, Total time 0.94
validation split name: 9
 * Val Acc 85.070, Total time 0.95
====================== 10 =======================
Epoch:0
LR: 0.001
Itr		Time		  Data		  Loss		Acc
[0/469]	0.1263 (0.1263)	0.1225 (0.1225)	2.533 (2.533)	19.53 (19.53)
[100/469]	0.0076 (0.0114)	0.0062 (0.0101)	1.422 (1.825)	56.25 (37.53)
[200/469]	0.0015 (0.0109)	0.0001 (0.0095)	1.213 (1.528)	63.28 (51.01)
[300/469]	0.0264 (0.0108)	0.0250 (0.0094)	0.979 (1.354)	73.44 (58.02)
[400/469]	0.0029 (0.0107)	0.0015 (0.0093)	0.850 (1.230)	78.12 (62.74)
[468/469]	0.0198 (0.0107)	0.0186 (0.0093)	0.806 (1.165)	75.00 (65.16)
 * Train Acc 65.160
 * Val Acc 81.070, Total time 0.95
Epoch:1
LR: 0.001
Itr		Time		  Data		  Loss		Acc
[0/469]	0.1206 (0.1206)	0.1163 (0.1163)	0.744 (0.744)	82.03 (82.03)
[100/469]	0.0266 (0.0119)	0.0252 (0.0104)	0.720 (0.726)	85.16 (80.82)
[200/469]	0.0031 (0.0110)	0.0019 (0.0097)	0.527 (0.695)	89.84 (81.62)
[300/469]	0.0014 (0.0107)	0.0001 (0.0094)	0.643 (0.675)	82.81 (82.01)
[400/469]	0.0267 (0.0107)	0.0253 (0.0093)	0.601 (0.655)	80.47 (82.60)
[468/469]	0.0013 (0.0106)	0.0001 (0.0092)	0.579 (0.643)	83.33 (82.91)
 * Train Acc 82.907
 * Val Acc 85.890, Total time 0.95
validation split name: 1
 * Val Acc 72.160, Total time 0.70
validation split name: 2
 * Val Acc 72.160, Total time 0.95
validation split name: 3
 * Val Acc 77.570, Total time 0.95
validation split name: 4
 * Val Acc 75.580, Total time 0.94
validation split name: 5
 * Val Acc 78.630, Total time 0.93
validation split name: 6
 * Val Acc 80.540, Total time 0.94
validation split name: 7
 * Val Acc 80.870, Total time 0.94
validation split name: 8
 * Val Acc 81.420, Total time 0.97
validation split name: 9
 * Val Acc 84.580, Total time 0.94
validation split name: 10
 * Val Acc 85.890, Total time 0.94
OrderedDict([('1', OrderedDict([('1', 76.08), ('2', 75.44), ('3', 77.46), ('4', 76.64), ('5', 75.88), ('6', 74.12), ('7', 75.6), ('8', 73.69), ('9', 73.42), ('10', 72.16)])), ('2', OrderedDict([('2', 78.89), ('3', 79.4), ('4', 79.3), ('5', 78.12), ('6', 76.83), ('7', 74.46), ('8', 72.72), ('9', 73.78), ('10', 72.16)])), ('3', OrderedDict([('3', 81.42), ('4', 80.48), ('5', 80.53), ('6', 79.45), ('7', 78.52), ('8', 76.91), ('9', 77.5), ('10', 77.57)])), ('4', OrderedDict([('4', 82.51), ('5', 80.43), ('6', 80.7), ('7', 80.01), ('8', 78.02), ('9', 78.18), ('10', 75.58)])), ('5', OrderedDict([('5', 83.54), ('6', 82.95), ('7', 81.65), ('8', 80.38), ('9', 79.46), ('10', 78.63)])), ('6', OrderedDict([('6', 84.49), ('7', 83.59), ('8', 82.48), ('9', 82.5), ('10', 80.54)])), ('7', OrderedDict([('7', 84.94), ('8', 83.72), ('9', 82.66), ('10', 80.87)])), ('8', OrderedDict([('8', 84.77), ('9', 83.8), ('10', 81.42)])), ('9', OrderedDict([('9', 85.07), ('10', 84.58)])), ('10', OrderedDict([('10', 85.89)]))])
Task 1 average acc: 76.08
Task 2 average acc: 77.16499999999999
Task 3 average acc: 79.42666666666668
Task 4 average acc: 79.7325
Task 5 average acc: 79.70000000000002
Task 6 average acc: 79.75666666666666
Task 7 average acc: 79.82428571428571
Task 8 average acc: 79.08624999999999
Task 9 average acc: 79.59666666666665
Task 10 average acc: 78.94
===Summary of experiment repeats: 2 / 5 ===
The regularization coefficient: 0.0
The last avg acc of all repeats: [79.268 78.94   0.     0.     0.   ]
mean: 31.6416 std: 38.753026130097254
MLP(
  (linear): Sequential(
    (0): Linear(in_features=1024, out_features=1000, bias=True)
    (1): ReLU(inplace=True)
    (2): Linear(in_features=1000, out_features=1000, bias=True)
    (3): ReLU(inplace=True)
  )
  (last): ModuleDict(
    (All): Linear(in_features=1000, out_features=10, bias=True)
  )
)
#parameter of model: 2036010
Task order: ['1', '2', '3', '4', '5', '6', '7', '8', '9', '10']
====================== 1 =======================
Epoch:0
LR: 0.001
Itr		Time		  Data		  Loss		Acc
[0/469]	0.1184 (0.1184)	0.1117 (0.1117)	2.314 (2.314)	5.47 (5.47)
[100/469]	0.0086 (0.0088)	0.0069 (0.0072)	2.245 (2.281)	28.91 (16.17)
[200/469]	0.0156 (0.0081)	0.0139 (0.0065)	2.163 (2.246)	60.16 (30.74)
[300/469]	0.0015 (0.0078)	0.0001 (0.0063)	2.128 (2.212)	59.38 (40.28)
[400/469]	0.0049 (0.0077)	0.0032 (0.0061)	2.037 (2.175)	70.31 (46.50)
[468/469]	0.0014 (0.0077)	0.0001 (0.0061)	1.976 (2.150)	69.79 (49.69)
 * Train Acc 49.687
 * Val Acc 70.710, Total time 0.68
Epoch:1
LR: 0.001
Itr		Time		  Data		  Loss		Acc
[0/469]	0.1225 (0.1225)	0.1186 (0.1186)	1.991 (1.991)	68.75 (68.75)
[100/469]	0.0136 (0.0085)	0.0119 (0.0068)	1.893 (1.928)	67.19 (70.67)
[200/469]	0.0015 (0.0078)	0.0001 (0.0062)	1.778 (1.879)	75.00 (71.30)
[300/469]	0.0037 (0.0076)	0.0020 (0.0060)	1.698 (1.827)	77.34 (72.26)
[400/469]	0.0179 (0.0075)	0.0163 (0.0060)	1.557 (1.775)	75.78 (72.86)
[468/469]	0.0014 (0.0075)	0.0001 (0.0059)	1.508 (1.739)	70.83 (73.31)
 * Train Acc 73.307
 * Val Acc 77.660, Total time 0.69
validation split name: 1
 * Val Acc 77.660, Total time 0.70
====================== 2 =======================
Epoch:0
LR: 0.001
Itr		Time		  Data		  Loss		Acc
[0/469]	0.1374 (0.1374)	0.1332 (0.1332)	2.303 (2.303)	14.06 (14.06)
[100/469]	0.0016 (0.0118)	0.0001 (0.0102)	2.176 (2.235)	35.16 (24.03)
[200/469]	0.0232 (0.0112)	0.0216 (0.0096)	2.105 (2.180)	50.78 (35.96)
[300/469]	0.0027 (0.0109)	0.0010 (0.0094)	1.977 (2.122)	59.38 (44.80)
[400/469]	0.0015 (0.0108)	0.0001 (0.0092)	1.807 (2.065)	70.31 (50.48)
[468/469]	0.0014 (0.0108)	0.0001 (0.0092)	1.713 (2.024)	72.92 (53.48)
 * Train Acc 53.475
 * Val Acc 72.230, Total time 0.94
Epoch:1
LR: 0.001
Itr		Time		  Data		  Loss		Acc
[0/469]	0.1239 (0.1239)	0.1197 (0.1197)	1.717 (1.717)	67.19 (67.19)
[100/469]	0.0027 (0.0113)	0.0014 (0.0100)	1.596 (1.673)	71.09 (72.12)
[200/469]	0.0015 (0.0108)	0.0002 (0.0094)	1.451 (1.608)	76.56 (72.84)
[300/469]	0.0254 (0.0107)	0.0241 (0.0093)	1.289 (1.543)	76.56 (73.63)
[400/469]	0.0085 (0.0105)	0.0073 (0.0092)	1.232 (1.483)	75.78 (74.45)
[468/469]	0.0064 (0.0105)	0.0051 (0.0092)	1.183 (1.444)	77.08 (74.89)
 * Train Acc 74.890
 * Val Acc 79.100, Total time 0.95
validation split name: 1
 * Val Acc 75.240, Total time 0.71
validation split name: 2
 * Val Acc 79.100, Total time 0.94
====================== 3 =======================
Epoch:0
LR: 0.001
Itr		Time		  Data		  Loss		Acc
[0/469]	0.1408 (0.1408)	0.1360 (0.1360)	2.289 (2.289)	10.16 (10.16)
[100/469]	0.0015 (0.0118)	0.0002 (0.0102)	2.075 (2.171)	43.75 (30.81)
[200/469]	0.0291 (0.0112)	0.0274 (0.0097)	1.830 (2.076)	66.41 (42.62)
[300/469]	0.0015 (0.0109)	0.0001 (0.0094)	1.734 (1.984)	62.50 (49.79)
[400/469]	0.0015 (0.0107)	0.0001 (0.0093)	1.537 (1.897)	70.31 (54.36)
[468/469]	0.0014 (0.0107)	0.0001 (0.0092)	1.384 (1.838)	73.96 (56.80)
 * Train Acc 56.805
 * Val Acc 72.220, Total time 0.94
Epoch:1
LR: 0.001
Itr		Time		  Data		  Loss		Acc
[0/469]	0.1369 (0.1369)	0.1331 (0.1331)	1.417 (1.417)	69.53 (69.53)
[100/469]	0.0015 (0.0119)	0.0001 (0.0104)	1.268 (1.378)	75.00 (72.43)
[200/469]	0.0031 (0.0111)	0.0015 (0.0096)	1.215 (1.310)	76.56 (74.39)
[300/469]	0.0263 (0.0109)	0.0248 (0.0094)	1.124 (1.250)	75.78 (75.53)
[400/469]	0.0015 (0.0107)	0.0001 (0.0092)	0.965 (1.199)	85.16 (76.50)
[468/469]	0.0206 (0.0107)	0.0190 (0.0092)	0.996 (1.167)	78.12 (76.97)
 * Train Acc 76.970
 * Val Acc 81.650, Total time 0.94
validation split name: 1
 * Val Acc 75.760, Total time 0.71
validation split name: 2
 * Val Acc 79.250, Total time 0.96
validation split name: 3
 * Val Acc 81.650, Total time 0.93
====================== 4 =======================
Epoch:0
LR: 0.001
Itr		Time		  Data		  Loss		Acc
[0/469]	0.1244 (0.1244)	0.1204 (0.1204)	2.300 (2.300)	14.06 (14.06)
[100/469]	0.0283 (0.0120)	0.0266 (0.0105)	1.965 (2.138)	36.72 (27.96)
[200/469]	0.0015 (0.0111)	0.0001 (0.0096)	1.788 (1.998)	48.44 (39.09)
[300/469]	0.0015 (0.0108)	0.0001 (0.0093)	1.450 (1.875)	75.78 (46.68)
[400/469]	0.0277 (0.0107)	0.0261 (0.0093)	1.298 (1.765)	75.78 (51.93)
[468/469]	0.0014 (0.0106)	0.0001 (0.0092)	1.290 (1.700)	69.79 (54.66)
 * Train Acc 54.663
 * Val Acc 73.370, Total time 0.95
Epoch:1
LR: 0.001
Itr		Time		  Data		  Loss		Acc
[0/469]	0.1260 (0.1260)	0.1219 (0.1219)	1.314 (1.314)	71.09 (71.09)
[100/469]	0.0276 (0.0122)	0.0263 (0.0106)	1.154 (1.193)	75.78 (74.37)
[200/469]	0.0014 (0.0112)	0.0001 (0.0097)	1.037 (1.140)	79.69 (75.09)
[300/469]	0.0014 (0.0111)	0.0001 (0.0096)	0.899 (1.090)	83.59 (76.27)
[400/469]	0.0289 (0.0111)	0.0273 (0.0096)	0.907 (1.046)	81.25 (77.24)
[468/469]	0.0014 (0.0110)	0.0001 (0.0095)	0.847 (1.020)	86.46 (77.77)
 * Train Acc 77.765
 * Val Acc 82.690, Total time 0.94
validation split name: 1
 * Val Acc 75.880, Total time 0.70
validation split name: 2
 * Val Acc 76.410, Total time 0.95
validation split name: 3
 * Val Acc 80.750, Total time 0.94
validation split name: 4
 * Val Acc 82.690, Total time 0.95
====================== 5 =======================
Epoch:0
LR: 0.001
Itr		Time		  Data		  Loss		Acc
[0/469]	0.1425 (0.1425)	0.1384 (0.1384)	2.274 (2.274)	17.97 (17.97)
[100/469]	0.0015 (0.0121)	0.0001 (0.0106)	1.855 (2.034)	42.97 (29.39)
[200/469]	0.0023 (0.0113)	0.0009 (0.0097)	1.535 (1.850)	59.38 (42.04)
[300/469]	0.0273 (0.0111)	0.0256 (0.0095)	1.363 (1.708)	64.06 (49.90)
[400/469]	0.0015 (0.0109)	0.0002 (0.0094)	1.162 (1.588)	77.34 (55.19)
[468/469]	0.0204 (0.0109)	0.0190 (0.0093)	1.019 (1.518)	79.17 (57.92)
 * Train Acc 57.918
 * Val Acc 75.790, Total time 0.95
Epoch:1
LR: 0.001
Itr		Time		  Data		  Loss		Acc
[0/469]	0.1236 (0.1236)	0.1191 (0.1191)	1.043 (1.043)	80.47 (80.47)
[100/469]	0.0272 (0.0117)	0.0256 (0.0102)	0.947 (1.025)	77.34 (76.49)
[200/469]	0.0015 (0.0112)	0.0001 (0.0097)	0.830 (0.977)	82.03 (77.65)
[300/469]	0.0015 (0.0110)	0.0001 (0.0095)	0.764 (0.940)	85.16 (78.54)
[400/469]	0.0280 (0.0109)	0.0264 (0.0094)	0.740 (0.906)	82.81 (79.26)
[468/469]	0.0014 (0.0108)	0.0001 (0.0093)	0.589 (0.886)	87.50 (79.69)
 * Train Acc 79.690
 * Val Acc 83.110, Total time 0.95
validation split name: 1
 * Val Acc 73.630, Total time 0.69
validation split name: 2
 * Val Acc 72.280, Total time 0.93
validation split name: 3
 * Val Acc 78.860, Total time 0.96
validation split name: 4
 * Val Acc 81.980, Total time 0.94
validation split name: 5
 * Val Acc 83.110, Total time 0.97
====================== 6 =======================
Epoch:0
LR: 0.001
Itr		Time		  Data		  Loss		Acc
[0/469]	0.1284 (0.1284)	0.1238 (0.1238)	2.226 (2.226)	15.62 (15.62)
[100/469]	0.0274 (0.0122)	0.0258 (0.0105)	1.719 (1.922)	46.88 (34.07)
[200/469]	0.0067 (0.0113)	0.0051 (0.0097)	1.344 (1.719)	70.31 (46.30)
[300/469]	0.0015 (0.0110)	0.0002 (0.0095)	1.151 (1.566)	75.00 (53.76)
[400/469]	0.0260 (0.0109)	0.0244 (0.0094)	1.030 (1.450)	81.25 (58.70)
[468/469]	0.0015 (0.0108)	0.0001 (0.0093)	1.078 (1.384)	70.83 (61.22)
 * Train Acc 61.218
 * Val Acc 77.690, Total time 0.94
Epoch:1
LR: 0.001
Itr		Time		  Data		  Loss		Acc
[0/469]	0.1242 (0.1242)	0.1200 (0.1200)	0.996 (0.996)	75.78 (75.78)
[100/469]	0.0131 (0.0118)	0.0115 (0.0102)	0.842 (0.920)	81.25 (78.17)
[200/469]	0.0249 (0.0113)	0.0232 (0.0097)	0.822 (0.885)	75.00 (78.93)
[300/469]	0.0015 (0.0110)	0.0001 (0.0094)	0.711 (0.848)	85.16 (79.92)
[400/469]	0.0022 (0.0108)	0.0008 (0.0092)	0.684 (0.819)	86.72 (80.71)
[468/469]	0.0014 (0.0108)	0.0001 (0.0092)	0.755 (0.802)	82.29 (81.03)
 * Train Acc 81.027
 * Val Acc 83.930, Total time 0.95
validation split name: 1
 * Val Acc 74.390, Total time 0.69
validation split name: 2
 * Val Acc 74.520, Total time 0.96
validation split name: 3
 * Val Acc 78.820, Total time 0.93
validation split name: 4
 * Val Acc 81.550, Total time 0.94
validation split name: 5
 * Val Acc 82.180, Total time 0.96
validation split name: 6
 * Val Acc 83.930, Total time 0.95
====================== 7 =======================
Epoch:0
LR: 0.001
Itr		Time		  Data		  Loss		Acc
[0/469]	0.1255 (0.1255)	0.1216 (0.1216)	2.356 (2.356)	5.47 (5.47)
[100/469]	0.0015 (0.0115)	0.0002 (0.0100)	1.647 (1.914)	48.44 (34.09)
[200/469]	0.0023 (0.0109)	0.0009 (0.0094)	1.315 (1.674)	64.84 (46.56)
[300/469]	0.0266 (0.0108)	0.0250 (0.0093)	1.068 (1.510)	70.31 (54.05)
[400/469]	0.0015 (0.0107)	0.0001 (0.0092)	0.977 (1.391)	75.78 (58.76)
[468/469]	0.0207 (0.0106)	0.0192 (0.0091)	0.961 (1.325)	77.08 (61.31)
 * Train Acc 61.315
 * Val Acc 78.410, Total time 0.96
Epoch:1
LR: 0.001
Itr		Time		  Data		  Loss		Acc
[0/469]	0.1246 (0.1246)	0.1206 (0.1206)	0.917 (0.917)	83.59 (83.59)
[100/469]	0.0025 (0.0115)	0.0009 (0.0100)	0.854 (0.862)	81.25 (78.23)
[200/469]	0.0016 (0.0109)	0.0001 (0.0094)	0.793 (0.824)	78.91 (79.36)
[300/469]	0.0266 (0.0108)	0.0249 (0.0093)	0.713 (0.794)	81.25 (80.23)
[400/469]	0.0026 (0.0107)	0.0010 (0.0091)	0.719 (0.769)	81.25 (80.83)
[468/469]	0.0199 (0.0106)	0.0183 (0.0091)	0.611 (0.755)	81.25 (81.20)
 * Train Acc 81.197
 * Val Acc 84.030, Total time 0.94
validation split name: 1
 * Val Acc 72.960, Total time 0.68
validation split name: 2
 * Val Acc 72.770, Total time 0.95
validation split name: 3
 * Val Acc 79.850, Total time 0.95
validation split name: 4
 * Val Acc 80.980, Total time 0.94
validation split name: 5
 * Val Acc 80.090, Total time 0.94
validation split name: 6
 * Val Acc 82.650, Total time 0.93
validation split name: 7
 * Val Acc 84.030, Total time 0.95
====================== 8 =======================
Epoch:0
LR: 0.001
Itr		Time		  Data		  Loss		Acc
[0/469]	0.1236 (0.1236)	0.1197 (0.1197)	2.454 (2.454)	14.06 (14.06)
[100/469]	0.0164 (0.0116)	0.0150 (0.0102)	1.402 (1.856)	60.16 (37.97)
[200/469]	0.0015 (0.0110)	0.0002 (0.0096)	1.148 (1.608)	72.66 (49.67)
[300/469]	0.0076 (0.0108)	0.0062 (0.0094)	1.078 (1.442)	74.22 (56.61)
[400/469]	0.0208 (0.0107)	0.0192 (0.0093)	0.965 (1.324)	74.22 (61.28)
[468/469]	0.0034 (0.0107)	0.0021 (0.0092)	0.748 (1.259)	81.25 (63.68)
 * Train Acc 63.682
 * Val Acc 79.840, Total time 0.95
Epoch:1
LR: 0.001
Itr		Time		  Data		  Loss		Acc
[0/469]	0.1230 (0.1230)	0.1190 (0.1190)	0.817 (0.817)	82.81 (82.81)
[100/469]	0.0055 (0.0115)	0.0038 (0.0099)	0.815 (0.805)	77.34 (79.85)
[200/469]	0.0116 (0.0110)	0.0102 (0.0094)	0.733 (0.776)	80.47 (80.45)
[300/469]	0.0120 (0.0108)	0.0105 (0.0092)	0.660 (0.747)	85.16 (81.22)
[400/469]	0.0216 (0.0107)	0.0199 (0.0092)	0.680 (0.723)	80.47 (81.77)
[468/469]	0.0022 (0.0107)	0.0006 (0.0091)	0.723 (0.710)	79.17 (82.11)
 * Train Acc 82.105
 * Val Acc 84.860, Total time 0.95
validation split name: 1
 * Val Acc 74.740, Total time 0.73
validation split name: 2
 * Val Acc 75.350, Total time 0.94
validation split name: 3
 * Val Acc 78.680, Total time 0.94
validation split name: 4
 * Val Acc 80.950, Total time 0.99
validation split name: 5
 * Val Acc 79.920, Total time 0.94
validation split name: 6
 * Val Acc 82.460, Total time 0.96
validation split name: 7
 * Val Acc 83.230, Total time 0.95
validation split name: 8
 * Val Acc 84.860, Total time 1.00
====================== 9 =======================
Epoch:0
LR: 0.001
Itr		Time		  Data		  Loss		Acc
[0/469]	0.1409 (0.1409)	0.1357 (0.1357)	2.220 (2.220)	24.22 (24.22)
[100/469]	0.0051 (0.0118)	0.0035 (0.0101)	1.435 (1.785)	55.47 (39.02)
[200/469]	0.0278 (0.0112)	0.0262 (0.0097)	1.087 (1.530)	64.84 (50.66)
[300/469]	0.0015 (0.0109)	0.0001 (0.0094)	0.959 (1.363)	74.22 (57.90)
[400/469]	0.0021 (0.0108)	0.0002 (0.0093)	0.835 (1.245)	75.00 (62.77)
[468/469]	0.0015 (0.0108)	0.0001 (0.0092)	0.837 (1.184)	78.12 (65.20)
 * Train Acc 65.203
 * Val Acc 81.490, Total time 0.94
Epoch:1
LR: 0.001
Itr		Time		  Data		  Loss		Acc
[0/469]	0.1251 (0.1251)	0.1211 (0.1211)	0.801 (0.801)	79.69 (79.69)
[100/469]	0.0070 (0.0116)	0.0054 (0.0100)	0.643 (0.747)	82.81 (81.69)
[200/469]	0.0015 (0.0110)	0.0001 (0.0094)	0.654 (0.721)	84.38 (82.15)
[300/469]	0.0015 (0.0108)	0.0001 (0.0093)	0.611 (0.699)	85.94 (82.61)
[400/469]	0.0289 (0.0108)	0.0272 (0.0093)	0.574 (0.679)	83.59 (83.08)
[468/469]	0.0014 (0.0107)	0.0001 (0.0092)	0.470 (0.668)	88.54 (83.39)
 * Train Acc 83.387
 * Val Acc 85.670, Total time 0.96
validation split name: 1
 * Val Acc 72.310, Total time 0.70
validation split name: 2
 * Val Acc 73.140, Total time 0.97
validation split name: 3
 * Val Acc 76.360, Total time 0.96
validation split name: 4
 * Val Acc 79.340, Total time 0.94
validation split name: 5
 * Val Acc 77.790, Total time 0.94
validation split name: 6
 * Val Acc 81.180, Total time 0.96
validation split name: 7
 * Val Acc 80.430, Total time 0.96
validation split name: 8
 * Val Acc 81.680, Total time 0.95
validation split name: 9
 * Val Acc 85.670, Total time 0.93
====================== 10 =======================
Epoch:0
LR: 0.001
Itr		Time		  Data		  Loss		Acc
[0/469]	0.1384 (0.1384)	0.1337 (0.1337)	2.236 (2.236)	20.31 (20.31)
[100/469]	0.0020 (0.0115)	0.0002 (0.0099)	1.340 (1.687)	60.16 (43.18)
[200/469]	0.0288 (0.0112)	0.0272 (0.0096)	1.006 (1.436)	73.44 (54.87)
[300/469]	0.0022 (0.0109)	0.0002 (0.0094)	0.930 (1.280)	72.66 (61.06)
[400/469]	0.0022 (0.0110)	0.0002 (0.0094)	0.744 (1.171)	79.69 (65.17)
[468/469]	0.0014 (0.0110)	0.0001 (0.0094)	0.699 (1.114)	82.29 (67.20)
 * Train Acc 67.202
 * Val Acc 80.620, Total time 0.94
Epoch:1
LR: 0.001
Itr		Time		  Data		  Loss		Acc
[0/469]	0.1405 (0.1405)	0.1364 (0.1364)	0.820 (0.820)	79.69 (79.69)
[100/469]	0.0015 (0.0122)	0.0001 (0.0107)	0.619 (0.716)	82.03 (80.74)
[200/469]	0.0015 (0.0113)	0.0001 (0.0098)	0.609 (0.691)	83.59 (81.56)
[300/469]	0.0283 (0.0111)	0.0268 (0.0096)	0.480 (0.666)	87.50 (82.27)
[400/469]	0.0015 (0.0109)	0.0001 (0.0095)	0.690 (0.650)	80.47 (82.64)
[468/469]	0.0206 (0.0109)	0.0191 (0.0094)	0.592 (0.638)	85.42 (82.96)
 * Train Acc 82.962
 * Val Acc 85.210, Total time 0.96
validation split name: 1
 * Val Acc 68.820, Total time 0.70
validation split name: 2
 * Val Acc 69.390, Total time 0.96
validation split name: 3
 * Val Acc 75.510, Total time 0.93
validation split name: 4
 * Val Acc 79.710, Total time 0.98
validation split name: 5
 * Val Acc 79.000, Total time 0.94
validation split name: 6
 * Val Acc 79.770, Total time 0.94
validation split name: 7
 * Val Acc 79.280, Total time 0.94
validation split name: 8
 * Val Acc 79.950, Total time 0.95
validation split name: 9
 * Val Acc 83.840, Total time 0.93
validation split name: 10
 * Val Acc 85.210, Total time 0.94
OrderedDict([('1', OrderedDict([('1', 77.66), ('2', 75.24), ('3', 75.76), ('4', 75.88), ('5', 73.63), ('6', 74.39), ('7', 72.96), ('8', 74.74), ('9', 72.31), ('10', 68.82)])), ('2', OrderedDict([('2', 79.1), ('3', 79.25), ('4', 76.41), ('5', 72.28), ('6', 74.52), ('7', 72.77), ('8', 75.35), ('9', 73.14), ('10', 69.39)])), ('3', OrderedDict([('3', 81.65), ('4', 80.75), ('5', 78.86), ('6', 78.82), ('7', 79.85), ('8', 78.68), ('9', 76.36), ('10', 75.51)])), ('4', OrderedDict([('4', 82.69), ('5', 81.98), ('6', 81.55), ('7', 80.98), ('8', 80.95), ('9', 79.34), ('10', 79.71)])), ('5', OrderedDict([('5', 83.11), ('6', 82.18), ('7', 80.09), ('8', 79.92), ('9', 77.79), ('10', 79.0)])), ('6', OrderedDict([('6', 83.93), ('7', 82.65), ('8', 82.46), ('9', 81.18), ('10', 79.77)])), ('7', OrderedDict([('7', 84.03), ('8', 83.23), ('9', 80.43), ('10', 79.28)])), ('8', OrderedDict([('8', 84.86), ('9', 81.68), ('10', 79.95)])), ('9', OrderedDict([('9', 85.67), ('10', 83.84)])), ('10', OrderedDict([('10', 85.21)]))])
Task 1 average acc: 77.66
Task 2 average acc: 77.16999999999999
Task 3 average acc: 78.88666666666667
Task 4 average acc: 78.9325
Task 5 average acc: 77.97200000000001
Task 6 average acc: 79.23166666666667
Task 7 average acc: 79.04714285714284
Task 8 average acc: 80.02374999999999
Task 9 average acc: 78.65555555555555
Task 10 average acc: 78.048
===Summary of experiment repeats: 3 / 5 ===
The regularization coefficient: 0.0
The last avg acc of all repeats: [79.268 78.94  78.048  0.     0.   ]
mean: 47.2512 std: 38.58250956275395
MLP(
  (linear): Sequential(
    (0): Linear(in_features=1024, out_features=1000, bias=True)
    (1): ReLU(inplace=True)
    (2): Linear(in_features=1000, out_features=1000, bias=True)
    (3): ReLU(inplace=True)
  )
  (last): ModuleDict(
    (All): Linear(in_features=1000, out_features=10, bias=True)
  )
)
#parameter of model: 2036010
Task order: ['1', '2', '3', '4', '5', '6', '7', '8', '9', '10']
====================== 1 =======================
Epoch:0
LR: 0.001
Itr		Time		  Data		  Loss		Acc
[0/469]	0.1160 (0.1160)	0.1093 (0.1093)	2.311 (2.311)	6.25 (6.25)
[100/469]	0.0143 (0.0084)	0.0127 (0.0068)	2.259 (2.285)	26.56 (15.68)
[200/469]	0.0015 (0.0079)	0.0001 (0.0064)	2.176 (2.251)	42.97 (26.71)
[300/469]	0.0015 (0.0077)	0.0001 (0.0062)	2.116 (2.217)	55.47 (34.77)
[400/469]	0.0188 (0.0076)	0.0172 (0.0061)	2.018 (2.180)	66.41 (41.17)
[468/469]	0.0014 (0.0075)	0.0001 (0.0061)	1.969 (2.155)	64.58 (44.46)
 * Train Acc 44.463
 * Val Acc 66.300, Total time 0.71
Epoch:1
LR: 0.001
Itr		Time		  Data		  Loss		Acc
[0/469]	0.1116 (0.1116)	0.1076 (0.1076)	1.978 (1.978)	64.84 (64.84)
[100/469]	0.0172 (0.0084)	0.0157 (0.0067)	1.901 (1.931)	64.06 (66.78)
[200/469]	0.0016 (0.0078)	0.0002 (0.0062)	1.752 (1.880)	77.34 (68.50)
[300/469]	0.0136 (0.0076)	0.0120 (0.0060)	1.686 (1.829)	67.97 (69.44)
[400/469]	0.0015 (0.0075)	0.0001 (0.0059)	1.540 (1.777)	75.78 (70.23)
[468/469]	0.0128 (0.0075)	0.0114 (0.0059)	1.371 (1.739)	76.04 (70.96)
 * Train Acc 70.962
 * Val Acc 76.090, Total time 0.70
validation split name: 1
 * Val Acc 76.090, Total time 0.71
====================== 2 =======================
Epoch:0
LR: 0.001
Itr		Time		  Data		  Loss		Acc
[0/469]	0.1254 (0.1254)	0.1216 (0.1216)	2.321 (2.321)	10.94 (10.94)
[100/469]	0.0096 (0.0115)	0.0080 (0.0099)	2.179 (2.245)	39.84 (25.08)
[200/469]	0.0015 (0.0109)	0.0001 (0.0093)	2.075 (2.184)	51.56 (36.30)
[300/469]	0.0261 (0.0108)	0.0243 (0.0092)	1.984 (2.125)	61.72 (43.77)
[400/469]	0.0024 (0.0107)	0.0009 (0.0091)	1.793 (2.065)	69.53 (49.06)
[468/469]	0.0184 (0.0106)	0.0168 (0.0090)	1.761 (2.024)	65.62 (51.86)
 * Train Acc 51.858
 * Val Acc 69.120, Total time 0.95
Epoch:1
LR: 0.001
Itr		Time		  Data		  Loss		Acc
[0/469]	0.1253 (0.1253)	0.1212 (0.1212)	1.694 (1.694)	69.53 (69.53)
[100/469]	0.0015 (0.0114)	0.0001 (0.0099)	1.617 (1.678)	66.41 (69.71)
[200/469]	0.0024 (0.0108)	0.0010 (0.0093)	1.474 (1.614)	67.19 (70.97)
[300/469]	0.0278 (0.0107)	0.0261 (0.0092)	1.392 (1.551)	70.31 (72.00)
[400/469]	0.0015 (0.0106)	0.0001 (0.0091)	1.256 (1.489)	72.66 (73.17)
[468/469]	0.0203 (0.0106)	0.0188 (0.0091)	1.193 (1.451)	71.88 (73.70)
 * Train Acc 73.705
 * Val Acc 78.190, Total time 0.94
validation split name: 1
 * Val Acc 74.430, Total time 0.72
validation split name: 2
 * Val Acc 78.190, Total time 0.94
====================== 3 =======================
Epoch:0
LR: 0.001
Itr		Time		  Data		  Loss		Acc
[0/469]	0.1235 (0.1235)	0.1198 (0.1198)	2.302 (2.302)	13.28 (13.28)
[100/469]	0.0015 (0.0119)	0.0001 (0.0103)	2.071 (2.189)	41.41 (25.39)
[200/469]	0.0015 (0.0112)	0.0001 (0.0097)	1.949 (2.103)	47.66 (35.03)
[300/469]	0.0280 (0.0110)	0.0263 (0.0095)	1.804 (2.023)	58.59 (42.28)
[400/469]	0.0015 (0.0108)	0.0001 (0.0094)	1.606 (1.946)	68.75 (47.49)
[468/469]	0.0206 (0.0108)	0.0190 (0.0093)	1.491 (1.892)	60.42 (50.34)
 * Train Acc 50.342
 * Val Acc 67.890, Total time 0.97
Epoch:1
LR: 0.001
Itr		Time		  Data		  Loss		Acc
[0/469]	0.1392 (0.1392)	0.1352 (0.1352)	1.493 (1.493)	69.53 (69.53)
[100/469]	0.0016 (0.0120)	0.0002 (0.0105)	1.447 (1.471)	70.31 (68.75)
[200/469]	0.0025 (0.0112)	0.0008 (0.0096)	1.276 (1.405)	74.22 (70.32)
[300/469]	0.0268 (0.0110)	0.0252 (0.0094)	1.162 (1.346)	74.22 (71.66)
[400/469]	0.0015 (0.0108)	0.0001 (0.0093)	1.099 (1.294)	77.34 (72.67)
[468/469]	0.0202 (0.0107)	0.0186 (0.0092)	1.063 (1.261)	80.21 (73.40)
 * Train Acc 73.400
 * Val Acc 79.470, Total time 0.94
validation split name: 1
 * Val Acc 76.210, Total time 0.70
validation split name: 2
 * Val Acc 77.860, Total time 0.94
validation split name: 3
 * Val Acc 79.470, Total time 0.96
====================== 4 =======================
Epoch:0
LR: 0.001
Itr		Time		  Data		  Loss		Acc
[0/469]	0.1382 (0.1382)	0.1338 (0.1338)	2.306 (2.306)	9.38 (9.38)
[100/469]	0.0174 (0.0119)	0.0157 (0.0103)	2.004 (2.145)	41.41 (24.37)
[200/469]	0.0015 (0.0111)	0.0001 (0.0095)	1.750 (2.002)	57.03 (37.64)
[300/469]	0.0015 (0.0108)	0.0001 (0.0093)	1.533 (1.884)	65.62 (45.82)
[400/469]	0.0275 (0.0107)	0.0259 (0.0092)	1.317 (1.780)	71.88 (51.41)
[468/469]	0.0014 (0.0106)	0.0001 (0.0091)	1.319 (1.715)	70.83 (54.45)
 * Train Acc 54.445
 * Val Acc 74.350, Total time 0.95
Epoch:1
LR: 0.001
Itr		Time		  Data		  Loss		Acc
[0/469]	0.1394 (0.1394)	0.1352 (0.1352)	1.254 (1.254)	71.88 (71.88)
[100/469]	0.0016 (0.0120)	0.0002 (0.0105)	1.183 (1.229)	79.69 (74.30)
[200/469]	0.0022 (0.0111)	0.0008 (0.0097)	1.018 (1.166)	78.91 (75.94)
[300/469]	0.0283 (0.0109)	0.0269 (0.0095)	0.971 (1.117)	81.25 (76.87)
[400/469]	0.0014 (0.0108)	0.0001 (0.0093)	0.845 (1.071)	83.59 (77.66)
[468/469]	0.0204 (0.0107)	0.0188 (0.0093)	0.819 (1.045)	81.25 (78.03)
 * Train Acc 78.033
 * Val Acc 82.010, Total time 0.93
validation split name: 1
 * Val Acc 73.820, Total time 0.69
validation split name: 2
 * Val Acc 75.970, Total time 0.95
validation split name: 3
 * Val Acc 77.290, Total time 0.95
validation split name: 4
 * Val Acc 82.010, Total time 0.94
====================== 5 =======================
Epoch:0
LR: 0.001
Itr		Time		  Data		  Loss		Acc
[0/469]	0.1385 (0.1385)	0.1343 (0.1343)	2.241 (2.241)	14.06 (14.06)
[100/469]	0.0022 (0.0120)	0.0009 (0.0106)	1.837 (1.987)	43.75 (34.02)
[200/469]	0.0014 (0.0111)	0.0001 (0.0098)	1.559 (1.831)	63.28 (44.81)
[300/469]	0.0280 (0.0109)	0.0267 (0.0096)	1.285 (1.701)	73.44 (51.29)
[400/469]	0.0013 (0.0107)	0.0001 (0.0094)	1.219 (1.595)	69.53 (56.19)
[468/469]	0.0210 (0.0107)	0.0196 (0.0094)	1.205 (1.533)	71.88 (58.72)
 * Train Acc 58.715
 * Val Acc 76.000, Total time 0.94
Epoch:1
LR: 0.001
Itr		Time		  Data		  Loss		Acc
[0/469]	0.1209 (0.1209)	0.1170 (0.1170)	1.140 (1.140)	72.66 (72.66)
[100/469]	0.0293 (0.0118)	0.0276 (0.0102)	0.941 (1.063)	80.47 (76.76)
[200/469]	0.0015 (0.0111)	0.0001 (0.0096)	0.847 (1.016)	80.47 (77.69)
[300/469]	0.0015 (0.0109)	0.0001 (0.0093)	0.889 (0.974)	78.12 (78.54)
[400/469]	0.0288 (0.0108)	0.0270 (0.0093)	0.769 (0.939)	82.03 (79.25)
[468/469]	0.0014 (0.0107)	0.0001 (0.0092)	0.805 (0.915)	78.12 (79.75)
 * Train Acc 79.745
 * Val Acc 82.910, Total time 0.96
validation split name: 1
 * Val Acc 71.750, Total time 0.70
validation split name: 2
 * Val Acc 70.760, Total time 0.93
validation split name: 3
 * Val Acc 77.490, Total time 0.95
validation split name: 4
 * Val Acc 81.500, Total time 0.96
validation split name: 5
 * Val Acc 82.910, Total time 0.94
====================== 6 =======================
Epoch:0
LR: 0.001
Itr		Time		  Data		  Loss		Acc
[0/469]	0.1264 (0.1264)	0.1221 (0.1221)	2.162 (2.162)	24.22 (24.22)
[100/469]	0.0015 (0.0114)	0.0001 (0.0098)	1.667 (1.871)	52.34 (37.92)
[200/469]	0.0287 (0.0110)	0.0271 (0.0094)	1.462 (1.686)	53.91 (48.21)
[300/469]	0.0025 (0.0107)	0.0009 (0.0092)	1.214 (1.547)	73.44 (54.94)
[400/469]	0.0015 (0.0106)	0.0002 (0.0091)	1.071 (1.436)	73.44 (59.53)
[468/469]	0.0014 (0.0106)	0.0001 (0.0091)	0.915 (1.374)	78.12 (61.98)
 * Train Acc 61.975
 * Val Acc 77.480, Total time 0.95
Epoch:1
LR: 0.001
Itr		Time		  Data		  Loss		Acc
[0/469]	0.1241 (0.1241)	0.1194 (0.1194)	0.881 (0.881)	79.69 (79.69)
[100/469]	0.0015 (0.0120)	0.0001 (0.0102)	0.997 (0.924)	79.69 (78.24)
[200/469]	0.0015 (0.0111)	0.0001 (0.0095)	0.762 (0.890)	85.16 (79.20)
[300/469]	0.0279 (0.0109)	0.0263 (0.0093)	0.822 (0.858)	77.34 (79.81)
[400/469]	0.0016 (0.0108)	0.0002 (0.0092)	0.765 (0.829)	81.25 (80.38)
[468/469]	0.0206 (0.0107)	0.0192 (0.0092)	0.583 (0.811)	86.46 (80.81)
 * Train Acc 80.805
 * Val Acc 83.660, Total time 0.94
validation split name: 1
 * Val Acc 68.910, Total time 0.71
validation split name: 2
 * Val Acc 68.840, Total time 0.95
validation split name: 3
 * Val Acc 76.730, Total time 0.99
validation split name: 4
 * Val Acc 81.110, Total time 0.93
validation split name: 5
 * Val Acc 81.450, Total time 0.95
validation split name: 6
 * Val Acc 83.660, Total time 0.96
====================== 7 =======================
Epoch:0
LR: 0.001
Itr		Time		  Data		  Loss		Acc
[0/469]	0.1287 (0.1287)	0.1245 (0.1245)	2.151 (2.151)	22.66 (22.66)
[100/469]	0.0245 (0.0119)	0.0228 (0.0104)	1.679 (1.914)	42.97 (33.50)
[200/469]	0.0132 (0.0111)	0.0115 (0.0095)	1.297 (1.691)	60.94 (45.58)
[300/469]	0.0015 (0.0108)	0.0001 (0.0093)	1.218 (1.535)	67.19 (53.14)
[400/469]	0.0015 (0.0107)	0.0001 (0.0092)	0.976 (1.415)	77.34 (58.35)
[468/469]	0.0015 (0.0107)	0.0002 (0.0091)	0.912 (1.347)	76.04 (61.09)
 * Train Acc 61.095
 * Val Acc 78.330, Total time 0.95
Epoch:1
LR: 0.001
Itr		Time		  Data		  Loss		Acc
[0/469]	0.1273 (0.1273)	0.1236 (0.1236)	1.006 (1.006)	74.22 (74.22)
[100/469]	0.0024 (0.0114)	0.0009 (0.0099)	0.806 (0.868)	85.94 (79.39)
[200/469]	0.0015 (0.0108)	0.0002 (0.0093)	0.782 (0.839)	82.81 (80.08)
[300/469]	0.0276 (0.0107)	0.0260 (0.0092)	0.750 (0.811)	78.91 (80.64)
[400/469]	0.0025 (0.0106)	0.0009 (0.0091)	0.780 (0.786)	82.03 (81.19)
[468/469]	0.0197 (0.0105)	0.0181 (0.0090)	0.633 (0.770)	83.33 (81.58)
 * Train Acc 81.575
 * Val Acc 84.110, Total time 0.96
validation split name: 1
 * Val Acc 70.690, Total time 0.72
validation split name: 2
 * Val Acc 66.960, Total time 0.95
validation split name: 3
 * Val Acc 75.640, Total time 0.97
validation split name: 4
 * Val Acc 80.380, Total time 0.96
validation split name: 5
 * Val Acc 81.130, Total time 0.95
validation split name: 6
 * Val Acc 82.110, Total time 0.95
validation split name: 7
 * Val Acc 84.110, Total time 0.94
====================== 8 =======================
Epoch:0
LR: 0.001
Itr		Time		  Data		  Loss		Acc
[0/469]	0.1303 (0.1303)	0.1261 (0.1261)	2.441 (2.441)	9.38 (9.38)
[100/469]	0.0015 (0.0116)	0.0001 (0.0101)	1.472 (1.890)	66.41 (35.47)
[200/469]	0.0015 (0.0110)	0.0001 (0.0095)	1.169 (1.618)	67.97 (50.07)
[300/469]	0.0280 (0.0109)	0.0265 (0.0094)	1.040 (1.443)	77.34 (57.73)
[400/469]	0.0022 (0.0108)	0.0002 (0.0093)	0.851 (1.319)	76.56 (62.53)
[468/469]	0.0015 (0.0107)	0.0001 (0.0092)	0.916 (1.250)	70.83 (65.04)
 * Train Acc 65.043
 * Val Acc 80.850, Total time 0.96
Epoch:1
LR: 0.001
Itr		Time		  Data		  Loss		Acc
[0/469]	0.1270 (0.1270)	0.1229 (0.1229)	0.891 (0.891)	75.78 (75.78)
[100/469]	0.0184 (0.0120)	0.0171 (0.0106)	0.739 (0.787)	84.38 (81.08)
[200/469]	0.0280 (0.0113)	0.0266 (0.0099)	0.697 (0.758)	87.50 (81.48)
[300/469]	0.0014 (0.0110)	0.0001 (0.0096)	0.698 (0.733)	85.16 (82.01)
[400/469]	0.0015 (0.0108)	0.0001 (0.0094)	0.786 (0.711)	79.69 (82.60)
[468/469]	0.0014 (0.0107)	0.0001 (0.0093)	0.582 (0.697)	83.33 (82.89)
 * Train Acc 82.885
 * Val Acc 85.660, Total time 0.95
validation split name: 1
 * Val Acc 64.750, Total time 0.69
validation split name: 2
 * Val Acc 68.340, Total time 0.96
validation split name: 3
 * Val Acc 74.760, Total time 0.95
validation split name: 4
 * Val Acc 79.380, Total time 0.94
validation split name: 5
 * Val Acc 80.050, Total time 0.95
validation split name: 6
 * Val Acc 81.460, Total time 0.97
validation split name: 7
 * Val Acc 81.760, Total time 0.94
validation split name: 8
 * Val Acc 85.660, Total time 0.94
====================== 9 =======================
Epoch:0
LR: 0.001
Itr		Time		  Data		  Loss		Acc
[0/469]	0.1307 (0.1307)	0.1269 (0.1269)	2.526 (2.526)	4.69 (4.69)
[100/469]	0.0015 (0.0117)	0.0001 (0.0102)	1.491 (1.828)	54.69 (35.88)
[200/469]	0.0022 (0.0111)	0.0009 (0.0096)	1.141 (1.566)	68.75 (49.30)
[300/469]	0.0280 (0.0110)	0.0264 (0.0095)	0.946 (1.400)	77.34 (56.63)
[400/469]	0.0015 (0.0108)	0.0002 (0.0093)	0.846 (1.278)	82.81 (61.52)
[468/469]	0.0172 (0.0107)	0.0157 (0.0092)	0.873 (1.213)	72.92 (64.10)
 * Train Acc 64.098
 * Val Acc 80.660, Total time 0.94
Epoch:1
LR: 0.001
Itr		Time		  Data		  Loss		Acc
[0/469]	0.1235 (0.1235)	0.1198 (0.1198)	0.828 (0.828)	78.91 (78.91)
[100/469]	0.0038 (0.0115)	0.0020 (0.0098)	0.750 (0.766)	80.47 (80.64)
[200/469]	0.0015 (0.0109)	0.0001 (0.0093)	0.715 (0.738)	82.03 (81.24)
[300/469]	0.0065 (0.0109)	0.0050 (0.0093)	0.629 (0.716)	82.81 (81.72)
[400/469]	0.0015 (0.0108)	0.0001 (0.0092)	0.657 (0.695)	78.91 (82.23)
[468/469]	0.0014 (0.0108)	0.0001 (0.0092)	0.605 (0.684)	82.29 (82.50)
 * Train Acc 82.498
 * Val Acc 85.100, Total time 0.94
validation split name: 1
 * Val Acc 64.170, Total time 0.70
validation split name: 2
 * Val Acc 64.370, Total time 0.94
validation split name: 3
 * Val Acc 74.450, Total time 0.96
validation split name: 4
 * Val Acc 79.870, Total time 0.95
validation split name: 5
 * Val Acc 79.700, Total time 0.93
validation split name: 6
 * Val Acc 80.990, Total time 0.96
validation split name: 7
 * Val Acc 82.510, Total time 0.93
validation split name: 8
 * Val Acc 84.300, Total time 0.96
validation split name: 9
 * Val Acc 85.100, Total time 0.93
====================== 10 =======================
Epoch:0
LR: 0.001
Itr		Time		  Data		  Loss		Acc
[0/469]	0.1419 (0.1419)	0.1375 (0.1375)	2.534 (2.534)	14.06 (14.06)
[100/469]	0.0270 (0.0142)	0.0249 (0.0126)	1.455 (1.805)	53.12 (39.63)
[200/469]	0.0022 (0.0124)	0.0002 (0.0106)	1.110 (1.512)	69.53 (52.81)
[300/469]	0.0281 (0.0119)	0.0265 (0.0102)	0.913 (1.337)	75.78 (59.81)
[400/469]	0.0014 (0.0115)	0.0001 (0.0098)	0.778 (1.217)	77.34 (64.17)
[468/469]	0.0202 (0.0113)	0.0188 (0.0097)	0.830 (1.155)	78.12 (66.33)
 * Train Acc 66.333
 * Val Acc 81.100, Total time 0.95
Epoch:1
LR: 0.001
Itr		Time		  Data		  Loss		Acc
[0/469]	0.1243 (0.1243)	0.1202 (0.1202)	0.744 (0.744)	77.34 (77.34)
[100/469]	0.0025 (0.0114)	0.0009 (0.0099)	0.702 (0.724)	82.81 (80.72)
[200/469]	0.0015 (0.0109)	0.0001 (0.0093)	0.623 (0.699)	82.81 (81.35)
[300/469]	0.0268 (0.0107)	0.0252 (0.0092)	0.558 (0.675)	86.72 (81.96)
[400/469]	0.0015 (0.0106)	0.0001 (0.0091)	0.480 (0.657)	88.28 (82.54)
[468/469]	0.0199 (0.0106)	0.0185 (0.0091)	0.673 (0.645)	78.12 (82.87)
 * Train Acc 82.873
 * Val Acc 85.660, Total time 0.99
validation split name: 1
 * Val Acc 64.810, Total time 0.70
validation split name: 2
 * Val Acc 59.810, Total time 0.95
validation split name: 3
 * Val Acc 71.200, Total time 0.94
validation split name: 4
 * Val Acc 78.310, Total time 0.97
validation split name: 5
 * Val Acc 75.040, Total time 0.94
validation split name: 6
 * Val Acc 76.630, Total time 0.95
validation split name: 7
 * Val Acc 80.670, Total time 0.94
validation split name: 8
 * Val Acc 83.670, Total time 0.93
validation split name: 9
 * Val Acc 84.080, Total time 0.96
validation split name: 10
 * Val Acc 85.660, Total time 0.95
OrderedDict([('1', OrderedDict([('1', 76.09), ('2', 74.43), ('3', 76.21), ('4', 73.82), ('5', 71.75), ('6', 68.91), ('7', 70.69), ('8', 64.75), ('9', 64.17), ('10', 64.81)])), ('2', OrderedDict([('2', 78.19), ('3', 77.86), ('4', 75.97), ('5', 70.76), ('6', 68.84), ('7', 66.96), ('8', 68.34), ('9', 64.37), ('10', 59.81)])), ('3', OrderedDict([('3', 79.47), ('4', 77.29), ('5', 77.49), ('6', 76.73), ('7', 75.64), ('8', 74.76), ('9', 74.45), ('10', 71.2)])), ('4', OrderedDict([('4', 82.01), ('5', 81.5), ('6', 81.11), ('7', 80.38), ('8', 79.38), ('9', 79.87), ('10', 78.31)])), ('5', OrderedDict([('5', 82.91), ('6', 81.45), ('7', 81.13), ('8', 80.05), ('9', 79.7), ('10', 75.04)])), ('6', OrderedDict([('6', 83.66), ('7', 82.11), ('8', 81.46), ('9', 80.99), ('10', 76.63)])), ('7', OrderedDict([('7', 84.11), ('8', 81.76), ('9', 82.51), ('10', 80.67)])), ('8', OrderedDict([('8', 85.66), ('9', 84.3), ('10', 83.67)])), ('9', OrderedDict([('9', 85.1), ('10', 84.08)])), ('10', OrderedDict([('10', 85.66)]))])
Task 1 average acc: 76.09
Task 2 average acc: 76.31
Task 3 average acc: 77.84666666666666
Task 4 average acc: 77.2725
Task 5 average acc: 76.88199999999999
Task 6 average acc: 76.78333333333335
Task 7 average acc: 77.28857142857143
Task 8 average acc: 77.02
Task 9 average acc: 77.27333333333334
Task 10 average acc: 75.988
===Summary of experiment repeats: 4 / 5 ===
The regularization coefficient: 0.0
The last avg acc of all repeats: [79.268 78.94  78.048 75.988  0.   ]
mean: 62.448800000000006 std: 31.24529649339241
MLP(
  (linear): Sequential(
    (0): Linear(in_features=1024, out_features=1000, bias=True)
    (1): ReLU(inplace=True)
    (2): Linear(in_features=1000, out_features=1000, bias=True)
    (3): ReLU(inplace=True)
  )
  (last): ModuleDict(
    (All): Linear(in_features=1000, out_features=10, bias=True)
  )
)
#parameter of model: 2036010
Task order: ['1', '2', '3', '4', '5', '6', '7', '8', '9', '10']
====================== 1 =======================
Epoch:0
LR: 0.001
Itr		Time		  Data		  Loss		Acc
[0/469]	0.1141 (0.1141)	0.1103 (0.1103)	2.298 (2.298)	9.38 (9.38)
[100/469]	0.0017 (0.0084)	0.0001 (0.0068)	2.247 (2.271)	28.91 (20.73)
[200/469]	0.0190 (0.0080)	0.0175 (0.0065)	2.171 (2.238)	46.09 (31.24)
[300/469]	0.0015 (0.0078)	0.0001 (0.0063)	2.069 (2.204)	64.84 (39.01)
[400/469]	0.0015 (0.0077)	0.0001 (0.0062)	2.024 (2.169)	67.19 (44.59)
[468/469]	0.0014 (0.0077)	0.0001 (0.0061)	1.959 (2.143)	68.75 (47.67)
 * Train Acc 47.675
 * Val Acc 67.980, Total time 0.71
Epoch:1
LR: 0.001
Itr		Time		  Data		  Loss		Acc
[0/469]	0.1247 (0.1247)	0.1208 (0.1208)	1.958 (1.958)	76.56 (76.56)
[100/469]	0.0016 (0.0089)	0.0002 (0.0073)	1.880 (1.919)	67.19 (69.77)
[200/469]	0.0015 (0.0081)	0.0001 (0.0066)	1.691 (1.869)	78.12 (70.30)
[300/469]	0.0194 (0.0079)	0.0178 (0.0064)	1.698 (1.819)	75.00 (71.05)
[400/469]	0.0023 (0.0078)	0.0002 (0.0063)	1.528 (1.768)	71.09 (71.59)
[468/469]	0.0138 (0.0078)	0.0125 (0.0062)	1.469 (1.731)	72.92 (72.13)
 * Train Acc 72.128
 * Val Acc 76.420, Total time 0.72
validation split name: 1
 * Val Acc 76.420, Total time 0.69
====================== 2 =======================
Epoch:0
LR: 0.001
Itr		Time		  Data		  Loss		Acc
[0/469]	0.1427 (0.1427)	0.1385 (0.1385)	2.287 (2.287)	13.28 (13.28)
[100/469]	0.0015 (0.0117)	0.0001 (0.0102)	2.172 (2.225)	32.81 (25.56)
[200/469]	0.0015 (0.0110)	0.0002 (0.0095)	2.072 (2.170)	51.56 (35.79)
[300/469]	0.0174 (0.0109)	0.0160 (0.0094)	1.959 (2.112)	58.59 (43.40)
[400/469]	0.0136 (0.0108)	0.0122 (0.0093)	1.857 (2.054)	67.19 (48.66)
[468/469]	0.0015 (0.0108)	0.0001 (0.0093)	1.790 (2.013)	69.79 (51.60)
 * Train Acc 51.597
 * Val Acc 70.220, Total time 0.95
Epoch:1
LR: 0.001
Itr		Time		  Data		  Loss		Acc
[0/469]	0.1219 (0.1219)	0.1183 (0.1183)	1.731 (1.731)	68.75 (68.75)
[100/469]	0.0014 (0.0116)	0.0001 (0.0103)	1.677 (1.672)	67.97 (70.27)
[200/469]	0.0014 (0.0110)	0.0002 (0.0097)	1.438 (1.602)	75.78 (71.85)
[300/469]	0.0288 (0.0109)	0.0275 (0.0096)	1.335 (1.540)	80.47 (72.68)
[400/469]	0.0015 (0.0108)	0.0001 (0.0095)	1.345 (1.478)	71.88 (73.57)
[468/469]	0.0206 (0.0107)	0.0193 (0.0094)	1.104 (1.440)	81.25 (74.14)
 * Train Acc 74.142
 * Val Acc 78.660, Total time 0.95
validation split name: 1
 * Val Acc 76.110, Total time 0.70
validation split name: 2
 * Val Acc 78.660, Total time 0.95
====================== 3 =======================
Epoch:0
LR: 0.001
Itr		Time		  Data		  Loss		Acc
[0/469]	0.1404 (0.1404)	0.1361 (0.1361)	2.231 (2.231)	21.88 (21.88)
[100/469]	0.0018 (0.0122)	0.0001 (0.0106)	2.078 (2.161)	39.84 (29.01)
[200/469]	0.0015 (0.0113)	0.0001 (0.0097)	1.915 (2.066)	59.38 (40.21)
[300/469]	0.0279 (0.0111)	0.0261 (0.0096)	1.707 (1.975)	62.50 (47.41)
[400/469]	0.0212 (0.0110)	0.0196 (0.0094)	1.497 (1.887)	75.78 (52.56)
[468/469]	0.0019 (0.0109)	0.0006 (0.0093)	1.457 (1.830)	65.62 (55.08)
 * Train Acc 55.077
 * Val Acc 72.030, Total time 0.96
Epoch:1
LR: 0.001
Itr		Time		  Data		  Loss		Acc
[0/469]	0.1266 (0.1266)	0.1226 (0.1226)	1.418 (1.418)	75.00 (75.00)
[100/469]	0.0015 (0.0115)	0.0001 (0.0100)	1.261 (1.375)	81.25 (72.36)
[200/469]	0.0015 (0.0109)	0.0001 (0.0095)	1.170 (1.310)	78.91 (73.56)
[300/469]	0.0287 (0.0108)	0.0271 (0.0094)	0.914 (1.255)	86.72 (74.70)
[400/469]	0.0015 (0.0107)	0.0001 (0.0093)	0.974 (1.203)	81.25 (75.64)
[468/469]	0.0205 (0.0107)	0.0189 (0.0092)	0.878 (1.171)	84.38 (76.21)
 * Train Acc 76.212
 * Val Acc 80.100, Total time 0.94
validation split name: 1
 * Val Acc 74.910, Total time 0.71
validation split name: 2
 * Val Acc 76.720, Total time 0.94
validation split name: 3
 * Val Acc 80.100, Total time 0.96
====================== 4 =======================
Epoch:0
LR: 0.001
Itr		Time		  Data		  Loss		Acc
[0/469]	0.1258 (0.1258)	0.1215 (0.1215)	2.263 (2.263)	18.75 (18.75)
[100/469]	0.0018 (0.0115)	0.0004 (0.0099)	1.900 (2.056)	45.31 (33.58)
[200/469]	0.0023 (0.0109)	0.0009 (0.0094)	1.699 (1.922)	54.69 (42.67)
[300/469]	0.0261 (0.0108)	0.0248 (0.0093)	1.427 (1.803)	70.31 (49.08)
[400/469]	0.0027 (0.0106)	0.0013 (0.0092)	1.281 (1.698)	67.97 (54.16)
[468/469]	0.0198 (0.0106)	0.0185 (0.0091)	1.285 (1.635)	62.50 (56.81)
 * Train Acc 56.813
 * Val Acc 74.530, Total time 0.93
Epoch:1
LR: 0.001
Itr		Time		  Data		  Loss		Acc
[0/469]	0.1394 (0.1394)	0.1356 (0.1356)	1.234 (1.234)	71.88 (71.88)
[100/469]	0.0254 (0.0121)	0.0233 (0.0103)	1.108 (1.158)	73.44 (73.89)
[200/469]	0.0015 (0.0114)	0.0001 (0.0097)	0.992 (1.103)	78.12 (75.52)
[300/469]	0.0015 (0.0110)	0.0001 (0.0094)	0.912 (1.056)	78.91 (76.54)
[400/469]	0.0285 (0.0109)	0.0269 (0.0093)	0.827 (1.019)	82.81 (77.32)
[468/469]	0.0014 (0.0108)	0.0001 (0.0092)	0.846 (0.994)	84.38 (77.92)
 * Train Acc 77.917
 * Val Acc 81.910, Total time 0.95
validation split name: 1
 * Val Acc 75.210, Total time 0.70
validation split name: 2
 * Val Acc 75.670, Total time 0.97
validation split name: 3
 * Val Acc 81.220, Total time 0.94
validation split name: 4
 * Val Acc 81.910, Total time 0.95
====================== 5 =======================
Epoch:0
LR: 0.001
Itr		Time		  Data		  Loss		Acc
[0/469]	0.1292 (0.1292)	0.1252 (0.1252)	2.217 (2.217)	17.19 (17.19)
[100/469]	0.0014 (0.0115)	0.0002 (0.0102)	1.786 (2.028)	53.12 (32.34)
[200/469]	0.0015 (0.0109)	0.0001 (0.0096)	1.543 (1.851)	62.50 (45.58)
[300/469]	0.0288 (0.0108)	0.0275 (0.0095)	1.325 (1.711)	71.88 (52.70)
[400/469]	0.0014 (0.0107)	0.0001 (0.0094)	1.088 (1.593)	76.56 (57.49)
[468/469]	0.0208 (0.0107)	0.0196 (0.0094)	1.115 (1.525)	78.12 (60.11)
 * Train Acc 60.108
 * Val Acc 77.060, Total time 0.94
Epoch:1
LR: 0.001
Itr		Time		  Data		  Loss		Acc
[0/469]	0.1280 (0.1280)	0.1240 (0.1240)	1.069 (1.069)	78.12 (78.12)
[100/469]	0.0023 (0.0114)	0.0008 (0.0099)	0.939 (1.030)	81.25 (76.66)
[200/469]	0.0016 (0.0109)	0.0002 (0.0093)	0.830 (0.989)	80.47 (77.58)
[300/469]	0.0237 (0.0108)	0.0221 (0.0092)	0.941 (0.946)	74.22 (78.59)
[400/469]	0.0081 (0.0107)	0.0064 (0.0091)	0.811 (0.913)	84.38 (79.21)
[468/469]	0.0133 (0.0106)	0.0117 (0.0091)	0.853 (0.892)	78.12 (79.66)
 * Train Acc 79.657
 * Val Acc 82.990, Total time 0.95
validation split name: 1
 * Val Acc 76.210, Total time 0.71
validation split name: 2
 * Val Acc 75.680, Total time 0.94
validation split name: 3
 * Val Acc 80.500, Total time 0.96
validation split name: 4
 * Val Acc 79.750, Total time 0.95
validation split name: 5
 * Val Acc 82.990, Total time 0.94
====================== 6 =======================
Epoch:0
LR: 0.001
Itr		Time		  Data		  Loss		Acc
[0/469]	0.1258 (0.1258)	0.1216 (0.1216)	2.253 (2.253)	12.50 (12.50)
[100/469]	0.0015 (0.0115)	0.0002 (0.0099)	1.687 (1.969)	52.34 (33.90)
[200/469]	0.0096 (0.0110)	0.0076 (0.0094)	1.401 (1.758)	62.50 (46.09)
[300/469]	0.0189 (0.0109)	0.0175 (0.0094)	1.178 (1.597)	71.88 (53.16)
[400/469]	0.0014 (0.0108)	0.0002 (0.0093)	0.994 (1.474)	79.69 (57.79)
[468/469]	0.0014 (0.0107)	0.0001 (0.0092)	0.982 (1.408)	79.17 (60.25)
 * Train Acc 60.253
 * Val Acc 76.860, Total time 0.96
Epoch:1
LR: 0.001
Itr		Time		  Data		  Loss		Acc
[0/469]	0.1351 (0.1351)	0.1313 (0.1313)	0.995 (0.995)	74.22 (74.22)
[100/469]	0.0014 (0.0128)	0.0001 (0.0115)	0.834 (0.918)	81.25 (76.97)
[200/469]	0.0015 (0.0124)	0.0001 (0.0111)	0.917 (0.887)	78.12 (77.89)
[300/469]	0.0283 (0.0118)	0.0270 (0.0105)	0.842 (0.856)	81.25 (78.79)
[400/469]	0.0014 (0.0114)	0.0001 (0.0101)	0.674 (0.826)	85.94 (79.63)
[468/469]	0.0211 (0.0112)	0.0198 (0.0099)	0.802 (0.809)	77.08 (80.05)
 * Train Acc 80.047
 * Val Acc 83.610, Total time 0.94
validation split name: 1
 * Val Acc 75.280, Total time 0.71
validation split name: 2
 * Val Acc 73.840, Total time 0.94
validation split name: 3
 * Val Acc 79.050, Total time 0.94
validation split name: 4
 * Val Acc 79.090, Total time 0.94
validation split name: 5
 * Val Acc 82.370, Total time 0.93
validation split name: 6
 * Val Acc 83.610, Total time 0.96
====================== 7 =======================
Epoch:0
LR: 0.001
Itr		Time		  Data		  Loss		Acc
[0/469]	0.1338 (0.1338)	0.1295 (0.1295)	2.172 (2.172)	19.53 (19.53)
[100/469]	0.0015 (0.0117)	0.0001 (0.0102)	1.546 (1.789)	58.59 (42.41)
[200/469]	0.0018 (0.0110)	0.0004 (0.0095)	1.346 (1.581)	62.50 (54.03)
[300/469]	0.0270 (0.0108)	0.0255 (0.0093)	1.064 (1.437)	75.00 (60.00)
[400/469]	0.0023 (0.0107)	0.0009 (0.0092)	0.923 (1.326)	77.34 (64.00)
[468/469]	0.0199 (0.0106)	0.0185 (0.0091)	0.885 (1.265)	80.21 (66.09)
 * Train Acc 66.090
 * Val Acc 79.330, Total time 0.95
Epoch:1
LR: 0.001
Itr		Time		  Data		  Loss		Acc
[0/469]	0.1297 (0.1297)	0.1259 (0.1259)	0.866 (0.866)	78.91 (78.91)
[100/469]	0.0015 (0.0116)	0.0001 (0.0103)	0.880 (0.847)	80.47 (78.97)
[200/469]	0.0015 (0.0110)	0.0001 (0.0097)	0.796 (0.811)	77.34 (80.01)
[300/469]	0.0280 (0.0109)	0.0264 (0.0095)	0.706 (0.783)	84.38 (80.57)
[400/469]	0.0189 (0.0108)	0.0175 (0.0093)	0.751 (0.754)	80.47 (81.35)
[468/469]	0.0014 (0.0107)	0.0001 (0.0093)	0.602 (0.739)	83.33 (81.59)
 * Train Acc 81.593
 * Val Acc 83.820, Total time 0.93
validation split name: 1
 * Val Acc 72.090, Total time 0.70
validation split name: 2
 * Val Acc 72.300, Total time 0.95
validation split name: 3
 * Val Acc 76.990, Total time 0.94
validation split name: 4
 * Val Acc 78.390, Total time 0.95
validation split name: 5
 * Val Acc 81.670, Total time 0.94
validation split name: 6
 * Val Acc 83.160, Total time 0.96
validation split name: 7
 * Val Acc 83.820, Total time 0.95
====================== 8 =======================
Epoch:0
LR: 0.001
Itr		Time		  Data		  Loss		Acc
[0/469]	0.1404 (0.1404)	0.1360 (0.1360)	2.295 (2.295)	14.84 (14.84)
[100/469]	0.0015 (0.0121)	0.0001 (0.0106)	1.503 (1.852)	57.81 (36.71)
[200/469]	0.0015 (0.0113)	0.0001 (0.0098)	1.089 (1.603)	75.00 (49.80)
[300/469]	0.0283 (0.0111)	0.0266 (0.0096)	0.904 (1.437)	78.12 (57.08)
[400/469]	0.0015 (0.0109)	0.0001 (0.0095)	0.933 (1.317)	78.12 (61.93)
[468/469]	0.0206 (0.0109)	0.0193 (0.0094)	0.886 (1.253)	73.96 (64.26)
 * Train Acc 64.263
 * Val Acc 80.270, Total time 0.95
Epoch:1
LR: 0.001
Itr		Time		  Data		  Loss		Acc
[0/469]	0.1270 (0.1270)	0.1234 (0.1234)	0.873 (0.873)	75.78 (75.78)
[100/469]	0.0094 (0.0116)	0.0076 (0.0100)	0.691 (0.799)	82.81 (80.74)
[200/469]	0.0015 (0.0110)	0.0001 (0.0095)	0.811 (0.768)	78.91 (81.23)
[300/469]	0.0096 (0.0108)	0.0082 (0.0093)	0.536 (0.740)	89.84 (81.80)
[400/469]	0.0234 (0.0108)	0.0220 (0.0093)	0.586 (0.716)	85.16 (82.22)
[468/469]	0.0014 (0.0107)	0.0001 (0.0092)	0.693 (0.704)	77.08 (82.46)
 * Train Acc 82.458
 * Val Acc 85.000, Total time 0.94
validation split name: 1
 * Val Acc 72.080, Total time 0.70
validation split name: 2
 * Val Acc 65.640, Total time 0.95
validation split name: 3
 * Val Acc 71.820, Total time 0.95
validation split name: 4
 * Val Acc 72.010, Total time 0.95
validation split name: 5
 * Val Acc 78.580, Total time 0.94
validation split name: 6
 * Val Acc 80.840, Total time 0.94
validation split name: 7
 * Val Acc 82.360, Total time 0.96
validation split name: 8
 * Val Acc 85.000, Total time 0.95
====================== 9 =======================
Epoch:0
LR: 0.001
Itr		Time		  Data		  Loss		Acc
[0/469]	0.1430 (0.1430)	0.1389 (0.1389)	2.336 (2.336)	15.62 (15.62)
[100/469]	0.0015 (0.0121)	0.0001 (0.0106)	1.412 (1.798)	58.59 (39.69)
[200/469]	0.0027 (0.0113)	0.0010 (0.0098)	1.086 (1.531)	75.00 (52.03)
[300/469]	0.0266 (0.0111)	0.0249 (0.0095)	1.082 (1.369)	69.53 (58.47)
[400/469]	0.0016 (0.0109)	0.0002 (0.0094)	0.808 (1.250)	80.47 (62.99)
[468/469]	0.0188 (0.0109)	0.0171 (0.0093)	0.802 (1.185)	77.08 (65.27)
 * Train Acc 65.267
 * Val Acc 80.000, Total time 0.96
Epoch:1
LR: 0.001
Itr		Time		  Data		  Loss		Acc
[0/469]	0.1251 (0.1251)	0.1210 (0.1210)	0.808 (0.808)	78.91 (78.91)
[100/469]	0.0083 (0.0115)	0.0069 (0.0101)	0.693 (0.754)	75.78 (79.87)
[200/469]	0.0200 (0.0110)	0.0186 (0.0096)	0.696 (0.726)	79.69 (80.77)
[300/469]	0.0022 (0.0108)	0.0008 (0.0094)	0.668 (0.702)	84.38 (81.44)
[400/469]	0.0174 (0.0107)	0.0160 (0.0093)	0.601 (0.684)	85.16 (81.86)
[468/469]	0.0013 (0.0107)	0.0001 (0.0093)	0.515 (0.673)	89.58 (82.14)
 * Train Acc 82.143
 * Val Acc 84.860, Total time 0.96
validation split name: 1
 * Val Acc 72.030, Total time 0.70
validation split name: 2
 * Val Acc 69.880, Total time 0.94
validation split name: 3
 * Val Acc 72.650, Total time 0.95
validation split name: 4
 * Val Acc 72.370, Total time 0.96
validation split name: 5
 * Val Acc 80.980, Total time 0.95
validation split name: 6
 * Val Acc 83.170, Total time 0.96
validation split name: 7
 * Val Acc 82.090, Total time 0.95
validation split name: 8
 * Val Acc 83.820, Total time 0.95
validation split name: 9
 * Val Acc 84.860, Total time 0.95
====================== 10 =======================
Epoch:0
LR: 0.001
Itr		Time		  Data		  Loss		Acc
[0/469]	0.1380 (0.1380)	0.1340 (0.1340)	2.126 (2.126)	22.66 (22.66)
[100/469]	0.0015 (0.0122)	0.0001 (0.0105)	1.257 (1.620)	62.50 (46.16)
[200/469]	0.0025 (0.0113)	0.0009 (0.0097)	1.115 (1.386)	68.75 (56.37)
[300/469]	0.0281 (0.0112)	0.0260 (0.0096)	0.891 (1.236)	76.56 (62.34)
[400/469]	0.0020 (0.0111)	0.0002 (0.0094)	0.779 (1.134)	78.91 (66.18)
[468/469]	0.0207 (0.0110)	0.0191 (0.0094)	0.775 (1.079)	76.04 (68.11)
 * Train Acc 68.108
 * Val Acc 81.320, Total time 0.95
Epoch:1
LR: 0.001
Itr		Time		  Data		  Loss		Acc
[0/469]	0.1398 (0.1398)	0.1360 (0.1360)	0.581 (0.581)	89.06 (89.06)
[100/469]	0.0016 (0.0120)	0.0002 (0.0105)	0.608 (0.695)	85.16 (81.55)
[200/469]	0.0023 (0.0112)	0.0002 (0.0096)	0.676 (0.681)	85.94 (81.69)
[300/469]	0.0015 (0.0111)	0.0001 (0.0094)	0.653 (0.658)	81.25 (82.34)
[400/469]	0.0276 (0.0110)	0.0260 (0.0093)	0.661 (0.640)	76.56 (82.79)
[468/469]	0.0014 (0.0108)	0.0001 (0.0092)	0.464 (0.629)	87.50 (83.09)
 * Train Acc 83.095
 * Val Acc 85.640, Total time 0.94
validation split name: 1
 * Val Acc 69.850, Total time 0.71
validation split name: 2
 * Val Acc 70.600, Total time 0.95
validation split name: 3
 * Val Acc 74.460, Total time 0.94
validation split name: 4
 * Val Acc 74.470, Total time 0.95
validation split name: 5
 * Val Acc 80.640, Total time 0.95
validation split name: 6
 * Val Acc 83.310, Total time 0.93
validation split name: 7
 * Val Acc 81.090, Total time 0.94
validation split name: 8
 * Val Acc 82.100, Total time 0.94
validation split name: 9
 * Val Acc 83.930, Total time 0.96
validation split name: 10
 * Val Acc 85.640, Total time 0.95
OrderedDict([('1', OrderedDict([('1', 76.42), ('2', 76.11), ('3', 74.91), ('4', 75.21), ('5', 76.21), ('6', 75.28), ('7', 72.09), ('8', 72.08), ('9', 72.03), ('10', 69.85)])), ('2', OrderedDict([('2', 78.66), ('3', 76.72), ('4', 75.67), ('5', 75.68), ('6', 73.84), ('7', 72.3), ('8', 65.64), ('9', 69.88), ('10', 70.6)])), ('3', OrderedDict([('3', 80.1), ('4', 81.22), ('5', 80.5), ('6', 79.05), ('7', 76.99), ('8', 71.82), ('9', 72.65), ('10', 74.46)])), ('4', OrderedDict([('4', 81.91), ('5', 79.75), ('6', 79.09), ('7', 78.39), ('8', 72.01), ('9', 72.37), ('10', 74.47)])), ('5', OrderedDict([('5', 82.99), ('6', 82.37), ('7', 81.67), ('8', 78.58), ('9', 80.98), ('10', 80.64)])), ('6', OrderedDict([('6', 83.61), ('7', 83.16), ('8', 80.84), ('9', 83.17), ('10', 83.31)])), ('7', OrderedDict([('7', 83.82), ('8', 82.36), ('9', 82.09), ('10', 81.09)])), ('8', OrderedDict([('8', 85.0), ('9', 83.82), ('10', 82.1)])), ('9', OrderedDict([('9', 84.86), ('10', 83.93)])), ('10', OrderedDict([('10', 85.64)]))])
Task 1 average acc: 76.42
Task 2 average acc: 77.38499999999999
Task 3 average acc: 77.24333333333333
Task 4 average acc: 78.5025
Task 5 average acc: 79.026
Task 6 average acc: 78.87333333333333
Task 7 average acc: 78.3457142857143
Task 8 average acc: 76.04125
Task 9 average acc: 77.98333333333333
Task 10 average acc: 78.60900000000001
===Summary of experiment repeats: 5 / 5 ===
The regularization coefficient: 0.0
The last avg acc of all repeats: [79.268 78.94  78.048 75.988 78.609]
mean: 78.17060000000001 std: 1.1633770841820814
reg_coef: 0.0 mean: 78.17060000000001 std: 1.1633770841820814
Total Time for the script is 834.6418449878693 seconds
