MLP(
  (linear): Sequential(
    (0): Linear(in_features=1024, out_features=1000, bias=True)
    (1): ReLU(inplace=True)
    (2): Linear(in_features=1000, out_features=1000, bias=True)
    (3): ReLU(inplace=True)
  )
  (last): ModuleDict(
    (All): Linear(in_features=1000, out_features=10, bias=True)
  )
)
#parameter of model: 2036010
Task order: ['1', '2', '3', '4', '5', '6', '7', '8', '9', '10']
====================== 1 =======================
#reg_term: 0
Epoch:0
LR: 0.0001
Itr		Time		  Data		  Loss		Acc
[0/469]	0.5340 (0.5340)	0.0961 (0.0961)	2.296 (2.296)	14.84 (14.84)
[100/469]	0.0127 (0.0121)	0.0099 (0.0050)	0.344 (0.813)	89.84 (80.51)
[200/469]	0.0029 (0.0096)	0.0001 (0.0047)	0.651 (0.566)	84.38 (85.72)
[300/469]	0.0044 (0.0088)	0.0016 (0.0046)	0.369 (0.466)	89.06 (87.88)
[400/469]	0.0140 (0.0084)	0.0112 (0.0045)	0.299 (0.409)	91.41 (89.10)
[468/469]	0.0029 (0.0082)	0.0001 (0.0045)	0.181 (0.379)	93.75 (89.83)
 * Train Acc 89.825
 * Val Acc 94.810, Total time 0.68
Epoch:1
LR: 0.0001
Itr		Time		  Data		  Loss		Acc
[0/469]	0.1125 (0.1125)	0.1038 (0.1038)	0.313 (0.313)	92.97 (92.97)
[100/469]	0.0103 (0.0082)	0.0074 (0.0052)	0.163 (0.172)	96.09 (95.02)
[200/469]	0.0029 (0.0077)	0.0001 (0.0047)	0.098 (0.167)	97.66 (95.11)
[300/469]	0.0036 (0.0075)	0.0008 (0.0046)	0.191 (0.164)	94.53 (95.15)
[400/469]	0.0153 (0.0074)	0.0126 (0.0045)	0.136 (0.156)	94.53 (95.37)
[468/469]	0.0028 (0.0074)	0.0001 (0.0045)	0.179 (0.151)	94.79 (95.53)
 * Train Acc 95.530
 * Val Acc 96.430, Total time 0.69
Computing SI
validation split name: 1
 * Val Acc 96.430, Total time 0.69
====================== 2 =======================
#reg_term: 1
Epoch:0
LR: 0.0001
Itr		Time		  Data		  Loss		Acc
[0/469]	0.1352 (0.1352)	0.1223 (0.1223)	3.034 (3.034)	8.59 (8.59)
[100/469]	0.0045 (0.0114)	0.0008 (0.0075)	0.360 (0.522)	91.41 (84.09)
[200/469]	0.0046 (0.0109)	0.0007 (0.0070)	0.197 (0.378)	94.53 (88.56)
[300/469]	0.0217 (0.0107)	0.0180 (0.0069)	0.246 (0.316)	91.41 (90.44)
[400/469]	0.0047 (0.0106)	0.0010 (0.0068)	0.126 (0.281)	96.88 (91.60)
[468/469]	0.0120 (0.0106)	0.0083 (0.0068)	0.151 (0.262)	95.83 (92.24)
 * Train Acc 92.238
 * Val Acc 95.870, Total time 0.93
Epoch:1
LR: 0.0001
Itr		Time		  Data		  Loss		Acc
[0/469]	0.1298 (0.1298)	0.1216 (0.1216)	0.177 (0.177)	95.31 (95.31)
[100/469]	0.0071 (0.0115)	0.0032 (0.0076)	0.096 (0.134)	96.09 (96.27)
[200/469]	0.0040 (0.0110)	0.0001 (0.0071)	0.147 (0.127)	94.53 (96.56)
[300/469]	0.0192 (0.0108)	0.0152 (0.0069)	0.091 (0.126)	98.44 (96.64)
[400/469]	0.0059 (0.0107)	0.0019 (0.0068)	0.118 (0.125)	97.66 (96.67)
[468/469]	0.0119 (0.0107)	0.0080 (0.0068)	0.119 (0.124)	95.83 (96.71)
 * Train Acc 96.713
 * Val Acc 96.850, Total time 0.93
Computing SI
validation split name: 1
 * Val Acc 94.670, Total time 0.69
validation split name: 2
 * Val Acc 96.850, Total time 0.95
====================== 3 =======================
#reg_term: 1
Epoch:0
LR: 0.0001
Itr		Time		  Data		  Loss		Acc
[0/469]	0.1310 (0.1310)	0.1221 (0.1221)	3.370 (3.370)	10.94 (10.94)
[100/469]	0.0040 (0.0114)	0.0001 (0.0075)	0.167 (0.481)	95.31 (85.07)
[200/469]	0.0039 (0.0109)	0.0001 (0.0070)	0.279 (0.352)	92.97 (89.49)
[300/469]	0.0233 (0.0107)	0.0194 (0.0069)	0.186 (0.297)	96.09 (91.24)
[400/469]	0.0049 (0.0106)	0.0011 (0.0068)	0.095 (0.266)	96.88 (92.27)
[468/469]	0.0149 (0.0106)	0.0112 (0.0067)	0.152 (0.249)	97.92 (92.84)
 * Train Acc 92.837
 * Val Acc 95.970, Total time 0.93
Epoch:1
LR: 0.0001
Itr		Time		  Data		  Loss		Acc
[0/469]	0.1276 (0.1276)	0.1195 (0.1195)	0.120 (0.120)	96.88 (96.88)
[100/469]	0.0059 (0.0114)	0.0020 (0.0075)	0.086 (0.125)	99.22 (96.94)
[200/469]	0.0041 (0.0110)	0.0001 (0.0070)	0.189 (0.123)	94.53 (96.99)
[300/469]	0.0039 (0.0109)	0.0001 (0.0069)	0.237 (0.123)	94.53 (97.03)
[400/469]	0.0236 (0.0108)	0.0198 (0.0069)	0.134 (0.122)	96.88 (97.08)
[468/469]	0.0039 (0.0107)	0.0001 (0.0068)	0.062 (0.122)	100.00 (97.07)
 * Train Acc 97.073
 * Val Acc 96.970, Total time 0.96
Computing SI
validation split name: 1
 * Val Acc 94.850, Total time 0.70
validation split name: 2
 * Val Acc 96.550, Total time 0.94
validation split name: 3
 * Val Acc 96.970, Total time 0.92
====================== 4 =======================
#reg_term: 1
Epoch:0
LR: 0.0001
Itr		Time		  Data		  Loss		Acc
[0/469]	0.1454 (0.1454)	0.1369 (0.1369)	3.969 (3.969)	4.69 (4.69)
[100/469]	0.0040 (0.0122)	0.0001 (0.0082)	0.255 (0.483)	91.41 (85.70)
[200/469]	0.0048 (0.0113)	0.0010 (0.0074)	0.152 (0.354)	95.31 (89.77)
[300/469]	0.0227 (0.0110)	0.0188 (0.0071)	0.228 (0.301)	93.75 (91.43)
[400/469]	0.0039 (0.0108)	0.0001 (0.0070)	0.150 (0.267)	96.88 (92.55)
[468/469]	0.0146 (0.0107)	0.0108 (0.0069)	0.165 (0.252)	96.88 (93.03)
 * Train Acc 93.035
 * Val Acc 96.220, Total time 0.93
Epoch:1
LR: 0.0001
Itr		Time		  Data		  Loss		Acc
[0/469]	0.1288 (0.1288)	0.1198 (0.1198)	0.173 (0.173)	96.09 (96.09)
[100/469]	0.0060 (0.0114)	0.0021 (0.0075)	0.125 (0.142)	96.88 (96.66)
[200/469]	0.0040 (0.0109)	0.0001 (0.0069)	0.079 (0.134)	100.00 (97.02)
[300/469]	0.0221 (0.0107)	0.0182 (0.0068)	0.115 (0.132)	96.88 (97.09)
[400/469]	0.0048 (0.0106)	0.0009 (0.0067)	0.099 (0.131)	98.44 (97.08)
[468/469]	0.0153 (0.0105)	0.0115 (0.0067)	0.088 (0.130)	97.92 (97.11)
 * Train Acc 97.113
 * Val Acc 97.320, Total time 0.96
Computing SI
validation split name: 1
 * Val Acc 91.330, Total time 0.70
validation split name: 2
 * Val Acc 96.230, Total time 0.93
validation split name: 3
 * Val Acc 96.770, Total time 0.95
validation split name: 4
 * Val Acc 97.320, Total time 0.97
====================== 5 =======================
#reg_term: 1
Epoch:0
LR: 0.0001
Itr		Time		  Data		  Loss		Acc
[0/469]	0.1296 (0.1296)	0.1209 (0.1209)	3.902 (3.902)	17.19 (17.19)
[100/469]	0.0201 (0.0118)	0.0162 (0.0078)	0.359 (0.489)	90.62 (86.14)
[200/469]	0.0048 (0.0111)	0.0010 (0.0071)	0.202 (0.359)	94.53 (89.94)
[300/469]	0.0071 (0.0108)	0.0032 (0.0069)	0.116 (0.303)	96.88 (91.69)
[400/469]	0.0040 (0.0108)	0.0001 (0.0069)	0.137 (0.269)	97.66 (92.73)
[468/469]	0.0155 (0.0107)	0.0116 (0.0068)	0.120 (0.254)	96.88 (93.20)
 * Train Acc 93.200
 * Val Acc 96.590, Total time 0.93
Epoch:1
LR: 0.0001
Itr		Time		  Data		  Loss		Acc
[0/469]	0.1267 (0.1267)	0.1181 (0.1181)	0.100 (0.100)	97.66 (97.66)
[100/469]	0.0218 (0.0116)	0.0181 (0.0076)	0.124 (0.140)	96.88 (97.05)
[200/469]	0.0040 (0.0110)	0.0001 (0.0071)	0.216 (0.136)	94.53 (97.02)
[300/469]	0.0040 (0.0107)	0.0002 (0.0069)	0.091 (0.134)	98.44 (97.11)
[400/469]	0.0232 (0.0107)	0.0194 (0.0069)	0.235 (0.136)	94.53 (97.07)
[468/469]	0.0039 (0.0106)	0.0001 (0.0068)	0.095 (0.135)	98.96 (97.10)
 * Train Acc 97.100
 * Val Acc 97.250, Total time 0.94
Computing SI
validation split name: 1
 * Val Acc 83.440, Total time 0.68
validation split name: 2
 * Val Acc 94.520, Total time 1.00
validation split name: 3
 * Val Acc 95.500, Total time 0.96
validation split name: 4
 * Val Acc 96.770, Total time 0.93
validation split name: 5
 * Val Acc 97.250, Total time 0.94
====================== 6 =======================
#reg_term: 1
Epoch:0
LR: 0.0001
Itr		Time		  Data		  Loss		Acc
[0/469]	0.1251 (0.1251)	0.1169 (0.1169)	4.831 (4.831)	22.66 (22.66)
[100/469]	0.0205 (0.0118)	0.0166 (0.0077)	0.289 (0.535)	91.41 (85.56)
[200/469]	0.0039 (0.0111)	0.0001 (0.0071)	0.191 (0.387)	96.09 (89.57)
[300/469]	0.0040 (0.0109)	0.0001 (0.0069)	0.191 (0.323)	95.31 (91.39)
[400/469]	0.0232 (0.0108)	0.0193 (0.0068)	0.214 (0.289)	95.31 (92.46)
[468/469]	0.0039 (0.0107)	0.0001 (0.0068)	0.223 (0.271)	94.79 (93.05)
 * Train Acc 93.045
 * Val Acc 96.030, Total time 0.98
Epoch:1
LR: 0.0001
Itr		Time		  Data		  Loss		Acc
[0/469]	0.1288 (0.1288)	0.1201 (0.1201)	0.158 (0.158)	96.09 (96.09)
[100/469]	0.0048 (0.0115)	0.0009 (0.0076)	0.150 (0.144)	96.88 (97.02)
[200/469]	0.0047 (0.0110)	0.0008 (0.0070)	0.134 (0.144)	97.66 (97.09)
[300/469]	0.0213 (0.0108)	0.0174 (0.0069)	0.138 (0.145)	96.09 (97.03)
[400/469]	0.0047 (0.0107)	0.0009 (0.0068)	0.181 (0.146)	96.88 (97.01)
[468/469]	0.0139 (0.0106)	0.0101 (0.0067)	0.159 (0.145)	95.83 (97.02)
 * Train Acc 97.020
 * Val Acc 96.970, Total time 0.94
Computing SI
validation split name: 1
 * Val Acc 75.670, Total time 0.69
validation split name: 2
 * Val Acc 93.550, Total time 0.94
validation split name: 3
 * Val Acc 95.730, Total time 0.97
validation split name: 4
 * Val Acc 96.720, Total time 0.96
validation split name: 5
 * Val Acc 96.630, Total time 0.94
validation split name: 6
 * Val Acc 96.970, Total time 0.93
====================== 7 =======================
#reg_term: 1
Epoch:0
LR: 0.0001
Itr		Time		  Data		  Loss		Acc
[0/469]	0.1329 (0.1329)	0.1238 (0.1238)	5.076 (5.076)	11.72 (11.72)
[100/469]	0.0053 (0.0130)	0.0002 (0.0081)	0.205 (0.536)	93.75 (85.42)
[200/469]	0.0256 (0.0125)	0.0205 (0.0076)	0.201 (0.387)	93.75 (89.65)
[300/469]	0.0039 (0.0119)	0.0001 (0.0073)	0.288 (0.328)	91.41 (91.44)
[400/469]	0.0039 (0.0115)	0.0001 (0.0071)	0.179 (0.294)	96.88 (92.52)
[468/469]	0.0038 (0.0113)	0.0001 (0.0070)	0.138 (0.277)	96.88 (92.99)
 * Train Acc 92.993
 * Val Acc 96.300, Total time 0.95
Epoch:1
LR: 0.0001
Itr		Time		  Data		  Loss		Acc
[0/469]	0.1295 (0.1295)	0.1205 (0.1205)	0.168 (0.168)	96.88 (96.88)
[100/469]	0.0068 (0.0115)	0.0029 (0.0075)	0.241 (0.159)	95.31 (97.05)
[200/469]	0.0040 (0.0109)	0.0001 (0.0070)	0.127 (0.156)	96.88 (97.03)
[300/469]	0.0047 (0.0108)	0.0009 (0.0069)	0.082 (0.155)	100.00 (97.01)
[400/469]	0.0221 (0.0107)	0.0182 (0.0068)	0.117 (0.153)	98.44 (97.08)
[468/469]	0.0039 (0.0107)	0.0001 (0.0068)	0.111 (0.153)	98.96 (97.06)
 * Train Acc 97.057
 * Val Acc 96.750, Total time 0.95
Computing SI
validation split name: 1
 * Val Acc 60.600, Total time 0.68
validation split name: 2
 * Val Acc 88.600, Total time 0.94
validation split name: 3
 * Val Acc 92.850, Total time 0.94
validation split name: 4
 * Val Acc 94.970, Total time 0.97
validation split name: 5
 * Val Acc 95.910, Total time 0.95
validation split name: 6
 * Val Acc 96.760, Total time 0.97
validation split name: 7
 * Val Acc 96.750, Total time 0.95
====================== 8 =======================
#reg_term: 1
Epoch:0
LR: 0.0001
Itr		Time		  Data		  Loss		Acc
[0/469]	0.1310 (0.1310)	0.1232 (0.1232)	5.118 (5.118)	19.53 (19.53)
[100/469]	0.0054 (0.0114)	0.0015 (0.0076)	0.266 (0.532)	93.75 (85.78)
[200/469]	0.0055 (0.0108)	0.0016 (0.0070)	0.134 (0.384)	99.22 (89.95)
[300/469]	0.0091 (0.0107)	0.0054 (0.0069)	0.233 (0.327)	95.31 (91.64)
[400/469]	0.0048 (0.0106)	0.0010 (0.0068)	0.147 (0.294)	96.88 (92.61)
[468/469]	0.0039 (0.0106)	0.0001 (0.0068)	0.129 (0.279)	98.96 (93.12)
 * Train Acc 93.120
 * Val Acc 96.260, Total time 0.94
Epoch:1
LR: 0.0001
Itr		Time		  Data		  Loss		Acc
[0/469]	0.1297 (0.1297)	0.1211 (0.1211)	0.186 (0.186)	95.31 (95.31)
[100/469]	0.0039 (0.0116)	0.0002 (0.0077)	0.140 (0.162)	98.44 (96.92)
[200/469]	0.0039 (0.0110)	0.0001 (0.0071)	0.193 (0.160)	96.09 (96.91)
[300/469]	0.0234 (0.0108)	0.0196 (0.0069)	0.147 (0.159)	96.88 (96.95)
[400/469]	0.0039 (0.0107)	0.0001 (0.0068)	0.107 (0.158)	99.22 (97.03)
[468/469]	0.0153 (0.0107)	0.0114 (0.0068)	0.084 (0.158)	100.00 (97.03)
 * Train Acc 97.030
 * Val Acc 96.860, Total time 0.94
Computing SI
validation split name: 1
 * Val Acc 62.270, Total time 0.69
validation split name: 2
 * Val Acc 87.790, Total time 1.00
validation split name: 3
 * Val Acc 92.890, Total time 0.93
validation split name: 4
 * Val Acc 95.070, Total time 0.99
validation split name: 5
 * Val Acc 96.130, Total time 0.94
validation split name: 6
 * Val Acc 96.260, Total time 0.93
validation split name: 7
 * Val Acc 95.590, Total time 0.94
validation split name: 8
 * Val Acc 96.860, Total time 0.94
====================== 9 =======================
#reg_term: 1
Epoch:0
LR: 0.0001
Itr		Time		  Data		  Loss		Acc
[0/469]	0.1328 (0.1328)	0.1240 (0.1240)	6.274 (6.274)	9.38 (9.38)
[100/469]	0.0141 (0.0117)	0.0102 (0.0077)	0.334 (0.590)	90.62 (85.06)
[200/469]	0.0039 (0.0111)	0.0001 (0.0072)	0.204 (0.427)	94.53 (89.39)
[300/469]	0.0039 (0.0109)	0.0002 (0.0070)	0.280 (0.361)	92.19 (91.13)
[400/469]	0.0238 (0.0109)	0.0199 (0.0069)	0.139 (0.324)	97.66 (92.26)
[468/469]	0.0039 (0.0108)	0.0001 (0.0068)	0.179 (0.304)	94.79 (92.80)
 * Train Acc 92.803
 * Val Acc 96.010, Total time 0.96
Epoch:1
LR: 0.0001
Itr		Time		  Data		  Loss		Acc
[0/469]	0.1376 (0.1376)	0.1290 (0.1290)	0.140 (0.140)	98.44 (98.44)
[100/469]	0.0040 (0.0120)	0.0001 (0.0080)	0.115 (0.173)	97.66 (96.57)
[200/469]	0.0050 (0.0112)	0.0010 (0.0073)	0.163 (0.172)	96.88 (96.63)
[300/469]	0.0232 (0.0109)	0.0194 (0.0070)	0.237 (0.172)	93.75 (96.62)
[400/469]	0.0040 (0.0108)	0.0001 (0.0069)	0.145 (0.172)	96.09 (96.66)
[468/469]	0.0150 (0.0107)	0.0112 (0.0068)	0.109 (0.170)	98.96 (96.71)
 * Train Acc 96.707
 * Val Acc 96.380, Total time 0.97
Computing SI
validation split name: 1
 * Val Acc 58.160, Total time 0.68
validation split name: 2
 * Val Acc 87.000, Total time 0.98
validation split name: 3
 * Val Acc 93.520, Total time 0.93
validation split name: 4
 * Val Acc 94.780, Total time 0.94
validation split name: 5
 * Val Acc 95.640, Total time 0.95
validation split name: 6
 * Val Acc 96.010, Total time 1.01
validation split name: 7
 * Val Acc 94.890, Total time 0.93
validation split name: 8
 * Val Acc 96.590, Total time 0.94
validation split name: 9
 * Val Acc 96.380, Total time 0.99
====================== 10 =======================
#reg_term: 1
Epoch:0
LR: 0.0001
Itr		Time		  Data		  Loss		Acc
[0/469]	0.1293 (0.1293)	0.1206 (0.1206)	4.581 (4.581)	16.41 (16.41)
[100/469]	0.0039 (0.0115)	0.0001 (0.0076)	0.266 (0.541)	93.75 (86.10)
[200/469]	0.0049 (0.0110)	0.0010 (0.0071)	0.224 (0.395)	93.75 (90.05)
[300/469]	0.0228 (0.0108)	0.0188 (0.0070)	0.253 (0.337)	93.75 (91.72)
[400/469]	0.0040 (0.0107)	0.0002 (0.0069)	0.288 (0.306)	92.97 (92.64)
[468/469]	0.0155 (0.0107)	0.0116 (0.0068)	0.152 (0.290)	96.88 (93.09)
 * Train Acc 93.092
 * Val Acc 95.970, Total time 0.94
Epoch:1
LR: 0.0001
Itr		Time		  Data		  Loss		Acc
[0/469]	0.1290 (0.1290)	0.1206 (0.1206)	0.185 (0.185)	96.88 (96.88)
[100/469]	0.0226 (0.0116)	0.0188 (0.0077)	0.139 (0.177)	96.88 (96.64)
[200/469]	0.0040 (0.0110)	0.0001 (0.0071)	0.206 (0.176)	95.31 (96.69)
[300/469]	0.0040 (0.0108)	0.0002 (0.0069)	0.155 (0.173)	97.66 (96.79)
[400/469]	0.0234 (0.0107)	0.0195 (0.0069)	0.260 (0.171)	89.84 (96.87)
[468/469]	0.0040 (0.0107)	0.0001 (0.0068)	0.166 (0.170)	97.92 (96.89)
 * Train Acc 96.887
 * Val Acc 96.510, Total time 0.94
Computing SI
validation split name: 1
 * Val Acc 55.720, Total time 0.70
validation split name: 2
 * Val Acc 84.040, Total time 0.94
validation split name: 3
 * Val Acc 92.180, Total time 0.99
validation split name: 4
 * Val Acc 93.610, Total time 0.94
validation split name: 5
 * Val Acc 94.780, Total time 0.94
validation split name: 6
 * Val Acc 95.400, Total time 0.94
validation split name: 7
 * Val Acc 95.570, Total time 0.96
validation split name: 8
 * Val Acc 96.540, Total time 0.95
validation split name: 9
 * Val Acc 95.130, Total time 0.95
validation split name: 10
 * Val Acc 96.510, Total time 0.96
OrderedDict([('1', OrderedDict([('1', 96.43), ('2', 94.67), ('3', 94.85), ('4', 91.33), ('5', 83.44), ('6', 75.67), ('7', 60.6), ('8', 62.27), ('9', 58.16), ('10', 55.72)])), ('2', OrderedDict([('2', 96.85), ('3', 96.55), ('4', 96.23), ('5', 94.52), ('6', 93.55), ('7', 88.6), ('8', 87.79), ('9', 87.0), ('10', 84.04)])), ('3', OrderedDict([('3', 96.97), ('4', 96.77), ('5', 95.5), ('6', 95.73), ('7', 92.85), ('8', 92.89), ('9', 93.52), ('10', 92.18)])), ('4', OrderedDict([('4', 97.32), ('5', 96.77), ('6', 96.72), ('7', 94.97), ('8', 95.07), ('9', 94.78), ('10', 93.61)])), ('5', OrderedDict([('5', 97.25), ('6', 96.63), ('7', 95.91), ('8', 96.13), ('9', 95.64), ('10', 94.78)])), ('6', OrderedDict([('6', 96.97), ('7', 96.76), ('8', 96.26), ('9', 96.01), ('10', 95.4)])), ('7', OrderedDict([('7', 96.75), ('8', 95.59), ('9', 94.89), ('10', 95.57)])), ('8', OrderedDict([('8', 96.86), ('9', 96.59), ('10', 96.54)])), ('9', OrderedDict([('9', 96.38), ('10', 95.13)])), ('10', OrderedDict([('10', 96.51)]))])
Task 1 average acc: 96.43
Task 2 average acc: 95.75999999999999
Task 3 average acc: 96.12333333333333
Task 4 average acc: 95.4125
Task 5 average acc: 93.496
Task 6 average acc: 92.545
Task 7 average acc: 89.49142857142856
Task 8 average acc: 90.3575
Task 9 average acc: 90.33
Task 10 average acc: 89.948
===Summary of experiment repeats: 1 / 5 ===
The regularization coefficient: 10.0
The last avg acc of all repeats: [89.948  0.     0.     0.     0.   ]
mean: 17.9896 std: 35.9792
MLP(
  (linear): Sequential(
    (0): Linear(in_features=1024, out_features=1000, bias=True)
    (1): ReLU(inplace=True)
    (2): Linear(in_features=1000, out_features=1000, bias=True)
    (3): ReLU(inplace=True)
  )
  (last): ModuleDict(
    (All): Linear(in_features=1000, out_features=10, bias=True)
  )
)
#parameter of model: 2036010
Task order: ['1', '2', '3', '4', '5', '6', '7', '8', '9', '10']
====================== 1 =======================
#reg_term: 0
Epoch:0
LR: 0.0001
Itr		Time		  Data		  Loss		Acc
[0/469]	0.1250 (0.1250)	0.1184 (0.1184)	2.302 (2.302)	14.84 (14.84)
[100/469]	0.0029 (0.0086)	0.0001 (0.0055)	0.380 (0.825)	86.72 (80.68)
[200/469]	0.0029 (0.0078)	0.0001 (0.0049)	0.342 (0.575)	92.19 (85.61)
[300/469]	0.0159 (0.0077)	0.0130 (0.0048)	0.190 (0.470)	96.88 (87.89)
[400/469]	0.0029 (0.0075)	0.0002 (0.0047)	0.286 (0.408)	90.62 (89.29)
[468/469]	0.0104 (0.0075)	0.0077 (0.0046)	0.244 (0.378)	92.71 (90.00)
 * Train Acc 89.997
 * Val Acc 94.350, Total time 0.68
Epoch:1
LR: 0.0001
Itr		Time		  Data		  Loss		Acc
[0/469]	0.1198 (0.1198)	0.1134 (0.1134)	0.167 (0.167)	96.09 (96.09)
[100/469]	0.0029 (0.0082)	0.0001 (0.0054)	0.184 (0.173)	95.31 (94.90)
[200/469]	0.0030 (0.0077)	0.0001 (0.0049)	0.205 (0.161)	95.31 (95.33)
[300/469]	0.0158 (0.0076)	0.0130 (0.0047)	0.091 (0.156)	96.88 (95.50)
[400/469]	0.0029 (0.0075)	0.0001 (0.0046)	0.109 (0.152)	95.31 (95.64)
[468/469]	0.0102 (0.0074)	0.0074 (0.0046)	0.142 (0.148)	94.79 (95.74)
 * Train Acc 95.740
 * Val Acc 96.280, Total time 0.69
Computing SI
validation split name: 1
 * Val Acc 96.280, Total time 0.71
====================== 2 =======================
#reg_term: 1
Epoch:0
LR: 0.0001
Itr		Time		  Data		  Loss		Acc
[0/469]	0.1341 (0.1341)	0.1228 (0.1228)	2.597 (2.597)	14.84 (14.84)
[100/469]	0.0047 (0.0114)	0.0008 (0.0075)	0.253 (0.481)	94.53 (84.66)
[200/469]	0.0042 (0.0108)	0.0004 (0.0069)	0.220 (0.354)	92.19 (89.02)
[300/469]	0.0194 (0.0107)	0.0155 (0.0068)	0.215 (0.302)	93.75 (90.79)
[400/469]	0.0091 (0.0106)	0.0052 (0.0067)	0.085 (0.267)	98.44 (91.91)
[468/469]	0.0099 (0.0105)	0.0061 (0.0066)	0.198 (0.250)	95.83 (92.43)
 * Train Acc 92.430
 * Val Acc 95.870, Total time 0.95
Epoch:1
LR: 0.0001
Itr		Time		  Data		  Loss		Acc
[0/469]	0.1314 (0.1314)	0.1227 (0.1227)	0.151 (0.151)	96.09 (96.09)
[100/469]	0.0040 (0.0116)	0.0002 (0.0076)	0.103 (0.129)	97.66 (96.54)
[200/469]	0.0048 (0.0110)	0.0009 (0.0070)	0.188 (0.126)	92.97 (96.59)
[300/469]	0.0217 (0.0108)	0.0178 (0.0069)	0.152 (0.123)	96.88 (96.69)
[400/469]	0.0049 (0.0107)	0.0010 (0.0068)	0.120 (0.121)	96.88 (96.77)
[468/469]	0.0147 (0.0107)	0.0109 (0.0068)	0.090 (0.120)	96.88 (96.80)
 * Train Acc 96.795
 * Val Acc 96.930, Total time 0.92
Computing SI
validation split name: 1
 * Val Acc 93.890, Total time 0.69
validation split name: 2
 * Val Acc 96.930, Total time 0.94
====================== 3 =======================
#reg_term: 1
Epoch:0
LR: 0.0001
Itr		Time		  Data		  Loss		Acc
[0/469]	0.1311 (0.1311)	0.1214 (0.1214)	3.850 (3.850)	7.03 (7.03)
[100/469]	0.0038 (0.0114)	0.0001 (0.0076)	0.218 (0.508)	92.19 (84.56)
[200/469]	0.0114 (0.0109)	0.0076 (0.0071)	0.179 (0.365)	96.09 (89.12)
[300/469]	0.0053 (0.0107)	0.0016 (0.0069)	0.104 (0.307)	97.66 (90.99)
[400/469]	0.0038 (0.0106)	0.0002 (0.0068)	0.161 (0.273)	95.31 (92.03)
[468/469]	0.0043 (0.0106)	0.0006 (0.0068)	0.099 (0.257)	96.88 (92.57)
 * Train Acc 92.567
 * Val Acc 96.220, Total time 0.92
Epoch:1
LR: 0.0001
Itr		Time		  Data		  Loss		Acc
[0/469]	0.1272 (0.1272)	0.1194 (0.1194)	0.161 (0.161)	96.88 (96.88)
[100/469]	0.0039 (0.0114)	0.0001 (0.0075)	0.133 (0.131)	96.88 (96.69)
[200/469]	0.0040 (0.0109)	0.0002 (0.0070)	0.155 (0.130)	96.88 (96.73)
[300/469]	0.0235 (0.0108)	0.0196 (0.0069)	0.090 (0.129)	98.44 (96.82)
[400/469]	0.0047 (0.0107)	0.0009 (0.0068)	0.111 (0.126)	98.44 (96.90)
[468/469]	0.0151 (0.0106)	0.0113 (0.0068)	0.207 (0.125)	92.71 (96.94)
 * Train Acc 96.945
 * Val Acc 97.060, Total time 0.94
Computing SI
validation split name: 1
 * Val Acc 90.890, Total time 0.70
validation split name: 2
 * Val Acc 96.380, Total time 0.93
validation split name: 3
 * Val Acc 97.060, Total time 0.94
====================== 4 =======================
#reg_term: 1
Epoch:0
LR: 0.0001
Itr		Time		  Data		  Loss		Acc
[0/469]	0.1311 (0.1311)	0.1227 (0.1227)	4.382 (4.382)	11.72 (11.72)
[100/469]	0.0040 (0.0113)	0.0001 (0.0073)	0.273 (0.530)	90.62 (84.58)
[200/469]	0.0041 (0.0107)	0.0002 (0.0068)	0.199 (0.376)	95.31 (89.36)
[300/469]	0.0219 (0.0106)	0.0180 (0.0067)	0.152 (0.314)	95.31 (91.26)
[400/469]	0.0047 (0.0105)	0.0009 (0.0066)	0.177 (0.280)	94.53 (92.29)
[468/469]	0.0148 (0.0104)	0.0109 (0.0066)	0.162 (0.262)	95.83 (92.81)
 * Train Acc 92.815
 * Val Acc 96.470, Total time 0.95
Epoch:1
LR: 0.0001
Itr		Time		  Data		  Loss		Acc
[0/469]	0.1329 (0.1329)	0.1243 (0.1243)	0.139 (0.139)	96.88 (96.88)
[100/469]	0.0072 (0.0114)	0.0033 (0.0075)	0.132 (0.137)	96.09 (96.71)
[200/469]	0.0040 (0.0109)	0.0002 (0.0070)	0.110 (0.138)	96.88 (96.72)
[300/469]	0.0154 (0.0107)	0.0116 (0.0068)	0.089 (0.135)	97.66 (96.79)
[400/469]	0.0108 (0.0106)	0.0071 (0.0067)	0.128 (0.134)	96.88 (96.89)
[468/469]	0.0146 (0.0106)	0.0107 (0.0067)	0.168 (0.132)	95.83 (96.97)
 * Train Acc 96.967
 * Val Acc 96.920, Total time 0.93
Computing SI
validation split name: 1
 * Val Acc 92.570, Total time 0.68
validation split name: 2
 * Val Acc 95.440, Total time 1.01
validation split name: 3
 * Val Acc 96.690, Total time 0.98
validation split name: 4
 * Val Acc 96.920, Total time 0.93
====================== 5 =======================
#reg_term: 1
Epoch:0
LR: 0.0001
Itr		Time		  Data		  Loss		Acc
[0/469]	0.1444 (0.1444)	0.1360 (0.1360)	4.683 (4.683)	8.59 (8.59)
[100/469]	0.0048 (0.0118)	0.0010 (0.0077)	0.143 (0.534)	96.09 (85.03)
[200/469]	0.0072 (0.0111)	0.0034 (0.0071)	0.221 (0.379)	92.97 (89.48)
[300/469]	0.0196 (0.0109)	0.0157 (0.0069)	0.120 (0.315)	97.66 (91.38)
[400/469]	0.0040 (0.0107)	0.0001 (0.0068)	0.183 (0.282)	95.31 (92.40)
[468/469]	0.0147 (0.0107)	0.0109 (0.0068)	0.220 (0.266)	94.79 (92.92)
 * Train Acc 92.922
 * Val Acc 96.250, Total time 0.92
Epoch:1
LR: 0.0001
Itr		Time		  Data		  Loss		Acc
[0/469]	0.1273 (0.1273)	0.1194 (0.1194)	0.165 (0.165)	96.09 (96.09)
[100/469]	0.0214 (0.0119)	0.0176 (0.0080)	0.183 (0.145)	95.31 (96.81)
[200/469]	0.0112 (0.0110)	0.0075 (0.0072)	0.085 (0.142)	99.22 (96.91)
[300/469]	0.0039 (0.0108)	0.0001 (0.0070)	0.161 (0.141)	95.31 (96.98)
[400/469]	0.0046 (0.0107)	0.0009 (0.0068)	0.164 (0.138)	96.09 (97.08)
[468/469]	0.0038 (0.0106)	0.0001 (0.0068)	0.177 (0.139)	95.83 (97.06)
 * Train Acc 97.065
 * Val Acc 96.730, Total time 0.92
Computing SI
validation split name: 1
 * Val Acc 92.680, Total time 0.69
validation split name: 2
 * Val Acc 94.870, Total time 0.93
validation split name: 3
 * Val Acc 96.500, Total time 0.93
validation split name: 4
 * Val Acc 96.620, Total time 0.95
validation split name: 5
 * Val Acc 96.730, Total time 0.95
====================== 6 =======================
#reg_term: 1
Epoch:0
LR: 0.0001
Itr		Time		  Data		  Loss		Acc
[0/469]	0.1344 (0.1344)	0.1250 (0.1250)	5.202 (5.202)	7.81 (7.81)
[100/469]	0.0040 (0.0117)	0.0001 (0.0077)	0.252 (0.572)	93.75 (84.32)
[200/469]	0.0244 (0.0112)	0.0204 (0.0073)	0.181 (0.409)	95.31 (88.99)
[300/469]	0.0040 (0.0109)	0.0001 (0.0071)	0.130 (0.343)	97.66 (90.94)
[400/469]	0.0039 (0.0108)	0.0001 (0.0069)	0.127 (0.306)	97.66 (92.02)
[468/469]	0.0039 (0.0108)	0.0001 (0.0069)	0.154 (0.287)	95.83 (92.61)
 * Train Acc 92.610
 * Val Acc 96.160, Total time 0.92
Epoch:1
LR: 0.0001
Itr		Time		  Data		  Loss		Acc
[0/469]	0.1237 (0.1237)	0.1158 (0.1158)	0.141 (0.141)	97.66 (97.66)
[100/469]	0.0110 (0.0115)	0.0070 (0.0075)	0.242 (0.154)	96.09 (96.77)
[200/469]	0.0043 (0.0109)	0.0005 (0.0069)	0.143 (0.153)	96.88 (96.82)
[300/469]	0.0142 (0.0107)	0.0102 (0.0068)	0.213 (0.152)	95.31 (96.81)
[400/469]	0.0139 (0.0106)	0.0100 (0.0067)	0.157 (0.151)	97.66 (96.86)
[468/469]	0.0100 (0.0106)	0.0061 (0.0066)	0.150 (0.150)	96.88 (96.90)
 * Train Acc 96.900
 * Val Acc 96.850, Total time 0.93
Computing SI
validation split name: 1
 * Val Acc 90.160, Total time 0.73
validation split name: 2
 * Val Acc 92.940, Total time 0.93
validation split name: 3
 * Val Acc 95.570, Total time 0.93
validation split name: 4
 * Val Acc 96.200, Total time 0.93
validation split name: 5
 * Val Acc 95.880, Total time 0.94
validation split name: 6
 * Val Acc 96.850, Total time 0.93
====================== 7 =======================
#reg_term: 1
Epoch:0
LR: 0.0001
Itr		Time		  Data		  Loss		Acc
[0/469]	0.1354 (0.1354)	0.1274 (0.1274)	6.079 (6.079)	11.72 (11.72)
[100/469]	0.0040 (0.0118)	0.0001 (0.0078)	0.206 (0.589)	96.09 (84.40)
[200/469]	0.0039 (0.0111)	0.0002 (0.0071)	0.408 (0.419)	90.62 (89.04)
[300/469]	0.0043 (0.0109)	0.0001 (0.0069)	0.355 (0.352)	91.41 (90.97)
[400/469]	0.0039 (0.0108)	0.0002 (0.0068)	0.186 (0.313)	97.66 (92.12)
[468/469]	0.0039 (0.0107)	0.0001 (0.0068)	0.211 (0.295)	96.88 (92.64)
 * Train Acc 92.638
 * Val Acc 96.240, Total time 0.94
Epoch:1
LR: 0.0001
Itr		Time		  Data		  Loss		Acc
[0/469]	0.1311 (0.1311)	0.1223 (0.1223)	0.215 (0.215)	94.53 (94.53)
[100/469]	0.0047 (0.0115)	0.0009 (0.0076)	0.128 (0.161)	97.66 (96.77)
[200/469]	0.0047 (0.0109)	0.0008 (0.0070)	0.157 (0.153)	96.09 (96.96)
[300/469]	0.0221 (0.0108)	0.0182 (0.0069)	0.099 (0.154)	99.22 (96.98)
[400/469]	0.0047 (0.0107)	0.0009 (0.0068)	0.103 (0.156)	99.22 (96.93)
[468/469]	0.0142 (0.0106)	0.0104 (0.0068)	0.136 (0.155)	95.83 (96.97)
 * Train Acc 96.972
 * Val Acc 96.880, Total time 0.95
Computing SI
validation split name: 1
 * Val Acc 87.750, Total time 0.69
validation split name: 2
 * Val Acc 92.200, Total time 0.94
validation split name: 3
 * Val Acc 94.280, Total time 0.93
validation split name: 4
 * Val Acc 95.750, Total time 0.94
validation split name: 5
 * Val Acc 94.450, Total time 0.95
validation split name: 6
 * Val Acc 96.030, Total time 0.96
validation split name: 7
 * Val Acc 96.880, Total time 0.94
====================== 8 =======================
#reg_term: 1
Epoch:0
LR: 0.0001
Itr		Time		  Data		  Loss		Acc
[0/469]	0.1282 (0.1282)	0.1198 (0.1198)	6.099 (6.099)	10.94 (10.94)
[100/469]	0.0053 (0.0113)	0.0015 (0.0074)	0.342 (0.575)	91.41 (85.14)
[200/469]	0.0039 (0.0108)	0.0001 (0.0069)	0.203 (0.418)	93.75 (89.38)
[300/469]	0.0221 (0.0106)	0.0183 (0.0068)	0.218 (0.350)	96.09 (91.26)
[400/469]	0.0043 (0.0105)	0.0005 (0.0067)	0.122 (0.314)	98.44 (92.36)
[468/469]	0.0146 (0.0105)	0.0108 (0.0066)	0.155 (0.296)	97.92 (92.89)
 * Train Acc 92.890
 * Val Acc 96.050, Total time 0.94
Epoch:1
LR: 0.0001
Itr		Time		  Data		  Loss		Acc
[0/469]	0.1271 (0.1271)	0.1183 (0.1183)	0.235 (0.235)	95.31 (95.31)
[100/469]	0.0193 (0.0116)	0.0154 (0.0076)	0.158 (0.166)	96.88 (96.98)
[200/469]	0.0039 (0.0110)	0.0001 (0.0071)	0.113 (0.164)	99.22 (96.94)
[300/469]	0.0039 (0.0107)	0.0002 (0.0069)	0.112 (0.163)	98.44 (96.98)
[400/469]	0.0232 (0.0107)	0.0195 (0.0069)	0.132 (0.165)	97.66 (96.89)
[468/469]	0.0038 (0.0106)	0.0001 (0.0068)	0.107 (0.164)	98.96 (96.90)
 * Train Acc 96.898
 * Val Acc 96.720, Total time 0.96
Computing SI
validation split name: 1
 * Val Acc 84.110, Total time 0.68
validation split name: 2
 * Val Acc 89.900, Total time 0.94
validation split name: 3
 * Val Acc 92.810, Total time 0.94
validation split name: 4
 * Val Acc 95.120, Total time 0.93
validation split name: 5
 * Val Acc 93.730, Total time 0.94
validation split name: 6
 * Val Acc 95.230, Total time 0.94
validation split name: 7
 * Val Acc 96.070, Total time 0.93
validation split name: 8
 * Val Acc 96.720, Total time 0.94
====================== 9 =======================
#reg_term: 1
Epoch:0
LR: 0.0001
Itr		Time		  Data		  Loss		Acc
[0/469]	0.1402 (0.1402)	0.1319 (0.1319)	6.042 (6.042)	7.81 (7.81)
[100/469]	0.0040 (0.0118)	0.0001 (0.0078)	0.262 (0.590)	93.75 (85.21)
[200/469]	0.0195 (0.0110)	0.0156 (0.0071)	0.218 (0.427)	96.09 (89.39)
[300/469]	0.0048 (0.0108)	0.0009 (0.0069)	0.240 (0.360)	94.53 (91.26)
[400/469]	0.0177 (0.0107)	0.0138 (0.0068)	0.187 (0.320)	96.88 (92.34)
[468/469]	0.0043 (0.0106)	0.0005 (0.0067)	0.161 (0.301)	97.92 (92.92)
 * Train Acc 92.923
 * Val Acc 95.840, Total time 0.95
Epoch:1
LR: 0.0001
Itr		Time		  Data		  Loss		Acc
[0/469]	0.1283 (0.1283)	0.1201 (0.1201)	0.128 (0.128)	97.66 (97.66)
[100/469]	0.0046 (0.0114)	0.0009 (0.0075)	0.184 (0.168)	94.53 (96.78)
[200/469]	0.0039 (0.0108)	0.0002 (0.0070)	0.115 (0.170)	98.44 (96.84)
[300/469]	0.0229 (0.0107)	0.0190 (0.0069)	0.187 (0.169)	96.88 (96.83)
[400/469]	0.0040 (0.0106)	0.0001 (0.0068)	0.154 (0.168)	98.44 (96.84)
[468/469]	0.0153 (0.0106)	0.0114 (0.0067)	0.190 (0.168)	95.83 (96.83)
 * Train Acc 96.825
 * Val Acc 96.740, Total time 0.95
Computing SI
validation split name: 1
 * Val Acc 83.470, Total time 0.72
validation split name: 2
 * Val Acc 87.460, Total time 0.94
validation split name: 3
 * Val Acc 93.180, Total time 0.96
validation split name: 4
 * Val Acc 93.890, Total time 0.93
validation split name: 5
 * Val Acc 93.120, Total time 0.94
validation split name: 6
 * Val Acc 95.220, Total time 0.94
validation split name: 7
 * Val Acc 95.980, Total time 0.92
validation split name: 8
 * Val Acc 96.380, Total time 0.94
validation split name: 9
 * Val Acc 96.740, Total time 0.99
====================== 10 =======================
#reg_term: 1
Epoch:0
LR: 0.0001
Itr		Time		  Data		  Loss		Acc
[0/469]	0.1345 (0.1345)	0.1262 (0.1262)	5.652 (5.652)	13.28 (13.28)
[100/469]	0.0090 (0.0120)	0.0052 (0.0080)	0.302 (0.594)	91.41 (84.99)
[200/469]	0.0039 (0.0111)	0.0002 (0.0073)	0.164 (0.423)	95.31 (89.65)
[300/469]	0.0056 (0.0109)	0.0017 (0.0070)	0.178 (0.358)	96.09 (91.45)
[400/469]	0.0221 (0.0108)	0.0183 (0.0069)	0.178 (0.321)	95.31 (92.47)
[468/469]	0.0038 (0.0107)	0.0001 (0.0069)	0.199 (0.304)	95.83 (92.95)
 * Train Acc 92.948
 * Val Acc 96.070, Total time 0.93
Epoch:1
LR: 0.0001
Itr		Time		  Data		  Loss		Acc
[0/469]	0.1307 (0.1307)	0.1223 (0.1223)	0.156 (0.156)	97.66 (97.66)
[100/469]	0.0056 (0.0115)	0.0017 (0.0076)	0.226 (0.173)	96.09 (96.86)
[200/469]	0.0042 (0.0109)	0.0004 (0.0070)	0.212 (0.173)	92.97 (96.85)
[300/469]	0.0162 (0.0108)	0.0123 (0.0069)	0.158 (0.173)	97.66 (96.84)
[400/469]	0.0111 (0.0107)	0.0072 (0.0068)	0.170 (0.173)	97.66 (96.88)
[468/469]	0.0114 (0.0106)	0.0076 (0.0067)	0.217 (0.173)	96.88 (96.90)
 * Train Acc 96.898
 * Val Acc 96.820, Total time 0.96
Computing SI
validation split name: 1
 * Val Acc 82.400, Total time 0.69
validation split name: 2
 * Val Acc 86.890, Total time 0.93
validation split name: 3
 * Val Acc 91.860, Total time 0.94
validation split name: 4
 * Val Acc 92.000, Total time 0.94
validation split name: 5
 * Val Acc 92.140, Total time 0.96
validation split name: 6
 * Val Acc 94.750, Total time 0.94
validation split name: 7
 * Val Acc 95.590, Total time 0.95
validation split name: 8
 * Val Acc 95.880, Total time 0.93
validation split name: 9
 * Val Acc 96.500, Total time 0.95
validation split name: 10
 * Val Acc 96.820, Total time 0.97
OrderedDict([('1', OrderedDict([('1', 96.28), ('2', 93.89), ('3', 90.89), ('4', 92.57), ('5', 92.68), ('6', 90.16), ('7', 87.75), ('8', 84.11), ('9', 83.47), ('10', 82.4)])), ('2', OrderedDict([('2', 96.93), ('3', 96.38), ('4', 95.44), ('5', 94.87), ('6', 92.94), ('7', 92.2), ('8', 89.9), ('9', 87.46), ('10', 86.89)])), ('3', OrderedDict([('3', 97.06), ('4', 96.69), ('5', 96.5), ('6', 95.57), ('7', 94.28), ('8', 92.81), ('9', 93.18), ('10', 91.86)])), ('4', OrderedDict([('4', 96.92), ('5', 96.62), ('6', 96.2), ('7', 95.75), ('8', 95.12), ('9', 93.89), ('10', 92.0)])), ('5', OrderedDict([('5', 96.73), ('6', 95.88), ('7', 94.45), ('8', 93.73), ('9', 93.12), ('10', 92.14)])), ('6', OrderedDict([('6', 96.85), ('7', 96.03), ('8', 95.23), ('9', 95.22), ('10', 94.75)])), ('7', OrderedDict([('7', 96.88), ('8', 96.07), ('9', 95.98), ('10', 95.59)])), ('8', OrderedDict([('8', 96.72), ('9', 96.38), ('10', 95.88)])), ('9', OrderedDict([('9', 96.74), ('10', 96.5)])), ('10', OrderedDict([('10', 96.82)]))])
Task 1 average acc: 96.28
Task 2 average acc: 95.41
Task 3 average acc: 94.77666666666666
Task 4 average acc: 95.405
Task 5 average acc: 95.48
Task 6 average acc: 94.59999999999998
Task 7 average acc: 93.9057142857143
Task 8 average acc: 92.96125
Task 9 average acc: 92.82666666666667
Task 10 average acc: 92.48299999999999
===Summary of experiment repeats: 2 / 5 ===
The regularization coefficient: 10.0
The last avg acc of all repeats: [89.948 92.483  0.     0.     0.   ]
mean: 36.4862 std: 44.69347612526911
MLP(
  (linear): Sequential(
    (0): Linear(in_features=1024, out_features=1000, bias=True)
    (1): ReLU(inplace=True)
    (2): Linear(in_features=1000, out_features=1000, bias=True)
    (3): ReLU(inplace=True)
  )
  (last): ModuleDict(
    (All): Linear(in_features=1000, out_features=10, bias=True)
  )
)
#parameter of model: 2036010
Task order: ['1', '2', '3', '4', '5', '6', '7', '8', '9', '10']
====================== 1 =======================
#reg_term: 0
Epoch:0
LR: 0.0001
Itr		Time		  Data		  Loss		Acc
[0/469]	0.1202 (0.1202)	0.1110 (0.1110)	2.304 (2.304)	7.03 (7.03)
[100/469]	0.0037 (0.0083)	0.0009 (0.0053)	0.435 (0.822)	85.94 (80.25)
[200/469]	0.0029 (0.0077)	0.0001 (0.0048)	0.315 (0.573)	91.41 (85.34)
[300/469]	0.0102 (0.0076)	0.0073 (0.0047)	0.304 (0.470)	91.41 (87.71)
[400/469]	0.0135 (0.0075)	0.0106 (0.0046)	0.098 (0.412)	96.09 (89.05)
[468/469]	0.0033 (0.0074)	0.0005 (0.0046)	0.113 (0.380)	95.83 (89.84)
 * Train Acc 89.842
 * Val Acc 94.520, Total time 0.70
Epoch:1
LR: 0.0001
Itr		Time		  Data		  Loss		Acc
[0/469]	0.1175 (0.1175)	0.1109 (0.1109)	0.183 (0.183)	95.31 (95.31)
[100/469]	0.0036 (0.0082)	0.0007 (0.0053)	0.109 (0.162)	95.31 (95.31)
[200/469]	0.0084 (0.0077)	0.0055 (0.0048)	0.247 (0.165)	94.53 (95.20)
[300/469]	0.0070 (0.0075)	0.0041 (0.0046)	0.123 (0.161)	96.09 (95.33)
[400/469]	0.0035 (0.0074)	0.0007 (0.0046)	0.070 (0.154)	99.22 (95.53)
[468/469]	0.0028 (0.0074)	0.0001 (0.0045)	0.140 (0.151)	94.79 (95.61)
 * Train Acc 95.608
 * Val Acc 96.370, Total time 0.73
Computing SI
validation split name: 1
 * Val Acc 96.370, Total time 0.69
====================== 2 =======================
#reg_term: 1
Epoch:0
LR: 0.0001
Itr		Time		  Data		  Loss		Acc
[0/469]	0.1269 (0.1269)	0.1182 (0.1182)	2.822 (2.822)	3.91 (3.91)
[100/469]	0.0039 (0.0117)	0.0001 (0.0078)	0.284 (0.487)	92.97 (84.57)
[200/469]	0.0039 (0.0110)	0.0001 (0.0072)	0.129 (0.359)	98.44 (89.04)
[300/469]	0.0235 (0.0108)	0.0198 (0.0070)	0.177 (0.304)	93.75 (90.81)
[400/469]	0.0039 (0.0107)	0.0001 (0.0069)	0.135 (0.273)	97.66 (91.78)
[468/469]	0.0159 (0.0106)	0.0121 (0.0069)	0.119 (0.255)	95.83 (92.33)
 * Train Acc 92.325
 * Val Acc 96.020, Total time 0.93
Epoch:1
LR: 0.0001
Itr		Time		  Data		  Loss		Acc
[0/469]	0.1409 (0.1409)	0.1335 (0.1335)	0.107 (0.107)	97.66 (97.66)
[100/469]	0.0039 (0.0118)	0.0001 (0.0081)	0.107 (0.130)	96.88 (96.47)
[200/469]	0.0152 (0.0112)	0.0116 (0.0074)	0.149 (0.130)	96.88 (96.47)
[300/469]	0.0167 (0.0109)	0.0130 (0.0072)	0.151 (0.126)	95.31 (96.61)
[400/469]	0.0039 (0.0108)	0.0001 (0.0070)	0.101 (0.123)	97.66 (96.74)
[468/469]	0.0151 (0.0107)	0.0114 (0.0070)	0.056 (0.122)	100.00 (96.72)
 * Train Acc 96.723
 * Val Acc 96.930, Total time 0.93
Computing SI
validation split name: 1
 * Val Acc 95.860, Total time 0.69
validation split name: 2
 * Val Acc 96.930, Total time 0.93
====================== 3 =======================
#reg_term: 1
Epoch:0
LR: 0.0001
Itr		Time		  Data		  Loss		Acc
[0/469]	0.1426 (0.1426)	0.1343 (0.1343)	4.060 (4.060)	7.81 (7.81)
[100/469]	0.0039 (0.0119)	0.0001 (0.0080)	0.181 (0.528)	95.31 (84.06)
[200/469]	0.0141 (0.0112)	0.0103 (0.0073)	0.175 (0.376)	95.31 (88.78)
[300/469]	0.0076 (0.0110)	0.0038 (0.0071)	0.175 (0.313)	94.53 (90.79)
[400/469]	0.0040 (0.0108)	0.0001 (0.0070)	0.155 (0.276)	95.31 (92.02)
[468/469]	0.0038 (0.0108)	0.0001 (0.0069)	0.084 (0.260)	98.96 (92.51)
 * Train Acc 92.513
 * Val Acc 96.330, Total time 0.93
Epoch:1
LR: 0.0001
Itr		Time		  Data		  Loss		Acc
[0/469]	0.1273 (0.1273)	0.1192 (0.1192)	0.118 (0.118)	97.66 (97.66)
[100/469]	0.0183 (0.0117)	0.0143 (0.0078)	0.133 (0.137)	95.31 (96.67)
[200/469]	0.0122 (0.0111)	0.0083 (0.0072)	0.104 (0.133)	97.66 (96.79)
[300/469]	0.0040 (0.0108)	0.0002 (0.0069)	0.096 (0.129)	97.66 (96.85)
[400/469]	0.0127 (0.0107)	0.0087 (0.0068)	0.167 (0.125)	96.09 (96.94)
[468/469]	0.0039 (0.0107)	0.0001 (0.0068)	0.143 (0.123)	95.83 (97.02)
 * Train Acc 97.017
 * Val Acc 96.930, Total time 0.94
Computing SI
validation split name: 1
 * Val Acc 92.840, Total time 0.70
validation split name: 2
 * Val Acc 96.260, Total time 0.94
validation split name: 3
 * Val Acc 96.930, Total time 0.94
====================== 4 =======================
#reg_term: 1
Epoch:0
LR: 0.0001
Itr		Time		  Data		  Loss		Acc
[0/469]	0.1247 (0.1247)	0.1167 (0.1167)	4.054 (4.054)	5.47 (5.47)
[100/469]	0.0053 (0.0114)	0.0017 (0.0075)	0.206 (0.481)	96.09 (85.50)
[200/469]	0.0038 (0.0108)	0.0001 (0.0071)	0.157 (0.352)	95.31 (89.61)
[300/469]	0.0217 (0.0106)	0.0180 (0.0069)	0.200 (0.300)	96.09 (91.31)
[400/469]	0.0038 (0.0105)	0.0001 (0.0068)	0.187 (0.266)	96.09 (92.42)
[468/469]	0.0146 (0.0105)	0.0110 (0.0068)	0.143 (0.251)	96.88 (92.92)
 * Train Acc 92.923
 * Val Acc 96.430, Total time 0.92
Epoch:1
LR: 0.0001
Itr		Time		  Data		  Loss		Acc
[0/469]	0.1259 (0.1259)	0.1176 (0.1176)	0.137 (0.137)	96.88 (96.88)
[100/469]	0.0127 (0.0115)	0.0088 (0.0076)	0.071 (0.134)	99.22 (97.07)
[200/469]	0.0039 (0.0110)	0.0001 (0.0071)	0.110 (0.131)	97.66 (97.07)
[300/469]	0.0039 (0.0108)	0.0001 (0.0070)	0.092 (0.130)	97.66 (97.10)
[400/469]	0.0237 (0.0108)	0.0200 (0.0069)	0.139 (0.130)	96.09 (97.06)
[468/469]	0.0039 (0.0107)	0.0002 (0.0069)	0.130 (0.130)	97.92 (97.08)
 * Train Acc 97.075
 * Val Acc 97.170, Total time 0.95
Computing SI
validation split name: 1
 * Val Acc 90.990, Total time 0.69
validation split name: 2
 * Val Acc 95.650, Total time 0.94
validation split name: 3
 * Val Acc 96.960, Total time 0.95
validation split name: 4
 * Val Acc 97.170, Total time 0.95
====================== 5 =======================
#reg_term: 1
Epoch:0
LR: 0.0001
Itr		Time		  Data		  Loss		Acc
[0/469]	0.1284 (0.1284)	0.1201 (0.1201)	5.358 (5.358)	13.28 (13.28)
[100/469]	0.0223 (0.0119)	0.0185 (0.0079)	0.238 (0.532)	93.75 (84.97)
[200/469]	0.0046 (0.0110)	0.0007 (0.0072)	0.274 (0.383)	93.75 (89.27)
[300/469]	0.0039 (0.0108)	0.0001 (0.0069)	0.194 (0.322)	94.53 (91.14)
[400/469]	0.0222 (0.0107)	0.0183 (0.0068)	0.215 (0.286)	96.88 (92.30)
[468/469]	0.0038 (0.0106)	0.0001 (0.0067)	0.139 (0.268)	96.88 (92.87)
 * Train Acc 92.870
 * Val Acc 96.480, Total time 0.95
Epoch:1
LR: 0.0001
Itr		Time		  Data		  Loss		Acc
[0/469]	0.1273 (0.1273)	0.1189 (0.1189)	0.151 (0.151)	95.31 (95.31)
[100/469]	0.0039 (0.0114)	0.0001 (0.0076)	0.120 (0.144)	97.66 (96.88)
[200/469]	0.0039 (0.0109)	0.0001 (0.0070)	0.127 (0.140)	96.09 (96.99)
[300/469]	0.0230 (0.0108)	0.0192 (0.0069)	0.101 (0.140)	98.44 (97.02)
[400/469]	0.0039 (0.0107)	0.0001 (0.0068)	0.142 (0.138)	96.88 (97.12)
[468/469]	0.0148 (0.0106)	0.0111 (0.0068)	0.148 (0.138)	95.83 (97.14)
 * Train Acc 97.145
 * Val Acc 97.150, Total time 0.96
Computing SI
validation split name: 1
 * Val Acc 88.270, Total time 0.69
validation split name: 2
 * Val Acc 95.700, Total time 0.93
validation split name: 3
 * Val Acc 96.330, Total time 0.94
validation split name: 4
 * Val Acc 96.930, Total time 0.94
validation split name: 5
 * Val Acc 97.150, Total time 0.94
====================== 6 =======================
#reg_term: 1
Epoch:0
LR: 0.0001
Itr		Time		  Data		  Loss		Acc
[0/469]	0.1304 (0.1304)	0.1218 (0.1218)	6.169 (6.169)	4.69 (4.69)
[100/469]	0.0039 (0.0118)	0.0001 (0.0078)	0.259 (0.576)	94.53 (84.51)
[200/469]	0.0039 (0.0111)	0.0001 (0.0072)	0.199 (0.410)	95.31 (89.12)
[300/469]	0.0234 (0.0109)	0.0196 (0.0070)	0.230 (0.343)	94.53 (91.09)
[400/469]	0.0040 (0.0108)	0.0001 (0.0069)	0.118 (0.304)	99.22 (92.24)
[468/469]	0.0153 (0.0107)	0.0116 (0.0069)	0.188 (0.286)	96.88 (92.76)
 * Train Acc 92.763
 * Val Acc 95.960, Total time 0.93
Epoch:1
LR: 0.0001
Itr		Time		  Data		  Loss		Acc
[0/469]	0.1365 (0.1365)	0.1277 (0.1277)	0.107 (0.107)	98.44 (98.44)
[100/469]	0.0125 (0.0120)	0.0087 (0.0082)	0.212 (0.151)	96.09 (96.78)
[200/469]	0.0039 (0.0112)	0.0001 (0.0073)	0.119 (0.153)	97.66 (96.83)
[300/469]	0.0232 (0.0109)	0.0196 (0.0071)	0.154 (0.152)	97.66 (96.85)
[400/469]	0.0044 (0.0107)	0.0008 (0.0069)	0.188 (0.152)	96.88 (96.86)
[468/469]	0.0123 (0.0106)	0.0087 (0.0069)	0.130 (0.151)	96.88 (96.88)
 * Train Acc 96.880
 * Val Acc 96.840, Total time 0.95
Computing SI
validation split name: 1
 * Val Acc 87.510, Total time 0.72
validation split name: 2
 * Val Acc 95.550, Total time 0.94
validation split name: 3
 * Val Acc 96.020, Total time 0.95
validation split name: 4
 * Val Acc 95.520, Total time 0.94
validation split name: 5
 * Val Acc 96.820, Total time 0.96
validation split name: 6
 * Val Acc 96.840, Total time 0.94
====================== 7 =======================
#reg_term: 1
Epoch:0
LR: 0.0001
Itr		Time		  Data		  Loss		Acc
[0/469]	0.1263 (0.1263)	0.1180 (0.1180)	4.908 (4.908)	11.72 (11.72)
[100/469]	0.0039 (0.0118)	0.0001 (0.0077)	0.255 (0.534)	92.97 (85.59)
[200/469]	0.0040 (0.0110)	0.0001 (0.0071)	0.143 (0.387)	96.88 (89.94)
[300/469]	0.0230 (0.0109)	0.0192 (0.0069)	0.196 (0.327)	95.31 (91.59)
[400/469]	0.0039 (0.0107)	0.0001 (0.0068)	0.130 (0.293)	97.66 (92.57)
[468/469]	0.0152 (0.0106)	0.0115 (0.0068)	0.119 (0.278)	97.92 (93.02)
 * Train Acc 93.017
 * Val Acc 96.490, Total time 0.94
Epoch:1
LR: 0.0001
Itr		Time		  Data		  Loss		Acc
[0/469]	0.1268 (0.1268)	0.1183 (0.1183)	0.160 (0.160)	96.88 (96.88)
[100/469]	0.0038 (0.0115)	0.0001 (0.0076)	0.079 (0.147)	100.00 (97.08)
[200/469]	0.0039 (0.0109)	0.0002 (0.0071)	0.120 (0.151)	96.88 (97.06)
[300/469]	0.0231 (0.0108)	0.0194 (0.0070)	0.125 (0.150)	97.66 (97.05)
[400/469]	0.0038 (0.0106)	0.0001 (0.0069)	0.124 (0.151)	97.66 (97.02)
[468/469]	0.0172 (0.0106)	0.0128 (0.0068)	0.207 (0.152)	93.75 (96.97)
 * Train Acc 96.975
 * Val Acc 96.750, Total time 0.97
Computing SI
validation split name: 1
 * Val Acc 77.350, Total time 0.69
validation split name: 2
 * Val Acc 93.240, Total time 0.94
validation split name: 3
 * Val Acc 95.580, Total time 0.94
validation split name: 4
 * Val Acc 95.230, Total time 0.93
validation split name: 5
 * Val Acc 96.450, Total time 0.93
validation split name: 6
 * Val Acc 96.770, Total time 0.96
validation split name: 7
 * Val Acc 96.750, Total time 0.93
====================== 8 =======================
#reg_term: 1
Epoch:0
LR: 0.0001
Itr		Time		  Data		  Loss		Acc
[0/469]	0.1284 (0.1284)	0.1202 (0.1202)	4.793 (4.793)	21.88 (21.88)
[100/469]	0.0196 (0.0116)	0.0157 (0.0076)	0.398 (0.567)	89.84 (85.22)
[200/469]	0.0040 (0.0110)	0.0001 (0.0071)	0.156 (0.407)	97.66 (89.72)
[300/469]	0.0039 (0.0108)	0.0001 (0.0069)	0.174 (0.343)	95.31 (91.55)
[400/469]	0.0235 (0.0107)	0.0196 (0.0069)	0.252 (0.307)	93.75 (92.55)
[468/469]	0.0039 (0.0107)	0.0001 (0.0068)	0.233 (0.289)	96.88 (93.03)
 * Train Acc 93.030
 * Val Acc 96.280, Total time 0.93
Epoch:1
LR: 0.0001
Itr		Time		  Data		  Loss		Acc
[0/469]	0.1317 (0.1317)	0.1214 (0.1214)	0.195 (0.195)	96.88 (96.88)
[100/469]	0.0220 (0.0116)	0.0181 (0.0076)	0.115 (0.163)	98.44 (96.84)
[200/469]	0.0040 (0.0110)	0.0002 (0.0070)	0.225 (0.160)	94.53 (97.00)
[300/469]	0.0039 (0.0107)	0.0001 (0.0068)	0.172 (0.161)	98.44 (96.95)
[400/469]	0.0231 (0.0106)	0.0192 (0.0068)	0.136 (0.161)	97.66 (96.95)
[468/469]	0.0038 (0.0106)	0.0001 (0.0067)	0.177 (0.161)	95.83 (96.94)
 * Train Acc 96.937
 * Val Acc 96.660, Total time 1.01
Computing SI
validation split name: 1
 * Val Acc 80.010, Total time 0.68
validation split name: 2
 * Val Acc 91.180, Total time 0.94
validation split name: 3
 * Val Acc 95.030, Total time 0.95
validation split name: 4
 * Val Acc 95.110, Total time 0.95
validation split name: 5
 * Val Acc 95.740, Total time 0.96
validation split name: 6
 * Val Acc 95.790, Total time 0.95
validation split name: 7
 * Val Acc 96.620, Total time 0.94
validation split name: 8
 * Val Acc 96.660, Total time 0.93
====================== 9 =======================
#reg_term: 1
Epoch:0
LR: 0.0001
Itr		Time		  Data		  Loss		Acc
[0/469]	0.1286 (0.1286)	0.1199 (0.1199)	4.845 (4.845)	9.38 (9.38)
[100/469]	0.0040 (0.0114)	0.0001 (0.0075)	0.247 (0.541)	93.75 (85.95)
[200/469]	0.0040 (0.0108)	0.0001 (0.0070)	0.245 (0.398)	95.31 (89.99)
[300/469]	0.0222 (0.0107)	0.0183 (0.0068)	0.194 (0.337)	95.31 (91.71)
[400/469]	0.0047 (0.0106)	0.0009 (0.0068)	0.167 (0.300)	96.09 (92.73)
[468/469]	0.0148 (0.0106)	0.0110 (0.0067)	0.225 (0.287)	94.79 (93.12)
 * Train Acc 93.122
 * Val Acc 95.980, Total time 0.94
Epoch:1
LR: 0.0001
Itr		Time		  Data		  Loss		Acc
[0/469]	0.1387 (0.1387)	0.1307 (0.1307)	0.154 (0.154)	96.09 (96.09)
[100/469]	0.0183 (0.0117)	0.0145 (0.0079)	0.164 (0.172)	97.66 (96.81)
[200/469]	0.0079 (0.0110)	0.0042 (0.0072)	0.218 (0.172)	93.75 (96.82)
[300/469]	0.0038 (0.0107)	0.0002 (0.0070)	0.120 (0.171)	98.44 (96.79)
[400/469]	0.0232 (0.0106)	0.0195 (0.0069)	0.128 (0.167)	99.22 (96.86)
[468/469]	0.0037 (0.0105)	0.0001 (0.0068)	0.157 (0.167)	97.92 (96.91)
 * Train Acc 96.908
 * Val Acc 96.540, Total time 0.93
Computing SI
validation split name: 1
 * Val Acc 66.510, Total time 0.72
validation split name: 2
 * Val Acc 83.840, Total time 0.94
validation split name: 3
 * Val Acc 94.290, Total time 0.94
validation split name: 4
 * Val Acc 94.530, Total time 0.92
validation split name: 5
 * Val Acc 95.260, Total time 0.96
validation split name: 6
 * Val Acc 95.820, Total time 0.95
validation split name: 7
 * Val Acc 96.040, Total time 0.95
validation split name: 8
 * Val Acc 96.560, Total time 0.94
validation split name: 9
 * Val Acc 96.540, Total time 0.92
====================== 10 =======================
#reg_term: 1
Epoch:0
LR: 0.0001
Itr		Time		  Data		  Loss		Acc
[0/469]	0.1233 (0.1233)	0.1153 (0.1153)	7.022 (7.022)	13.28 (13.28)
[100/469]	0.0040 (0.0115)	0.0001 (0.0076)	0.309 (0.623)	89.06 (85.13)
[200/469]	0.0040 (0.0110)	0.0001 (0.0071)	0.343 (0.454)	88.28 (89.27)
[300/469]	0.0233 (0.0109)	0.0196 (0.0070)	0.212 (0.380)	94.53 (91.09)
[400/469]	0.0039 (0.0108)	0.0001 (0.0069)	0.131 (0.338)	98.44 (92.19)
[468/469]	0.0154 (0.0107)	0.0117 (0.0069)	0.262 (0.318)	94.79 (92.75)
 * Train Acc 92.753
 * Val Acc 95.770, Total time 0.93
Epoch:1
LR: 0.0001
Itr		Time		  Data		  Loss		Acc
[0/469]	0.1285 (0.1285)	0.1185 (0.1185)	0.271 (0.271)	95.31 (95.31)
[100/469]	0.0057 (0.0115)	0.0018 (0.0075)	0.279 (0.168)	92.97 (97.09)
[200/469]	0.0048 (0.0110)	0.0009 (0.0070)	0.132 (0.172)	98.44 (96.98)
[300/469]	0.0225 (0.0108)	0.0185 (0.0069)	0.181 (0.173)	96.88 (96.89)
[400/469]	0.0041 (0.0107)	0.0001 (0.0068)	0.132 (0.175)	97.66 (96.81)
[468/469]	0.0147 (0.0107)	0.0108 (0.0067)	0.215 (0.175)	94.79 (96.78)
 * Train Acc 96.777
 * Val Acc 96.730, Total time 0.99
Computing SI
validation split name: 1
 * Val Acc 62.340, Total time 0.69
validation split name: 2
 * Val Acc 83.320, Total time 0.97
validation split name: 3
 * Val Acc 92.640, Total time 0.95
validation split name: 4
 * Val Acc 92.730, Total time 0.95
validation split name: 5
 * Val Acc 94.710, Total time 0.94
validation split name: 6
 * Val Acc 95.500, Total time 0.95
validation split name: 7
 * Val Acc 95.710, Total time 0.95
validation split name: 8
 * Val Acc 96.260, Total time 0.93
validation split name: 9
 * Val Acc 96.340, Total time 0.96
validation split name: 10
 * Val Acc 96.730, Total time 0.94
OrderedDict([('1', OrderedDict([('1', 96.37), ('2', 95.86), ('3', 92.84), ('4', 90.99), ('5', 88.27), ('6', 87.51), ('7', 77.35), ('8', 80.01), ('9', 66.51), ('10', 62.34)])), ('2', OrderedDict([('2', 96.93), ('3', 96.26), ('4', 95.65), ('5', 95.7), ('6', 95.55), ('7', 93.24), ('8', 91.18), ('9', 83.84), ('10', 83.32)])), ('3', OrderedDict([('3', 96.93), ('4', 96.96), ('5', 96.33), ('6', 96.02), ('7', 95.58), ('8', 95.03), ('9', 94.29), ('10', 92.64)])), ('4', OrderedDict([('4', 97.17), ('5', 96.93), ('6', 95.52), ('7', 95.23), ('8', 95.11), ('9', 94.53), ('10', 92.73)])), ('5', OrderedDict([('5', 97.15), ('6', 96.82), ('7', 96.45), ('8', 95.74), ('9', 95.26), ('10', 94.71)])), ('6', OrderedDict([('6', 96.84), ('7', 96.77), ('8', 95.79), ('9', 95.82), ('10', 95.5)])), ('7', OrderedDict([('7', 96.75), ('8', 96.62), ('9', 96.04), ('10', 95.71)])), ('8', OrderedDict([('8', 96.66), ('9', 96.56), ('10', 96.26)])), ('9', OrderedDict([('9', 96.54), ('10', 96.34)])), ('10', OrderedDict([('10', 96.73)]))])
Task 1 average acc: 96.37
Task 2 average acc: 96.39500000000001
Task 3 average acc: 95.34333333333335
Task 4 average acc: 95.1925
Task 5 average acc: 94.876
Task 6 average acc: 94.71
Task 7 average acc: 93.05285714285715
Task 8 average acc: 93.2675
Task 9 average acc: 91.04333333333332
Task 10 average acc: 90.62800000000001
===Summary of experiment repeats: 3 / 5 ===
The regularization coefficient: 10.0
The last avg acc of all repeats: [89.948 92.483 90.628  0.     0.   ]
mean: 54.611799999999995 std: 44.59806919766819
MLP(
  (linear): Sequential(
    (0): Linear(in_features=1024, out_features=1000, bias=True)
    (1): ReLU(inplace=True)
    (2): Linear(in_features=1000, out_features=1000, bias=True)
    (3): ReLU(inplace=True)
  )
  (last): ModuleDict(
    (All): Linear(in_features=1000, out_features=10, bias=True)
  )
)
#parameter of model: 2036010
Task order: ['1', '2', '3', '4', '5', '6', '7', '8', '9', '10']
====================== 1 =======================
#reg_term: 0
Epoch:0
LR: 0.0001
Itr		Time		  Data		  Loss		Acc
[0/469]	0.1239 (0.1239)	0.1173 (0.1173)	2.314 (2.314)	9.38 (9.38)
[100/469]	0.0029 (0.0085)	0.0001 (0.0056)	0.287 (0.834)	91.41 (79.32)
[200/469]	0.0029 (0.0078)	0.0001 (0.0050)	0.263 (0.575)	94.53 (85.09)
[300/469]	0.0154 (0.0076)	0.0126 (0.0048)	0.229 (0.474)	91.41 (87.46)
[400/469]	0.0029 (0.0075)	0.0001 (0.0047)	0.148 (0.413)	96.88 (88.87)
[468/469]	0.0102 (0.0075)	0.0075 (0.0047)	0.204 (0.383)	92.71 (89.62)
 * Train Acc 89.618
 * Val Acc 94.620, Total time 0.70
Epoch:1
LR: 0.0001
Itr		Time		  Data		  Loss		Acc
[0/469]	0.1183 (0.1183)	0.1115 (0.1115)	0.127 (0.127)	96.88 (96.88)
[100/469]	0.0030 (0.0086)	0.0002 (0.0057)	0.097 (0.175)	96.88 (94.76)
[200/469]	0.0029 (0.0079)	0.0001 (0.0051)	0.127 (0.163)	96.09 (95.24)
[300/469]	0.0163 (0.0077)	0.0135 (0.0049)	0.156 (0.160)	95.31 (95.33)
[400/469]	0.0029 (0.0076)	0.0002 (0.0048)	0.131 (0.156)	96.09 (95.43)
[468/469]	0.0106 (0.0076)	0.0078 (0.0047)	0.072 (0.151)	98.96 (95.61)
 * Train Acc 95.607
 * Val Acc 96.590, Total time 0.69
Computing SI
validation split name: 1
 * Val Acc 96.590, Total time 0.69
====================== 2 =======================
#reg_term: 1
Epoch:0
LR: 0.0001
Itr		Time		  Data		  Loss		Acc
[0/469]	0.1458 (0.1458)	0.1331 (0.1331)	2.620 (2.620)	10.16 (10.16)
[100/469]	0.0040 (0.0120)	0.0002 (0.0080)	0.250 (0.496)	95.31 (84.31)
[200/469]	0.0040 (0.0111)	0.0002 (0.0072)	0.134 (0.362)	96.88 (88.87)
[300/469]	0.0235 (0.0109)	0.0196 (0.0070)	0.151 (0.306)	96.09 (90.73)
[400/469]	0.0039 (0.0108)	0.0001 (0.0069)	0.191 (0.273)	92.97 (91.83)
[468/469]	0.0155 (0.0107)	0.0117 (0.0068)	0.167 (0.256)	92.71 (92.40)
 * Train Acc 92.403
 * Val Acc 95.850, Total time 0.97
Epoch:1
LR: 0.0001
Itr		Time		  Data		  Loss		Acc
[0/469]	0.1315 (0.1315)	0.1235 (0.1235)	0.082 (0.082)	99.22 (99.22)
[100/469]	0.0224 (0.0120)	0.0185 (0.0081)	0.180 (0.135)	92.97 (96.35)
[200/469]	0.0048 (0.0112)	0.0010 (0.0073)	0.165 (0.130)	93.75 (96.49)
[300/469]	0.0080 (0.0109)	0.0042 (0.0070)	0.095 (0.126)	96.88 (96.63)
[400/469]	0.0150 (0.0108)	0.0110 (0.0069)	0.149 (0.123)	95.31 (96.72)
[468/469]	0.0120 (0.0107)	0.0083 (0.0069)	0.081 (0.121)	96.88 (96.80)
 * Train Acc 96.803
 * Val Acc 97.060, Total time 0.93
Computing SI
validation split name: 1
 * Val Acc 94.170, Total time 0.69
validation split name: 2
 * Val Acc 97.060, Total time 0.93
====================== 3 =======================
#reg_term: 1
Epoch:0
LR: 0.0001
Itr		Time		  Data		  Loss		Acc
[0/469]	0.1263 (0.1263)	0.1176 (0.1176)	3.915 (3.915)	7.03 (7.03)
[100/469]	0.0241 (0.0118)	0.0203 (0.0078)	0.224 (0.492)	94.53 (85.18)
[200/469]	0.0055 (0.0114)	0.0002 (0.0074)	0.177 (0.357)	95.31 (89.37)
[300/469]	0.0054 (0.0116)	0.0002 (0.0072)	0.138 (0.302)	96.09 (91.16)
[400/469]	0.0258 (0.0118)	0.0207 (0.0072)	0.191 (0.269)	94.53 (92.23)
[468/469]	0.0039 (0.0118)	0.0001 (0.0071)	0.291 (0.254)	90.62 (92.71)
 * Train Acc 92.708
 * Val Acc 96.030, Total time 0.99
Epoch:1
LR: 0.0001
Itr		Time		  Data		  Loss		Acc
[0/469]	0.1239 (0.1239)	0.1162 (0.1162)	0.188 (0.188)	95.31 (95.31)
[100/469]	0.0228 (0.0118)	0.0189 (0.0079)	0.087 (0.136)	98.44 (96.56)
[200/469]	0.0040 (0.0110)	0.0001 (0.0071)	0.091 (0.131)	97.66 (96.76)
[300/469]	0.0039 (0.0107)	0.0001 (0.0069)	0.082 (0.130)	97.66 (96.77)
[400/469]	0.0229 (0.0106)	0.0191 (0.0068)	0.211 (0.127)	96.09 (96.88)
[468/469]	0.0039 (0.0106)	0.0001 (0.0067)	0.254 (0.126)	91.67 (96.92)
 * Train Acc 96.915
 * Val Acc 96.960, Total time 0.95
Computing SI
validation split name: 1
 * Val Acc 94.890, Total time 0.69
validation split name: 2
 * Val Acc 96.230, Total time 0.93
validation split name: 3
 * Val Acc 96.960, Total time 0.94
====================== 4 =======================
#reg_term: 1
Epoch:0
LR: 0.0001
Itr		Time		  Data		  Loss		Acc
[0/469]	0.1291 (0.1291)	0.1190 (0.1190)	4.280 (4.280)	7.81 (7.81)
[100/469]	0.0040 (0.0117)	0.0002 (0.0077)	0.253 (0.506)	93.75 (85.13)
[200/469]	0.0040 (0.0110)	0.0001 (0.0071)	0.191 (0.369)	92.97 (89.33)
[300/469]	0.0229 (0.0109)	0.0190 (0.0070)	0.189 (0.309)	92.19 (91.22)
[400/469]	0.0059 (0.0108)	0.0021 (0.0069)	0.360 (0.273)	94.53 (92.42)
[468/469]	0.0039 (0.0107)	0.0001 (0.0068)	0.097 (0.258)	95.83 (92.91)
 * Train Acc 92.905
 * Val Acc 96.270, Total time 0.96
Epoch:1
LR: 0.0001
Itr		Time		  Data		  Loss		Acc
[0/469]	0.1279 (0.1279)	0.1192 (0.1192)	0.188 (0.188)	95.31 (95.31)
[100/469]	0.0040 (0.0115)	0.0001 (0.0075)	0.136 (0.138)	98.44 (96.71)
[200/469]	0.0048 (0.0109)	0.0009 (0.0069)	0.200 (0.135)	96.88 (96.99)
[300/469]	0.0178 (0.0108)	0.0139 (0.0068)	0.190 (0.134)	94.53 (97.05)
[400/469]	0.0040 (0.0107)	0.0001 (0.0067)	0.112 (0.133)	96.88 (97.11)
[468/469]	0.0044 (0.0106)	0.0006 (0.0067)	0.074 (0.132)	100.00 (97.14)
 * Train Acc 97.138
 * Val Acc 96.950, Total time 0.95
Computing SI
validation split name: 1
 * Val Acc 91.520, Total time 0.70
validation split name: 2
 * Val Acc 96.590, Total time 0.96
validation split name: 3
 * Val Acc 96.460, Total time 0.94
validation split name: 4
 * Val Acc 96.950, Total time 0.93
====================== 5 =======================
#reg_term: 1
Epoch:0
LR: 0.0001
Itr		Time		  Data		  Loss		Acc
[0/469]	0.1281 (0.1281)	0.1201 (0.1201)	3.824 (3.824)	18.75 (18.75)
[100/469]	0.0040 (0.0116)	0.0001 (0.0076)	0.102 (0.490)	98.44 (85.92)
[200/469]	0.0040 (0.0110)	0.0001 (0.0071)	0.186 (0.354)	94.53 (90.03)
[300/469]	0.0236 (0.0109)	0.0197 (0.0070)	0.223 (0.300)	93.75 (91.70)
[400/469]	0.0041 (0.0108)	0.0001 (0.0069)	0.129 (0.269)	96.88 (92.68)
[468/469]	0.0156 (0.0107)	0.0118 (0.0068)	0.148 (0.255)	94.79 (93.12)
 * Train Acc 93.117
 * Val Acc 95.710, Total time 0.94
Epoch:1
LR: 0.0001
Itr		Time		  Data		  Loss		Acc
[0/469]	0.1291 (0.1291)	0.1207 (0.1207)	0.155 (0.155)	95.31 (95.31)
[100/469]	0.0085 (0.0116)	0.0045 (0.0075)	0.109 (0.145)	96.88 (97.02)
[200/469]	0.0040 (0.0111)	0.0001 (0.0070)	0.217 (0.144)	93.75 (96.87)
[300/469]	0.0040 (0.0109)	0.0001 (0.0068)	0.109 (0.142)	97.66 (96.96)
[400/469]	0.0222 (0.0108)	0.0183 (0.0068)	0.085 (0.139)	99.22 (97.07)
[468/469]	0.0039 (0.0107)	0.0001 (0.0067)	0.088 (0.138)	98.96 (97.07)
 * Train Acc 97.068
 * Val Acc 96.920, Total time 0.95
Computing SI
validation split name: 1
 * Val Acc 91.160, Total time 0.69
validation split name: 2
 * Val Acc 95.840, Total time 0.93
validation split name: 3
 * Val Acc 95.790, Total time 0.95
validation split name: 4
 * Val Acc 96.050, Total time 0.96
validation split name: 5
 * Val Acc 96.920, Total time 0.92
====================== 6 =======================
#reg_term: 1
Epoch:0
LR: 0.0001
Itr		Time		  Data		  Loss		Acc
[0/469]	0.1307 (0.1307)	0.1219 (0.1219)	5.317 (5.317)	14.84 (14.84)
[100/469]	0.0227 (0.0119)	0.0190 (0.0080)	0.252 (0.555)	91.41 (85.09)
[200/469]	0.0039 (0.0111)	0.0001 (0.0073)	0.162 (0.394)	96.88 (89.38)
[300/469]	0.0039 (0.0108)	0.0001 (0.0070)	0.138 (0.330)	98.44 (91.26)
[400/469]	0.0220 (0.0107)	0.0182 (0.0069)	0.087 (0.292)	100.00 (92.39)
[468/469]	0.0038 (0.0107)	0.0001 (0.0068)	0.128 (0.275)	97.92 (92.89)
 * Train Acc 92.893
 * Val Acc 96.450, Total time 0.93
Epoch:1
LR: 0.0001
Itr		Time		  Data		  Loss		Acc
[0/469]	0.1267 (0.1267)	0.1187 (0.1187)	0.149 (0.149)	97.66 (97.66)
[100/469]	0.0204 (0.0117)	0.0165 (0.0076)	0.138 (0.161)	98.44 (96.50)
[200/469]	0.0041 (0.0110)	0.0002 (0.0071)	0.178 (0.153)	97.66 (96.75)
[300/469]	0.0048 (0.0108)	0.0009 (0.0069)	0.165 (0.150)	96.88 (96.83)
[400/469]	0.0230 (0.0108)	0.0191 (0.0069)	0.081 (0.148)	100.00 (96.98)
[468/469]	0.0039 (0.0107)	0.0001 (0.0068)	0.129 (0.146)	96.88 (97.03)
 * Train Acc 97.028
 * Val Acc 97.100, Total time 0.95
Computing SI
validation split name: 1
 * Val Acc 87.520, Total time 0.70
validation split name: 2
 * Val Acc 95.310, Total time 0.99
validation split name: 3
 * Val Acc 95.930, Total time 0.94
validation split name: 4
 * Val Acc 96.100, Total time 0.97
validation split name: 5
 * Val Acc 96.680, Total time 0.96
validation split name: 6
 * Val Acc 97.100, Total time 0.96
====================== 7 =======================
#reg_term: 1
Epoch:0
LR: 0.0001
Itr		Time		  Data		  Loss		Acc
[0/469]	0.1295 (0.1295)	0.1208 (0.1208)	4.232 (4.232)	13.28 (13.28)
[100/469]	0.0039 (0.0114)	0.0001 (0.0075)	0.397 (0.517)	91.41 (85.67)
[200/469]	0.0149 (0.0109)	0.0112 (0.0070)	0.151 (0.376)	96.88 (89.84)
[300/469]	0.0101 (0.0107)	0.0062 (0.0068)	0.117 (0.318)	98.44 (91.61)
[400/469]	0.0040 (0.0107)	0.0001 (0.0068)	0.201 (0.283)	93.75 (92.70)
[468/469]	0.0150 (0.0106)	0.0112 (0.0067)	0.224 (0.268)	94.79 (93.17)
 * Train Acc 93.170
 * Val Acc 96.060, Total time 0.96
Epoch:1
LR: 0.0001
Itr		Time		  Data		  Loss		Acc
[0/469]	0.1397 (0.1397)	0.1313 (0.1313)	0.132 (0.132)	96.09 (96.09)
[100/469]	0.0044 (0.0121)	0.0001 (0.0080)	0.154 (0.156)	96.88 (96.79)
[200/469]	0.0039 (0.0112)	0.0001 (0.0072)	0.113 (0.153)	98.44 (96.84)
[300/469]	0.0230 (0.0109)	0.0192 (0.0070)	0.137 (0.152)	97.66 (96.86)
[400/469]	0.0039 (0.0107)	0.0001 (0.0068)	0.266 (0.152)	96.09 (96.89)
[468/469]	0.0154 (0.0106)	0.0116 (0.0068)	0.182 (0.150)	96.88 (96.96)
 * Train Acc 96.962
 * Val Acc 96.720, Total time 0.94
Computing SI
validation split name: 1
 * Val Acc 83.630, Total time 0.70
validation split name: 2
 * Val Acc 93.230, Total time 0.93
validation split name: 3
 * Val Acc 94.220, Total time 0.93
validation split name: 4
 * Val Acc 96.320, Total time 0.94
validation split name: 5
 * Val Acc 96.630, Total time 1.00
validation split name: 6
 * Val Acc 96.470, Total time 0.94
validation split name: 7
 * Val Acc 96.720, Total time 1.00
====================== 8 =======================
#reg_term: 1
Epoch:0
LR: 0.0001
Itr		Time		  Data		  Loss		Acc
[0/469]	0.1383 (0.1383)	0.1297 (0.1297)	6.107 (6.107)	10.94 (10.94)
[100/469]	0.0039 (0.0117)	0.0001 (0.0077)	0.361 (0.616)	92.19 (84.51)
[200/469]	0.0040 (0.0111)	0.0002 (0.0072)	0.196 (0.432)	96.88 (89.21)
[300/469]	0.0232 (0.0109)	0.0194 (0.0070)	0.213 (0.361)	96.09 (91.16)
[400/469]	0.0040 (0.0108)	0.0001 (0.0069)	0.179 (0.321)	96.88 (92.28)
[468/469]	0.0152 (0.0107)	0.0114 (0.0068)	0.334 (0.301)	91.67 (92.82)
 * Train Acc 92.823
 * Val Acc 96.030, Total time 0.98
Epoch:1
LR: 0.0001
Itr		Time		  Data		  Loss		Acc
[0/469]	0.1288 (0.1288)	0.1183 (0.1183)	0.133 (0.133)	98.44 (98.44)
[100/469]	0.0040 (0.0117)	0.0002 (0.0076)	0.132 (0.159)	97.66 (96.96)
[200/469]	0.0229 (0.0111)	0.0191 (0.0072)	0.226 (0.162)	96.09 (96.82)
[300/469]	0.0040 (0.0108)	0.0001 (0.0069)	0.124 (0.162)	99.22 (96.80)
[400/469]	0.0040 (0.0107)	0.0001 (0.0068)	0.108 (0.161)	99.22 (96.84)
[468/469]	0.0039 (0.0107)	0.0001 (0.0068)	0.149 (0.161)	96.88 (96.86)
 * Train Acc 96.860
 * Val Acc 96.860, Total time 0.93
Computing SI
validation split name: 1
 * Val Acc 82.190, Total time 0.69
validation split name: 2
 * Val Acc 90.020, Total time 0.96
validation split name: 3
 * Val Acc 94.140, Total time 0.94
validation split name: 4
 * Val Acc 95.450, Total time 0.93
validation split name: 5
 * Val Acc 95.060, Total time 0.93
validation split name: 6
 * Val Acc 96.030, Total time 0.94
validation split name: 7
 * Val Acc 96.370, Total time 0.97
validation split name: 8
 * Val Acc 96.860, Total time 0.96
====================== 9 =======================
#reg_term: 1
Epoch:0
LR: 0.0001
Itr		Time		  Data		  Loss		Acc
[0/469]	0.1291 (0.1291)	0.1211 (0.1211)	6.125 (6.125)	13.28 (13.28)
[100/469]	0.0039 (0.0115)	0.0001 (0.0077)	0.388 (0.575)	92.97 (85.34)
[200/469]	0.0042 (0.0109)	0.0004 (0.0071)	0.292 (0.414)	92.97 (89.56)
[300/469]	0.0227 (0.0108)	0.0187 (0.0070)	0.209 (0.348)	96.09 (91.43)
[400/469]	0.0039 (0.0107)	0.0001 (0.0069)	0.152 (0.313)	98.44 (92.43)
[468/469]	0.0157 (0.0107)	0.0119 (0.0069)	0.154 (0.296)	97.92 (92.94)
 * Train Acc 92.937
 * Val Acc 95.740, Total time 0.97
Epoch:1
LR: 0.0001
Itr		Time		  Data		  Loss		Acc
[0/469]	0.1302 (0.1302)	0.1213 (0.1213)	0.126 (0.126)	98.44 (98.44)
[100/469]	0.0231 (0.0126)	0.0192 (0.0083)	0.127 (0.167)	97.66 (96.90)
[200/469]	0.0039 (0.0115)	0.0001 (0.0074)	0.228 (0.170)	96.09 (96.75)
[300/469]	0.0040 (0.0111)	0.0002 (0.0071)	0.177 (0.169)	96.88 (96.79)
[400/469]	0.0062 (0.0109)	0.0023 (0.0070)	0.110 (0.168)	98.44 (96.80)
[468/469]	0.0039 (0.0109)	0.0001 (0.0070)	0.197 (0.168)	96.88 (96.84)
 * Train Acc 96.840
 * Val Acc 96.600, Total time 0.93
Computing SI
validation split name: 1
 * Val Acc 81.430, Total time 0.69
validation split name: 2
 * Val Acc 85.270, Total time 0.93
validation split name: 3
 * Val Acc 92.630, Total time 0.94
validation split name: 4
 * Val Acc 94.140, Total time 0.94
validation split name: 5
 * Val Acc 94.420, Total time 0.93
validation split name: 6
 * Val Acc 94.980, Total time 0.93
validation split name: 7
 * Val Acc 95.850, Total time 0.95
validation split name: 8
 * Val Acc 96.400, Total time 0.95
validation split name: 9
 * Val Acc 96.600, Total time 0.94
====================== 10 =======================
#reg_term: 1
Epoch:0
LR: 0.0001
Itr		Time		  Data		  Loss		Acc
[0/469]	0.1325 (0.1325)	0.1245 (0.1245)	5.750 (5.750)	13.28 (13.28)
[100/469]	0.0054 (0.0115)	0.0015 (0.0076)	0.322 (0.613)	91.41 (84.84)
[200/469]	0.0041 (0.0109)	0.0002 (0.0071)	0.245 (0.442)	93.75 (89.23)
[300/469]	0.0200 (0.0108)	0.0162 (0.0069)	0.184 (0.371)	97.66 (91.15)
[400/469]	0.0092 (0.0107)	0.0053 (0.0068)	0.164 (0.333)	96.88 (92.19)
[468/469]	0.0089 (0.0106)	0.0050 (0.0068)	0.140 (0.314)	97.92 (92.70)
 * Train Acc 92.703
 * Val Acc 95.730, Total time 0.96
Epoch:1
LR: 0.0001
Itr		Time		  Data		  Loss		Acc
[0/469]	0.1268 (0.1268)	0.1184 (0.1184)	0.127 (0.127)	98.44 (98.44)
[100/469]	0.0234 (0.0116)	0.0196 (0.0077)	0.188 (0.171)	96.09 (96.78)
[200/469]	0.0040 (0.0110)	0.0002 (0.0071)	0.154 (0.175)	96.88 (96.67)
[300/469]	0.0039 (0.0108)	0.0002 (0.0070)	0.147 (0.176)	96.09 (96.73)
[400/469]	0.0231 (0.0107)	0.0193 (0.0069)	0.128 (0.177)	98.44 (96.74)
[468/469]	0.0039 (0.0107)	0.0001 (0.0068)	0.221 (0.177)	96.88 (96.78)
 * Train Acc 96.780
 * Val Acc 95.930, Total time 0.93
Computing SI
validation split name: 1
 * Val Acc 79.420, Total time 0.74
validation split name: 2
 * Val Acc 86.200, Total time 0.96
validation split name: 3
 * Val Acc 89.610, Total time 0.95
validation split name: 4
 * Val Acc 93.070, Total time 0.94
validation split name: 5
 * Val Acc 93.210, Total time 0.94
validation split name: 6
 * Val Acc 94.890, Total time 0.96
validation split name: 7
 * Val Acc 95.400, Total time 0.96
validation split name: 8
 * Val Acc 95.480, Total time 0.95
validation split name: 9
 * Val Acc 96.290, Total time 0.94
validation split name: 10
 * Val Acc 95.930, Total time 0.95
OrderedDict([('1', OrderedDict([('1', 96.59), ('2', 94.17), ('3', 94.89), ('4', 91.52), ('5', 91.16), ('6', 87.52), ('7', 83.63), ('8', 82.19), ('9', 81.43), ('10', 79.42)])), ('2', OrderedDict([('2', 97.06), ('3', 96.23), ('4', 96.59), ('5', 95.84), ('6', 95.31), ('7', 93.23), ('8', 90.02), ('9', 85.27), ('10', 86.2)])), ('3', OrderedDict([('3', 96.96), ('4', 96.46), ('5', 95.79), ('6', 95.93), ('7', 94.22), ('8', 94.14), ('9', 92.63), ('10', 89.61)])), ('4', OrderedDict([('4', 96.95), ('5', 96.05), ('6', 96.1), ('7', 96.32), ('8', 95.45), ('9', 94.14), ('10', 93.07)])), ('5', OrderedDict([('5', 96.92), ('6', 96.68), ('7', 96.63), ('8', 95.06), ('9', 94.42), ('10', 93.21)])), ('6', OrderedDict([('6', 97.1), ('7', 96.47), ('8', 96.03), ('9', 94.98), ('10', 94.89)])), ('7', OrderedDict([('7', 96.72), ('8', 96.37), ('9', 95.85), ('10', 95.4)])), ('8', OrderedDict([('8', 96.86), ('9', 96.4), ('10', 95.48)])), ('9', OrderedDict([('9', 96.6), ('10', 96.29)])), ('10', OrderedDict([('10', 95.93)]))])
Task 1 average acc: 96.59
Task 2 average acc: 95.61500000000001
Task 3 average acc: 96.02666666666666
Task 4 average acc: 95.38
Task 5 average acc: 95.15200000000002
Task 6 average acc: 94.77333333333333
Task 7 average acc: 93.88857142857144
Task 8 average acc: 93.265
Task 9 average acc: 92.41333333333334
Task 10 average acc: 91.95
===Summary of experiment repeats: 4 / 5 ===
The regularization coefficient: 10.0
The last avg acc of all repeats: [89.948 92.483 90.628 91.95   0.   ]
mean: 73.00179999999999 std: 36.51210993848479
MLP(
  (linear): Sequential(
    (0): Linear(in_features=1024, out_features=1000, bias=True)
    (1): ReLU(inplace=True)
    (2): Linear(in_features=1000, out_features=1000, bias=True)
    (3): ReLU(inplace=True)
  )
  (last): ModuleDict(
    (All): Linear(in_features=1000, out_features=10, bias=True)
  )
)
#parameter of model: 2036010
Task order: ['1', '2', '3', '4', '5', '6', '7', '8', '9', '10']
====================== 1 =======================
#reg_term: 0
Epoch:0
LR: 0.0001
Itr		Time		  Data		  Loss		Acc
[0/469]	0.1176 (0.1176)	0.1110 (0.1110)	2.303 (2.303)	10.16 (10.16)
[100/469]	0.0154 (0.0088)	0.0126 (0.0058)	0.559 (0.810)	84.38 (80.47)
[200/469]	0.0029 (0.0080)	0.0001 (0.0051)	0.260 (0.568)	90.62 (85.51)
[300/469]	0.0030 (0.0077)	0.0001 (0.0049)	0.356 (0.462)	89.06 (87.93)
[400/469]	0.0156 (0.0076)	0.0127 (0.0048)	0.270 (0.405)	91.41 (89.25)
[468/469]	0.0029 (0.0075)	0.0001 (0.0047)	0.123 (0.377)	96.88 (89.94)
 * Train Acc 89.935
 * Val Acc 94.800, Total time 0.69
Epoch:1
LR: 0.0001
Itr		Time		  Data		  Loss		Acc
[0/469]	0.1208 (0.1208)	0.1136 (0.1136)	0.116 (0.116)	96.09 (96.09)
[100/469]	0.0089 (0.0083)	0.0050 (0.0053)	0.167 (0.174)	96.09 (95.04)
[200/469]	0.0029 (0.0078)	0.0001 (0.0049)	0.084 (0.167)	97.66 (95.23)
[300/469]	0.0055 (0.0076)	0.0027 (0.0047)	0.120 (0.157)	95.31 (95.45)
[400/469]	0.0075 (0.0075)	0.0044 (0.0047)	0.147 (0.152)	94.53 (95.59)
[468/469]	0.0095 (0.0075)	0.0067 (0.0046)	0.064 (0.149)	97.92 (95.68)
 * Train Acc 95.678
 * Val Acc 96.400, Total time 0.68
Computing SI
validation split name: 1
 * Val Acc 96.400, Total time 0.68
====================== 2 =======================
#reg_term: 1
Epoch:0
LR: 0.0001
Itr		Time		  Data		  Loss		Acc
[0/469]	0.1352 (0.1352)	0.1234 (0.1234)	2.837 (2.837)	5.47 (5.47)
[100/469]	0.0040 (0.0114)	0.0002 (0.0075)	0.243 (0.497)	92.19 (84.65)
[200/469]	0.0047 (0.0108)	0.0009 (0.0070)	0.212 (0.364)	92.19 (88.84)
[300/469]	0.0219 (0.0107)	0.0181 (0.0068)	0.143 (0.307)	96.88 (90.64)
[400/469]	0.0039 (0.0106)	0.0001 (0.0067)	0.258 (0.273)	94.53 (91.79)
[468/469]	0.0108 (0.0105)	0.0070 (0.0067)	0.104 (0.256)	96.88 (92.33)
 * Train Acc 92.332
 * Val Acc 95.940, Total time 0.92
Epoch:1
LR: 0.0001
Itr		Time		  Data		  Loss		Acc
[0/469]	0.1309 (0.1309)	0.1236 (0.1236)	0.139 (0.139)	95.31 (95.31)
[100/469]	0.0039 (0.0115)	0.0002 (0.0075)	0.057 (0.129)	99.22 (96.61)
[200/469]	0.0155 (0.0110)	0.0117 (0.0071)	0.100 (0.128)	97.66 (96.65)
[300/469]	0.0134 (0.0108)	0.0095 (0.0069)	0.168 (0.125)	95.31 (96.73)
[400/469]	0.0044 (0.0107)	0.0007 (0.0068)	0.113 (0.123)	96.09 (96.76)
[468/469]	0.0122 (0.0106)	0.0086 (0.0068)	0.128 (0.122)	94.79 (96.82)
 * Train Acc 96.820
 * Val Acc 96.870, Total time 0.94
Computing SI
validation split name: 1
 * Val Acc 95.450, Total time 0.70
validation split name: 2
 * Val Acc 96.870, Total time 0.95
====================== 3 =======================
#reg_term: 1
Epoch:0
LR: 0.0001
Itr		Time		  Data		  Loss		Acc
[0/469]	0.1279 (0.1279)	0.1205 (0.1205)	3.680 (3.680)	11.72 (11.72)
[100/469]	0.0048 (0.0114)	0.0009 (0.0076)	0.189 (0.511)	92.97 (84.44)
[200/469]	0.0048 (0.0109)	0.0010 (0.0071)	0.299 (0.366)	91.41 (89.04)
[300/469]	0.0221 (0.0107)	0.0183 (0.0069)	0.325 (0.309)	91.41 (90.94)
[400/469]	0.0053 (0.0106)	0.0015 (0.0068)	0.241 (0.273)	91.41 (92.04)
[468/469]	0.0145 (0.0106)	0.0108 (0.0068)	0.098 (0.256)	97.92 (92.62)
 * Train Acc 92.618
 * Val Acc 96.110, Total time 0.95
Epoch:1
LR: 0.0001
Itr		Time		  Data		  Loss		Acc
[0/469]	0.1406 (0.1406)	0.1331 (0.1331)	0.084 (0.084)	98.44 (98.44)
[100/469]	0.0048 (0.0120)	0.0010 (0.0081)	0.113 (0.136)	98.44 (96.54)
[200/469]	0.0039 (0.0111)	0.0001 (0.0073)	0.058 (0.129)	100.00 (96.77)
[300/469]	0.0230 (0.0109)	0.0191 (0.0071)	0.066 (0.128)	99.22 (96.84)
[400/469]	0.0040 (0.0107)	0.0002 (0.0069)	0.145 (0.125)	96.88 (96.98)
[468/469]	0.0152 (0.0107)	0.0115 (0.0068)	0.066 (0.124)	98.96 (97.00)
 * Train Acc 96.995
 * Val Acc 97.060, Total time 0.93
Computing SI
validation split name: 1
 * Val Acc 92.930, Total time 0.69
validation split name: 2
 * Val Acc 95.700, Total time 0.93
validation split name: 3
 * Val Acc 97.060, Total time 0.98
====================== 4 =======================
#reg_term: 1
Epoch:0
LR: 0.0001
Itr		Time		  Data		  Loss		Acc
[0/469]	0.1323 (0.1323)	0.1244 (0.1244)	3.918 (3.918)	6.25 (6.25)
[100/469]	0.0067 (0.0115)	0.0028 (0.0075)	0.202 (0.505)	94.53 (85.03)
[200/469]	0.0041 (0.0109)	0.0001 (0.0070)	0.169 (0.361)	94.53 (89.54)
[300/469]	0.0141 (0.0107)	0.0101 (0.0068)	0.166 (0.301)	96.88 (91.42)
[400/469]	0.0176 (0.0107)	0.0138 (0.0068)	0.223 (0.267)	93.75 (92.50)
[468/469]	0.0048 (0.0106)	0.0010 (0.0067)	0.201 (0.251)	95.83 (93.03)
 * Train Acc 93.028
 * Val Acc 96.240, Total time 0.94
Epoch:1
LR: 0.0001
Itr		Time		  Data		  Loss		Acc
[0/469]	0.1271 (0.1271)	0.1191 (0.1191)	0.191 (0.191)	94.53 (94.53)
[100/469]	0.0039 (0.0114)	0.0002 (0.0075)	0.118 (0.142)	96.88 (96.65)
[200/469]	0.0047 (0.0109)	0.0009 (0.0070)	0.174 (0.136)	96.09 (96.84)
[300/469]	0.0217 (0.0107)	0.0178 (0.0069)	0.124 (0.133)	97.66 (96.93)
[400/469]	0.0047 (0.0106)	0.0009 (0.0067)	0.130 (0.131)	98.44 (96.99)
[468/469]	0.0146 (0.0106)	0.0109 (0.0067)	0.081 (0.129)	98.96 (97.08)
 * Train Acc 97.085
 * Val Acc 96.960, Total time 0.93
Computing SI
validation split name: 1
 * Val Acc 90.980, Total time 0.70
validation split name: 2
 * Val Acc 95.470, Total time 0.95
validation split name: 3
 * Val Acc 96.800, Total time 0.93
validation split name: 4
 * Val Acc 96.960, Total time 0.93
====================== 5 =======================
#reg_term: 1
Epoch:0
LR: 0.0001
Itr		Time		  Data		  Loss		Acc
[0/469]	0.1269 (0.1269)	0.1186 (0.1186)	5.330 (5.330)	14.06 (14.06)
[100/469]	0.0039 (0.0116)	0.0001 (0.0076)	0.174 (0.520)	95.31 (85.61)
[200/469]	0.0039 (0.0109)	0.0001 (0.0071)	0.204 (0.376)	93.75 (89.67)
[300/469]	0.0232 (0.0108)	0.0195 (0.0069)	0.160 (0.317)	95.31 (91.43)
[400/469]	0.0039 (0.0106)	0.0001 (0.0068)	0.094 (0.281)	99.22 (92.51)
[468/469]	0.0155 (0.0106)	0.0118 (0.0068)	0.199 (0.266)	92.71 (92.97)
 * Train Acc 92.973
 * Val Acc 96.440, Total time 0.95
Epoch:1
LR: 0.0001
Itr		Time		  Data		  Loss		Acc
[0/469]	0.1306 (0.1306)	0.1228 (0.1228)	0.155 (0.155)	97.66 (97.66)
[100/469]	0.0186 (0.0119)	0.0147 (0.0080)	0.140 (0.143)	96.88 (97.04)
[200/469]	0.0084 (0.0112)	0.0045 (0.0072)	0.077 (0.137)	99.22 (97.10)
[300/469]	0.0040 (0.0109)	0.0001 (0.0070)	0.139 (0.140)	95.31 (97.05)
[400/469]	0.0212 (0.0108)	0.0173 (0.0069)	0.155 (0.140)	98.44 (97.04)
[468/469]	0.0038 (0.0107)	0.0001 (0.0068)	0.091 (0.138)	97.92 (97.12)
 * Train Acc 97.120
 * Val Acc 96.870, Total time 0.96
Computing SI
validation split name: 1
 * Val Acc 90.070, Total time 0.69
validation split name: 2
 * Val Acc 93.460, Total time 0.96
validation split name: 3
 * Val Acc 96.410, Total time 0.95
validation split name: 4
 * Val Acc 96.640, Total time 0.95
validation split name: 5
 * Val Acc 96.870, Total time 0.94
====================== 6 =======================
#reg_term: 1
Epoch:0
LR: 0.0001
Itr		Time		  Data		  Loss		Acc
[0/469]	0.1415 (0.1415)	0.1332 (0.1332)	5.138 (5.138)	9.38 (9.38)
[100/469]	0.0039 (0.0121)	0.0001 (0.0082)	0.453 (0.539)	86.72 (85.07)
[200/469]	0.0039 (0.0112)	0.0001 (0.0073)	0.353 (0.389)	89.84 (89.44)
[300/469]	0.0229 (0.0109)	0.0191 (0.0071)	0.209 (0.326)	94.53 (91.35)
[400/469]	0.0040 (0.0107)	0.0001 (0.0069)	0.136 (0.291)	96.09 (92.42)
[468/469]	0.0151 (0.0107)	0.0113 (0.0068)	0.128 (0.275)	97.92 (92.92)
 * Train Acc 92.920
 * Val Acc 96.170, Total time 0.95
Epoch:1
LR: 0.0001
Itr		Time		  Data		  Loss		Acc
[0/469]	0.1400 (0.1400)	0.1323 (0.1323)	0.103 (0.103)	99.22 (99.22)
[100/469]	0.0039 (0.0119)	0.0001 (0.0080)	0.119 (0.151)	97.66 (96.80)
[200/469]	0.0235 (0.0112)	0.0196 (0.0073)	0.103 (0.146)	99.22 (97.01)
[300/469]	0.0039 (0.0109)	0.0001 (0.0071)	0.089 (0.145)	99.22 (97.04)
[400/469]	0.0039 (0.0107)	0.0001 (0.0069)	0.145 (0.145)	96.88 (97.02)
[468/469]	0.0038 (0.0107)	0.0001 (0.0069)	0.125 (0.145)	98.96 (97.06)
 * Train Acc 97.065
 * Val Acc 97.140, Total time 0.95
Computing SI
validation split name: 1
 * Val Acc 88.470, Total time 0.69
validation split name: 2
 * Val Acc 89.770, Total time 0.96
validation split name: 3
 * Val Acc 95.450, Total time 0.95
validation split name: 4
 * Val Acc 95.940, Total time 0.93
validation split name: 5
 * Val Acc 96.790, Total time 0.94
validation split name: 6
 * Val Acc 97.140, Total time 0.95
====================== 7 =======================
#reg_term: 1
Epoch:0
LR: 0.0001
Itr		Time		  Data		  Loss		Acc
[0/469]	0.1309 (0.1309)	0.1229 (0.1229)	4.829 (4.829)	10.16 (10.16)
[100/469]	0.0224 (0.0116)	0.0186 (0.0076)	0.184 (0.543)	93.75 (85.00)
[200/469]	0.0040 (0.0109)	0.0002 (0.0070)	0.135 (0.391)	97.66 (89.51)
[300/469]	0.0047 (0.0107)	0.0008 (0.0068)	0.216 (0.328)	93.75 (91.43)
[400/469]	0.0225 (0.0107)	0.0187 (0.0068)	0.173 (0.295)	96.88 (92.44)
[468/469]	0.0039 (0.0106)	0.0001 (0.0067)	0.144 (0.278)	96.88 (92.97)
 * Train Acc 92.975
 * Val Acc 96.350, Total time 1.00
Epoch:1
LR: 0.0001
Itr		Time		  Data		  Loss		Acc
[0/469]	0.1324 (0.1324)	0.1245 (0.1245)	0.145 (0.145)	96.09 (96.09)
[100/469]	0.0046 (0.0114)	0.0008 (0.0075)	0.185 (0.150)	97.66 (97.05)
[200/469]	0.0039 (0.0108)	0.0001 (0.0069)	0.092 (0.153)	99.22 (97.03)
[300/469]	0.0205 (0.0107)	0.0166 (0.0068)	0.139 (0.152)	99.22 (97.07)
[400/469]	0.0054 (0.0106)	0.0016 (0.0067)	0.184 (0.154)	96.09 (96.96)
[468/469]	0.0143 (0.0105)	0.0106 (0.0067)	0.136 (0.153)	97.92 (97.02)
 * Train Acc 97.015
 * Val Acc 96.300, Total time 0.93
Computing SI
validation split name: 1
 * Val Acc 88.760, Total time 0.69
validation split name: 2
 * Val Acc 87.480, Total time 0.97
validation split name: 3
 * Val Acc 95.090, Total time 0.94
validation split name: 4
 * Val Acc 95.410, Total time 0.94
validation split name: 5
 * Val Acc 95.830, Total time 0.94
validation split name: 6
 * Val Acc 96.950, Total time 0.93
validation split name: 7
 * Val Acc 96.300, Total time 0.94
====================== 8 =======================
#reg_term: 1
Epoch:0
LR: 0.0001
Itr		Time		  Data		  Loss		Acc
[0/469]	0.1325 (0.1325)	0.1244 (0.1244)	5.052 (5.052)	16.41 (16.41)
[100/469]	0.0220 (0.0118)	0.0181 (0.0079)	0.283 (0.540)	92.19 (85.55)
[200/469]	0.0054 (0.0110)	0.0016 (0.0072)	0.242 (0.394)	92.97 (89.67)
[300/469]	0.0040 (0.0108)	0.0002 (0.0069)	0.123 (0.331)	98.44 (91.58)
[400/469]	0.0210 (0.0107)	0.0171 (0.0068)	0.174 (0.297)	96.09 (92.65)
[468/469]	0.0039 (0.0106)	0.0001 (0.0068)	0.232 (0.281)	96.88 (93.13)
 * Train Acc 93.127
 * Val Acc 96.230, Total time 0.95
Epoch:1
LR: 0.0001
Itr		Time		  Data		  Loss		Acc
[0/469]	0.1408 (0.1408)	0.1323 (0.1323)	0.093 (0.093)	99.22 (99.22)
[100/469]	0.0041 (0.0121)	0.0002 (0.0082)	0.188 (0.152)	98.44 (97.05)
[200/469]	0.0241 (0.0114)	0.0203 (0.0075)	0.179 (0.158)	97.66 (97.00)
[300/469]	0.0039 (0.0111)	0.0001 (0.0073)	0.203 (0.161)	93.75 (96.87)
[400/469]	0.0039 (0.0109)	0.0001 (0.0071)	0.133 (0.160)	96.88 (96.89)
[468/469]	0.0038 (0.0109)	0.0001 (0.0070)	0.097 (0.160)	98.96 (96.93)
 * Train Acc 96.932
 * Val Acc 96.740, Total time 0.93
Computing SI
validation split name: 1
 * Val Acc 85.190, Total time 0.68
validation split name: 2
 * Val Acc 80.970, Total time 0.94
validation split name: 3
 * Val Acc 94.170, Total time 0.94
validation split name: 4
 * Val Acc 94.630, Total time 0.95
validation split name: 5
 * Val Acc 95.320, Total time 0.95
validation split name: 6
 * Val Acc 96.460, Total time 0.94
validation split name: 7
 * Val Acc 96.150, Total time 0.93
validation split name: 8
 * Val Acc 96.740, Total time 0.94
====================== 9 =======================
#reg_term: 1
Epoch:0
LR: 0.0001
Itr		Time		  Data		  Loss		Acc
[0/469]	0.1428 (0.1428)	0.1343 (0.1343)	4.741 (4.741)	8.59 (8.59)
[100/469]	0.0040 (0.0128)	0.0001 (0.0084)	0.322 (0.526)	92.19 (86.10)
[200/469]	0.0040 (0.0116)	0.0001 (0.0075)	0.332 (0.384)	91.41 (90.19)
[300/469]	0.0234 (0.0112)	0.0194 (0.0072)	0.206 (0.324)	97.66 (91.89)
[400/469]	0.0041 (0.0110)	0.0001 (0.0070)	0.155 (0.294)	97.66 (92.79)
[468/469]	0.0145 (0.0109)	0.0106 (0.0069)	0.271 (0.280)	95.83 (93.21)
 * Train Acc 93.207
 * Val Acc 96.250, Total time 1.02
Epoch:1
LR: 0.0001
Itr		Time		  Data		  Loss		Acc
[0/469]	0.1398 (0.1398)	0.1314 (0.1314)	0.172 (0.172)	96.88 (96.88)
[100/469]	0.0048 (0.0120)	0.0010 (0.0080)	0.141 (0.163)	98.44 (96.97)
[200/469]	0.0039 (0.0111)	0.0001 (0.0072)	0.179 (0.161)	96.09 (96.99)
[300/469]	0.0215 (0.0108)	0.0176 (0.0069)	0.146 (0.160)	96.88 (97.03)
[400/469]	0.0046 (0.0107)	0.0008 (0.0068)	0.186 (0.161)	96.09 (97.04)
[468/469]	0.0145 (0.0106)	0.0107 (0.0067)	0.160 (0.162)	98.96 (97.03)
 * Train Acc 97.027
 * Val Acc 96.490, Total time 0.95
Computing SI
validation split name: 1
 * Val Acc 79.990, Total time 0.70
validation split name: 2
 * Val Acc 76.220, Total time 0.92
validation split name: 3
 * Val Acc 92.150, Total time 0.94
validation split name: 4
 * Val Acc 93.600, Total time 0.96
validation split name: 5
 * Val Acc 94.820, Total time 0.96
validation split name: 6
 * Val Acc 96.160, Total time 0.95
validation split name: 7
 * Val Acc 95.550, Total time 0.93
validation split name: 8
 * Val Acc 96.460, Total time 0.95
validation split name: 9
 * Val Acc 96.490, Total time 0.95
====================== 10 =======================
#reg_term: 1
Epoch:0
LR: 0.0001
Itr		Time		  Data		  Loss		Acc
[0/469]	0.1304 (0.1304)	0.1221 (0.1221)	6.659 (6.659)	11.72 (11.72)
[100/469]	0.0039 (0.0120)	0.0001 (0.0077)	0.262 (0.607)	93.75 (85.38)
[200/469]	0.0040 (0.0112)	0.0002 (0.0071)	0.256 (0.445)	92.97 (89.32)
[300/469]	0.0231 (0.0109)	0.0193 (0.0070)	0.170 (0.375)	96.88 (91.19)
[400/469]	0.0039 (0.0108)	0.0001 (0.0068)	0.259 (0.335)	95.31 (92.29)
[468/469]	0.0155 (0.0107)	0.0115 (0.0068)	0.260 (0.315)	93.75 (92.79)
 * Train Acc 92.793
 * Val Acc 96.370, Total time 0.95
Epoch:1
LR: 0.0001
Itr		Time		  Data		  Loss		Acc
[0/469]	0.1434 (0.1434)	0.1333 (0.1333)	0.172 (0.172)	98.44 (98.44)
[100/469]	0.0039 (0.0120)	0.0001 (0.0080)	0.262 (0.181)	92.19 (96.67)
[200/469]	0.0040 (0.0112)	0.0001 (0.0073)	0.142 (0.174)	97.66 (96.85)
[300/469]	0.0227 (0.0110)	0.0188 (0.0071)	0.116 (0.176)	99.22 (96.83)
[400/469]	0.0046 (0.0108)	0.0008 (0.0069)	0.164 (0.175)	96.88 (96.81)
[468/469]	0.0148 (0.0107)	0.0110 (0.0069)	0.147 (0.175)	96.88 (96.83)
 * Train Acc 96.830
 * Val Acc 96.960, Total time 0.97
Computing SI
validation split name: 1
 * Val Acc 76.570, Total time 0.72
validation split name: 2
 * Val Acc 71.340, Total time 0.96
validation split name: 3
 * Val Acc 89.640, Total time 0.93
validation split name: 4
 * Val Acc 94.710, Total time 0.94
validation split name: 5
 * Val Acc 94.370, Total time 0.95
validation split name: 6
 * Val Acc 95.270, Total time 0.93
validation split name: 7
 * Val Acc 95.550, Total time 0.95
validation split name: 8
 * Val Acc 95.970, Total time 0.94
validation split name: 9
 * Val Acc 95.960, Total time 0.94
validation split name: 10
 * Val Acc 96.960, Total time 0.94
OrderedDict([('1', OrderedDict([('1', 96.4), ('2', 95.45), ('3', 92.93), ('4', 90.98), ('5', 90.07), ('6', 88.47), ('7', 88.76), ('8', 85.19), ('9', 79.99), ('10', 76.57)])), ('2', OrderedDict([('2', 96.87), ('3', 95.7), ('4', 95.47), ('5', 93.46), ('6', 89.77), ('7', 87.48), ('8', 80.97), ('9', 76.22), ('10', 71.34)])), ('3', OrderedDict([('3', 97.06), ('4', 96.8), ('5', 96.41), ('6', 95.45), ('7', 95.09), ('8', 94.17), ('9', 92.15), ('10', 89.64)])), ('4', OrderedDict([('4', 96.96), ('5', 96.64), ('6', 95.94), ('7', 95.41), ('8', 94.63), ('9', 93.6), ('10', 94.71)])), ('5', OrderedDict([('5', 96.87), ('6', 96.79), ('7', 95.83), ('8', 95.32), ('9', 94.82), ('10', 94.37)])), ('6', OrderedDict([('6', 97.14), ('7', 96.95), ('8', 96.46), ('9', 96.16), ('10', 95.27)])), ('7', OrderedDict([('7', 96.3), ('8', 96.15), ('9', 95.55), ('10', 95.55)])), ('8', OrderedDict([('8', 96.74), ('9', 96.46), ('10', 95.97)])), ('9', OrderedDict([('9', 96.49), ('10', 95.96)])), ('10', OrderedDict([('10', 96.96)]))])
Task 1 average acc: 96.4
Task 2 average acc: 96.16
Task 3 average acc: 95.23
Task 4 average acc: 95.0525
Task 5 average acc: 94.68999999999998
Task 6 average acc: 93.92666666666668
Task 7 average acc: 93.68857142857142
Task 8 average acc: 92.45375
Task 9 average acc: 91.27111111111111
Task 10 average acc: 90.634
===Summary of experiment repeats: 5 / 5 ===
The regularization coefficient: 10.0
The last avg acc of all repeats: [89.948 92.483 90.628 91.95  90.634]
mean: 91.12859999999999 std: 0.9378851955330118
reg_coef: 10.0 mean: 91.12859999999999 std: 0.9378851955330118
Total Time for the script is 830.6663632392883 seconds
