Files already downloaded and verified
Files already downloaded and verified
split_boundaries: [0, 20, 40, 60, 80, 100]
{'1': [0, 1, 2, 3, 4, 5, 6, 7, 8, 9, 10, 11, 12, 13, 14, 15, 16, 17, 18, 19], '2': [20, 21, 22, 23, 24, 25, 26, 27, 28, 29, 30, 31, 32, 33, 34, 35, 36, 37, 38, 39], '3': [40, 41, 42, 43, 44, 45, 46, 47, 48, 49, 50, 51, 52, 53, 54, 55, 56, 57, 58, 59], '4': [60, 61, 62, 63, 64, 65, 66, 67, 68, 69, 70, 71, 72, 73, 74, 75, 76, 77, 78, 79], '5': [80, 81, 82, 83, 84, 85, 86, 87, 88, 89, 90, 91, 92, 93, 94, 95, 96, 97, 98, 99]}
PreActResNet_cifar(
  (conv1): Conv2d(3, 16, kernel_size=(3, 3), stride=(1, 1), padding=(1, 1), bias=False)
  (stage1): Sequential(
    (0): PreActBlock(
      (bn1): BatchNorm2d(16, eps=1e-05, momentum=0.1, affine=True, track_running_stats=True)
      (conv1): Conv2d(16, 32, kernel_size=(3, 3), stride=(1, 1), padding=(1, 1), bias=False)
      (bn2): BatchNorm2d(32, eps=1e-05, momentum=0.1, affine=True, track_running_stats=True)
      (conv2): Conv2d(32, 32, kernel_size=(3, 3), stride=(1, 1), padding=(1, 1), bias=False)
      (shortcut): Sequential(
        (0): Conv2d(16, 32, kernel_size=(1, 1), stride=(1, 1), bias=False)
      )
    )
    (1): PreActBlock(
      (bn1): BatchNorm2d(32, eps=1e-05, momentum=0.1, affine=True, track_running_stats=True)
      (conv1): Conv2d(32, 32, kernel_size=(3, 3), stride=(1, 1), padding=(1, 1), bias=False)
      (bn2): BatchNorm2d(32, eps=1e-05, momentum=0.1, affine=True, track_running_stats=True)
      (conv2): Conv2d(32, 32, kernel_size=(3, 3), stride=(1, 1), padding=(1, 1), bias=False)
    )
    (2): PreActBlock(
      (bn1): BatchNorm2d(32, eps=1e-05, momentum=0.1, affine=True, track_running_stats=True)
      (conv1): Conv2d(32, 32, kernel_size=(3, 3), stride=(1, 1), padding=(1, 1), bias=False)
      (bn2): BatchNorm2d(32, eps=1e-05, momentum=0.1, affine=True, track_running_stats=True)
      (conv2): Conv2d(32, 32, kernel_size=(3, 3), stride=(1, 1), padding=(1, 1), bias=False)
    )
    (3): PreActBlock(
      (bn1): BatchNorm2d(32, eps=1e-05, momentum=0.1, affine=True, track_running_stats=True)
      (conv1): Conv2d(32, 32, kernel_size=(3, 3), stride=(1, 1), padding=(1, 1), bias=False)
      (bn2): BatchNorm2d(32, eps=1e-05, momentum=0.1, affine=True, track_running_stats=True)
      (conv2): Conv2d(32, 32, kernel_size=(3, 3), stride=(1, 1), padding=(1, 1), bias=False)
    )
  )
  (stage2): Sequential(
    (0): PreActBlock(
      (bn1): BatchNorm2d(32, eps=1e-05, momentum=0.1, affine=True, track_running_stats=True)
      (conv1): Conv2d(32, 64, kernel_size=(3, 3), stride=(2, 2), padding=(1, 1), bias=False)
      (bn2): BatchNorm2d(64, eps=1e-05, momentum=0.1, affine=True, track_running_stats=True)
      (conv2): Conv2d(64, 64, kernel_size=(3, 3), stride=(1, 1), padding=(1, 1), bias=False)
      (shortcut): Sequential(
        (0): Conv2d(32, 64, kernel_size=(1, 1), stride=(2, 2), bias=False)
      )
    )
    (1): PreActBlock(
      (bn1): BatchNorm2d(64, eps=1e-05, momentum=0.1, affine=True, track_running_stats=True)
      (conv1): Conv2d(64, 64, kernel_size=(3, 3), stride=(1, 1), padding=(1, 1), bias=False)
      (bn2): BatchNorm2d(64, eps=1e-05, momentum=0.1, affine=True, track_running_stats=True)
      (conv2): Conv2d(64, 64, kernel_size=(3, 3), stride=(1, 1), padding=(1, 1), bias=False)
    )
    (2): PreActBlock(
      (bn1): BatchNorm2d(64, eps=1e-05, momentum=0.1, affine=True, track_running_stats=True)
      (conv1): Conv2d(64, 64, kernel_size=(3, 3), stride=(1, 1), padding=(1, 1), bias=False)
      (bn2): BatchNorm2d(64, eps=1e-05, momentum=0.1, affine=True, track_running_stats=True)
      (conv2): Conv2d(64, 64, kernel_size=(3, 3), stride=(1, 1), padding=(1, 1), bias=False)
    )
    (3): PreActBlock(
      (bn1): BatchNorm2d(64, eps=1e-05, momentum=0.1, affine=True, track_running_stats=True)
      (conv1): Conv2d(64, 64, kernel_size=(3, 3), stride=(1, 1), padding=(1, 1), bias=False)
      (bn2): BatchNorm2d(64, eps=1e-05, momentum=0.1, affine=True, track_running_stats=True)
      (conv2): Conv2d(64, 64, kernel_size=(3, 3), stride=(1, 1), padding=(1, 1), bias=False)
    )
  )
  (stage3): Sequential(
    (0): PreActBlock(
      (bn1): BatchNorm2d(64, eps=1e-05, momentum=0.1, affine=True, track_running_stats=True)
      (conv1): Conv2d(64, 128, kernel_size=(3, 3), stride=(2, 2), padding=(1, 1), bias=False)
      (bn2): BatchNorm2d(128, eps=1e-05, momentum=0.1, affine=True, track_running_stats=True)
      (conv2): Conv2d(128, 128, kernel_size=(3, 3), stride=(1, 1), padding=(1, 1), bias=False)
      (shortcut): Sequential(
        (0): Conv2d(64, 128, kernel_size=(1, 1), stride=(2, 2), bias=False)
      )
    )
    (1): PreActBlock(
      (bn1): BatchNorm2d(128, eps=1e-05, momentum=0.1, affine=True, track_running_stats=True)
      (conv1): Conv2d(128, 128, kernel_size=(3, 3), stride=(1, 1), padding=(1, 1), bias=False)
      (bn2): BatchNorm2d(128, eps=1e-05, momentum=0.1, affine=True, track_running_stats=True)
      (conv2): Conv2d(128, 128, kernel_size=(3, 3), stride=(1, 1), padding=(1, 1), bias=False)
    )
    (2): PreActBlock(
      (bn1): BatchNorm2d(128, eps=1e-05, momentum=0.1, affine=True, track_running_stats=True)
      (conv1): Conv2d(128, 128, kernel_size=(3, 3), stride=(1, 1), padding=(1, 1), bias=False)
      (bn2): BatchNorm2d(128, eps=1e-05, momentum=0.1, affine=True, track_running_stats=True)
      (conv2): Conv2d(128, 128, kernel_size=(3, 3), stride=(1, 1), padding=(1, 1), bias=False)
    )
    (3): PreActBlock(
      (bn1): BatchNorm2d(128, eps=1e-05, momentum=0.1, affine=True, track_running_stats=True)
      (conv1): Conv2d(128, 128, kernel_size=(3, 3), stride=(1, 1), padding=(1, 1), bias=False)
      (bn2): BatchNorm2d(128, eps=1e-05, momentum=0.1, affine=True, track_running_stats=True)
      (conv2): Conv2d(128, 128, kernel_size=(3, 3), stride=(1, 1), padding=(1, 1), bias=False)
    )
  )
  (bn_last): BatchNorm2d(128, eps=1e-05, momentum=0.1, affine=True, track_running_stats=True)
  (last): ModuleDict(
    (All): Linear(in_features=128, out_features=20, bias=True)
  )
)
#parameter of model: 1468900
Task order: ['1', '2', '3', '4', '5']
====================== 1 =======================
Epoch:0
LR: 0.001
Itr		Time		  Data		  Loss		Acc
[0/79]	0.6140 (0.6140)	0.1113 (0.1113)	3.051 (3.051)	3.91 (3.91)
[78/79]	0.0377 (0.0410)	0.0002 (0.0024)	2.689 (2.576)	31.25 (21.44)
 * Train Acc 21.440
 * Val Acc 22.500, Total time 0.27
Epoch:1
LR: 0.001
Itr		Time		  Data		  Loss		Acc
[0/79]	0.1565 (0.1565)	0.1162 (0.1162)	2.432 (2.432)	22.66 (22.66)
[78/79]	0.0241 (0.0348)	0.0002 (0.0024)	2.327 (2.305)	18.75 (29.18)
 * Train Acc 29.180
 * Val Acc 30.200, Total time 0.27
Epoch:2
LR: 0.001
Itr		Time		  Data		  Loss		Acc
[0/79]	0.1556 (0.1556)	0.1138 (0.1138)	2.107 (2.107)	32.81 (32.81)
[78/79]	0.0239 (0.0349)	0.0002 (0.0024)	1.933 (2.148)	50.00 (33.61)
 * Train Acc 33.610
 * Val Acc 30.550, Total time 0.27
Epoch:3
LR: 0.001
Itr		Time		  Data		  Loss		Acc
[0/79]	0.1599 (0.1599)	0.1167 (0.1167)	1.999 (1.999)	36.72 (36.72)
[78/79]	0.0305 (0.0372)	0.0002 (0.0025)	2.071 (2.000)	31.25 (37.76)
 * Train Acc 37.760
 * Val Acc 36.800, Total time 0.29
Epoch:4
LR: 0.001
Itr		Time		  Data		  Loss		Acc
[0/79]	0.1566 (0.1566)	0.1161 (0.1161)	1.920 (1.920)	42.19 (42.19)
[78/79]	0.0243 (0.0349)	0.0002 (0.0024)	2.404 (1.871)	43.75 (40.68)
 * Train Acc 40.680
 * Val Acc 43.850, Total time 0.27
Epoch:5
LR: 0.001
Itr		Time		  Data		  Loss		Acc
[0/79]	0.1540 (0.1540)	0.1135 (0.1135)	1.827 (1.827)	42.19 (42.19)
[78/79]	0.0305 (0.0372)	0.0002 (0.0024)	2.750 (1.736)	25.00 (45.26)
 * Train Acc 45.260
 * Val Acc 39.750, Total time 0.26
Epoch:6
LR: 0.001
Itr		Time		  Data		  Loss		Acc
[0/79]	0.1573 (0.1573)	0.1176 (0.1176)	1.660 (1.660)	44.53 (44.53)
[78/79]	0.0242 (0.0351)	0.0002 (0.0026)	1.421 (1.600)	50.00 (49.28)
 * Train Acc 49.280
 * Val Acc 48.800, Total time 0.26
Epoch:7
LR: 0.001
Itr		Time		  Data		  Loss		Acc
[0/79]	0.1589 (0.1589)	0.1165 (0.1165)	1.609 (1.609)	48.44 (48.44)
[78/79]	0.0304 (0.0365)	0.0002 (0.0025)	1.772 (1.494)	43.75 (52.54)
 * Train Acc 52.540
 * Val Acc 41.550, Total time 0.27
Epoch:8
LR: 0.001
Itr		Time		  Data		  Loss		Acc
[0/79]	0.1566 (0.1566)	0.1155 (0.1155)	1.302 (1.302)	61.72 (61.72)
[78/79]	0.0240 (0.0355)	0.0002 (0.0027)	1.496 (1.405)	56.25 (55.59)
 * Train Acc 55.590
 * Val Acc 51.450, Total time 0.27
Epoch:9
LR: 0.001
Itr		Time		  Data		  Loss		Acc
[0/79]	0.1562 (0.1562)	0.1160 (0.1160)	1.233 (1.233)	59.38 (59.38)
[78/79]	0.0304 (0.0373)	0.0002 (0.0024)	1.871 (1.302)	43.75 (58.07)
 * Train Acc 58.070
 * Val Acc 55.550, Total time 0.27
Epoch:10
LR: 0.001
Itr		Time		  Data		  Loss		Acc
[0/79]	0.1563 (0.1563)	0.1162 (0.1162)	1.331 (1.331)	57.03 (57.03)
[78/79]	0.0242 (0.0352)	0.0002 (0.0024)	1.431 (1.205)	56.25 (60.99)
 * Train Acc 60.990
 * Val Acc 60.000, Total time 0.27
Epoch:11
LR: 0.001
Itr		Time		  Data		  Loss		Acc
[0/79]	0.1527 (0.1527)	0.1124 (0.1124)	1.029 (1.029)	63.28 (63.28)
[78/79]	0.0245 (0.0351)	0.0002 (0.0024)	1.377 (1.148)	43.75 (63.04)
 * Train Acc 63.040
 * Val Acc 54.150, Total time 0.27
Epoch:12
LR: 0.001
Itr		Time		  Data		  Loss		Acc
[0/79]	0.1699 (0.1699)	0.1250 (0.1250)	0.943 (0.943)	73.44 (73.44)
[78/79]	0.0243 (0.0354)	0.0002 (0.0025)	1.247 (1.083)	56.25 (65.33)
 * Train Acc 65.330
 * Val Acc 56.500, Total time 0.27
Epoch:13
LR: 0.001
Itr		Time		  Data		  Loss		Acc
[0/79]	0.1678 (0.1678)	0.1238 (0.1238)	0.970 (0.970)	68.75 (68.75)
[78/79]	0.0244 (0.0353)	0.0002 (0.0025)	1.016 (1.020)	62.50 (67.19)
 * Train Acc 67.190
 * Val Acc 56.900, Total time 0.27
Epoch:14
LR: 0.001
Itr		Time		  Data		  Loss		Acc
[0/79]	0.1751 (0.1751)	0.1344 (0.1344)	0.843 (0.843)	75.00 (75.00)
[78/79]	0.0303 (0.0375)	0.0002 (0.0027)	0.872 (0.951)	68.75 (69.05)
 * Train Acc 69.050
 * Val Acc 59.550, Total time 0.27
Epoch:15
LR: 0.001
Itr		Time		  Data		  Loss		Acc
[0/79]	0.1626 (0.1626)	0.1178 (0.1178)	0.708 (0.708)	77.34 (77.34)
[78/79]	0.0303 (0.0374)	0.0002 (0.0025)	1.282 (0.896)	62.50 (70.81)
 * Train Acc 70.810
 * Val Acc 64.400, Total time 0.30
Epoch:16
LR: 0.001
Itr		Time		  Data		  Loss		Acc
[0/79]	0.1531 (0.1531)	0.1124 (0.1124)	0.617 (0.617)	80.47 (80.47)
[78/79]	0.0320 (0.0354)	0.0002 (0.0024)	1.345 (0.868)	50.00 (71.55)
 * Train Acc 71.550
 * Val Acc 63.100, Total time 0.29
Epoch:17
LR: 0.001
Itr		Time		  Data		  Loss		Acc
[0/79]	0.1619 (0.1619)	0.1165 (0.1165)	1.037 (1.037)	60.94 (60.94)
[78/79]	0.0306 (0.0375)	0.0002 (0.0026)	1.281 (0.841)	68.75 (72.26)
 * Train Acc 72.260
 * Val Acc 66.850, Total time 0.27
Epoch:18
LR: 0.001
Itr		Time		  Data		  Loss		Acc
[0/79]	0.1579 (0.1579)	0.1168 (0.1168)	0.609 (0.609)	81.25 (81.25)
[78/79]	0.0243 (0.0352)	0.0002 (0.0024)	1.136 (0.790)	68.75 (74.05)
 * Train Acc 74.050
 * Val Acc 65.650, Total time 0.27
Epoch:19
LR: 0.001
Itr		Time		  Data		  Loss		Acc
[0/79]	0.1660 (0.1660)	0.1257 (0.1257)	0.641 (0.641)	75.00 (75.00)
[78/79]	0.0303 (0.0362)	0.0002 (0.0025)	0.809 (0.741)	75.00 (75.54)
 * Train Acc 75.540
 * Val Acc 66.750, Total time 0.28
Epoch:20
LR: 0.001
Itr		Time		  Data		  Loss		Acc
[0/79]	0.1590 (0.1590)	0.1167 (0.1167)	0.548 (0.548)	84.38 (84.38)
[78/79]	0.0245 (0.0351)	0.0002 (0.0024)	0.964 (0.695)	68.75 (77.04)
 * Train Acc 77.040
 * Val Acc 68.550, Total time 0.26
Epoch:21
LR: 0.001
Itr		Time		  Data		  Loss		Acc
[0/79]	0.1717 (0.1717)	0.1310 (0.1310)	0.680 (0.680)	76.56 (76.56)
[78/79]	0.0304 (0.0376)	0.0002 (0.0027)	1.254 (0.641)	68.75 (78.81)
 * Train Acc 78.810
 * Val Acc 62.750, Total time 0.29
Epoch:22
LR: 0.001
Itr		Time		  Data		  Loss		Acc
[0/79]	0.1568 (0.1568)	0.1166 (0.1166)	0.555 (0.555)	83.59 (83.59)
[78/79]	0.0319 (0.0356)	0.0009 (0.0024)	0.718 (0.669)	75.00 (78.09)
 * Train Acc 78.090
 * Val Acc 69.250, Total time 0.29
Epoch:23
LR: 0.001
Itr		Time		  Data		  Loss		Acc
[0/79]	0.1518 (0.1518)	0.1123 (0.1123)	0.467 (0.467)	89.06 (89.06)
[78/79]	0.0249 (0.0348)	0.0002 (0.0024)	0.304 (0.592)	93.75 (80.67)
 * Train Acc 80.670
 * Val Acc 69.850, Total time 0.28
Epoch:24
LR: 0.001
Itr		Time		  Data		  Loss		Acc
[0/79]	0.1647 (0.1647)	0.1238 (0.1238)	0.733 (0.733)	74.22 (74.22)
[78/79]	0.0305 (0.0365)	0.0002 (0.0026)	0.935 (0.553)	75.00 (81.43)
 * Train Acc 81.430
 * Val Acc 66.500, Total time 0.27
Epoch:25
LR: 0.001
Itr		Time		  Data		  Loss		Acc
[0/79]	0.1817 (0.1817)	0.1412 (0.1412)	0.544 (0.544)	81.25 (81.25)
[78/79]	0.0241 (0.0351)	0.0002 (0.0027)	0.770 (0.537)	81.25 (82.27)
 * Train Acc 82.270
 * Val Acc 69.050, Total time 0.27
Epoch:26
LR: 0.001
Itr		Time		  Data		  Loss		Acc
[0/79]	0.1663 (0.1663)	0.1263 (0.1263)	0.396 (0.396)	85.94 (85.94)
[78/79]	0.0250 (0.0347)	0.0002 (0.0025)	0.798 (0.524)	68.75 (82.49)
 * Train Acc 82.490
 * Val Acc 71.000, Total time 0.28
Epoch:27
LR: 0.001
Itr		Time		  Data		  Loss		Acc
[0/79]	0.1606 (0.1606)	0.1206 (0.1206)	0.522 (0.522)	80.47 (80.47)
[78/79]	0.0305 (0.0367)	0.0002 (0.0027)	0.534 (0.495)	81.25 (83.70)
 * Train Acc 83.700
 * Val Acc 68.200, Total time 0.27
Epoch:28
LR: 0.001
Itr		Time		  Data		  Loss		Acc
[0/79]	0.1633 (0.1633)	0.1178 (0.1178)	0.408 (0.408)	83.59 (83.59)
[78/79]	0.0304 (0.0374)	0.0002 (0.0025)	0.298 (0.470)	93.75 (84.15)
 * Train Acc 84.150
 * Val Acc 72.800, Total time 0.27
Epoch:29
LR: 0.001
Itr		Time		  Data		  Loss		Acc
[0/79]	0.1574 (0.1574)	0.1174 (0.1174)	0.274 (0.274)	92.19 (92.19)
[78/79]	0.0243 (0.0346)	0.0002 (0.0024)	0.581 (0.437)	75.00 (85.16)
 * Train Acc 85.160
 * Val Acc 72.700, Total time 0.27
Epoch:30
LR: 0.001
Itr		Time		  Data		  Loss		Acc
[0/79]	0.1591 (0.1591)	0.1171 (0.1171)	0.380 (0.380)	86.72 (86.72)
[78/79]	0.0303 (0.0373)	0.0002 (0.0025)	0.417 (0.434)	81.25 (85.70)
 * Train Acc 85.700
 * Val Acc 69.950, Total time 0.27
Epoch:31
LR: 0.001
Itr		Time		  Data		  Loss		Acc
[0/79]	0.1574 (0.1574)	0.1170 (0.1170)	0.330 (0.330)	87.50 (87.50)
[78/79]	0.0249 (0.0347)	0.0002 (0.0024)	1.015 (0.395)	68.75 (86.89)
 * Train Acc 86.890
 * Val Acc 73.000, Total time 0.27
Epoch:32
LR: 0.001
Itr		Time		  Data		  Loss		Acc
[0/79]	0.1701 (0.1701)	0.1297 (0.1297)	0.305 (0.305)	89.84 (89.84)
[78/79]	0.0302 (0.0372)	0.0002 (0.0027)	1.026 (0.416)	62.50 (86.16)
 * Train Acc 86.160
 * Val Acc 73.200, Total time 0.27
Epoch:33
LR: 0.001
Itr		Time		  Data		  Loss		Acc
[0/79]	0.1764 (0.1764)	0.1369 (0.1369)	0.426 (0.426)	85.94 (85.94)
[78/79]	0.0301 (0.0367)	0.0002 (0.0029)	0.928 (0.484)	68.75 (83.81)
 * Train Acc 83.810
 * Val Acc 72.000, Total time 0.27
Epoch:34
LR: 0.001
Itr		Time		  Data		  Loss		Acc
[0/79]	0.1661 (0.1661)	0.1245 (0.1245)	0.214 (0.214)	95.31 (95.31)
[78/79]	0.0244 (0.0352)	0.0002 (0.0025)	0.537 (0.382)	87.50 (87.09)
 * Train Acc 87.090
 * Val Acc 74.150, Total time 0.27
Epoch:35
LR: 0.001
Itr		Time		  Data		  Loss		Acc
[0/79]	0.1551 (0.1551)	0.1147 (0.1147)	0.294 (0.294)	91.41 (91.41)
[78/79]	0.0238 (0.0348)	0.0002 (0.0025)	0.404 (0.337)	81.25 (88.78)
 * Train Acc 88.780
 * Val Acc 73.400, Total time 0.27
Epoch:36
LR: 0.001
Itr		Time		  Data		  Loss		Acc
[0/79]	0.1612 (0.1612)	0.1208 (0.1208)	0.346 (0.346)	89.06 (89.06)
[78/79]	0.0308 (0.0360)	0.0002 (0.0027)	0.126 (0.333)	93.75 (89.15)
 * Train Acc 89.150
 * Val Acc 76.650, Total time 0.27
Epoch:37
LR: 0.001
Itr		Time		  Data		  Loss		Acc
[0/79]	0.1631 (0.1631)	0.1180 (0.1180)	0.139 (0.139)	96.88 (96.88)
[78/79]	0.0253 (0.0351)	0.0002 (0.0025)	0.207 (0.274)	93.75 (90.58)
 * Train Acc 90.580
 * Val Acc 74.950, Total time 0.27
Epoch:38
LR: 0.001
Itr		Time		  Data		  Loss		Acc
[0/79]	0.1654 (0.1654)	0.1210 (0.1210)	0.204 (0.204)	93.75 (93.75)
[78/79]	0.0253 (0.0354)	0.0002 (0.0025)	0.391 (0.252)	81.25 (91.54)
 * Train Acc 91.540
 * Val Acc 73.700, Total time 0.27
Epoch:39
LR: 0.001
Itr		Time		  Data		  Loss		Acc
[0/79]	0.1696 (0.1696)	0.1287 (0.1287)	0.261 (0.261)	91.41 (91.41)
[78/79]	0.0247 (0.0354)	0.0002 (0.0026)	0.244 (0.272)	93.75 (91.11)
 * Train Acc 91.110
 * Val Acc 74.150, Total time 0.27
Epoch:40
LR: 0.001
Itr		Time		  Data		  Loss		Acc
[0/79]	0.1668 (0.1668)	0.1266 (0.1266)	0.138 (0.138)	94.53 (94.53)
[78/79]	0.0252 (0.0348)	0.0002 (0.0025)	0.303 (0.258)	87.50 (91.22)
 * Train Acc 91.220
 * Val Acc 74.250, Total time 0.28
Epoch:41
LR: 0.001
Itr		Time		  Data		  Loss		Acc
[0/79]	0.1597 (0.1597)	0.1196 (0.1196)	0.257 (0.257)	88.28 (88.28)
[78/79]	0.0308 (0.0372)	0.0002 (0.0025)	0.313 (0.246)	87.50 (91.56)
 * Train Acc 91.560
 * Val Acc 72.050, Total time 0.29
Epoch:42
LR: 0.001
Itr		Time		  Data		  Loss		Acc
[0/79]	0.1597 (0.1597)	0.1173 (0.1173)	0.249 (0.249)	91.41 (91.41)
[78/79]	0.0241 (0.0350)	0.0002 (0.0026)	0.502 (0.251)	87.50 (91.49)
 * Train Acc 91.490
 * Val Acc 71.300, Total time 0.26
Epoch:43
LR: 0.001
Itr		Time		  Data		  Loss		Acc
[0/79]	0.1592 (0.1592)	0.1192 (0.1192)	0.175 (0.175)	91.41 (91.41)
[78/79]	0.0308 (0.0358)	0.0002 (0.0025)	0.285 (0.265)	93.75 (90.88)
 * Train Acc 90.880
 * Val Acc 72.250, Total time 0.27
Epoch:44
LR: 0.001
Itr		Time		  Data		  Loss		Acc
[0/79]	0.1596 (0.1596)	0.1192 (0.1192)	0.210 (0.210)	93.75 (93.75)
[78/79]	0.0246 (0.0353)	0.0002 (0.0026)	0.311 (0.244)	93.75 (92.03)
 * Train Acc 92.030
 * Val Acc 73.450, Total time 0.27
Epoch:45
LR: 0.001
Itr		Time		  Data		  Loss		Acc
[0/79]	0.1595 (0.1595)	0.1176 (0.1176)	0.230 (0.230)	92.19 (92.19)
[78/79]	0.0240 (0.0349)	0.0002 (0.0025)	0.772 (0.229)	62.50 (92.40)
 * Train Acc 92.400
 * Val Acc 76.300, Total time 0.26
Epoch:46
LR: 0.001
Itr		Time		  Data		  Loss		Acc
[0/79]	0.1783 (0.1783)	0.1329 (0.1329)	0.172 (0.172)	94.53 (94.53)
[78/79]	0.0309 (0.0377)	0.0002 (0.0027)	0.259 (0.252)	87.50 (91.78)
 * Train Acc 91.780
 * Val Acc 73.350, Total time 0.27
Epoch:47
LR: 0.001
Itr		Time		  Data		  Loss		Acc
[0/79]	0.1676 (0.1676)	0.1254 (0.1254)	0.158 (0.158)	92.97 (92.97)
[78/79]	0.0307 (0.0355)	0.0002 (0.0025)	0.712 (0.211)	87.50 (92.83)
 * Train Acc 92.830
 * Val Acc 73.000, Total time 0.28
Epoch:48
LR: 0.001
Itr		Time		  Data		  Loss		Acc
[0/79]	0.1587 (0.1587)	0.1182 (0.1182)	0.153 (0.153)	92.97 (92.97)
[78/79]	0.0249 (0.0347)	0.0002 (0.0024)	0.493 (0.194)	81.25 (93.74)
 * Train Acc 93.740
 * Val Acc 71.850, Total time 0.27
Epoch:49
LR: 0.001
Itr		Time		  Data		  Loss		Acc
[0/79]	0.1606 (0.1606)	0.1128 (0.1128)	0.131 (0.131)	96.88 (96.88)
[78/79]	0.0310 (0.0374)	0.0002 (0.0024)	0.724 (0.223)	75.00 (92.67)
 * Train Acc 92.670
 * Val Acc 76.350, Total time 0.27
Epoch:50
LR: 0.001
Itr		Time		  Data		  Loss		Acc
[0/79]	0.1591 (0.1591)	0.1184 (0.1184)	0.138 (0.138)	95.31 (95.31)
[78/79]	0.0252 (0.0350)	0.0002 (0.0025)	0.296 (0.208)	93.75 (92.83)
 * Train Acc 92.830
 * Val Acc 75.150, Total time 0.29
Epoch:51
LR: 0.001
Itr		Time		  Data		  Loss		Acc
[0/79]	0.1534 (0.1534)	0.1129 (0.1129)	0.191 (0.191)	91.41 (91.41)
[78/79]	0.0306 (0.0370)	0.0002 (0.0024)	0.146 (0.172)	87.50 (94.14)
 * Train Acc 94.140
 * Val Acc 75.300, Total time 0.29
Epoch:52
LR: 0.001
Itr		Time		  Data		  Loss		Acc
[0/79]	0.1589 (0.1589)	0.1169 (0.1169)	0.147 (0.147)	95.31 (95.31)
[78/79]	0.0244 (0.0351)	0.0002 (0.0024)	0.193 (0.146)	93.75 (95.36)
 * Train Acc 95.360
 * Val Acc 76.600, Total time 0.27
Epoch:53
LR: 0.001
Itr		Time		  Data		  Loss		Acc
[0/79]	0.1677 (0.1677)	0.1282 (0.1282)	0.092 (0.092)	97.66 (97.66)
[78/79]	0.0255 (0.0352)	0.0002 (0.0027)	0.224 (0.157)	93.75 (94.73)
 * Train Acc 94.730
 * Val Acc 75.900, Total time 0.28
Epoch:54
LR: 0.001
Itr		Time		  Data		  Loss		Acc
[0/79]	0.1575 (0.1575)	0.1148 (0.1148)	0.117 (0.117)	96.88 (96.88)
[78/79]	0.0246 (0.0352)	0.0002 (0.0024)	0.639 (0.162)	81.25 (94.64)
 * Train Acc 94.640
 * Val Acc 75.950, Total time 0.31
Epoch:55
LR: 0.001
Itr		Time		  Data		  Loss		Acc
[0/79]	0.1588 (0.1588)	0.1150 (0.1150)	0.143 (0.143)	94.53 (94.53)
[78/79]	0.0301 (0.0373)	0.0002 (0.0025)	0.083 (0.157)	100.00 (94.46)
 * Train Acc 94.460
 * Val Acc 73.400, Total time 0.29
Epoch:56
LR: 0.001
Itr		Time		  Data		  Loss		Acc
[0/79]	0.1631 (0.1631)	0.1230 (0.1230)	0.057 (0.057)	99.22 (99.22)
[78/79]	0.0300 (0.0358)	0.0002 (0.0026)	0.009 (0.124)	100.00 (95.87)
 * Train Acc 95.870
 * Val Acc 73.750, Total time 0.29
Epoch:57
LR: 0.001
Itr		Time		  Data		  Loss		Acc
[0/79]	0.1574 (0.1574)	0.1153 (0.1153)	0.133 (0.133)	94.53 (94.53)
[78/79]	0.0238 (0.0348)	0.0002 (0.0024)	0.392 (0.121)	87.50 (96.08)
 * Train Acc 96.080
 * Val Acc 72.900, Total time 0.26
Epoch:58
LR: 0.001
Itr		Time		  Data		  Loss		Acc
[0/79]	0.1591 (0.1591)	0.1198 (0.1198)	0.080 (0.080)	98.44 (98.44)
[78/79]	0.0246 (0.0348)	0.0002 (0.0025)	0.250 (0.177)	87.50 (94.22)
 * Train Acc 94.220
 * Val Acc 76.450, Total time 0.28
Epoch:59
LR: 0.001
Itr		Time		  Data		  Loss		Acc
[0/79]	0.1704 (0.1704)	0.1288 (0.1288)	0.123 (0.123)	95.31 (95.31)
[78/79]	0.0302 (0.0373)	0.0002 (0.0028)	0.094 (0.166)	100.00 (94.54)
 * Train Acc 94.540
 * Val Acc 76.650, Total time 0.27
Epoch:60
LR: 0.001
Itr		Time		  Data		  Loss		Acc
[0/79]	0.1611 (0.1611)	0.1182 (0.1182)	0.066 (0.066)	96.88 (96.88)
[78/79]	0.0299 (0.0373)	0.0002 (0.0025)	0.730 (0.118)	68.75 (96.05)
 * Train Acc 96.050
 * Val Acc 74.700, Total time 0.28
Epoch:61
LR: 0.001
Itr		Time		  Data		  Loss		Acc
[0/79]	0.1530 (0.1530)	0.1109 (0.1109)	0.129 (0.129)	94.53 (94.53)
[78/79]	0.0237 (0.0347)	0.0002 (0.0023)	0.201 (0.202)	93.75 (93.58)
 * Train Acc 93.580
 * Val Acc 76.000, Total time 0.26
Epoch:62
LR: 0.001
Itr		Time		  Data		  Loss		Acc
[0/79]	0.1705 (0.1705)	0.1293 (0.1293)	0.175 (0.175)	93.75 (93.75)
[78/79]	0.0306 (0.0372)	0.0002 (0.0027)	0.092 (0.123)	100.00 (95.84)
 * Train Acc 95.840
 * Val Acc 76.100, Total time 0.31
Epoch:63
LR: 0.001
Itr		Time		  Data		  Loss		Acc
[0/79]	0.1558 (0.1558)	0.1147 (0.1147)	0.051 (0.051)	98.44 (98.44)
[78/79]	0.0301 (0.0371)	0.0002 (0.0024)	0.160 (0.083)	93.75 (97.14)
 * Train Acc 97.140
 * Val Acc 77.200, Total time 0.29
Epoch:64
LR: 0.001
Itr		Time		  Data		  Loss		Acc
[0/79]	0.1571 (0.1571)	0.1169 (0.1169)	0.046 (0.046)	98.44 (98.44)
[78/79]	0.0301 (0.0363)	0.0002 (0.0024)	0.405 (0.092)	93.75 (96.92)
 * Train Acc 96.920
 * Val Acc 75.500, Total time 0.29
Epoch:65
LR: 0.001
Itr		Time		  Data		  Loss		Acc
[0/79]	0.1676 (0.1676)	0.1264 (0.1264)	0.073 (0.073)	98.44 (98.44)
[78/79]	0.0305 (0.0374)	0.0002 (0.0026)	0.153 (0.097)	93.75 (96.76)
 * Train Acc 96.760
 * Val Acc 77.250, Total time 0.29
Epoch:66
LR: 0.001
Itr		Time		  Data		  Loss		Acc
[0/79]	0.1506 (0.1506)	0.1100 (0.1100)	0.039 (0.039)	98.44 (98.44)
[78/79]	0.0301 (0.0353)	0.0002 (0.0024)	0.558 (0.131)	87.50 (95.44)
 * Train Acc 95.440
 * Val Acc 74.600, Total time 0.30
Epoch:67
LR: 0.001
Itr		Time		  Data		  Loss		Acc
[0/79]	0.1810 (0.1810)	0.1408 (0.1408)	0.146 (0.146)	95.31 (95.31)
[78/79]	0.0304 (0.0368)	0.0002 (0.0029)	0.134 (0.172)	93.75 (94.45)
 * Train Acc 94.450
 * Val Acc 76.300, Total time 0.31
Epoch:68
LR: 0.001
Itr		Time		  Data		  Loss		Acc
[0/79]	0.1560 (0.1560)	0.1167 (0.1167)	0.123 (0.123)	96.09 (96.09)
[78/79]	0.0301 (0.0364)	0.0002 (0.0025)	0.103 (0.119)	100.00 (96.10)
 * Train Acc 96.100
 * Val Acc 76.200, Total time 0.30
Epoch:69
LR: 0.001
Itr		Time		  Data		  Loss		Acc
[0/79]	0.1598 (0.1598)	0.1202 (0.1202)	0.073 (0.073)	97.66 (97.66)
[78/79]	0.0318 (0.0354)	0.0002 (0.0025)	0.478 (0.089)	81.25 (97.17)
 * Train Acc 97.170
 * Val Acc 75.450, Total time 0.26
Epoch:70
LR: 0.001
Itr		Time		  Data		  Loss		Acc
[0/79]	0.1581 (0.1581)	0.1186 (0.1186)	0.041 (0.041)	98.44 (98.44)
[78/79]	0.0299 (0.0347)	0.0002 (0.0024)	0.348 (0.148)	93.75 (95.21)
 * Train Acc 95.210
 * Val Acc 75.300, Total time 0.27
Epoch:71
LR: 0.001
Itr		Time		  Data		  Loss		Acc
[0/79]	0.1647 (0.1647)	0.1250 (0.1250)	0.064 (0.064)	96.88 (96.88)
[78/79]	0.0305 (0.0361)	0.0002 (0.0025)	0.505 (0.139)	87.50 (95.48)
 * Train Acc 95.480
 * Val Acc 77.450, Total time 0.28
Epoch:72
LR: 0.001
Itr		Time		  Data		  Loss		Acc
[0/79]	0.1594 (0.1594)	0.1190 (0.1190)	0.072 (0.072)	96.88 (96.88)
[78/79]	0.0238 (0.0349)	0.0002 (0.0024)	0.042 (0.122)	100.00 (95.84)
 * Train Acc 95.840
 * Val Acc 78.300, Total time 0.27
Epoch:73
LR: 0.001
Itr		Time		  Data		  Loss		Acc
[0/79]	0.1598 (0.1598)	0.1209 (0.1209)	0.029 (0.029)	99.22 (99.22)
[78/79]	0.0302 (0.0348)	0.0002 (0.0025)	0.074 (0.066)	100.00 (97.99)
 * Train Acc 97.990
 * Val Acc 76.950, Total time 0.27
Epoch:74
LR: 0.001
Itr		Time		  Data		  Loss		Acc
[0/79]	0.1656 (0.1656)	0.1262 (0.1262)	0.013 (0.013)	100.00 (100.00)
[78/79]	0.0250 (0.0353)	0.0002 (0.0025)	0.586 (0.060)	68.75 (98.04)
 * Train Acc 98.040
 * Val Acc 77.700, Total time 0.27
Epoch:75
LR: 0.001
Itr		Time		  Data		  Loss		Acc
[0/79]	0.1759 (0.1759)	0.1357 (0.1357)	0.048 (0.048)	100.00 (100.00)
[78/79]	0.0302 (0.0364)	0.0002 (0.0027)	0.029 (0.134)	100.00 (95.67)
 * Train Acc 95.670
 * Val Acc 76.900, Total time 0.28
Epoch:76
LR: 0.001
Itr		Time		  Data		  Loss		Acc
[0/79]	0.1572 (0.1572)	0.1159 (0.1159)	0.142 (0.142)	93.75 (93.75)
[78/79]	0.0240 (0.0352)	0.0002 (0.0026)	0.117 (0.086)	93.75 (97.22)
 * Train Acc 97.220
 * Val Acc 77.150, Total time 0.27
Epoch:77
LR: 0.001
Itr		Time		  Data		  Loss		Acc
[0/79]	0.1589 (0.1589)	0.1191 (0.1191)	0.027 (0.027)	99.22 (99.22)
[78/79]	0.0302 (0.0369)	0.0002 (0.0025)	0.641 (0.070)	81.25 (97.65)
 * Train Acc 97.650
 * Val Acc 77.800, Total time 0.29
Epoch:78
LR: 0.001
Itr		Time		  Data		  Loss		Acc
[0/79]	0.1555 (0.1555)	0.1164 (0.1164)	0.057 (0.057)	97.66 (97.66)
[78/79]	0.0302 (0.0360)	0.0002 (0.0025)	0.201 (0.144)	93.75 (95.51)
 * Train Acc 95.510
 * Val Acc 75.700, Total time 0.27
Epoch:79
LR: 0.001
Itr		Time		  Data		  Loss		Acc
[0/79]	0.1602 (0.1602)	0.1190 (0.1190)	0.033 (0.033)	99.22 (99.22)
[78/79]	0.0304 (0.0361)	0.0002 (0.0025)	0.386 (0.117)	93.75 (96.34)
 * Train Acc 96.340
 * Val Acc 77.100, Total time 0.27
Epoch:80
LR: 0.0001
Itr		Time		  Data		  Loss		Acc
[0/79]	0.1576 (0.1576)	0.1175 (0.1175)	0.067 (0.067)	96.09 (96.09)
[78/79]	0.0241 (0.0351)	0.0002 (0.0025)	0.144 (0.044)	93.75 (98.60)
 * Train Acc 98.600
 * Val Acc 79.750, Total time 0.27
Epoch:81
LR: 0.0001
Itr		Time		  Data		  Loss		Acc
[0/79]	0.1604 (0.1604)	0.1180 (0.1180)	0.008 (0.008)	100.00 (100.00)
[78/79]	0.0300 (0.0352)	0.0002 (0.0024)	0.045 (0.029)	100.00 (99.28)
 * Train Acc 99.280
 * Val Acc 80.100, Total time 0.27
Epoch:82
LR: 0.0001
Itr		Time		  Data		  Loss		Acc
[0/79]	0.1622 (0.1622)	0.1214 (0.1214)	0.017 (0.017)	100.00 (100.00)
[78/79]	0.0234 (0.0349)	0.0002 (0.0025)	0.030 (0.023)	100.00 (99.50)
 * Train Acc 99.500
 * Val Acc 80.650, Total time 0.28
Epoch:83
LR: 0.0001
Itr		Time		  Data		  Loss		Acc
[0/79]	0.1579 (0.1579)	0.1170 (0.1170)	0.009 (0.009)	100.00 (100.00)
[78/79]	0.0321 (0.0355)	0.0002 (0.0025)	0.057 (0.020)	100.00 (99.58)
 * Train Acc 99.580
 * Val Acc 80.650, Total time 0.28
Epoch:84
LR: 0.0001
Itr		Time		  Data		  Loss		Acc
[0/79]	0.1609 (0.1609)	0.1200 (0.1200)	0.018 (0.018)	99.22 (99.22)
[78/79]	0.0255 (0.0351)	0.0002 (0.0025)	0.326 (0.018)	93.75 (99.68)
 * Train Acc 99.680
 * Val Acc 79.900, Total time 0.27
Epoch:85
LR: 0.0001
Itr		Time		  Data		  Loss		Acc
[0/79]	0.1627 (0.1627)	0.1226 (0.1226)	0.021 (0.021)	99.22 (99.22)
[78/79]	0.0237 (0.0349)	0.0002 (0.0025)	0.192 (0.018)	93.75 (99.57)
 * Train Acc 99.570
 * Val Acc 80.450, Total time 0.27
Epoch:86
LR: 0.0001
Itr		Time		  Data		  Loss		Acc
[0/79]	0.1598 (0.1598)	0.1174 (0.1174)	0.017 (0.017)	99.22 (99.22)
[78/79]	0.0301 (0.0372)	0.0002 (0.0025)	0.192 (0.017)	93.75 (99.68)
 * Train Acc 99.680
 * Val Acc 80.300, Total time 0.27
Epoch:87
LR: 0.0001
Itr		Time		  Data		  Loss		Acc
[0/79]	0.1564 (0.1564)	0.1131 (0.1131)	0.013 (0.013)	100.00 (100.00)
[78/79]	0.0302 (0.0356)	0.0002 (0.0024)	0.271 (0.018)	87.50 (99.69)
 * Train Acc 99.690
 * Val Acc 80.500, Total time 0.29
Epoch:88
LR: 0.0001
Itr		Time		  Data		  Loss		Acc
[0/79]	0.1745 (0.1745)	0.1356 (0.1356)	0.020 (0.020)	99.22 (99.22)
[78/79]	0.0301 (0.0373)	0.0002 (0.0027)	0.004 (0.016)	100.00 (99.64)
 * Train Acc 99.640
 * Val Acc 80.900, Total time 0.29
Epoch:89
LR: 0.0001
Itr		Time		  Data		  Loss		Acc
[0/79]	0.1512 (0.1512)	0.1105 (0.1105)	0.010 (0.010)	99.22 (99.22)
[78/79]	0.0241 (0.0349)	0.0002 (0.0024)	0.052 (0.015)	100.00 (99.72)
 * Train Acc 99.720
 * Val Acc 80.750, Total time 0.26
Epoch:90
LR: 0.0001
Itr		Time		  Data		  Loss		Acc
[0/79]	0.1637 (0.1637)	0.1236 (0.1236)	0.013 (0.013)	99.22 (99.22)
[78/79]	0.0307 (0.0372)	0.0002 (0.0025)	0.147 (0.012)	87.50 (99.82)
 * Train Acc 99.820
 * Val Acc 80.950, Total time 0.27
Epoch:91
LR: 0.0001
Itr		Time		  Data		  Loss		Acc
[0/79]	0.1616 (0.1616)	0.1196 (0.1196)	0.018 (0.018)	100.00 (100.00)
[78/79]	0.0303 (0.0366)	0.0002 (0.0025)	0.011 (0.014)	100.00 (99.74)
 * Train Acc 99.740
 * Val Acc 80.300, Total time 0.32
Epoch:92
LR: 0.0001
Itr		Time		  Data		  Loss		Acc
[0/79]	0.1696 (0.1696)	0.1289 (0.1289)	0.019 (0.019)	99.22 (99.22)
[78/79]	0.0242 (0.0350)	0.0002 (0.0026)	0.598 (0.012)	81.25 (99.80)
 * Train Acc 99.800
 * Val Acc 80.150, Total time 0.27
Epoch:93
LR: 0.0001
Itr		Time		  Data		  Loss		Acc
[0/79]	0.1599 (0.1599)	0.1207 (0.1207)	0.010 (0.010)	100.00 (100.00)
[78/79]	0.0247 (0.0356)	0.0002 (0.0025)	0.140 (0.015)	87.50 (99.72)
 * Train Acc 99.720
 * Val Acc 80.350, Total time 0.29
Epoch:94
LR: 0.0001
Itr		Time		  Data		  Loss		Acc
[0/79]	0.1590 (0.1590)	0.1187 (0.1187)	0.012 (0.012)	100.00 (100.00)
[78/79]	0.0304 (0.0373)	0.0002 (0.0025)	0.057 (0.012)	100.00 (99.83)
 * Train Acc 99.830
 * Val Acc 80.750, Total time 0.28
Epoch:95
LR: 0.0001
Itr		Time		  Data		  Loss		Acc
[0/79]	0.1599 (0.1599)	0.1200 (0.1200)	0.006 (0.006)	100.00 (100.00)
[78/79]	0.0300 (0.0362)	0.0002 (0.0025)	0.083 (0.012)	100.00 (99.78)
 * Train Acc 99.780
 * Val Acc 80.650, Total time 0.29
Epoch:96
LR: 0.0001
Itr		Time		  Data		  Loss		Acc
[0/79]	0.1572 (0.1572)	0.1166 (0.1166)	0.012 (0.012)	100.00 (100.00)
[78/79]	0.0238 (0.0349)	0.0002 (0.0024)	0.061 (0.010)	100.00 (99.88)
 * Train Acc 99.880
 * Val Acc 80.650, Total time 0.27
Epoch:97
LR: 0.0001
Itr		Time		  Data		  Loss		Acc
[0/79]	0.1620 (0.1620)	0.1219 (0.1219)	0.016 (0.016)	100.00 (100.00)
[78/79]	0.0305 (0.0364)	0.0002 (0.0025)	0.007 (0.010)	100.00 (99.86)
 * Train Acc 99.860
 * Val Acc 81.150, Total time 0.29
Epoch:98
LR: 0.0001
Itr		Time		  Data		  Loss		Acc
[0/79]	0.1579 (0.1579)	0.1180 (0.1180)	0.006 (0.006)	100.00 (100.00)
[78/79]	0.0247 (0.0352)	0.0002 (0.0026)	0.047 (0.010)	100.00 (99.85)
 * Train Acc 99.850
 * Val Acc 80.650, Total time 0.27
Epoch:99
LR: 0.0001
Itr		Time		  Data		  Loss		Acc
[0/79]	0.1612 (0.1612)	0.1205 (0.1205)	0.005 (0.005)	100.00 (100.00)
[78/79]	0.0305 (0.0361)	0.0002 (0.0025)	0.000 (0.009)	100.00 (99.86)
 * Train Acc 99.860
 * Val Acc 80.500, Total time 0.27
Epoch:100
LR: 0.0001
Itr		Time		  Data		  Loss		Acc
[0/79]	0.1605 (0.1605)	0.1198 (0.1198)	0.011 (0.011)	100.00 (100.00)
[78/79]	0.0249 (0.0349)	0.0002 (0.0024)	0.046 (0.010)	100.00 (99.80)
 * Train Acc 99.800
 * Val Acc 80.700, Total time 0.27
Epoch:101
LR: 0.0001
Itr		Time		  Data		  Loss		Acc
[0/79]	0.1686 (0.1686)	0.1281 (0.1281)	0.015 (0.015)	99.22 (99.22)
[78/79]	0.0304 (0.0374)	0.0002 (0.0027)	0.090 (0.009)	93.75 (99.84)
 * Train Acc 99.840
 * Val Acc 80.450, Total time 0.29
Epoch:102
LR: 0.0001
Itr		Time		  Data		  Loss		Acc
[0/79]	0.1616 (0.1616)	0.1209 (0.1209)	0.010 (0.010)	100.00 (100.00)
[78/79]	0.0303 (0.0353)	0.0002 (0.0025)	0.112 (0.009)	100.00 (99.90)
 * Train Acc 99.900
 * Val Acc 80.600, Total time 0.29
Epoch:103
LR: 0.0001
Itr		Time		  Data		  Loss		Acc
[0/79]	0.1580 (0.1580)	0.1143 (0.1143)	0.009 (0.009)	100.00 (100.00)
[78/79]	0.0305 (0.0372)	0.0002 (0.0024)	0.297 (0.010)	93.75 (99.86)
 * Train Acc 99.860
 * Val Acc 80.650, Total time 0.29
Epoch:104
LR: 0.0001
Itr		Time		  Data		  Loss		Acc
[0/79]	0.1589 (0.1589)	0.1193 (0.1193)	0.007 (0.007)	100.00 (100.00)
[78/79]	0.0304 (0.0358)	0.0002 (0.0024)	0.272 (0.012)	87.50 (99.82)
 * Train Acc 99.820
 * Val Acc 80.500, Total time 0.28
Epoch:105
LR: 0.0001
Itr		Time		  Data		  Loss		Acc
[0/79]	0.1527 (0.1527)	0.1120 (0.1120)	0.008 (0.008)	100.00 (100.00)
[78/79]	0.0248 (0.0347)	0.0002 (0.0023)	0.045 (0.013)	100.00 (99.70)
 * Train Acc 99.700
 * Val Acc 80.600, Total time 0.27
Epoch:106
LR: 0.0001
Itr		Time		  Data		  Loss		Acc
[0/79]	0.1581 (0.1581)	0.1159 (0.1159)	0.005 (0.005)	100.00 (100.00)
[78/79]	0.0247 (0.0353)	0.0002 (0.0025)	0.119 (0.009)	100.00 (99.88)
 * Train Acc 99.880
 * Val Acc 80.550, Total time 0.27
Epoch:107
LR: 0.0001
Itr		Time		  Data		  Loss		Acc
[0/79]	0.1646 (0.1646)	0.1250 (0.1250)	0.003 (0.003)	100.00 (100.00)
[78/79]	0.0306 (0.0362)	0.0002 (0.0025)	0.405 (0.008)	87.50 (99.84)
 * Train Acc 99.840
 * Val Acc 80.900, Total time 0.31
Epoch:108
LR: 0.0001
Itr		Time		  Data		  Loss		Acc
[0/79]	0.1583 (0.1583)	0.1192 (0.1192)	0.013 (0.013)	99.22 (99.22)
[78/79]	0.0243 (0.0351)	0.0002 (0.0024)	0.036 (0.011)	100.00 (99.75)
 * Train Acc 99.750
 * Val Acc 80.600, Total time 0.26
Epoch:109
LR: 0.0001
Itr		Time		  Data		  Loss		Acc
[0/79]	0.1634 (0.1634)	0.1216 (0.1216)	0.010 (0.010)	100.00 (100.00)
[78/79]	0.0304 (0.0371)	0.0002 (0.0025)	0.006 (0.008)	100.00 (99.89)
 * Train Acc 99.890
 * Val Acc 80.700, Total time 0.29
Epoch:110
LR: 0.0001
Itr		Time		  Data		  Loss		Acc
[0/79]	0.1606 (0.1606)	0.1196 (0.1196)	0.015 (0.015)	100.00 (100.00)
[78/79]	0.0242 (0.0352)	0.0002 (0.0025)	0.059 (0.008)	100.00 (99.88)
 * Train Acc 99.880
 * Val Acc 81.000, Total time 0.27
Epoch:111
LR: 0.0001
Itr		Time		  Data		  Loss		Acc
[0/79]	0.1575 (0.1575)	0.1154 (0.1154)	0.003 (0.003)	100.00 (100.00)
[78/79]	0.0245 (0.0353)	0.0002 (0.0024)	0.016 (0.006)	100.00 (99.96)
 * Train Acc 99.960
 * Val Acc 81.050, Total time 0.27
Epoch:112
LR: 0.0001
Itr		Time		  Data		  Loss		Acc
[0/79]	0.1598 (0.1598)	0.1180 (0.1180)	0.006 (0.006)	100.00 (100.00)
[78/79]	0.0246 (0.0354)	0.0002 (0.0025)	0.094 (0.007)	100.00 (99.92)
 * Train Acc 99.920
 * Val Acc 81.000, Total time 0.28
Epoch:113
LR: 0.0001
Itr		Time		  Data		  Loss		Acc
[0/79]	0.1705 (0.1705)	0.1307 (0.1307)	0.003 (0.003)	100.00 (100.00)
[78/79]	0.0247 (0.0351)	0.0002 (0.0028)	0.054 (0.007)	100.00 (99.93)
 * Train Acc 99.930
 * Val Acc 81.500, Total time 0.28
Epoch:114
LR: 0.0001
Itr		Time		  Data		  Loss		Acc
[0/79]	0.1585 (0.1585)	0.1183 (0.1183)	0.003 (0.003)	100.00 (100.00)
[78/79]	0.0248 (0.0360)	0.0002 (0.0026)	0.012 (0.007)	100.00 (99.89)
 * Train Acc 99.890
 * Val Acc 81.150, Total time 0.30
Epoch:115
LR: 0.0001
Itr		Time		  Data		  Loss		Acc
[0/79]	0.1531 (0.1531)	0.1134 (0.1134)	0.009 (0.009)	100.00 (100.00)
[78/79]	0.0304 (0.0349)	0.0002 (0.0024)	0.014 (0.007)	100.00 (99.90)
 * Train Acc 99.900
 * Val Acc 81.100, Total time 0.27
Epoch:116
LR: 0.0001
Itr		Time		  Data		  Loss		Acc
[0/79]	0.1561 (0.1561)	0.1139 (0.1139)	0.004 (0.004)	100.00 (100.00)
[78/79]	0.0244 (0.0356)	0.0002 (0.0027)	0.043 (0.007)	100.00 (99.86)
 * Train Acc 99.860
 * Val Acc 81.300, Total time 0.30
Epoch:117
LR: 0.0001
Itr		Time		  Data		  Loss		Acc
[0/79]	0.1539 (0.1539)	0.1142 (0.1142)	0.003 (0.003)	100.00 (100.00)
[78/79]	0.0252 (0.0349)	0.0002 (0.0025)	0.154 (0.005)	93.75 (99.94)
 * Train Acc 99.940
 * Val Acc 81.200, Total time 0.28
Epoch:118
LR: 0.0001
Itr		Time		  Data		  Loss		Acc
[0/79]	0.1673 (0.1673)	0.1218 (0.1218)	0.002 (0.002)	100.00 (100.00)
[78/79]	0.0306 (0.0374)	0.0002 (0.0025)	0.110 (0.007)	93.75 (99.87)
 * Train Acc 99.870
 * Val Acc 81.250, Total time 0.29
Epoch:119
LR: 0.0001
Itr		Time		  Data		  Loss		Acc
[0/79]	0.1601 (0.1601)	0.1194 (0.1194)	0.006 (0.006)	100.00 (100.00)
[78/79]	0.0305 (0.0375)	0.0002 (0.0027)	0.003 (0.007)	100.00 (99.91)
 * Train Acc 99.910
 * Val Acc 80.750, Total time 0.29
Epoch:120
LR: 1.0000000000000003e-05
Itr		Time		  Data		  Loss		Acc
[0/79]	0.1550 (0.1550)	0.1126 (0.1126)	0.004 (0.004)	100.00 (100.00)
[78/79]	0.0239 (0.0348)	0.0002 (0.0023)	0.074 (0.006)	100.00 (99.92)
 * Train Acc 99.920
 * Val Acc 80.750, Total time 0.27
Epoch:121
LR: 1.0000000000000003e-05
Itr		Time		  Data		  Loss		Acc
[0/79]	0.1595 (0.1595)	0.1190 (0.1190)	0.003 (0.003)	100.00 (100.00)
[78/79]	0.0305 (0.0357)	0.0002 (0.0025)	0.037 (0.007)	100.00 (99.88)
 * Train Acc 99.880
 * Val Acc 80.900, Total time 0.29
Epoch:122
LR: 1.0000000000000003e-05
Itr		Time		  Data		  Loss		Acc
[0/79]	0.1619 (0.1619)	0.1182 (0.1182)	0.004 (0.004)	100.00 (100.00)
[78/79]	0.0305 (0.0378)	0.0002 (0.0030)	0.001 (0.006)	100.00 (99.96)
 * Train Acc 99.960
 * Val Acc 80.950, Total time 0.29
Epoch:123
LR: 1.0000000000000003e-05
Itr		Time		  Data		  Loss		Acc
[0/79]	0.1546 (0.1546)	0.1160 (0.1160)	0.005 (0.005)	100.00 (100.00)
[78/79]	0.0334 (0.0369)	0.0002 (0.0027)	0.258 (0.006)	93.75 (99.94)
 * Train Acc 99.940
 * Val Acc 81.000, Total time 0.26
Epoch:124
LR: 1.0000000000000003e-05
Itr		Time		  Data		  Loss		Acc
[0/79]	0.1581 (0.1581)	0.1183 (0.1183)	0.006 (0.006)	100.00 (100.00)
[78/79]	0.0236 (0.0347)	0.0002 (0.0024)	0.522 (0.006)	81.25 (99.92)
 * Train Acc 99.920
 * Val Acc 80.700, Total time 0.26
Epoch:125
LR: 1.0000000000000003e-05
Itr		Time		  Data		  Loss		Acc
[0/79]	0.1605 (0.1605)	0.1172 (0.1172)	0.014 (0.014)	100.00 (100.00)
[78/79]	0.0238 (0.0348)	0.0002 (0.0024)	0.136 (0.005)	93.75 (99.95)
 * Train Acc 99.950
 * Val Acc 81.300, Total time 0.27
Epoch:126
LR: 1.0000000000000003e-05
Itr		Time		  Data		  Loss		Acc
[0/79]	0.1657 (0.1657)	0.1190 (0.1190)	0.002 (0.002)	100.00 (100.00)
[78/79]	0.0303 (0.0374)	0.0002 (0.0025)	0.055 (0.005)	100.00 (99.95)
 * Train Acc 99.950
 * Val Acc 80.850, Total time 0.27
Epoch:127
LR: 1.0000000000000003e-05
Itr		Time		  Data		  Loss		Acc
[0/79]	0.1583 (0.1583)	0.1179 (0.1179)	0.003 (0.003)	100.00 (100.00)
[78/79]	0.0242 (0.0350)	0.0002 (0.0024)	0.224 (0.006)	93.75 (99.92)
 * Train Acc 99.920
 * Val Acc 81.100, Total time 0.27
Epoch:128
LR: 1.0000000000000003e-05
Itr		Time		  Data		  Loss		Acc
[0/79]	0.1583 (0.1583)	0.1166 (0.1166)	0.003 (0.003)	100.00 (100.00)
[78/79]	0.0237 (0.0348)	0.0002 (0.0024)	0.007 (0.006)	100.00 (99.94)
 * Train Acc 99.940
 * Val Acc 81.000, Total time 0.26
Epoch:129
LR: 1.0000000000000003e-05
Itr		Time		  Data		  Loss		Acc
[0/79]	0.1581 (0.1581)	0.1156 (0.1156)	0.006 (0.006)	100.00 (100.00)
[78/79]	0.0239 (0.0348)	0.0002 (0.0024)	0.048 (0.006)	100.00 (99.92)
 * Train Acc 99.920
 * Val Acc 81.300, Total time 0.30
Epoch:130
LR: 1.0000000000000003e-05
Itr		Time		  Data		  Loss		Acc
[0/79]	0.1593 (0.1593)	0.1182 (0.1182)	0.004 (0.004)	100.00 (100.00)
[78/79]	0.0248 (0.0352)	0.0002 (0.0025)	0.010 (0.005)	100.00 (99.96)
 * Train Acc 99.960
 * Val Acc 81.100, Total time 0.27
Epoch:131
LR: 1.0000000000000003e-05
Itr		Time		  Data		  Loss		Acc
[0/79]	0.1597 (0.1597)	0.1189 (0.1189)	0.006 (0.006)	100.00 (100.00)
[78/79]	0.0304 (0.0362)	0.0002 (0.0025)	0.038 (0.005)	100.00 (99.96)
 * Train Acc 99.960
 * Val Acc 81.100, Total time 0.28
Epoch:132
LR: 1.0000000000000003e-05
Itr		Time		  Data		  Loss		Acc
[0/79]	0.1588 (0.1588)	0.1168 (0.1168)	0.003 (0.003)	100.00 (100.00)
[78/79]	0.0242 (0.0348)	0.0002 (0.0024)	0.291 (0.005)	81.25 (99.91)
 * Train Acc 99.910
 * Val Acc 80.900, Total time 0.26
Epoch:133
LR: 1.0000000000000003e-05
Itr		Time		  Data		  Loss		Acc
[0/79]	0.1510 (0.1510)	0.1109 (0.1109)	0.002 (0.002)	100.00 (100.00)
[78/79]	0.0251 (0.0353)	0.0002 (0.0024)	0.052 (0.005)	100.00 (99.93)
 * Train Acc 99.930
 * Val Acc 80.950, Total time 0.28
Epoch:134
LR: 1.0000000000000003e-05
Itr		Time		  Data		  Loss		Acc
[0/79]	0.1629 (0.1629)	0.1183 (0.1183)	0.021 (0.021)	99.22 (99.22)
[78/79]	0.0304 (0.0377)	0.0002 (0.0028)	0.049 (0.004)	100.00 (99.96)
 * Train Acc 99.960
 * Val Acc 81.100, Total time 0.28
Epoch:135
LR: 1.0000000000000003e-05
Itr		Time		  Data		  Loss		Acc
[0/79]	0.1576 (0.1576)	0.1166 (0.1166)	0.009 (0.009)	100.00 (100.00)
[78/79]	0.0303 (0.0368)	0.0002 (0.0025)	0.073 (0.005)	100.00 (99.96)
 * Train Acc 99.960
 * Val Acc 81.050, Total time 0.27
Epoch:136
LR: 1.0000000000000003e-05
Itr		Time		  Data		  Loss		Acc
[0/79]	0.1593 (0.1593)	0.1145 (0.1145)	0.005 (0.005)	100.00 (100.00)
[78/79]	0.0307 (0.0373)	0.0002 (0.0024)	0.070 (0.005)	100.00 (99.99)
 * Train Acc 99.990
 * Val Acc 80.800, Total time 0.29
Epoch:137
LR: 1.0000000000000003e-05
Itr		Time		  Data		  Loss		Acc
[0/79]	0.1624 (0.1624)	0.1210 (0.1210)	0.004 (0.004)	100.00 (100.00)
[78/79]	0.0308 (0.0363)	0.0002 (0.0027)	0.042 (0.004)	100.00 (100.00)
 * Train Acc 100.000
 * Val Acc 80.900, Total time 0.29
Epoch:138
LR: 1.0000000000000003e-05
Itr		Time		  Data		  Loss		Acc
[0/79]	0.1580 (0.1580)	0.1182 (0.1182)	0.002 (0.002)	100.00 (100.00)
[78/79]	0.0242 (0.0350)	0.0002 (0.0024)	0.027 (0.004)	100.00 (99.99)
 * Train Acc 99.990
 * Val Acc 80.700, Total time 0.27
Epoch:139
LR: 1.0000000000000003e-05
Itr		Time		  Data		  Loss		Acc
[0/79]	0.1572 (0.1572)	0.1156 (0.1156)	0.003 (0.003)	100.00 (100.00)
[78/79]	0.0303 (0.0365)	0.0002 (0.0025)	0.015 (0.006)	100.00 (99.94)
 * Train Acc 99.940
 * Val Acc 81.200, Total time 0.29
Epoch:140
LR: 1.0000000000000003e-05
Itr		Time		  Data		  Loss		Acc
[0/79]	0.1594 (0.1594)	0.1178 (0.1178)	0.008 (0.008)	100.00 (100.00)
[78/79]	0.0304 (0.0366)	0.0002 (0.0025)	0.325 (0.005)	87.50 (99.98)
 * Train Acc 99.980
 * Val Acc 81.100, Total time 0.29
Epoch:141
LR: 1.0000000000000003e-05
Itr		Time		  Data		  Loss		Acc
[0/79]	0.1589 (0.1589)	0.1195 (0.1195)	0.005 (0.005)	100.00 (100.00)
[78/79]	0.0314 (0.0356)	0.0002 (0.0026)	0.004 (0.005)	100.00 (99.95)
 * Train Acc 99.950
 * Val Acc 81.100, Total time 0.30
Epoch:142
LR: 1.0000000000000003e-05
Itr		Time		  Data		  Loss		Acc
[0/79]	0.1635 (0.1635)	0.1210 (0.1210)	0.014 (0.014)	100.00 (100.00)
[78/79]	0.0241 (0.0350)	0.0002 (0.0026)	0.112 (0.005)	100.00 (99.95)
 * Train Acc 99.950
 * Val Acc 80.650, Total time 0.27
Epoch:143
LR: 1.0000000000000003e-05
Itr		Time		  Data		  Loss		Acc
[0/79]	0.1723 (0.1723)	0.1322 (0.1322)	0.006 (0.006)	100.00 (100.00)
[78/79]	0.0306 (0.0365)	0.0002 (0.0027)	0.027 (0.004)	100.00 (100.00)
 * Train Acc 100.000
 * Val Acc 80.900, Total time 0.29
Epoch:144
LR: 1.0000000000000003e-05
Itr		Time		  Data		  Loss		Acc
[0/79]	0.1611 (0.1611)	0.1191 (0.1191)	0.004 (0.004)	100.00 (100.00)
[78/79]	0.0308 (0.0356)	0.0002 (0.0025)	0.303 (0.005)	87.50 (99.94)
 * Train Acc 99.940
 * Val Acc 81.150, Total time 0.27
Epoch:145
LR: 1.0000000000000003e-05
Itr		Time		  Data		  Loss		Acc
[0/79]	0.1663 (0.1663)	0.1212 (0.1212)	0.006 (0.006)	100.00 (100.00)
[78/79]	0.0307 (0.0374)	0.0002 (0.0025)	0.052 (0.004)	100.00 (99.96)
 * Train Acc 99.960
 * Val Acc 80.800, Total time 0.29
Epoch:146
LR: 1.0000000000000003e-05
Itr		Time		  Data		  Loss		Acc
[0/79]	0.1507 (0.1507)	0.1109 (0.1109)	0.012 (0.012)	99.22 (99.22)
[78/79]	0.0306 (0.0351)	0.0002 (0.0024)	0.117 (0.005)	93.75 (99.94)
 * Train Acc 99.940
 * Val Acc 80.850, Total time 0.27
Epoch:147
LR: 1.0000000000000003e-05
Itr		Time		  Data		  Loss		Acc
[0/79]	0.1596 (0.1596)	0.1194 (0.1194)	0.003 (0.003)	100.00 (100.00)
[78/79]	0.0250 (0.0346)	0.0002 (0.0024)	0.010 (0.005)	100.00 (99.97)
 * Train Acc 99.970
 * Val Acc 80.950, Total time 0.27
Epoch:148
LR: 1.0000000000000003e-05
Itr		Time		  Data		  Loss		Acc
[0/79]	0.1624 (0.1624)	0.1218 (0.1218)	0.002 (0.002)	100.00 (100.00)
[78/79]	0.0241 (0.0351)	0.0002 (0.0027)	0.020 (0.004)	100.00 (99.95)
 * Train Acc 99.950
 * Val Acc 81.000, Total time 0.27
Epoch:149
LR: 1.0000000000000003e-05
Itr		Time		  Data		  Loss		Acc
[0/79]	0.1611 (0.1611)	0.1199 (0.1199)	0.003 (0.003)	100.00 (100.00)
[78/79]	0.0251 (0.0355)	0.0002 (0.0027)	0.014 (0.004)	100.00 (99.97)
 * Train Acc 99.970
 * Val Acc 81.100, Total time 0.28
Epoch:150
LR: 1.0000000000000003e-05
Itr		Time		  Data		  Loss		Acc
[0/79]	0.1749 (0.1749)	0.1349 (0.1349)	0.002 (0.002)	100.00 (100.00)
[78/79]	0.0243 (0.0350)	0.0002 (0.0026)	0.256 (0.005)	81.25 (99.91)
 * Train Acc 99.910
 * Val Acc 80.700, Total time 0.27
Epoch:151
LR: 1.0000000000000003e-05
Itr		Time		  Data		  Loss		Acc
[0/79]	0.1600 (0.1600)	0.1195 (0.1195)	0.004 (0.004)	100.00 (100.00)
[78/79]	0.0247 (0.0347)	0.0002 (0.0024)	0.412 (0.005)	93.75 (99.98)
 * Train Acc 99.980
 * Val Acc 80.600, Total time 0.28
Epoch:152
LR: 1.0000000000000003e-05
Itr		Time		  Data		  Loss		Acc
[0/79]	0.1627 (0.1627)	0.1214 (0.1214)	0.003 (0.003)	100.00 (100.00)
[78/79]	0.0253 (0.0350)	0.0002 (0.0025)	0.007 (0.004)	100.00 (99.93)
 * Train Acc 99.930
 * Val Acc 80.750, Total time 0.28
Epoch:153
LR: 1.0000000000000003e-05
Itr		Time		  Data		  Loss		Acc
[0/79]	0.1609 (0.1609)	0.1206 (0.1206)	0.002 (0.002)	100.00 (100.00)
[78/79]	0.0308 (0.0360)	0.0002 (0.0025)	0.008 (0.004)	100.00 (99.98)
 * Train Acc 99.980
 * Val Acc 80.850, Total time 0.29
Epoch:154
LR: 1.0000000000000003e-05
Itr		Time		  Data		  Loss		Acc
[0/79]	0.1657 (0.1657)	0.1260 (0.1260)	0.002 (0.002)	100.00 (100.00)
[78/79]	0.0240 (0.0350)	0.0002 (0.0028)	0.140 (0.005)	93.75 (99.94)
 * Train Acc 99.940
 * Val Acc 81.000, Total time 0.28
Epoch:155
LR: 1.0000000000000003e-05
Itr		Time		  Data		  Loss		Acc
[0/79]	0.1670 (0.1670)	0.1213 (0.1213)	0.001 (0.001)	100.00 (100.00)
[78/79]	0.0258 (0.0356)	0.0002 (0.0025)	0.030 (0.005)	100.00 (99.90)
 * Train Acc 99.900
 * Val Acc 80.900, Total time 0.27
Epoch:156
LR: 1.0000000000000003e-05
Itr		Time		  Data		  Loss		Acc
[0/79]	0.1722 (0.1722)	0.1309 (0.1309)	0.003 (0.003)	100.00 (100.00)
[78/79]	0.0244 (0.0351)	0.0002 (0.0027)	0.021 (0.005)	100.00 (99.96)
 * Train Acc 99.960
 * Val Acc 81.250, Total time 0.28
Epoch:157
LR: 1.0000000000000003e-05
Itr		Time		  Data		  Loss		Acc
[0/79]	0.1662 (0.1662)	0.1237 (0.1237)	0.001 (0.001)	100.00 (100.00)
[78/79]	0.0253 (0.0353)	0.0002 (0.0025)	0.079 (0.004)	93.75 (99.97)
 * Train Acc 99.970
 * Val Acc 81.000, Total time 0.31
Epoch:158
LR: 1.0000000000000003e-05
Itr		Time		  Data		  Loss		Acc
[0/79]	0.1670 (0.1670)	0.1266 (0.1266)	0.006 (0.006)	100.00 (100.00)
[78/79]	0.0248 (0.0350)	0.0002 (0.0025)	0.015 (0.005)	100.00 (99.95)
 * Train Acc 99.950
 * Val Acc 81.250, Total time 0.30
Epoch:159
LR: 1.0000000000000003e-05
Itr		Time		  Data		  Loss		Acc
[0/79]	0.1675 (0.1675)	0.1278 (0.1278)	0.004 (0.004)	100.00 (100.00)
