split_boundaries: [0, 2, 4, 6, 8, 10]
{'1': [0, 1], '2': [2, 3], '3': [4, 5], '4': [6, 7], '5': [8, 9]}
MLP(
  (linear): Sequential(
    (0): Linear(in_features=1024, out_features=400, bias=True)
    (1): ReLU(inplace=True)
    (2): Linear(in_features=400, out_features=400, bias=True)
    (3): ReLU(inplace=True)
  )
  (last): ModuleDict(
    (All): Linear(in_features=400, out_features=2, bias=True)
  )
)
#parameter of model: 571202
Task order: ['1', '2', '3', '4', '5']
====================== 1 =======================
Epoch:0
LR: 0.01
Itr		Time		  Data		  Loss		Acc
[0/99]	0.5221 (0.5221)	0.0889 (0.0889)	0.706 (0.706)	30.47 (30.47)
[98/99]	0.0020 (0.0122)	0.0005 (0.0060)	0.026 (0.173)	99.17 (98.51)
 * Train Acc 98.508
 * Val Acc 99.905, Total time 0.25
Epoch:1
LR: 0.01
Itr		Time		  Data		  Loss		Acc
[0/99]	0.1061 (0.1061)	0.1004 (0.1004)	0.000 (0.000)	100.00 (100.00)
[98/99]	0.0016 (0.0084)	0.0001 (0.0067)	0.003 (0.003)	100.00 (99.87)
 * Train Acc 99.874
 * Val Acc 99.905, Total time 0.25
Epoch:2
LR: 0.01
Itr		Time		  Data		  Loss		Acc
[0/99]	0.1046 (0.1046)	0.0990 (0.0990)	0.000 (0.000)	100.00 (100.00)
[98/99]	0.0016 (0.0084)	0.0001 (0.0066)	0.006 (0.002)	100.00 (99.93)
 * Train Acc 99.929
 * Val Acc 99.905, Total time 0.25
Epoch:3
LR: 0.01
Itr		Time		  Data		  Loss		Acc
[0/99]	0.1102 (0.1102)	0.1047 (0.1047)	0.000 (0.000)	100.00 (100.00)
[98/99]	0.0015 (0.0085)	0.0001 (0.0069)	0.000 (0.002)	100.00 (99.92)
 * Train Acc 99.921
 * Val Acc 99.905, Total time 0.30
validation split name: 1
 * Val Acc 99.905, Total time 0.25
====================== 2 =======================
Epoch:0
LR: 0.01
Itr		Time		  Data		  Loss		Acc
[0/95]	0.1186 (0.1186)	0.1130 (0.1130)	3.143 (3.143)	47.66 (47.66)
[94/95]	0.0016 (0.0086)	0.0001 (0.0068)	0.068 (0.155)	96.49 (94.73)
 * Train Acc 94.731
 * Val Acc 97.698, Total time 0.26
Epoch:1
LR: 0.01
Itr		Time		  Data		  Loss		Acc
[0/95]	0.1107 (0.1107)	0.1058 (0.1058)	0.083 (0.083)	96.88 (96.88)
[94/95]	0.0016 (0.0084)	0.0001 (0.0067)	0.011 (0.046)	100.00 (98.44)
 * Train Acc 98.437
 * Val Acc 99.070, Total time 0.25
Epoch:2
LR: 0.01
Itr		Time		  Data		  Loss		Acc
[0/95]	0.1085 (0.1085)	0.1036 (0.1036)	0.007 (0.007)	100.00 (100.00)
[94/95]	0.0016 (0.0083)	0.0001 (0.0068)	0.036 (0.027)	98.25 (99.09)
 * Train Acc 99.090
 * Val Acc 98.923, Total time 0.25
Epoch:3
LR: 0.01
Itr		Time		  Data		  Loss		Acc
[0/95]	0.1073 (0.1073)	0.1023 (0.1023)	0.010 (0.010)	100.00 (100.00)
[94/95]	0.0016 (0.0084)	0.0001 (0.0066)	0.011 (0.017)	100.00 (99.43)
 * Train Acc 99.429
 * Val Acc 99.363, Total time 0.24
validation split name: 1
 * Val Acc 73.333, Total time 0.26
validation split name: 2
 * Val Acc 99.363, Total time 0.25
====================== 3 =======================
Epoch:0
LR: 0.01
Itr		Time		  Data		  Loss		Acc
[0/88]	0.1058 (0.1058)	0.1007 (0.1007)	1.020 (1.020)	75.78 (75.78)
[87/88]	0.0185 (0.0084)	0.0167 (0.0068)	0.003 (0.091)	100.00 (97.66)
 * Train Acc 97.665
 * Val Acc 99.733, Total time 0.23
Epoch:1
LR: 0.01
Itr		Time		  Data		  Loss		Acc
[0/88]	0.1090 (0.1090)	0.1039 (0.1039)	0.002 (0.002)	100.00 (100.00)
[87/88]	0.0168 (0.0085)	0.0149 (0.0067)	0.004 (0.009)	100.00 (99.73)
 * Train Acc 99.734
 * Val Acc 99.840, Total time 0.24
Epoch:2
LR: 0.01
Itr		Time		  Data		  Loss		Acc
[0/88]	0.1073 (0.1073)	0.1022 (0.1022)	0.009 (0.009)	99.22 (99.22)
[87/88]	0.0178 (0.0085)	0.0160 (0.0067)	0.003 (0.004)	100.00 (99.88)
 * Train Acc 99.876
 * Val Acc 99.893, Total time 0.23
Epoch:3
LR: 0.01
Itr		Time		  Data		  Loss		Acc
[0/88]	0.1075 (0.1075)	0.1027 (0.1027)	0.005 (0.005)	100.00 (100.00)
[87/88]	0.0187 (0.0087)	0.0172 (0.0072)	0.000 (0.003)	100.00 (99.95)
 * Train Acc 99.947
 * Val Acc 99.893, Total time 0.24
validation split name: 1
 * Val Acc 28.322, Total time 0.25
validation split name: 2
 * Val Acc 89.471, Total time 0.25
validation split name: 3
 * Val Acc 99.893, Total time 0.23
====================== 4 =======================
Epoch:0
LR: 0.01
Itr		Time		  Data		  Loss		Acc
[0/96]	0.1067 (0.1067)	0.1021 (0.1021)	4.328 (4.328)	29.69 (29.69)
[95/96]	0.0015 (0.0082)	0.0001 (0.0066)	0.008 (0.089)	100.00 (98.13)
 * Train Acc 98.129
 * Val Acc 99.496, Total time 0.24
Epoch:1
LR: 0.01
Itr		Time		  Data		  Loss		Acc
[0/96]	0.1083 (0.1083)	0.1029 (0.1029)	0.005 (0.005)	100.00 (100.00)
[95/96]	0.0016 (0.0083)	0.0001 (0.0066)	0.001 (0.006)	100.00 (99.80)
 * Train Acc 99.803
 * Val Acc 99.597, Total time 0.24
Epoch:2
LR: 0.01
Itr		Time		  Data		  Loss		Acc
[0/96]	0.1070 (0.1070)	0.1024 (0.1024)	0.002 (0.002)	100.00 (100.00)
[95/96]	0.0017 (0.0083)	0.0001 (0.0065)	0.000 (0.003)	100.00 (99.92)
 * Train Acc 99.918
 * Val Acc 99.597, Total time 0.23
Epoch:3
LR: 0.01
Itr		Time		  Data		  Loss		Acc
[0/96]	0.1129 (0.1129)	0.1080 (0.1080)	0.006 (0.006)	100.00 (100.00)
[95/96]	0.0017 (0.0084)	0.0001 (0.0065)	0.000 (0.002)	100.00 (99.97)
 * Train Acc 99.967
 * Val Acc 99.597, Total time 0.29
validation split name: 1
 * Val Acc 74.657, Total time 0.25
validation split name: 2
 * Val Acc 83.399, Total time 0.24
validation split name: 3
 * Val Acc 55.176, Total time 0.26
validation split name: 4
 * Val Acc 99.597, Total time 0.24
====================== 5 =======================
Epoch:0
LR: 0.01
Itr		Time		  Data		  Loss		Acc
[0/93]	0.1082 (0.1082)	0.1028 (0.1028)	2.071 (2.071)	59.38 (59.38)
[92/93]	0.0016 (0.0085)	0.0001 (0.0067)	0.020 (0.165)	100.00 (96.10)
 * Train Acc 96.102
 * Val Acc 97.882, Total time 0.24
Epoch:1
LR: 0.01
Itr		Time		  Data		  Loss		Acc
[0/93]	0.1068 (0.1068)	0.1018 (0.1018)	0.067 (0.067)	98.44 (98.44)
[92/93]	0.0016 (0.0083)	0.0001 (0.0065)	0.185 (0.035)	87.50 (98.71)
 * Train Acc 98.712
 * Val Acc 94.402, Total time 0.24
Epoch:2
LR: 0.01
Itr		Time		  Data		  Loss		Acc
[0/93]	0.1093 (0.1093)	0.1043 (0.1043)	0.179 (0.179)	94.53 (94.53)
[92/93]	0.0017 (0.0082)	0.0001 (0.0065)	0.006 (0.027)	100.00 (99.12)
 * Train Acc 99.119
 * Val Acc 99.042, Total time 0.24
Epoch:3
LR: 0.01
Itr		Time		  Data		  Loss		Acc
[0/93]	0.1061 (0.1061)	0.1012 (0.1012)	0.034 (0.034)	99.22 (99.22)
[92/93]	0.0016 (0.0083)	0.0001 (0.0065)	0.006 (0.019)	100.00 (99.43)
 * Train Acc 99.432
 * Val Acc 99.294, Total time 0.24
validation split name: 1
 * Val Acc 17.825, Total time 0.29
validation split name: 2
 * Val Acc 63.222, Total time 0.25
validation split name: 3
 * Val Acc 14.354, Total time 0.24
validation split name: 4
 * Val Acc 83.082, Total time 0.24
validation split name: 5
 * Val Acc 99.294, Total time 0.24
OrderedDict([('1', OrderedDict([('1', 99.90543735224587), ('2', 73.33333333333333), ('3', 28.321513002364068), ('4', 74.65721040189125), ('5', 17.825059101654848)])), ('2', OrderedDict([('2', 99.36336924583742), ('3', 89.47110675808031), ('4', 83.39862879529872), ('5', 63.222331047992164)])), ('3', OrderedDict([('3', 99.89327641408751), ('4', 55.176093916755605), ('5', 14.354322305229456)])), ('4', OrderedDict([('4', 99.59718026183283), ('5', 83.08157099697885)])), ('5', OrderedDict([('5', 99.29399899142713)]))])
Task 1 average acc: 99.90543735224587
Task 2 average acc: 86.34835128958537
Task 3 average acc: 72.56196539151063
Task 4 average acc: 78.20727834394461
Task 5 average acc: 55.55545648865649
===Summary of experiment repeats: 1 / 5 ===
The regularization coefficient: 0.0
The last avg acc of all repeats: [55.55545649  0.          0.          0.          0.        ]
mean: 11.111091297731297 std: 22.222182595462595
split_boundaries: [0, 2, 4, 6, 8, 10]
{'1': [0, 1], '2': [2, 3], '3': [4, 5], '4': [6, 7], '5': [8, 9]}
MLP(
  (linear): Sequential(
    (0): Linear(in_features=1024, out_features=400, bias=True)
    (1): ReLU(inplace=True)
    (2): Linear(in_features=400, out_features=400, bias=True)
    (3): ReLU(inplace=True)
  )
  (last): ModuleDict(
    (All): Linear(in_features=400, out_features=2, bias=True)
  )
)
#parameter of model: 571202
Task order: ['1', '2', '3', '4', '5']
====================== 1 =======================
Epoch:0
LR: 0.01
Itr		Time		  Data		  Loss		Acc
[0/99]	0.1099 (0.1099)	0.1056 (0.1056)	0.679 (0.679)	53.12 (53.12)
[98/99]	0.0016 (0.0082)	0.0001 (0.0065)	0.010 (0.217)	99.17 (98.44)
 * Train Acc 98.437
 * Val Acc 99.811, Total time 0.25
Epoch:1
LR: 0.01
Itr		Time		  Data		  Loss		Acc
[0/99]	0.1068 (0.1068)	0.1030 (0.1030)	0.000 (0.000)	100.00 (100.00)
[98/99]	0.0016 (0.0083)	0.0001 (0.0067)	0.006 (0.003)	100.00 (99.87)
 * Train Acc 99.866
 * Val Acc 99.905, Total time 0.25
Epoch:2
LR: 0.01
Itr		Time		  Data		  Loss		Acc
[0/99]	0.1138 (0.1138)	0.1093 (0.1093)	0.000 (0.000)	100.00 (100.00)
[98/99]	0.0016 (0.0086)	0.0001 (0.0069)	0.000 (0.002)	100.00 (99.94)
 * Train Acc 99.945
 * Val Acc 99.905, Total time 0.26
Epoch:3
LR: 0.01
Itr		Time		  Data		  Loss		Acc
[0/99]	0.1134 (0.1134)	0.1088 (0.1088)	0.001 (0.001)	100.00 (100.00)
[98/99]	0.0179 (0.0087)	0.0164 (0.0070)	0.004 (0.001)	100.00 (99.96)
 * Train Acc 99.961
 * Val Acc 99.953, Total time 0.26
validation split name: 1
 * Val Acc 99.953, Total time 0.25
====================== 2 =======================
Epoch:0
LR: 0.01
Itr		Time		  Data		  Loss		Acc
[0/95]	0.1079 (0.1079)	0.1031 (0.1031)	3.092 (3.092)	47.66 (47.66)
[94/95]	0.0016 (0.0084)	0.0001 (0.0066)	0.076 (0.167)	96.49 (95.04)
 * Train Acc 95.037
 * Val Acc 98.776, Total time 0.26
Epoch:1
LR: 0.01
Itr		Time		  Data		  Loss		Acc
[0/95]	0.1086 (0.1086)	0.1044 (0.1044)	0.057 (0.057)	97.66 (97.66)
[94/95]	0.0015 (0.0083)	0.0001 (0.0067)	0.027 (0.044)	98.25 (98.47)
 * Train Acc 98.470
 * Val Acc 98.923, Total time 0.25
Epoch:2
LR: 0.01
Itr		Time		  Data		  Loss		Acc
[0/95]	0.1098 (0.1098)	0.1054 (0.1054)	0.021 (0.021)	99.22 (99.22)
[94/95]	0.0016 (0.0086)	0.0001 (0.0068)	0.016 (0.027)	100.00 (99.12)
 * Train Acc 99.123
 * Val Acc 99.314, Total time 0.25
Epoch:3
LR: 0.01
Itr		Time		  Data		  Loss		Acc
[0/95]	0.1086 (0.1086)	0.1043 (0.1043)	0.018 (0.018)	99.22 (99.22)
[94/95]	0.0016 (0.0084)	0.0001 (0.0066)	0.007 (0.019)	100.00 (99.35)
 * Train Acc 99.355
 * Val Acc 99.363, Total time 0.26
validation split name: 1
 * Val Acc 74.846, Total time 0.26
validation split name: 2
 * Val Acc 99.363, Total time 0.25
====================== 3 =======================
Epoch:0
LR: 0.01
Itr		Time		  Data		  Loss		Acc
[0/88]	0.1077 (0.1077)	0.1030 (0.1030)	0.506 (0.506)	83.59 (83.59)
[87/88]	0.0186 (0.0086)	0.0168 (0.0069)	0.027 (0.094)	99.21 (97.55)
 * Train Acc 97.549
 * Val Acc 99.840, Total time 0.23
Epoch:1
LR: 0.01
Itr		Time		  Data		  Loss		Acc
[0/88]	0.1163 (0.1163)	0.1111 (0.1111)	0.021 (0.021)	99.22 (99.22)
[87/88]	0.0141 (0.0086)	0.0122 (0.0068)	0.007 (0.010)	100.00 (99.74)
 * Train Acc 99.743
 * Val Acc 99.840, Total time 0.23
Epoch:2
LR: 0.01
Itr		Time		  Data		  Loss		Acc
[0/88]	0.1089 (0.1089)	0.1049 (0.1049)	0.001 (0.001)	100.00 (100.00)
[87/88]	0.0151 (0.0086)	0.0132 (0.0069)	0.001 (0.005)	100.00 (99.87)
 * Train Acc 99.867
 * Val Acc 99.733, Total time 0.23
Epoch:3
LR: 0.01
Itr		Time		  Data		  Loss		Acc
[0/88]	0.1192 (0.1192)	0.1149 (0.1149)	0.003 (0.003)	100.00 (100.00)
[87/88]	0.0181 (0.0092)	0.0163 (0.0074)	0.001 (0.003)	100.00 (99.95)
 * Train Acc 99.947
 * Val Acc 99.947, Total time 0.24
validation split name: 1
 * Val Acc 12.719, Total time 0.25
validation split name: 2
 * Val Acc 89.373, Total time 0.26
validation split name: 3
 * Val Acc 99.947, Total time 0.23
====================== 4 =======================
Epoch:0
LR: 0.01
Itr		Time		  Data		  Loss		Acc
[0/96]	0.1082 (0.1082)	0.1026 (0.1026)	4.420 (4.420)	19.53 (19.53)
[95/96]	0.0016 (0.0084)	0.0001 (0.0066)	0.000 (0.099)	100.00 (97.98)
 * Train Acc 97.981
 * Val Acc 99.496, Total time 0.24
Epoch:1
LR: 0.01
Itr		Time		  Data		  Loss		Acc
[0/96]	0.1112 (0.1112)	0.1067 (0.1067)	0.005 (0.005)	100.00 (100.00)
[95/96]	0.0016 (0.0083)	0.0001 (0.0066)	0.000 (0.004)	100.00 (99.89)
 * Train Acc 99.893
 * Val Acc 99.748, Total time 0.24
Epoch:2
LR: 0.01
Itr		Time		  Data		  Loss		Acc
[0/96]	0.1071 (0.1071)	0.1019 (0.1019)	0.001 (0.001)	100.00 (100.00)
[95/96]	0.0015 (0.0084)	0.0001 (0.0068)	0.000 (0.002)	100.00 (99.98)
 * Train Acc 99.975
 * Val Acc 99.748, Total time 0.24
Epoch:3
LR: 0.01
Itr		Time		  Data		  Loss		Acc
[0/96]	0.1093 (0.1093)	0.1046 (0.1046)	0.000 (0.000)	100.00 (100.00)
[95/96]	0.0016 (0.0085)	0.0001 (0.0068)	0.001 (0.001)	100.00 (99.99)
 * Train Acc 99.992
 * Val Acc 99.748, Total time 0.24
validation split name: 1
 * Val Acc 74.326, Total time 0.25
validation split name: 2
 * Val Acc 86.484, Total time 0.25
validation split name: 3
 * Val Acc 56.990, Total time 0.23
validation split name: 4
 * Val Acc 99.748, Total time 0.24
====================== 5 =======================
Epoch:0
LR: 0.01
Itr		Time		  Data		  Loss		Acc
[0/93]	0.1131 (0.1131)	0.1083 (0.1083)	2.829 (2.829)	54.69 (54.69)
[92/93]	0.0017 (0.0086)	0.0001 (0.0068)	0.001 (0.165)	100.00 (95.98)
 * Train Acc 95.983
 * Val Acc 97.983, Total time 0.24
Epoch:1
LR: 0.01
Itr		Time		  Data		  Loss		Acc
[0/93]	0.1097 (0.1097)	0.1049 (0.1049)	0.082 (0.082)	95.31 (95.31)
[92/93]	0.0016 (0.0085)	0.0001 (0.0067)	0.090 (0.036)	95.83 (98.70)
 * Train Acc 98.703
 * Val Acc 98.134, Total time 0.25
Epoch:2
LR: 0.01
Itr		Time		  Data		  Loss		Acc
[0/93]	0.1083 (0.1083)	0.1037 (0.1037)	0.112 (0.112)	93.75 (93.75)
[92/93]	0.0015 (0.0085)	0.0001 (0.0067)	0.003 (0.027)	100.00 (99.11)
 * Train Acc 99.110
 * Val Acc 98.941, Total time 0.24
Epoch:3
LR: 0.01
Itr		Time		  Data		  Loss		Acc
[0/93]	0.1119 (0.1119)	0.1069 (0.1069)	0.008 (0.008)	100.00 (100.00)
[92/93]	0.0016 (0.0083)	0.0001 (0.0065)	0.045 (0.020)	95.83 (99.35)
 * Train Acc 99.347
 * Val Acc 98.689, Total time 0.24
validation split name: 1
 * Val Acc 32.766, Total time 0.25
validation split name: 2
 * Val Acc 75.122, Total time 0.25
validation split name: 3
 * Val Acc 18.730, Total time 0.23
validation split name: 4
 * Val Acc 84.693, Total time 0.24
validation split name: 5
 * Val Acc 98.689, Total time 0.25
OrderedDict([('1', OrderedDict([('1', 99.95271867612293), ('2', 74.84633569739952), ('3', 12.718676122931441), ('4', 74.32624113475177), ('5', 32.765957446808514)])), ('2', OrderedDict([('2', 99.36336924583742), ('3', 89.37316356513222), ('4', 86.48383937316356), ('5', 75.12242899118512)])), ('3', OrderedDict([('3', 99.94663820704376), ('4', 56.990394877267875), ('5', 18.72998932764141)])), ('4', OrderedDict([('4', 99.74823766364553), ('5', 84.69284994964754)])), ('5', OrderedDict([('5', 98.68885526979324)]))])
Task 1 average acc: 99.95271867612293
Task 2 average acc: 87.10485247161847
Task 3 average acc: 67.34615929836913
Task 4 average acc: 79.38717826220719
Task 5 average acc: 62.00001619701516
===Summary of experiment repeats: 2 / 5 ===
The regularization coefficient: 0.0
The last avg acc of all repeats: [55.55545649 62.0000162   0.          0.          0.        ]
mean: 23.51109453713433 std: 28.86711943517333
split_boundaries: [0, 2, 4, 6, 8, 10]
{'1': [0, 1], '2': [2, 3], '3': [4, 5], '4': [6, 7], '5': [8, 9]}
MLP(
  (linear): Sequential(
    (0): Linear(in_features=1024, out_features=400, bias=True)
    (1): ReLU(inplace=True)
    (2): Linear(in_features=400, out_features=400, bias=True)
    (3): ReLU(inplace=True)
  )
  (last): ModuleDict(
    (All): Linear(in_features=400, out_features=2, bias=True)
  )
)
#parameter of model: 571202
Task order: ['1', '2', '3', '4', '5']
====================== 1 =======================
Epoch:0
LR: 0.01
Itr		Time		  Data		  Loss		Acc
[0/99]	0.1106 (0.1106)	0.1030 (0.1030)	0.680 (0.680)	68.75 (68.75)
[98/99]	0.0161 (0.0084)	0.0143 (0.0066)	0.003 (0.259)	100.00 (98.91)
 * Train Acc 98.910
 * Val Acc 99.953, Total time 0.26
Epoch:1
LR: 0.01
Itr		Time		  Data		  Loss		Acc
[0/99]	0.1071 (0.1071)	0.1026 (0.1026)	0.001 (0.001)	100.00 (100.00)
[98/99]	0.0070 (0.0083)	0.0055 (0.0067)	0.029 (0.003)	99.17 (99.85)
 * Train Acc 99.850
 * Val Acc 99.858, Total time 0.25
Epoch:2
LR: 0.01
Itr		Time		  Data		  Loss		Acc
[0/99]	0.1180 (0.1180)	0.1140 (0.1140)	0.001 (0.001)	100.00 (100.00)
[98/99]	0.0017 (0.0085)	0.0002 (0.0069)	0.000 (0.002)	100.00 (99.94)
 * Train Acc 99.937
 * Val Acc 99.905, Total time 0.25
Epoch:3
LR: 0.01
Itr		Time		  Data		  Loss		Acc
[0/99]	0.1085 (0.1085)	0.1039 (0.1039)	0.000 (0.000)	100.00 (100.00)
[98/99]	0.0099 (0.0084)	0.0081 (0.0066)	0.006 (0.001)	99.17 (99.96)
 * Train Acc 99.961
 * Val Acc 99.905, Total time 0.25
validation split name: 1
 * Val Acc 99.905, Total time 0.25
====================== 2 =======================
Epoch:0
LR: 0.01
Itr		Time		  Data		  Loss		Acc
[0/95]	0.1130 (0.1130)	0.1085 (0.1085)	2.841 (2.841)	46.09 (46.09)
[94/95]	0.0018 (0.0084)	0.0001 (0.0066)	0.039 (0.167)	98.25 (94.68)
 * Train Acc 94.681
 * Val Acc 97.307, Total time 0.29
Epoch:1
LR: 0.01
Itr		Time		  Data		  Loss		Acc
[0/95]	0.1057 (0.1057)	0.1014 (0.1014)	0.059 (0.059)	98.44 (98.44)
[94/95]	0.0067 (0.0084)	0.0050 (0.0067)	0.052 (0.048)	98.25 (98.35)
 * Train Acc 98.354
 * Val Acc 97.992, Total time 0.25
Epoch:2
LR: 0.01
Itr		Time		  Data		  Loss		Acc
[0/95]	0.1105 (0.1105)	0.1049 (0.1049)	0.070 (0.070)	96.88 (96.88)
[94/95]	0.0068 (0.0087)	0.0053 (0.0068)	0.074 (0.034)	98.25 (98.83)
 * Train Acc 98.825
 * Val Acc 99.070, Total time 0.24
Epoch:3
LR: 0.01
Itr		Time		  Data		  Loss		Acc
[0/95]	0.1085 (0.1085)	0.1046 (0.1046)	0.027 (0.027)	97.66 (97.66)
[94/95]	0.0015 (0.0086)	0.0001 (0.0070)	0.021 (0.022)	98.25 (99.21)
 * Train Acc 99.206
 * Val Acc 99.461, Total time 0.25
validation split name: 1
 * Val Acc 76.501, Total time 0.25
validation split name: 2
 * Val Acc 99.461, Total time 0.25
====================== 3 =======================
Epoch:0
LR: 0.01
Itr		Time		  Data		  Loss		Acc
[0/88]	0.1106 (0.1106)	0.1062 (0.1062)	0.991 (0.991)	75.78 (75.78)
[87/88]	0.0179 (0.0085)	0.0161 (0.0068)	0.044 (0.083)	98.43 (97.75)
 * Train Acc 97.754
 * Val Acc 99.733, Total time 0.23
Epoch:1
LR: 0.01
Itr		Time		  Data		  Loss		Acc
[0/88]	0.1074 (0.1074)	0.1032 (0.1032)	0.002 (0.002)	100.00 (100.00)
[87/88]	0.0130 (0.0085)	0.0114 (0.0069)	0.007 (0.011)	99.21 (99.63)
 * Train Acc 99.627
 * Val Acc 99.787, Total time 0.24
Epoch:2
LR: 0.01
Itr		Time		  Data		  Loss		Acc
[0/88]	0.1125 (0.1125)	0.1079 (0.1079)	0.001 (0.001)	100.00 (100.00)
[87/88]	0.0175 (0.0086)	0.0160 (0.0069)	0.008 (0.006)	99.21 (99.85)
 * Train Acc 99.849
 * Val Acc 99.840, Total time 0.22
Epoch:3
LR: 0.01
Itr		Time		  Data		  Loss		Acc
[0/88]	0.1055 (0.1055)	0.1015 (0.1015)	0.028 (0.028)	99.22 (99.22)
[87/88]	0.0184 (0.0085)	0.0166 (0.0069)	0.002 (0.004)	100.00 (99.91)
 * Train Acc 99.911
 * Val Acc 99.893, Total time 0.23
validation split name: 1
 * Val Acc 11.868, Total time 0.26
validation split name: 2
 * Val Acc 86.435, Total time 0.25
validation split name: 3
 * Val Acc 99.893, Total time 0.23
====================== 4 =======================
Epoch:0
LR: 0.01
Itr		Time		  Data		  Loss		Acc
[0/96]	0.1083 (0.1083)	0.1036 (0.1036)	3.905 (3.905)	25.78 (25.78)
[95/96]	0.0015 (0.0085)	0.0001 (0.0067)	0.001 (0.083)	100.00 (97.98)
 * Train Acc 97.981
 * Val Acc 99.345, Total time 0.23
Epoch:1
LR: 0.01
Itr		Time		  Data		  Loss		Acc
[0/96]	0.1107 (0.1107)	0.1060 (0.1060)	0.004 (0.004)	100.00 (100.00)
[95/96]	0.0015 (0.0084)	0.0001 (0.0067)	0.000 (0.004)	100.00 (99.90)
 * Train Acc 99.902
 * Val Acc 99.648, Total time 0.24
Epoch:2
LR: 0.01
Itr		Time		  Data		  Loss		Acc
[0/96]	0.1075 (0.1075)	0.1032 (0.1032)	0.003 (0.003)	100.00 (100.00)
[95/96]	0.0016 (0.0085)	0.0001 (0.0068)	0.000 (0.002)	100.00 (99.97)
 * Train Acc 99.967
 * Val Acc 99.698, Total time 0.26
Epoch:3
LR: 0.01
Itr		Time		  Data		  Loss		Acc
[0/96]	0.1104 (0.1104)	0.1063 (0.1063)	0.000 (0.000)	100.00 (100.00)
[95/96]	0.0015 (0.0085)	0.0001 (0.0069)	0.000 (0.001)	100.00 (99.99)
 * Train Acc 99.992
 * Val Acc 99.648, Total time 0.25
validation split name: 1
 * Val Acc 64.917, Total time 0.25
validation split name: 2
 * Val Acc 85.847, Total time 0.25
validation split name: 3
 * Val Acc 52.028, Total time 0.23
validation split name: 4
 * Val Acc 99.648, Total time 0.25
====================== 5 =======================
Epoch:0
LR: 0.01
Itr		Time		  Data		  Loss		Acc
[0/93]	0.1032 (0.1032)	0.0977 (0.0977)	1.795 (1.795)	67.97 (67.97)
[92/93]	0.0017 (0.0085)	0.0001 (0.0068)	0.040 (0.156)	95.83 (96.10)
 * Train Acc 96.102
 * Val Acc 98.033, Total time 0.24
Epoch:1
LR: 0.01
Itr		Time		  Data		  Loss		Acc
[0/93]	0.1097 (0.1097)	0.1053 (0.1053)	0.020 (0.020)	100.00 (100.00)
[92/93]	0.0015 (0.0084)	0.0001 (0.0068)	0.068 (0.041)	95.83 (98.55)
 * Train Acc 98.551
 * Val Acc 97.277, Total time 0.25
Epoch:2
LR: 0.01
Itr		Time		  Data		  Loss		Acc
[0/93]	0.1101 (0.1101)	0.1057 (0.1057)	0.095 (0.095)	96.09 (96.09)
[92/93]	0.0016 (0.0084)	0.0001 (0.0066)	0.008 (0.029)	100.00 (98.96)
 * Train Acc 98.958
 * Val Acc 98.941, Total time 0.24
Epoch:3
LR: 0.01
Itr		Time		  Data		  Loss		Acc
[0/93]	0.1110 (0.1110)	0.1069 (0.1069)	0.032 (0.032)	99.22 (99.22)
[92/93]	0.0016 (0.0083)	0.0001 (0.0067)	0.003 (0.022)	100.00 (99.31)
 * Train Acc 99.314
 * Val Acc 98.991, Total time 0.24
validation split name: 1
 * Val Acc 19.905, Total time 0.25
validation split name: 2
 * Val Acc 64.202, Total time 0.25
validation split name: 3
 * Val Acc 12.700, Total time 0.24
validation split name: 4
 * Val Acc 85.096, Total time 0.24
validation split name: 5
 * Val Acc 98.991, Total time 0.24
OrderedDict([('1', OrderedDict([('1', 99.90543735224587), ('2', 76.50118203309692), ('3', 11.867612293144209), ('4', 64.91725768321513), ('5', 19.905437352245862)])), ('2', OrderedDict([('2', 99.4613124387855), ('3', 86.43486777668952), ('4', 85.84720861900098), ('5', 64.20176297747307)])), ('3', OrderedDict([('3', 99.89327641408751), ('4', 52.027748132337244), ('5', 12.700106723585913)])), ('4', OrderedDict([('4', 99.64753272910373), ('5', 85.0956696878147)])), ('5', OrderedDict([('5', 98.99142713061019)]))])
Task 1 average acc: 99.90543735224587
Task 2 average acc: 87.98124723594121
Task 3 average acc: 66.06525216130707
Task 4 average acc: 75.60993679091428
Task 5 average acc: 56.178880774345956
===Summary of experiment repeats: 3 / 5 ===
The regularization coefficient: 0.0
The last avg acc of all repeats: [55.55545649 62.0000162  56.17888077  0.          0.        ]
mean: 34.74687069200352 std: 28.459628545422927
split_boundaries: [0, 2, 4, 6, 8, 10]
{'1': [0, 1], '2': [2, 3], '3': [4, 5], '4': [6, 7], '5': [8, 9]}
MLP(
  (linear): Sequential(
    (0): Linear(in_features=1024, out_features=400, bias=True)
    (1): ReLU(inplace=True)
    (2): Linear(in_features=400, out_features=400, bias=True)
    (3): ReLU(inplace=True)
  )
  (last): ModuleDict(
    (All): Linear(in_features=400, out_features=2, bias=True)
  )
)
#parameter of model: 571202
Task order: ['1', '2', '3', '4', '5']
====================== 1 =======================
Epoch:0
LR: 0.01
Itr		Time		  Data		  Loss		Acc
[0/99]	0.1065 (0.1065)	0.1017 (0.1017)	0.702 (0.702)	46.88 (46.88)
[98/99]	0.0016 (0.0083)	0.0001 (0.0067)	0.000 (0.186)	100.00 (98.19)
 * Train Acc 98.192
 * Val Acc 99.905, Total time 0.25
Epoch:1
LR: 0.01
Itr		Time		  Data		  Loss		Acc
[0/99]	0.1071 (0.1071)	0.1023 (0.1023)	0.010 (0.010)	99.22 (99.22)
[98/99]	0.0017 (0.0087)	0.0001 (0.0067)	0.000 (0.003)	100.00 (99.87)
 * Train Acc 99.874
 * Val Acc 99.905, Total time 0.25
Epoch:2
LR: 0.01
Itr		Time		  Data		  Loss		Acc
[0/99]	0.1086 (0.1086)	0.1041 (0.1041)	0.000 (0.000)	100.00 (100.00)
[98/99]	0.0031 (0.0083)	0.0016 (0.0065)	0.000 (0.002)	100.00 (99.93)
 * Train Acc 99.929
 * Val Acc 99.953, Total time 0.25
Epoch:3
LR: 0.01
Itr		Time		  Data		  Loss		Acc
[0/99]	0.1059 (0.1059)	0.1012 (0.1012)	0.001 (0.001)	100.00 (100.00)
[98/99]	0.0044 (0.0083)	0.0026 (0.0065)	0.007 (0.002)	100.00 (99.95)
 * Train Acc 99.953
 * Val Acc 99.905, Total time 0.26
validation split name: 1
 * Val Acc 99.905, Total time 0.25
====================== 2 =======================
Epoch:0
LR: 0.01
Itr		Time		  Data		  Loss		Acc
[0/95]	0.1116 (0.1116)	0.1072 (0.1072)	2.845 (2.845)	46.09 (46.09)
[94/95]	0.0015 (0.0085)	0.0001 (0.0069)	0.022 (0.164)	98.25 (94.81)
 * Train Acc 94.805
 * Val Acc 98.531, Total time 0.25
Epoch:1
LR: 0.01
Itr		Time		  Data		  Loss		Acc
[0/95]	0.1064 (0.1064)	0.1013 (0.1013)	0.046 (0.046)	99.22 (99.22)
[94/95]	0.0016 (0.0083)	0.0001 (0.0065)	0.081 (0.039)	94.74 (98.65)
 * Train Acc 98.652
 * Val Acc 98.923, Total time 0.25
Epoch:2
LR: 0.01
Itr		Time		  Data		  Loss		Acc
[0/95]	0.1109 (0.1109)	0.1060 (0.1060)	0.033 (0.033)	99.22 (99.22)
[94/95]	0.0067 (0.0084)	0.0050 (0.0066)	0.008 (0.023)	100.00 (99.26)
 * Train Acc 99.264
 * Val Acc 99.461, Total time 0.25
Epoch:3
LR: 0.01
Itr		Time		  Data		  Loss		Acc
[0/95]	0.1075 (0.1075)	0.1033 (0.1033)	0.008 (0.008)	100.00 (100.00)
[94/95]	0.0016 (0.0084)	0.0001 (0.0064)	0.043 (0.015)	98.25 (99.44)
 * Train Acc 99.438
 * Val Acc 98.580, Total time 0.26
validation split name: 1
 * Val Acc 74.657, Total time 0.25
validation split name: 2
 * Val Acc 98.580, Total time 0.25
====================== 3 =======================
Epoch:0
LR: 0.01
Itr		Time		  Data		  Loss		Acc
[0/88]	0.1074 (0.1074)	0.1026 (0.1026)	1.436 (1.436)	66.41 (66.41)
[87/88]	0.0044 (0.0084)	0.0025 (0.0065)	0.015 (0.117)	98.43 (97.85)
 * Train Acc 97.851
 * Val Acc 99.787, Total time 0.23
Epoch:1
LR: 0.01
Itr		Time		  Data		  Loss		Acc
[0/88]	0.1080 (0.1080)	0.1035 (0.1035)	0.002 (0.002)	100.00 (100.00)
[87/88]	0.0016 (0.0086)	0.0001 (0.0068)	0.001 (0.010)	100.00 (99.66)
 * Train Acc 99.663
 * Val Acc 99.840, Total time 0.23
Epoch:2
LR: 0.01
Itr		Time		  Data		  Loss		Acc
[0/88]	0.1065 (0.1065)	0.1016 (0.1016)	0.003 (0.003)	100.00 (100.00)
[87/88]	0.0182 (0.0087)	0.0163 (0.0070)	0.001 (0.005)	100.00 (99.90)
 * Train Acc 99.902
 * Val Acc 99.840, Total time 0.23
Epoch:3
LR: 0.01
Itr		Time		  Data		  Loss		Acc
[0/88]	0.1082 (0.1082)	0.1038 (0.1038)	0.002 (0.002)	100.00 (100.00)
[87/88]	0.0083 (0.0086)	0.0065 (0.0068)	0.004 (0.003)	100.00 (99.95)
 * Train Acc 99.947
 * Val Acc 99.893, Total time 0.23
validation split name: 1
 * Val Acc 13.097, Total time 0.24
validation split name: 2
 * Val Acc 88.834, Total time 0.25
validation split name: 3
 * Val Acc 99.893, Total time 0.23
====================== 4 =======================
Epoch:0
LR: 0.01
Itr		Time		  Data		  Loss		Acc
[0/96]	0.1052 (0.1052)	0.1011 (0.1011)	4.506 (4.506)	28.91 (28.91)
[95/96]	0.0015 (0.0082)	0.0001 (0.0067)	0.000 (0.077)	100.00 (98.32)
 * Train Acc 98.317
 * Val Acc 99.496, Total time 0.24
Epoch:1
LR: 0.01
Itr		Time		  Data		  Loss		Acc
[0/96]	0.1067 (0.1067)	0.1018 (0.1018)	0.004 (0.004)	100.00 (100.00)
[95/96]	0.0016 (0.0086)	0.0001 (0.0069)	0.046 (0.004)	95.65 (99.88)
 * Train Acc 99.877
 * Val Acc 98.943, Total time 0.24
Epoch:2
LR: 0.01
Itr		Time		  Data		  Loss		Acc
[0/96]	0.1074 (0.1074)	0.1029 (0.1029)	0.007 (0.007)	100.00 (100.00)
[95/96]	0.0016 (0.0084)	0.0001 (0.0067)	0.000 (0.002)	100.00 (99.97)
 * Train Acc 99.967
 * Val Acc 99.748, Total time 0.24
Epoch:3
LR: 0.01
Itr		Time		  Data		  Loss		Acc
[0/96]	0.1045 (0.1045)	0.1001 (0.1001)	0.002 (0.002)	100.00 (100.00)
[95/96]	0.0016 (0.0084)	0.0001 (0.0066)	0.000 (0.001)	100.00 (99.98)
 * Train Acc 99.984
 * Val Acc 99.748, Total time 0.24
validation split name: 1
 * Val Acc 76.028, Total time 0.25
validation split name: 2
 * Val Acc 86.190, Total time 0.25
validation split name: 3
 * Val Acc 56.083, Total time 0.24
validation split name: 4
 * Val Acc 99.748, Total time 0.24
====================== 5 =======================
Epoch:0
LR: 0.01
Itr		Time		  Data		  Loss		Acc
[0/93]	0.1028 (0.1028)	0.0980 (0.0980)	2.348 (2.348)	57.81 (57.81)
[92/93]	0.0016 (0.0085)	0.0001 (0.0069)	0.009 (0.174)	100.00 (96.05)
 * Train Acc 96.051
 * Val Acc 98.134, Total time 0.24
Epoch:1
LR: 0.01
Itr		Time		  Data		  Loss		Acc
[0/93]	0.1066 (0.1066)	0.1018 (0.1018)	0.045 (0.045)	98.44 (98.44)
[92/93]	0.0016 (0.0083)	0.0001 (0.0064)	0.013 (0.041)	100.00 (98.72)
 * Train Acc 98.720
 * Val Acc 98.840, Total time 0.24
Epoch:2
LR: 0.01
Itr		Time		  Data		  Loss		Acc
[0/93]	0.1075 (0.1075)	0.1030 (0.1030)	0.017 (0.017)	99.22 (99.22)
[92/93]	0.0017 (0.0083)	0.0001 (0.0066)	0.006 (0.029)	100.00 (99.00)
 * Train Acc 99.000
 * Val Acc 99.143, Total time 0.24
Epoch:3
LR: 0.01
Itr		Time		  Data		  Loss		Acc
[0/93]	0.1077 (0.1077)	0.1030 (0.1030)	0.021 (0.021)	99.22 (99.22)
[92/93]	0.0016 (0.0084)	0.0001 (0.0065)	0.003 (0.022)	100.00 (99.36)
 * Train Acc 99.356
 * Val Acc 99.042, Total time 0.25
validation split name: 1
 * Val Acc 29.598, Total time 0.25
validation split name: 2
 * Val Acc 64.985, Total time 0.25
validation split name: 3
 * Val Acc 12.860, Total time 0.23
validation split name: 4
 * Val Acc 88.016, Total time 0.24
validation split name: 5
 * Val Acc 99.042, Total time 0.24
OrderedDict([('1', OrderedDict([('1', 99.90543735224587), ('2', 74.65721040189125), ('3', 13.09692671394799), ('4', 76.02836879432624), ('5', 29.59810874704492)])), ('2', OrderedDict([('2', 98.5798237022527), ('3', 88.83447600391773), ('4', 86.1900097943193), ('5', 64.98530852105779)])), ('3', OrderedDict([('3', 99.89327641408751), ('4', 56.08324439701174), ('5', 12.860192102454642)])), ('4', OrderedDict([('4', 99.74823766364553), ('5', 88.01611278952669)])), ('5', OrderedDict([('5', 99.04185577407968)]))])
Task 1 average acc: 99.90543735224587
Task 2 average acc: 86.61851705207198
Task 3 average acc: 67.27489304398442
Task 4 average acc: 79.5124651623257
Task 5 average acc: 58.90031558683275
===Summary of experiment repeats: 4 / 5 ===
The regularization coefficient: 0.0
The last avg acc of all repeats: [55.55545649 62.0000162  56.17888077 58.90031559  0.        ]
mean: 46.526933809370064 std: 23.374972628314662
split_boundaries: [0, 2, 4, 6, 8, 10]
{'1': [0, 1], '2': [2, 3], '3': [4, 5], '4': [6, 7], '5': [8, 9]}
MLP(
  (linear): Sequential(
    (0): Linear(in_features=1024, out_features=400, bias=True)
    (1): ReLU(inplace=True)
    (2): Linear(in_features=400, out_features=400, bias=True)
    (3): ReLU(inplace=True)
  )
  (last): ModuleDict(
    (All): Linear(in_features=400, out_features=2, bias=True)
  )
)
#parameter of model: 571202
Task order: ['1', '2', '3', '4', '5']
====================== 1 =======================
Epoch:0
LR: 0.01
Itr		Time		  Data		  Loss		Acc
[0/99]	0.1131 (0.1131)	0.1054 (0.1054)	0.689 (0.689)	54.69 (54.69)
[98/99]	0.0016 (0.0087)	0.0001 (0.0068)	0.015 (0.189)	99.17 (98.79)
 * Train Acc 98.792
 * Val Acc 99.953, Total time 0.25
Epoch:1
LR: 0.01
Itr		Time		  Data		  Loss		Acc
[0/99]	0.1121 (0.1121)	0.1076 (0.1076)	0.000 (0.000)	100.00 (100.00)
[98/99]	0.0016 (0.0084)	0.0001 (0.0066)	0.003 (0.003)	100.00 (99.94)
 * Train Acc 99.937
 * Val Acc 99.953, Total time 0.26
Epoch:2
LR: 0.01
Itr		Time		  Data		  Loss		Acc
[0/99]	0.1074 (0.1074)	0.1024 (0.1024)	0.003 (0.003)	100.00 (100.00)
[98/99]	0.0016 (0.0082)	0.0001 (0.0065)	0.000 (0.002)	100.00 (99.93)
 * Train Acc 99.929
 * Val Acc 99.905, Total time 0.25
Epoch:3
LR: 0.01
Itr		Time		  Data		  Loss		Acc
[0/99]	0.1114 (0.1114)	0.1067 (0.1067)	0.000 (0.000)	100.00 (100.00)
[98/99]	0.0016 (0.0083)	0.0001 (0.0066)	0.010 (0.002)	99.17 (99.94)
 * Train Acc 99.937
 * Val Acc 99.953, Total time 0.25
validation split name: 1
 * Val Acc 99.953, Total time 0.25
====================== 2 =======================
Epoch:0
LR: 0.01
Itr		Time		  Data		  Loss		Acc
[0/95]	0.1060 (0.1060)	0.1013 (0.1013)	2.834 (2.834)	49.22 (49.22)
[94/95]	0.0016 (0.0083)	0.0001 (0.0066)	0.131 (0.168)	94.74 (94.74)
 * Train Acc 94.739
 * Val Acc 98.188, Total time 0.25
Epoch:1
LR: 0.01
Itr		Time		  Data		  Loss		Acc
[0/95]	0.1038 (0.1038)	0.0986 (0.0986)	0.065 (0.065)	96.88 (96.88)
[94/95]	0.0016 (0.0083)	0.0001 (0.0066)	0.045 (0.046)	96.49 (98.40)
 * Train Acc 98.404
 * Val Acc 98.776, Total time 0.25
Epoch:2
LR: 0.01
Itr		Time		  Data		  Loss		Acc
[0/95]	0.1058 (0.1058)	0.1009 (0.1009)	0.071 (0.071)	98.44 (98.44)
[94/95]	0.0016 (0.0084)	0.0001 (0.0067)	0.027 (0.029)	98.25 (99.08)
 * Train Acc 99.082
 * Val Acc 98.825, Total time 0.25
Epoch:3
LR: 0.01
Itr		Time		  Data		  Loss		Acc
[0/95]	0.1115 (0.1115)	0.1067 (0.1067)	0.059 (0.059)	99.22 (99.22)
[94/95]	0.0018 (0.0084)	0.0001 (0.0066)	0.005 (0.018)	100.00 (99.40)
 * Train Acc 99.404
 * Val Acc 99.314, Total time 0.25
validation split name: 1
 * Val Acc 70.402, Total time 0.26
validation split name: 2
 * Val Acc 99.314, Total time 0.25
====================== 3 =======================
Epoch:0
LR: 0.01
Itr		Time		  Data		  Loss		Acc
[0/88]	0.1108 (0.1108)	0.1049 (0.1049)	1.279 (1.279)	70.31 (70.31)
[87/88]	0.0097 (0.0086)	0.0078 (0.0067)	0.017 (0.079)	99.21 (97.59)
 * Train Acc 97.585
 * Val Acc 99.840, Total time 0.23
Epoch:1
LR: 0.01
Itr		Time		  Data		  Loss		Acc
[0/88]	0.1068 (0.1068)	0.1024 (0.1024)	0.004 (0.004)	100.00 (100.00)
[87/88]	0.0186 (0.0085)	0.0170 (0.0070)	0.004 (0.009)	100.00 (99.73)
 * Train Acc 99.734
 * Val Acc 99.787, Total time 0.23
Epoch:2
LR: 0.01
Itr		Time		  Data		  Loss		Acc
[0/88]	0.1064 (0.1064)	0.1017 (0.1017)	0.008 (0.008)	100.00 (100.00)
[87/88]	0.0031 (0.0086)	0.0013 (0.0067)	0.009 (0.005)	99.21 (99.87)
 * Train Acc 99.867
 * Val Acc 99.840, Total time 0.24
Epoch:3
LR: 0.01
Itr		Time		  Data		  Loss		Acc
[0/88]	0.1074 (0.1074)	0.1032 (0.1032)	0.000 (0.000)	100.00 (100.00)
[87/88]	0.0182 (0.0085)	0.0164 (0.0067)	0.036 (0.003)	99.21 (99.94)
 * Train Acc 99.938
 * Val Acc 99.680, Total time 0.24
validation split name: 1
 * Val Acc 23.783, Total time 0.25
validation split name: 2
 * Val Acc 83.203, Total time 0.24
validation split name: 3
 * Val Acc 99.680, Total time 0.23
====================== 4 =======================
Epoch:0
LR: 0.01
Itr		Time		  Data		  Loss		Acc
[0/96]	0.1075 (0.1075)	0.1020 (0.1020)	3.972 (3.972)	25.78 (25.78)
[95/96]	0.0016 (0.0084)	0.0001 (0.0066)	0.007 (0.105)	100.00 (97.92)
 * Train Acc 97.915
 * Val Acc 99.597, Total time 0.25
Epoch:1
LR: 0.01
Itr		Time		  Data		  Loss		Acc
[0/96]	0.1069 (0.1069)	0.1016 (0.1016)	0.010 (0.010)	99.22 (99.22)
[95/96]	0.0022 (0.0085)	0.0005 (0.0066)	0.002 (0.005)	100.00 (99.80)
 * Train Acc 99.803
 * Val Acc 99.698, Total time 0.24
Epoch:2
LR: 0.01
Itr		Time		  Data		  Loss		Acc
[0/96]	0.1130 (0.1130)	0.1078 (0.1078)	0.007 (0.007)	99.22 (99.22)
[95/96]	0.0016 (0.0084)	0.0001 (0.0067)	0.000 (0.002)	100.00 (99.92)
 * Train Acc 99.918
 * Val Acc 99.748, Total time 0.23
Epoch:3
LR: 0.01
Itr		Time		  Data		  Loss		Acc
[0/96]	0.1061 (0.1061)	0.1007 (0.1007)	0.000 (0.000)	100.00 (100.00)
[95/96]	0.0016 (0.0084)	0.0001 (0.0066)	0.000 (0.001)	100.00 (99.98)
 * Train Acc 99.984
 * Val Acc 99.748, Total time 0.24
validation split name: 1
 * Val Acc 75.414, Total time 0.25
validation split name: 2
 * Val Acc 82.860, Total time 0.25
validation split name: 3
 * Val Acc 50.427, Total time 0.23
validation split name: 4
 * Val Acc 99.748, Total time 0.24
====================== 5 =======================
Epoch:0
LR: 0.01
Itr		Time		  Data		  Loss		Acc
[0/93]	0.1157 (0.1157)	0.1109 (0.1109)	2.431 (2.431)	60.94 (60.94)
[92/93]	0.0017 (0.0090)	0.0001 (0.0073)	0.105 (0.170)	95.83 (96.05)
 * Train Acc 96.051
 * Val Acc 97.378, Total time 0.24
Epoch:1
LR: 0.01
Itr		Time		  Data		  Loss		Acc
[0/93]	0.1059 (0.1059)	0.1018 (0.1018)	0.070 (0.070)	96.88 (96.88)
[92/93]	0.0015 (0.0084)	0.0001 (0.0068)	0.005 (0.035)	100.00 (98.75)
 * Train Acc 98.754
 * Val Acc 98.538, Total time 0.24
Epoch:2
LR: 0.01
Itr		Time		  Data		  Loss		Acc
[0/93]	0.1161 (0.1161)	0.1113 (0.1113)	0.017 (0.017)	99.22 (99.22)
[92/93]	0.0016 (0.0085)	0.0001 (0.0068)	0.002 (0.025)	100.00 (99.08)
 * Train Acc 99.085
 * Val Acc 99.042, Total time 0.24
Epoch:3
LR: 0.01
Itr		Time		  Data		  Loss		Acc
[0/93]	0.1066 (0.1066)	0.1017 (0.1017)	0.013 (0.013)	100.00 (100.00)
[92/93]	0.0016 (0.0083)	0.0001 (0.0065)	0.005 (0.020)	100.00 (99.37)
 * Train Acc 99.373
 * Val Acc 99.092, Total time 0.24
validation split name: 1
 * Val Acc 13.995, Total time 0.25
validation split name: 2
 * Val Acc 64.006, Total time 0.25
validation split name: 3
 * Val Acc 13.340, Total time 0.23
validation split name: 4
 * Val Acc 86.203, Total time 0.24
validation split name: 5
 * Val Acc 99.092, Total time 0.24
OrderedDict([('1', OrderedDict([('1', 99.95271867612293), ('2', 70.40189125295508), ('3', 23.782505910165483), ('4', 75.41371158392435), ('5', 13.995271867612294)])), ('2', OrderedDict([('2', 99.31439764936337), ('3', 83.20274240940255), ('4', 82.85994123408423), ('5', 64.00587659157688)])), ('3', OrderedDict([('3', 99.67982924226254), ('4', 50.42689434364995), ('5', 13.340448239060832)])), ('4', OrderedDict([('4', 99.74823766364553), ('5', 86.20342396777443)])), ('5', OrderedDict([('5', 99.09228441754917)]))])
Task 1 average acc: 99.95271867612293
Task 2 average acc: 84.85814445115923
Task 3 average acc: 68.88835918727686
Task 4 average acc: 77.11219620632602
Task 5 average acc: 55.32746101671471
===Summary of experiment repeats: 5 / 5 ===
The regularization coefficient: 0.0
The last avg acc of all repeats: [55.55545649 62.0000162  56.17888077 58.90031559 55.32746102]
mean: 57.592426012713005 std: 2.5461676216145137
reg_coef: 0.0 mean: 57.592426012713005 std: 2.5461676216145137
Total Time for the script is 128.09423637390137 seconds
