split_boundaries: [0, 2, 4, 6, 8, 10]
{'1': [0, 1], '2': [2, 3], '3': [4, 5], '4': [6, 7], '5': [8, 9]}
MLP(
  (linear): Sequential(
    (0): Linear(in_features=1024, out_features=400, bias=True)
    (1): ReLU(inplace=True)
    (2): Linear(in_features=400, out_features=400, bias=True)
    (3): ReLU(inplace=True)
  )
  (last): ModuleDict(
    (All): Linear(in_features=400, out_features=2, bias=True)
  )
)
#parameter of model: 571202
Task order: ['1', '2', '3', '4', '5']
====================== 1 =======================
Epoch:0
LR: 0.01
Itr		Time		  Data		  Loss		Acc
[0/99]	0.5174 (0.5174)	0.0902 (0.0902)	0.683 (0.683)	50.00 (50.00)
[98/99]	0.0030 (0.0121)	0.0008 (0.0055)	0.023 (0.102)	99.17 (98.78)
 * Train Acc 98.776
 * Val Acc 99.858, Total time 0.25
Epoch:1
LR: 0.01
Itr		Time		  Data		  Loss		Acc
[0/99]	0.1066 (0.1066)	0.1009 (0.1009)	0.010 (0.010)	100.00 (100.00)
[98/99]	0.0025 (0.0082)	0.0001 (0.0057)	0.007 (0.012)	100.00 (99.78)
 * Train Acc 99.779
 * Val Acc 99.905, Total time 0.25
Epoch:2
LR: 0.01
Itr		Time		  Data		  Loss		Acc
[0/99]	0.1075 (0.1075)	0.1025 (0.1025)	0.008 (0.008)	100.00 (100.00)
[98/99]	0.0025 (0.0083)	0.0001 (0.0058)	0.017 (0.008)	99.17 (99.83)
 * Train Acc 99.826
 * Val Acc 99.905, Total time 0.25
Epoch:3
LR: 0.01
Itr		Time		  Data		  Loss		Acc
[0/99]	0.1158 (0.1158)	0.1095 (0.1095)	0.002 (0.002)	100.00 (100.00)
[98/99]	0.0024 (0.0084)	0.0001 (0.0059)	0.002 (0.006)	100.00 (99.83)
 * Train Acc 99.834
 * Val Acc 99.905, Total time 0.31
validation split name: 1
 * Val Acc 99.905, Total time 0.25
====================== 2 =======================
Epoch:0
LR: 0.01
Itr		Time		  Data		  Loss		Acc
[0/194]	0.1274 (0.1274)	0.1033 (0.1033)	0.640 (0.640)	77.34 (77.34)
[100/194]	0.0181 (0.0195)	0.0008 (0.0018)	0.161 (0.170)	96.88 (94.79)
[193/194]	0.0185 (0.0190)	0.0007 (0.0013)	0.099 (0.142)	100.00 (96.02)
 * Train Acc 96.021
 * Val Acc 96.278, Total time 0.25
Epoch:1
LR: 0.01
Itr		Time		  Data		  Loss		Acc
[0/194]	0.1324 (0.1324)	0.1092 (0.1092)	0.119 (0.119)	95.31 (95.31)
[100/194]	0.0183 (0.0203)	0.0009 (0.0018)	0.113 (0.096)	96.88 (97.82)
[193/194]	0.0186 (0.0193)	0.0008 (0.0013)	0.051 (0.091)	98.00 (97.96)
 * Train Acc 97.956
 * Val Acc 97.502, Total time 0.25
Epoch:2
LR: 0.01
Itr		Time		  Data		  Loss		Acc
[0/194]	0.1285 (0.1285)	0.1055 (0.1055)	0.095 (0.095)	97.66 (97.66)
[100/194]	0.0181 (0.0196)	0.0007 (0.0018)	0.047 (0.075)	99.22 (98.34)
[193/194]	0.0173 (0.0189)	0.0008 (0.0013)	0.042 (0.073)	100.00 (98.37)
 * Train Acc 98.368
 * Val Acc 97.894, Total time 0.25
Epoch:3
LR: 0.01
Itr		Time		  Data		  Loss		Acc
[0/194]	0.1264 (0.1264)	0.1038 (0.1038)	0.047 (0.047)	99.22 (99.22)
[100/194]	0.0184 (0.0195)	0.0008 (0.0018)	0.060 (0.059)	98.44 (98.68)
[193/194]	0.0184 (0.0190)	0.0008 (0.0013)	0.045 (0.061)	98.00 (98.61)
 * Train Acc 98.610
 * Val Acc 97.992, Total time 0.25
validation split name: 1
 * Val Acc 99.669, Total time 0.26
validation split name: 2
 * Val Acc 97.992, Total time 0.27
====================== 3 =======================
Epoch:0
LR: 0.01
Itr		Time		  Data		  Loss		Acc
[0/213]	0.1264 (0.1264)	0.1035 (0.1035)	0.514 (0.514)	83.59 (83.59)
[100/213]	0.0182 (0.0195)	0.0008 (0.0018)	0.134 (0.212)	97.66 (94.72)
[200/213]	0.0186 (0.0189)	0.0007 (0.0013)	0.116 (0.177)	96.88 (95.99)
[212/213]	0.0185 (0.0189)	0.0008 (0.0012)	0.181 (0.174)	96.06 (96.10)
 * Train Acc 96.105
 * Val Acc 97.065, Total time 0.24
Epoch:1
LR: 0.01
Itr		Time		  Data		  Loss		Acc
[0/213]	0.1305 (0.1305)	0.1092 (0.1092)	0.127 (0.127)	95.31 (95.31)
[100/213]	0.0181 (0.0195)	0.0007 (0.0018)	0.128 (0.105)	99.22 (98.21)
[200/213]	0.0185 (0.0189)	0.0008 (0.0013)	0.082 (0.098)	99.22 (98.41)
[212/213]	0.0181 (0.0188)	0.0005 (0.0012)	0.040 (0.097)	99.21 (98.42)
 * Train Acc 98.419
 * Val Acc 98.719, Total time 0.23
Epoch:2
LR: 0.01
Itr		Time		  Data		  Loss		Acc
[0/213]	0.1298 (0.1298)	0.1048 (0.1048)	0.085 (0.085)	98.44 (98.44)
[100/213]	0.0185 (0.0201)	0.0007 (0.0018)	0.131 (0.078)	97.66 (98.82)
[200/213]	0.0185 (0.0193)	0.0007 (0.0012)	0.048 (0.074)	100.00 (98.90)
[212/213]	0.0182 (0.0193)	0.0006 (0.0012)	0.069 (0.074)	100.00 (98.91)
 * Train Acc 98.911
 * Val Acc 99.200, Total time 0.23
Epoch:3
LR: 0.01
Itr		Time		  Data		  Loss		Acc
[0/213]	0.1264 (0.1264)	0.1059 (0.1059)	0.067 (0.067)	99.22 (99.22)
[100/213]	0.0171 (0.0190)	0.0006 (0.0018)	0.029 (0.060)	100.00 (99.20)
[200/213]	0.0173 (0.0181)	0.0006 (0.0012)	0.033 (0.059)	100.00 (99.14)
[212/213]	0.0172 (0.0181)	0.0005 (0.0012)	0.056 (0.058)	98.43 (99.15)
 * Train Acc 99.149
 * Val Acc 99.520, Total time 0.23
validation split name: 1
 * Val Acc 99.574, Total time 0.29
validation split name: 2
 * Val Acc 98.531, Total time 0.25
validation split name: 3
 * Val Acc 99.520, Total time 0.24
====================== 4 =======================
Epoch:0
LR: 0.01
Itr		Time		  Data		  Loss		Acc
[0/221]	0.1308 (0.1308)	0.1092 (0.1092)	0.214 (0.214)	89.06 (89.06)
[100/221]	0.0189 (0.0197)	0.0007 (0.0018)	0.059 (0.111)	99.22 (98.10)
[200/221]	0.0187 (0.0191)	0.0007 (0.0013)	0.171 (0.099)	99.22 (98.43)
[220/221]	0.0181 (0.0191)	0.0006 (0.0012)	0.312 (0.099)	95.45 (98.46)
 * Train Acc 98.456
 * Val Acc 97.835, Total time 0.24
Epoch:1
LR: 0.01
Itr		Time		  Data		  Loss		Acc
[0/221]	0.1288 (0.1288)	0.1055 (0.1055)	0.108 (0.108)	97.66 (97.66)
[100/221]	0.0187 (0.0196)	0.0007 (0.0018)	0.056 (0.082)	99.22 (98.86)
[200/221]	0.0184 (0.0190)	0.0008 (0.0013)	0.041 (0.075)	99.22 (98.95)
[220/221]	0.0184 (0.0190)	0.0007 (0.0012)	0.033 (0.074)	100.00 (98.97)
 * Train Acc 98.975
 * Val Acc 98.540, Total time 0.25
Epoch:2
LR: 0.01
Itr		Time		  Data		  Loss		Acc
[0/221]	0.1329 (0.1329)	0.1046 (0.1046)	0.052 (0.052)	98.44 (98.44)
[100/221]	0.0179 (0.0191)	0.0007 (0.0017)	0.125 (0.059)	99.22 (99.20)
[200/221]	0.0178 (0.0185)	0.0007 (0.0012)	0.076 (0.060)	97.66 (99.15)
[220/221]	0.0178 (0.0185)	0.0006 (0.0012)	0.110 (0.059)	100.00 (99.19)
 * Train Acc 99.187
 * Val Acc 98.590, Total time 0.25
Epoch:3
LR: 0.01
Itr		Time		  Data		  Loss		Acc
[0/221]	0.1272 (0.1272)	0.1052 (0.1052)	0.113 (0.113)	99.22 (99.22)
[100/221]	0.0181 (0.0194)	0.0007 (0.0018)	0.026 (0.054)	99.22 (99.32)
[200/221]	0.0182 (0.0188)	0.0008 (0.0013)	0.057 (0.051)	98.44 (99.32)
[220/221]	0.0180 (0.0188)	0.0007 (0.0012)	0.031 (0.051)	100.00 (99.33)
 * Train Acc 99.326
 * Val Acc 98.741, Total time 0.24
validation split name: 1
 * Val Acc 99.480, Total time 0.25
validation split name: 2
 * Val Acc 98.433, Total time 0.25
validation split name: 3
 * Val Acc 98.559, Total time 0.28
validation split name: 4
 * Val Acc 98.741, Total time 0.24
====================== 5 =======================
Epoch:0
LR: 0.01
Itr		Time		  Data		  Loss		Acc
[0/218]	0.1309 (0.1309)	0.1092 (0.1092)	0.350 (0.350)	83.59 (83.59)
[100/218]	0.0181 (0.0196)	0.0006 (0.0018)	0.167 (0.179)	96.09 (96.04)
[200/218]	0.0184 (0.0190)	0.0008 (0.0013)	0.082 (0.158)	98.44 (96.68)
[217/218]	0.0180 (0.0189)	0.0007 (0.0012)	0.130 (0.156)	100.00 (96.72)
 * Train Acc 96.719
 * Val Acc 88.099, Total time 0.24
Epoch:1
LR: 0.01
Itr		Time		  Data		  Loss		Acc
[0/218]	0.1296 (0.1296)	0.1060 (0.1060)	0.114 (0.114)	96.88 (96.88)
[100/218]	0.0188 (0.0197)	0.0007 (0.0018)	0.095 (0.113)	98.44 (98.14)
[200/218]	0.0185 (0.0192)	0.0008 (0.0013)	0.114 (0.110)	97.66 (98.24)
[217/218]	0.0182 (0.0191)	0.0007 (0.0013)	0.118 (0.109)	95.83 (98.21)
 * Train Acc 98.205
 * Val Acc 95.915, Total time 0.24
Epoch:2
LR: 0.01
Itr		Time		  Data		  Loss		Acc
[0/218]	0.1333 (0.1333)	0.1094 (0.1094)	0.131 (0.131)	95.31 (95.31)
[100/218]	0.0186 (0.0198)	0.0009 (0.0018)	0.093 (0.088)	98.44 (98.71)
[200/218]	0.0185 (0.0192)	0.0009 (0.0013)	0.075 (0.084)	97.66 (98.71)
[217/218]	0.0183 (0.0191)	0.0007 (0.0013)	0.047 (0.083)	100.00 (98.74)
 * Train Acc 98.745
 * Val Acc 97.630, Total time 0.24
Epoch:3
LR: 0.01
Itr		Time		  Data		  Loss		Acc
[0/218]	0.1345 (0.1345)	0.1094 (0.1094)	0.071 (0.071)	99.22 (99.22)
[100/218]	0.0182 (0.0204)	0.0006 (0.0018)	0.042 (0.073)	100.00 (99.06)
[200/218]	0.0187 (0.0194)	0.0008 (0.0013)	0.058 (0.072)	98.44 (99.02)
[217/218]	0.0181 (0.0193)	0.0006 (0.0012)	0.039 (0.072)	100.00 (99.04)
 * Train Acc 99.040
 * Val Acc 98.134, Total time 0.24
validation split name: 1
 * Val Acc 98.156, Total time 0.26
validation split name: 2
 * Val Acc 97.894, Total time 0.29
validation split name: 3
 * Val Acc 95.838, Total time 0.23
validation split name: 4
 * Val Acc 98.489, Total time 0.25
validation split name: 5
 * Val Acc 98.134, Total time 0.25
OrderedDict([('1', OrderedDict([('1', 99.90543735224587), ('2', 99.66903073286052), ('3', 99.57446808510639), ('4', 99.47990543735224), ('5', 98.15602836879432)])), ('2', OrderedDict([('2', 97.99216454456415), ('3', 98.53085210577865), ('4', 98.43290891283056), ('5', 97.89422135161607)])), ('3', OrderedDict([('3', 99.51974386339381), ('4', 98.55923159018143), ('5', 95.83778014941302)])), ('4', OrderedDict([('4', 98.7411883182276), ('5', 98.48942598187311)])), ('5', OrderedDict([('5', 98.13414019162884)]))])
Task 1 average acc: 99.90543735224587
Task 2 average acc: 98.83059763871233
Task 3 average acc: 99.20835468475961
Task 4 average acc: 98.80330856464796
Task 5 average acc: 97.70231920866507
===Summary of experiment repeats: 1 / 5 ===
The regularization coefficient: 0.5
The last avg acc of all repeats: [97.70231921  0.          0.          0.          0.        ]
mean: 19.540463841733015 std: 39.08092768346603
split_boundaries: [0, 2, 4, 6, 8, 10]
{'1': [0, 1], '2': [2, 3], '3': [4, 5], '4': [6, 7], '5': [8, 9]}
MLP(
  (linear): Sequential(
    (0): Linear(in_features=1024, out_features=400, bias=True)
    (1): ReLU(inplace=True)
    (2): Linear(in_features=400, out_features=400, bias=True)
    (3): ReLU(inplace=True)
  )
  (last): ModuleDict(
    (All): Linear(in_features=400, out_features=2, bias=True)
  )
)
#parameter of model: 571202
Task order: ['1', '2', '3', '4', '5']
====================== 1 =======================
Epoch:0
LR: 0.01
Itr		Time		  Data		  Loss		Acc
[0/99]	0.1122 (0.1122)	0.1072 (0.1072)	0.668 (0.668)	60.16 (60.16)
[98/99]	0.0024 (0.0084)	0.0001 (0.0059)	0.009 (0.100)	100.00 (98.93)
 * Train Acc 98.934
 * Val Acc 99.858, Total time 0.26
Epoch:1
LR: 0.01
Itr		Time		  Data		  Loss		Acc
[0/99]	0.1083 (0.1083)	0.1035 (0.1035)	0.010 (0.010)	100.00 (100.00)
[98/99]	0.0024 (0.0083)	0.0001 (0.0059)	0.004 (0.012)	100.00 (99.76)
 * Train Acc 99.763
 * Val Acc 99.905, Total time 0.25
Epoch:2
LR: 0.01
Itr		Time		  Data		  Loss		Acc
[0/99]	0.1165 (0.1165)	0.1111 (0.1111)	0.005 (0.005)	100.00 (100.00)
[98/99]	0.0025 (0.0083)	0.0001 (0.0059)	0.027 (0.008)	99.17 (99.79)
 * Train Acc 99.787
 * Val Acc 99.905, Total time 0.25
Epoch:3
LR: 0.01
Itr		Time		  Data		  Loss		Acc
[0/99]	0.1123 (0.1123)	0.1058 (0.1058)	0.004 (0.004)	100.00 (100.00)
[98/99]	0.0024 (0.0085)	0.0001 (0.0060)	0.002 (0.006)	100.00 (99.82)
 * Train Acc 99.818
 * Val Acc 99.905, Total time 0.26
validation split name: 1
 * Val Acc 99.905, Total time 0.29
====================== 2 =======================
Epoch:0
LR: 0.01
Itr		Time		  Data		  Loss		Acc
[0/194]	0.1295 (0.1295)	0.1039 (0.1039)	0.653 (0.653)	78.91 (78.91)
[100/194]	0.0182 (0.0193)	0.0007 (0.0017)	0.124 (0.180)	96.88 (94.59)
[193/194]	0.0185 (0.0187)	0.0007 (0.0013)	0.095 (0.147)	96.00 (95.99)
 * Train Acc 95.989
 * Val Acc 96.327, Total time 0.25
Epoch:1
LR: 0.01
Itr		Time		  Data		  Loss		Acc
[0/194]	0.1288 (0.1288)	0.1033 (0.1033)	0.107 (0.107)	96.88 (96.88)
[100/194]	0.0185 (0.0198)	0.0007 (0.0018)	0.093 (0.097)	97.66 (97.87)
[193/194]	0.0183 (0.0192)	0.0007 (0.0013)	0.132 (0.093)	98.00 (97.93)
 * Train Acc 97.932
 * Val Acc 97.258, Total time 0.25
Epoch:2
LR: 0.01
Itr		Time		  Data		  Loss		Acc
[0/194]	0.1300 (0.1300)	0.1058 (0.1058)	0.109 (0.109)	96.88 (96.88)
[100/194]	0.0185 (0.0195)	0.0007 (0.0018)	0.138 (0.074)	98.44 (98.34)
[193/194]	0.0180 (0.0189)	0.0007 (0.0013)	0.039 (0.073)	100.00 (98.34)
 * Train Acc 98.336
 * Val Acc 97.894, Total time 0.26
Epoch:3
LR: 0.01
Itr		Time		  Data		  Loss		Acc
[0/194]	0.1311 (0.1311)	0.1037 (0.1037)	0.072 (0.072)	99.22 (99.22)
[100/194]	0.0184 (0.0199)	0.0007 (0.0017)	0.108 (0.066)	95.31 (98.64)
[193/194]	0.0184 (0.0192)	0.0008 (0.0012)	0.029 (0.062)	100.00 (98.63)
 * Train Acc 98.635
 * Val Acc 98.237, Total time 0.25
validation split name: 1
 * Val Acc 99.669, Total time 0.25
validation split name: 2
 * Val Acc 98.237, Total time 0.25
====================== 3 =======================
Epoch:0
LR: 0.01
Itr		Time		  Data		  Loss		Acc
[0/213]	0.1381 (0.1381)	0.1160 (0.1160)	0.380 (0.380)	86.72 (86.72)
[100/213]	0.0180 (0.0194)	0.0006 (0.0019)	0.096 (0.216)	97.66 (94.65)
[200/213]	0.0182 (0.0189)	0.0008 (0.0013)	0.171 (0.181)	98.44 (95.91)
[212/213]	0.0180 (0.0188)	0.0006 (0.0013)	0.156 (0.178)	97.64 (96.01)
 * Train Acc 96.009
 * Val Acc 97.279, Total time 0.24
Epoch:1
LR: 0.01
Itr		Time		  Data		  Loss		Acc
[0/213]	0.1381 (0.1381)	0.1156 (0.1156)	0.073 (0.073)	99.22 (99.22)
[100/213]	0.0183 (0.0197)	0.0007 (0.0019)	0.103 (0.108)	98.44 (98.30)
[200/213]	0.0187 (0.0191)	0.0008 (0.0013)	0.049 (0.103)	98.44 (98.34)
[212/213]	0.0181 (0.0191)	0.0006 (0.0013)	0.076 (0.103)	98.43 (98.33)
 * Train Acc 98.335
 * Val Acc 98.292, Total time 0.23
Epoch:2
LR: 0.01
Itr		Time		  Data		  Loss		Acc
[0/213]	0.1344 (0.1344)	0.1086 (0.1086)	0.131 (0.131)	97.66 (97.66)
[100/213]	0.0184 (0.0198)	0.0006 (0.0017)	0.069 (0.080)	100.00 (98.81)
[200/213]	0.0185 (0.0191)	0.0008 (0.0012)	0.076 (0.076)	98.44 (98.84)
[212/213]	0.0181 (0.0191)	0.0006 (0.0012)	0.078 (0.076)	98.43 (98.86)
 * Train Acc 98.859
 * Val Acc 98.986, Total time 0.24
Epoch:3
LR: 0.01
Itr		Time		  Data		  Loss		Acc
[0/213]	0.1279 (0.1279)	0.1056 (0.1056)	0.060 (0.060)	99.22 (99.22)
[100/213]	0.0182 (0.0196)	0.0007 (0.0018)	0.088 (0.063)	96.88 (99.13)
[200/213]	0.0188 (0.0190)	0.0008 (0.0013)	0.054 (0.063)	100.00 (99.11)
[212/213]	0.0182 (0.0190)	0.0007 (0.0012)	0.086 (0.063)	97.64 (99.11)
 * Train Acc 99.109
 * Val Acc 99.306, Total time 0.23
validation split name: 1
 * Val Acc 99.480, Total time 0.26
validation split name: 2
 * Val Acc 98.678, Total time 0.25
validation split name: 3
 * Val Acc 99.306, Total time 0.23
====================== 4 =======================
Epoch:0
LR: 0.01
Itr		Time		  Data		  Loss		Acc
[0/221]	0.1305 (0.1305)	0.1055 (0.1055)	0.245 (0.245)	90.62 (90.62)
[100/221]	0.0183 (0.0196)	0.0008 (0.0018)	0.123 (0.112)	99.22 (98.04)
[200/221]	0.0181 (0.0190)	0.0007 (0.0013)	0.060 (0.103)	99.22 (98.31)
[220/221]	0.0180 (0.0189)	0.0006 (0.0012)	0.065 (0.101)	100.00 (98.36)
 * Train Acc 98.364
 * Val Acc 98.691, Total time 0.24
Epoch:1
LR: 0.01
Itr		Time		  Data		  Loss		Acc
[0/221]	0.1286 (0.1286)	0.1051 (0.1051)	0.071 (0.071)	98.44 (98.44)
[100/221]	0.0185 (0.0197)	0.0007 (0.0018)	0.144 (0.081)	100.00 (98.89)
[200/221]	0.0185 (0.0190)	0.0008 (0.0013)	0.085 (0.077)	99.22 (98.92)
[220/221]	0.0184 (0.0190)	0.0007 (0.0012)	0.067 (0.076)	100.00 (98.92)
 * Train Acc 98.918
 * Val Acc 98.288, Total time 0.24
Epoch:2
LR: 0.01
Itr		Time		  Data		  Loss		Acc
[0/221]	0.1287 (0.1287)	0.1055 (0.1055)	0.080 (0.080)	97.66 (97.66)
[100/221]	0.0188 (0.0197)	0.0008 (0.0018)	0.027 (0.068)	100.00 (99.09)
[200/221]	0.0184 (0.0191)	0.0008 (0.0013)	0.019 (0.065)	100.00 (99.13)
[220/221]	0.0185 (0.0190)	0.0006 (0.0012)	0.038 (0.064)	100.00 (99.15)
 * Train Acc 99.152
 * Val Acc 98.842, Total time 0.25
Epoch:3
LR: 0.01
Itr		Time		  Data		  Loss		Acc
[0/221]	0.1330 (0.1330)	0.1104 (0.1104)	0.056 (0.056)	100.00 (100.00)
[100/221]	0.0185 (0.0199)	0.0007 (0.0018)	0.071 (0.056)	99.22 (99.32)
[200/221]	0.0189 (0.0193)	0.0008 (0.0013)	0.035 (0.054)	100.00 (99.35)
[220/221]	0.0185 (0.0192)	0.0007 (0.0012)	0.029 (0.053)	100.00 (99.36)
 * Train Acc 99.361
 * Val Acc 98.590, Total time 0.24
validation split name: 1
 * Val Acc 98.723, Total time 0.25
validation split name: 2
 * Val Acc 98.188, Total time 0.26
validation split name: 3
 * Val Acc 98.239, Total time 0.25
validation split name: 4
 * Val Acc 98.590, Total time 0.26
====================== 5 =======================
Epoch:0
LR: 0.01
Itr		Time		  Data		  Loss		Acc
[0/218]	0.1283 (0.1283)	0.1051 (0.1051)	0.481 (0.481)	82.81 (82.81)
[100/218]	0.0184 (0.0201)	0.0006 (0.0018)	0.106 (0.188)	97.66 (95.83)
[200/218]	0.0186 (0.0194)	0.0007 (0.0013)	0.107 (0.165)	97.66 (96.53)
[217/218]	0.0185 (0.0193)	0.0007 (0.0012)	0.174 (0.162)	100.00 (96.62)
 * Train Acc 96.615
 * Val Acc 95.411, Total time 0.25
Epoch:1
LR: 0.01
Itr		Time		  Data		  Loss		Acc
[0/218]	0.1274 (0.1274)	0.1054 (0.1054)	0.080 (0.080)	100.00 (100.00)
[100/218]	0.0185 (0.0195)	0.0007 (0.0018)	0.088 (0.116)	99.22 (97.92)
[200/218]	0.0185 (0.0189)	0.0008 (0.0013)	0.123 (0.109)	97.66 (98.07)
[217/218]	0.0183 (0.0189)	0.0007 (0.0012)	0.062 (0.109)	100.00 (98.07)
 * Train Acc 98.072
 * Val Acc 97.327, Total time 0.25
Epoch:2
LR: 0.01
Itr		Time		  Data		  Loss		Acc
[0/218]	0.1350 (0.1350)	0.1126 (0.1126)	0.075 (0.075)	99.22 (99.22)
[100/218]	0.0189 (0.0199)	0.0007 (0.0019)	0.053 (0.085)	100.00 (98.70)
[200/218]	0.0187 (0.0193)	0.0009 (0.0013)	0.135 (0.086)	97.66 (98.67)
[217/218]	0.0186 (0.0192)	0.0007 (0.0013)	0.076 (0.085)	100.00 (98.68)
 * Train Acc 98.680
 * Val Acc 96.873, Total time 0.24
Epoch:3
LR: 0.01
Itr		Time		  Data		  Loss		Acc
[0/218]	0.1294 (0.1294)	0.1068 (0.1068)	0.060 (0.060)	99.22 (99.22)
[100/218]	0.0186 (0.0198)	0.0008 (0.0018)	0.065 (0.073)	99.22 (99.07)
[200/218]	0.0187 (0.0192)	0.0008 (0.0013)	0.037 (0.071)	100.00 (99.09)
[217/218]	0.0182 (0.0191)	0.0007 (0.0012)	0.022 (0.071)	100.00 (99.08)
 * Train Acc 99.076
 * Val Acc 97.983, Total time 0.24
validation split name: 1
 * Val Acc 98.014, Total time 0.27
validation split name: 2
 * Val Acc 97.551, Total time 0.25
validation split name: 3
 * Val Acc 95.731, Total time 0.25
validation split name: 4
 * Val Acc 98.590, Total time 0.25
validation split name: 5
 * Val Acc 97.983, Total time 0.24
OrderedDict([('1', OrderedDict([('1', 99.90543735224587), ('2', 99.66903073286052), ('3', 99.47990543735224), ('4', 98.72340425531915), ('5', 98.01418439716312)])), ('2', OrderedDict([('2', 98.23702252693438), ('3', 98.67776689520079), ('4', 98.18805093046034), ('5', 97.55142017629775)])), ('3', OrderedDict([('3', 99.30629669156883), ('4', 98.23906083244397), ('5', 95.73105656350053)])), ('4', OrderedDict([('4', 98.5901309164149), ('5', 98.5901309164149)])), ('5', OrderedDict([('5', 97.98285426122037)]))])
Task 1 average acc: 99.90543735224587
Task 2 average acc: 98.95302662989745
Task 3 average acc: 99.15465634137395
Task 4 average acc: 98.4351617336596
Task 5 average acc: 97.57392926291934
===Summary of experiment repeats: 2 / 5 ===
The regularization coefficient: 0.5
The last avg acc of all repeats: [97.70231921 97.57392926  0.          0.          0.        ]
mean: 39.055249694316885 std: 47.832733994890724
split_boundaries: [0, 2, 4, 6, 8, 10]
{'1': [0, 1], '2': [2, 3], '3': [4, 5], '4': [6, 7], '5': [8, 9]}
MLP(
  (linear): Sequential(
    (0): Linear(in_features=1024, out_features=400, bias=True)
    (1): ReLU(inplace=True)
    (2): Linear(in_features=400, out_features=400, bias=True)
    (3): ReLU(inplace=True)
  )
  (last): ModuleDict(
    (All): Linear(in_features=400, out_features=2, bias=True)
  )
)
#parameter of model: 571202
Task order: ['1', '2', '3', '4', '5']
====================== 1 =======================
Epoch:0
LR: 0.01
Itr		Time		  Data		  Loss		Acc
[0/99]	0.1094 (0.1094)	0.1051 (0.1051)	0.633 (0.633)	96.09 (96.09)
[98/99]	0.0024 (0.0082)	0.0001 (0.0058)	0.029 (0.094)	99.17 (99.64)
 * Train Acc 99.645
 * Val Acc 99.811, Total time 0.26
Epoch:1
LR: 0.01
Itr		Time		  Data		  Loss		Acc
[0/99]	0.1108 (0.1108)	0.1062 (0.1062)	0.011 (0.011)	100.00 (100.00)
[98/99]	0.0065 (0.0083)	0.0041 (0.0059)	0.008 (0.012)	100.00 (99.76)
 * Train Acc 99.763
 * Val Acc 99.858, Total time 0.26
Epoch:2
LR: 0.01
Itr		Time		  Data		  Loss		Acc
[0/99]	0.1111 (0.1111)	0.1058 (0.1058)	0.008 (0.008)	100.00 (100.00)
[98/99]	0.0029 (0.0083)	0.0006 (0.0058)	0.002 (0.008)	100.00 (99.83)
 * Train Acc 99.826
 * Val Acc 99.858, Total time 0.25
Epoch:3
LR: 0.01
Itr		Time		  Data		  Loss		Acc
[0/99]	0.1130 (0.1130)	0.1067 (0.1067)	0.003 (0.003)	100.00 (100.00)
[98/99]	0.0024 (0.0085)	0.0001 (0.0061)	0.037 (0.006)	97.52 (99.84)
 * Train Acc 99.842
 * Val Acc 99.858, Total time 0.27
validation split name: 1
 * Val Acc 99.858, Total time 0.25
====================== 2 =======================
Epoch:0
LR: 0.01
Itr		Time		  Data		  Loss		Acc
[0/194]	0.1306 (0.1306)	0.1080 (0.1080)	0.819 (0.819)	71.09 (71.09)
[100/194]	0.0185 (0.0194)	0.0007 (0.0018)	0.109 (0.179)	98.44 (94.66)
[193/194]	0.0186 (0.0190)	0.0008 (0.0013)	0.202 (0.148)	92.00 (95.99)
 * Train Acc 95.989
 * Val Acc 95.886, Total time 0.25
Epoch:1
LR: 0.01
Itr		Time		  Data		  Loss		Acc
[0/194]	0.1290 (0.1290)	0.1062 (0.1062)	0.081 (0.081)	97.66 (97.66)
[100/194]	0.0185 (0.0198)	0.0008 (0.0018)	0.103 (0.094)	98.44 (97.87)
[193/194]	0.0188 (0.0192)	0.0006 (0.0013)	0.114 (0.090)	98.00 (97.99)
 * Train Acc 97.988
 * Val Acc 97.258, Total time 0.29
Epoch:2
LR: 0.01
Itr		Time		  Data		  Loss		Acc
[0/194]	0.1304 (0.1304)	0.1052 (0.1052)	0.086 (0.086)	96.88 (96.88)
[100/194]	0.0187 (0.0204)	0.0007 (0.0018)	0.113 (0.072)	93.75 (98.37)
[193/194]	0.0190 (0.0196)	0.0007 (0.0013)	0.087 (0.072)	100.00 (98.34)
 * Train Acc 98.340
 * Val Acc 97.992, Total time 0.26
Epoch:3
LR: 0.01
Itr		Time		  Data		  Loss		Acc
[0/194]	0.1273 (0.1273)	0.1045 (0.1045)	0.064 (0.064)	100.00 (100.00)
[100/194]	0.0187 (0.0199)	0.0007 (0.0018)	0.113 (0.064)	97.66 (98.61)
[193/194]	0.0188 (0.0193)	0.0006 (0.0013)	0.040 (0.061)	100.00 (98.64)
 * Train Acc 98.643
 * Val Acc 97.894, Total time 0.25
validation split name: 1
 * Val Acc 99.669, Total time 0.27
validation split name: 2
 * Val Acc 97.894, Total time 0.25
====================== 3 =======================
Epoch:0
LR: 0.01
Itr		Time		  Data		  Loss		Acc
[0/213]	0.1290 (0.1290)	0.1058 (0.1058)	0.481 (0.481)	86.72 (86.72)
[100/213]	0.0184 (0.0198)	0.0008 (0.0018)	0.123 (0.211)	97.66 (94.66)
[200/213]	0.0184 (0.0192)	0.0007 (0.0013)	0.173 (0.176)	97.66 (96.03)
[212/213]	0.0183 (0.0192)	0.0007 (0.0013)	0.070 (0.173)	99.21 (96.16)
 * Train Acc 96.156
 * Val Acc 97.065, Total time 0.23
Epoch:1
LR: 0.01
Itr		Time		  Data		  Loss		Acc
[0/213]	0.1308 (0.1308)	0.1100 (0.1100)	0.115 (0.115)	96.88 (96.88)
[100/213]	0.0178 (0.0187)	0.0006 (0.0017)	0.126 (0.113)	98.44 (98.14)
[200/213]	0.0172 (0.0180)	0.0006 (0.0012)	0.085 (0.103)	99.22 (98.36)
[212/213]	0.0171 (0.0180)	0.0005 (0.0011)	0.100 (0.102)	98.43 (98.38)
 * Train Acc 98.375
 * Val Acc 98.346, Total time 0.22
Epoch:2
LR: 0.01
Itr		Time		  Data		  Loss		Acc
[0/213]	0.1230 (0.1230)	0.1008 (0.1008)	0.092 (0.092)	98.44 (98.44)
[100/213]	0.0191 (0.0197)	0.0007 (0.0017)	0.080 (0.081)	98.44 (98.85)
[200/213]	0.0187 (0.0191)	0.0007 (0.0012)	0.049 (0.075)	99.22 (98.87)
[212/213]	0.0182 (0.0191)	0.0006 (0.0012)	0.044 (0.074)	99.21 (98.87)
 * Train Acc 98.870
 * Val Acc 98.826, Total time 0.23
Epoch:3
LR: 0.01
Itr		Time		  Data		  Loss		Acc
[0/213]	0.1370 (0.1370)	0.1075 (0.1075)	0.061 (0.061)	100.00 (100.00)
[100/213]	0.0190 (0.0199)	0.0006 (0.0017)	0.061 (0.063)	99.22 (99.01)
[200/213]	0.0188 (0.0192)	0.0006 (0.0012)	0.054 (0.060)	100.00 (99.13)
[212/213]	0.0183 (0.0192)	0.0005 (0.0012)	0.051 (0.059)	100.00 (99.13)
 * Train Acc 99.131
 * Val Acc 99.253, Total time 0.27
validation split name: 1
 * Val Acc 99.574, Total time 0.26
validation split name: 2
 * Val Acc 98.629, Total time 0.25
validation split name: 3
 * Val Acc 99.253, Total time 0.23
====================== 4 =======================
Epoch:0
LR: 0.01
Itr		Time		  Data		  Loss		Acc
[0/221]	0.1308 (0.1308)	0.1093 (0.1093)	0.232 (0.232)	90.62 (90.62)
[100/221]	0.0178 (0.0187)	0.0006 (0.0017)	0.114 (0.111)	96.88 (98.12)
[200/221]	0.0181 (0.0183)	0.0006 (0.0012)	0.034 (0.100)	100.00 (98.34)
[220/221]	0.0174 (0.0182)	0.0005 (0.0011)	0.055 (0.100)	100.00 (98.38)
 * Train Acc 98.382
 * Val Acc 98.389, Total time 0.24
Epoch:1
LR: 0.01
Itr		Time		  Data		  Loss		Acc
[0/221]	0.1247 (0.1247)	0.1038 (0.1038)	0.106 (0.106)	96.88 (96.88)
[100/221]	0.0187 (0.0198)	0.0007 (0.0018)	0.094 (0.083)	99.22 (98.79)
[200/221]	0.0185 (0.0191)	0.0007 (0.0013)	0.074 (0.077)	97.66 (98.89)
[220/221]	0.0179 (0.0190)	0.0006 (0.0012)	0.021 (0.076)	100.00 (98.91)
 * Train Acc 98.911
 * Val Acc 98.640, Total time 0.24
Epoch:2
LR: 0.01
Itr		Time		  Data		  Loss		Acc
[0/221]	0.1297 (0.1297)	0.1065 (0.1065)	0.065 (0.065)	100.00 (100.00)
[100/221]	0.0189 (0.0198)	0.0007 (0.0018)	0.081 (0.064)	96.88 (99.14)
[200/221]	0.0188 (0.0192)	0.0008 (0.0013)	0.049 (0.065)	100.00 (99.14)
[220/221]	0.0181 (0.0191)	0.0007 (0.0012)	0.025 (0.064)	100.00 (99.14)
 * Train Acc 99.141
 * Val Acc 98.691, Total time 0.25
Epoch:3
LR: 0.01
Itr		Time		  Data		  Loss		Acc
[0/221]	0.1297 (0.1297)	0.1073 (0.1073)	0.101 (0.101)	99.22 (99.22)
[100/221]	0.0186 (0.0198)	0.0008 (0.0018)	0.140 (0.059)	97.66 (99.28)
[200/221]	0.0186 (0.0192)	0.0008 (0.0013)	0.108 (0.057)	98.44 (99.30)
[220/221]	0.0184 (0.0191)	0.0007 (0.0012)	0.033 (0.057)	100.00 (99.32)
 * Train Acc 99.319
 * Val Acc 98.792, Total time 0.25
validation split name: 1
 * Val Acc 99.385, Total time 0.25
validation split name: 2
 * Val Acc 97.845, Total time 0.25
validation split name: 3
 * Val Acc 98.719, Total time 0.23
validation split name: 4
 * Val Acc 98.792, Total time 0.25
====================== 5 =======================
Epoch:0
LR: 0.01
Itr		Time		  Data		  Loss		Acc
[0/218]	0.1348 (0.1348)	0.1057 (0.1057)	0.260 (0.260)	89.84 (89.84)
[100/218]	0.0174 (0.0193)	0.0006 (0.0017)	0.148 (0.188)	96.88 (96.16)
[200/218]	0.0175 (0.0184)	0.0006 (0.0011)	0.136 (0.169)	96.09 (96.67)
[217/218]	0.0173 (0.0183)	0.0007 (0.0011)	0.094 (0.166)	100.00 (96.74)
 * Train Acc 96.737
 * Val Acc 96.067, Total time 0.24
Epoch:1
LR: 0.01
Itr		Time		  Data		  Loss		Acc
[0/218]	0.1317 (0.1317)	0.1062 (0.1062)	0.081 (0.081)	97.66 (97.66)
[100/218]	0.0175 (0.0188)	0.0006 (0.0017)	0.077 (0.113)	97.66 (98.09)
[200/218]	0.0173 (0.0182)	0.0006 (0.0011)	0.086 (0.111)	99.22 (98.14)
[217/218]	0.0173 (0.0181)	0.0005 (0.0011)	0.041 (0.110)	100.00 (98.15)
 * Train Acc 98.151
 * Val Acc 96.571, Total time 0.23
Epoch:2
LR: 0.01
Itr		Time		  Data		  Loss		Acc
[0/218]	0.1294 (0.1294)	0.1063 (0.1063)	0.100 (0.100)	97.66 (97.66)
[100/218]	0.0185 (0.0198)	0.0008 (0.0018)	0.113 (0.092)	97.66 (98.75)
[200/218]	0.0184 (0.0192)	0.0008 (0.0013)	0.067 (0.091)	100.00 (98.62)
[217/218]	0.0185 (0.0192)	0.0007 (0.0012)	0.081 (0.090)	100.00 (98.64)
 * Train Acc 98.637
 * Val Acc 96.016, Total time 0.24
Epoch:3
LR: 0.01
Itr		Time		  Data		  Loss		Acc
[0/218]	0.1283 (0.1283)	0.1059 (0.1059)	0.089 (0.089)	100.00 (100.00)
[100/218]	0.0185 (0.0196)	0.0006 (0.0018)	0.088 (0.078)	98.44 (98.88)
[200/218]	0.0184 (0.0190)	0.0008 (0.0013)	0.077 (0.075)	98.44 (98.95)
[217/218]	0.0181 (0.0190)	0.0006 (0.0012)	0.051 (0.075)	100.00 (98.97)
 * Train Acc 98.971
 * Val Acc 96.268, Total time 0.24
validation split name: 1
 * Val Acc 97.920, Total time 0.26
validation split name: 2
 * Val Acc 96.719, Total time 0.26
validation split name: 3
 * Val Acc 96.105, Total time 0.24
validation split name: 4
 * Val Acc 97.633, Total time 0.24
validation split name: 5
 * Val Acc 96.268, Total time 0.24
OrderedDict([('1', OrderedDict([('1', 99.8581560283688), ('2', 99.66903073286052), ('3', 99.57446808510639), ('4', 99.38534278959811), ('5', 97.91962174940899)])), ('2', OrderedDict([('2', 97.89422135161607), ('3', 98.62879529872674), ('4', 97.84524975514202), ('5', 96.71890303623898)])), ('3', OrderedDict([('3', 99.2529348986126), ('4', 98.71931696905015), ('5', 96.10458911419424)])), ('4', OrderedDict([('4', 98.79154078549848), ('5', 97.63343403826788)])), ('5', OrderedDict([('5', 96.26828038325769)]))])
Task 1 average acc: 99.8581560283688
Task 2 average acc: 98.78162604223829
Task 3 average acc: 99.15206609414857
Task 4 average acc: 98.6853625748222
Task 5 average acc: 96.92896566427355
===Summary of experiment repeats: 3 / 5 ===
The regularization coefficient: 0.5
The last avg acc of all repeats: [97.70231921 97.57392926 96.92896566  0.          0.        ]
mean: 58.441042827171586 std: 47.717631545722114
split_boundaries: [0, 2, 4, 6, 8, 10]
{'1': [0, 1], '2': [2, 3], '3': [4, 5], '4': [6, 7], '5': [8, 9]}
MLP(
  (linear): Sequential(
    (0): Linear(in_features=1024, out_features=400, bias=True)
    (1): ReLU(inplace=True)
    (2): Linear(in_features=400, out_features=400, bias=True)
    (3): ReLU(inplace=True)
  )
  (last): ModuleDict(
    (All): Linear(in_features=400, out_features=2, bias=True)
  )
)
#parameter of model: 571202
Task order: ['1', '2', '3', '4', '5']
====================== 1 =======================
Epoch:0
LR: 0.01
Itr		Time		  Data		  Loss		Acc
[0/99]	0.1071 (0.1071)	0.1024 (0.1024)	0.662 (0.662)	71.09 (71.09)
[98/99]	0.0025 (0.0083)	0.0001 (0.0058)	0.015 (0.094)	100.00 (99.26)
 * Train Acc 99.258
 * Val Acc 99.858, Total time 0.25
Epoch:1
LR: 0.01
Itr		Time		  Data		  Loss		Acc
[0/99]	0.1075 (0.1075)	0.1028 (0.1028)	0.006 (0.006)	100.00 (100.00)
[98/99]	0.0024 (0.0083)	0.0001 (0.0058)	0.005 (0.011)	100.00 (99.78)
 * Train Acc 99.779
 * Val Acc 99.905, Total time 0.26
Epoch:2
LR: 0.01
Itr		Time		  Data		  Loss		Acc
[0/99]	0.1126 (0.1126)	0.1081 (0.1081)	0.025 (0.025)	98.44 (98.44)
[98/99]	0.0155 (0.0086)	0.0132 (0.0059)	0.004 (0.008)	100.00 (99.80)
 * Train Acc 99.803
 * Val Acc 99.905, Total time 0.25
Epoch:3
LR: 0.01
Itr		Time		  Data		  Loss		Acc
[0/99]	0.1112 (0.1112)	0.1065 (0.1065)	0.002 (0.002)	100.00 (100.00)
[98/99]	0.0025 (0.0085)	0.0001 (0.0061)	0.003 (0.006)	100.00 (99.84)
 * Train Acc 99.842
 * Val Acc 99.905, Total time 0.26
validation split name: 1
 * Val Acc 99.905, Total time 0.30
====================== 2 =======================
Epoch:0
LR: 0.01
Itr		Time		  Data		  Loss		Acc
[0/194]	0.1326 (0.1326)	0.1089 (0.1089)	0.703 (0.703)	75.78 (75.78)
[100/194]	0.0187 (0.0196)	0.0008 (0.0018)	0.078 (0.169)	98.44 (95.16)
[193/194]	0.0183 (0.0190)	0.0008 (0.0013)	0.055 (0.140)	100.00 (96.19)
 * Train Acc 96.186
 * Val Acc 96.670, Total time 0.26
Epoch:1
LR: 0.01
Itr		Time		  Data		  Loss		Acc
[0/194]	0.1271 (0.1271)	0.1052 (0.1052)	0.089 (0.089)	98.44 (98.44)
[100/194]	0.0186 (0.0193)	0.0008 (0.0018)	0.068 (0.092)	99.22 (97.92)
[193/194]	0.0181 (0.0188)	0.0008 (0.0013)	0.071 (0.086)	100.00 (98.03)
 * Train Acc 98.033
 * Val Acc 97.796, Total time 0.25
Epoch:2
LR: 0.01
Itr		Time		  Data		  Loss		Acc
[0/194]	0.1297 (0.1297)	0.1053 (0.1053)	0.064 (0.064)	100.00 (100.00)
[100/194]	0.0224 (0.0208)	0.0007 (0.0018)	0.132 (0.075)	96.88 (98.24)
[193/194]	0.0182 (0.0202)	0.0005 (0.0013)	0.036 (0.070)	100.00 (98.36)
 * Train Acc 98.360
 * Val Acc 98.041, Total time 0.26
Epoch:3
LR: 0.01
Itr		Time		  Data		  Loss		Acc
[0/194]	0.1272 (0.1272)	0.1046 (0.1046)	0.043 (0.043)	99.22 (99.22)
[100/194]	0.0184 (0.0195)	0.0007 (0.0018)	0.033 (0.061)	98.44 (98.49)
[193/194]	0.0185 (0.0190)	0.0006 (0.0013)	0.027 (0.060)	100.00 (98.59)
 * Train Acc 98.590
 * Val Acc 98.237, Total time 0.25
validation split name: 1
 * Val Acc 99.574, Total time 0.25
validation split name: 2
 * Val Acc 98.237, Total time 0.25
====================== 3 =======================
Epoch:0
LR: 0.01
Itr		Time		  Data		  Loss		Acc
[0/213]	0.1294 (0.1294)	0.1073 (0.1073)	0.469 (0.469)	86.72 (86.72)
[100/213]	0.0188 (0.0197)	0.0007 (0.0017)	0.203 (0.199)	95.31 (95.13)
[200/213]	0.0187 (0.0192)	0.0006 (0.0012)	0.108 (0.168)	96.88 (96.24)
[212/213]	0.0184 (0.0192)	0.0006 (0.0012)	0.106 (0.165)	98.43 (96.33)
 * Train Acc 96.332
 * Val Acc 97.385, Total time 0.23
Epoch:1
LR: 0.01
Itr		Time		  Data		  Loss		Acc
[0/213]	0.1327 (0.1327)	0.1100 (0.1100)	0.091 (0.091)	99.22 (99.22)
[100/213]	0.0182 (0.0197)	0.0007 (0.0018)	0.109 (0.108)	98.44 (98.24)
[200/213]	0.0184 (0.0190)	0.0006 (0.0013)	0.055 (0.097)	99.22 (98.51)
[212/213]	0.0184 (0.0190)	0.0007 (0.0013)	0.090 (0.096)	96.85 (98.51)
 * Train Acc 98.514
 * Val Acc 98.346, Total time 0.24
Epoch:2
LR: 0.01
Itr		Time		  Data		  Loss		Acc
[0/213]	0.1364 (0.1364)	0.1133 (0.1133)	0.115 (0.115)	97.66 (97.66)
[100/213]	0.0181 (0.0204)	0.0007 (0.0019)	0.063 (0.075)	100.00 (98.90)
[200/213]	0.0185 (0.0194)	0.0009 (0.0013)	0.059 (0.069)	98.44 (98.93)
[212/213]	0.0181 (0.0194)	0.0007 (0.0013)	0.048 (0.069)	100.00 (98.95)
 * Train Acc 98.951
 * Val Acc 99.039, Total time 0.25
Epoch:3
LR: 0.01
Itr		Time		  Data		  Loss		Acc
[0/213]	0.1302 (0.1302)	0.1086 (0.1086)	0.043 (0.043)	99.22 (99.22)
[100/213]	0.0187 (0.0197)	0.0008 (0.0018)	0.084 (0.058)	98.44 (99.21)
[200/213]	0.0190 (0.0191)	0.0007 (0.0013)	0.043 (0.054)	99.22 (99.21)
[212/213]	0.0186 (0.0191)	0.0006 (0.0012)	0.070 (0.054)	99.21 (99.21)
 * Train Acc 99.211
 * Val Acc 99.200, Total time 0.23
validation split name: 1
 * Val Acc 99.385, Total time 0.25
validation split name: 2
 * Val Acc 98.727, Total time 0.25
validation split name: 3
 * Val Acc 99.200, Total time 0.25
====================== 4 =======================
Epoch:0
LR: 0.01
Itr		Time		  Data		  Loss		Acc
[0/221]	0.1271 (0.1271)	0.1047 (0.1047)	0.188 (0.188)	92.97 (92.97)
[100/221]	0.0183 (0.0196)	0.0007 (0.0018)	0.096 (0.100)	99.22 (98.28)
[200/221]	0.0186 (0.0190)	0.0007 (0.0013)	0.117 (0.097)	97.66 (98.41)
[220/221]	0.0181 (0.0190)	0.0007 (0.0012)	0.100 (0.096)	100.00 (98.45)
 * Train Acc 98.446
 * Val Acc 98.087, Total time 0.26
Epoch:1
LR: 0.01
Itr		Time		  Data		  Loss		Acc
[0/221]	0.1333 (0.1333)	0.1111 (0.1111)	0.082 (0.082)	97.66 (97.66)
[100/221]	0.0185 (0.0198)	0.0008 (0.0017)	0.056 (0.076)	100.00 (98.85)
[200/221]	0.0188 (0.0192)	0.0006 (0.0012)	0.048 (0.075)	100.00 (98.87)
[220/221]	0.0182 (0.0191)	0.0006 (0.0011)	0.030 (0.074)	100.00 (98.88)
 * Train Acc 98.879
 * Val Acc 98.238, Total time 0.24
Epoch:2
LR: 0.01
Itr		Time		  Data		  Loss		Acc
[0/221]	0.1288 (0.1288)	0.1071 (0.1071)	0.058 (0.058)	99.22 (99.22)
[100/221]	0.0186 (0.0197)	0.0006 (0.0018)	0.083 (0.064)	99.22 (99.15)
[200/221]	0.0188 (0.0191)	0.0008 (0.0013)	0.068 (0.063)	98.44 (99.11)
[220/221]	0.0182 (0.0190)	0.0006 (0.0012)	0.038 (0.063)	100.00 (99.07)
 * Train Acc 99.074
 * Val Acc 98.640, Total time 0.25
Epoch:3
LR: 0.01
Itr		Time		  Data		  Loss		Acc
[0/221]	0.1316 (0.1316)	0.1086 (0.1086)	0.048 (0.048)	99.22 (99.22)
[100/221]	0.0190 (0.0197)	0.0008 (0.0018)	0.041 (0.056)	100.00 (99.26)
[200/221]	0.0187 (0.0191)	0.0007 (0.0013)	0.067 (0.055)	99.22 (99.31)
[220/221]	0.0182 (0.0191)	0.0007 (0.0012)	0.033 (0.055)	100.00 (99.29)
 * Train Acc 99.294
 * Val Acc 98.842, Total time 0.24
validation split name: 1
 * Val Acc 99.291, Total time 0.29
validation split name: 2
 * Val Acc 98.188, Total time 0.25
validation split name: 3
 * Val Acc 98.346, Total time 0.27
validation split name: 4
 * Val Acc 98.842, Total time 0.25
====================== 5 =======================
Epoch:0
LR: 0.01
Itr		Time		  Data		  Loss		Acc
[0/218]	0.1270 (0.1270)	0.1048 (0.1048)	0.494 (0.494)	83.59 (83.59)
[100/218]	0.0188 (0.0202)	0.0008 (0.0018)	0.220 (0.195)	94.53 (95.65)
[200/218]	0.0186 (0.0194)	0.0008 (0.0013)	0.129 (0.163)	97.66 (96.58)
[217/218]	0.0184 (0.0193)	0.0007 (0.0012)	0.269 (0.161)	91.67 (96.67)
 * Train Acc 96.665
 * Val Acc 94.100, Total time 0.27
Epoch:1
LR: 0.01
Itr		Time		  Data		  Loss		Acc
[0/218]	0.1278 (0.1278)	0.1043 (0.1043)	0.121 (0.121)	97.66 (97.66)
[100/218]	0.0190 (0.0200)	0.0007 (0.0018)	0.080 (0.114)	99.22 (98.04)
[200/218]	0.0183 (0.0193)	0.0006 (0.0013)	0.082 (0.111)	99.22 (98.17)
[217/218]	0.0185 (0.0192)	0.0006 (0.0012)	0.074 (0.111)	100.00 (98.20)
 * Train Acc 98.198
 * Val Acc 96.873, Total time 0.26
Epoch:2
LR: 0.01
Itr		Time		  Data		  Loss		Acc
[0/218]	0.1242 (0.1242)	0.1016 (0.1016)	0.067 (0.067)	100.00 (100.00)
[100/218]	0.0189 (0.0203)	0.0006 (0.0017)	0.050 (0.089)	98.44 (98.67)
[200/218]	0.0183 (0.0194)	0.0007 (0.0012)	0.082 (0.088)	99.22 (98.67)
[217/218]	0.0187 (0.0194)	0.0005 (0.0011)	0.163 (0.087)	95.83 (98.67)
 * Train Acc 98.673
 * Val Acc 97.075, Total time 0.24
Epoch:3
LR: 0.01
Itr		Time		  Data		  Loss		Acc
[0/218]	0.1292 (0.1292)	0.1072 (0.1072)	0.076 (0.076)	98.44 (98.44)
[100/218]	0.0186 (0.0197)	0.0007 (0.0018)	0.118 (0.082)	99.22 (98.92)
[200/218]	0.0186 (0.0191)	0.0008 (0.0013)	0.115 (0.075)	97.66 (98.92)
[217/218]	0.0184 (0.0191)	0.0007 (0.0012)	0.071 (0.075)	100.00 (98.93)
 * Train Acc 98.928
 * Val Acc 97.579, Total time 0.24
validation split name: 1
 * Val Acc 98.676, Total time 0.25
validation split name: 2
 * Val Acc 98.335, Total time 0.25
validation split name: 3
 * Val Acc 95.358, Total time 0.25
validation split name: 4
 * Val Acc 98.489, Total time 0.24
validation split name: 5
 * Val Acc 97.579, Total time 0.26
OrderedDict([('1', OrderedDict([('1', 99.90543735224587), ('2', 99.57446808510639), ('3', 99.38534278959811), ('4', 99.29078014184397), ('5', 98.67612293144208)])), ('2', OrderedDict([('2', 98.23702252693438), ('3', 98.72673849167482), ('4', 98.18805093046034), ('5', 98.33496571988246)])), ('3', OrderedDict([('3', 99.19957310565636), ('4', 98.34578441835646), ('5', 95.35752401280683)])), ('4', OrderedDict([('4', 98.84189325276938), ('5', 98.48942598187311)])), ('5', OrderedDict([('5', 97.57942511346445)]))])
Task 1 average acc: 99.90543735224587
Task 2 average acc: 98.90574530602038
Task 3 average acc: 99.10388479564308
Task 4 average acc: 98.66662718585755
Task 5 average acc: 97.6874927518938
===Summary of experiment repeats: 4 / 5 ===
The regularization coefficient: 0.5
The last avg acc of all repeats: [97.70231921 97.57392926 96.92896566 97.68749275  0.        ]
mean: 77.97854137755034 std: 38.990308792320775
split_boundaries: [0, 2, 4, 6, 8, 10]
{'1': [0, 1], '2': [2, 3], '3': [4, 5], '4': [6, 7], '5': [8, 9]}
MLP(
  (linear): Sequential(
    (0): Linear(in_features=1024, out_features=400, bias=True)
    (1): ReLU(inplace=True)
    (2): Linear(in_features=400, out_features=400, bias=True)
    (3): ReLU(inplace=True)
  )
  (last): ModuleDict(
    (All): Linear(in_features=400, out_features=2, bias=True)
  )
)
#parameter of model: 571202
Task order: ['1', '2', '3', '4', '5']
====================== 1 =======================
Epoch:0
LR: 0.01
Itr		Time		  Data		  Loss		Acc
[0/99]	0.1126 (0.1126)	0.1074 (0.1074)	0.715 (0.715)	21.09 (21.09)
[98/99]	0.0024 (0.0085)	0.0001 (0.0061)	0.021 (0.113)	99.17 (98.51)
 * Train Acc 98.508
 * Val Acc 99.858, Total time 0.25
Epoch:1
LR: 0.01
Itr		Time		  Data		  Loss		Acc
[0/99]	0.1127 (0.1127)	0.1076 (0.1076)	0.011 (0.011)	100.00 (100.00)
[98/99]	0.0025 (0.0092)	0.0001 (0.0061)	0.009 (0.012)	100.00 (99.78)
 * Train Acc 99.779
 * Val Acc 99.905, Total time 0.26
Epoch:2
LR: 0.01
Itr		Time		  Data		  Loss		Acc
[0/99]	0.1186 (0.1186)	0.1114 (0.1114)	0.009 (0.009)	100.00 (100.00)
[98/99]	0.0024 (0.0086)	0.0001 (0.0059)	0.004 (0.008)	100.00 (99.81)
 * Train Acc 99.811
 * Val Acc 99.905, Total time 0.25
Epoch:3
LR: 0.01
Itr		Time		  Data		  Loss		Acc
[0/99]	0.1243 (0.1243)	0.1186 (0.1186)	0.003 (0.003)	100.00 (100.00)
[98/99]	0.0024 (0.0085)	0.0001 (0.0059)	0.006 (0.006)	100.00 (99.83)
 * Train Acc 99.826
 * Val Acc 99.905, Total time 0.25
validation split name: 1
 * Val Acc 99.905, Total time 0.25
====================== 2 =======================
Epoch:0
LR: 0.01
Itr		Time		  Data		  Loss		Acc
[0/194]	0.1275 (0.1275)	0.1052 (0.1052)	0.705 (0.705)	73.44 (73.44)
[100/194]	0.0185 (0.0196)	0.0007 (0.0018)	0.108 (0.180)	97.66 (94.62)
[193/194]	0.0175 (0.0188)	0.0005 (0.0013)	0.099 (0.146)	98.00 (96.01)
 * Train Acc 96.009
 * Val Acc 96.131, Total time 0.26
Epoch:1
LR: 0.01
Itr		Time		  Data		  Loss		Acc
[0/194]	0.1275 (0.1275)	0.1050 (0.1050)	0.088 (0.088)	98.44 (98.44)
[100/194]	0.0183 (0.0196)	0.0008 (0.0018)	0.069 (0.095)	98.44 (97.84)
[193/194]	0.0181 (0.0190)	0.0006 (0.0013)	0.052 (0.091)	100.00 (97.94)
 * Train Acc 97.936
 * Val Acc 97.111, Total time 0.25
Epoch:2
LR: 0.01
Itr		Time		  Data		  Loss		Acc
[0/194]	0.1332 (0.1332)	0.1068 (0.1068)	0.090 (0.090)	96.09 (96.09)
[100/194]	0.0181 (0.0195)	0.0006 (0.0017)	0.124 (0.082)	96.88 (98.07)
[193/194]	0.0180 (0.0189)	0.0005 (0.0012)	0.129 (0.076)	98.00 (98.23)
 * Train Acc 98.235
 * Val Acc 97.747, Total time 0.26
Epoch:3
LR: 0.01
Itr		Time		  Data		  Loss		Acc
[0/194]	0.1300 (0.1300)	0.1077 (0.1077)	0.090 (0.090)	96.09 (96.09)
[100/194]	0.0185 (0.0193)	0.0007 (0.0018)	0.215 (0.068)	96.88 (98.49)
[193/194]	0.0182 (0.0188)	0.0008 (0.0013)	0.142 (0.064)	94.00 (98.56)
 * Train Acc 98.562
 * Val Acc 97.943, Total time 0.25
validation split name: 1
 * Val Acc 99.716, Total time 0.26
validation split name: 2
 * Val Acc 97.943, Total time 0.25
====================== 3 =======================
Epoch:0
LR: 0.01
Itr		Time		  Data		  Loss		Acc
[0/213]	0.1294 (0.1294)	0.1067 (0.1067)	0.427 (0.427)	89.84 (89.84)
[100/213]	0.0186 (0.0195)	0.0008 (0.0018)	0.192 (0.219)	98.44 (94.86)
[200/213]	0.0182 (0.0189)	0.0007 (0.0013)	0.128 (0.182)	95.31 (96.11)
[212/213]	0.0181 (0.0189)	0.0006 (0.0012)	0.130 (0.179)	95.28 (96.21)
 * Train Acc 96.207
 * Val Acc 97.439, Total time 0.24
Epoch:1
LR: 0.01
Itr		Time		  Data		  Loss		Acc
[0/213]	0.1303 (0.1303)	0.1076 (0.1076)	0.130 (0.130)	96.88 (96.88)
[100/213]	0.0189 (0.0197)	0.0008 (0.0017)	0.099 (0.110)	98.44 (98.25)
[200/213]	0.0188 (0.0191)	0.0007 (0.0012)	0.100 (0.105)	96.88 (98.32)
[212/213]	0.0184 (0.0190)	0.0006 (0.0012)	0.147 (0.105)	98.43 (98.33)
 * Train Acc 98.331
 * Val Acc 98.346, Total time 0.23
Epoch:2
LR: 0.01
Itr		Time		  Data		  Loss		Acc
[0/213]	0.1289 (0.1289)	0.1070 (0.1070)	0.082 (0.082)	97.66 (97.66)
[100/213]	0.0186 (0.0198)	0.0007 (0.0018)	0.067 (0.078)	99.22 (98.79)
[200/213]	0.0182 (0.0191)	0.0007 (0.0013)	0.078 (0.075)	97.66 (98.82)
[212/213]	0.0184 (0.0191)	0.0008 (0.0013)	0.049 (0.074)	99.21 (98.83)
 * Train Acc 98.826
 * Val Acc 98.986, Total time 0.23
Epoch:3
LR: 0.01
Itr		Time		  Data		  Loss		Acc
[0/213]	0.1254 (0.1254)	0.1029 (0.1029)	0.068 (0.068)	99.22 (99.22)
[100/213]	0.0184 (0.0201)	0.0008 (0.0018)	0.098 (0.063)	98.44 (99.15)
[200/213]	0.0183 (0.0192)	0.0007 (0.0013)	0.081 (0.064)	97.66 (99.11)
[212/213]	0.0185 (0.0192)	0.0007 (0.0012)	0.066 (0.064)	100.00 (99.11)
 * Train Acc 99.109
 * Val Acc 99.306, Total time 0.23
validation split name: 1
 * Val Acc 99.622, Total time 0.25
validation split name: 2
 * Val Acc 98.776, Total time 0.25
validation split name: 3
 * Val Acc 99.306, Total time 0.24
====================== 4 =======================
Epoch:0
LR: 0.01
Itr		Time		  Data		  Loss		Acc
[0/221]	0.1353 (0.1353)	0.1080 (0.1080)	0.280 (0.280)	89.84 (89.84)
[100/221]	0.0185 (0.0200)	0.0008 (0.0018)	0.111 (0.105)	97.66 (98.18)
[200/221]	0.0186 (0.0193)	0.0008 (0.0013)	0.096 (0.097)	97.66 (98.34)
[220/221]	0.0182 (0.0192)	0.0006 (0.0012)	0.028 (0.097)	100.00 (98.38)
 * Train Acc 98.382
 * Val Acc 98.439, Total time 0.25
Epoch:1
LR: 0.01
Itr		Time		  Data		  Loss		Acc
[0/221]	0.1355 (0.1355)	0.1128 (0.1128)	0.095 (0.095)	96.88 (96.88)
[100/221]	0.0187 (0.0198)	0.0007 (0.0019)	0.072 (0.084)	99.22 (98.86)
[200/221]	0.0183 (0.0191)	0.0007 (0.0013)	0.044 (0.080)	98.44 (98.88)
[220/221]	0.0185 (0.0191)	0.0008 (0.0013)	0.060 (0.079)	100.00 (98.89)
 * Train Acc 98.889
 * Val Acc 98.590, Total time 0.24
Epoch:2
LR: 0.01
Itr		Time		  Data		  Loss		Acc
[0/221]	0.1302 (0.1302)	0.1076 (0.1076)	0.042 (0.042)	100.00 (100.00)
[100/221]	0.0188 (0.0195)	0.0009 (0.0018)	0.058 (0.064)	99.22 (99.27)
[200/221]	0.0180 (0.0189)	0.0006 (0.0013)	0.044 (0.065)	100.00 (99.13)
[220/221]	0.0182 (0.0189)	0.0008 (0.0012)	0.098 (0.066)	100.00 (99.13)
 * Train Acc 99.127
 * Val Acc 98.792, Total time 0.25
Epoch:3
LR: 0.01
Itr		Time		  Data		  Loss		Acc
[0/221]	0.1304 (0.1304)	0.1064 (0.1064)	0.117 (0.117)	99.22 (99.22)
[100/221]	0.0186 (0.0198)	0.0006 (0.0017)	0.030 (0.058)	100.00 (99.33)
[200/221]	0.0187 (0.0193)	0.0007 (0.0012)	0.040 (0.059)	100.00 (99.30)
[220/221]	0.0180 (0.0192)	0.0005 (0.0012)	0.026 (0.059)	100.00 (99.28)
 * Train Acc 99.280
 * Val Acc 98.741, Total time 0.24
validation split name: 1
 * Val Acc 99.291, Total time 0.25
validation split name: 2
 * Val Acc 98.629, Total time 0.26
validation split name: 3
 * Val Acc 98.132, Total time 0.24
validation split name: 4
 * Val Acc 98.741, Total time 0.24
====================== 5 =======================
Epoch:0
LR: 0.01
Itr		Time		  Data		  Loss		Acc
[0/218]	0.1259 (0.1259)	0.1044 (0.1044)	0.409 (0.409)	85.94 (85.94)
[100/218]	0.0175 (0.0186)	0.0006 (0.0016)	0.159 (0.196)	98.44 (95.79)
[200/218]	0.0172 (0.0180)	0.0006 (0.0011)	0.163 (0.174)	96.88 (96.47)
[217/218]	0.0174 (0.0180)	0.0006 (0.0011)	0.242 (0.170)	95.83 (96.57)
 * Train Acc 96.572
 * Val Acc 96.268, Total time 0.24
Epoch:1
LR: 0.01
Itr		Time		  Data		  Loss		Acc
[0/218]	0.1343 (0.1343)	0.1113 (0.1113)	0.096 (0.096)	99.22 (99.22)
[100/218]	0.0190 (0.0200)	0.0008 (0.0018)	0.115 (0.126)	98.44 (97.86)
[200/218]	0.0190 (0.0194)	0.0007 (0.0013)	0.123 (0.121)	96.88 (98.05)
[217/218]	0.0189 (0.0193)	0.0008 (0.0013)	0.100 (0.119)	95.83 (98.08)
 * Train Acc 98.076
 * Val Acc 96.571, Total time 0.24
Epoch:2
LR: 0.01
Itr		Time		  Data		  Loss		Acc
[0/218]	0.1325 (0.1325)	0.1094 (0.1094)	0.109 (0.109)	99.22 (99.22)
[100/218]	0.0185 (0.0199)	0.0007 (0.0018)	0.116 (0.101)	100.00 (98.60)
[200/218]	0.0189 (0.0193)	0.0007 (0.0013)	0.043 (0.096)	100.00 (98.68)
[217/218]	0.0184 (0.0192)	0.0007 (0.0012)	0.061 (0.096)	100.00 (98.63)
 * Train Acc 98.629
 * Val Acc 96.420, Total time 0.28
Epoch:3
LR: 0.01
Itr		Time		  Data		  Loss		Acc
[0/218]	0.1346 (0.1346)	0.1095 (0.1095)	0.071 (0.071)	99.22 (99.22)
[100/218]	0.0186 (0.0211)	0.0008 (0.0018)	0.052 (0.078)	99.22 (98.94)
[200/218]	0.0221 (0.0204)	0.0007 (0.0013)	0.118 (0.078)	98.44 (98.91)
[217/218]	0.0183 (0.0203)	0.0006 (0.0013)	0.034 (0.078)	100.00 (98.94)
 * Train Acc 98.939
 * Val Acc 96.873, Total time 0.25
validation split name: 1
 * Val Acc 98.345, Total time 0.26
validation split name: 2
 * Val Acc 97.258, Total time 0.26
validation split name: 3
 * Val Acc 95.784, Total time 0.23
validation split name: 4
 * Val Acc 98.187, Total time 0.29
validation split name: 5
 * Val Acc 96.873, Total time 0.24
OrderedDict([('1', OrderedDict([('1', 99.90543735224587), ('2', 99.71631205673759), ('3', 99.62174940898345), ('4', 99.29078014184397), ('5', 98.3451536643026)])), ('2', OrderedDict([('2', 97.94319294809011), ('3', 98.77571008814887), ('4', 98.62879529872674), ('5', 97.25759059745347)])), ('3', OrderedDict([('3', 99.30629669156883), ('4', 98.13233724653148), ('5', 95.78441835645678)])), ('4', OrderedDict([('4', 98.7411883182276), ('5', 98.18731117824774)])), ('5', OrderedDict([('5', 96.87342410489158)]))])
Task 1 average acc: 99.90543735224587
Task 2 average acc: 98.82975250241385
Task 3 average acc: 99.23458539623373
Task 4 average acc: 98.69827525133246
Task 5 average acc: 97.28957958027044
===Summary of experiment repeats: 5 / 5 ===
The regularization coefficient: 0.5
The last avg acc of all repeats: [97.70231921 97.57392926 96.92896566 97.68749275 97.28957958]
mean: 97.43645729360443 std: 0.2938437401275446
reg_coef: 0.5 mean: 97.43645729360443 std: 0.2938437401275446
Total Time for the script is 463.10684275627136 seconds
