split_boundaries: [0, 2, 4, 6, 8, 10]
{'1': [0, 1], '2': [2, 3], '3': [4, 5], '4': [6, 7], '5': [8, 9]}
MLP(
  (linear): Sequential(
    (0): Linear(in_features=1024, out_features=400, bias=True)
    (1): ReLU(inplace=True)
    (2): Linear(in_features=400, out_features=400, bias=True)
    (3): ReLU(inplace=True)
  )
  (last): ModuleDict(
    (All): Linear(in_features=400, out_features=2, bias=True)
  )
)
#parameter of model: 571202
Task order: ['1', '2', '3', '4', '5']
====================== 1 =======================
Epoch:0
LR: 0.01
Itr		Time		  Data		  Loss		Acc
[0/99]	0.5251 (0.5251)	0.0926 (0.0926)	0.680 (0.680)	67.19 (67.19)
[98/99]	0.0014 (0.0124)	0.0001 (0.0065)	0.026 (0.187)	100.00 (98.97)
 * Train Acc 98.974
 * Val Acc 99.764, Total time 0.25
Epoch:1
LR: 0.01
Itr		Time		  Data		  Loss		Acc
[0/99]	0.1078 (0.1078)	0.1032 (0.1032)	0.032 (0.032)	100.00 (100.00)
[98/99]	0.0014 (0.0085)	0.0001 (0.0070)	0.010 (0.023)	100.00 (99.71)
 * Train Acc 99.708
 * Val Acc 99.811, Total time 0.30
Epoch:2
LR: 0.01
Itr		Time		  Data		  Loss		Acc
[0/99]	0.1094 (0.1094)	0.1039 (0.1039)	0.009 (0.009)	100.00 (100.00)
[98/99]	0.0043 (0.0084)	0.0027 (0.0068)	0.008 (0.014)	100.00 (99.75)
 * Train Acc 99.747
 * Val Acc 99.905, Total time 0.25
Epoch:3
LR: 0.01
Itr		Time		  Data		  Loss		Acc
[0/99]	0.1104 (0.1104)	0.1052 (0.1052)	0.015 (0.015)	99.22 (99.22)
[98/99]	0.0014 (0.0083)	0.0001 (0.0069)	0.004 (0.010)	100.00 (99.78)
 * Train Acc 99.779
 * Val Acc 99.905, Total time 0.25
validation split name: 1
 * Val Acc 99.905, Total time 0.25
====================== 2 =======================
Epoch:0
LR: 0.01
Itr		Time		  Data		  Loss		Acc
[0/164]	0.1282 (0.1282)	0.1049 (0.1049)	0.851 (0.851)	71.88 (71.88)
[100/164]	0.0116 (0.0098)	0.0034 (0.0025)	0.169 (0.237)	92.97 (90.47)
[163/164]	0.0031 (0.0093)	0.0002 (0.0023)	0.144 (0.187)	96.00 (92.69)
 * Train Acc 92.685
 * Val Acc 94.809, Total time 0.25
Epoch:1
LR: 0.01
Itr		Time		  Data		  Loss		Acc
[0/164]	0.1510 (0.1510)	0.1080 (0.1080)	0.168 (0.168)	94.53 (94.53)
[100/164]	0.0090 (0.0100)	0.0028 (0.0029)	0.097 (0.086)	96.88 (97.11)
[163/164]	0.0031 (0.0093)	0.0002 (0.0029)	0.027 (0.084)	100.00 (97.16)
 * Train Acc 97.161
 * Val Acc 96.180, Total time 0.25
Epoch:2
LR: 0.01
Itr		Time		  Data		  Loss		Acc
[0/164]	0.1452 (0.1452)	0.1034 (0.1034)	0.048 (0.048)	99.22 (99.22)
[100/164]	0.0062 (0.0100)	0.0024 (0.0039)	0.146 (0.073)	96.09 (97.49)
[163/164]	0.0031 (0.0094)	0.0002 (0.0035)	0.099 (0.071)	96.00 (97.60)
 * Train Acc 97.597
 * Val Acc 96.866, Total time 0.26
Epoch:3
LR: 0.01
Itr		Time		  Data		  Loss		Acc
[0/164]	0.1495 (0.1495)	0.1100 (0.1100)	0.046 (0.046)	97.66 (97.66)
[100/164]	0.0093 (0.0096)	0.0066 (0.0032)	0.025 (0.063)	100.00 (98.01)
[163/164]	0.0026 (0.0090)	0.0001 (0.0030)	0.037 (0.064)	100.00 (97.94)
 * Train Acc 97.937
 * Val Acc 97.356, Total time 0.25
validation split name: 1
 * Val Acc 99.669, Total time 0.25
validation split name: 2
 * Val Acc 97.356, Total time 0.26
====================== 3 =======================
Epoch:0
LR: 0.01
Itr		Time		  Data		  Loss		Acc
[0/157]	0.1428 (0.1428)	0.1087 (0.1087)	0.516 (0.516)	81.25 (81.25)
[100/157]	0.0102 (0.0131)	0.0003 (0.0023)	0.141 (0.255)	94.53 (90.21)
[156/157]	0.0042 (0.0122)	0.0007 (0.0019)	0.124 (0.211)	93.68 (92.00)
 * Train Acc 92.000
 * Val Acc 94.130, Total time 0.23
Epoch:1
LR: 0.01
Itr		Time		  Data		  Loss		Acc
[0/157]	0.1445 (0.1445)	0.1056 (0.1056)	0.112 (0.112)	94.53 (94.53)
[100/157]	0.0116 (0.0129)	0.0011 (0.0022)	0.115 (0.098)	96.88 (96.73)
[156/157]	0.0106 (0.0120)	0.0011 (0.0018)	0.096 (0.093)	94.74 (96.86)
 * Train Acc 96.860
 * Val Acc 96.798, Total time 0.24
Epoch:2
LR: 0.01
Itr		Time		  Data		  Loss		Acc
[0/157]	0.1524 (0.1524)	0.1088 (0.1088)	0.040 (0.040)	99.22 (99.22)
[100/157]	0.0109 (0.0125)	0.0011 (0.0022)	0.035 (0.067)	99.22 (97.81)
[156/157]	0.0108 (0.0120)	0.0011 (0.0018)	0.074 (0.064)	97.89 (98.03)
 * Train Acc 98.026
 * Val Acc 97.972, Total time 0.24
Epoch:3
LR: 0.01
Itr		Time		  Data		  Loss		Acc
[0/157]	0.1456 (0.1456)	0.1088 (0.1088)	0.041 (0.041)	98.44 (98.44)
[100/157]	0.0110 (0.0123)	0.0011 (0.0021)	0.041 (0.049)	99.22 (98.51)
[156/157]	0.0099 (0.0115)	0.0007 (0.0018)	0.091 (0.048)	95.79 (98.54)
 * Train Acc 98.540
 * Val Acc 98.559, Total time 0.23
validation split name: 1
 * Val Acc 99.574, Total time 0.25
validation split name: 2
 * Val Acc 97.747, Total time 0.26
validation split name: 3
 * Val Acc 98.559, Total time 0.25
====================== 4 =======================
Epoch:0
LR: 0.01
Itr		Time		  Data		  Loss		Acc
[0/164]	0.1454 (0.1454)	0.1054 (0.1054)	0.531 (0.531)	77.34 (77.34)
[100/164]	0.0137 (0.0149)	0.0011 (0.0021)	0.061 (0.090)	97.66 (96.77)
[163/164]	0.0137 (0.0144)	0.0011 (0.0017)	0.126 (0.079)	97.39 (97.23)
 * Train Acc 97.226
 * Val Acc 97.180, Total time 0.24
Epoch:1
LR: 0.01
Itr		Time		  Data		  Loss		Acc
[0/164]	0.1501 (0.1501)	0.1097 (0.1097)	0.051 (0.051)	98.44 (98.44)
[100/164]	0.0145 (0.0154)	0.0011 (0.0021)	0.077 (0.049)	97.66 (98.51)
[163/164]	0.0143 (0.0153)	0.0011 (0.0018)	0.033 (0.048)	99.13 (98.55)
 * Train Acc 98.551
 * Val Acc 97.784, Total time 0.23
Epoch:2
LR: 0.01
Itr		Time		  Data		  Loss		Acc
[0/164]	0.1536 (0.1536)	0.1107 (0.1107)	0.068 (0.068)	98.44 (98.44)
[100/164]	0.0134 (0.0157)	0.0006 (0.0022)	0.008 (0.038)	100.00 (98.92)
[163/164]	0.0141 (0.0149)	0.0010 (0.0018)	0.067 (0.037)	98.26 (98.93)
 * Train Acc 98.932
 * Val Acc 98.540, Total time 0.23
Epoch:3
LR: 0.01
Itr		Time		  Data		  Loss		Acc
[0/164]	0.1360 (0.1360)	0.1019 (0.1019)	0.029 (0.029)	99.22 (99.22)
[100/164]	0.0133 (0.0152)	0.0011 (0.0021)	0.007 (0.031)	100.00 (99.07)
[163/164]	0.0135 (0.0145)	0.0009 (0.0017)	0.012 (0.030)	100.00 (99.10)
 * Train Acc 99.104
 * Val Acc 98.439, Total time 0.24
validation split name: 1
 * Val Acc 99.007, Total time 0.25
validation split name: 2
 * Val Acc 98.041, Total time 0.26
validation split name: 3
 * Val Acc 98.506, Total time 0.25
validation split name: 4
 * Val Acc 98.439, Total time 0.24
====================== 5 =======================
Epoch:0
LR: 0.01
Itr		Time		  Data		  Loss		Acc
[0/161]	0.1498 (0.1498)	0.1141 (0.1141)	0.800 (0.800)	71.09 (71.09)
[100/161]	0.0150 (0.0147)	0.0010 (0.0022)	0.171 (0.206)	92.97 (93.01)
[160/161]	0.0142 (0.0145)	0.0010 (0.0018)	0.104 (0.176)	95.83 (93.97)
 * Train Acc 93.971
 * Val Acc 93.747, Total time 0.24
Epoch:1
LR: 0.01
Itr		Time		  Data		  Loss		Acc
[0/161]	0.1304 (0.1304)	0.1017 (0.1017)	0.084 (0.084)	96.88 (96.88)
[100/161]	0.0147 (0.0151)	0.0010 (0.0020)	0.080 (0.095)	97.66 (96.67)
[160/161]	0.0161 (0.0147)	0.0010 (0.0016)	0.080 (0.092)	95.83 (96.83)
 * Train Acc 96.830
 * Val Acc 95.058, Total time 0.27
Epoch:2
LR: 0.01
Itr		Time		  Data		  Loss		Acc
[0/161]	0.1450 (0.1450)	0.1039 (0.1039)	0.062 (0.062)	96.09 (96.09)
[100/161]	0.0155 (0.0158)	0.0011 (0.0021)	0.069 (0.068)	96.88 (97.73)
[160/161]	0.0071 (0.0149)	0.0010 (0.0017)	0.091 (0.069)	97.50 (97.69)
 * Train Acc 97.689
 * Val Acc 96.571, Total time 0.23
Epoch:3
LR: 0.01
Itr		Time		  Data		  Loss		Acc
[0/161]	0.1579 (0.1579)	0.1066 (0.1066)	0.076 (0.076)	96.88 (96.88)
[100/161]	0.0147 (0.0155)	0.0012 (0.0020)	0.072 (0.053)	96.88 (98.19)
[160/161]	0.0149 (0.0147)	0.0010 (0.0016)	0.055 (0.056)	98.33 (98.14)
 * Train Acc 98.136
 * Val Acc 96.369, Total time 0.24
validation split name: 1
 * Val Acc 97.872, Total time 0.26
validation split name: 2
 * Val Acc 97.502, Total time 0.27
validation split name: 3
 * Val Acc 95.945, Total time 0.24
validation split name: 4
 * Val Acc 97.583, Total time 0.24
validation split name: 5
 * Val Acc 96.369, Total time 0.25
OrderedDict([('1', OrderedDict([('1', 99.90543735224587), ('2', 99.66903073286052), ('3', 99.57446808510639), ('4', 99.00709219858156), ('5', 97.87234042553192)])), ('2', OrderedDict([('2', 97.35553379040157), ('3', 97.74730656219393), ('4', 98.0411361410382), ('5', 97.5024485798237)])), ('3', OrderedDict([('3', 98.55923159018143), ('4', 98.50586979722519), ('5', 95.94450373532551)])), ('4', OrderedDict([('4', 98.43907351460221), ('5', 97.58308157099698)])), ('5', OrderedDict([('5', 96.36913767019666)]))])
Task 1 average acc: 99.90543735224587
Task 2 average acc: 98.51228226163104
Task 3 average acc: 98.62700207916059
Task 4 average acc: 98.49829291286179
Task 5 average acc: 97.05430239637495
===Summary of experiment repeats: 1 / 5 ===
The regularization coefficient: 0.5
The last avg acc of all repeats: [97.0543024  0.         0.         0.         0.       ]
mean: 19.41086047927499 std: 38.82172095854998
split_boundaries: [0, 2, 4, 6, 8, 10]
{'1': [0, 1], '2': [2, 3], '3': [4, 5], '4': [6, 7], '5': [8, 9]}
MLP(
  (linear): Sequential(
    (0): Linear(in_features=1024, out_features=400, bias=True)
    (1): ReLU(inplace=True)
    (2): Linear(in_features=400, out_features=400, bias=True)
    (3): ReLU(inplace=True)
  )
  (last): ModuleDict(
    (All): Linear(in_features=400, out_features=2, bias=True)
  )
)
#parameter of model: 571202
Task order: ['1', '2', '3', '4', '5']
====================== 1 =======================
Epoch:0
LR: 0.01
Itr		Time		  Data		  Loss		Acc
[0/99]	0.1107 (0.1107)	0.1061 (0.1061)	0.741 (0.741)	14.06 (14.06)
[98/99]	0.0014 (0.0084)	0.0001 (0.0070)	0.039 (0.207)	100.00 (97.02)
 * Train Acc 97.015
 * Val Acc 99.811, Total time 0.26
Epoch:1
LR: 0.01
Itr		Time		  Data		  Loss		Acc
[0/99]	0.1137 (0.1137)	0.1089 (0.1089)	0.027 (0.027)	100.00 (100.00)
[98/99]	0.0019 (0.0085)	0.0005 (0.0069)	0.014 (0.025)	100.00 (99.74)
 * Train Acc 99.739
 * Val Acc 99.858, Total time 0.26
Epoch:2
LR: 0.01
Itr		Time		  Data		  Loss		Acc
[0/99]	0.1163 (0.1163)	0.1111 (0.1111)	0.023 (0.023)	99.22 (99.22)
[98/99]	0.0190 (0.0088)	0.0174 (0.0071)	0.014 (0.014)	100.00 (99.76)
 * Train Acc 99.755
 * Val Acc 99.905, Total time 0.26
Epoch:3
LR: 0.01
Itr		Time		  Data		  Loss		Acc
[0/99]	0.1109 (0.1109)	0.1061 (0.1061)	0.013 (0.013)	100.00 (100.00)
[98/99]	0.0014 (0.0085)	0.0001 (0.0070)	0.007 (0.011)	100.00 (99.77)
 * Train Acc 99.771
 * Val Acc 99.905, Total time 0.27
validation split name: 1
 * Val Acc 99.905, Total time 0.26
====================== 2 =======================
Epoch:0
LR: 0.01
Itr		Time		  Data		  Loss		Acc
[0/164]	0.1135 (0.1135)	0.1069 (0.1069)	0.730 (0.730)	72.66 (72.66)
[100/164]	0.0070 (0.0100)	0.0003 (0.0025)	0.201 (0.229)	93.75 (91.20)
[163/164]	0.0070 (0.0093)	0.0002 (0.0021)	0.152 (0.183)	92.00 (93.06)
 * Train Acc 93.059
 * Val Acc 95.005, Total time 0.25
Epoch:1
LR: 0.01
Itr		Time		  Data		  Loss		Acc
[0/164]	0.1455 (0.1455)	0.1048 (0.1048)	0.150 (0.150)	93.75 (93.75)
[100/164]	0.0072 (0.0099)	0.0002 (0.0026)	0.136 (0.090)	96.09 (96.71)
[163/164]	0.0025 (0.0091)	0.0001 (0.0025)	0.028 (0.085)	100.00 (97.03)
 * Train Acc 97.032
 * Val Acc 96.376, Total time 0.25
Epoch:2
LR: 0.01
Itr		Time		  Data		  Loss		Acc
[0/164]	0.1410 (0.1410)	0.1058 (0.1058)	0.087 (0.087)	96.88 (96.88)
[100/164]	0.0071 (0.0098)	0.0002 (0.0029)	0.083 (0.076)	98.44 (97.49)
[163/164]	0.0070 (0.0091)	0.0002 (0.0028)	0.051 (0.073)	96.00 (97.53)
 * Train Acc 97.525
 * Val Acc 97.062, Total time 0.25
Epoch:3
LR: 0.01
Itr		Time		  Data		  Loss		Acc
[0/164]	0.1406 (0.1406)	0.1066 (0.1066)	0.062 (0.062)	97.66 (97.66)
[100/164]	0.0158 (0.0102)	0.0087 (0.0033)	0.074 (0.068)	96.09 (97.69)
[163/164]	0.0029 (0.0095)	0.0002 (0.0032)	0.109 (0.065)	96.00 (97.77)
 * Train Acc 97.769
 * Val Acc 97.258, Total time 0.25
validation split name: 1
 * Val Acc 99.716, Total time 0.26
validation split name: 2
 * Val Acc 97.258, Total time 0.28
====================== 3 =======================
Epoch:0
LR: 0.01
Itr		Time		  Data		  Loss		Acc
[0/157]	0.1359 (0.1359)	0.1068 (0.1068)	1.005 (1.005)	76.56 (76.56)
[100/157]	0.0110 (0.0123)	0.0011 (0.0022)	0.097 (0.249)	97.66 (90.90)
[156/157]	0.0100 (0.0119)	0.0002 (0.0018)	0.221 (0.207)	89.47 (92.47)
 * Train Acc 92.474
 * Val Acc 94.023, Total time 0.23
Epoch:1
LR: 0.01
Itr		Time		  Data		  Loss		Acc
[0/157]	0.1386 (0.1386)	0.1050 (0.1050)	0.123 (0.123)	94.53 (94.53)
[100/157]	0.0111 (0.0123)	0.0011 (0.0021)	0.074 (0.098)	96.09 (96.73)
[156/157]	0.0112 (0.0117)	0.0011 (0.0018)	0.070 (0.094)	97.89 (96.93)
 * Train Acc 96.935
 * Val Acc 96.798, Total time 0.25
Epoch:2
LR: 0.01
Itr		Time		  Data		  Loss		Acc
[0/157]	0.1441 (0.1441)	0.1065 (0.1065)	0.034 (0.034)	100.00 (100.00)
[100/157]	0.0103 (0.0127)	0.0007 (0.0023)	0.062 (0.068)	98.44 (97.78)
[156/157]	0.0112 (0.0119)	0.0010 (0.0020)	0.045 (0.065)	98.95 (97.90)
 * Train Acc 97.897
 * Val Acc 97.545, Total time 0.23
Epoch:3
LR: 0.01
Itr		Time		  Data		  Loss		Acc
[0/157]	0.1163 (0.1163)	0.1085 (0.1085)	0.042 (0.042)	98.44 (98.44)
[100/157]	0.0108 (0.0122)	0.0010 (0.0022)	0.052 (0.052)	98.44 (98.30)
[156/157]	0.0101 (0.0113)	0.0003 (0.0018)	0.103 (0.049)	96.84 (98.47)
 * Train Acc 98.470
 * Val Acc 98.239, Total time 0.23
validation split name: 1
 * Val Acc 99.669, Total time 0.26
validation split name: 2
 * Val Acc 98.090, Total time 0.26
validation split name: 3
 * Val Acc 98.239, Total time 0.24
====================== 4 =======================
Epoch:0
LR: 0.01
Itr		Time		  Data		  Loss		Acc
[0/164]	0.1400 (0.1400)	0.1065 (0.1065)	0.422 (0.422)	79.69 (79.69)
[100/164]	0.0132 (0.0152)	0.0011 (0.0021)	0.071 (0.090)	97.66 (96.97)
[163/164]	0.0134 (0.0146)	0.0010 (0.0017)	0.134 (0.078)	94.78 (97.39)
 * Train Acc 97.393
 * Val Acc 97.029, Total time 0.24
Epoch:1
LR: 0.01
Itr		Time		  Data		  Loss		Acc
[0/164]	0.1434 (0.1434)	0.1057 (0.1057)	0.069 (0.069)	97.66 (97.66)
[100/164]	0.0135 (0.0164)	0.0011 (0.0024)	0.038 (0.048)	99.22 (98.51)
[163/164]	0.0138 (0.0154)	0.0010 (0.0019)	0.031 (0.046)	99.13 (98.58)
 * Train Acc 98.584
 * Val Acc 97.432, Total time 0.23
Epoch:2
LR: 0.01
Itr		Time		  Data		  Loss		Acc
[0/164]	0.1394 (0.1394)	0.1036 (0.1036)	0.101 (0.101)	96.88 (96.88)
[100/164]	0.0163 (0.0155)	0.0011 (0.0022)	0.021 (0.035)	99.22 (98.94)
[163/164]	0.0134 (0.0156)	0.0010 (0.0018)	0.013 (0.035)	100.00 (98.91)
 * Train Acc 98.913
 * Val Acc 97.986, Total time 0.25
Epoch:3
LR: 0.01
Itr		Time		  Data		  Loss		Acc
[0/164]	0.1503 (0.1503)	0.1078 (0.1078)	0.063 (0.063)	99.22 (99.22)
[100/164]	0.0148 (0.0159)	0.0011 (0.0022)	0.006 (0.029)	100.00 (99.25)
[163/164]	0.0140 (0.0152)	0.0011 (0.0018)	0.017 (0.029)	100.00 (99.23)
 * Train Acc 99.233
 * Val Acc 97.936, Total time 0.24
validation split name: 1
 * Val Acc 99.243, Total time 0.30
validation split name: 2
 * Val Acc 97.894, Total time 0.25
validation split name: 3
 * Val Acc 98.079, Total time 0.25
validation split name: 4
 * Val Acc 97.936, Total time 0.24
====================== 5 =======================
Epoch:0
LR: 0.01
Itr		Time		  Data		  Loss		Acc
[0/161]	0.1478 (0.1478)	0.1056 (0.1056)	1.456 (1.456)	65.62 (65.62)
[100/161]	0.0151 (0.0154)	0.0010 (0.0020)	0.077 (0.228)	97.66 (92.50)
[160/161]	0.0149 (0.0149)	0.0010 (0.0017)	0.162 (0.190)	92.50 (93.53)
 * Train Acc 93.534
 * Val Acc 93.495, Total time 0.28
Epoch:1
LR: 0.01
Itr		Time		  Data		  Loss		Acc
[0/161]	0.1586 (0.1586)	0.1083 (0.1083)	0.091 (0.091)	96.88 (96.88)
[100/161]	0.0149 (0.0158)	0.0015 (0.0021)	0.050 (0.105)	96.88 (96.36)
[160/161]	0.0150 (0.0152)	0.0010 (0.0017)	0.073 (0.095)	98.33 (96.75)
 * Train Acc 96.748
 * Val Acc 95.108, Total time 0.24
Epoch:2
LR: 0.01
Itr		Time		  Data		  Loss		Acc
[0/161]	0.1400 (0.1400)	0.1050 (0.1050)	0.108 (0.108)	96.88 (96.88)
[100/161]	0.0153 (0.0160)	0.0010 (0.0020)	0.044 (0.074)	97.66 (97.42)
[160/161]	0.0157 (0.0157)	0.0010 (0.0017)	0.067 (0.072)	96.67 (97.55)
 * Train Acc 97.549
 * Val Acc 96.420, Total time 0.28
Epoch:3
LR: 0.01
Itr		Time		  Data		  Loss		Acc
[0/161]	0.1492 (0.1492)	0.1088 (0.1088)	0.076 (0.076)	96.88 (96.88)
[100/161]	0.0156 (0.0163)	0.0011 (0.0021)	0.029 (0.057)	99.22 (98.17)
[160/161]	0.0161 (0.0158)	0.0010 (0.0017)	0.062 (0.057)	96.67 (98.06)
 * Train Acc 98.058
 * Val Acc 96.621, Total time 0.24
validation split name: 1
 * Val Acc 99.007, Total time 0.26
validation split name: 2
 * Val Acc 96.572, Total time 0.26
validation split name: 3
 * Val Acc 95.411, Total time 0.23
validation split name: 4
 * Val Acc 98.691, Total time 0.25
validation split name: 5
 * Val Acc 96.621, Total time 0.25
OrderedDict([('1', OrderedDict([('1', 99.90543735224587), ('2', 99.71631205673759), ('3', 99.66903073286052), ('4', 99.24349881796691), ('5', 99.00709219858156)])), ('2', OrderedDict([('2', 97.25759059745347), ('3', 98.09010773751224), ('4', 97.89422135161607), ('5', 96.57198824681684)])), ('3', OrderedDict([('3', 98.23906083244397), ('4', 98.07897545357524), ('5', 95.41088580576307)])), ('4', OrderedDict([('4', 97.93554884189325), ('5', 98.6908358509567)])), ('5', OrderedDict([('5', 96.62128088754413)]))])
Task 1 average acc: 99.90543735224587
Task 2 average acc: 98.48695132709554
Task 3 average acc: 98.66606643427224
Task 4 average acc: 98.28806111626287
Task 5 average acc: 97.26041659793246
===Summary of experiment repeats: 2 / 5 ===
The regularization coefficient: 0.5
The last avg acc of all repeats: [97.0543024 97.2604166  0.         0.         0.       ]
mean: 38.86294379886148 std: 47.597235732515045
split_boundaries: [0, 2, 4, 6, 8, 10]
{'1': [0, 1], '2': [2, 3], '3': [4, 5], '4': [6, 7], '5': [8, 9]}
MLP(
  (linear): Sequential(
    (0): Linear(in_features=1024, out_features=400, bias=True)
    (1): ReLU(inplace=True)
    (2): Linear(in_features=400, out_features=400, bias=True)
    (3): ReLU(inplace=True)
  )
  (last): ModuleDict(
    (All): Linear(in_features=400, out_features=2, bias=True)
  )
)
#parameter of model: 571202
Task order: ['1', '2', '3', '4', '5']
====================== 1 =======================
Epoch:0
LR: 0.01
Itr		Time		  Data		  Loss		Acc
[0/99]	0.1156 (0.1156)	0.1110 (0.1110)	0.696 (0.696)	46.88 (46.88)
[98/99]	0.0015 (0.0086)	0.0001 (0.0070)	0.032 (0.171)	99.17 (97.43)
 * Train Acc 97.434
 * Val Acc 99.811, Total time 0.27
Epoch:1
LR: 0.01
Itr		Time		  Data		  Loss		Acc
[0/99]	0.1137 (0.1137)	0.1094 (0.1094)	0.036 (0.036)	99.22 (99.22)
[98/99]	0.0016 (0.0085)	0.0003 (0.0069)	0.012 (0.022)	100.00 (99.72)
 * Train Acc 99.724
 * Val Acc 99.858, Total time 0.25
Epoch:2
LR: 0.01
Itr		Time		  Data		  Loss		Acc
[0/99]	0.1140 (0.1140)	0.1090 (0.1090)	0.009 (0.009)	100.00 (100.00)
[98/99]	0.0015 (0.0085)	0.0001 (0.0069)	0.011 (0.013)	100.00 (99.77)
 * Train Acc 99.771
 * Val Acc 99.858, Total time 0.26
Epoch:3
LR: 0.01
Itr		Time		  Data		  Loss		Acc
[0/99]	0.1110 (0.1110)	0.1054 (0.1054)	0.006 (0.006)	100.00 (100.00)
[98/99]	0.0014 (0.0085)	0.0001 (0.0069)	0.007 (0.010)	100.00 (99.78)
 * Train Acc 99.779
 * Val Acc 99.858, Total time 0.25
validation split name: 1
 * Val Acc 99.858, Total time 0.30
====================== 2 =======================
Epoch:0
LR: 0.01
Itr		Time		  Data		  Loss		Acc
[0/164]	0.1351 (0.1351)	0.1056 (0.1056)	0.816 (0.816)	72.66 (72.66)
[100/164]	0.0099 (0.0097)	0.0035 (0.0027)	0.080 (0.246)	97.66 (90.13)
[163/164]	0.0063 (0.0092)	0.0001 (0.0026)	0.131 (0.193)	92.00 (92.42)
 * Train Acc 92.422
 * Val Acc 94.956, Total time 0.25
Epoch:1
LR: 0.01
Itr		Time		  Data		  Loss		Acc
[0/164]	0.1424 (0.1424)	0.1037 (0.1037)	0.077 (0.077)	96.88 (96.88)
[100/164]	0.0100 (0.0101)	0.0037 (0.0030)	0.079 (0.088)	96.88 (96.98)
[163/164]	0.0026 (0.0093)	0.0002 (0.0026)	0.008 (0.088)	100.00 (96.97)
 * Train Acc 96.974
 * Val Acc 96.131, Total time 0.29
Epoch:2
LR: 0.01
Itr		Time		  Data		  Loss		Acc
[0/164]	0.1511 (0.1511)	0.1089 (0.1089)	0.059 (0.059)	98.44 (98.44)
[100/164]	0.0072 (0.0096)	0.0011 (0.0026)	0.034 (0.074)	99.22 (97.42)
[163/164]	0.0064 (0.0089)	0.0002 (0.0024)	0.061 (0.074)	96.00 (97.41)
 * Train Acc 97.410
 * Val Acc 96.817, Total time 0.26
Epoch:3
LR: 0.01
Itr		Time		  Data		  Loss		Acc
[0/164]	0.1171 (0.1171)	0.1097 (0.1097)	0.037 (0.037)	99.22 (99.22)
[100/164]	0.0032 (0.0096)	0.0003 (0.0032)	0.030 (0.071)	99.22 (97.55)
[163/164]	0.0064 (0.0091)	0.0002 (0.0032)	0.006 (0.066)	100.00 (97.77)
 * Train Acc 97.769
 * Val Acc 97.307, Total time 0.30
validation split name: 1
 * Val Acc 99.716, Total time 0.26
validation split name: 2
 * Val Acc 97.307, Total time 0.26
====================== 3 =======================
Epoch:0
LR: 0.01
Itr		Time		  Data		  Loss		Acc
[0/157]	0.1441 (0.1441)	0.1057 (0.1057)	0.658 (0.658)	80.47 (80.47)
[100/157]	0.0108 (0.0127)	0.0011 (0.0022)	0.156 (0.237)	94.53 (90.99)
[156/157]	0.0116 (0.0121)	0.0011 (0.0018)	0.189 (0.199)	92.63 (92.60)
 * Train Acc 92.603
 * Val Acc 94.557, Total time 0.23
Epoch:1
LR: 0.01
Itr		Time		  Data		  Loss		Acc
[0/157]	0.1479 (0.1479)	0.1021 (0.1021)	0.127 (0.127)	94.53 (94.53)
[100/157]	0.0053 (0.0128)	0.0011 (0.0022)	0.088 (0.095)	96.09 (96.86)
[156/157]	0.0115 (0.0123)	0.0013 (0.0019)	0.070 (0.088)	97.89 (97.17)
 * Train Acc 97.169
 * Val Acc 96.745, Total time 0.22
Epoch:2
LR: 0.01
Itr		Time		  Data		  Loss		Acc
[0/157]	0.1388 (0.1388)	0.1004 (0.1004)	0.059 (0.059)	98.44 (98.44)
[100/157]	0.0043 (0.0121)	0.0003 (0.0022)	0.067 (0.065)	98.44 (98.00)
[156/157]	0.0108 (0.0117)	0.0009 (0.0019)	0.084 (0.059)	94.74 (98.20)
 * Train Acc 98.196
 * Val Acc 97.972, Total time 0.23
Epoch:3
LR: 0.01
Itr		Time		  Data		  Loss		Acc
[0/157]	0.1163 (0.1163)	0.1082 (0.1082)	0.018 (0.018)	100.00 (100.00)
[100/157]	0.0054 (0.0115)	0.0014 (0.0022)	0.035 (0.047)	99.22 (98.64)
[156/157]	0.0097 (0.0112)	0.0006 (0.0018)	0.042 (0.044)	98.95 (98.72)
 * Train Acc 98.724
 * Val Acc 98.239, Total time 0.27
validation split name: 1
 * Val Acc 99.716, Total time 0.26
validation split name: 2
 * Val Acc 97.845, Total time 0.25
validation split name: 3
 * Val Acc 98.239, Total time 0.23
====================== 4 =======================
Epoch:0
LR: 0.01
Itr		Time		  Data		  Loss		Acc
[0/164]	0.1572 (0.1572)	0.1109 (0.1109)	0.475 (0.475)	77.34 (77.34)
[100/164]	0.0141 (0.0154)	0.0011 (0.0022)	0.055 (0.083)	99.22 (97.07)
[163/164]	0.0134 (0.0147)	0.0011 (0.0018)	0.046 (0.073)	99.13 (97.51)
 * Train Acc 97.512
 * Val Acc 97.583, Total time 0.25
Epoch:1
LR: 0.01
Itr		Time		  Data		  Loss		Acc
[0/164]	0.1455 (0.1455)	0.1064 (0.1064)	0.024 (0.024)	99.22 (99.22)
[100/164]	0.0167 (0.0153)	0.0011 (0.0022)	0.020 (0.046)	100.00 (98.66)
[163/164]	0.0147 (0.0150)	0.0011 (0.0018)	0.013 (0.044)	100.00 (98.67)
 * Train Acc 98.665
 * Val Acc 98.187, Total time 0.24
Epoch:2
LR: 0.01
Itr		Time		  Data		  Loss		Acc
[0/164]	0.1504 (0.1504)	0.1036 (0.1036)	0.012 (0.012)	100.00 (100.00)
[100/164]	0.0145 (0.0160)	0.0011 (0.0022)	0.079 (0.035)	99.22 (98.92)
[163/164]	0.0143 (0.0152)	0.0011 (0.0018)	0.056 (0.034)	99.13 (98.98)
 * Train Acc 98.985
 * Val Acc 98.489, Total time 0.26
Epoch:3
LR: 0.01
Itr		Time		  Data		  Loss		Acc
[0/164]	0.1500 (0.1500)	0.1079 (0.1079)	0.070 (0.070)	99.22 (99.22)
[100/164]	0.0138 (0.0149)	0.0010 (0.0020)	0.005 (0.029)	100.00 (99.17)
[163/164]	0.0137 (0.0143)	0.0010 (0.0016)	0.021 (0.028)	99.13 (99.17)
 * Train Acc 99.171
 * Val Acc 98.590, Total time 0.23
validation split name: 1
 * Val Acc 99.291, Total time 0.30
validation split name: 2
 * Val Acc 97.747, Total time 0.25
validation split name: 3
 * Val Acc 97.759, Total time 0.23
validation split name: 4
 * Val Acc 98.590, Total time 0.24
====================== 5 =======================
Epoch:0
LR: 0.01
Itr		Time		  Data		  Loss		Acc
[0/161]	0.1492 (0.1492)	0.1053 (0.1053)	0.973 (0.973)	67.19 (67.19)
[100/161]	0.0159 (0.0167)	0.0011 (0.0022)	0.130 (0.219)	96.09 (92.81)
[160/161]	0.0161 (0.0161)	0.0011 (0.0018)	0.238 (0.185)	92.50 (93.82)
 * Train Acc 93.816
 * Val Acc 94.453, Total time 0.25
Epoch:1
LR: 0.01
Itr		Time		  Data		  Loss		Acc
[0/161]	0.1540 (0.1540)	0.1083 (0.1083)	0.168 (0.168)	94.53 (94.53)
[100/161]	0.0160 (0.0162)	0.0011 (0.0021)	0.060 (0.095)	98.44 (96.84)
[160/161]	0.0150 (0.0153)	0.0008 (0.0017)	0.061 (0.092)	97.50 (96.96)
 * Train Acc 96.961
 * Val Acc 95.915, Total time 0.23
Epoch:2
LR: 0.01
Itr		Time		  Data		  Loss		Acc
[0/161]	0.1526 (0.1526)	0.1063 (0.1063)	0.066 (0.066)	97.66 (97.66)
[100/161]	0.0146 (0.0155)	0.0010 (0.0020)	0.026 (0.071)	99.22 (97.68)
[160/161]	0.0141 (0.0150)	0.0008 (0.0017)	0.013 (0.071)	100.00 (97.70)
 * Train Acc 97.699
 * Val Acc 96.621, Total time 0.24
Epoch:3
LR: 0.01
Itr		Time		  Data		  Loss		Acc
[0/161]	0.1556 (0.1556)	0.1027 (0.1027)	0.026 (0.026)	98.44 (98.44)
[100/161]	0.0161 (0.0166)	0.0011 (0.0021)	0.033 (0.056)	99.22 (98.10)
[160/161]	0.0157 (0.0161)	0.0010 (0.0018)	0.055 (0.056)	98.33 (98.17)
 * Train Acc 98.165
 * Val Acc 96.823, Total time 0.24
validation split name: 1
 * Val Acc 98.298, Total time 0.26
validation split name: 2
 * Val Acc 97.356, Total time 0.25
validation split name: 3
 * Val Acc 95.464, Total time 0.24
validation split name: 4
 * Val Acc 98.842, Total time 0.24
validation split name: 5
 * Val Acc 96.823, Total time 0.24
OrderedDict([('1', OrderedDict([('1', 99.8581560283688), ('2', 99.71631205673759), ('3', 99.71631205673759), ('4', 99.29078014184397), ('5', 98.29787234042553)])), ('2', OrderedDict([('2', 97.30656219392752), ('3', 97.84524975514202), ('4', 97.74730656219393), ('5', 97.35553379040157)])), ('3', OrderedDict([('3', 98.23906083244397), ('4', 97.75880469583778), ('5', 95.46424759871931)])), ('4', OrderedDict([('4', 98.5901309164149), ('5', 98.84189325276938)])), ('5', OrderedDict([('5', 96.82299546142208)]))])
Task 1 average acc: 99.8581560283688
Task 2 average acc: 98.51143712533255
Task 3 average acc: 98.60020754810786
Task 4 average acc: 98.34675557907265
Task 5 average acc: 97.35650848874758
===Summary of experiment repeats: 3 / 5 ===
The regularization coefficient: 0.5
The last avg acc of all repeats: [97.0543024  97.2604166  97.35650849  0.          0.        ]
mean: 58.33424549661099 std: 47.62981210812309
split_boundaries: [0, 2, 4, 6, 8, 10]
{'1': [0, 1], '2': [2, 3], '3': [4, 5], '4': [6, 7], '5': [8, 9]}
MLP(
  (linear): Sequential(
    (0): Linear(in_features=1024, out_features=400, bias=True)
    (1): ReLU(inplace=True)
    (2): Linear(in_features=400, out_features=400, bias=True)
    (3): ReLU(inplace=True)
  )
  (last): ModuleDict(
    (All): Linear(in_features=400, out_features=2, bias=True)
  )
)
#parameter of model: 571202
Task order: ['1', '2', '3', '4', '5']
====================== 1 =======================
Epoch:0
LR: 0.01
Itr		Time		  Data		  Loss		Acc
[0/99]	0.1111 (0.1111)	0.1068 (0.1068)	0.700 (0.700)	40.62 (40.62)
[98/99]	0.0014 (0.0086)	0.0001 (0.0071)	0.033 (0.194)	100.00 (98.59)
 * Train Acc 98.587
 * Val Acc 99.858, Total time 0.27
Epoch:1
LR: 0.01
Itr		Time		  Data		  Loss		Acc
[0/99]	0.1147 (0.1147)	0.1107 (0.1107)	0.032 (0.032)	100.00 (100.00)
[98/99]	0.0014 (0.0085)	0.0001 (0.0069)	0.034 (0.023)	98.35 (99.74)
 * Train Acc 99.739
 * Val Acc 99.858, Total time 0.28
Epoch:2
LR: 0.01
Itr		Time		  Data		  Loss		Acc
[0/99]	0.1108 (0.1108)	0.1065 (0.1065)	0.016 (0.016)	100.00 (100.00)
[98/99]	0.0014 (0.0086)	0.0001 (0.0070)	0.006 (0.013)	100.00 (99.76)
 * Train Acc 99.763
 * Val Acc 99.858, Total time 0.27
Epoch:3
LR: 0.01
Itr		Time		  Data		  Loss		Acc
[0/99]	0.1087 (0.1087)	0.1045 (0.1045)	0.014 (0.014)	99.22 (99.22)
[98/99]	0.0165 (0.0087)	0.0149 (0.0070)	0.008 (0.010)	100.00 (99.79)
 * Train Acc 99.795
 * Val Acc 99.905, Total time 0.26
validation split name: 1
 * Val Acc 99.905, Total time 0.25
====================== 2 =======================
Epoch:0
LR: 0.01
Itr		Time		  Data		  Loss		Acc
[0/164]	0.1495 (0.1495)	0.1100 (0.1100)	0.720 (0.720)	72.66 (72.66)
[100/164]	0.0097 (0.0099)	0.0017 (0.0024)	0.098 (0.230)	96.88 (90.99)
[163/164]	0.0032 (0.0092)	0.0002 (0.0021)	0.071 (0.180)	96.00 (93.10)
 * Train Acc 93.102
 * Val Acc 95.054, Total time 0.26
Epoch:1
LR: 0.01
Itr		Time		  Data		  Loss		Acc
[0/164]	0.1412 (0.1412)	0.1060 (0.1060)	0.121 (0.121)	94.53 (94.53)
[100/164]	0.0072 (0.0096)	0.0003 (0.0032)	0.040 (0.088)	99.22 (97.00)
[163/164]	0.0029 (0.0093)	0.0002 (0.0031)	0.013 (0.083)	100.00 (97.23)
 * Train Acc 97.233
 * Val Acc 96.327, Total time 0.25
Epoch:2
LR: 0.01
Itr		Time		  Data		  Loss		Acc
[0/164]	0.1074 (0.1074)	0.1020 (0.1020)	0.053 (0.053)	98.44 (98.44)
[100/164]	0.0147 (0.0096)	0.0120 (0.0034)	0.106 (0.072)	96.88 (97.60)
[163/164]	0.0072 (0.0090)	0.0002 (0.0029)	0.024 (0.072)	100.00 (97.57)
 * Train Acc 97.573
 * Val Acc 96.964, Total time 0.25
Epoch:3
LR: 0.01
Itr		Time		  Data		  Loss		Acc
[0/164]	0.1483 (0.1483)	0.1066 (0.1066)	0.118 (0.118)	96.09 (96.09)
[100/164]	0.0159 (0.0098)	0.0093 (0.0038)	0.048 (0.068)	98.44 (97.68)
[163/164]	0.0029 (0.0092)	0.0002 (0.0033)	0.019 (0.064)	100.00 (97.83)
 * Train Acc 97.827
 * Val Acc 97.307, Total time 0.25
validation split name: 1
 * Val Acc 99.716, Total time 0.25
validation split name: 2
 * Val Acc 97.307, Total time 0.25
====================== 3 =======================
Epoch:0
LR: 0.01
Itr		Time		  Data		  Loss		Acc
[0/157]	0.1406 (0.1406)	0.1065 (0.1065)	0.538 (0.538)	85.94 (85.94)
[100/157]	0.0110 (0.0124)	0.0011 (0.0022)	0.152 (0.239)	92.19 (91.19)
[156/157]	0.0108 (0.0121)	0.0010 (0.0018)	0.057 (0.199)	97.89 (92.74)
 * Train Acc 92.738
 * Val Acc 94.184, Total time 0.23
Epoch:1
LR: 0.01
Itr		Time		  Data		  Loss		Acc
[0/157]	0.1421 (0.1421)	0.1070 (0.1070)	0.094 (0.094)	97.66 (97.66)
[100/157]	0.0051 (0.0122)	0.0011 (0.0022)	0.027 (0.093)	100.00 (96.79)
[156/157]	0.0099 (0.0116)	0.0002 (0.0018)	0.045 (0.088)	98.95 (97.06)
 * Train Acc 97.064
 * Val Acc 96.745, Total time 0.23
Epoch:2
LR: 0.01
Itr		Time		  Data		  Loss		Acc
[0/157]	0.1471 (0.1471)	0.1069 (0.1069)	0.047 (0.047)	99.22 (99.22)
[100/157]	0.0102 (0.0119)	0.0011 (0.0021)	0.070 (0.064)	96.09 (97.97)
[156/157]	0.0105 (0.0114)	0.0010 (0.0018)	0.016 (0.060)	100.00 (98.15)
 * Train Acc 98.146
 * Val Acc 97.812, Total time 0.23
Epoch:3
LR: 0.01
Itr		Time		  Data		  Loss		Acc
[0/157]	0.1409 (0.1409)	0.1092 (0.1092)	0.036 (0.036)	99.22 (99.22)
[100/157]	0.0050 (0.0117)	0.0011 (0.0021)	0.042 (0.046)	98.44 (98.68)
[156/157]	0.0100 (0.0111)	0.0007 (0.0018)	0.022 (0.045)	100.00 (98.65)
 * Train Acc 98.654
 * Val Acc 98.132, Total time 0.23
validation split name: 1
 * Val Acc 99.527, Total time 0.29
validation split name: 2
 * Val Acc 97.894, Total time 0.26
validation split name: 3
 * Val Acc 98.132, Total time 0.26
====================== 4 =======================
Epoch:0
LR: 0.01
Itr		Time		  Data		  Loss		Acc
[0/164]	0.1451 (0.1451)	0.1117 (0.1117)	0.566 (0.566)	75.78 (75.78)
[100/164]	0.0140 (0.0152)	0.0011 (0.0021)	0.034 (0.093)	98.44 (96.48)
[163/164]	0.0135 (0.0149)	0.0010 (0.0018)	0.039 (0.079)	100.00 (97.23)
 * Train Acc 97.226
 * Val Acc 96.928, Total time 0.24
Epoch:1
LR: 0.01
Itr		Time		  Data		  Loss		Acc
[0/164]	0.1515 (0.1515)	0.1112 (0.1112)	0.021 (0.021)	100.00 (100.00)
[100/164]	0.0151 (0.0163)	0.0014 (0.0024)	0.043 (0.048)	98.44 (98.49)
[163/164]	0.0145 (0.0155)	0.0010 (0.0019)	0.066 (0.044)	98.26 (98.60)
 * Train Acc 98.599
 * Val Acc 97.734, Total time 0.25
Epoch:2
LR: 0.01
Itr		Time		  Data		  Loss		Acc
[0/164]	0.1432 (0.1432)	0.1113 (0.1113)	0.025 (0.025)	99.22 (99.22)
[100/164]	0.0148 (0.0160)	0.0012 (0.0022)	0.028 (0.035)	99.22 (98.89)
[163/164]	0.0141 (0.0153)	0.0011 (0.0018)	0.020 (0.033)	100.00 (99.00)
 * Train Acc 99.004
 * Val Acc 97.936, Total time 0.24
Epoch:3
LR: 0.01
Itr		Time		  Data		  Loss		Acc
[0/164]	0.1498 (0.1498)	0.1066 (0.1066)	0.019 (0.019)	99.22 (99.22)
[100/164]	0.0143 (0.0162)	0.0014 (0.0023)	0.012 (0.028)	100.00 (99.14)
[163/164]	0.0148 (0.0157)	0.0013 (0.0020)	0.047 (0.027)	98.26 (99.20)
 * Train Acc 99.204
 * Val Acc 98.489, Total time 0.24
validation split name: 1
 * Val Acc 99.102, Total time 0.26
validation split name: 2
 * Val Acc 98.237, Total time 0.27
validation split name: 3
 * Val Acc 98.026, Total time 0.23
validation split name: 4
 * Val Acc 98.489, Total time 0.24
====================== 5 =======================
Epoch:0
LR: 0.01
Itr		Time		  Data		  Loss		Acc
[0/161]	0.1483 (0.1483)	0.1099 (0.1099)	0.905 (0.905)	73.44 (73.44)
[100/161]	0.0144 (0.0161)	0.0011 (0.0022)	0.124 (0.215)	96.09 (92.88)
[160/161]	0.0158 (0.0153)	0.0010 (0.0018)	0.256 (0.183)	92.50 (93.94)
 * Train Acc 93.937
 * Val Acc 93.898, Total time 0.24
Epoch:1
LR: 0.01
Itr		Time		  Data		  Loss		Acc
[0/161]	0.1430 (0.1430)	0.1087 (0.1087)	0.043 (0.043)	100.00 (100.00)
[100/161]	0.0074 (0.0160)	0.0008 (0.0021)	0.067 (0.094)	98.44 (96.67)
[160/161]	0.0150 (0.0155)	0.0006 (0.0018)	0.110 (0.091)	95.00 (96.87)
 * Train Acc 96.869
 * Val Acc 95.764, Total time 0.24
Epoch:2
LR: 0.01
Itr		Time		  Data		  Loss		Acc
[0/161]	0.1512 (0.1512)	0.1104 (0.1104)	0.090 (0.090)	97.66 (97.66)
[100/161]	0.0152 (0.0182)	0.0010 (0.0022)	0.123 (0.072)	95.31 (97.63)
[160/161]	0.0150 (0.0177)	0.0010 (0.0017)	0.038 (0.067)	98.33 (97.72)
 * Train Acc 97.718
 * Val Acc 96.167, Total time 0.24
Epoch:3
LR: 0.01
Itr		Time		  Data		  Loss		Acc
[0/161]	0.1473 (0.1473)	0.1062 (0.1062)	0.041 (0.041)	98.44 (98.44)
[100/161]	0.0151 (0.0162)	0.0013 (0.0023)	0.066 (0.056)	98.44 (98.17)
[160/161]	0.0154 (0.0153)	0.0010 (0.0018)	0.029 (0.055)	99.17 (98.22)
 * Train Acc 98.218
 * Val Acc 97.126, Total time 0.25
validation split name: 1
 * Val Acc 98.487, Total time 0.26
validation split name: 2
 * Val Acc 98.237, Total time 0.26
validation split name: 3
 * Val Acc 94.771, Total time 0.24
validation split name: 4
 * Val Acc 98.792, Total time 0.25
validation split name: 5
 * Val Acc 97.126, Total time 0.29
OrderedDict([('1', OrderedDict([('1', 99.90543735224587), ('2', 99.71631205673759), ('3', 99.52718676122932), ('4', 99.10165484633569), ('5', 98.4869976359338)])), ('2', OrderedDict([('2', 97.30656219392752), ('3', 97.89422135161607), ('4', 98.23702252693438), ('5', 98.23702252693438)])), ('3', OrderedDict([('3', 98.13233724653148), ('4', 98.025613660619), ('5', 94.77054429028816)])), ('4', OrderedDict([('4', 98.48942598187311), ('5', 98.79154078549848)])), ('5', OrderedDict([('5', 97.12556732223904)]))])
Task 1 average acc: 99.90543735224587
Task 2 average acc: 98.51143712533255
Task 3 average acc: 98.51791511979229
Task 4 average acc: 98.46342925394055
Task 5 average acc: 97.48233451217877
===Summary of experiment repeats: 4 / 5 ===
The regularization coefficient: 0.5
The last avg acc of all repeats: [97.0543024  97.2604166  97.35650849 97.48233451  0.        ]
mean: 77.83071239904675 std: 38.91560760106058
split_boundaries: [0, 2, 4, 6, 8, 10]
{'1': [0, 1], '2': [2, 3], '3': [4, 5], '4': [6, 7], '5': [8, 9]}
MLP(
  (linear): Sequential(
    (0): Linear(in_features=1024, out_features=400, bias=True)
    (1): ReLU(inplace=True)
    (2): Linear(in_features=400, out_features=400, bias=True)
    (3): ReLU(inplace=True)
  )
  (last): ModuleDict(
    (All): Linear(in_features=400, out_features=2, bias=True)
  )
)
#parameter of model: 571202
Task order: ['1', '2', '3', '4', '5']
====================== 1 =======================
Epoch:0
LR: 0.01
Itr		Time		  Data		  Loss		Acc
[0/99]	0.1103 (0.1103)	0.1055 (0.1055)	0.687 (0.687)	46.09 (46.09)
[98/99]	0.0014 (0.0084)	0.0001 (0.0069)	0.034 (0.197)	100.00 (96.93)
 * Train Acc 96.929
 * Val Acc 99.764, Total time 0.26
Epoch:1
LR: 0.01
Itr		Time		  Data		  Loss		Acc
[0/99]	0.1209 (0.1209)	0.1155 (0.1155)	0.035 (0.035)	100.00 (100.00)
[98/99]	0.0014 (0.0086)	0.0001 (0.0072)	0.014 (0.024)	100.00 (99.72)
 * Train Acc 99.716
 * Val Acc 99.811, Total time 0.25
Epoch:2
LR: 0.01
Itr		Time		  Data		  Loss		Acc
[0/99]	0.1126 (0.1126)	0.1077 (0.1077)	0.019 (0.019)	100.00 (100.00)
[98/99]	0.0014 (0.0086)	0.0001 (0.0070)	0.015 (0.014)	100.00 (99.76)
 * Train Acc 99.755
 * Val Acc 99.858, Total time 0.27
Epoch:3
LR: 0.01
Itr		Time		  Data		  Loss		Acc
[0/99]	0.1081 (0.1081)	0.1033 (0.1033)	0.004 (0.004)	100.00 (100.00)
[98/99]	0.0047 (0.0084)	0.0032 (0.0068)	0.005 (0.010)	100.00 (99.77)
 * Train Acc 99.771
 * Val Acc 99.905, Total time 0.25
validation split name: 1
 * Val Acc 99.905, Total time 0.30
====================== 2 =======================
Epoch:0
LR: 0.01
Itr		Time		  Data		  Loss		Acc
[0/164]	0.1255 (0.1255)	0.1048 (0.1048)	0.766 (0.766)	67.97 (67.97)
[100/164]	0.0065 (0.0094)	0.0037 (0.0027)	0.133 (0.224)	93.75 (90.90)
[163/164]	0.0072 (0.0090)	0.0010 (0.0026)	0.055 (0.183)	100.00 (92.79)
 * Train Acc 92.790
 * Val Acc 94.466, Total time 0.26
Epoch:1
LR: 0.01
Itr		Time		  Data		  Loss		Acc
[0/164]	0.1148 (0.1148)	0.1072 (0.1072)	0.104 (0.104)	97.66 (97.66)
[100/164]	0.0033 (0.0097)	0.0003 (0.0029)	0.074 (0.087)	98.44 (97.04)
[163/164]	0.0067 (0.0091)	0.0002 (0.0027)	0.039 (0.086)	100.00 (97.07)
 * Train Acc 97.070
 * Val Acc 96.278, Total time 0.25
Epoch:2
LR: 0.01
Itr		Time		  Data		  Loss		Acc
[0/164]	0.1182 (0.1182)	0.1110 (0.1110)	0.158 (0.158)	94.53 (94.53)
[100/164]	0.0075 (0.0095)	0.0049 (0.0030)	0.047 (0.072)	98.44 (97.60)
[163/164]	0.0069 (0.0088)	0.0001 (0.0027)	0.091 (0.074)	96.00 (97.55)
 * Train Acc 97.554
 * Val Acc 96.817, Total time 0.25
Epoch:3
LR: 0.01
Itr		Time		  Data		  Loss		Acc
[0/164]	0.1475 (0.1475)	0.1061 (0.1061)	0.094 (0.094)	96.09 (96.09)
[100/164]	0.0081 (0.0096)	0.0013 (0.0030)	0.075 (0.069)	97.66 (97.73)
[163/164]	0.0027 (0.0093)	0.0001 (0.0029)	0.026 (0.066)	100.00 (97.80)
 * Train Acc 97.803
 * Val Acc 96.915, Total time 0.25
validation split name: 1
 * Val Acc 99.669, Total time 0.26
validation split name: 2
 * Val Acc 96.915, Total time 0.26
====================== 3 =======================
Epoch:0
LR: 0.01
Itr		Time		  Data		  Loss		Acc
[0/157]	0.1409 (0.1409)	0.1057 (0.1057)	0.592 (0.592)	81.25 (81.25)
[100/157]	0.0112 (0.0126)	0.0014 (0.0022)	0.227 (0.256)	91.41 (90.29)
[156/157]	0.0100 (0.0119)	0.0003 (0.0018)	0.087 (0.212)	98.95 (92.11)
 * Train Acc 92.115
 * Val Acc 94.397, Total time 0.23
Epoch:1
LR: 0.01
Itr		Time		  Data		  Loss		Acc
[0/157]	0.1450 (0.1450)	0.1033 (0.1033)	0.098 (0.098)	96.09 (96.09)
[100/157]	0.0107 (0.0121)	0.0011 (0.0022)	0.092 (0.104)	96.88 (96.48)
[156/157]	0.0046 (0.0116)	0.0003 (0.0019)	0.056 (0.094)	98.95 (96.87)
 * Train Acc 96.870
 * Val Acc 96.905, Total time 0.23
Epoch:2
LR: 0.01
Itr		Time		  Data		  Loss		Acc
[0/157]	0.1480 (0.1480)	0.1135 (0.1135)	0.046 (0.046)	100.00 (100.00)
[100/157]	0.0108 (0.0127)	0.0011 (0.0022)	0.058 (0.066)	98.44 (97.98)
[156/157]	0.0112 (0.0117)	0.0013 (0.0018)	0.028 (0.063)	100.00 (98.09)
 * Train Acc 98.086
 * Val Acc 98.026, Total time 0.23
Epoch:3
LR: 0.01
Itr		Time		  Data		  Loss		Acc
[0/157]	0.1434 (0.1434)	0.1058 (0.1058)	0.034 (0.034)	99.22 (99.22)
[100/157]	0.0110 (0.0128)	0.0011 (0.0023)	0.053 (0.050)	99.22 (98.40)
[156/157]	0.0115 (0.0120)	0.0013 (0.0019)	0.049 (0.047)	98.95 (98.56)
 * Train Acc 98.565
 * Val Acc 98.559, Total time 0.23
validation split name: 1
 * Val Acc 99.385, Total time 0.25
validation split name: 2
 * Val Acc 98.188, Total time 0.25
validation split name: 3
 * Val Acc 98.559, Total time 0.24
====================== 4 =======================
Epoch:0
LR: 0.01
Itr		Time		  Data		  Loss		Acc
[0/164]	0.1415 (0.1415)	0.1073 (0.1073)	0.585 (0.585)	73.44 (73.44)
[100/164]	0.0158 (0.0161)	0.0011 (0.0022)	0.029 (0.081)	98.44 (97.09)
[163/164]	0.0137 (0.0153)	0.0010 (0.0018)	0.048 (0.069)	97.39 (97.54)
 * Train Acc 97.540
 * Val Acc 97.482, Total time 0.29
Epoch:1
LR: 0.01
Itr		Time		  Data		  Loss		Acc
[0/164]	0.1379 (0.1379)	0.1095 (0.1095)	0.023 (0.023)	100.00 (100.00)
[100/164]	0.0149 (0.0158)	0.0014 (0.0022)	0.036 (0.043)	98.44 (98.69)
[163/164]	0.0136 (0.0153)	0.0010 (0.0019)	0.015 (0.042)	100.00 (98.78)
 * Train Acc 98.780
 * Val Acc 98.238, Total time 0.24
Epoch:2
LR: 0.01
Itr		Time		  Data		  Loss		Acc
[0/164]	0.1341 (0.1341)	0.1063 (0.1063)	0.041 (0.041)	99.22 (99.22)
[100/164]	0.0151 (0.0159)	0.0014 (0.0023)	0.026 (0.032)	99.22 (99.04)
[163/164]	0.0160 (0.0155)	0.0013 (0.0019)	0.013 (0.032)	99.13 (99.07)
 * Train Acc 99.066
 * Val Acc 98.389, Total time 0.25
Epoch:3
LR: 0.01
Itr		Time		  Data		  Loss		Acc
[0/164]	0.1393 (0.1393)	0.1057 (0.1057)	0.043 (0.043)	97.66 (97.66)
[100/164]	0.0146 (0.0165)	0.0014 (0.0023)	0.032 (0.026)	99.22 (99.30)
[163/164]	0.0133 (0.0158)	0.0006 (0.0020)	0.027 (0.026)	99.13 (99.23)
 * Train Acc 99.233
 * Val Acc 98.439, Total time 0.25
validation split name: 1
 * Val Acc 99.054, Total time 0.25
validation split name: 2
 * Val Acc 97.845, Total time 0.25
validation split name: 3
 * Val Acc 98.079, Total time 0.24
validation split name: 4
 * Val Acc 98.439, Total time 0.24
====================== 5 =======================
Epoch:0
LR: 0.01
Itr		Time		  Data		  Loss		Acc
[0/161]	0.1518 (0.1518)	0.1086 (0.1086)	1.250 (1.250)	62.50 (62.50)
[100/161]	0.0151 (0.0162)	0.0010 (0.0021)	0.154 (0.260)	94.53 (91.67)
[160/161]	0.0149 (0.0156)	0.0009 (0.0017)	0.089 (0.217)	94.17 (92.87)
 * Train Acc 92.869
 * Val Acc 92.688, Total time 0.24
Epoch:1
LR: 0.01
Itr		Time		  Data		  Loss		Acc
[0/161]	0.1527 (0.1527)	0.1114 (0.1114)	0.317 (0.317)	91.41 (91.41)
[100/161]	0.0161 (0.0173)	0.0011 (0.0022)	0.038 (0.108)	98.44 (96.25)
[160/161]	0.0157 (0.0166)	0.0011 (0.0018)	0.064 (0.104)	96.67 (96.46)
 * Train Acc 96.456
 * Val Acc 94.655, Total time 0.24
Epoch:2
LR: 0.01
Itr		Time		  Data		  Loss		Acc
[0/161]	0.1452 (0.1452)	0.1025 (0.1025)	0.035 (0.035)	98.44 (98.44)
[100/161]	0.0145 (0.0168)	0.0007 (0.0022)	0.066 (0.075)	96.88 (97.48)
[160/161]	0.0157 (0.0165)	0.0011 (0.0018)	0.158 (0.076)	97.50 (97.48)
 * Train Acc 97.481
 * Val Acc 95.562, Total time 0.24
Epoch:3
LR: 0.01
Itr		Time		  Data		  Loss		Acc
[0/161]	0.1350 (0.1350)	0.1035 (0.1035)	0.027 (0.027)	99.22 (99.22)
[100/161]	0.0167 (0.0163)	0.0010 (0.0020)	0.085 (0.062)	96.88 (98.07)
[160/161]	0.0148 (0.0158)	0.0010 (0.0017)	0.046 (0.061)	98.33 (97.99)
 * Train Acc 97.985
 * Val Acc 96.571, Total time 0.24
validation split name: 1
 * Val Acc 98.913, Total time 0.25
validation split name: 2
 * Val Acc 98.139, Total time 0.25
validation split name: 3
 * Val Acc 96.852, Total time 0.23
validation split name: 4
 * Val Acc 98.238, Total time 0.24
validation split name: 5
 * Val Acc 96.571, Total time 0.25
OrderedDict([('1', OrderedDict([('1', 99.90543735224587), ('2', 99.66903073286052), ('3', 99.38534278959811), ('4', 99.05437352245863), ('5', 98.91252955082743)])), ('2', OrderedDict([('2', 96.91478942213516), ('3', 98.18805093046034), ('4', 97.84524975514202), ('5', 98.13907933398629)])), ('3', OrderedDict([('3', 98.55923159018143), ('4', 98.07897545357524), ('5', 96.85165421558165)])), ('4', OrderedDict([('4', 98.43907351460221), ('5', 98.23766364551864)])), ('5', OrderedDict([('5', 96.57085224407463)]))])
Task 1 average acc: 99.90543735224587
Task 2 average acc: 98.29191007749785
Task 3 average acc: 98.71087510341329
Task 4 average acc: 98.35441806144453
Task 5 average acc: 97.74235579799773
===Summary of experiment repeats: 5 / 5 ===
The regularization coefficient: 0.5
The last avg acc of all repeats: [97.0543024  97.2604166  97.35650849 97.48233451 97.7423558 ]
mean: 97.3791835586463 std: 0.22921680304946576
reg_coef: 0.5 mean: 97.3791835586463 std: 0.22921680304946576
Total Time for the script is 260.187637090683 seconds
