split_boundaries: [0, 2, 4, 6, 8, 10]
{'1': [0, 1], '2': [2, 3], '3': [4, 5], '4': [6, 7], '5': [8, 9]}
MLP(
  (linear): Sequential(
    (0): Linear(in_features=1024, out_features=400, bias=True)
    (1): ReLU(inplace=True)
    (2): Linear(in_features=400, out_features=400, bias=True)
    (3): ReLU(inplace=True)
  )
  (last): ModuleDict(
    (All): Linear(in_features=400, out_features=2, bias=True)
  )
)
#parameter of model: 571202
Task order: ['1', '2', '3', '4', '5']
====================== 1 =======================
Epoch:0
LR: 0.01
Itr		Time		  Data		  Loss		Acc
[0/99]	0.5194 (0.5194)	0.0928 (0.0928)	0.680 (0.680)	61.72 (61.72)
[98/99]	0.0013 (0.0125)	0.0001 (0.0066)	0.024 (0.189)	100.00 (98.92)
 * Train Acc 98.918
 * Val Acc 99.811, Total time 0.29
Epoch:1
LR: 0.01
Itr		Time		  Data		  Loss		Acc
[0/99]	0.1061 (0.1061)	0.1012 (0.1012)	0.032 (0.032)	100.00 (100.00)
[98/99]	0.0014 (0.0084)	0.0001 (0.0069)	0.024 (0.024)	99.17 (99.72)
 * Train Acc 99.716
 * Val Acc 99.858, Total time 0.25
Epoch:2
LR: 0.01
Itr		Time		  Data		  Loss		Acc
[0/99]	0.1067 (0.1067)	0.1020 (0.1020)	0.018 (0.018)	100.00 (100.00)
[98/99]	0.0014 (0.0085)	0.0001 (0.0070)	0.024 (0.014)	99.17 (99.78)
 * Train Acc 99.779
 * Val Acc 99.905, Total time 0.26
Epoch:3
LR: 0.01
Itr		Time		  Data		  Loss		Acc
[0/99]	0.1060 (0.1060)	0.1014 (0.1014)	0.006 (0.006)	100.00 (100.00)
[98/99]	0.0014 (0.0082)	0.0001 (0.0067)	0.035 (0.010)	99.17 (99.78)
 * Train Acc 99.779
 * Val Acc 99.905, Total time 0.25
validation split name: 1
 * Val Acc 99.905, Total time 0.25
====================== 2 =======================
Epoch:0
LR: 0.01
Itr		Time		  Data		  Loss		Acc
[0/181]	0.1263 (0.1263)	0.1015 (0.1015)	0.747 (0.747)	75.00 (75.00)
[100/181]	0.0088 (0.0094)	0.0015 (0.0026)	0.081 (0.212)	96.88 (91.49)
[180/181]	0.0065 (0.0089)	0.0002 (0.0025)	0.031 (0.163)	100.00 (93.77)
 * Train Acc 93.768
 * Val Acc 95.005, Total time 0.28
Epoch:1
LR: 0.01
Itr		Time		  Data		  Loss		Acc
[0/181]	0.1596 (0.1596)	0.1095 (0.1095)	0.096 (0.096)	96.88 (96.88)
[100/181]	0.0137 (0.0097)	0.0067 (0.0032)	0.049 (0.077)	99.22 (97.36)
[180/181]	0.0070 (0.0089)	0.0002 (0.0030)	0.030 (0.077)	97.96 (97.47)
 * Train Acc 97.475
 * Val Acc 96.474, Total time 0.25
Epoch:2
LR: 0.01
Itr		Time		  Data		  Loss		Acc
[0/181]	0.1421 (0.1421)	0.1055 (0.1055)	0.081 (0.081)	97.66 (97.66)
[100/181]	0.0067 (0.0097)	0.0002 (0.0033)	0.051 (0.065)	98.44 (97.90)
[180/181]	0.0036 (0.0090)	0.0008 (0.0030)	0.059 (0.064)	97.96 (97.89)
 * Train Acc 97.891
 * Val Acc 97.062, Total time 0.24
Epoch:3
LR: 0.01
Itr		Time		  Data		  Loss		Acc
[0/181]	0.1393 (0.1393)	0.1037 (0.1037)	0.028 (0.028)	98.44 (98.44)
[100/181]	0.0062 (0.0092)	0.0003 (0.0034)	0.081 (0.061)	98.44 (98.15)
[180/181]	0.0078 (0.0087)	0.0011 (0.0032)	0.068 (0.057)	97.96 (98.24)
 * Train Acc 98.237
 * Val Acc 97.453, Total time 0.29
validation split name: 1
 * Val Acc 99.527, Total time 0.25
validation split name: 2
 * Val Acc 97.453, Total time 0.25
====================== 3 =======================
Epoch:0
LR: 0.01
Itr		Time		  Data		  Loss		Acc
[0/174]	0.1179 (0.1179)	0.1036 (0.1036)	0.500 (0.500)	82.81 (82.81)
[100/174]	0.0109 (0.0125)	0.0011 (0.0021)	0.110 (0.231)	95.31 (91.10)
[173/174]	0.0108 (0.0116)	0.0010 (0.0017)	0.106 (0.184)	96.64 (93.02)
 * Train Acc 93.024
 * Val Acc 93.970, Total time 0.23
Epoch:1
LR: 0.01
Itr		Time		  Data		  Loss		Acc
[0/174]	0.1157 (0.1157)	0.1080 (0.1080)	0.096 (0.096)	98.44 (98.44)
[100/174]	0.0055 (0.0129)	0.0013 (0.0022)	0.040 (0.082)	99.22 (97.44)
[173/174]	0.0107 (0.0120)	0.0010 (0.0018)	0.074 (0.077)	97.48 (97.67)
 * Train Acc 97.669
 * Val Acc 96.745, Total time 0.22
Epoch:2
LR: 0.01
Itr		Time		  Data		  Loss		Acc
[0/174]	0.1414 (0.1414)	0.1020 (0.1020)	0.061 (0.061)	98.44 (98.44)
[100/174]	0.0068 (0.0123)	0.0015 (0.0022)	0.035 (0.051)	98.44 (98.48)
[173/174]	0.0105 (0.0118)	0.0009 (0.0018)	0.037 (0.048)	99.16 (98.60)
 * Train Acc 98.603
 * Val Acc 97.919, Total time 0.23
Epoch:3
LR: 0.01
Itr		Time		  Data		  Loss		Acc
[0/174]	0.1434 (0.1434)	0.1032 (0.1032)	0.025 (0.025)	100.00 (100.00)
[100/174]	0.0123 (0.0118)	0.0015 (0.0021)	0.065 (0.038)	98.44 (98.98)
[173/174]	0.0098 (0.0111)	0.0006 (0.0017)	0.022 (0.034)	99.16 (99.07)
 * Train Acc 99.075
 * Val Acc 98.292, Total time 0.27
validation split name: 1
 * Val Acc 99.054, Total time 0.25
validation split name: 2
 * Val Acc 97.356, Total time 0.26
validation split name: 3
 * Val Acc 98.292, Total time 0.24
====================== 4 =======================
Epoch:0
LR: 0.01
Itr		Time		  Data		  Loss		Acc
[0/190]	0.1415 (0.1415)	0.1043 (0.1043)	0.491 (0.491)	79.69 (79.69)
[100/190]	0.0162 (0.0161)	0.0015 (0.0023)	0.042 (0.084)	99.22 (97.02)
[189/190]	0.0135 (0.0151)	0.0003 (0.0018)	0.109 (0.065)	95.65 (97.82)
 * Train Acc 97.824
 * Val Acc 97.583, Total time 0.24
Epoch:1
LR: 0.01
Itr		Time		  Data		  Loss		Acc
[0/190]	0.1130 (0.1130)	0.1038 (0.1038)	0.009 (0.009)	100.00 (100.00)
[100/190]	0.0130 (0.0147)	0.0010 (0.0021)	0.029 (0.034)	99.22 (99.02)
[189/190]	0.0130 (0.0139)	0.0009 (0.0016)	0.007 (0.031)	100.00 (99.06)
 * Train Acc 99.064
 * Val Acc 98.087, Total time 0.28
Epoch:2
LR: 0.01
Itr		Time		  Data		  Loss		Acc
[0/190]	0.1392 (0.1392)	0.1016 (0.1016)	0.026 (0.026)	99.22 (99.22)
[100/190]	0.0138 (0.0148)	0.0011 (0.0021)	0.028 (0.023)	99.22 (99.30)
[189/190]	0.0059 (0.0144)	0.0011 (0.0016)	0.005 (0.023)	100.00 (99.32)
 * Train Acc 99.320
 * Val Acc 98.439, Total time 0.23
Epoch:3
LR: 0.01
Itr		Time		  Data		  Loss		Acc
[0/190]	0.1448 (0.1448)	0.1032 (0.1032)	0.014 (0.014)	99.22 (99.22)
[100/190]	0.0134 (0.0152)	0.0011 (0.0021)	0.006 (0.020)	100.00 (99.38)
[189/190]	0.0135 (0.0143)	0.0011 (0.0016)	0.002 (0.018)	100.00 (99.45)
 * Train Acc 99.452
 * Val Acc 98.590, Total time 0.24
validation split name: 1
 * Val Acc 98.676, Total time 0.26
validation split name: 2
 * Val Acc 96.964, Total time 0.26
validation split name: 3
 * Val Acc 97.118, Total time 0.24
validation split name: 4
 * Val Acc 98.590, Total time 0.24
====================== 5 =======================
Epoch:0
LR: 0.01
Itr		Time		  Data		  Loss		Acc
[0/179]	0.1568 (0.1568)	0.1063 (0.1063)	0.986 (0.986)	71.88 (71.88)
[100/179]	0.0147 (0.0176)	0.0010 (0.0021)	0.115 (0.195)	96.09 (93.66)
[178/179]	0.0140 (0.0164)	0.0002 (0.0017)	0.035 (0.154)	100.00 (94.93)
 * Train Acc 94.934
 * Val Acc 94.705, Total time 0.28
Epoch:1
LR: 0.01
Itr		Time		  Data		  Loss		Acc
[0/179]	0.1374 (0.1374)	0.1018 (0.1018)	0.098 (0.098)	98.44 (98.44)
[100/179]	0.0158 (0.0166)	0.0013 (0.0022)	0.069 (0.075)	97.66 (97.39)
[178/179]	0.0134 (0.0158)	0.0002 (0.0017)	0.014 (0.068)	100.00 (97.67)
 * Train Acc 97.671
 * Val Acc 96.268, Total time 0.24
Epoch:2
LR: 0.01
Itr		Time		  Data		  Loss		Acc
[0/179]	0.1501 (0.1501)	0.1017 (0.1017)	0.022 (0.022)	99.22 (99.22)
[100/179]	0.0178 (0.0168)	0.0015 (0.0021)	0.019 (0.054)	99.22 (98.14)
[178/179]	0.0129 (0.0158)	0.0002 (0.0016)	0.022 (0.048)	100.00 (98.36)
 * Train Acc 98.355
 * Val Acc 97.176, Total time 0.23
Epoch:3
LR: 0.01
Itr		Time		  Data		  Loss		Acc
[0/179]	0.1349 (0.1349)	0.1052 (0.1052)	0.024 (0.024)	99.22 (99.22)
[100/179]	0.0155 (0.0164)	0.0011 (0.0021)	0.037 (0.039)	99.22 (98.70)
[178/179]	0.0154 (0.0159)	0.0002 (0.0017)	0.001 (0.037)	100.00 (98.78)
 * Train Acc 98.776
 * Val Acc 97.630, Total time 0.23
validation split name: 1
 * Val Acc 97.636, Total time 0.30
validation split name: 2
 * Val Acc 96.180, Total time 0.25
validation split name: 3
 * Val Acc 91.889, Total time 0.24
validation split name: 4
 * Val Acc 98.187, Total time 0.25
validation split name: 5
 * Val Acc 97.630, Total time 0.25
OrderedDict([('1', OrderedDict([('1', 99.90543735224587), ('2', 99.52718676122932), ('3', 99.05437352245863), ('4', 98.67612293144208), ('5', 97.63593380614657)])), ('2', OrderedDict([('2', 97.45347698334966), ('3', 97.35553379040157), ('4', 96.9637610186092), ('5', 96.18021547502448)])), ('3', OrderedDict([('3', 98.2924226254002), ('4', 97.11846318036287), ('5', 91.88900747065101)])), ('4', OrderedDict([('4', 98.5901309164149), ('5', 98.18731117824774)])), ('5', OrderedDict([('5', 97.62985375693394)]))])
Task 1 average acc: 99.90543735224587
Task 2 average acc: 98.49033187228949
Task 3 average acc: 98.23410997942013
Task 4 average acc: 97.83711951170727
Task 5 average acc: 96.30446433740074
===Summary of experiment repeats: 1 / 5 ===
The regularization coefficient: 0.5
The last avg acc of all repeats: [96.30446434  0.          0.          0.          0.        ]
mean: 19.26089286748015 std: 38.5217857349603
split_boundaries: [0, 2, 4, 6, 8, 10]
{'1': [0, 1], '2': [2, 3], '3': [4, 5], '4': [6, 7], '5': [8, 9]}
MLP(
  (linear): Sequential(
    (0): Linear(in_features=1024, out_features=400, bias=True)
    (1): ReLU(inplace=True)
    (2): Linear(in_features=400, out_features=400, bias=True)
    (3): ReLU(inplace=True)
  )
  (last): ModuleDict(
    (All): Linear(in_features=400, out_features=2, bias=True)
  )
)
#parameter of model: 571202
Task order: ['1', '2', '3', '4', '5']
====================== 1 =======================
Epoch:0
LR: 0.01
Itr		Time		  Data		  Loss		Acc
[0/99]	0.1125 (0.1125)	0.1080 (0.1080)	0.682 (0.682)	59.38 (59.38)
[98/99]	0.0014 (0.0083)	0.0001 (0.0067)	0.056 (0.191)	99.17 (98.62)
 * Train Acc 98.618
 * Val Acc 99.764, Total time 0.26
Epoch:1
LR: 0.01
Itr		Time		  Data		  Loss		Acc
[0/99]	0.1082 (0.1082)	0.1038 (0.1038)	0.036 (0.036)	100.00 (100.00)
[98/99]	0.0019 (0.0084)	0.0005 (0.0067)	0.020 (0.023)	99.17 (99.75)
 * Train Acc 99.747
 * Val Acc 99.858, Total time 0.26
Epoch:2
LR: 0.01
Itr		Time		  Data		  Loss		Acc
[0/99]	0.1095 (0.1095)	0.1049 (0.1049)	0.011 (0.011)	100.00 (100.00)
[98/99]	0.0114 (0.0084)	0.0097 (0.0068)	0.006 (0.013)	100.00 (99.78)
 * Train Acc 99.779
 * Val Acc 99.858, Total time 0.30
Epoch:3
LR: 0.01
Itr		Time		  Data		  Loss		Acc
[0/99]	0.1082 (0.1082)	0.1040 (0.1040)	0.006 (0.006)	100.00 (100.00)
[98/99]	0.0019 (0.0084)	0.0005 (0.0067)	0.013 (0.010)	99.17 (99.78)
 * Train Acc 99.779
 * Val Acc 99.858, Total time 0.26
validation split name: 1
 * Val Acc 99.858, Total time 0.25
====================== 2 =======================
Epoch:0
LR: 0.01
Itr		Time		  Data		  Loss		Acc
[0/181]	0.1471 (0.1471)	0.1086 (0.1086)	0.749 (0.749)	71.88 (71.88)
[100/181]	0.0077 (0.0096)	0.0012 (0.0024)	0.053 (0.220)	100.00 (91.03)
[180/181]	0.0065 (0.0090)	0.0002 (0.0023)	0.131 (0.162)	91.84 (93.61)
 * Train Acc 93.607
 * Val Acc 93.438, Total time 0.25
Epoch:1
LR: 0.01
Itr		Time		  Data		  Loss		Acc
[0/181]	0.1096 (0.1096)	0.1027 (0.1027)	0.117 (0.117)	94.53 (94.53)
[100/181]	0.0081 (0.0094)	0.0012 (0.0028)	0.126 (0.080)	96.09 (97.40)
[180/181]	0.0032 (0.0087)	0.0006 (0.0027)	0.107 (0.073)	97.96 (97.64)
 * Train Acc 97.635
 * Val Acc 96.719, Total time 0.27
Epoch:2
LR: 0.01
Itr		Time		  Data		  Loss		Acc
[0/181]	0.1513 (0.1513)	0.1045 (0.1045)	0.045 (0.045)	98.44 (98.44)
[100/181]	0.0068 (0.0094)	0.0001 (0.0035)	0.090 (0.059)	96.09 (98.10)
[180/181]	0.0064 (0.0088)	0.0001 (0.0030)	0.237 (0.061)	87.76 (98.06)
 * Train Acc 98.055
 * Val Acc 97.160, Total time 0.25
Epoch:3
LR: 0.01
Itr		Time		  Data		  Loss		Acc
[0/181]	0.1112 (0.1112)	0.1042 (0.1042)	0.065 (0.065)	99.22 (99.22)
[100/181]	0.0033 (0.0095)	0.0002 (0.0034)	0.015 (0.055)	100.00 (98.22)
[180/181]	0.0072 (0.0090)	0.0002 (0.0031)	0.077 (0.054)	97.96 (98.24)
 * Train Acc 98.237
 * Val Acc 97.111, Total time 0.24
validation split name: 1
 * Val Acc 99.338, Total time 0.25
validation split name: 2
 * Val Acc 97.111, Total time 0.25
====================== 3 =======================
Epoch:0
LR: 0.01
Itr		Time		  Data		  Loss		Acc
[0/174]	0.1153 (0.1153)	0.1062 (0.1062)	0.372 (0.372)	86.72 (86.72)
[100/174]	0.0111 (0.0122)	0.0013 (0.0022)	0.089 (0.245)	98.44 (91.31)
[173/174]	0.0109 (0.0114)	0.0010 (0.0017)	0.105 (0.198)	96.64 (92.97)
 * Train Acc 92.970
 * Val Acc 93.917, Total time 0.23
Epoch:1
LR: 0.01
Itr		Time		  Data		  Loss		Acc
[0/174]	0.1499 (0.1499)	0.1060 (0.1060)	0.124 (0.124)	94.53 (94.53)
[100/174]	0.0126 (0.0129)	0.0024 (0.0023)	0.063 (0.090)	99.22 (97.09)
[173/174]	0.0098 (0.0126)	0.0010 (0.0018)	0.143 (0.084)	95.80 (97.37)
 * Train Acc 97.372
 * Val Acc 96.692, Total time 0.24
Epoch:2
LR: 0.01
Itr		Time		  Data		  Loss		Acc
[0/174]	0.1214 (0.1214)	0.1127 (0.1127)	0.044 (0.044)	98.44 (98.44)
[100/174]	0.0125 (0.0129)	0.0013 (0.0023)	0.059 (0.057)	97.66 (98.36)
[173/174]	0.0098 (0.0120)	0.0002 (0.0018)	0.030 (0.054)	99.16 (98.44)
 * Train Acc 98.441
 * Val Acc 97.759, Total time 0.26
Epoch:3
LR: 0.01
Itr		Time		  Data		  Loss		Acc
[0/174]	0.1470 (0.1470)	0.1078 (0.1078)	0.064 (0.064)	96.88 (96.88)
[100/174]	0.0113 (0.0124)	0.0013 (0.0022)	0.067 (0.042)	99.22 (98.79)
[173/174]	0.0116 (0.0116)	0.0010 (0.0018)	0.033 (0.038)	99.16 (98.94)
 * Train Acc 98.944
 * Val Acc 98.132, Total time 0.23
validation split name: 1
 * Val Acc 99.291, Total time 0.30
validation split name: 2
 * Val Acc 97.013, Total time 0.25
validation split name: 3
 * Val Acc 98.132, Total time 0.23
====================== 4 =======================
Epoch:0
LR: 0.01
Itr		Time		  Data		  Loss		Acc
[0/190]	0.1464 (0.1464)	0.1062 (0.1062)	0.629 (0.629)	75.00 (75.00)
[100/190]	0.0137 (0.0157)	0.0010 (0.0022)	0.023 (0.082)	100.00 (97.13)
[189/190]	0.0136 (0.0147)	0.0009 (0.0016)	0.023 (0.062)	100.00 (97.95)
 * Train Acc 97.951
 * Val Acc 97.281, Total time 0.23
Epoch:1
LR: 0.01
Itr		Time		  Data		  Loss		Acc
[0/190]	0.1477 (0.1477)	0.1034 (0.1034)	0.045 (0.045)	97.66 (97.66)
[100/190]	0.0169 (0.0174)	0.0010 (0.0022)	0.052 (0.031)	97.66 (99.03)
[189/190]	0.0143 (0.0164)	0.0011 (0.0017)	0.018 (0.029)	100.00 (99.13)
 * Train Acc 99.130
 * Val Acc 97.684, Total time 0.23
Epoch:2
LR: 0.01
Itr		Time		  Data		  Loss		Acc
[0/190]	0.1477 (0.1477)	0.1025 (0.1025)	0.050 (0.050)	98.44 (98.44)
[100/190]	0.0149 (0.0165)	0.0011 (0.0021)	0.014 (0.021)	100.00 (99.41)
[189/190]	0.0141 (0.0152)	0.0013 (0.0017)	0.008 (0.021)	100.00 (99.39)
 * Train Acc 99.386
 * Val Acc 98.238, Total time 0.27
Epoch:3
LR: 0.01
Itr		Time		  Data		  Loss		Acc
[0/190]	0.1499 (0.1499)	0.1058 (0.1058)	0.006 (0.006)	100.00 (100.00)
[100/190]	0.0131 (0.0159)	0.0010 (0.0022)	0.098 (0.016)	98.44 (99.48)
[189/190]	0.0059 (0.0149)	0.0010 (0.0017)	0.002 (0.016)	100.00 (99.52)
 * Train Acc 99.518
 * Val Acc 98.489, Total time 0.24
validation split name: 1
 * Val Acc 98.771, Total time 0.25
validation split name: 2
 * Val Acc 95.837, Total time 0.25
validation split name: 3
 * Val Acc 96.265, Total time 0.23
validation split name: 4
 * Val Acc 98.489, Total time 0.28
====================== 5 =======================
Epoch:0
LR: 0.01
Itr		Time		  Data		  Loss		Acc
[0/179]	0.1533 (0.1533)	0.1087 (0.1087)	1.119 (1.119)	68.75 (68.75)
[100/179]	0.0146 (0.0152)	0.0010 (0.0020)	0.228 (0.214)	90.62 (92.95)
[178/179]	0.0139 (0.0145)	0.0002 (0.0016)	0.009 (0.169)	100.00 (94.54)
 * Train Acc 94.544
 * Val Acc 93.797, Total time 0.28
Epoch:1
LR: 0.01
Itr		Time		  Data		  Loss		Acc
[0/179]	0.1478 (0.1478)	0.1019 (0.1019)	0.077 (0.077)	96.88 (96.88)
[100/179]	0.0138 (0.0166)	0.0007 (0.0022)	0.028 (0.085)	99.22 (97.11)
[178/179]	0.0148 (0.0162)	0.0003 (0.0018)	0.071 (0.078)	93.75 (97.32)
 * Train Acc 97.325
 * Val Acc 95.108, Total time 0.24
Epoch:2
LR: 0.01
Itr		Time		  Data		  Loss		Acc
[0/179]	0.1153 (0.1153)	0.1052 (0.1052)	0.092 (0.092)	97.66 (97.66)
[100/179]	0.0147 (0.0159)	0.0010 (0.0022)	0.024 (0.060)	99.22 (98.04)
[178/179]	0.0137 (0.0153)	0.0002 (0.0017)	0.036 (0.056)	100.00 (98.14)
 * Train Acc 98.140
 * Val Acc 96.974, Total time 0.24
Epoch:3
LR: 0.01
Itr		Time		  Data		  Loss		Acc
[0/179]	0.1437 (0.1437)	0.1037 (0.1037)	0.029 (0.029)	99.22 (99.22)
[100/179]	0.0151 (0.0167)	0.0012 (0.0022)	0.009 (0.043)	100.00 (98.61)
[178/179]	0.0150 (0.0159)	0.0002 (0.0018)	0.262 (0.044)	87.50 (98.58)
 * Train Acc 98.583
 * Val Acc 96.319, Total time 0.27
validation split name: 1
 * Val Acc 97.069, Total time 0.26
validation split name: 2
 * Val Acc 95.005, Total time 0.25
validation split name: 3
 * Val Acc 88.474, Total time 0.23
validation split name: 4
 * Val Acc 97.633, Total time 0.27
validation split name: 5
 * Val Acc 96.319, Total time 0.24
OrderedDict([('1', OrderedDict([('1', 99.8581560283688), ('2', 99.33806146572104), ('3', 99.29078014184397), ('4', 98.77068557919621), ('5', 97.06855791962175)])), ('2', OrderedDict([('2', 97.11067580803135), ('3', 97.01273261508325), ('4', 95.83741429970617), ('5', 95.0048971596474)])), ('3', OrderedDict([('3', 98.13233724653148), ('4', 96.26467449306297), ('5', 88.47385272145144)])), ('4', OrderedDict([('4', 98.48942598187311), ('5', 97.63343403826788)])), ('5', OrderedDict([('5', 96.31870902672718)]))])
Task 1 average acc: 99.8581560283688
Task 2 average acc: 98.22436863687619
Task 3 average acc: 98.14528333448622
Task 4 average acc: 97.34055008845962
Task 5 average acc: 94.89989017314312
===Summary of experiment repeats: 2 / 5 ===
The regularization coefficient: 0.5
The last avg acc of all repeats: [96.30446434 94.89989017  0.          0.          0.        ]
mean: 38.24087090210877 std: 46.83741660132329
split_boundaries: [0, 2, 4, 6, 8, 10]
{'1': [0, 1], '2': [2, 3], '3': [4, 5], '4': [6, 7], '5': [8, 9]}
MLP(
  (linear): Sequential(
    (0): Linear(in_features=1024, out_features=400, bias=True)
    (1): ReLU(inplace=True)
    (2): Linear(in_features=400, out_features=400, bias=True)
    (3): ReLU(inplace=True)
  )
  (last): ModuleDict(
    (All): Linear(in_features=400, out_features=2, bias=True)
  )
)
#parameter of model: 571202
Task order: ['1', '2', '3', '4', '5']
====================== 1 =======================
Epoch:0
LR: 0.01
Itr		Time		  Data		  Loss		Acc
[0/99]	0.1088 (0.1088)	0.1045 (0.1045)	0.679 (0.679)	51.56 (51.56)
[98/99]	0.0014 (0.0082)	0.0001 (0.0067)	0.049 (0.188)	98.35 (97.94)
 * Train Acc 97.939
 * Val Acc 99.764, Total time 0.26
Epoch:1
LR: 0.01
Itr		Time		  Data		  Loss		Acc
[0/99]	0.1142 (0.1142)	0.1096 (0.1096)	0.034 (0.034)	100.00 (100.00)
[98/99]	0.0014 (0.0083)	0.0001 (0.0068)	0.021 (0.023)	99.17 (99.71)
 * Train Acc 99.708
 * Val Acc 99.764, Total time 0.26
Epoch:2
LR: 0.01
Itr		Time		  Data		  Loss		Acc
[0/99]	0.1063 (0.1063)	0.1015 (0.1015)	0.013 (0.013)	100.00 (100.00)
[98/99]	0.0014 (0.0084)	0.0001 (0.0070)	0.010 (0.014)	100.00 (99.75)
 * Train Acc 99.747
 * Val Acc 99.858, Total time 0.26
Epoch:3
LR: 0.01
Itr		Time		  Data		  Loss		Acc
[0/99]	0.1155 (0.1155)	0.1110 (0.1110)	0.010 (0.010)	100.00 (100.00)
[98/99]	0.0014 (0.0084)	0.0001 (0.0068)	0.003 (0.011)	100.00 (99.78)
 * Train Acc 99.779
 * Val Acc 99.905, Total time 0.25
validation split name: 1
 * Val Acc 99.905, Total time 0.25
====================== 2 =======================
Epoch:0
LR: 0.01
Itr		Time		  Data		  Loss		Acc
[0/181]	0.1179 (0.1179)	0.1033 (0.1033)	0.811 (0.811)	71.88 (71.88)
[100/181]	0.0117 (0.0095)	0.0050 (0.0029)	0.074 (0.224)	98.44 (91.08)
[180/181]	0.0060 (0.0090)	0.0001 (0.0025)	0.200 (0.169)	89.80 (93.45)
 * Train Acc 93.447
 * Val Acc 94.760, Total time 0.25
Epoch:1
LR: 0.01
Itr		Time		  Data		  Loss		Acc
[0/181]	0.1549 (0.1549)	0.1049 (0.1049)	0.044 (0.044)	98.44 (98.44)
[100/181]	0.0060 (0.0097)	0.0002 (0.0033)	0.093 (0.082)	95.31 (97.25)
[180/181]	0.0064 (0.0090)	0.0002 (0.0030)	0.057 (0.080)	97.96 (97.37)
 * Train Acc 97.367
 * Val Acc 95.299, Total time 0.25
Epoch:2
LR: 0.01
Itr		Time		  Data		  Loss		Acc
[0/181]	0.1116 (0.1116)	0.1042 (0.1042)	0.040 (0.040)	98.44 (98.44)
[100/181]	0.0038 (0.0095)	0.0002 (0.0029)	0.056 (0.067)	96.88 (97.79)
[180/181]	0.0029 (0.0089)	0.0002 (0.0028)	0.145 (0.067)	95.92 (97.84)
 * Train Acc 97.843
 * Val Acc 96.866, Total time 0.27
Epoch:3
LR: 0.01
Itr		Time		  Data		  Loss		Acc
[0/181]	0.1109 (0.1109)	0.1039 (0.1039)	0.047 (0.047)	99.22 (99.22)
[100/181]	0.0071 (0.0092)	0.0002 (0.0032)	0.037 (0.059)	99.22 (98.08)
[180/181]	0.0026 (0.0086)	0.0002 (0.0031)	0.027 (0.058)	97.96 (98.14)
 * Train Acc 98.142
 * Val Acc 97.307, Total time 0.28
validation split name: 1
 * Val Acc 99.574, Total time 0.26
validation split name: 2
 * Val Acc 97.307, Total time 0.25
====================== 3 =======================
Epoch:0
LR: 0.01
Itr		Time		  Data		  Loss		Acc
[0/174]	0.1167 (0.1167)	0.1086 (0.1086)	0.523 (0.523)	83.59 (83.59)
[100/174]	0.0128 (0.0132)	0.0011 (0.0023)	0.105 (0.238)	95.31 (91.28)
[173/174]	0.0113 (0.0124)	0.0010 (0.0018)	0.083 (0.189)	98.32 (93.12)
 * Train Acc 93.123
 * Val Acc 94.290, Total time 0.22
Epoch:1
LR: 0.01
Itr		Time		  Data		  Loss		Acc
[0/174]	0.1492 (0.1492)	0.1047 (0.1047)	0.082 (0.082)	97.66 (97.66)
[100/174]	0.0111 (0.0123)	0.0014 (0.0023)	0.115 (0.089)	97.66 (97.22)
[173/174]	0.0118 (0.0116)	0.0013 (0.0019)	0.065 (0.079)	97.48 (97.54)
 * Train Acc 97.539
 * Val Acc 96.798, Total time 0.23
Epoch:2
LR: 0.01
Itr		Time		  Data		  Loss		Acc
[0/174]	0.1500 (0.1500)	0.1056 (0.1056)	0.099 (0.099)	96.88 (96.88)
[100/174]	0.0116 (0.0126)	0.0011 (0.0023)	0.040 (0.054)	99.22 (98.46)
[173/174]	0.0050 (0.0119)	0.0010 (0.0018)	0.058 (0.048)	97.48 (98.63)
 * Train Acc 98.630
 * Val Acc 97.759, Total time 0.23
Epoch:3
LR: 0.01
Itr		Time		  Data		  Loss		Acc
[0/174]	0.1495 (0.1495)	0.1089 (0.1089)	0.013 (0.013)	100.00 (100.00)
[100/174]	0.0044 (0.0126)	0.0003 (0.0023)	0.009 (0.037)	100.00 (99.05)
[173/174]	0.0098 (0.0118)	0.0006 (0.0019)	0.015 (0.034)	100.00 (99.11)
 * Train Acc 99.106
 * Val Acc 98.399, Total time 0.27
validation split name: 1
 * Val Acc 99.385, Total time 0.29
validation split name: 2
 * Val Acc 97.307, Total time 0.25
validation split name: 3
 * Val Acc 98.399, Total time 0.24
====================== 4 =======================
Epoch:0
LR: 0.01
Itr		Time		  Data		  Loss		Acc
[0/190]	0.1531 (0.1531)	0.1034 (0.1034)	0.527 (0.527)	75.78 (75.78)
[100/190]	0.0070 (0.0156)	0.0011 (0.0022)	0.037 (0.077)	98.44 (97.26)
[189/190]	0.0062 (0.0151)	0.0011 (0.0017)	0.015 (0.062)	100.00 (97.95)
 * Train Acc 97.947
 * Val Acc 97.684, Total time 0.28
Epoch:1
LR: 0.01
Itr		Time		  Data		  Loss		Acc
[0/190]	0.1427 (0.1427)	0.1009 (0.1009)	0.041 (0.041)	99.22 (99.22)
[100/190]	0.0168 (0.0165)	0.0017 (0.0022)	0.029 (0.031)	97.66 (99.10)
[189/190]	0.0145 (0.0152)	0.0011 (0.0017)	0.020 (0.030)	98.55 (99.13)
 * Train Acc 99.126
 * Val Acc 98.238, Total time 0.27
Epoch:2
LR: 0.01
Itr		Time		  Data		  Loss		Acc
[0/190]	0.1574 (0.1574)	0.1038 (0.1038)	0.025 (0.025)	99.22 (99.22)
[100/190]	0.0136 (0.0153)	0.0011 (0.0021)	0.023 (0.024)	98.44 (99.33)
[189/190]	0.0059 (0.0149)	0.0010 (0.0016)	0.034 (0.021)	98.55 (99.36)
 * Train Acc 99.361
 * Val Acc 98.590, Total time 0.26
Epoch:3
LR: 0.01
Itr		Time		  Data		  Loss		Acc
[0/190]	0.1477 (0.1477)	0.1057 (0.1057)	0.034 (0.034)	99.22 (99.22)
[100/190]	0.0125 (0.0136)	0.0010 (0.0020)	0.038 (0.018)	98.44 (99.48)
[189/190]	0.0139 (0.0133)	0.0003 (0.0016)	0.007 (0.017)	100.00 (99.51)
 * Train Acc 99.510
 * Val Acc 98.842, Total time 0.28
validation split name: 1
 * Val Acc 98.392, Total time 0.25
validation split name: 2
 * Val Acc 96.131, Total time 0.25
validation split name: 3
 * Val Acc 97.279, Total time 0.23
validation split name: 4
 * Val Acc 98.842, Total time 0.25
====================== 5 =======================
Epoch:0
LR: 0.01
Itr		Time		  Data		  Loss		Acc
[0/179]	0.1408 (0.1408)	0.1052 (0.1052)	1.487 (1.487)	66.41 (66.41)
[100/179]	0.0163 (0.0171)	0.0011 (0.0022)	0.182 (0.225)	92.97 (92.61)
[178/179]	0.0142 (0.0165)	0.0003 (0.0018)	0.045 (0.177)	100.00 (94.18)
 * Train Acc 94.180
 * Val Acc 93.444, Total time 0.28
Epoch:1
LR: 0.01
Itr		Time		  Data		  Loss		Acc
[0/179]	0.1438 (0.1438)	0.1044 (0.1044)	0.059 (0.059)	97.66 (97.66)
[100/179]	0.0146 (0.0160)	0.0011 (0.0021)	0.154 (0.087)	96.88 (97.18)
[178/179]	0.0136 (0.0153)	0.0002 (0.0016)	0.019 (0.082)	100.00 (97.29)
 * Train Acc 97.285
 * Val Acc 95.310, Total time 0.24
Epoch:2
LR: 0.01
Itr		Time		  Data		  Loss		Acc
[0/179]	0.1430 (0.1430)	0.1057 (0.1057)	0.036 (0.036)	99.22 (99.22)
[100/179]	0.0155 (0.0166)	0.0014 (0.0022)	0.093 (0.062)	97.66 (98.11)
[178/179]	0.0151 (0.0164)	0.0002 (0.0019)	0.009 (0.057)	100.00 (98.15)
 * Train Acc 98.154
 * Val Acc 96.369, Total time 0.24
Epoch:3
LR: 0.01
Itr		Time		  Data		  Loss		Acc
[0/179]	0.1469 (0.1469)	0.1067 (0.1067)	0.038 (0.038)	98.44 (98.44)
[100/179]	0.0200 (0.0173)	0.0011 (0.0022)	0.079 (0.046)	96.09 (98.46)
[178/179]	0.0137 (0.0164)	0.0002 (0.0018)	0.010 (0.045)	100.00 (98.53)
 * Train Acc 98.531
 * Val Acc 96.873, Total time 0.28
validation split name: 1
 * Val Acc 98.487, Total time 0.26
validation split name: 2
 * Val Acc 95.690, Total time 0.26
validation split name: 3
 * Val Acc 92.689, Total time 0.23
validation split name: 4
 * Val Acc 98.540, Total time 0.25
validation split name: 5
 * Val Acc 96.873, Total time 0.24
OrderedDict([('1', OrderedDict([('1', 99.90543735224587), ('2', 99.57446808510639), ('3', 99.38534278959811), ('4', 98.39243498817967), ('5', 98.4869976359338)])), ('2', OrderedDict([('2', 97.30656219392752), ('3', 97.30656219392752), ('4', 96.13124387855044), ('5', 95.69049951028404)])), ('3', OrderedDict([('3', 98.3991462113127), ('4', 97.2785485592316), ('5', 92.68943436499467)])), ('4', OrderedDict([('4', 98.84189325276938), ('5', 98.53977844914401)])), ('5', OrderedDict([('5', 96.87342410489158)]))])
Task 1 average acc: 99.90543735224587
Task 2 average acc: 98.44051513951695
Task 3 average acc: 98.36368373161277
Task 4 average acc: 97.66103016968276
Task 5 average acc: 96.45602681304962
===Summary of experiment repeats: 3 / 5 ===
The regularization coefficient: 0.5
The last avg acc of all repeats: [96.30446434 94.89989017 96.45602681  0.          0.        ]
mean: 57.5320762647187 std: 46.97787802381249
split_boundaries: [0, 2, 4, 6, 8, 10]
{'1': [0, 1], '2': [2, 3], '3': [4, 5], '4': [6, 7], '5': [8, 9]}
MLP(
  (linear): Sequential(
    (0): Linear(in_features=1024, out_features=400, bias=True)
    (1): ReLU(inplace=True)
    (2): Linear(in_features=400, out_features=400, bias=True)
    (3): ReLU(inplace=True)
  )
  (last): ModuleDict(
    (All): Linear(in_features=400, out_features=2, bias=True)
  )
)
#parameter of model: 571202
Task order: ['1', '2', '3', '4', '5']
====================== 1 =======================
Epoch:0
LR: 0.01
Itr		Time		  Data		  Loss		Acc
[0/99]	0.1109 (0.1109)	0.1066 (0.1066)	0.722 (0.722)	52.34 (52.34)
[98/99]	0.0014 (0.0084)	0.0001 (0.0068)	0.037 (0.181)	99.17 (97.81)
 * Train Acc 97.813
 * Val Acc 99.811, Total time 0.26
Epoch:1
LR: 0.01
Itr		Time		  Data		  Loss		Acc
[0/99]	0.1079 (0.1079)	0.1032 (0.1032)	0.029 (0.029)	100.00 (100.00)
[98/99]	0.0014 (0.0084)	0.0001 (0.0069)	0.012 (0.022)	100.00 (99.72)
 * Train Acc 99.724
 * Val Acc 99.811, Total time 0.24
Epoch:2
LR: 0.01
Itr		Time		  Data		  Loss		Acc
[0/99]	0.1086 (0.1086)	0.1042 (0.1042)	0.027 (0.027)	99.22 (99.22)
[98/99]	0.0014 (0.0084)	0.0001 (0.0068)	0.020 (0.013)	99.17 (99.77)
 * Train Acc 99.771
 * Val Acc 99.858, Total time 0.25
Epoch:3
LR: 0.01
Itr		Time		  Data		  Loss		Acc
[0/99]	0.1098 (0.1098)	0.1055 (0.1055)	0.009 (0.009)	100.00 (100.00)
[98/99]	0.0014 (0.0083)	0.0001 (0.0068)	0.005 (0.010)	100.00 (99.79)
 * Train Acc 99.795
 * Val Acc 99.905, Total time 0.29
validation split name: 1
 * Val Acc 99.905, Total time 0.25
====================== 2 =======================
Epoch:0
LR: 0.01
Itr		Time		  Data		  Loss		Acc
[0/181]	0.1505 (0.1505)	0.1057 (0.1057)	0.600 (0.600)	76.56 (76.56)
[100/181]	0.0076 (0.0097)	0.0011 (0.0030)	0.099 (0.212)	96.88 (91.82)
[180/181]	0.0070 (0.0091)	0.0008 (0.0027)	0.070 (0.162)	95.92 (93.81)
 * Train Acc 93.807
 * Val Acc 94.809, Total time 0.25
Epoch:1
LR: 0.01
Itr		Time		  Data		  Loss		Acc
[0/181]	0.1474 (0.1474)	0.1014 (0.1014)	0.122 (0.122)	93.75 (93.75)
[100/181]	0.0088 (0.0097)	0.0016 (0.0031)	0.162 (0.079)	96.09 (97.38)
[180/181]	0.0037 (0.0090)	0.0010 (0.0029)	0.037 (0.078)	100.00 (97.31)
 * Train Acc 97.306
 * Val Acc 96.229, Total time 0.28
Epoch:2
LR: 0.01
Itr		Time		  Data		  Loss		Acc
[0/181]	0.1103 (0.1103)	0.1035 (0.1035)	0.049 (0.049)	98.44 (98.44)
[100/181]	0.0088 (0.0097)	0.0016 (0.0033)	0.023 (0.069)	100.00 (97.69)
[180/181]	0.0071 (0.0090)	0.0009 (0.0028)	0.089 (0.067)	95.92 (97.72)
 * Train Acc 97.722
 * Val Acc 96.719, Total time 0.26
Epoch:3
LR: 0.01
Itr		Time		  Data		  Loss		Acc
[0/181]	0.1572 (0.1572)	0.1065 (0.1065)	0.065 (0.065)	97.66 (97.66)
[100/181]	0.0033 (0.0096)	0.0003 (0.0033)	0.081 (0.060)	97.66 (97.93)
[180/181]	0.0068 (0.0089)	0.0007 (0.0030)	0.177 (0.059)	95.92 (98.06)
 * Train Acc 98.064
 * Val Acc 96.866, Total time 0.25
validation split name: 1
 * Val Acc 99.574, Total time 0.26
validation split name: 2
 * Val Acc 96.866, Total time 0.26
====================== 3 =======================
Epoch:0
LR: 0.01
Itr		Time		  Data		  Loss		Acc
[0/174]	0.1453 (0.1453)	0.1069 (0.1069)	0.593 (0.593)	79.69 (79.69)
[100/174]	0.0110 (0.0125)	0.0011 (0.0022)	0.121 (0.231)	95.31 (91.68)
[173/174]	0.0113 (0.0118)	0.0010 (0.0017)	0.111 (0.185)	94.12 (93.32)
 * Train Acc 93.321
 * Val Acc 94.237, Total time 0.23
Epoch:1
LR: 0.01
Itr		Time		  Data		  Loss		Acc
[0/174]	0.1381 (0.1381)	0.1026 (0.1026)	0.093 (0.093)	97.66 (97.66)
[100/174]	0.0109 (0.0121)	0.0011 (0.0022)	0.108 (0.088)	98.44 (97.32)
[173/174]	0.0109 (0.0110)	0.0010 (0.0017)	0.082 (0.079)	96.64 (97.65)
 * Train Acc 97.646
 * Val Acc 97.172, Total time 0.22
Epoch:2
LR: 0.01
Itr		Time		  Data		  Loss		Acc
[0/174]	0.1552 (0.1552)	0.1111 (0.1111)	0.118 (0.118)	97.66 (97.66)
[100/174]	0.0053 (0.0125)	0.0011 (0.0022)	0.021 (0.055)	100.00 (98.38)
[173/174]	0.0113 (0.0115)	0.0013 (0.0018)	0.052 (0.052)	97.48 (98.52)
 * Train Acc 98.518
 * Val Acc 98.079, Total time 0.23
Epoch:3
LR: 0.01
Itr		Time		  Data		  Loss		Acc
[0/174]	0.1123 (0.1123)	0.1046 (0.1046)	0.017 (0.017)	100.00 (100.00)
[100/174]	0.0111 (0.0121)	0.0013 (0.0022)	0.051 (0.038)	97.66 (98.84)
[173/174]	0.0117 (0.0113)	0.0011 (0.0018)	0.022 (0.038)	100.00 (98.91)
 * Train Acc 98.913
 * Val Acc 98.399, Total time 0.23
validation split name: 1
 * Val Acc 99.622, Total time 0.25
validation split name: 2
 * Val Acc 96.131, Total time 0.28
validation split name: 3
 * Val Acc 98.399, Total time 0.23
====================== 4 =======================
Epoch:0
LR: 0.01
Itr		Time		  Data		  Loss		Acc
[0/190]	0.1507 (0.1507)	0.1101 (0.1101)	0.658 (0.658)	75.00 (75.00)
[100/190]	0.0149 (0.0161)	0.0014 (0.0024)	0.063 (0.085)	98.44 (97.03)
[189/190]	0.0149 (0.0150)	0.0011 (0.0018)	0.059 (0.067)	97.10 (97.81)
 * Train Acc 97.811
 * Val Acc 97.331, Total time 0.23
Epoch:1
LR: 0.01
Itr		Time		  Data		  Loss		Acc
[0/190]	0.1559 (0.1559)	0.1091 (0.1091)	0.065 (0.065)	98.44 (98.44)
[100/190]	0.0144 (0.0165)	0.0014 (0.0022)	0.009 (0.031)	100.00 (99.03)
[189/190]	0.0138 (0.0154)	0.0003 (0.0018)	0.013 (0.030)	100.00 (99.06)
 * Train Acc 99.056
 * Val Acc 98.137, Total time 0.24
Epoch:2
LR: 0.01
Itr		Time		  Data		  Loss		Acc
[0/190]	0.1563 (0.1563)	0.1195 (0.1195)	0.033 (0.033)	99.22 (99.22)
[100/190]	0.0166 (0.0161)	0.0011 (0.0023)	0.016 (0.023)	99.22 (99.33)
[189/190]	0.0148 (0.0152)	0.0011 (0.0018)	0.002 (0.022)	100.00 (99.38)
 * Train Acc 99.382
 * Val Acc 98.187, Total time 0.24
Epoch:3
LR: 0.01
Itr		Time		  Data		  Loss		Acc
[0/190]	0.1130 (0.1130)	0.1043 (0.1043)	0.003 (0.003)	100.00 (100.00)
[100/190]	0.0142 (0.0148)	0.0011 (0.0021)	0.011 (0.017)	99.22 (99.50)
[189/190]	0.0145 (0.0143)	0.0010 (0.0016)	0.014 (0.018)	100.00 (99.50)
 * Train Acc 99.497
 * Val Acc 98.489, Total time 0.24
validation split name: 1
 * Val Acc 99.196, Total time 0.25
validation split name: 2
 * Val Acc 96.572, Total time 0.26
validation split name: 3
 * Val Acc 96.318, Total time 0.24
validation split name: 4
 * Val Acc 98.489, Total time 0.24
====================== 5 =======================
Epoch:0
LR: 0.01
Itr		Time		  Data		  Loss		Acc
[0/179]	0.1493 (0.1493)	0.1052 (0.1052)	1.022 (1.022)	83.59 (83.59)
[100/179]	0.0182 (0.0160)	0.0006 (0.0021)	0.185 (0.216)	92.97 (93.39)
[178/179]	0.0135 (0.0152)	0.0002 (0.0016)	0.322 (0.174)	87.50 (94.49)
 * Train Acc 94.491
 * Val Acc 91.629, Total time 0.24
Epoch:1
LR: 0.01
Itr		Time		  Data		  Loss		Acc
[0/179]	0.1204 (0.1204)	0.1106 (0.1106)	0.169 (0.169)	94.53 (94.53)
[100/179]	0.0147 (0.0166)	0.0010 (0.0022)	0.134 (0.086)	94.53 (97.21)
[178/179]	0.0139 (0.0158)	0.0002 (0.0017)	0.003 (0.080)	100.00 (97.34)
 * Train Acc 97.338
 * Val Acc 95.714, Total time 0.27
Epoch:2
LR: 0.01
Itr		Time		  Data		  Loss		Acc
[0/179]	0.1527 (0.1527)	0.1041 (0.1041)	0.035 (0.035)	99.22 (99.22)
[100/179]	0.0147 (0.0164)	0.0010 (0.0021)	0.049 (0.062)	98.44 (97.97)
[178/179]	0.0130 (0.0155)	0.0002 (0.0016)	0.199 (0.057)	93.75 (98.09)
 * Train Acc 98.092
 * Val Acc 96.773, Total time 0.24
Epoch:3
LR: 0.01
Itr		Time		  Data		  Loss		Acc
[0/179]	0.1471 (0.1471)	0.1017 (0.1017)	0.022 (0.022)	99.22 (99.22)
[100/179]	0.0150 (0.0159)	0.0013 (0.0022)	0.010 (0.042)	100.00 (98.60)
[178/179]	0.0140 (0.0154)	0.0002 (0.0018)	0.276 (0.042)	87.50 (98.57)
 * Train Acc 98.566
 * Val Acc 96.924, Total time 0.23
validation split name: 1
 * Val Acc 98.061, Total time 0.29
validation split name: 2
 * Val Acc 96.915, Total time 0.25
validation split name: 3
 * Val Acc 91.302, Total time 0.27
validation split name: 4
 * Val Acc 97.432, Total time 0.25
validation split name: 5
 * Val Acc 96.924, Total time 0.24
OrderedDict([('1', OrderedDict([('1', 99.90543735224587), ('2', 99.57446808510639), ('3', 99.62174940898345), ('4', 99.19621749408984), ('5', 98.0614657210402)])), ('2', OrderedDict([('2', 96.86581782566111), ('3', 96.13124387855044), ('4', 96.57198824681684), ('5', 96.91478942213516)])), ('3', OrderedDict([('3', 98.3991462113127), ('4', 96.31803628601921), ('5', 91.30202774813233)])), ('4', OrderedDict([('4', 98.48942598187311), ('5', 97.43202416918429)])), ('5', OrderedDict([('5', 96.92385274836107)]))])
Task 1 average acc: 99.90543735224587
Task 2 average acc: 98.22014295538375
Task 3 average acc: 98.0507131662822
Task 4 average acc: 97.64391700219976
Task 5 average acc: 96.1268319617706
===Summary of experiment repeats: 4 / 5 ===
The regularization coefficient: 0.5
The last avg acc of all repeats: [96.30446434 94.89989017 96.45602681 96.12683196  0.        ]
mean: 76.75744265707281 std: 38.382670364333535
split_boundaries: [0, 2, 4, 6, 8, 10]
{'1': [0, 1], '2': [2, 3], '3': [4, 5], '4': [6, 7], '5': [8, 9]}
MLP(
  (linear): Sequential(
    (0): Linear(in_features=1024, out_features=400, bias=True)
    (1): ReLU(inplace=True)
    (2): Linear(in_features=400, out_features=400, bias=True)
    (3): ReLU(inplace=True)
  )
  (last): ModuleDict(
    (All): Linear(in_features=400, out_features=2, bias=True)
  )
)
#parameter of model: 571202
Task order: ['1', '2', '3', '4', '5']
====================== 1 =======================
Epoch:0
LR: 0.01
Itr		Time		  Data		  Loss		Acc
[0/99]	0.1100 (0.1100)	0.1055 (0.1055)	0.739 (0.739)	18.75 (18.75)
[98/99]	0.0156 (0.0086)	0.0139 (0.0070)	0.026 (0.195)	100.00 (97.26)
 * Train Acc 97.260
 * Val Acc 99.811, Total time 0.26
Epoch:1
LR: 0.01
Itr		Time		  Data		  Loss		Acc
[0/99]	0.1099 (0.1099)	0.1059 (0.1059)	0.030 (0.030)	100.00 (100.00)
[98/99]	0.0019 (0.0082)	0.0005 (0.0066)	0.013 (0.022)	100.00 (99.75)
 * Train Acc 99.747
 * Val Acc 99.858, Total time 0.28
Epoch:2
LR: 0.01
Itr		Time		  Data		  Loss		Acc
[0/99]	0.1067 (0.1067)	0.1028 (0.1028)	0.014 (0.014)	100.00 (100.00)
[98/99]	0.0014 (0.0082)	0.0001 (0.0067)	0.005 (0.013)	100.00 (99.79)
 * Train Acc 99.795
 * Val Acc 99.858, Total time 0.25
Epoch:3
LR: 0.01
Itr		Time		  Data		  Loss		Acc
[0/99]	0.1017 (0.1017)	0.0973 (0.0973)	0.007 (0.007)	100.00 (100.00)
[98/99]	0.0164 (0.0083)	0.0150 (0.0068)	0.006 (0.010)	100.00 (99.79)
 * Train Acc 99.795
 * Val Acc 99.905, Total time 0.26
validation split name: 1
 * Val Acc 99.905, Total time 0.25
====================== 2 =======================
Epoch:0
LR: 0.01
Itr		Time		  Data		  Loss		Acc
[0/181]	0.1286 (0.1286)	0.1055 (0.1055)	0.556 (0.556)	77.34 (77.34)
[100/181]	0.0080 (0.0102)	0.0003 (0.0029)	0.088 (0.213)	96.09 (91.60)
[180/181]	0.0063 (0.0094)	0.0002 (0.0026)	0.060 (0.159)	97.96 (93.87)
 * Train Acc 93.867
 * Val Acc 94.613, Total time 0.25
Epoch:1
LR: 0.01
Itr		Time		  Data		  Loss		Acc
[0/181]	0.1547 (0.1547)	0.1068 (0.1068)	0.065 (0.065)	96.88 (96.88)
[100/181]	0.0069 (0.0099)	0.0002 (0.0027)	0.073 (0.075)	96.09 (97.53)
[180/181]	0.0079 (0.0091)	0.0009 (0.0026)	0.053 (0.073)	97.96 (97.57)
 * Train Acc 97.575
 * Val Acc 96.425, Total time 0.24
Epoch:2
LR: 0.01
Itr		Time		  Data		  Loss		Acc
[0/181]	0.1138 (0.1138)	0.1056 (0.1056)	0.040 (0.040)	98.44 (98.44)
[100/181]	0.0034 (0.0094)	0.0003 (0.0031)	0.051 (0.063)	97.66 (97.94)
[180/181]	0.0041 (0.0088)	0.0012 (0.0030)	0.050 (0.063)	97.96 (97.90)
 * Train Acc 97.895
 * Val Acc 96.915, Total time 0.24
Epoch:3
LR: 0.01
Itr		Time		  Data		  Loss		Acc
[0/181]	0.1117 (0.1117)	0.1048 (0.1048)	0.049 (0.049)	98.44 (98.44)
[100/181]	0.0201 (0.0093)	0.0099 (0.0032)	0.073 (0.058)	97.66 (98.05)
[180/181]	0.0031 (0.0088)	0.0002 (0.0028)	0.062 (0.056)	97.96 (98.17)
 * Train Acc 98.172
 * Val Acc 97.258, Total time 0.28
validation split name: 1
 * Val Acc 99.480, Total time 0.25
validation split name: 2
 * Val Acc 97.258, Total time 0.25
====================== 3 =======================
Epoch:0
LR: 0.01
Itr		Time		  Data		  Loss		Acc
[0/174]	0.1055 (0.1055)	0.0983 (0.0983)	0.792 (0.792)	79.69 (79.69)
[100/174]	0.0117 (0.0124)	0.0011 (0.0022)	0.116 (0.224)	95.31 (91.89)
[173/174]	0.0116 (0.0118)	0.0010 (0.0017)	0.135 (0.177)	96.64 (93.75)
 * Train Acc 93.752
 * Val Acc 94.077, Total time 0.22
Epoch:1
LR: 0.01
Itr		Time		  Data		  Loss		Acc
[0/174]	0.1437 (0.1437)	0.1032 (0.1032)	0.149 (0.149)	94.53 (94.53)
[100/174]	0.0116 (0.0125)	0.0011 (0.0022)	0.042 (0.083)	98.44 (97.42)
[173/174]	0.0105 (0.0117)	0.0010 (0.0018)	0.051 (0.072)	99.16 (97.78)
 * Train Acc 97.777
 * Val Acc 96.745, Total time 0.27
Epoch:2
LR: 0.01
Itr		Time		  Data		  Loss		Acc
[0/174]	0.1428 (0.1428)	0.1044 (0.1044)	0.110 (0.110)	97.66 (97.66)
[100/174]	0.0117 (0.0122)	0.0014 (0.0022)	0.032 (0.049)	98.44 (98.60)
[173/174]	0.0108 (0.0112)	0.0010 (0.0018)	0.016 (0.046)	100.00 (98.65)
 * Train Acc 98.648
 * Val Acc 97.812, Total time 0.23
Epoch:3
LR: 0.01
Itr		Time		  Data		  Loss		Acc
[0/174]	0.1477 (0.1477)	0.1117 (0.1117)	0.023 (0.023)	99.22 (99.22)
[100/174]	0.0106 (0.0117)	0.0011 (0.0022)	0.012 (0.036)	100.00 (99.03)
[173/174]	0.0049 (0.0108)	0.0010 (0.0017)	0.028 (0.034)	99.16 (99.07)
 * Train Acc 99.066
 * Val Acc 98.292, Total time 0.26
validation split name: 1
 * Val Acc 98.913, Total time 0.26
validation split name: 2
 * Val Acc 96.621, Total time 0.25
validation split name: 3
 * Val Acc 98.292, Total time 0.23
====================== 4 =======================
Epoch:0
LR: 0.01
Itr		Time		  Data		  Loss		Acc
[0/190]	0.1312 (0.1312)	0.1071 (0.1071)	0.544 (0.544)	79.69 (79.69)
[100/190]	0.0135 (0.0153)	0.0011 (0.0022)	0.026 (0.083)	99.22 (96.95)
[189/190]	0.0138 (0.0144)	0.0011 (0.0017)	0.102 (0.064)	97.10 (97.74)
 * Train Acc 97.741
 * Val Acc 97.432, Total time 0.26
Epoch:1
LR: 0.01
Itr		Time		  Data		  Loss		Acc
[0/190]	0.1546 (0.1546)	0.1059 (0.1059)	0.016 (0.016)	100.00 (100.00)
[100/190]	0.0145 (0.0153)	0.0011 (0.0021)	0.009 (0.032)	100.00 (99.12)
[189/190]	0.0139 (0.0146)	0.0003 (0.0017)	0.038 (0.029)	98.55 (99.17)
 * Train Acc 99.167
 * Val Acc 97.835, Total time 0.24
Epoch:2
LR: 0.01
Itr		Time		  Data		  Loss		Acc
[0/190]	0.1439 (0.1439)	0.1044 (0.1044)	0.082 (0.082)	99.22 (99.22)
[100/190]	0.0149 (0.0153)	0.0011 (0.0023)	0.012 (0.023)	100.00 (99.37)
[189/190]	0.0061 (0.0147)	0.0011 (0.0017)	0.007 (0.021)	100.00 (99.39)
 * Train Acc 99.386
 * Val Acc 98.389, Total time 0.23
Epoch:3
LR: 0.01
Itr		Time		  Data		  Loss		Acc
[0/190]	0.1464 (0.1464)	0.1007 (0.1007)	0.015 (0.015)	100.00 (100.00)
[100/190]	0.0127 (0.0146)	0.0010 (0.0021)	0.046 (0.017)	98.44 (99.54)
[189/190]	0.0126 (0.0139)	0.0010 (0.0016)	0.005 (0.017)	100.00 (99.50)
 * Train Acc 99.501
 * Val Acc 98.540, Total time 0.23
validation split name: 1
 * Val Acc 98.723, Total time 0.25
validation split name: 2
 * Val Acc 96.817, Total time 0.25
validation split name: 3
 * Val Acc 96.905, Total time 0.27
validation split name: 4
 * Val Acc 98.540, Total time 0.24
====================== 5 =======================
Epoch:0
LR: 0.01
Itr		Time		  Data		  Loss		Acc
[0/179]	0.1388 (0.1388)	0.1031 (0.1031)	1.334 (1.334)	67.97 (67.97)
[100/179]	0.0142 (0.0159)	0.0010 (0.0020)	0.106 (0.242)	96.09 (92.64)
[178/179]	0.0139 (0.0157)	0.0002 (0.0017)	0.039 (0.186)	100.00 (94.09)
 * Train Acc 94.088
 * Val Acc 93.898, Total time 0.24
Epoch:1
LR: 0.01
Itr		Time		  Data		  Loss		Acc
[0/179]	0.1513 (0.1513)	0.1027 (0.1027)	0.087 (0.087)	96.88 (96.88)
[100/179]	0.0145 (0.0161)	0.0010 (0.0020)	0.053 (0.089)	96.88 (96.86)
[178/179]	0.0138 (0.0154)	0.0002 (0.0016)	0.136 (0.082)	93.75 (97.15)
 * Train Acc 97.154
 * Val Acc 94.150, Total time 0.27
Epoch:2
LR: 0.01
Itr		Time		  Data		  Loss		Acc
[0/179]	0.1156 (0.1156)	0.1064 (0.1064)	0.048 (0.048)	98.44 (98.44)
[100/179]	0.0152 (0.0163)	0.0013 (0.0023)	0.040 (0.060)	98.44 (97.97)
[178/179]	0.0139 (0.0158)	0.0002 (0.0018)	0.046 (0.058)	100.00 (98.08)
 * Train Acc 98.083
 * Val Acc 95.915, Total time 0.23
Epoch:3
LR: 0.01
Itr		Time		  Data		  Loss		Acc
[0/179]	0.1513 (0.1513)	0.1035 (0.1035)	0.091 (0.091)	97.66 (97.66)
[100/179]	0.0151 (0.0160)	0.0013 (0.0021)	0.016 (0.043)	99.22 (98.65)
[178/179]	0.0140 (0.0155)	0.0002 (0.0017)	0.114 (0.044)	93.75 (98.60)
 * Train Acc 98.601
 * Val Acc 95.865, Total time 0.29
validation split name: 1
 * Val Acc 97.305, Total time 0.25
validation split name: 2
 * Val Acc 95.837, Total time 0.25
validation split name: 3
 * Val Acc 93.063, Total time 0.24
validation split name: 4
 * Val Acc 97.331, Total time 0.24
validation split name: 5
 * Val Acc 95.865, Total time 0.24
OrderedDict([('1', OrderedDict([('1', 99.90543735224587), ('2', 99.47990543735224), ('3', 98.91252955082743), ('4', 98.72340425531915), ('5', 97.30496453900709)])), ('2', OrderedDict([('2', 97.25759059745347), ('3', 96.62095984329089), ('4', 96.81684622918708), ('5', 95.83741429970617)])), ('3', OrderedDict([('3', 98.2924226254002), ('4', 96.90501600853788), ('5', 93.06296691568836)])), ('4', OrderedDict([('4', 98.53977844914401), ('5', 97.33131923464249)])), ('5', OrderedDict([('5', 95.86485123550176)]))])
Task 1 average acc: 99.90543735224587
Task 2 average acc: 98.36874801740285
Task 3 average acc: 97.94197067317283
Task 4 average acc: 97.74626123554704
Task 5 average acc: 95.88030324490917
===Summary of experiment repeats: 5 / 5 ===
The regularization coefficient: 0.5
The last avg acc of all repeats: [96.30446434 94.89989017 96.45602681 96.12683196 95.88030324]
mean: 95.93350330605465 std: 0.5512177838737948
reg_coef: 0.5 mean: 95.93350330605465 std: 0.5512177838737948
Total Time for the script is 263.6237087249756 seconds
