split_boundaries: [0, 2, 4, 6, 8, 10]
{'1': [0, 1], '2': [2, 3], '3': [4, 5], '4': [6, 7], '5': [8, 9]}
MLP(
  (linear): Sequential(
    (0): Linear(in_features=1024, out_features=400, bias=True)
    (1): ReLU(inplace=True)
    (2): Linear(in_features=400, out_features=400, bias=True)
    (3): ReLU(inplace=True)
  )
  (last): ModuleDict(
    (All): Linear(in_features=400, out_features=2, bias=True)
  )
)
#parameter of model: 571202
Task order: ['1', '2', '3', '4', '5']
====================== 1 =======================
#reg_term: 0
Epoch:0
LR: 0.001
Itr		Time		  Data		  Loss		Acc
[0/99]	0.5343 (0.5343)	0.1013 (0.1013)	0.690 (0.690)	57.81 (57.81)
[98/99]	0.0023 (0.0121)	0.0005 (0.0057)	0.001 (0.022)	100.00 (99.31)
 * Train Acc 99.313
 * Val Acc 99.905, Total time 0.28
Epoch:1
LR: 0.001
Itr		Time		  Data		  Loss		Acc
[0/99]	0.1120 (0.1120)	0.1056 (0.1056)	0.000 (0.000)	100.00 (100.00)
[98/99]	0.0019 (0.0085)	0.0001 (0.0063)	0.000 (0.003)	100.00 (99.94)
 * Train Acc 99.937
 * Val Acc 99.905, Total time 0.25
Epoch:2
LR: 0.001
Itr		Time		  Data		  Loss		Acc
[0/99]	0.1165 (0.1165)	0.1101 (0.1101)	0.000 (0.000)	100.00 (100.00)
[98/99]	0.0164 (0.0085)	0.0144 (0.0063)	0.002 (0.003)	100.00 (99.91)
 * Train Acc 99.913
 * Val Acc 99.953, Total time 0.24
Epoch:3
LR: 0.001
Itr		Time		  Data		  Loss		Acc
[0/99]	0.1036 (0.1036)	0.0971 (0.0971)	0.000 (0.000)	100.00 (100.00)
[98/99]	0.0026 (0.0081)	0.0001 (0.0060)	0.000 (0.001)	100.00 (99.94)
 * Train Acc 99.945
 * Val Acc 99.905, Total time 0.25
validation split name: 1
 * Val Acc 99.905, Total time 0.24
====================== 2 =======================
#reg_term: 1
Epoch:0
LR: 0.001
Itr		Time		  Data		  Loss		Acc
[0/95]	0.1129 (0.1129)	0.1000 (0.1000)	3.997 (3.997)	46.88 (46.88)
[94/95]	0.0028 (0.0082)	0.0001 (0.0052)	0.508 (0.794)	92.98 (91.19)
 * Train Acc 91.190
 * Val Acc 95.788, Total time 0.24
Epoch:1
LR: 0.001
Itr		Time		  Data		  Loss		Acc
[0/95]	0.1113 (0.1113)	0.1029 (0.1029)	0.490 (0.490)	95.31 (95.31)
[94/95]	0.0033 (0.0082)	0.0006 (0.0052)	0.519 (0.509)	92.98 (93.85)
 * Train Acc 93.854
 * Val Acc 95.984, Total time 0.25
Epoch:2
LR: 0.001
Itr		Time		  Data		  Loss		Acc
[0/95]	0.1194 (0.1194)	0.1112 (0.1112)	0.510 (0.510)	92.19 (92.19)
[94/95]	0.0028 (0.0085)	0.0001 (0.0056)	0.528 (0.507)	89.47 (93.87)
 * Train Acc 93.870
 * Val Acc 93.683, Total time 0.25
Epoch:3
LR: 0.001
Itr		Time		  Data		  Loss		Acc
[0/95]	0.1131 (0.1131)	0.1038 (0.1038)	0.530 (0.530)	92.97 (92.97)
[94/95]	0.0033 (0.0083)	0.0005 (0.0053)	0.449 (0.500)	96.49 (94.23)
 * Train Acc 94.234
 * Val Acc 95.103, Total time 0.25
validation split name: 1
 * Val Acc 64.586, Total time 0.25
validation split name: 2
 * Val Acc 95.103, Total time 0.29
====================== 3 =======================
#reg_term: 1
Epoch:0
LR: 0.001
Itr		Time		  Data		  Loss		Acc
[0/88]	0.1102 (0.1102)	0.1024 (0.1024)	0.468 (0.468)	72.66 (72.66)
[87/88]	0.0146 (0.0084)	0.0118 (0.0054)	0.271 (0.291)	97.64 (95.13)
 * Train Acc 95.126
 * Val Acc 92.369, Total time 0.24
Epoch:1
LR: 0.001
Itr		Time		  Data		  Loss		Acc
[0/88]	0.1099 (0.1099)	0.1025 (0.1025)	0.307 (0.307)	91.41 (91.41)
[87/88]	0.0145 (0.0083)	0.0118 (0.0054)	0.224 (0.267)	99.21 (95.92)
 * Train Acc 95.916
 * Val Acc 96.211, Total time 0.23
Epoch:2
LR: 0.001
Itr		Time		  Data		  Loss		Acc
[0/88]	0.1135 (0.1135)	0.1064 (0.1064)	0.272 (0.272)	95.31 (95.31)
[87/88]	0.0157 (0.0083)	0.0129 (0.0055)	0.262 (0.262)	96.85 (96.26)
 * Train Acc 96.262
 * Val Acc 95.891, Total time 0.23
Epoch:3
LR: 0.001
Itr		Time		  Data		  Loss		Acc
[0/88]	0.1107 (0.1107)	0.1020 (0.1020)	0.268 (0.268)	94.53 (94.53)
[87/88]	0.0028 (0.0085)	0.0001 (0.0054)	0.226 (0.266)	97.64 (95.94)
 * Train Acc 95.942
 * Val Acc 96.105, Total time 0.23
validation split name: 1
 * Val Acc 13.995, Total time 0.25
validation split name: 2
 * Val Acc 91.773, Total time 0.25
validation split name: 3
 * Val Acc 96.105, Total time 0.23
====================== 4 =======================
#reg_term: 1
Epoch:0
LR: 0.001
Itr		Time		  Data		  Loss		Acc
[0/96]	0.1087 (0.1087)	0.1011 (0.1011)	0.992 (0.992)	43.75 (43.75)
[95/96]	0.0028 (0.0082)	0.0001 (0.0053)	0.262 (0.239)	91.30 (97.33)
 * Train Acc 97.332
 * Val Acc 97.583, Total time 0.24
Epoch:1
LR: 0.001
Itr		Time		  Data		  Loss		Acc
[0/96]	0.1106 (0.1106)	0.1030 (0.1030)	0.178 (0.178)	99.22 (99.22)
[95/96]	0.0027 (0.0082)	0.0001 (0.0053)	0.169 (0.193)	100.00 (97.97)
 * Train Acc 97.973
 * Val Acc 97.885, Total time 0.27
Epoch:2
LR: 0.001
Itr		Time		  Data		  Loss		Acc
[0/96]	0.1163 (0.1163)	0.1089 (0.1089)	0.179 (0.179)	100.00 (100.00)
[95/96]	0.0027 (0.0082)	0.0001 (0.0053)	0.156 (0.188)	100.00 (98.26)
 * Train Acc 98.260
 * Val Acc 96.979, Total time 0.24
Epoch:3
LR: 0.001
Itr		Time		  Data		  Loss		Acc
[0/96]	0.1109 (0.1109)	0.1038 (0.1038)	0.213 (0.213)	96.88 (96.88)
[95/96]	0.0027 (0.0083)	0.0001 (0.0054)	0.211 (0.185)	100.00 (98.29)
 * Train Acc 98.293
 * Val Acc 97.633, Total time 0.24
validation split name: 1
 * Val Acc 64.303, Total time 0.26
validation split name: 2
 * Val Acc 91.479, Total time 0.25
validation split name: 3
 * Val Acc 86.499, Total time 0.24
validation split name: 4
 * Val Acc 97.633, Total time 0.24
====================== 5 =======================
#reg_term: 1
Epoch:0
LR: 0.001
Itr		Time		  Data		  Loss		Acc
[0/93]	0.1122 (0.1122)	0.1045 (0.1045)	1.168 (1.168)	50.00 (50.00)
[92/93]	0.0029 (0.0083)	0.0001 (0.0054)	0.289 (0.410)	100.00 (92.68)
 * Train Acc 92.678
 * Val Acc 94.503, Total time 0.24
Epoch:1
LR: 0.001
Itr		Time		  Data		  Loss		Acc
[0/93]	0.1121 (0.1121)	0.1042 (0.1042)	0.289 (0.289)	96.88 (96.88)
[92/93]	0.0029 (0.0085)	0.0001 (0.0055)	0.328 (0.336)	95.83 (93.99)
 * Train Acc 93.992
 * Val Acc 93.545, Total time 0.24
Epoch:2
LR: 0.001
Itr		Time		  Data		  Loss		Acc
[0/93]	0.1086 (0.1086)	0.1005 (0.1005)	0.316 (0.316)	92.97 (92.97)
[92/93]	0.0032 (0.0083)	0.0005 (0.0053)	0.220 (0.289)	100.00 (95.47)
 * Train Acc 95.475
 * Val Acc 94.150, Total time 0.24
Epoch:3
LR: 0.001
Itr		Time		  Data		  Loss		Acc
[0/93]	0.1114 (0.1114)	0.1033 (0.1033)	0.337 (0.337)	92.97 (92.97)
[92/93]	0.0028 (0.0082)	0.0001 (0.0053)	0.260 (0.320)	95.83 (94.22)
 * Train Acc 94.220
 * Val Acc 95.663, Total time 0.25
validation split name: 1
 * Val Acc 33.995, Total time 0.26
validation split name: 2
 * Val Acc 69.050, Total time 0.26
validation split name: 3
 * Val Acc 34.845, Total time 0.23
validation split name: 4
 * Val Acc 95.166, Total time 0.24
validation split name: 5
 * Val Acc 95.663, Total time 0.24
OrderedDict([('1', OrderedDict([('1', 99.90543735224587), ('2', 64.58628841607565), ('3', 13.995271867612294), ('4', 64.30260047281324), ('5', 33.995271867612296)])), ('2', OrderedDict([('2', 95.10284035259549), ('3', 91.77277179236043), ('4', 91.47894221351616), ('5', 69.04995102840353)])), ('3', OrderedDict([('3', 96.10458911419424), ('4', 86.49946638207044), ('5', 34.845250800426896)])), ('4', OrderedDict([('4', 97.63343403826788), ('5', 95.16616314199396)])), ('5', OrderedDict([('5', 95.6631366616238)]))])
Task 1 average acc: 99.90543735224587
Task 2 average acc: 79.84456438433557
Task 3 average acc: 67.29087759138899
Task 4 average acc: 84.97861077666693
Task 5 average acc: 65.7439547000121
===Summary of experiment repeats: 1 / 5 ===
The regularization coefficient: 0.5
The last avg acc of all repeats: [65.7439547  0.         0.         0.         0.       ]
mean: 13.148790940002419 std: 26.297581880004838
split_boundaries: [0, 2, 4, 6, 8, 10]
{'1': [0, 1], '2': [2, 3], '3': [4, 5], '4': [6, 7], '5': [8, 9]}
MLP(
  (linear): Sequential(
    (0): Linear(in_features=1024, out_features=400, bias=True)
    (1): ReLU(inplace=True)
    (2): Linear(in_features=400, out_features=400, bias=True)
    (3): ReLU(inplace=True)
  )
  (last): ModuleDict(
    (All): Linear(in_features=400, out_features=2, bias=True)
  )
)
#parameter of model: 571202
Task order: ['1', '2', '3', '4', '5']
====================== 1 =======================
#reg_term: 0
Epoch:0
LR: 0.001
Itr		Time		  Data		  Loss		Acc
[0/99]	0.1151 (0.1151)	0.1085 (0.1085)	0.693 (0.693)	47.66 (47.66)
[98/99]	0.0019 (0.0083)	0.0001 (0.0062)	0.003 (0.029)	100.00 (99.12)
 * Train Acc 99.124
 * Val Acc 99.905, Total time 0.26
Epoch:1
LR: 0.001
Itr		Time		  Data		  Loss		Acc
[0/99]	0.1130 (0.1130)	0.1057 (0.1057)	0.000 (0.000)	100.00 (100.00)
[98/99]	0.0019 (0.0083)	0.0001 (0.0062)	0.000 (0.002)	100.00 (99.90)
 * Train Acc 99.897
 * Val Acc 99.905, Total time 0.25
Epoch:2
LR: 0.001
Itr		Time		  Data		  Loss		Acc
[0/99]	0.1134 (0.1134)	0.1068 (0.1068)	0.000 (0.000)	100.00 (100.00)
[98/99]	0.0019 (0.0082)	0.0001 (0.0062)	0.002 (0.002)	100.00 (99.96)
 * Train Acc 99.961
 * Val Acc 99.905, Total time 0.25
Epoch:3
LR: 0.001
Itr		Time		  Data		  Loss		Acc
[0/99]	0.1110 (0.1110)	0.1032 (0.1032)	0.000 (0.000)	100.00 (100.00)
[98/99]	0.0019 (0.0086)	0.0001 (0.0062)	0.004 (0.001)	100.00 (99.96)
 * Train Acc 99.961
 * Val Acc 99.905, Total time 0.25
validation split name: 1
 * Val Acc 99.905, Total time 0.25
====================== 2 =======================
#reg_term: 1
Epoch:0
LR: 0.001
Itr		Time		  Data		  Loss		Acc
[0/95]	0.1177 (0.1177)	0.1048 (0.1048)	4.048 (4.048)	44.53 (44.53)
[94/95]	0.0028 (0.0084)	0.0001 (0.0053)	0.531 (0.833)	94.74 (90.74)
 * Train Acc 90.735
 * Val Acc 93.193, Total time 0.28
Epoch:1
LR: 0.001
Itr		Time		  Data		  Loss		Acc
[0/95]	0.1126 (0.1126)	0.1047 (0.1047)	0.601 (0.601)	91.41 (91.41)
[94/95]	0.0039 (0.0084)	0.0012 (0.0052)	0.554 (0.544)	92.98 (94.09)
 * Train Acc 94.086
 * Val Acc 94.809, Total time 0.25
Epoch:2
LR: 0.001
Itr		Time		  Data		  Loss		Acc
[0/95]	0.1098 (0.1098)	0.1025 (0.1025)	0.549 (0.549)	95.31 (95.31)
[94/95]	0.0028 (0.0082)	0.0001 (0.0053)	0.554 (0.530)	92.98 (94.73)
 * Train Acc 94.731
 * Val Acc 95.495, Total time 0.25
Epoch:3
LR: 0.001
Itr		Time		  Data		  Loss		Acc
[0/95]	0.1098 (0.1098)	0.1028 (0.1028)	0.568 (0.568)	92.19 (92.19)
[94/95]	0.0028 (0.0083)	0.0001 (0.0054)	0.578 (0.529)	87.72 (94.45)
 * Train Acc 94.449
 * Val Acc 95.201, Total time 0.25
validation split name: 1
 * Val Acc 47.470, Total time 0.25
validation split name: 2
 * Val Acc 95.201, Total time 0.26
====================== 3 =======================
#reg_term: 1
Epoch:0
LR: 0.001
Itr		Time		  Data		  Loss		Acc
[0/88]	0.1087 (0.1087)	0.1015 (0.1015)	0.470 (0.470)	77.34 (77.34)
[87/88]	0.0162 (0.0084)	0.0134 (0.0055)	0.235 (0.270)	97.64 (95.49)
 * Train Acc 95.490
 * Val Acc 95.731, Total time 0.23
Epoch:1
LR: 0.001
Itr		Time		  Data		  Loss		Acc
[0/88]	0.1115 (0.1115)	0.1034 (0.1034)	0.262 (0.262)	95.31 (95.31)
[87/88]	0.0147 (0.0083)	0.0120 (0.0054)	0.286 (0.251)	96.06 (96.04)
 * Train Acc 96.040
 * Val Acc 97.172, Total time 0.23
Epoch:2
LR: 0.001
Itr		Time		  Data		  Loss		Acc
[0/88]	0.1106 (0.1106)	0.1038 (0.1038)	0.232 (0.232)	96.88 (96.88)
[87/88]	0.0106 (0.0083)	0.0077 (0.0054)	0.243 (0.246)	97.64 (96.55)
 * Train Acc 96.546
 * Val Acc 95.784, Total time 0.23
Epoch:3
LR: 0.001
Itr		Time		  Data		  Loss		Acc
[0/88]	0.1105 (0.1105)	0.1029 (0.1029)	0.277 (0.277)	94.53 (94.53)
[87/88]	0.0148 (0.0083)	0.0120 (0.0054)	0.265 (0.253)	94.49 (95.81)
 * Train Acc 95.809
 * Val Acc 97.012, Total time 0.24
validation split name: 1
 * Val Acc 15.272, Total time 0.26
validation split name: 2
 * Val Acc 89.520, Total time 0.25
validation split name: 3
 * Val Acc 97.012, Total time 0.23
====================== 4 =======================
#reg_term: 1
Epoch:0
LR: 0.001
Itr		Time		  Data		  Loss		Acc
[0/96]	0.1104 (0.1104)	0.1028 (0.1028)	0.936 (0.936)	39.06 (39.06)
[95/96]	0.0028 (0.0082)	0.0001 (0.0053)	0.162 (0.274)	100.00 (96.36)
 * Train Acc 96.364
 * Val Acc 97.583, Total time 0.24
Epoch:1
LR: 0.001
Itr		Time		  Data		  Loss		Acc
[0/96]	0.1149 (0.1149)	0.1077 (0.1077)	0.194 (0.194)	97.66 (97.66)
[95/96]	0.0028 (0.0082)	0.0001 (0.0053)	0.284 (0.202)	91.30 (97.81)
 * Train Acc 97.808
 * Val Acc 97.432, Total time 0.24
Epoch:2
LR: 0.001
Itr		Time		  Data		  Loss		Acc
[0/96]	0.1108 (0.1108)	0.1041 (0.1041)	0.185 (0.185)	99.22 (99.22)
[95/96]	0.0028 (0.0082)	0.0001 (0.0054)	0.186 (0.220)	95.65 (97.37)
 * Train Acc 97.365
 * Val Acc 97.633, Total time 0.24
Epoch:3
LR: 0.001
Itr		Time		  Data		  Loss		Acc
[0/96]	0.1103 (0.1103)	0.1031 (0.1031)	0.216 (0.216)	96.88 (96.88)
[95/96]	0.0028 (0.0084)	0.0001 (0.0054)	0.201 (0.199)	95.65 (97.78)
 * Train Acc 97.784
 * Val Acc 97.734, Total time 0.28
validation split name: 1
 * Val Acc 69.835, Total time 0.25
validation split name: 2
 * Val Acc 84.329, Total time 0.25
validation split name: 3
 * Val Acc 87.994, Total time 0.23
validation split name: 4
 * Val Acc 97.734, Total time 0.24
====================== 5 =======================
#reg_term: 1
Epoch:0
LR: 0.001
Itr		Time		  Data		  Loss		Acc
[0/93]	0.1121 (0.1121)	0.1037 (0.1037)	1.628 (1.628)	30.47 (30.47)
[92/93]	0.0029 (0.0082)	0.0001 (0.0053)	0.275 (0.421)	100.00 (92.88)
 * Train Acc 92.881
 * Val Acc 91.175, Total time 0.24
Epoch:1
LR: 0.001
Itr		Time		  Data		  Loss		Acc
[0/93]	0.1072 (0.1072)	0.0996 (0.0996)	0.380 (0.380)	91.41 (91.41)
[92/93]	0.0028 (0.0083)	0.0001 (0.0053)	0.239 (0.344)	100.00 (93.92)
 * Train Acc 93.924
 * Val Acc 94.705, Total time 0.24
Epoch:2
LR: 0.001
Itr		Time		  Data		  Loss		Acc
[0/93]	0.1152 (0.1152)	0.1078 (0.1078)	0.282 (0.282)	96.88 (96.88)
[92/93]	0.0028 (0.0084)	0.0001 (0.0055)	0.417 (0.357)	95.83 (93.35)
 * Train Acc 93.347
 * Val Acc 95.915, Total time 0.24
Epoch:3
LR: 0.001
Itr		Time		  Data		  Loss		Acc
[0/93]	0.1150 (0.1150)	0.1077 (0.1077)	0.360 (0.360)	96.88 (96.88)
[92/93]	0.0028 (0.0084)	0.0001 (0.0055)	0.290 (0.335)	95.83 (94.46)
 * Train Acc 94.458
 * Val Acc 92.032, Total time 0.24
validation split name: 1
 * Val Acc 60.000, Total time 0.26
validation split name: 2
 * Val Acc 61.508, Total time 0.27
validation split name: 3
 * Val Acc 50.694, Total time 0.23
validation split name: 4
 * Val Acc 95.569, Total time 0.24
validation split name: 5
 * Val Acc 92.032, Total time 0.25
OrderedDict([('1', OrderedDict([('1', 99.90543735224587), ('2', 47.470449172576835), ('3', 15.271867612293144), ('4', 69.83451536643027), ('5', 60.0)])), ('2', OrderedDict([('2', 95.20078354554359), ('3', 89.52007835455436), ('4', 84.32908912830558), ('5', 61.508325171400585)])), ('3', OrderedDict([('3', 97.01173959445038), ('4', 87.99359658484525), ('5', 50.69370330843116)])), ('4', OrderedDict([('4', 97.73413897280967), ('5', 95.56898288016113)])), ('5', OrderedDict([('5', 92.03227433182047)]))])
Task 1 average acc: 99.90543735224587
Task 2 average acc: 71.33561635906021
Task 3 average acc: 67.26789518709928
Task 4 average acc: 84.9728350130977
Task 5 average acc: 71.96065713836268
===Summary of experiment repeats: 2 / 5 ===
The regularization coefficient: 0.5
The last avg acc of all repeats: [65.7439547  71.96065714  0.          0.          0.        ]
mean: 27.540922367674955 std: 33.787843171977514
split_boundaries: [0, 2, 4, 6, 8, 10]
{'1': [0, 1], '2': [2, 3], '3': [4, 5], '4': [6, 7], '5': [8, 9]}
MLP(
  (linear): Sequential(
    (0): Linear(in_features=1024, out_features=400, bias=True)
    (1): ReLU(inplace=True)
    (2): Linear(in_features=400, out_features=400, bias=True)
    (3): ReLU(inplace=True)
  )
  (last): ModuleDict(
    (All): Linear(in_features=400, out_features=2, bias=True)
  )
)
#parameter of model: 571202
Task order: ['1', '2', '3', '4', '5']
====================== 1 =======================
#reg_term: 0
Epoch:0
LR: 0.001
Itr		Time		  Data		  Loss		Acc
[0/99]	0.1134 (0.1134)	0.1082 (0.1082)	0.712 (0.712)	27.34 (27.34)
[98/99]	0.0019 (0.0083)	0.0001 (0.0062)	0.000 (0.022)	100.00 (99.04)
 * Train Acc 99.045
 * Val Acc 100.000, Total time 0.26
Epoch:1
LR: 0.001
Itr		Time		  Data		  Loss		Acc
[0/99]	0.1108 (0.1108)	0.1044 (0.1044)	0.000 (0.000)	100.00 (100.00)
[98/99]	0.0019 (0.0082)	0.0001 (0.0061)	0.004 (0.004)	100.00 (99.91)
 * Train Acc 99.913
 * Val Acc 99.905, Total time 0.30
Epoch:2
LR: 0.001
Itr		Time		  Data		  Loss		Acc
[0/99]	0.1112 (0.1112)	0.1057 (0.1057)	0.003 (0.003)	100.00 (100.00)
[98/99]	0.0021 (0.0082)	0.0001 (0.0062)	0.023 (0.003)	99.17 (99.91)
 * Train Acc 99.913
 * Val Acc 99.905, Total time 0.25
Epoch:3
LR: 0.001
Itr		Time		  Data		  Loss		Acc
[0/99]	0.1095 (0.1095)	0.1038 (0.1038)	0.000 (0.000)	100.00 (100.00)
[98/99]	0.0020 (0.0084)	0.0001 (0.0063)	0.000 (0.002)	100.00 (99.92)
 * Train Acc 99.921
 * Val Acc 99.953, Total time 0.25
validation split name: 1
 * Val Acc 99.953, Total time 0.25
====================== 2 =======================
#reg_term: 1
Epoch:0
LR: 0.001
Itr		Time		  Data		  Loss		Acc
[0/95]	0.1142 (0.1142)	0.1045 (0.1045)	4.415 (4.415)	36.72 (36.72)
[94/95]	0.0028 (0.0082)	0.0001 (0.0054)	0.501 (0.807)	96.49 (90.71)
 * Train Acc 90.711
 * Val Acc 96.033, Total time 0.25
Epoch:1
LR: 0.001
Itr		Time		  Data		  Loss		Acc
[0/95]	0.1101 (0.1101)	0.1039 (0.1039)	0.548 (0.548)	94.53 (94.53)
[94/95]	0.0029 (0.0084)	0.0001 (0.0055)	0.563 (0.540)	94.74 (93.82)
 * Train Acc 93.821
 * Val Acc 95.788, Total time 0.25
Epoch:2
LR: 0.001
Itr		Time		  Data		  Loss		Acc
[0/95]	0.1113 (0.1113)	0.1046 (0.1046)	0.511 (0.511)	94.53 (94.53)
[94/95]	0.0029 (0.0082)	0.0001 (0.0053)	0.578 (0.539)	87.72 (93.48)
 * Train Acc 93.482
 * Val Acc 95.152, Total time 0.25
Epoch:3
LR: 0.001
Itr		Time		  Data		  Loss		Acc
[0/95]	0.1201 (0.1201)	0.1140 (0.1140)	0.483 (0.483)	96.09 (96.09)
[94/95]	0.0027 (0.0084)	0.0001 (0.0056)	0.591 (0.530)	92.98 (94.24)
 * Train Acc 94.243
 * Val Acc 95.788, Total time 0.29
validation split name: 1
 * Val Acc 70.544, Total time 0.25
validation split name: 2
 * Val Acc 95.788, Total time 0.25
====================== 3 =======================
#reg_term: 1
Epoch:0
LR: 0.001
Itr		Time		  Data		  Loss		Acc
[0/88]	0.1096 (0.1096)	0.1027 (0.1027)	0.480 (0.480)	78.12 (78.12)
[87/88]	0.0033 (0.0084)	0.0005 (0.0054)	0.252 (0.291)	97.64 (95.05)
 * Train Acc 95.046
 * Val Acc 96.371, Total time 0.24
Epoch:1
LR: 0.001
Itr		Time		  Data		  Loss		Acc
[0/88]	0.1108 (0.1108)	0.1041 (0.1041)	0.263 (0.263)	97.66 (97.66)
[87/88]	0.0157 (0.0085)	0.0130 (0.0056)	0.251 (0.271)	97.64 (95.61)
 * Train Acc 95.605
 * Val Acc 95.678, Total time 0.24
Epoch:2
LR: 0.001
Itr		Time		  Data		  Loss		Acc
[0/88]	0.1114 (0.1114)	0.1043 (0.1043)	0.281 (0.281)	96.09 (96.09)
[87/88]	0.0131 (0.0084)	0.0102 (0.0054)	0.240 (0.270)	99.21 (95.74)
 * Train Acc 95.738
 * Val Acc 96.692, Total time 0.24
Epoch:3
LR: 0.001
Itr		Time		  Data		  Loss		Acc
[0/88]	0.1126 (0.1126)	0.1068 (0.1068)	0.257 (0.257)	96.09 (96.09)
[87/88]	0.0154 (0.0085)	0.0122 (0.0056)	0.288 (0.274)	92.13 (95.61)
 * Train Acc 95.614
 * Val Acc 96.265, Total time 0.24
validation split name: 1
 * Val Acc 4.303, Total time 0.25
validation split name: 2
 * Val Acc 87.855, Total time 0.25
validation split name: 3
 * Val Acc 96.265, Total time 0.25
====================== 4 =======================
#reg_term: 1
Epoch:0
LR: 0.001
Itr		Time		  Data		  Loss		Acc
[0/96]	0.1165 (0.1165)	0.1096 (0.1096)	0.659 (0.659)	59.38 (59.38)
[95/96]	0.0028 (0.0082)	0.0001 (0.0053)	0.128 (0.223)	100.00 (97.23)
 * Train Acc 97.234
 * Val Acc 97.432, Total time 0.24
Epoch:1
LR: 0.001
Itr		Time		  Data		  Loss		Acc
[0/96]	0.1089 (0.1089)	0.1023 (0.1023)	0.175 (0.175)	99.22 (99.22)
[95/96]	0.0028 (0.0081)	0.0001 (0.0053)	0.199 (0.187)	100.00 (98.04)
 * Train Acc 98.038
 * Val Acc 97.684, Total time 0.25
Epoch:2
LR: 0.001
Itr		Time		  Data		  Loss		Acc
[0/96]	0.1100 (0.1100)	0.1030 (0.1030)	0.223 (0.223)	97.66 (97.66)
[95/96]	0.0027 (0.0082)	0.0001 (0.0053)	0.198 (0.192)	100.00 (97.87)
 * Train Acc 97.866
 * Val Acc 97.432, Total time 0.24
Epoch:3
LR: 0.001
Itr		Time		  Data		  Loss		Acc
[0/96]	0.1140 (0.1140)	0.1076 (0.1076)	0.209 (0.209)	96.88 (96.88)
[95/96]	0.0028 (0.0082)	0.0001 (0.0053)	0.203 (0.192)	95.65 (97.94)
 * Train Acc 97.940
 * Val Acc 97.432, Total time 0.24
validation split name: 1
 * Val Acc 57.589, Total time 0.25
validation split name: 2
 * Val Acc 80.705, Total time 0.25
validation split name: 3
 * Val Acc 83.191, Total time 0.23
validation split name: 4
 * Val Acc 97.432, Total time 0.24
====================== 5 =======================
#reg_term: 1
Epoch:0
LR: 0.001
Itr		Time		  Data		  Loss		Acc
[0/93]	0.1097 (0.1097)	0.1039 (0.1039)	1.878 (1.878)	43.75 (43.75)
[92/93]	0.0027 (0.0087)	0.0001 (0.0055)	0.315 (0.470)	91.67 (91.67)
 * Train Acc 91.669
 * Val Acc 93.949, Total time 0.24
Epoch:1
LR: 0.001
Itr		Time		  Data		  Loss		Acc
[0/93]	0.1149 (0.1149)	0.1072 (0.1072)	0.316 (0.316)	96.09 (96.09)
[92/93]	0.0034 (0.0087)	0.0006 (0.0052)	0.505 (0.353)	79.17 (93.54)
 * Train Acc 93.542
 * Val Acc 95.714, Total time 0.26
Epoch:2
LR: 0.001
Itr		Time		  Data		  Loss		Acc
[0/93]	0.1114 (0.1114)	0.1054 (0.1054)	0.367 (0.367)	91.41 (91.41)
[92/93]	0.0029 (0.0083)	0.0001 (0.0054)	0.356 (0.327)	87.50 (94.38)
 * Train Acc 94.381
 * Val Acc 95.512, Total time 0.24
Epoch:3
LR: 0.001
Itr		Time		  Data		  Loss		Acc
[0/93]	0.1101 (0.1101)	0.1036 (0.1036)	0.310 (0.310)	94.53 (94.53)
[92/93]	0.0029 (0.0083)	0.0001 (0.0054)	0.426 (0.314)	87.50 (94.94)
 * Train Acc 94.941
 * Val Acc 92.032, Total time 0.24
validation split name: 1
 * Val Acc 25.106, Total time 0.25
validation split name: 2
 * Val Acc 80.607, Total time 0.25
validation split name: 3
 * Val Acc 38.847, Total time 0.23
validation split name: 4
 * Val Acc 94.109, Total time 0.25
validation split name: 5
 * Val Acc 92.032, Total time 0.24
OrderedDict([('1', OrderedDict([('1', 99.95271867612293), ('2', 70.54373522458629), ('3', 4.302600472813239), ('4', 57.5886524822695), ('5', 25.106382978723403)])), ('2', OrderedDict([('2', 95.78844270323212), ('3', 87.85504407443683), ('4', 80.70519098922625), ('5', 80.60724779627816)])), ('3', OrderedDict([('3', 96.26467449306297), ('4', 83.19103521878336), ('5', 38.84738527214515)])), ('4', OrderedDict([('4', 97.43202416918429), ('5', 94.10876132930514)])), ('5', OrderedDict([('5', 92.03227433182047)]))])
Task 1 average acc: 99.95271867612293
Task 2 average acc: 83.1660889639092
Task 3 average acc: 62.807439680104345
Task 4 average acc: 79.72922571486585
Task 5 average acc: 66.14041034165447
===Summary of experiment repeats: 3 / 5 ===
The regularization coefficient: 0.5
The last avg acc of all repeats: [65.7439547  71.96065714 66.14041034  0.          0.        ]
mean: 40.76900443600585 std: 33.360452700853266
split_boundaries: [0, 2, 4, 6, 8, 10]
{'1': [0, 1], '2': [2, 3], '3': [4, 5], '4': [6, 7], '5': [8, 9]}
MLP(
  (linear): Sequential(
    (0): Linear(in_features=1024, out_features=400, bias=True)
    (1): ReLU(inplace=True)
    (2): Linear(in_features=400, out_features=400, bias=True)
    (3): ReLU(inplace=True)
  )
  (last): ModuleDict(
    (All): Linear(in_features=400, out_features=2, bias=True)
  )
)
#parameter of model: 571202
Task order: ['1', '2', '3', '4', '5']
====================== 1 =======================
#reg_term: 0
Epoch:0
LR: 0.001
Itr		Time		  Data		  Loss		Acc
[0/99]	0.1087 (0.1087)	0.1038 (0.1038)	0.707 (0.707)	29.69 (29.69)
[98/99]	0.0017 (0.0081)	0.0001 (0.0063)	0.000 (0.024)	100.00 (99.08)
 * Train Acc 99.076
 * Val Acc 99.669, Total time 0.25
Epoch:1
LR: 0.001
Itr		Time		  Data		  Loss		Acc
[0/99]	0.1121 (0.1121)	0.1068 (0.1068)	0.006 (0.006)	100.00 (100.00)
[98/99]	0.0026 (0.0081)	0.0005 (0.0060)	0.001 (0.003)	100.00 (99.89)
 * Train Acc 99.889
 * Val Acc 100.000, Total time 0.25
Epoch:2
LR: 0.001
Itr		Time		  Data		  Loss		Acc
[0/99]	0.1097 (0.1097)	0.1039 (0.1039)	0.001 (0.001)	100.00 (100.00)
[98/99]	0.0019 (0.0081)	0.0001 (0.0060)	0.006 (0.002)	100.00 (99.92)
 * Train Acc 99.921
 * Val Acc 99.905, Total time 0.26
Epoch:3
LR: 0.001
Itr		Time		  Data		  Loss		Acc
[0/99]	0.1095 (0.1095)	0.1040 (0.1040)	0.001 (0.001)	100.00 (100.00)
[98/99]	0.0022 (0.0082)	0.0001 (0.0061)	0.000 (0.001)	100.00 (99.98)
 * Train Acc 99.984
 * Val Acc 99.905, Total time 0.25
validation split name: 1
 * Val Acc 99.905, Total time 0.25
====================== 2 =======================
#reg_term: 1
Epoch:0
LR: 0.001
Itr		Time		  Data		  Loss		Acc
[0/95]	0.1180 (0.1180)	0.1087 (0.1087)	3.437 (3.437)	53.12 (53.12)
[94/95]	0.0029 (0.0084)	0.0001 (0.0053)	0.453 (0.810)	96.49 (90.69)
 * Train Acc 90.694
 * Val Acc 94.907, Total time 0.25
Epoch:1
LR: 0.001
Itr		Time		  Data		  Loss		Acc
[0/95]	0.1134 (0.1134)	0.1073 (0.1073)	0.518 (0.518)	93.75 (93.75)
[94/95]	0.0027 (0.0085)	0.0001 (0.0058)	0.493 (0.519)	98.25 (93.62)
 * Train Acc 93.622
 * Val Acc 95.250, Total time 0.26
Epoch:2
LR: 0.001
Itr		Time		  Data		  Loss		Acc
[0/95]	0.1132 (0.1132)	0.1044 (0.1044)	0.495 (0.495)	93.75 (93.75)
[94/95]	0.0028 (0.0083)	0.0001 (0.0053)	0.437 (0.503)	100.00 (94.64)
 * Train Acc 94.640
 * Val Acc 95.495, Total time 0.25
Epoch:3
LR: 0.001
Itr		Time		  Data		  Loss		Acc
[0/95]	0.1145 (0.1145)	0.1081 (0.1081)	0.511 (0.511)	92.97 (92.97)
[94/95]	0.0028 (0.0084)	0.0001 (0.0054)	0.555 (0.516)	85.96 (93.93)
 * Train Acc 93.928
 * Val Acc 92.018, Total time 0.25
validation split name: 1
 * Val Acc 46.336, Total time 0.26
validation split name: 2
 * Val Acc 92.018, Total time 0.25
====================== 3 =======================
#reg_term: 1
Epoch:0
LR: 0.001
Itr		Time		  Data		  Loss		Acc
[0/88]	0.1160 (0.1160)	0.1094 (0.1094)	0.483 (0.483)	75.78 (75.78)
[87/88]	0.0153 (0.0084)	0.0125 (0.0055)	0.221 (0.267)	96.85 (95.27)
 * Train Acc 95.268
 * Val Acc 95.998, Total time 0.24
Epoch:1
LR: 0.001
Itr		Time		  Data		  Loss		Acc
[0/88]	0.1197 (0.1197)	0.1130 (0.1130)	0.262 (0.262)	93.75 (93.75)
[87/88]	0.0033 (0.0091)	0.0005 (0.0060)	0.283 (0.248)	94.49 (96.00)
 * Train Acc 95.996
 * Val Acc 96.105, Total time 0.23
Epoch:2
LR: 0.001
Itr		Time		  Data		  Loss		Acc
[0/88]	0.1127 (0.1127)	0.1065 (0.1065)	0.265 (0.265)	95.31 (95.31)
[87/88]	0.0150 (0.0084)	0.0122 (0.0055)	0.240 (0.244)	96.85 (96.28)
 * Train Acc 96.280
 * Val Acc 95.998, Total time 0.23
Epoch:3
LR: 0.001
Itr		Time		  Data		  Loss		Acc
[0/88]	0.1090 (0.1090)	0.1028 (0.1028)	0.232 (0.232)	95.31 (95.31)
[87/88]	0.0085 (0.0083)	0.0056 (0.0055)	0.221 (0.242)	97.64 (96.49)
 * Train Acc 96.493
 * Val Acc 96.852, Total time 0.24
validation split name: 1
 * Val Acc 18.771, Total time 0.24
validation split name: 2
 * Val Acc 91.136, Total time 0.25
validation split name: 3
 * Val Acc 96.852, Total time 0.23
====================== 4 =======================
#reg_term: 1
Epoch:0
LR: 0.001
Itr		Time		  Data		  Loss		Acc
[0/96]	0.1115 (0.1115)	0.1045 (0.1045)	0.835 (0.835)	53.91 (53.91)
[95/96]	0.0028 (0.0086)	0.0001 (0.0052)	0.137 (0.227)	100.00 (97.10)
 * Train Acc 97.103
 * Val Acc 97.734, Total time 0.25
Epoch:1
LR: 0.001
Itr		Time		  Data		  Loss		Acc
[0/96]	0.1133 (0.1133)	0.1070 (0.1070)	0.187 (0.187)	97.66 (97.66)
[95/96]	0.0028 (0.0082)	0.0001 (0.0053)	0.192 (0.180)	100.00 (98.06)
 * Train Acc 98.063
 * Val Acc 97.482, Total time 0.24
Epoch:2
LR: 0.001
Itr		Time		  Data		  Loss		Acc
[0/96]	0.1098 (0.1098)	0.1034 (0.1034)	0.210 (0.210)	96.88 (96.88)
[95/96]	0.0029 (0.0082)	0.0001 (0.0053)	0.200 (0.181)	100.00 (97.94)
 * Train Acc 97.940
 * Val Acc 96.475, Total time 0.24
Epoch:3
LR: 0.001
Itr		Time		  Data		  Loss		Acc
[0/96]	0.1128 (0.1128)	0.1060 (0.1060)	0.176 (0.176)	98.44 (98.44)
[95/96]	0.0028 (0.0082)	0.0001 (0.0053)	0.206 (0.184)	100.00 (97.96)
 * Train Acc 97.956
 * Val Acc 97.180, Total time 0.25
validation split name: 1
 * Val Acc 64.113, Total time 0.25
validation split name: 2
 * Val Acc 86.288, Total time 0.25
validation split name: 3
 * Val Acc 85.165, Total time 0.25
validation split name: 4
 * Val Acc 97.180, Total time 0.24
====================== 5 =======================
#reg_term: 1
Epoch:0
LR: 0.001
Itr		Time		  Data		  Loss		Acc
[0/93]	0.1133 (0.1133)	0.1064 (0.1064)	1.334 (1.334)	53.91 (53.91)
[92/93]	0.0028 (0.0084)	0.0001 (0.0055)	0.236 (0.452)	100.00 (92.16)
 * Train Acc 92.161
 * Val Acc 94.705, Total time 0.24
Epoch:1
LR: 0.001
Itr		Time		  Data		  Loss		Acc
[0/93]	0.1111 (0.1111)	0.1044 (0.1044)	0.341 (0.341)	92.19 (92.19)
[92/93]	0.0029 (0.0082)	0.0001 (0.0053)	0.346 (0.314)	87.50 (94.57)
 * Train Acc 94.568
 * Val Acc 92.083, Total time 0.24
Epoch:2
LR: 0.001
Itr		Time		  Data		  Loss		Acc
[0/93]	0.1173 (0.1173)	0.1109 (0.1109)	0.310 (0.310)	94.53 (94.53)
[92/93]	0.0028 (0.0083)	0.0001 (0.0054)	0.281 (0.312)	95.83 (94.59)
 * Train Acc 94.593
 * Val Acc 93.949, Total time 0.24
Epoch:3
LR: 0.001
Itr		Time		  Data		  Loss		Acc
[0/93]	0.1091 (0.1091)	0.1026 (0.1026)	0.301 (0.301)	96.09 (96.09)
[92/93]	0.0028 (0.0084)	0.0001 (0.0055)	0.368 (0.311)	91.67 (94.40)
 * Train Acc 94.398
 * Val Acc 92.335, Total time 0.25
validation split name: 1
 * Val Acc 6.052, Total time 0.25
validation split name: 2
 * Val Acc 78.404, Total time 0.25
validation split name: 3
 * Val Acc 35.539, Total time 0.24
validation split name: 4
 * Val Acc 90.383, Total time 0.27
validation split name: 5
 * Val Acc 92.335, Total time 0.24
OrderedDict([('1', OrderedDict([('1', 99.90543735224587), ('2', 46.335697399527184), ('3', 18.77068557919622), ('4', 64.11347517730496), ('5', 6.052009456264775)])), ('2', OrderedDict([('2', 92.01762977473065), ('3', 91.13614103819785), ('4', 86.28795298726739), ('5', 78.40352595494613)])), ('3', OrderedDict([('3', 96.85165421558165), ('4', 85.16542155816435), ('5', 35.53895410885806)])), ('4', OrderedDict([('4', 97.18026183282981), ('5', 90.38267875125881)])), ('5', OrderedDict([('5', 92.33484619263741)]))])
Task 1 average acc: 99.90543735224587
Task 2 average acc: 69.17666358712891
Task 3 average acc: 68.9194936109919
Task 4 average acc: 83.18677788889163
Task 5 average acc: 60.54240289279304
===Summary of experiment repeats: 4 / 5 ===
The regularization coefficient: 0.5
The last avg acc of all repeats: [65.7439547  71.96065714 66.14041034 60.54240289  0.        ]
mean: 52.877485014564456 std: 26.68481994037245
split_boundaries: [0, 2, 4, 6, 8, 10]
{'1': [0, 1], '2': [2, 3], '3': [4, 5], '4': [6, 7], '5': [8, 9]}
MLP(
  (linear): Sequential(
    (0): Linear(in_features=1024, out_features=400, bias=True)
    (1): ReLU(inplace=True)
    (2): Linear(in_features=400, out_features=400, bias=True)
    (3): ReLU(inplace=True)
  )
  (last): ModuleDict(
    (All): Linear(in_features=400, out_features=2, bias=True)
  )
)
#parameter of model: 571202
Task order: ['1', '2', '3', '4', '5']
====================== 1 =======================
#reg_term: 0
Epoch:0
LR: 0.001
Itr		Time		  Data		  Loss		Acc
[0/99]	0.1097 (0.1097)	0.1045 (0.1045)	0.737 (0.737)	49.22 (49.22)
[98/99]	0.0018 (0.0082)	0.0001 (0.0063)	0.000 (0.023)	100.00 (99.23)
 * Train Acc 99.226
 * Val Acc 99.764, Total time 0.29
Epoch:1
LR: 0.001
Itr		Time		  Data		  Loss		Acc
[0/99]	0.1137 (0.1137)	0.1085 (0.1085)	0.001 (0.001)	100.00 (100.00)
[98/99]	0.0175 (0.0087)	0.0153 (0.0065)	0.003 (0.006)	100.00 (99.82)
 * Train Acc 99.818
 * Val Acc 99.953, Total time 0.25
Epoch:2
LR: 0.001
Itr		Time		  Data		  Loss		Acc
[0/99]	0.1088 (0.1088)	0.1030 (0.1030)	0.000 (0.000)	100.00 (100.00)
[98/99]	0.0020 (0.0082)	0.0001 (0.0061)	0.001 (0.002)	100.00 (99.93)
 * Train Acc 99.929
 * Val Acc 99.953, Total time 0.25
Epoch:3
LR: 0.001
Itr		Time		  Data		  Loss		Acc
[0/99]	0.1124 (0.1124)	0.1073 (0.1073)	0.002 (0.002)	100.00 (100.00)
[98/99]	0.0018 (0.0082)	0.0001 (0.0063)	0.000 (0.002)	100.00 (99.94)
 * Train Acc 99.945
 * Val Acc 99.953, Total time 0.26
validation split name: 1
 * Val Acc 99.953, Total time 0.25
====================== 2 =======================
#reg_term: 1
Epoch:0
LR: 0.001
Itr		Time		  Data		  Loss		Acc
[0/95]	0.1121 (0.1121)	0.1052 (0.1052)	3.323 (3.323)	48.44 (48.44)
[94/95]	0.0028 (0.0082)	0.0001 (0.0054)	0.612 (0.764)	89.47 (90.09)
 * Train Acc 90.090
 * Val Acc 94.956, Total time 0.25
Epoch:1
LR: 0.001
Itr		Time		  Data		  Loss		Acc
[0/95]	0.1145 (0.1145)	0.1074 (0.1074)	0.572 (0.572)	90.62 (90.62)
[94/95]	0.0028 (0.0082)	0.0001 (0.0053)	0.445 (0.541)	100.00 (93.17)
 * Train Acc 93.167
 * Val Acc 95.495, Total time 0.26
Epoch:2
LR: 0.001
Itr		Time		  Data		  Loss		Acc
[0/95]	0.1131 (0.1131)	0.1063 (0.1063)	0.580 (0.580)	92.19 (92.19)
[94/95]	0.0036 (0.0083)	0.0009 (0.0054)	0.541 (0.542)	94.74 (92.48)
 * Train Acc 92.481
 * Val Acc 95.544, Total time 0.25
Epoch:3
LR: 0.001
Itr		Time		  Data		  Loss		Acc
[0/95]	0.1095 (0.1095)	0.1031 (0.1031)	0.489 (0.489)	96.09 (96.09)
[94/95]	0.0029 (0.0082)	0.0001 (0.0053)	0.571 (0.530)	87.72 (93.48)
 * Train Acc 93.482
 * Val Acc 95.054, Total time 0.25
validation split name: 1
 * Val Acc 55.083, Total time 0.25
validation split name: 2
 * Val Acc 95.054, Total time 0.25
====================== 3 =======================
#reg_term: 1
Epoch:0
LR: 0.001
Itr		Time		  Data		  Loss		Acc
[0/88]	0.1141 (0.1141)	0.1073 (0.1073)	0.442 (0.442)	80.47 (80.47)
[87/88]	0.0125 (0.0084)	0.0097 (0.0056)	0.265 (0.285)	96.06 (95.29)
 * Train Acc 95.285
 * Val Acc 95.358, Total time 0.23
Epoch:1
LR: 0.001
Itr		Time		  Data		  Loss		Acc
[0/88]	0.1116 (0.1116)	0.1046 (0.1046)	0.259 (0.259)	96.09 (96.09)
[87/88]	0.0145 (0.0083)	0.0117 (0.0054)	0.232 (0.268)	97.64 (95.95)
 * Train Acc 95.951
 * Val Acc 96.692, Total time 0.25
Epoch:2
LR: 0.001
Itr		Time		  Data		  Loss		Acc
[0/88]	0.1146 (0.1146)	0.1074 (0.1074)	0.245 (0.245)	96.88 (96.88)
[87/88]	0.0119 (0.0084)	0.0090 (0.0054)	0.278 (0.260)	96.06 (96.26)
 * Train Acc 96.262
 * Val Acc 94.984, Total time 0.23
Epoch:3
LR: 0.001
Itr		Time		  Data		  Loss		Acc
[0/88]	0.1108 (0.1108)	0.1040 (0.1040)	0.288 (0.288)	92.97 (92.97)
[87/88]	0.0159 (0.0083)	0.0132 (0.0054)	0.251 (0.276)	96.06 (95.75)
 * Train Acc 95.747
 * Val Acc 94.290, Total time 0.24
validation split name: 1
 * Val Acc 39.007, Total time 0.25
validation split name: 2
 * Val Acc 91.528, Total time 0.25
validation split name: 3
 * Val Acc 94.290, Total time 0.23
====================== 4 =======================
#reg_term: 1
Epoch:0
LR: 0.001
Itr		Time		  Data		  Loss		Acc
[0/96]	0.1059 (0.1059)	0.0988 (0.0988)	1.377 (1.377)	39.84 (39.84)
[95/96]	0.0027 (0.0082)	0.0001 (0.0052)	0.202 (0.291)	100.00 (96.87)
 * Train Acc 96.873
 * Val Acc 97.231, Total time 0.24
Epoch:1
LR: 0.001
Itr		Time		  Data		  Loss		Acc
[0/96]	0.1135 (0.1135)	0.1064 (0.1064)	0.200 (0.200)	98.44 (98.44)
[95/96]	0.0032 (0.0083)	0.0005 (0.0053)	0.160 (0.218)	100.00 (97.84)
 * Train Acc 97.841
 * Val Acc 97.432, Total time 0.24
Epoch:2
LR: 0.001
Itr		Time		  Data		  Loss		Acc
[0/96]	0.1104 (0.1104)	0.1041 (0.1041)	0.202 (0.202)	97.66 (97.66)
[95/96]	0.0028 (0.0082)	0.0001 (0.0053)	0.193 (0.217)	100.00 (97.93)
 * Train Acc 97.932
 * Val Acc 97.784, Total time 0.24
Epoch:3
LR: 0.001
Itr		Time		  Data		  Loss		Acc
[0/96]	0.1130 (0.1130)	0.1050 (0.1050)	0.203 (0.203)	98.44 (98.44)
[95/96]	0.0028 (0.0084)	0.0001 (0.0054)	0.197 (0.213)	100.00 (97.95)
 * Train Acc 97.948
 * Val Acc 96.727, Total time 0.24
validation split name: 1
 * Val Acc 84.681, Total time 0.25
validation split name: 2
 * Val Acc 87.708, Total time 0.28
validation split name: 3
 * Val Acc 89.274, Total time 0.24
validation split name: 4
 * Val Acc 96.727, Total time 0.24
====================== 5 =======================
#reg_term: 1
Epoch:0
LR: 0.001
Itr		Time		  Data		  Loss		Acc
[0/93]	0.1137 (0.1137)	0.1068 (0.1068)	1.127 (1.127)	40.62 (40.62)
[92/93]	0.0028 (0.0085)	0.0001 (0.0056)	0.327 (0.418)	91.67 (92.44)
 * Train Acc 92.441
 * Val Acc 93.747, Total time 0.24
Epoch:1
LR: 0.001
Itr		Time		  Data		  Loss		Acc
[0/93]	0.1110 (0.1110)	0.1035 (0.1035)	0.341 (0.341)	94.53 (94.53)
[92/93]	0.0028 (0.0084)	0.0001 (0.0054)	0.347 (0.371)	91.67 (93.20)
 * Train Acc 93.203
 * Val Acc 94.352, Total time 0.24
Epoch:2
LR: 0.001
Itr		Time		  Data		  Loss		Acc
[0/93]	0.1107 (0.1107)	0.1039 (0.1039)	0.332 (0.332)	93.75 (93.75)
[92/93]	0.0028 (0.0083)	0.0001 (0.0054)	0.270 (0.334)	95.83 (94.41)
 * Train Acc 94.407
 * Val Acc 89.410, Total time 0.23
Epoch:3
LR: 0.001
Itr		Time		  Data		  Loss		Acc
[0/93]	0.1092 (0.1092)	0.1026 (0.1026)	0.406 (0.406)	89.84 (89.84)
[92/93]	0.0028 (0.0082)	0.0001 (0.0054)	0.379 (0.355)	95.83 (93.51)
 * Train Acc 93.508
 * Val Acc 95.512, Total time 0.24
validation split name: 1
 * Val Acc 53.097, Total time 0.25
validation split name: 2
 * Val Acc 66.748, Total time 0.25
validation split name: 3
 * Val Acc 36.980, Total time 0.23
validation split name: 4
 * Val Acc 96.777, Total time 0.24
validation split name: 5
 * Val Acc 95.512, Total time 0.25
OrderedDict([('1', OrderedDict([('1', 99.95271867612293), ('2', 55.082742316784866), ('3', 39.00709219858156), ('4', 84.68085106382979), ('5', 53.096926713947994)])), ('2', OrderedDict([('2', 95.05386875612145), ('3', 91.52791380999021), ('4', 87.70812928501469), ('5', 66.7482859941234)])), ('3', OrderedDict([('3', 94.29028815368197), ('4', 89.2742796157951), ('5', 36.979722518676624)])), ('4', OrderedDict([('4', 96.72708962739175), ('5', 96.77744209466263)])), ('5', OrderedDict([('5', 95.51185073121533)]))])
Task 1 average acc: 99.95271867612293
Task 2 average acc: 75.06830553645315
Task 3 average acc: 74.94176472075124
Task 4 average acc: 89.59758739800783
Task 5 average acc: 69.8228456105252
===Summary of experiment repeats: 5 / 5 ===
The regularization coefficient: 0.5
The last avg acc of all repeats: [65.7439547  71.96065714 66.14041034 60.54240289 69.82284561]
mean: 66.8420541366695 std: 3.9107274689473788
reg_coef: 0.5 mean: 66.8420541366695 std: 3.9107274689473788
Total Time for the script is 127.4803216457367 seconds
