split_boundaries: [0, 2, 4, 6, 8, 10]
{'1': [0, 1], '2': [2, 3], '3': [4, 5], '4': [6, 7], '5': [8, 9]}
MLP(
  (linear): Sequential(
    (0): Linear(in_features=1024, out_features=400, bias=True)
    (1): ReLU(inplace=True)
    (2): Linear(in_features=400, out_features=400, bias=True)
    (3): ReLU(inplace=True)
  )
  (last): ModuleDict(
    (All): Linear(in_features=400, out_features=2, bias=True)
  )
)
#parameter of model: 571202
Task order: ['1', '2', '3', '4', '5']
====================== 1 =======================
#reg_term: 0
Epoch:0
LR: 0.001
Itr		Time		  Data		  Loss		Acc
[0/99]	0.5236 (0.5236)	0.0902 (0.0902)	0.721 (0.721)	19.53 (19.53)
[98/99]	0.0023 (0.0122)	0.0005 (0.0061)	0.000 (0.023)	100.00 (98.97)
 * Train Acc 98.974
 * Val Acc 99.905, Total time 0.26
Epoch:1
LR: 0.001
Itr		Time		  Data		  Loss		Acc
[0/99]	0.1076 (0.1076)	0.1020 (0.1020)	0.000 (0.000)	100.00 (100.00)
[98/99]	0.0181 (0.0085)	0.0158 (0.0064)	0.006 (0.004)	100.00 (99.87)
 * Train Acc 99.874
 * Val Acc 99.764, Total time 0.25
Epoch:2
LR: 0.001
Itr		Time		  Data		  Loss		Acc
[0/99]	0.1106 (0.1106)	0.1042 (0.1042)	0.003 (0.003)	100.00 (100.00)
[98/99]	0.0019 (0.0085)	0.0001 (0.0065)	0.000 (0.005)	100.00 (99.85)
 * Train Acc 99.850
 * Val Acc 99.905, Total time 0.26
Epoch:3
LR: 0.001
Itr		Time		  Data		  Loss		Acc
[0/99]	0.1098 (0.1098)	0.1043 (0.1043)	0.002 (0.002)	100.00 (100.00)
[98/99]	0.0019 (0.0082)	0.0001 (0.0061)	0.000 (0.001)	100.00 (99.94)
 * Train Acc 99.945
 * Val Acc 99.905, Total time 0.25
Computing MAS
validation split name: 1
 * Val Acc 99.905, Total time 0.26
====================== 2 =======================
#reg_term: 1
Epoch:0
LR: 0.001
Itr		Time		  Data		  Loss		Acc
[0/95]	0.1169 (0.1169)	0.1057 (0.1057)	2.803 (2.803)	55.47 (55.47)
[94/95]	0.0030 (0.0086)	0.0001 (0.0057)	0.146 (91.821)	98.25 (80.54)
 * Train Acc 80.536
 * Val Acc 97.698, Total time 0.26
Epoch:1
LR: 0.001
Itr		Time		  Data		  Loss		Acc
[0/95]	0.1199 (0.1199)	0.1130 (0.1130)	0.099 (0.099)	99.22 (99.22)
[94/95]	0.0034 (0.0085)	0.0006 (0.0056)	0.047 (0.089)	98.25 (97.26)
 * Train Acc 97.262
 * Val Acc 98.090, Total time 0.25
Epoch:2
LR: 0.001
Itr		Time		  Data		  Loss		Acc
[0/95]	0.1125 (0.1125)	0.1054 (0.1054)	0.036 (0.036)	100.00 (100.00)
[94/95]	0.0031 (0.0085)	0.0001 (0.0056)	0.043 (0.066)	98.25 (97.94)
 * Train Acc 97.940
 * Val Acc 98.384, Total time 0.27
Epoch:3
LR: 0.001
Itr		Time		  Data		  Loss		Acc
[0/95]	0.1119 (0.1119)	0.1046 (0.1046)	0.087 (0.087)	96.88 (96.88)
[94/95]	0.0030 (0.0086)	0.0001 (0.0057)	0.139 (0.057)	94.74 (98.02)
 * Train Acc 98.023
 * Val Acc 98.482, Total time 0.25
Computing MAS
validation split name: 1
 * Val Acc 71.348, Total time 0.27
validation split name: 2
 * Val Acc 98.482, Total time 0.25
====================== 3 =======================
#reg_term: 1
Epoch:0
LR: 0.001
Itr		Time		  Data		  Loss		Acc
[0/88]	0.1123 (0.1123)	0.1054 (0.1054)	1.008 (1.008)	64.06 (64.06)
[87/88]	0.0151 (0.0085)	0.0123 (0.0056)	0.020 (5.409)	100.00 (88.02)
 * Train Acc 88.023
 * Val Acc 99.520, Total time 0.24
Epoch:1
LR: 0.001
Itr		Time		  Data		  Loss		Acc
[0/88]	0.1099 (0.1099)	0.1027 (0.1027)	0.021 (0.021)	100.00 (100.00)
[87/88]	0.0137 (0.0085)	0.0109 (0.0056)	0.027 (0.022)	98.43 (99.41)
 * Train Acc 99.414
 * Val Acc 99.893, Total time 0.24
Epoch:2
LR: 0.001
Itr		Time		  Data		  Loss		Acc
[0/88]	0.1112 (0.1112)	0.1044 (0.1044)	0.012 (0.012)	99.22 (99.22)
[87/88]	0.0150 (0.0085)	0.0122 (0.0056)	0.016 (0.018)	99.21 (99.49)
 * Train Acc 99.494
 * Val Acc 99.840, Total time 0.23
Epoch:3
LR: 0.001
Itr		Time		  Data		  Loss		Acc
[0/88]	0.1160 (0.1160)	0.1082 (0.1082)	0.007 (0.007)	100.00 (100.00)
[87/88]	0.0154 (0.0086)	0.0127 (0.0057)	0.013 (0.015)	99.21 (99.64)
 * Train Acc 99.645
 * Val Acc 99.947, Total time 0.23
Computing MAS
validation split name: 1
 * Val Acc 23.546, Total time 0.26
validation split name: 2
 * Val Acc 76.053, Total time 0.26
validation split name: 3
 * Val Acc 99.947, Total time 0.24
====================== 4 =======================
#reg_term: 1
Epoch:0
LR: 0.001
Itr		Time		  Data		  Loss		Acc
[0/96]	0.1209 (0.1209)	0.1135 (0.1135)	3.136 (3.136)	37.50 (37.50)
[95/96]	0.0030 (0.0087)	0.0001 (0.0057)	1.100 (12.786)	56.52 (37.93)
 * Train Acc 37.930
 * Val Acc 48.741, Total time 0.24
Epoch:1
LR: 0.001
Itr		Time		  Data		  Loss		Acc
[0/96]	0.1117 (0.1117)	0.1050 (0.1050)	1.556 (1.556)	55.47 (55.47)
[95/96]	0.0030 (0.0084)	0.0001 (0.0054)	1.920 (1.695)	47.83 (56.87)
 * Train Acc 56.874
 * Val Acc 58.157, Total time 0.26
Epoch:2
LR: 0.001
Itr		Time		  Data		  Loss		Acc
[0/96]	0.1151 (0.1151)	0.1067 (0.1067)	1.278 (1.278)	66.41 (66.41)
[95/96]	0.0030 (0.0087)	0.0001 (0.0055)	0.092 (0.365)	100.00 (94.07)
 * Train Acc 94.074
 * Val Acc 98.489, Total time 0.24
Epoch:3
LR: 0.001
Itr		Time		  Data		  Loss		Acc
[0/96]	0.1117 (0.1117)	0.1049 (0.1049)	0.087 (0.087)	97.66 (97.66)
[95/96]	0.0031 (0.0084)	0.0001 (0.0054)	0.100 (0.058)	95.65 (99.13)
 * Train Acc 99.130
 * Val Acc 98.993, Total time 0.25
Computing MAS
validation split name: 1
 * Val Acc 87.092, Total time 0.26
validation split name: 2
 * Val Acc 89.030, Total time 0.25
validation split name: 3
 * Val Acc 57.524, Total time 0.25
validation split name: 4
 * Val Acc 98.993, Total time 0.25
====================== 5 =======================
#reg_term: 1
Epoch:0
LR: 0.001
Itr		Time		  Data		  Loss		Acc
[0/93]	0.1102 (0.1102)	0.1028 (0.1028)	1.986 (1.986)	59.38 (59.38)
[92/93]	0.0030 (0.0083)	0.0001 (0.0055)	1.357 (42.249)	70.83 (58.21)
 * Train Acc 58.212
 * Val Acc 59.657, Total time 0.24
Epoch:1
LR: 0.001
Itr		Time		  Data		  Loss		Acc
[0/93]	0.1171 (0.1171)	0.1099 (0.1099)	2.020 (2.020)	56.25 (56.25)
[92/93]	0.0031 (0.0083)	0.0001 (0.0054)	2.128 (2.174)	66.67 (58.05)
 * Train Acc 58.051
 * Val Acc 60.061, Total time 0.25
Epoch:2
LR: 0.001
Itr		Time		  Data		  Loss		Acc
[0/93]	0.1080 (0.1080)	0.1013 (0.1013)	2.413 (2.413)	57.03 (57.03)
[92/93]	0.0031 (0.0083)	0.0001 (0.0054)	0.183 (0.429)	91.67 (89.28)
 * Train Acc 89.280
 * Val Acc 95.310, Total time 0.24
Epoch:3
LR: 0.001
Itr		Time		  Data		  Loss		Acc
[0/93]	0.1127 (0.1127)	0.1045 (0.1045)	0.245 (0.245)	93.75 (93.75)
[92/93]	0.0030 (0.0084)	0.0001 (0.0056)	0.561 (0.227)	79.17 (96.05)
 * Train Acc 96.051
 * Val Acc 96.722, Total time 0.24
Computing MAS
validation split name: 1
 * Val Acc 57.494, Total time 0.25
validation split name: 2
 * Val Acc 60.921, Total time 0.26
validation split name: 3
 * Val Acc 26.201, Total time 0.23
validation split name: 4
 * Val Acc 96.777, Total time 0.25
validation split name: 5
 * Val Acc 96.722, Total time 0.24
OrderedDict([('1', OrderedDict([('1', 99.90543735224587), ('2', 71.34751773049645), ('3', 23.54609929078014), ('4', 87.09219858156028), ('5', 57.494089834515364)])), ('2', OrderedDict([('2', 98.4818805093046), ('3', 76.05288932419197), ('4', 89.0303623898139), ('5', 60.920666013712044)])), ('3', OrderedDict([('3', 99.94663820704376), ('4', 57.52401280683031), ('5', 26.200640341515474)])), ('4', OrderedDict([('4', 98.99295065458207), ('5', 96.77744209466263)])), ('5', OrderedDict([('5', 96.7221381744831)]))])
Task 1 average acc: 99.90543735224587
Task 2 average acc: 84.91469911990052
Task 3 average acc: 66.51520894067197
Task 4 average acc: 83.15988110819664
Task 5 average acc: 67.62299529177773
===Summary of experiment repeats: 1 / 5 ===
The regularization coefficient: 10000.0
The last avg acc of all repeats: [67.62299529  0.          0.          0.          0.        ]
mean: 13.524599058355545 std: 27.04919811671109
split_boundaries: [0, 2, 4, 6, 8, 10]
{'1': [0, 1], '2': [2, 3], '3': [4, 5], '4': [6, 7], '5': [8, 9]}
MLP(
  (linear): Sequential(
    (0): Linear(in_features=1024, out_features=400, bias=True)
    (1): ReLU(inplace=True)
    (2): Linear(in_features=400, out_features=400, bias=True)
    (3): ReLU(inplace=True)
  )
  (last): ModuleDict(
    (All): Linear(in_features=400, out_features=2, bias=True)
  )
)
#parameter of model: 571202
Task order: ['1', '2', '3', '4', '5']
====================== 1 =======================
#reg_term: 0
Epoch:0
LR: 0.001
Itr		Time		  Data		  Loss		Acc
[0/99]	0.1107 (0.1107)	0.1050 (0.1050)	0.706 (0.706)	54.69 (54.69)
[98/99]	0.0019 (0.0084)	0.0001 (0.0064)	0.000 (0.024)	100.00 (99.31)
 * Train Acc 99.313
 * Val Acc 99.905, Total time 0.26
Epoch:1
LR: 0.001
Itr		Time		  Data		  Loss		Acc
[0/99]	0.1102 (0.1102)	0.1043 (0.1043)	0.000 (0.000)	100.00 (100.00)
[98/99]	0.0024 (0.0083)	0.0005 (0.0063)	0.000 (0.003)	100.00 (99.88)
 * Train Acc 99.882
 * Val Acc 99.905, Total time 0.29
Epoch:2
LR: 0.001
Itr		Time		  Data		  Loss		Acc
[0/99]	0.1110 (0.1110)	0.1052 (0.1052)	0.000 (0.000)	100.00 (100.00)
[98/99]	0.0022 (0.0083)	0.0001 (0.0062)	0.001 (0.002)	100.00 (99.91)
 * Train Acc 99.913
 * Val Acc 99.953, Total time 0.26
Epoch:3
LR: 0.001
Itr		Time		  Data		  Loss		Acc
[0/99]	0.1094 (0.1094)	0.1040 (0.1040)	0.000 (0.000)	100.00 (100.00)
[98/99]	0.0019 (0.0085)	0.0001 (0.0064)	0.000 (0.002)	100.00 (99.92)
 * Train Acc 99.921
 * Val Acc 99.953, Total time 0.25
Computing MAS
validation split name: 1
 * Val Acc 99.953, Total time 0.25
====================== 2 =======================
#reg_term: 1
Epoch:0
LR: 0.001
Itr		Time		  Data		  Loss		Acc
[0/95]	0.1165 (0.1165)	0.1060 (0.1060)	3.535 (3.535)	51.56 (51.56)
[94/95]	0.0031 (0.0084)	0.0001 (0.0055)	0.227 (71.538)	94.74 (82.70)
 * Train Acc 82.703
 * Val Acc 97.258, Total time 0.26
Epoch:1
LR: 0.001
Itr		Time		  Data		  Loss		Acc
[0/95]	0.1088 (0.1088)	0.1019 (0.1019)	0.153 (0.153)	93.75 (93.75)
[94/95]	0.0030 (0.0085)	0.0001 (0.0057)	0.072 (0.082)	96.49 (97.33)
 * Train Acc 97.328
 * Val Acc 98.286, Total time 0.25
Epoch:2
LR: 0.001
Itr		Time		  Data		  Loss		Acc
[0/95]	0.1172 (0.1172)	0.1087 (0.1087)	0.103 (0.103)	95.31 (95.31)
[94/95]	0.0031 (0.0086)	0.0001 (0.0056)	0.083 (0.059)	98.25 (98.01)
 * Train Acc 98.015
 * Val Acc 98.286, Total time 0.29
Epoch:3
LR: 0.001
Itr		Time		  Data		  Loss		Acc
[0/95]	0.1222 (0.1222)	0.1152 (0.1152)	0.039 (0.039)	98.44 (98.44)
[94/95]	0.0031 (0.0088)	0.0001 (0.0055)	0.120 (0.052)	94.74 (98.18)
 * Train Acc 98.180
 * Val Acc 98.580, Total time 0.25
Computing MAS
validation split name: 1
 * Val Acc 72.293, Total time 0.25
validation split name: 2
 * Val Acc 98.580, Total time 0.25
====================== 3 =======================
#reg_term: 1
Epoch:0
LR: 0.001
Itr		Time		  Data		  Loss		Acc
[0/88]	0.1154 (0.1154)	0.1083 (0.1083)	1.004 (1.004)	69.53 (69.53)
[87/88]	0.0161 (0.0086)	0.0132 (0.0057)	0.351 (6.006)	88.98 (84.36)
 * Train Acc 84.356
 * Val Acc 90.448, Total time 0.23
Epoch:1
LR: 0.001
Itr		Time		  Data		  Loss		Acc
[0/88]	0.1126 (0.1126)	0.1055 (0.1055)	0.200 (0.200)	93.75 (93.75)
[87/88]	0.0158 (0.0086)	0.0130 (0.0057)	0.293 (0.291)	88.98 (89.87)
 * Train Acc 89.869
 * Val Acc 90.502, Total time 0.26
Epoch:2
LR: 0.001
Itr		Time		  Data		  Loss		Acc
[0/88]	0.1151 (0.1151)	0.1077 (0.1077)	0.495 (0.495)	85.94 (85.94)
[87/88]	0.0163 (0.0087)	0.0135 (0.0058)	0.187 (0.280)	92.13 (89.99)
 * Train Acc 89.994
 * Val Acc 90.555, Total time 0.23
Epoch:3
LR: 0.001
Itr		Time		  Data		  Loss		Acc
[0/88]	0.1126 (0.1126)	0.1056 (0.1056)	0.284 (0.284)	91.41 (91.41)
[87/88]	0.0163 (0.0088)	0.0135 (0.0059)	0.277 (0.275)	92.13 (90.41)
 * Train Acc 90.411
 * Val Acc 93.276, Total time 0.23
Computing MAS
validation split name: 1
 * Val Acc 53.428, Total time 0.26
validation split name: 2
 * Val Acc 96.964, Total time 0.25
validation split name: 3
 * Val Acc 93.276, Total time 0.23
====================== 4 =======================
#reg_term: 1
Epoch:0
LR: 0.001
Itr		Time		  Data		  Loss		Acc
[0/96]	0.1121 (0.1121)	0.1048 (0.1048)	1.553 (1.553)	57.03 (57.03)
[95/96]	0.0031 (0.0086)	0.0001 (0.0056)	0.185 (6.368)	91.30 (78.30)
 * Train Acc 78.298
 * Val Acc 92.951, Total time 0.25
Epoch:1
LR: 0.001
Itr		Time		  Data		  Loss		Acc
[0/96]	0.1155 (0.1155)	0.1087 (0.1087)	0.148 (0.148)	92.19 (92.19)
[95/96]	0.0030 (0.0085)	0.0001 (0.0056)	0.266 (0.233)	95.65 (92.11)
 * Train Acc 92.112
 * Val Acc 93.404, Total time 0.25
Epoch:2
LR: 0.001
Itr		Time		  Data		  Loss		Acc
[0/96]	0.1140 (0.1140)	0.1070 (0.1070)	0.164 (0.164)	95.31 (95.31)
[95/96]	0.0037 (0.0085)	0.0008 (0.0056)	0.263 (0.226)	91.30 (92.28)
 * Train Acc 92.284
 * Val Acc 93.404, Total time 0.25
Epoch:3
LR: 0.001
Itr		Time		  Data		  Loss		Acc
[0/96]	0.1142 (0.1142)	0.1052 (0.1052)	0.297 (0.297)	88.28 (88.28)
[95/96]	0.0031 (0.0087)	0.0001 (0.0056)	0.204 (0.224)	95.65 (92.34)
 * Train Acc 92.342
 * Val Acc 93.253, Total time 0.24
Computing MAS
validation split name: 1
 * Val Acc 82.979, Total time 0.26
validation split name: 2
 * Val Acc 92.899, Total time 0.26
validation split name: 3
 * Val Acc 55.496, Total time 0.23
validation split name: 4
 * Val Acc 93.253, Total time 0.24
====================== 5 =======================
#reg_term: 1
Epoch:0
LR: 0.001
Itr		Time		  Data		  Loss		Acc
[0/93]	0.1103 (0.1103)	0.1038 (0.1038)	2.654 (2.654)	54.69 (54.69)
[92/93]	0.0030 (0.0085)	0.0001 (0.0056)	0.627 (45.769)	91.67 (63.58)
 * Train Acc 63.576
 * Val Acc 88.906, Total time 0.28
Epoch:1
LR: 0.001
Itr		Time		  Data		  Loss		Acc
[0/93]	0.1170 (0.1170)	0.1093 (0.1093)	0.393 (0.393)	92.97 (92.97)
[92/93]	0.0031 (0.0085)	0.0001 (0.0055)	0.161 (0.290)	100.00 (94.59)
 * Train Acc 94.593
 * Val Acc 97.075, Total time 0.25
Epoch:2
LR: 0.001
Itr		Time		  Data		  Loss		Acc
[0/93]	0.1128 (0.1128)	0.1053 (0.1053)	0.255 (0.255)	94.53 (94.53)
[92/93]	0.0031 (0.0084)	0.0002 (0.0055)	0.213 (0.200)	91.67 (97.14)
 * Train Acc 97.144
 * Val Acc 97.378, Total time 0.24
Epoch:3
LR: 0.001
Itr		Time		  Data		  Loss		Acc
[0/93]	0.1058 (0.1058)	0.0989 (0.0989)	0.170 (0.170)	98.44 (98.44)
[92/93]	0.0031 (0.0083)	0.0001 (0.0056)	0.138 (0.191)	100.00 (97.79)
 * Train Acc 97.788
 * Val Acc 97.680, Total time 0.25
Computing MAS
validation split name: 1
 * Val Acc 16.927, Total time 0.25
validation split name: 2
 * Val Acc 61.410, Total time 0.25
validation split name: 3
 * Val Acc 17.663, Total time 0.23
validation split name: 4
 * Val Acc 68.681, Total time 0.25
validation split name: 5
 * Val Acc 97.680, Total time 0.24
OrderedDict([('1', OrderedDict([('1', 99.95271867612293), ('2', 72.29314420803783), ('3', 53.427895981087474), ('4', 82.97872340425532), ('5', 16.926713947990542)])), ('2', OrderedDict([('2', 98.5798237022527), ('3', 96.9637610186092), ('4', 92.89911851126347), ('5', 61.4103819784525)])), ('3', OrderedDict([('3', 93.27641408751334), ('4', 55.49626467449306), ('5', 17.66275346851654)])), ('4', OrderedDict([('4', 93.25276938569989), ('5', 68.68076535750252)])), ('5', OrderedDict([('5', 97.68028240040343)]))])
Task 1 average acc: 99.95271867612293
Task 2 average acc: 85.43648395514526
Task 3 average acc: 81.22269036240334
Task 4 average acc: 81.15671899392794
Task 5 average acc: 52.4721794305731
===Summary of experiment repeats: 2 / 5 ===
The regularization coefficient: 10000.0
The last avg acc of all repeats: [67.62299529 52.47217943  0.          0.          0.        ]
mean: 24.019034944470167 std: 29.804794607940707
split_boundaries: [0, 2, 4, 6, 8, 10]
{'1': [0, 1], '2': [2, 3], '3': [4, 5], '4': [6, 7], '5': [8, 9]}
MLP(
  (linear): Sequential(
    (0): Linear(in_features=1024, out_features=400, bias=True)
    (1): ReLU(inplace=True)
    (2): Linear(in_features=400, out_features=400, bias=True)
    (3): ReLU(inplace=True)
  )
  (last): ModuleDict(
    (All): Linear(in_features=400, out_features=2, bias=True)
  )
)
#parameter of model: 571202
Task order: ['1', '2', '3', '4', '5']
====================== 1 =======================
#reg_term: 0
Epoch:0
LR: 0.001
Itr		Time		  Data		  Loss		Acc
[0/99]	0.1092 (0.1092)	0.1045 (0.1045)	0.684 (0.684)	53.91 (53.91)
[98/99]	0.0019 (0.0086)	0.0001 (0.0065)	0.001 (0.025)	100.00 (99.23)
 * Train Acc 99.226
 * Val Acc 99.858, Total time 0.25
Epoch:1
LR: 0.001
Itr		Time		  Data		  Loss		Acc
[0/99]	0.1112 (0.1112)	0.1066 (0.1066)	0.000 (0.000)	100.00 (100.00)
[98/99]	0.0021 (0.0084)	0.0001 (0.0063)	0.003 (0.004)	100.00 (99.86)
 * Train Acc 99.858
 * Val Acc 99.905, Total time 0.25
Epoch:2
LR: 0.001
Itr		Time		  Data		  Loss		Acc
[0/99]	0.1094 (0.1094)	0.1042 (0.1042)	0.000 (0.000)	100.00 (100.00)
[98/99]	0.0021 (0.0083)	0.0001 (0.0063)	0.000 (0.002)	100.00 (99.94)
 * Train Acc 99.937
 * Val Acc 99.905, Total time 0.26
Epoch:3
LR: 0.001
Itr		Time		  Data		  Loss		Acc
[0/99]	0.1085 (0.1085)	0.1035 (0.1035)	0.000 (0.000)	100.00 (100.00)
[98/99]	0.0017 (0.0084)	0.0001 (0.0066)	0.001 (0.001)	100.00 (99.98)
 * Train Acc 99.976
 * Val Acc 99.953, Total time 0.25
Computing MAS
validation split name: 1
 * Val Acc 99.953, Total time 0.26
====================== 2 =======================
#reg_term: 1
Epoch:0
LR: 0.001
Itr		Time		  Data		  Loss		Acc
[0/95]	0.1186 (0.1186)	0.1085 (0.1085)	3.234 (3.234)	49.22 (49.22)
[94/95]	0.0031 (0.0087)	0.0001 (0.0056)	0.128 (81.468)	96.49 (86.17)
 * Train Acc 86.169
 * Val Acc 97.600, Total time 0.26
Epoch:1
LR: 0.001
Itr		Time		  Data		  Loss		Acc
[0/95]	0.1159 (0.1159)	0.1100 (0.1100)	0.144 (0.144)	96.09 (96.09)
[94/95]	0.0031 (0.0084)	0.0001 (0.0056)	0.033 (0.084)	100.00 (97.31)
 * Train Acc 97.312
 * Val Acc 97.747, Total time 0.25
Epoch:2
LR: 0.001
Itr		Time		  Data		  Loss		Acc
[0/95]	0.1195 (0.1195)	0.1129 (0.1129)	0.033 (0.033)	98.44 (98.44)
[94/95]	0.0032 (0.0090)	0.0001 (0.0060)	0.023 (0.068)	100.00 (97.66)
 * Train Acc 97.659
 * Val Acc 98.041, Total time 0.28
Epoch:3
LR: 0.001
Itr		Time		  Data		  Loss		Acc
[0/95]	0.1136 (0.1136)	0.1082 (0.1082)	0.064 (0.064)	97.66 (97.66)
[94/95]	0.0030 (0.0085)	0.0001 (0.0056)	0.022 (0.061)	100.00 (98.11)
 * Train Acc 98.114
 * Val Acc 98.433, Total time 0.26
Computing MAS
validation split name: 1
 * Val Acc 69.078, Total time 0.26
validation split name: 2
 * Val Acc 98.433, Total time 0.26
====================== 3 =======================
#reg_term: 1
Epoch:0
LR: 0.001
Itr		Time		  Data		  Loss		Acc
[0/88]	0.1226 (0.1226)	0.1161 (0.1161)	0.710 (0.710)	75.00 (75.00)
[87/88]	0.0170 (0.0092)	0.0142 (0.0063)	0.027 (4.689)	99.21 (88.49)
 * Train Acc 88.493
 * Val Acc 98.933, Total time 0.24
Epoch:1
LR: 0.001
Itr		Time		  Data		  Loss		Acc
[0/88]	0.1108 (0.1108)	0.1049 (0.1049)	0.063 (0.063)	98.44 (98.44)
[87/88]	0.0155 (0.0085)	0.0128 (0.0058)	0.029 (0.028)	99.21 (99.22)
 * Train Acc 99.219
 * Val Acc 99.787, Total time 0.23
Epoch:2
LR: 0.001
Itr		Time		  Data		  Loss		Acc
[0/88]	0.1148 (0.1148)	0.1089 (0.1089)	0.008 (0.008)	100.00 (100.00)
[87/88]	0.0134 (0.0085)	0.0106 (0.0057)	0.008 (0.019)	100.00 (99.49)
 * Train Acc 99.485
 * Val Acc 99.733, Total time 0.24
Epoch:3
LR: 0.001
Itr		Time		  Data		  Loss		Acc
[0/88]	0.1087 (0.1087)	0.1024 (0.1024)	0.070 (0.070)	98.44 (98.44)
[87/88]	0.0148 (0.0085)	0.0120 (0.0056)	0.008 (0.017)	100.00 (99.54)
 * Train Acc 99.538
 * Val Acc 99.626, Total time 0.23
Computing MAS
validation split name: 1
 * Val Acc 33.191, Total time 0.26
validation split name: 2
 * Val Acc 75.318, Total time 0.25
validation split name: 3
 * Val Acc 99.626, Total time 0.23
====================== 4 =======================
#reg_term: 1
Epoch:0
LR: 0.001
Itr		Time		  Data		  Loss		Acc
[0/96]	0.1105 (0.1105)	0.1040 (0.1040)	2.307 (2.307)	48.44 (48.44)
[95/96]	0.0030 (0.0084)	0.0001 (0.0056)	0.274 (6.792)	91.30 (76.92)
 * Train Acc 76.919
 * Val Acc 98.993, Total time 0.24
Epoch:1
LR: 0.001
Itr		Time		  Data		  Loss		Acc
[0/96]	0.1112 (0.1112)	0.1050 (0.1050)	0.019 (0.019)	99.22 (99.22)
[95/96]	0.0031 (0.0084)	0.0001 (0.0055)	0.009 (0.023)	100.00 (99.56)
 * Train Acc 99.557
 * Val Acc 99.194, Total time 0.24
Epoch:2
LR: 0.001
Itr		Time		  Data		  Loss		Acc
[0/96]	0.1101 (0.1101)	0.1042 (0.1042)	0.026 (0.026)	99.22 (99.22)
[95/96]	0.0030 (0.0084)	0.0001 (0.0055)	0.022 (0.022)	100.00 (99.73)
 * Train Acc 99.729
 * Val Acc 99.345, Total time 0.24
Epoch:3
LR: 0.001
Itr		Time		  Data		  Loss		Acc
[0/96]	0.1109 (0.1109)	0.1049 (0.1049)	0.044 (0.044)	99.22 (99.22)
[95/96]	0.0031 (0.0084)	0.0001 (0.0055)	0.024 (0.027)	100.00 (99.80)
 * Train Acc 99.803
 * Val Acc 99.446, Total time 0.25
Computing MAS
validation split name: 1
 * Val Acc 71.442, Total time 0.25
validation split name: 2
 * Val Acc 82.566, Total time 0.25
validation split name: 3
 * Val Acc 47.065, Total time 0.24
validation split name: 4
 * Val Acc 99.446, Total time 0.25
====================== 5 =======================
#reg_term: 1
Epoch:0
LR: 0.001
Itr		Time		  Data		  Loss		Acc
[0/93]	0.1109 (0.1109)	0.1044 (0.1044)	2.828 (2.828)	58.59 (58.59)
[92/93]	0.0030 (0.0084)	0.0001 (0.0054)	0.780 (49.813)	83.33 (77.26)
 * Train Acc 77.263
 * Val Acc 84.619, Total time 0.26
Epoch:1
LR: 0.001
Itr		Time		  Data		  Loss		Acc
[0/93]	0.1099 (0.1099)	0.1040 (0.1040)	0.603 (0.603)	85.16 (85.16)
[92/93]	0.0030 (0.0086)	0.0001 (0.0056)	0.311 (0.542)	91.67 (87.13)
 * Train Acc 87.127
 * Val Acc 89.612, Total time 0.28
Epoch:2
LR: 0.001
Itr		Time		  Data		  Loss		Acc
[0/93]	0.1147 (0.1147)	0.1078 (0.1078)	0.363 (0.363)	94.53 (94.53)
[92/93]	0.0030 (0.0085)	0.0001 (0.0055)	0.369 (0.339)	91.67 (92.11)
 * Train Acc 92.110
 * Val Acc 92.486, Total time 0.25
Epoch:3
LR: 0.001
Itr		Time		  Data		  Loss		Acc
[0/93]	0.1128 (0.1128)	0.1068 (0.1068)	0.288 (0.288)	91.41 (91.41)
[92/93]	0.0031 (0.0086)	0.0001 (0.0058)	0.127 (0.292)	100.00 (94.31)
 * Train Acc 94.305
 * Val Acc 93.797, Total time 0.24
Computing MAS
validation split name: 1
 * Val Acc 62.033, Total time 0.31
validation split name: 2
 * Val Acc 59.011, Total time 0.25
validation split name: 3
 * Val Acc 26.467, Total time 0.23
validation split name: 4
 * Val Acc 98.338, Total time 0.26
validation split name: 5
 * Val Acc 93.797, Total time 0.25
OrderedDict([('1', OrderedDict([('1', 99.95271867612293), ('2', 69.07801418439716), ('3', 33.191489361702125), ('4', 71.4420803782506), ('5', 62.033096926713945)])), ('2', OrderedDict([('2', 98.43290891283056), ('3', 75.31831537708129), ('4', 82.56611165523996), ('5', 59.01077375122429)])), ('3', OrderedDict([('3', 99.62646744930629), ('4', 47.065101387406614), ('5', 26.467449306296693)])), ('4', OrderedDict([('4', 99.44612286002014), ('5', 98.33836858006042)])), ('5', OrderedDict([('5', 93.79727685325265)]))])
Task 1 average acc: 99.95271867612293
Task 2 average acc: 83.75546154861385
Task 3 average acc: 69.37875739602991
Task 4 average acc: 75.12985407022933
Task 5 average acc: 67.9293930835096
===Summary of experiment repeats: 3 / 5 ===
The regularization coefficient: 10000.0
The last avg acc of all repeats: [67.62299529 52.47217943 67.92939308  0.          0.        ]
mean: 37.60491356117209 std: 31.20882545500196
split_boundaries: [0, 2, 4, 6, 8, 10]
{'1': [0, 1], '2': [2, 3], '3': [4, 5], '4': [6, 7], '5': [8, 9]}
MLP(
  (linear): Sequential(
    (0): Linear(in_features=1024, out_features=400, bias=True)
    (1): ReLU(inplace=True)
    (2): Linear(in_features=400, out_features=400, bias=True)
    (3): ReLU(inplace=True)
  )
  (last): ModuleDict(
    (All): Linear(in_features=400, out_features=2, bias=True)
  )
)
#parameter of model: 571202
Task order: ['1', '2', '3', '4', '5']
====================== 1 =======================
#reg_term: 0
Epoch:0
LR: 0.001
Itr		Time		  Data		  Loss		Acc
[0/99]	0.1201 (0.1201)	0.1141 (0.1141)	0.705 (0.705)	49.22 (49.22)
[98/99]	0.0022 (0.0083)	0.0001 (0.0062)	0.000 (0.024)	100.00 (99.23)
 * Train Acc 99.226
 * Val Acc 99.953, Total time 0.25
Epoch:1
LR: 0.001
Itr		Time		  Data		  Loss		Acc
[0/99]	0.1103 (0.1103)	0.1058 (0.1058)	0.000 (0.000)	100.00 (100.00)
[98/99]	0.0174 (0.0085)	0.0155 (0.0064)	0.010 (0.003)	99.17 (99.91)
 * Train Acc 99.905
 * Val Acc 99.905, Total time 0.26
Epoch:2
LR: 0.001
Itr		Time		  Data		  Loss		Acc
[0/99]	0.1094 (0.1094)	0.1050 (0.1050)	0.007 (0.007)	99.22 (99.22)
[98/99]	0.0019 (0.0083)	0.0001 (0.0063)	0.000 (0.003)	100.00 (99.87)
 * Train Acc 99.874
 * Val Acc 99.953, Total time 0.26
Epoch:3
LR: 0.001
Itr		Time		  Data		  Loss		Acc
[0/99]	0.1098 (0.1098)	0.1049 (0.1049)	0.000 (0.000)	100.00 (100.00)
[98/99]	0.0026 (0.0083)	0.0005 (0.0062)	0.000 (0.001)	100.00 (99.95)
 * Train Acc 99.953
 * Val Acc 99.953, Total time 0.26
Computing MAS
validation split name: 1
 * Val Acc 99.953, Total time 0.26
====================== 2 =======================
#reg_term: 1
Epoch:0
LR: 0.001
Itr		Time		  Data		  Loss		Acc
[0/95]	0.1157 (0.1157)	0.1067 (0.1067)	3.287 (3.287)	52.34 (52.34)
[94/95]	0.0031 (0.0084)	0.0001 (0.0055)	0.171 (85.339)	94.74 (82.27)
 * Train Acc 82.273
 * Val Acc 97.502, Total time 0.26
Epoch:1
LR: 0.001
Itr		Time		  Data		  Loss		Acc
[0/95]	0.1132 (0.1132)	0.1076 (0.1076)	0.120 (0.120)	96.09 (96.09)
[94/95]	0.0035 (0.0084)	0.0005 (0.0055)	0.103 (0.077)	94.74 (97.53)
 * Train Acc 97.527
 * Val Acc 98.090, Total time 0.25
Epoch:2
LR: 0.001
Itr		Time		  Data		  Loss		Acc
[0/95]	0.1127 (0.1127)	0.1066 (0.1066)	0.046 (0.046)	98.44 (98.44)
[94/95]	0.0031 (0.0084)	0.0001 (0.0055)	0.061 (0.057)	98.25 (98.14)
 * Train Acc 98.139
 * Val Acc 98.531, Total time 0.25
Epoch:3
LR: 0.001
Itr		Time		  Data		  Loss		Acc
[0/95]	0.1138 (0.1138)	0.1082 (0.1082)	0.073 (0.073)	96.09 (96.09)
[94/95]	0.0031 (0.0090)	0.0001 (0.0057)	0.028 (0.041)	98.25 (98.62)
 * Train Acc 98.619
 * Val Acc 98.629, Total time 0.26
Computing MAS
validation split name: 1
 * Val Acc 75.319, Total time 0.26
validation split name: 2
 * Val Acc 98.629, Total time 0.26
====================== 3 =======================
#reg_term: 1
Epoch:0
LR: 0.001
Itr		Time		  Data		  Loss		Acc
[0/88]	0.1148 (0.1148)	0.1092 (0.1092)	0.958 (0.958)	74.22 (74.22)
[87/88]	0.0088 (0.0087)	0.0059 (0.0057)	0.024 (8.054)	99.21 (91.20)
 * Train Acc 91.201
 * Val Acc 99.466, Total time 0.23
Epoch:1
LR: 0.001
Itr		Time		  Data		  Loss		Acc
[0/88]	0.1172 (0.1172)	0.1115 (0.1115)	0.073 (0.073)	98.44 (98.44)
[87/88]	0.0159 (0.0086)	0.0131 (0.0058)	0.018 (0.025)	99.21 (99.33)
 * Train Acc 99.334
 * Val Acc 99.573, Total time 0.24
Epoch:2
LR: 0.001
Itr		Time		  Data		  Loss		Acc
[0/88]	0.1082 (0.1082)	0.1024 (0.1024)	0.006 (0.006)	100.00 (100.00)
[87/88]	0.0085 (0.0085)	0.0057 (0.0056)	0.013 (0.021)	100.00 (99.41)
 * Train Acc 99.414
 * Val Acc 99.787, Total time 0.23
Epoch:3
LR: 0.001
Itr		Time		  Data		  Loss		Acc
[0/88]	0.1134 (0.1134)	0.1067 (0.1067)	0.007 (0.007)	100.00 (100.00)
[87/88]	0.0076 (0.0085)	0.0047 (0.0056)	0.015 (0.020)	99.21 (99.56)
 * Train Acc 99.556
 * Val Acc 99.733, Total time 0.24
Computing MAS
validation split name: 1
 * Val Acc 19.338, Total time 0.26
validation split name: 2
 * Val Acc 77.424, Total time 0.25
validation split name: 3
 * Val Acc 99.733, Total time 0.24
====================== 4 =======================
#reg_term: 1
Epoch:0
LR: 0.001
Itr		Time		  Data		  Loss		Acc
[0/96]	0.1181 (0.1181)	0.1123 (0.1123)	3.192 (3.192)	29.69 (29.69)
[95/96]	0.0031 (0.0084)	0.0001 (0.0056)	1.389 (7.475)	73.91 (62.17)
 * Train Acc 62.169
 * Val Acc 85.247, Total time 0.25
Epoch:1
LR: 0.001
Itr		Time		  Data		  Loss		Acc
[0/96]	0.1103 (0.1103)	0.1050 (0.1050)	0.901 (0.901)	81.25 (81.25)
[95/96]	0.0031 (0.0087)	0.0001 (0.0057)	0.111 (0.668)	100.00 (85.09)
 * Train Acc 85.094
 * Val Acc 98.892, Total time 0.26
Epoch:2
LR: 0.001
Itr		Time		  Data		  Loss		Acc
[0/96]	0.1118 (0.1118)	0.1057 (0.1057)	0.097 (0.097)	99.22 (99.22)
[95/96]	0.0031 (0.0083)	0.0001 (0.0055)	0.049 (0.075)	100.00 (99.20)
 * Train Acc 99.196
 * Val Acc 99.094, Total time 0.25
Epoch:3
LR: 0.001
Itr		Time		  Data		  Loss		Acc
[0/96]	0.1187 (0.1187)	0.1124 (0.1124)	0.061 (0.061)	99.22 (99.22)
[95/96]	0.0030 (0.0085)	0.0001 (0.0056)	0.046 (0.062)	100.00 (99.46)
 * Train Acc 99.458
 * Val Acc 99.245, Total time 0.25
Computing MAS
validation split name: 1
 * Val Acc 62.648, Total time 0.27
validation split name: 2
 * Val Acc 84.868, Total time 0.25
validation split name: 3
 * Val Acc 63.661, Total time 0.24
validation split name: 4
 * Val Acc 99.245, Total time 0.25
====================== 5 =======================
#reg_term: 1
Epoch:0
LR: 0.001
Itr		Time		  Data		  Loss		Acc
[0/93]	0.1146 (0.1146)	0.1089 (0.1089)	2.424 (2.424)	60.16 (60.16)
[92/93]	0.0031 (0.0085)	0.0001 (0.0056)	0.782 (36.232)	75.00 (72.54)
 * Train Acc 72.542
 * Val Acc 81.846, Total time 0.24
Epoch:1
LR: 0.001
Itr		Time		  Data		  Loss		Acc
[0/93]	0.1160 (0.1160)	0.1091 (0.1091)	0.527 (0.527)	85.94 (85.94)
[92/93]	0.0031 (0.0086)	0.0001 (0.0057)	0.270 (0.632)	91.67 (85.46)
 * Train Acc 85.458
 * Val Acc 89.057, Total time 0.24
Epoch:2
LR: 0.001
Itr		Time		  Data		  Loss		Acc
[0/93]	0.1136 (0.1136)	0.1073 (0.1073)	0.463 (0.463)	89.06 (89.06)
[92/93]	0.0031 (0.0084)	0.0001 (0.0055)	0.457 (0.457)	95.83 (90.53)
 * Train Acc 90.534
 * Val Acc 92.032, Total time 0.24
Epoch:3
LR: 0.001
Itr		Time		  Data		  Loss		Acc
[0/93]	0.1103 (0.1103)	0.1046 (0.1046)	0.367 (0.367)	92.19 (92.19)
[92/93]	0.0031 (0.0083)	0.0001 (0.0055)	0.199 (0.401)	100.00 (92.57)
 * Train Acc 92.568
 * Val Acc 92.890, Total time 0.24
Computing MAS
validation split name: 1
 * Val Acc 47.991, Total time 0.25
validation split name: 2
 * Val Acc 61.263, Total time 0.25
validation split name: 3
 * Val Acc 40.502, Total time 0.24
validation split name: 4
 * Val Acc 97.080, Total time 0.25
validation split name: 5
 * Val Acc 92.890, Total time 0.24
OrderedDict([('1', OrderedDict([('1', 99.95271867612293), ('2', 75.31914893617021), ('3', 19.33806146572104), ('4', 62.64775413711584), ('5', 47.990543735224584)])), ('2', OrderedDict([('2', 98.62879529872674), ('3', 77.42409402546524), ('4', 84.86777668952008), ('5', 61.263467189030365)])), ('3', OrderedDict([('3', 99.73319103521878), ('4', 63.66061899679829), ('5', 40.50160085378869)])), ('4', OrderedDict([('4', 99.24471299093656), ('5', 97.07955689828802)])), ('5', OrderedDict([('5', 92.88956127080182)]))])
Task 1 average acc: 99.95271867612293
Task 2 average acc: 86.97397211744848
Task 3 average acc: 65.49844884213502
Task 4 average acc: 77.6052157035927
Task 5 average acc: 67.9449459894267
===Summary of experiment repeats: 4 / 5 ===
The regularization coefficient: 10000.0
The last avg acc of all repeats: [67.62299529 52.47217943 67.92939308 67.94494599  0.        ]
mean: 51.19390275905742 std: 26.27941718572536
split_boundaries: [0, 2, 4, 6, 8, 10]
{'1': [0, 1], '2': [2, 3], '3': [4, 5], '4': [6, 7], '5': [8, 9]}
MLP(
  (linear): Sequential(
    (0): Linear(in_features=1024, out_features=400, bias=True)
    (1): ReLU(inplace=True)
    (2): Linear(in_features=400, out_features=400, bias=True)
    (3): ReLU(inplace=True)
  )
  (last): ModuleDict(
    (All): Linear(in_features=400, out_features=2, bias=True)
  )
)
#parameter of model: 571202
Task order: ['1', '2', '3', '4', '5']
====================== 1 =======================
#reg_term: 0
Epoch:0
LR: 0.001
Itr		Time		  Data		  Loss		Acc
[0/99]	0.1149 (0.1149)	0.1096 (0.1096)	0.691 (0.691)	64.84 (64.84)
[98/99]	0.0022 (0.0087)	0.0001 (0.0066)	0.005 (0.022)	100.00 (99.38)
 * Train Acc 99.384
 * Val Acc 99.953, Total time 0.26
Epoch:1
LR: 0.001
Itr		Time		  Data		  Loss		Acc
[0/99]	0.1132 (0.1132)	0.1080 (0.1080)	0.000 (0.000)	100.00 (100.00)
[98/99]	0.0019 (0.0089)	0.0001 (0.0062)	0.004 (0.005)	100.00 (99.84)
 * Train Acc 99.842
 * Val Acc 99.811, Total time 0.26
Epoch:2
LR: 0.001
Itr		Time		  Data		  Loss		Acc
[0/99]	0.1152 (0.1152)	0.1103 (0.1103)	0.000 (0.000)	100.00 (100.00)
[98/99]	0.0112 (0.0085)	0.0094 (0.0064)	0.000 (0.002)	100.00 (99.92)
 * Train Acc 99.921
 * Val Acc 99.858, Total time 0.26
Epoch:3
LR: 0.001
Itr		Time		  Data		  Loss		Acc
[0/99]	0.1094 (0.1094)	0.1046 (0.1046)	0.000 (0.000)	100.00 (100.00)
[98/99]	0.0027 (0.0084)	0.0005 (0.0062)	0.000 (0.001)	100.00 (99.98)
 * Train Acc 99.976
 * Val Acc 99.953, Total time 0.26
Computing MAS
validation split name: 1
 * Val Acc 99.953, Total time 0.25
====================== 2 =======================
#reg_term: 1
Epoch:0
LR: 0.001
Itr		Time		  Data		  Loss		Acc
[0/95]	0.1120 (0.1120)	0.1057 (0.1057)	4.204 (4.204)	42.19 (42.19)
[94/95]	0.0031 (0.0083)	0.0001 (0.0055)	1.617 (117.478)	82.46 (67.45)
 * Train Acc 67.450
 * Val Acc 82.468, Total time 0.26
Epoch:1
LR: 0.001
Itr		Time		  Data		  Loss		Acc
[0/95]	0.1156 (0.1156)	0.1090 (0.1090)	1.831 (1.831)	82.81 (82.81)
[94/95]	0.0031 (0.0085)	0.0001 (0.0056)	0.616 (1.426)	96.49 (87.41)
 * Train Acc 87.410
 * Val Acc 97.502, Total time 0.29
Epoch:2
LR: 0.001
Itr		Time		  Data		  Loss		Acc
[0/95]	0.1122 (0.1122)	0.1054 (0.1054)	0.649 (0.649)	96.88 (96.88)
[94/95]	0.0031 (0.0085)	0.0001 (0.0054)	0.167 (0.300)	98.25 (97.60)
 * Train Acc 97.601
 * Val Acc 98.384, Total time 0.27
Epoch:3
LR: 0.001
Itr		Time		  Data		  Loss		Acc
[0/95]	0.1149 (0.1149)	0.1087 (0.1087)	0.167 (0.167)	96.88 (96.88)
[94/95]	0.0029 (0.0087)	0.0001 (0.0059)	0.065 (0.125)	100.00 (98.01)
 * Train Acc 98.006
 * Val Acc 98.678, Total time 0.25
Computing MAS
validation split name: 1
 * Val Acc 70.496, Total time 0.25
validation split name: 2
 * Val Acc 98.678, Total time 0.25
====================== 3 =======================
#reg_term: 1
Epoch:0
LR: 0.001
Itr		Time		  Data		  Loss		Acc
[0/88]	0.1126 (0.1126)	0.1048 (0.1048)	0.710 (0.710)	81.25 (81.25)
[87/88]	0.0158 (0.0086)	0.0131 (0.0058)	0.371 (6.567)	88.19 (80.62)
 * Train Acc 80.618
 * Val Acc 91.142, Total time 0.23
Epoch:1
LR: 0.001
Itr		Time		  Data		  Loss		Acc
[0/88]	0.1184 (0.1184)	0.1118 (0.1118)	0.439 (0.439)	86.72 (86.72)
[87/88]	0.0154 (0.0087)	0.0127 (0.0058)	0.378 (0.303)	88.19 (90.25)
 * Train Acc 90.251
 * Val Acc 91.195, Total time 0.23
Epoch:2
LR: 0.001
Itr		Time		  Data		  Loss		Acc
[0/88]	0.1093 (0.1093)	0.1034 (0.1034)	0.279 (0.279)	93.75 (93.75)
[87/88]	0.0158 (0.0085)	0.0127 (0.0056)	0.354 (0.299)	89.76 (90.40)
 * Train Acc 90.402
 * Val Acc 91.249, Total time 0.24
Epoch:3
LR: 0.001
Itr		Time		  Data		  Loss		Acc
[0/88]	0.1113 (0.1113)	0.1051 (0.1051)	0.300 (0.300)	89.84 (89.84)
[87/88]	0.0161 (0.0086)	0.0134 (0.0057)	0.266 (0.299)	89.76 (90.41)
 * Train Acc 90.411
 * Val Acc 91.355, Total time 0.24
Computing MAS
validation split name: 1
 * Val Acc 51.253, Total time 0.25
validation split name: 2
 * Val Acc 97.258, Total time 0.26
validation split name: 3
 * Val Acc 91.355, Total time 0.23
====================== 4 =======================
#reg_term: 1
Epoch:0
LR: 0.001
Itr		Time		  Data		  Loss		Acc
[0/96]	0.1215 (0.1215)	0.1150 (0.1150)	2.615 (2.615)	45.31 (45.31)
[95/96]	0.0031 (0.0086)	0.0001 (0.0057)	0.144 (12.384)	95.65 (54.98)
 * Train Acc 54.978
 * Val Acc 93.152, Total time 0.25
Epoch:1
LR: 0.001
Itr		Time		  Data		  Loss		Acc
[0/96]	0.1116 (0.1116)	0.1054 (0.1054)	0.220 (0.220)	90.62 (90.62)
[95/96]	0.0030 (0.0086)	0.0001 (0.0057)	0.207 (0.181)	91.30 (93.10)
 * Train Acc 93.097
 * Val Acc 94.109, Total time 0.24
Epoch:2
LR: 0.001
Itr		Time		  Data		  Loss		Acc
[0/96]	0.1064 (0.1064)	0.1007 (0.1007)	0.094 (0.094)	96.88 (96.88)
[95/96]	0.0028 (0.0082)	0.0001 (0.0055)	0.019 (0.178)	100.00 (93.32)
 * Train Acc 93.319
 * Val Acc 94.058, Total time 0.25
Epoch:3
LR: 0.001
Itr		Time		  Data		  Loss		Acc
[0/96]	0.1118 (0.1118)	0.1053 (0.1053)	0.237 (0.237)	92.19 (92.19)
[95/96]	0.0031 (0.0084)	0.0001 (0.0054)	0.284 (0.179)	91.30 (93.38)
 * Train Acc 93.376
 * Val Acc 94.209, Total time 0.25
Computing MAS
validation split name: 1
 * Val Acc 78.723, Total time 0.26
validation split name: 2
 * Val Acc 91.626, Total time 0.25
validation split name: 3
 * Val Acc 52.401, Total time 0.23
validation split name: 4
 * Val Acc 94.209, Total time 0.26
====================== 5 =======================
#reg_term: 1
Epoch:0
LR: 0.001
Itr		Time		  Data		  Loss		Acc
[0/93]	0.1140 (0.1140)	0.1070 (0.1070)	2.901 (2.901)	64.84 (64.84)
[92/93]	0.0030 (0.0085)	0.0001 (0.0056)	0.387 (77.357)	100.00 (72.70)
 * Train Acc 72.703
 * Val Acc 83.409, Total time 0.24
Epoch:1
LR: 0.001
Itr		Time		  Data		  Loss		Acc
[0/93]	0.1153 (0.1153)	0.1094 (0.1094)	1.207 (1.207)	85.94 (85.94)
[92/93]	0.0030 (0.0084)	0.0001 (0.0056)	0.666 (1.141)	91.67 (85.26)
 * Train Acc 85.263
 * Val Acc 88.502, Total time 0.24
Epoch:2
LR: 0.001
Itr		Time		  Data		  Loss		Acc
[0/93]	0.1145 (0.1145)	0.1079 (0.1079)	0.905 (0.905)	85.16 (85.16)
[92/93]	0.0031 (0.0086)	0.0001 (0.0056)	0.770 (0.780)	95.83 (92.94)
 * Train Acc 92.941
 * Val Acc 93.797, Total time 0.25
Epoch:3
LR: 0.001
Itr		Time		  Data		  Loss		Acc
[0/93]	0.1129 (0.1129)	0.1065 (0.1065)	0.584 (0.584)	94.53 (94.53)
[92/93]	0.0031 (0.0084)	0.0001 (0.0055)	0.333 (0.628)	100.00 (95.14)
 * Train Acc 95.136
 * Val Acc 95.411, Total time 0.24
Computing MAS
validation split name: 1
 * Val Acc 41.182, Total time 0.27
validation split name: 2
 * Val Acc 55.289, Total time 0.25
validation split name: 3
 * Val Acc 11.366, Total time 0.23
validation split name: 4
 * Val Acc 66.516, Total time 0.24
validation split name: 5
 * Val Acc 95.411, Total time 0.25
OrderedDict([('1', OrderedDict([('1', 99.95271867612293), ('2', 70.49645390070921), ('3', 51.25295508274232), ('4', 78.72340425531915), ('5', 41.182033096926716)])), ('2', OrderedDict([('2', 98.67776689520079), ('3', 97.25759059745347), ('4', 91.62585700293829), ('5', 55.28893241919687)])), ('3', OrderedDict([('3', 91.35538954108858), ('4', 52.40128068303095), ('5', 11.36606189967983)])), ('4', OrderedDict([('4', 94.20946626384693), ('5', 66.51560926485398)])), ('5', OrderedDict([('5', 95.41099344427634)]))])
Task 1 average acc: 99.95271867612293
Task 2 average acc: 84.587110397955
Task 3 average acc: 79.95531174042812
Task 4 average acc: 79.24000205128384
Task 5 average acc: 53.952726024986745
===Summary of experiment repeats: 5 / 5 ===
The regularization coefficient: 10000.0
The last avg acc of all repeats: [67.62299529 52.47217943 67.92939308 67.94494599 53.95272602]
mean: 61.98444796405478 std: 7.178508690672963
reg_coef: 10000.0 mean: 61.98444796405478 std: 7.178508690672963
Total Time for the script is 150.58058214187622 seconds
