split_boundaries: [0, 2, 4, 6, 8, 10]
{'1': [0, 1], '2': [2, 3], '3': [4, 5], '4': [6, 7], '5': [8, 9]}
MLP(
  (linear): Sequential(
    (0): Linear(in_features=1024, out_features=400, bias=True)
    (1): ReLU(inplace=True)
    (2): Linear(in_features=400, out_features=400, bias=True)
    (3): ReLU(inplace=True)
  )
  (last): ModuleDict(
    (All): Linear(in_features=400, out_features=2, bias=True)
  )
)
#parameter of model: 571202
Task order: ['1', '2', '3', '4', '5']
====================== 1 =======================
Epoch:0
LR: 0.001
Itr		Time		  Data		  Loss		Acc
[0/99]	0.5235 (0.5235)	0.0919 (0.0919)	0.685 (0.685)	59.38 (59.38)
[98/99]	0.0019 (0.0122)	0.0001 (0.0060)	0.002 (0.020)	100.00 (99.37)
 * Train Acc 99.368
 * Val Acc 99.858, Total time 0.30
Epoch:1
LR: 0.001
Itr		Time		  Data		  Loss		Acc
[0/99]	0.1135 (0.1135)	0.1086 (0.1086)	0.000 (0.000)	100.00 (100.00)
[98/99]	0.0019 (0.0086)	0.0001 (0.0064)	0.000 (0.003)	100.00 (99.89)
 * Train Acc 99.889
 * Val Acc 99.905, Total time 0.26
Epoch:2
LR: 0.001
Itr		Time		  Data		  Loss		Acc
[0/99]	0.1153 (0.1153)	0.1103 (0.1103)	0.001 (0.001)	100.00 (100.00)
[98/99]	0.0019 (0.0085)	0.0001 (0.0065)	0.009 (0.002)	99.17 (99.93)
 * Train Acc 99.929
 * Val Acc 99.953, Total time 0.25
Epoch:3
LR: 0.001
Itr		Time		  Data		  Loss		Acc
[0/99]	0.1107 (0.1107)	0.1063 (0.1063)	0.000 (0.000)	100.00 (100.00)
[98/99]	0.0018 (0.0083)	0.0001 (0.0065)	0.004 (0.003)	100.00 (99.91)
 * Train Acc 99.905
 * Val Acc 99.953, Total time 0.26
validation split name: 1
 * Val Acc 99.953, Total time 0.25
====================== 2 =======================
Epoch:0
LR: 0.001
Itr		Time		  Data		  Loss		Acc
[0/181]	0.1100 (0.1100)	0.1052 (0.1052)	2.252 (2.252)	69.53 (69.53)
[100/181]	0.0019 (0.0086)	0.0001 (0.0065)	0.063 (0.117)	99.22 (96.47)
[180/181]	0.0018 (0.0082)	0.0001 (0.0061)	0.018 (0.080)	100.00 (97.55)
 * Train Acc 97.549
 * Val Acc 98.776, Total time 0.25
Epoch:1
LR: 0.001
Itr		Time		  Data		  Loss		Acc
[0/181]	0.1088 (0.1088)	0.1040 (0.1040)	0.010 (0.010)	100.00 (100.00)
[100/181]	0.0109 (0.0086)	0.0088 (0.0066)	0.047 (0.020)	99.22 (99.32)
[180/181]	0.0020 (0.0081)	0.0001 (0.0061)	0.001 (0.019)	100.00 (99.36)
 * Train Acc 99.363
 * Val Acc 99.265, Total time 0.28
Epoch:2
LR: 0.001
Itr		Time		  Data		  Loss		Acc
[0/181]	0.1116 (0.1116)	0.1070 (0.1070)	0.007 (0.007)	100.00 (100.00)
[100/181]	0.0048 (0.0085)	0.0027 (0.0065)	0.003 (0.013)	100.00 (99.55)
[180/181]	0.0018 (0.0081)	0.0001 (0.0060)	0.074 (0.011)	97.96 (99.64)
 * Train Acc 99.636
 * Val Acc 98.874, Total time 0.26
Epoch:3
LR: 0.001
Itr		Time		  Data		  Loss		Acc
[0/181]	0.1154 (0.1154)	0.1106 (0.1106)	0.002 (0.002)	100.00 (100.00)
[100/181]	0.0027 (0.0084)	0.0009 (0.0063)	0.002 (0.007)	100.00 (99.77)
[180/181]	0.0018 (0.0081)	0.0001 (0.0061)	0.014 (0.007)	100.00 (99.79)
 * Train Acc 99.788
 * Val Acc 99.461, Total time 0.25
validation split name: 1
 * Val Acc 99.385, Total time 0.29
validation split name: 2
 * Val Acc 99.461, Total time 0.26
====================== 3 =======================
Epoch:0
LR: 0.001
Itr		Time		  Data		  Loss		Acc
[0/174]	0.1111 (0.1111)	0.1049 (0.1049)	0.422 (0.422)	91.41 (91.41)
[100/174]	0.0027 (0.0087)	0.0009 (0.0067)	0.006 (0.049)	100.00 (98.57)
[173/174]	0.0019 (0.0082)	0.0001 (0.0062)	0.013 (0.034)	100.00 (99.02)
 * Train Acc 99.016
 * Val Acc 99.680, Total time 0.24
Epoch:1
LR: 0.001
Itr		Time		  Data		  Loss		Acc
[0/174]	0.1092 (0.1092)	0.1043 (0.1043)	0.004 (0.004)	100.00 (100.00)
[100/174]	0.0030 (0.0084)	0.0009 (0.0064)	0.014 (0.009)	99.22 (99.75)
[173/174]	0.0026 (0.0080)	0.0005 (0.0060)	0.002 (0.008)	100.00 (99.77)
 * Train Acc 99.771
 * Val Acc 99.787, Total time 0.23
Epoch:2
LR: 0.001
Itr		Time		  Data		  Loss		Acc
[0/174]	0.1112 (0.1112)	0.1064 (0.1064)	0.001 (0.001)	100.00 (100.00)
[100/174]	0.0164 (0.0089)	0.0144 (0.0065)	0.000 (0.002)	100.00 (99.95)
[173/174]	0.0019 (0.0083)	0.0001 (0.0060)	0.002 (0.003)	100.00 (99.91)
 * Train Acc 99.915
 * Val Acc 99.787, Total time 0.23
Epoch:3
LR: 0.001
Itr		Time		  Data		  Loss		Acc
[0/174]	0.1125 (0.1125)	0.1069 (0.1069)	0.001 (0.001)	100.00 (100.00)
[100/174]	0.0061 (0.0086)	0.0041 (0.0064)	0.000 (0.001)	100.00 (99.97)
[173/174]	0.0131 (0.0082)	0.0110 (0.0061)	0.000 (0.001)	100.00 (99.96)
 * Train Acc 99.964
 * Val Acc 99.520, Total time 0.23
validation split name: 1
 * Val Acc 98.629, Total time 0.26
validation split name: 2
 * Val Acc 97.796, Total time 0.26
validation split name: 3
 * Val Acc 99.520, Total time 0.23
====================== 4 =======================
Epoch:0
LR: 0.001
Itr		Time		  Data		  Loss		Acc
[0/190]	0.1136 (0.1136)	0.1089 (0.1089)	2.008 (2.008)	77.34 (77.34)
[100/190]	0.0020 (0.0087)	0.0002 (0.0067)	0.002 (0.102)	100.00 (97.12)
[189/190]	0.0080 (0.0081)	0.0060 (0.0062)	0.002 (0.063)	100.00 (98.22)
 * Train Acc 98.219
 * Val Acc 99.396, Total time 0.24
Epoch:1
LR: 0.001
Itr		Time		  Data		  Loss		Acc
[0/190]	0.1139 (0.1139)	0.1090 (0.1090)	0.005 (0.005)	100.00 (100.00)
[100/190]	0.0187 (0.0088)	0.0167 (0.0067)	0.007 (0.005)	100.00 (99.85)
[189/190]	0.0018 (0.0082)	0.0001 (0.0062)	0.009 (0.006)	100.00 (99.86)
 * Train Acc 99.856
 * Val Acc 99.597, Total time 0.25
Epoch:2
LR: 0.001
Itr		Time		  Data		  Loss		Acc
[0/190]	0.1111 (0.1111)	0.1052 (0.1052)	0.002 (0.002)	100.00 (100.00)
[100/190]	0.0201 (0.0088)	0.0177 (0.0067)	0.000 (0.002)	100.00 (99.96)
[189/190]	0.0018 (0.0082)	0.0001 (0.0062)	0.001 (0.002)	100.00 (99.94)
 * Train Acc 99.938
 * Val Acc 99.396, Total time 0.24
Epoch:3
LR: 0.001
Itr		Time		  Data		  Loss		Acc
[0/190]	0.1106 (0.1106)	0.1057 (0.1057)	0.000 (0.000)	100.00 (100.00)
[100/190]	0.0178 (0.0086)	0.0157 (0.0065)	0.000 (0.001)	100.00 (99.97)
[189/190]	0.0019 (0.0081)	0.0001 (0.0061)	0.000 (0.001)	100.00 (99.98)
 * Train Acc 99.984
 * Val Acc 99.648, Total time 0.24
validation split name: 1
 * Val Acc 97.825, Total time 0.25
validation split name: 2
 * Val Acc 94.760, Total time 0.25
validation split name: 3
 * Val Acc 94.290, Total time 0.23
validation split name: 4
 * Val Acc 99.648, Total time 0.24
====================== 5 =======================
Epoch:0
LR: 0.001
Itr		Time		  Data		  Loss		Acc
[0/179]	0.1098 (0.1098)	0.1049 (0.1049)	1.339 (1.339)	76.56 (76.56)
[100/179]	0.0026 (0.0085)	0.0008 (0.0066)	0.034 (0.134)	99.22 (95.66)
[178/179]	0.0018 (0.0081)	0.0001 (0.0062)	0.007 (0.098)	100.00 (96.83)
 * Train Acc 96.833
 * Val Acc 98.185, Total time 0.24
Epoch:1
LR: 0.001
Itr		Time		  Data		  Loss		Acc
[0/179]	0.1091 (0.1091)	0.1043 (0.1043)	0.061 (0.061)	96.88 (96.88)
[100/179]	0.0143 (0.0085)	0.0122 (0.0065)	0.014 (0.027)	99.22 (99.11)
[178/179]	0.0024 (0.0080)	0.0005 (0.0060)	0.003 (0.026)	100.00 (99.17)
 * Train Acc 99.167
 * Val Acc 98.487, Total time 0.25
Epoch:2
LR: 0.001
Itr		Time		  Data		  Loss		Acc
[0/179]	0.1113 (0.1113)	0.1064 (0.1064)	0.024 (0.024)	99.22 (99.22)
[100/179]	0.0018 (0.0084)	0.0001 (0.0067)	0.023 (0.014)	98.44 (99.56)
[178/179]	0.0018 (0.0080)	0.0001 (0.0062)	0.000 (0.012)	100.00 (99.62)
 * Train Acc 99.618
 * Val Acc 99.042, Total time 0.25
Epoch:3
LR: 0.001
Itr		Time		  Data		  Loss		Acc
[0/179]	0.1142 (0.1142)	0.1096 (0.1096)	0.001 (0.001)	100.00 (100.00)
[100/179]	0.0021 (0.0086)	0.0001 (0.0065)	0.003 (0.007)	100.00 (99.87)
[178/179]	0.0018 (0.0081)	0.0001 (0.0061)	0.037 (0.007)	100.00 (99.86)
 * Train Acc 99.864
 * Val Acc 98.991, Total time 0.24
validation split name: 1
 * Val Acc 93.144, Total time 0.26
validation split name: 2
 * Val Acc 93.536, Total time 0.25
validation split name: 3
 * Val Acc 83.938, Total time 0.27
validation split name: 4
 * Val Acc 98.338, Total time 0.24
validation split name: 5
 * Val Acc 98.991, Total time 0.24
OrderedDict([('1', OrderedDict([('1', 99.95271867612293), ('2', 99.38534278959811), ('3', 98.62884160756501), ('4', 97.82505910165484), ('5', 93.14420803782505)])), ('2', OrderedDict([('2', 99.4613124387855), ('3', 97.79627815866797), ('4', 94.76003917727718), ('5', 93.53574926542605)])), ('3', OrderedDict([('3', 99.51974386339381), ('4', 94.29028815368197), ('5', 83.93810032017076)])), ('4', OrderedDict([('4', 99.64753272910373), ('5', 98.33836858006042)])), ('5', OrderedDict([('5', 98.99142713061019)]))])
Task 1 average acc: 99.95271867612293
Task 2 average acc: 99.4233276141918
Task 3 average acc: 98.64828787654226
Task 4 average acc: 96.63072979042943
Task 5 average acc: 93.5895706668185
===Summary of experiment repeats: 1 / 5 ===
The regularization coefficient: 0.0
The last avg acc of all repeats: [93.58957067  0.          0.          0.          0.        ]
mean: 18.7179141333637 std: 37.43582826672739
split_boundaries: [0, 2, 4, 6, 8, 10]
{'1': [0, 1], '2': [2, 3], '3': [4, 5], '4': [6, 7], '5': [8, 9]}
MLP(
  (linear): Sequential(
    (0): Linear(in_features=1024, out_features=400, bias=True)
    (1): ReLU(inplace=True)
    (2): Linear(in_features=400, out_features=400, bias=True)
    (3): ReLU(inplace=True)
  )
  (last): ModuleDict(
    (All): Linear(in_features=400, out_features=2, bias=True)
  )
)
#parameter of model: 571202
Task order: ['1', '2', '3', '4', '5']
====================== 1 =======================
Epoch:0
LR: 0.001
Itr		Time		  Data		  Loss		Acc
[0/99]	0.1121 (0.1121)	0.1049 (0.1049)	0.684 (0.684)	45.31 (45.31)
[98/99]	0.0019 (0.0082)	0.0001 (0.0062)	0.086 (0.026)	99.17 (99.10)
 * Train Acc 99.100
 * Val Acc 99.905, Total time 0.25
Epoch:1
LR: 0.001
Itr		Time		  Data		  Loss		Acc
[0/99]	0.1146 (0.1146)	0.1086 (0.1086)	0.002 (0.002)	100.00 (100.00)
[98/99]	0.0019 (0.0084)	0.0001 (0.0063)	0.000 (0.002)	100.00 (99.94)
 * Train Acc 99.937
 * Val Acc 99.905, Total time 0.25
Epoch:2
LR: 0.001
Itr		Time		  Data		  Loss		Acc
[0/99]	0.1091 (0.1091)	0.1041 (0.1041)	0.002 (0.002)	100.00 (100.00)
[98/99]	0.0019 (0.0085)	0.0001 (0.0066)	0.001 (0.002)	100.00 (99.92)
 * Train Acc 99.921
 * Val Acc 99.953, Total time 0.25
Epoch:3
LR: 0.001
Itr		Time		  Data		  Loss		Acc
[0/99]	0.1100 (0.1100)	0.1046 (0.1046)	0.001 (0.001)	100.00 (100.00)
[98/99]	0.0019 (0.0082)	0.0001 (0.0061)	0.001 (0.002)	100.00 (99.98)
 * Train Acc 99.976
 * Val Acc 99.764, Total time 0.25
validation split name: 1
 * Val Acc 99.764, Total time 0.25
====================== 2 =======================
Epoch:0
LR: 0.001
Itr		Time		  Data		  Loss		Acc
[0/181]	0.1153 (0.1153)	0.1097 (0.1097)	1.895 (1.895)	66.41 (66.41)
[100/181]	0.0020 (0.0087)	0.0001 (0.0066)	0.007 (0.113)	100.00 (96.36)
[180/181]	0.0052 (0.0081)	0.0033 (0.0061)	0.005 (0.080)	100.00 (97.41)
 * Train Acc 97.414
 * Val Acc 98.433, Total time 0.26
Epoch:1
LR: 0.001
Itr		Time		  Data		  Loss		Acc
[0/181]	0.1157 (0.1157)	0.1102 (0.1102)	0.056 (0.056)	97.66 (97.66)
[100/181]	0.0020 (0.0087)	0.0001 (0.0066)	0.027 (0.019)	98.44 (99.27)
[180/181]	0.0047 (0.0082)	0.0029 (0.0062)	0.002 (0.019)	100.00 (99.32)
 * Train Acc 99.324
 * Val Acc 99.265, Total time 0.26
Epoch:2
LR: 0.001
Itr		Time		  Data		  Loss		Acc
[0/181]	0.1109 (0.1109)	0.1058 (0.1058)	0.010 (0.010)	99.22 (99.22)
[100/181]	0.0019 (0.0085)	0.0001 (0.0067)	0.013 (0.011)	99.22 (99.55)
[180/181]	0.0048 (0.0081)	0.0029 (0.0062)	0.013 (0.012)	100.00 (99.54)
 * Train Acc 99.537
 * Val Acc 99.070, Total time 0.25
Epoch:3
LR: 0.001
Itr		Time		  Data		  Loss		Acc
[0/181]	0.1105 (0.1105)	0.1054 (0.1054)	0.005 (0.005)	100.00 (100.00)
[100/181]	0.0155 (0.0086)	0.0133 (0.0065)	0.001 (0.007)	100.00 (99.82)
[180/181]	0.0018 (0.0081)	0.0001 (0.0060)	0.002 (0.006)	100.00 (99.83)
 * Train Acc 99.831
 * Val Acc 99.021, Total time 0.26
validation split name: 1
 * Val Acc 99.385, Total time 0.27
validation split name: 2
 * Val Acc 99.021, Total time 0.25
====================== 3 =======================
Epoch:0
LR: 0.001
Itr		Time		  Data		  Loss		Acc
[0/174]	0.1096 (0.1096)	0.1046 (0.1046)	0.883 (0.883)	85.16 (85.16)
[100/174]	0.0019 (0.0084)	0.0001 (0.0064)	0.005 (0.063)	100.00 (98.15)
[173/174]	0.0021 (0.0080)	0.0001 (0.0060)	0.004 (0.042)	100.00 (98.79)
 * Train Acc 98.787
 * Val Acc 99.840, Total time 0.23
Epoch:1
LR: 0.001
Itr		Time		  Data		  Loss		Acc
[0/174]	0.1089 (0.1089)	0.1032 (0.1032)	0.008 (0.008)	100.00 (100.00)
[100/174]	0.0029 (0.0085)	0.0009 (0.0064)	0.002 (0.005)	100.00 (99.80)
[173/174]	0.0170 (0.0082)	0.0152 (0.0061)	0.008 (0.005)	99.16 (99.83)
 * Train Acc 99.834
 * Val Acc 99.680, Total time 0.23
Epoch:2
LR: 0.001
Itr		Time		  Data		  Loss		Acc
[0/174]	0.1097 (0.1097)	0.1031 (0.1031)	0.001 (0.001)	100.00 (100.00)
[100/174]	0.0187 (0.0089)	0.0166 (0.0067)	0.000 (0.002)	100.00 (99.92)
[173/174]	0.0019 (0.0083)	0.0001 (0.0062)	0.002 (0.003)	100.00 (99.90)
 * Train Acc 99.897
 * Val Acc 99.733, Total time 0.24
Epoch:3
LR: 0.001
Itr		Time		  Data		  Loss		Acc
[0/174]	0.1109 (0.1109)	0.1058 (0.1058)	0.003 (0.003)	100.00 (100.00)
[100/174]	0.0019 (0.0087)	0.0001 (0.0067)	0.000 (0.001)	100.00 (99.97)
[173/174]	0.0018 (0.0082)	0.0001 (0.0063)	0.000 (0.001)	100.00 (99.98)
 * Train Acc 99.982
 * Val Acc 99.787, Total time 0.24
validation split name: 1
 * Val Acc 98.487, Total time 0.29
validation split name: 2
 * Val Acc 97.992, Total time 0.26
validation split name: 3
 * Val Acc 99.787, Total time 0.23
====================== 4 =======================
Epoch:0
LR: 0.001
Itr		Time		  Data		  Loss		Acc
[0/190]	0.1100 (0.1100)	0.1047 (0.1047)	2.149 (2.149)	65.62 (65.62)
[100/190]	0.0192 (0.0087)	0.0174 (0.0067)	0.022 (0.098)	99.22 (97.16)
[189/190]	0.0018 (0.0082)	0.0001 (0.0063)	0.005 (0.059)	100.00 (98.31)
 * Train Acc 98.306
 * Val Acc 99.295, Total time 0.25
Epoch:1
LR: 0.001
Itr		Time		  Data		  Loss		Acc
[0/190]	0.1142 (0.1142)	0.1090 (0.1090)	0.005 (0.005)	100.00 (100.00)
[100/190]	0.0188 (0.0087)	0.0166 (0.0067)	0.001 (0.008)	100.00 (99.77)
[189/190]	0.0020 (0.0081)	0.0001 (0.0061)	0.001 (0.006)	100.00 (99.82)
 * Train Acc 99.823
 * Val Acc 99.597, Total time 0.25
Epoch:2
LR: 0.001
Itr		Time		  Data		  Loss		Acc
[0/190]	0.1121 (0.1121)	0.1070 (0.1070)	0.000 (0.000)	100.00 (100.00)
[100/190]	0.0046 (0.0084)	0.0025 (0.0064)	0.000 (0.003)	100.00 (99.95)
[189/190]	0.0026 (0.0080)	0.0005 (0.0059)	0.006 (0.002)	100.00 (99.96)
 * Train Acc 99.963
 * Val Acc 99.748, Total time 0.24
Epoch:3
LR: 0.001
Itr		Time		  Data		  Loss		Acc
[0/190]	0.1190 (0.1190)	0.1135 (0.1135)	0.000 (0.000)	100.00 (100.00)
[100/190]	0.0068 (0.0088)	0.0046 (0.0066)	0.000 (0.000)	100.00 (100.00)
[189/190]	0.0073 (0.0082)	0.0053 (0.0061)	0.000 (0.001)	100.00 (99.99)
 * Train Acc 99.988
 * Val Acc 99.799, Total time 0.24
validation split name: 1
 * Val Acc 98.676, Total time 0.25
validation split name: 2
 * Val Acc 93.683, Total time 0.29
validation split name: 3
 * Val Acc 96.051, Total time 0.24
validation split name: 4
 * Val Acc 99.799, Total time 0.24
====================== 5 =======================
Epoch:0
LR: 0.001
Itr		Time		  Data		  Loss		Acc
[0/179]	0.1105 (0.1105)	0.1038 (0.1038)	1.654 (1.654)	79.69 (79.69)
[100/179]	0.0032 (0.0088)	0.0009 (0.0065)	0.017 (0.135)	99.22 (96.12)
[178/179]	0.0022 (0.0082)	0.0001 (0.0060)	0.001 (0.096)	100.00 (97.18)
 * Train Acc 97.180
 * Val Acc 98.084, Total time 0.26
Epoch:1
LR: 0.001
Itr		Time		  Data		  Loss		Acc
[0/179]	0.1082 (0.1082)	0.1032 (0.1032)	0.032 (0.032)	97.66 (97.66)
[100/179]	0.0192 (0.0086)	0.0171 (0.0066)	0.040 (0.027)	99.22 (99.09)
[178/179]	0.0022 (0.0081)	0.0005 (0.0062)	0.000 (0.025)	100.00 (99.21)
 * Train Acc 99.206
 * Val Acc 98.739, Total time 0.23
Epoch:2
LR: 0.001
Itr		Time		  Data		  Loss		Acc
[0/179]	0.1113 (0.1113)	0.1061 (0.1061)	0.005 (0.005)	100.00 (100.00)
[100/179]	0.0036 (0.0086)	0.0016 (0.0065)	0.005 (0.012)	100.00 (99.75)
[178/179]	0.0022 (0.0081)	0.0005 (0.0061)	0.014 (0.011)	100.00 (99.75)
 * Train Acc 99.754
 * Val Acc 98.840, Total time 0.24
Epoch:3
LR: 0.001
Itr		Time		  Data		  Loss		Acc
[0/179]	0.1044 (0.1044)	0.0992 (0.0992)	0.000 (0.000)	100.00 (100.00)
[100/179]	0.0022 (0.0084)	0.0001 (0.0064)	0.004 (0.006)	100.00 (99.84)
[178/179]	0.0021 (0.0080)	0.0004 (0.0060)	0.001 (0.008)	100.00 (99.79)
 * Train Acc 99.785
 * Val Acc 98.790, Total time 0.24
validation split name: 1
 * Val Acc 92.719, Total time 0.26
validation split name: 2
 * Val Acc 94.907, Total time 0.26
validation split name: 3
 * Val Acc 88.527, Total time 0.23
validation split name: 4
 * Val Acc 97.633, Total time 0.24
validation split name: 5
 * Val Acc 98.790, Total time 0.24
OrderedDict([('1', OrderedDict([('1', 99.76359338061465), ('2', 99.38534278959811), ('3', 98.4869976359338), ('4', 98.67612293144208), ('5', 92.71867612293144)])), ('2', OrderedDict([('2', 99.0205680705191), ('3', 97.99216454456415), ('4', 93.68266405484819), ('5', 94.90695396669932)])), ('3', OrderedDict([('3', 99.78655282817503), ('4', 96.05122732123799), ('5', 88.52721451440769)])), ('4', OrderedDict([('4', 99.79859013091641), ('5', 97.63343403826788)])), ('5', OrderedDict([('5', 98.78971255673223)]))])
Task 1 average acc: 99.76359338061465
Task 2 average acc: 99.20295543005861
Task 3 average acc: 98.75523833622434
Task 4 average acc: 97.05215110961117
Task 5 average acc: 94.51519823980772
===Summary of experiment repeats: 2 / 5 ===
The regularization coefficient: 0.0
The last avg acc of all repeats: [93.58957067 94.51519824  0.          0.          0.        ]
mean: 37.62095378132524 std: 46.076999943196206
split_boundaries: [0, 2, 4, 6, 8, 10]
{'1': [0, 1], '2': [2, 3], '3': [4, 5], '4': [6, 7], '5': [8, 9]}
MLP(
  (linear): Sequential(
    (0): Linear(in_features=1024, out_features=400, bias=True)
    (1): ReLU(inplace=True)
    (2): Linear(in_features=400, out_features=400, bias=True)
    (3): ReLU(inplace=True)
  )
  (last): ModuleDict(
    (All): Linear(in_features=400, out_features=2, bias=True)
  )
)
#parameter of model: 571202
Task order: ['1', '2', '3', '4', '5']
====================== 1 =======================
Epoch:0
LR: 0.001
Itr		Time		  Data		  Loss		Acc
[0/99]	0.1091 (0.1091)	0.1039 (0.1039)	0.676 (0.676)	50.00 (50.00)
[98/99]	0.0019 (0.0082)	0.0001 (0.0061)	0.001 (0.024)	100.00 (99.21)
 * Train Acc 99.210
 * Val Acc 99.905, Total time 0.25
Epoch:1
LR: 0.001
Itr		Time		  Data		  Loss		Acc
[0/99]	0.1086 (0.1086)	0.1029 (0.1029)	0.002 (0.002)	100.00 (100.00)
[98/99]	0.0048 (0.0084)	0.0028 (0.0062)	0.000 (0.004)	100.00 (99.88)
 * Train Acc 99.882
 * Val Acc 99.953, Total time 0.25
Epoch:2
LR: 0.001
Itr		Time		  Data		  Loss		Acc
[0/99]	0.1098 (0.1098)	0.1045 (0.1045)	0.000 (0.000)	100.00 (100.00)
[98/99]	0.0021 (0.0083)	0.0001 (0.0063)	0.000 (0.001)	100.00 (99.94)
 * Train Acc 99.937
 * Val Acc 99.905, Total time 0.28
Epoch:3
LR: 0.001
Itr		Time		  Data		  Loss		Acc
[0/99]	0.1075 (0.1075)	0.1027 (0.1027)	0.000 (0.000)	100.00 (100.00)
[98/99]	0.0020 (0.0083)	0.0001 (0.0062)	0.000 (0.002)	100.00 (99.93)
 * Train Acc 99.929
 * Val Acc 99.953, Total time 0.26
validation split name: 1
 * Val Acc 99.953, Total time 0.26
====================== 2 =======================
Epoch:0
LR: 0.001
Itr		Time		  Data		  Loss		Acc
[0/181]	0.1120 (0.1120)	0.1078 (0.1078)	2.549 (2.549)	65.62 (65.62)
[100/181]	0.0176 (0.0088)	0.0159 (0.0068)	0.069 (0.119)	97.66 (96.48)
[180/181]	0.0017 (0.0081)	0.0001 (0.0063)	0.006 (0.081)	100.00 (97.55)
 * Train Acc 97.549
 * Val Acc 98.041, Total time 0.25
Epoch:1
LR: 0.001
Itr		Time		  Data		  Loss		Acc
[0/181]	0.1052 (0.1052)	0.1004 (0.1004)	0.095 (0.095)	97.66 (97.66)
[100/181]	0.0021 (0.0084)	0.0001 (0.0064)	0.045 (0.022)	99.22 (99.27)
[180/181]	0.0045 (0.0079)	0.0025 (0.0059)	0.009 (0.019)	100.00 (99.38)
 * Train Acc 99.376
 * Val Acc 99.167, Total time 0.26
Epoch:2
LR: 0.001
Itr		Time		  Data		  Loss		Acc
[0/181]	0.1099 (0.1099)	0.1050 (0.1050)	0.002 (0.002)	100.00 (100.00)
[100/181]	0.0019 (0.0086)	0.0001 (0.0066)	0.021 (0.007)	98.44 (99.78)
[180/181]	0.0045 (0.0080)	0.0025 (0.0060)	0.059 (0.010)	97.96 (99.69)
 * Train Acc 99.692
 * Val Acc 98.776, Total time 0.25
Epoch:3
LR: 0.001
Itr		Time		  Data		  Loss		Acc
[0/181]	0.1111 (0.1111)	0.1060 (0.1060)	0.002 (0.002)	100.00 (100.00)
[100/181]	0.0038 (0.0085)	0.0017 (0.0065)	0.001 (0.007)	100.00 (99.79)
[180/181]	0.0031 (0.0080)	0.0012 (0.0061)	0.040 (0.007)	97.96 (99.77)
 * Train Acc 99.766
 * Val Acc 99.412, Total time 0.27
validation split name: 1
 * Val Acc 99.385, Total time 0.26
validation split name: 2
 * Val Acc 99.412, Total time 0.25
====================== 3 =======================
Epoch:0
LR: 0.001
Itr		Time		  Data		  Loss		Acc
[0/174]	0.1088 (0.1088)	0.1036 (0.1036)	0.727 (0.727)	85.94 (85.94)
[100/174]	0.0022 (0.0085)	0.0004 (0.0064)	0.008 (0.059)	99.22 (98.11)
[173/174]	0.0019 (0.0080)	0.0001 (0.0060)	0.038 (0.041)	99.16 (98.71)
 * Train Acc 98.706
 * Val Acc 99.626, Total time 0.24
Epoch:1
LR: 0.001
Itr		Time		  Data		  Loss		Acc
[0/174]	0.1131 (0.1131)	0.1081 (0.1081)	0.001 (0.001)	100.00 (100.00)
[100/174]	0.0173 (0.0086)	0.0152 (0.0066)	0.001 (0.007)	100.00 (99.74)
[173/174]	0.0021 (0.0081)	0.0001 (0.0061)	0.000 (0.007)	100.00 (99.77)
 * Train Acc 99.771
 * Val Acc 99.680, Total time 0.23
Epoch:2
LR: 0.001
Itr		Time		  Data		  Loss		Acc
[0/174]	0.1150 (0.1150)	0.1095 (0.1095)	0.001 (0.001)	100.00 (100.00)
[100/174]	0.0035 (0.0085)	0.0013 (0.0064)	0.003 (0.003)	100.00 (99.92)
[173/174]	0.0131 (0.0081)	0.0110 (0.0060)	0.008 (0.002)	99.16 (99.95)
 * Train Acc 99.946
 * Val Acc 99.787, Total time 0.23
Epoch:3
LR: 0.001
Itr		Time		  Data		  Loss		Acc
[0/174]	0.1141 (0.1141)	0.1091 (0.1091)	0.000 (0.000)	100.00 (100.00)
[100/174]	0.0029 (0.0084)	0.0008 (0.0063)	0.000 (0.001)	100.00 (99.98)
[173/174]	0.0019 (0.0080)	0.0001 (0.0059)	0.000 (0.000)	100.00 (99.99)
 * Train Acc 99.991
 * Val Acc 99.840, Total time 0.23
validation split name: 1
 * Val Acc 98.203, Total time 0.26
validation split name: 2
 * Val Acc 97.943, Total time 0.25
validation split name: 3
 * Val Acc 99.840, Total time 0.23
====================== 4 =======================
Epoch:0
LR: 0.001
Itr		Time		  Data		  Loss		Acc
[0/190]	0.1087 (0.1087)	0.1039 (0.1039)	2.582 (2.582)	69.53 (69.53)
[100/190]	0.0043 (0.0085)	0.0019 (0.0064)	0.031 (0.106)	98.44 (97.11)
[189/190]	0.0020 (0.0082)	0.0001 (0.0061)	0.002 (0.067)	100.00 (98.15)
 * Train Acc 98.153
 * Val Acc 98.842, Total time 0.24
Epoch:1
LR: 0.001
Itr		Time		  Data		  Loss		Acc
[0/190]	0.1123 (0.1123)	0.1073 (0.1073)	0.013 (0.013)	100.00 (100.00)
[100/190]	0.0021 (0.0085)	0.0002 (0.0065)	0.002 (0.011)	100.00 (99.74)
[189/190]	0.0078 (0.0080)	0.0058 (0.0061)	0.007 (0.009)	100.00 (99.78)
 * Train Acc 99.782
 * Val Acc 99.245, Total time 0.24
Epoch:2
LR: 0.001
Itr		Time		  Data		  Loss		Acc
[0/190]	0.1161 (0.1161)	0.1106 (0.1106)	0.001 (0.001)	100.00 (100.00)
[100/190]	0.0053 (0.0085)	0.0033 (0.0063)	0.001 (0.004)	100.00 (99.86)
[189/190]	0.0021 (0.0080)	0.0001 (0.0059)	0.001 (0.003)	100.00 (99.89)
 * Train Acc 99.893
 * Val Acc 99.345, Total time 0.25
Epoch:3
LR: 0.001
Itr		Time		  Data		  Loss		Acc
[0/190]	0.1122 (0.1122)	0.1072 (0.1072)	0.003 (0.003)	100.00 (100.00)
[100/190]	0.0030 (0.0085)	0.0009 (0.0064)	0.000 (0.000)	100.00 (100.00)
[189/190]	0.0071 (0.0080)	0.0051 (0.0059)	0.001 (0.001)	100.00 (99.98)
 * Train Acc 99.984
 * Val Acc 99.496, Total time 0.25
validation split name: 1
 * Val Acc 97.872, Total time 0.25
validation split name: 2
 * Val Acc 94.074, Total time 0.25
validation split name: 3
 * Val Acc 95.731, Total time 0.23
validation split name: 4
 * Val Acc 99.496, Total time 0.24
====================== 5 =======================
Epoch:0
LR: 0.001
Itr		Time		  Data		  Loss		Acc
[0/179]	0.1114 (0.1114)	0.1059 (0.1059)	0.526 (0.526)	89.06 (89.06)
[100/179]	0.0107 (0.0086)	0.0086 (0.0064)	0.022 (0.168)	100.00 (95.28)
[178/179]	0.0025 (0.0081)	0.0005 (0.0060)	0.091 (0.114)	93.75 (96.67)
 * Train Acc 96.667
 * Val Acc 98.689, Total time 0.24
Epoch:1
LR: 0.001
Itr		Time		  Data		  Loss		Acc
[0/179]	0.1122 (0.1122)	0.1071 (0.1071)	0.020 (0.020)	100.00 (100.00)
[100/179]	0.0116 (0.0085)	0.0094 (0.0064)	0.014 (0.026)	99.22 (99.23)
[178/179]	0.0025 (0.0080)	0.0005 (0.0059)	0.001 (0.023)	100.00 (99.32)
 * Train Acc 99.325
 * Val Acc 98.638, Total time 0.25
Epoch:2
LR: 0.001
Itr		Time		  Data		  Loss		Acc
[0/179]	0.1151 (0.1151)	0.1094 (0.1094)	0.043 (0.043)	96.88 (96.88)
[100/179]	0.0090 (0.0085)	0.0069 (0.0064)	0.004 (0.014)	100.00 (99.58)
[178/179]	0.0020 (0.0081)	0.0001 (0.0060)	0.001 (0.013)	100.00 (99.64)
 * Train Acc 99.640
 * Val Acc 98.941, Total time 0.25
Epoch:3
LR: 0.001
Itr		Time		  Data		  Loss		Acc
[0/179]	0.1097 (0.1097)	0.1047 (0.1047)	0.001 (0.001)	100.00 (100.00)
[100/179]	0.0020 (0.0085)	0.0002 (0.0064)	0.037 (0.007)	98.44 (99.85)
[178/179]	0.0018 (0.0081)	0.0001 (0.0060)	0.056 (0.007)	93.75 (99.82)
 * Train Acc 99.816
 * Val Acc 99.193, Total time 0.24
validation split name: 1
 * Val Acc 96.359, Total time 0.25
validation split name: 2
 * Val Acc 95.397, Total time 0.25
validation split name: 3
 * Val Acc 88.420, Total time 0.24
validation split name: 4
 * Val Acc 98.087, Total time 0.25
validation split name: 5
 * Val Acc 99.193, Total time 0.24
OrderedDict([('1', OrderedDict([('1', 99.95271867612293), ('2', 99.38534278959811), ('3', 98.2033096926714), ('4', 97.87234042553192), ('5', 96.35933806146572)])), ('2', OrderedDict([('2', 99.41234084231147), ('3', 97.94319294809011), ('4', 94.07443682664055), ('5', 95.39666993143976)])), ('3', OrderedDict([('3', 99.83991462113127), ('4', 95.73105656350053), ('5', 88.4204909284952)])), ('4', OrderedDict([('4', 99.49647532729104), ('5', 98.08660624370594)])), ('5', OrderedDict([('5', 99.19314170448816)]))])
Task 1 average acc: 99.95271867612293
Task 2 average acc: 99.3988418159548
Task 3 average acc: 98.6621390872976
Task 4 average acc: 96.79357728574101
Task 5 average acc: 95.49124937391896
===Summary of experiment repeats: 3 / 5 ===
The regularization coefficient: 0.0
The last avg acc of all repeats: [93.58957067 94.51519824 95.49124937  0.          0.        ]
mean: 56.71920365610904 std: 46.31494105790416
split_boundaries: [0, 2, 4, 6, 8, 10]
{'1': [0, 1], '2': [2, 3], '3': [4, 5], '4': [6, 7], '5': [8, 9]}
MLP(
  (linear): Sequential(
    (0): Linear(in_features=1024, out_features=400, bias=True)
    (1): ReLU(inplace=True)
    (2): Linear(in_features=400, out_features=400, bias=True)
    (3): ReLU(inplace=True)
  )
  (last): ModuleDict(
    (All): Linear(in_features=400, out_features=2, bias=True)
  )
)
#parameter of model: 571202
Task order: ['1', '2', '3', '4', '5']
====================== 1 =======================
Epoch:0
LR: 0.001
Itr		Time		  Data		  Loss		Acc
[0/99]	0.1106 (0.1106)	0.1043 (0.1043)	0.702 (0.702)	43.75 (43.75)
[98/99]	0.0162 (0.0085)	0.0143 (0.0066)	0.000 (0.026)	100.00 (99.16)
 * Train Acc 99.155
 * Val Acc 99.905, Total time 0.29
Epoch:1
LR: 0.001
Itr		Time		  Data		  Loss		Acc
[0/99]	0.1087 (0.1087)	0.1037 (0.1037)	0.000 (0.000)	100.00 (100.00)
[98/99]	0.0019 (0.0082)	0.0001 (0.0062)	0.000 (0.002)	100.00 (99.94)
 * Train Acc 99.945
 * Val Acc 99.953, Total time 0.26
Epoch:2
LR: 0.001
Itr		Time		  Data		  Loss		Acc
[0/99]	0.1076 (0.1076)	0.1029 (0.1029)	0.002 (0.002)	100.00 (100.00)
[98/99]	0.0019 (0.0084)	0.0001 (0.0064)	0.000 (0.002)	100.00 (99.94)
 * Train Acc 99.937
 * Val Acc 99.905, Total time 0.25
Epoch:3
LR: 0.001
Itr		Time		  Data		  Loss		Acc
[0/99]	0.1091 (0.1091)	0.1043 (0.1043)	0.044 (0.044)	98.44 (98.44)
[98/99]	0.0031 (0.0083)	0.0009 (0.0063)	0.000 (0.002)	100.00 (99.92)
 * Train Acc 99.921
 * Val Acc 99.953, Total time 0.26
validation split name: 1
 * Val Acc 99.953, Total time 0.25
====================== 2 =======================
Epoch:0
LR: 0.001
Itr		Time		  Data		  Loss		Acc
[0/181]	0.1112 (0.1112)	0.1052 (0.1052)	1.860 (1.860)	69.53 (69.53)
[100/181]	0.0019 (0.0086)	0.0001 (0.0067)	0.027 (0.113)	98.44 (96.64)
[180/181]	0.0018 (0.0083)	0.0001 (0.0064)	0.020 (0.078)	97.96 (97.63)
 * Train Acc 97.631
 * Val Acc 98.629, Total time 0.26
Epoch:1
LR: 0.001
Itr		Time		  Data		  Loss		Acc
[0/181]	0.1213 (0.1213)	0.1159 (0.1159)	0.008 (0.008)	100.00 (100.00)
[100/181]	0.0020 (0.0087)	0.0001 (0.0066)	0.048 (0.020)	99.22 (99.30)
[180/181]	0.0026 (0.0081)	0.0006 (0.0061)	0.043 (0.018)	100.00 (99.38)
 * Train Acc 99.381
 * Val Acc 99.363, Total time 0.26
Epoch:2
LR: 0.001
Itr		Time		  Data		  Loss		Acc
[0/181]	0.1094 (0.1094)	0.1041 (0.1041)	0.017 (0.017)	99.22 (99.22)
[100/181]	0.0019 (0.0086)	0.0002 (0.0066)	0.006 (0.011)	100.00 (99.58)
[180/181]	0.0043 (0.0081)	0.0023 (0.0061)	0.001 (0.010)	100.00 (99.64)
 * Train Acc 99.641
 * Val Acc 99.167, Total time 0.25
Epoch:3
LR: 0.001
Itr		Time		  Data		  Loss		Acc
[0/181]	0.1087 (0.1087)	0.1043 (0.1043)	0.001 (0.001)	100.00 (100.00)
[100/181]	0.0018 (0.0083)	0.0001 (0.0066)	0.000 (0.005)	100.00 (99.86)
[180/181]	0.0049 (0.0079)	0.0032 (0.0061)	0.004 (0.007)	100.00 (99.76)
 * Train Acc 99.757
 * Val Acc 98.629, Total time 0.25
validation split name: 1
 * Val Acc 98.440, Total time 0.25
validation split name: 2
 * Val Acc 98.629, Total time 0.25
====================== 3 =======================
Epoch:0
LR: 0.001
Itr		Time		  Data		  Loss		Acc
[0/174]	0.1095 (0.1095)	0.1044 (0.1044)	0.743 (0.743)	83.59 (83.59)
[100/174]	0.0030 (0.0085)	0.0002 (0.0064)	0.058 (0.061)	99.22 (98.17)
[173/174]	0.0021 (0.0083)	0.0001 (0.0060)	0.001 (0.043)	100.00 (98.76)
 * Train Acc 98.760
 * Val Acc 99.680, Total time 0.23
Epoch:1
LR: 0.001
Itr		Time		  Data		  Loss		Acc
[0/174]	0.1137 (0.1137)	0.1090 (0.1090)	0.001 (0.001)	100.00 (100.00)
[100/174]	0.0019 (0.0084)	0.0001 (0.0066)	0.000 (0.008)	100.00 (99.77)
[173/174]	0.0018 (0.0080)	0.0001 (0.0062)	0.001 (0.007)	100.00 (99.79)
 * Train Acc 99.793
 * Val Acc 99.733, Total time 0.23
Epoch:2
LR: 0.001
Itr		Time		  Data		  Loss		Acc
[0/174]	0.1107 (0.1107)	0.1045 (0.1045)	0.001 (0.001)	100.00 (100.00)
[100/174]	0.0029 (0.0085)	0.0009 (0.0063)	0.001 (0.003)	100.00 (99.88)
[173/174]	0.0170 (0.0081)	0.0150 (0.0060)	0.002 (0.004)	100.00 (99.89)
 * Train Acc 99.892
 * Val Acc 99.733, Total time 0.23
Epoch:3
LR: 0.001
Itr		Time		  Data		  Loss		Acc
[0/174]	0.1111 (0.1111)	0.1059 (0.1059)	0.002 (0.002)	100.00 (100.00)
[100/174]	0.0053 (0.0085)	0.0032 (0.0064)	0.000 (0.001)	100.00 (99.97)
[173/174]	0.0019 (0.0081)	0.0001 (0.0060)	0.000 (0.001)	100.00 (99.96)
 * Train Acc 99.964
 * Val Acc 99.733, Total time 0.23
validation split name: 1
 * Val Acc 98.534, Total time 0.25
validation split name: 2
 * Val Acc 98.433, Total time 0.25
validation split name: 3
 * Val Acc 99.733, Total time 0.23
====================== 4 =======================
Epoch:0
LR: 0.001
Itr		Time		  Data		  Loss		Acc
[0/190]	0.1105 (0.1105)	0.1049 (0.1049)	1.757 (1.757)	70.31 (70.31)
[100/190]	0.0022 (0.0084)	0.0001 (0.0064)	0.041 (0.092)	98.44 (97.49)
[189/190]	0.0052 (0.0079)	0.0030 (0.0059)	0.000 (0.056)	100.00 (98.45)
 * Train Acc 98.454
 * Val Acc 99.396, Total time 0.25
Epoch:1
LR: 0.001
Itr		Time		  Data		  Loss		Acc
[0/190]	0.1081 (0.1081)	0.1029 (0.1029)	0.040 (0.040)	99.22 (99.22)
[100/190]	0.0030 (0.0085)	0.0009 (0.0064)	0.022 (0.006)	99.22 (99.85)
[189/190]	0.0024 (0.0080)	0.0005 (0.0059)	0.001 (0.006)	100.00 (99.86)
 * Train Acc 99.860
 * Val Acc 99.748, Total time 0.24
Epoch:2
LR: 0.001
Itr		Time		  Data		  Loss		Acc
[0/190]	0.1096 (0.1096)	0.1045 (0.1045)	0.001 (0.001)	100.00 (100.00)
[100/190]	0.0022 (0.0085)	0.0001 (0.0064)	0.001 (0.002)	100.00 (99.98)
[189/190]	0.0030 (0.0080)	0.0009 (0.0059)	0.002 (0.004)	100.00 (99.90)
 * Train Acc 99.901
 * Val Acc 99.446, Total time 0.24
Epoch:3
LR: 0.001
Itr		Time		  Data		  Loss		Acc
[0/190]	0.1116 (0.1116)	0.1064 (0.1064)	0.000 (0.000)	100.00 (100.00)
[100/190]	0.0020 (0.0086)	0.0002 (0.0065)	0.000 (0.002)	100.00 (99.96)
[189/190]	0.0084 (0.0081)	0.0063 (0.0061)	0.019 (0.001)	98.55 (99.97)
 * Train Acc 99.967
 * Val Acc 99.698, Total time 0.27
validation split name: 1
 * Val Acc 98.298, Total time 0.26
validation split name: 2
 * Val Acc 95.886, Total time 0.26
validation split name: 3
 * Val Acc 94.290, Total time 0.24
validation split name: 4
 * Val Acc 99.698, Total time 0.25
====================== 5 =======================
Epoch:0
LR: 0.001
Itr		Time		  Data		  Loss		Acc
[0/179]	0.1087 (0.1087)	0.1036 (0.1036)	1.545 (1.545)	80.47 (80.47)
[100/179]	0.0028 (0.0084)	0.0008 (0.0063)	0.055 (0.155)	97.66 (95.20)
[178/179]	0.0017 (0.0080)	0.0001 (0.0059)	0.007 (0.111)	100.00 (96.54)
 * Train Acc 96.535
 * Val Acc 98.487, Total time 0.24
Epoch:1
LR: 0.001
Itr		Time		  Data		  Loss		Acc
[0/179]	0.1096 (0.1096)	0.1048 (0.1048)	0.015 (0.015)	100.00 (100.00)
[100/179]	0.0023 (0.0088)	0.0005 (0.0068)	0.004 (0.028)	100.00 (99.15)
[178/179]	0.0018 (0.0083)	0.0001 (0.0063)	0.001 (0.026)	100.00 (99.21)
 * Train Acc 99.211
 * Val Acc 98.689, Total time 0.24
Epoch:2
LR: 0.001
Itr		Time		  Data		  Loss		Acc
[0/179]	0.1174 (0.1174)	0.1122 (0.1122)	0.003 (0.003)	100.00 (100.00)
[100/179]	0.0020 (0.0086)	0.0001 (0.0066)	0.007 (0.013)	100.00 (99.64)
[178/179]	0.0018 (0.0082)	0.0001 (0.0061)	0.001 (0.014)	100.00 (99.61)
 * Train Acc 99.605
 * Val Acc 99.092, Total time 0.24
Epoch:3
LR: 0.001
Itr		Time		  Data		  Loss		Acc
[0/179]	0.1117 (0.1117)	0.1061 (0.1061)	0.065 (0.065)	99.22 (99.22)
[100/179]	0.0019 (0.0085)	0.0001 (0.0066)	0.004 (0.008)	100.00 (99.78)
[178/179]	0.0018 (0.0080)	0.0001 (0.0061)	0.003 (0.009)	100.00 (99.74)
 * Train Acc 99.737
 * Val Acc 99.143, Total time 0.25
validation split name: 1
 * Val Acc 96.879, Total time 0.25
validation split name: 2
 * Val Acc 94.270, Total time 0.26
validation split name: 3
 * Val Acc 85.646, Total time 0.23
validation split name: 4
 * Val Acc 97.885, Total time 0.25
validation split name: 5
 * Val Acc 99.143, Total time 0.27
OrderedDict([('1', OrderedDict([('1', 99.95271867612293), ('2', 98.43971631205673), ('3', 98.53427895981088), ('4', 98.29787234042553), ('5', 96.87943262411348)])), ('2', OrderedDict([('2', 98.62879529872674), ('3', 98.43290891283056), ('4', 95.88638589618022), ('5', 94.27032321253672)])), ('3', OrderedDict([('3', 99.73319103521878), ('4', 94.29028815368197), ('5', 85.64567769477054)])), ('4', OrderedDict([('4', 99.69788519637463), ('5', 97.88519637462235)])), ('5', OrderedDict([('5', 99.14271306101865)]))])
Task 1 average acc: 99.95271867612293
Task 2 average acc: 98.53425580539174
Task 3 average acc: 98.90012630262008
Task 4 average acc: 97.04310789666557
Task 5 average acc: 94.76466859341234
===Summary of experiment repeats: 4 / 5 ===
The regularization coefficient: 0.0
The last avg acc of all repeats: [93.58957067 94.51519824 95.49124937 94.76466859  0.        ]
mean: 75.6721373747915 std: 37.84095580762788
split_boundaries: [0, 2, 4, 6, 8, 10]
{'1': [0, 1], '2': [2, 3], '3': [4, 5], '4': [6, 7], '5': [8, 9]}
MLP(
  (linear): Sequential(
    (0): Linear(in_features=1024, out_features=400, bias=True)
    (1): ReLU(inplace=True)
    (2): Linear(in_features=400, out_features=400, bias=True)
    (3): ReLU(inplace=True)
  )
  (last): ModuleDict(
    (All): Linear(in_features=400, out_features=2, bias=True)
  )
)
#parameter of model: 571202
Task order: ['1', '2', '3', '4', '5']
====================== 1 =======================
Epoch:0
LR: 0.001
Itr		Time		  Data		  Loss		Acc
[0/99]	0.1094 (0.1094)	0.1014 (0.1014)	0.694 (0.694)	55.47 (55.47)
[98/99]	0.0019 (0.0082)	0.0001 (0.0061)	0.000 (0.024)	100.00 (99.31)
 * Train Acc 99.313
 * Val Acc 99.905, Total time 0.25
Epoch:1
LR: 0.001
Itr		Time		  Data		  Loss		Acc
[0/99]	0.1102 (0.1102)	0.1045 (0.1045)	0.000 (0.000)	100.00 (100.00)
[98/99]	0.0020 (0.0082)	0.0001 (0.0061)	0.025 (0.003)	99.17 (99.91)
 * Train Acc 99.905
 * Val Acc 99.953, Total time 0.25
Epoch:2
LR: 0.001
Itr		Time		  Data		  Loss		Acc
[0/99]	0.1091 (0.1091)	0.1038 (0.1038)	0.000 (0.000)	100.00 (100.00)
[98/99]	0.0019 (0.0083)	0.0001 (0.0063)	0.003 (0.001)	100.00 (99.95)
 * Train Acc 99.953
 * Val Acc 99.764, Total time 0.25
Epoch:3
LR: 0.001
Itr		Time		  Data		  Loss		Acc
[0/99]	0.1087 (0.1087)	0.1027 (0.1027)	0.004 (0.004)	100.00 (100.00)
[98/99]	0.0021 (0.0087)	0.0001 (0.0065)	0.057 (0.002)	99.17 (99.94)
 * Train Acc 99.937
 * Val Acc 99.953, Total time 0.25
validation split name: 1
 * Val Acc 99.953, Total time 0.25
====================== 2 =======================
Epoch:0
LR: 0.001
Itr		Time		  Data		  Loss		Acc
[0/181]	0.1138 (0.1138)	0.1082 (0.1082)	1.985 (1.985)	70.31 (70.31)
[100/181]	0.0030 (0.0085)	0.0009 (0.0065)	0.023 (0.121)	98.44 (96.53)
[180/181]	0.0020 (0.0083)	0.0001 (0.0063)	0.043 (0.083)	97.96 (97.48)
 * Train Acc 97.484
 * Val Acc 98.874, Total time 0.25
Epoch:1
LR: 0.001
Itr		Time		  Data		  Loss		Acc
[0/181]	0.1163 (0.1163)	0.1094 (0.1094)	0.057 (0.057)	98.44 (98.44)
[100/181]	0.0078 (0.0086)	0.0056 (0.0063)	0.018 (0.018)	99.22 (99.42)
[180/181]	0.0018 (0.0081)	0.0001 (0.0059)	0.013 (0.017)	100.00 (99.42)
 * Train Acc 99.424
 * Val Acc 98.531, Total time 0.26
Epoch:2
LR: 0.001
Itr		Time		  Data		  Loss		Acc
[0/181]	0.1048 (0.1048)	0.0995 (0.0995)	0.022 (0.022)	99.22 (99.22)
[100/181]	0.0019 (0.0084)	0.0002 (0.0065)	0.010 (0.012)	99.22 (99.61)
[180/181]	0.0048 (0.0079)	0.0030 (0.0061)	0.010 (0.012)	100.00 (99.64)
 * Train Acc 99.641
 * Val Acc 99.559, Total time 0.24
Epoch:3
LR: 0.001
Itr		Time		  Data		  Loss		Acc
[0/181]	0.1098 (0.1098)	0.1041 (0.1041)	0.026 (0.026)	99.22 (99.22)
[100/181]	0.0020 (0.0087)	0.0001 (0.0067)	0.002 (0.005)	100.00 (99.85)
[180/181]	0.0048 (0.0081)	0.0028 (0.0062)	0.015 (0.006)	97.96 (99.81)
 * Train Acc 99.809
 * Val Acc 99.167, Total time 0.25
validation split name: 1
 * Val Acc 99.007, Total time 0.26
validation split name: 2
 * Val Acc 99.167, Total time 0.25
====================== 3 =======================
Epoch:0
LR: 0.001
Itr		Time		  Data		  Loss		Acc
[0/174]	0.1119 (0.1119)	0.1069 (0.1069)	1.259 (1.259)	78.91 (78.91)
[100/174]	0.0145 (0.0087)	0.0127 (0.0068)	0.019 (0.069)	99.22 (98.00)
[173/174]	0.0018 (0.0082)	0.0001 (0.0063)	0.021 (0.047)	99.16 (98.67)
 * Train Acc 98.675
 * Val Acc 99.573, Total time 0.24
Epoch:1
LR: 0.001
Itr		Time		  Data		  Loss		Acc
[0/174]	0.1223 (0.1223)	0.1172 (0.1172)	0.003 (0.003)	100.00 (100.00)
[100/174]	0.0086 (0.0085)	0.0065 (0.0064)	0.001 (0.007)	100.00 (99.81)
[173/174]	0.0021 (0.0080)	0.0001 (0.0060)	0.000 (0.006)	100.00 (99.82)
 * Train Acc 99.816
 * Val Acc 99.787, Total time 0.23
Epoch:2
LR: 0.001
Itr		Time		  Data		  Loss		Acc
[0/174]	0.1113 (0.1113)	0.1051 (0.1051)	0.000 (0.000)	100.00 (100.00)
[100/174]	0.0020 (0.0087)	0.0002 (0.0065)	0.000 (0.003)	100.00 (99.92)
[173/174]	0.0022 (0.0082)	0.0001 (0.0060)	0.001 (0.003)	100.00 (99.91)
 * Train Acc 99.915
 * Val Acc 99.840, Total time 0.23
Epoch:3
LR: 0.001
Itr		Time		  Data		  Loss		Acc
[0/174]	0.1121 (0.1121)	0.1056 (0.1056)	0.000 (0.000)	100.00 (100.00)
[100/174]	0.0027 (0.0084)	0.0009 (0.0065)	0.000 (0.001)	100.00 (99.98)
[173/174]	0.0018 (0.0080)	0.0001 (0.0061)	0.000 (0.001)	100.00 (99.99)
 * Train Acc 99.987
 * Val Acc 99.893, Total time 0.23
validation split name: 1
 * Val Acc 98.440, Total time 0.25
validation split name: 2
 * Val Acc 98.384, Total time 0.25
validation split name: 3
 * Val Acc 99.893, Total time 0.24
====================== 4 =======================
Epoch:0
LR: 0.001
Itr		Time		  Data		  Loss		Acc
[0/190]	0.1118 (0.1118)	0.1063 (0.1063)	2.458 (2.458)	69.53 (69.53)
[100/190]	0.0019 (0.0085)	0.0001 (0.0066)	0.017 (0.116)	99.22 (97.27)
[189/190]	0.0083 (0.0080)	0.0066 (0.0062)	0.008 (0.071)	100.00 (98.30)
 * Train Acc 98.298
 * Val Acc 98.792, Total time 0.24
Epoch:1
LR: 0.001
Itr		Time		  Data		  Loss		Acc
[0/190]	0.1147 (0.1147)	0.1089 (0.1089)	0.043 (0.043)	98.44 (98.44)
[100/190]	0.0175 (0.0087)	0.0155 (0.0065)	0.008 (0.008)	100.00 (99.81)
[189/190]	0.0018 (0.0082)	0.0001 (0.0061)	0.004 (0.008)	100.00 (99.81)
 * Train Acc 99.810
 * Val Acc 99.698, Total time 0.24
Epoch:2
LR: 0.001
Itr		Time		  Data		  Loss		Acc
[0/190]	0.1109 (0.1109)	0.1040 (0.1040)	0.001 (0.001)	100.00 (100.00)
[100/190]	0.0176 (0.0088)	0.0155 (0.0065)	0.002 (0.004)	100.00 (99.93)
[189/190]	0.0019 (0.0083)	0.0001 (0.0061)	0.003 (0.003)	100.00 (99.93)
 * Train Acc 99.934
 * Val Acc 99.547, Total time 0.24
Epoch:3
LR: 0.001
Itr		Time		  Data		  Loss		Acc
[0/190]	0.1105 (0.1105)	0.1042 (0.1042)	0.000 (0.000)	100.00 (100.00)
[100/190]	0.0028 (0.0084)	0.0008 (0.0063)	0.000 (0.001)	100.00 (99.99)
[189/190]	0.0018 (0.0080)	0.0001 (0.0060)	0.001 (0.001)	100.00 (99.97)
 * Train Acc 99.967
 * Val Acc 99.849, Total time 0.24
validation split name: 1
 * Val Acc 97.967, Total time 0.25
validation split name: 2
 * Val Acc 95.642, Total time 0.25
validation split name: 3
 * Val Acc 95.784, Total time 0.23
validation split name: 4
 * Val Acc 99.849, Total time 0.24
====================== 5 =======================
Epoch:0
LR: 0.001
Itr		Time		  Data		  Loss		Acc
[0/179]	0.1086 (0.1086)	0.1034 (0.1034)	1.518 (1.518)	77.34 (77.34)
[100/179]	0.0019 (0.0085)	0.0002 (0.0064)	0.138 (0.146)	96.88 (95.50)
[178/179]	0.0018 (0.0080)	0.0001 (0.0060)	0.008 (0.102)	100.00 (96.85)
 * Train Acc 96.846
 * Val Acc 98.689, Total time 0.24
Epoch:1
LR: 0.001
Itr		Time		  Data		  Loss		Acc
[0/179]	0.1151 (0.1151)	0.1098 (0.1098)	0.076 (0.076)	98.44 (98.44)
[100/179]	0.0019 (0.0087)	0.0002 (0.0068)	0.012 (0.027)	100.00 (99.15)
[178/179]	0.0017 (0.0082)	0.0001 (0.0063)	0.000 (0.024)	100.00 (99.22)
 * Train Acc 99.219
 * Val Acc 99.092, Total time 0.25
Epoch:2
LR: 0.001
Itr		Time		  Data		  Loss		Acc
[0/179]	0.1102 (0.1102)	0.1050 (0.1050)	0.013 (0.013)	99.22 (99.22)
[100/179]	0.0022 (0.0085)	0.0001 (0.0065)	0.009 (0.011)	100.00 (99.73)
[178/179]	0.0018 (0.0080)	0.0001 (0.0060)	0.000 (0.012)	100.00 (99.67)
 * Train Acc 99.671
 * Val Acc 99.143, Total time 0.24
Epoch:3
LR: 0.001
Itr		Time		  Data		  Loss		Acc
[0/179]	0.1088 (0.1088)	0.1034 (0.1034)	0.007 (0.007)	100.00 (100.00)
[100/179]	0.0019 (0.0085)	0.0002 (0.0064)	0.003 (0.006)	100.00 (99.85)
[178/179]	0.0018 (0.0080)	0.0001 (0.0060)	0.003 (0.008)	100.00 (99.82)
 * Train Acc 99.825
 * Val Acc 99.244, Total time 0.24
validation split name: 1
 * Val Acc 95.697, Total time 0.26
validation split name: 2
 * Val Acc 95.739, Total time 0.30
validation split name: 3
 * Val Acc 90.555, Total time 0.23
validation split name: 4
 * Val Acc 98.389, Total time 0.25
validation split name: 5
 * Val Acc 99.244, Total time 0.25
OrderedDict([('1', OrderedDict([('1', 99.95271867612293), ('2', 99.00709219858156), ('3', 98.43971631205673), ('4', 97.96690307328605), ('5', 95.69739952718676)])), ('2', OrderedDict([('2', 99.16748285994123), ('3', 98.38393731635651), ('4', 95.64152791381), ('5', 95.73947110675807)])), ('3', OrderedDict([('3', 99.89327641408751), ('4', 95.78441835645678), ('5', 90.55496264674493)])), ('4', OrderedDict([('4', 99.8489425981873), ('5', 98.38872104733132)])), ('5', OrderedDict([('5', 99.24357034795764)]))])
Task 1 average acc: 99.95271867612293
Task 2 average acc: 99.0872875292614
Task 3 average acc: 98.90564334750024
Task 4 average acc: 97.31044798543503
Task 5 average acc: 95.92482493519574
===Summary of experiment repeats: 5 / 5 ===
The regularization coefficient: 0.0
The last avg acc of all repeats: [93.58957067 94.51519824 95.49124937 94.76466859 95.92482494]
mean: 94.85710236183066 std: 0.8092283923188263
reg_coef: 0.0 mean: 94.85710236183066 std: 0.8092283923188263
Total Time for the script is 183.024316072464 seconds
