split_boundaries: [0, 2, 4, 6, 8, 10]
{'1': [0, 1], '2': [2, 3], '3': [4, 5], '4': [6, 7], '5': [8, 9]}
MLP(
  (linear): Sequential(
    (0): Linear(in_features=1024, out_features=400, bias=True)
    (1): ReLU(inplace=True)
    (2): Linear(in_features=400, out_features=400, bias=True)
    (3): ReLU(inplace=True)
  )
  (last): ModuleDict(
    (All): Linear(in_features=400, out_features=2, bias=True)
  )
)
#parameter of model: 571202
Task order: ['1', '2', '3', '4', '5']
====================== 1 =======================
Epoch:0
LR: 0.001
Itr		Time		  Data		  Loss		Acc
[0/99]	0.5198 (0.5198)	0.0893 (0.0893)	0.667 (0.667)	69.53 (69.53)
[98/99]	0.0023 (0.0122)	0.0005 (0.0061)	0.000 (0.023)	100.00 (99.46)
 * Train Acc 99.455
 * Val Acc 99.905, Total time 0.29
Epoch:1
LR: 0.001
Itr		Time		  Data		  Loss		Acc
[0/99]	0.1117 (0.1117)	0.1066 (0.1066)	0.013 (0.013)	99.22 (99.22)
[98/99]	0.0021 (0.0086)	0.0001 (0.0066)	0.000 (0.004)	100.00 (99.88)
 * Train Acc 99.882
 * Val Acc 99.905, Total time 0.26
Epoch:2
LR: 0.001
Itr		Time		  Data		  Loss		Acc
[0/99]	0.1099 (0.1099)	0.1053 (0.1053)	0.000 (0.000)	100.00 (100.00)
[98/99]	0.0022 (0.0084)	0.0001 (0.0064)	0.000 (0.002)	100.00 (99.94)
 * Train Acc 99.945
 * Val Acc 99.905, Total time 0.25
Epoch:3
LR: 0.001
Itr		Time		  Data		  Loss		Acc
[0/99]	0.1174 (0.1174)	0.1133 (0.1133)	0.000 (0.000)	100.00 (100.00)
[98/99]	0.0018 (0.0083)	0.0001 (0.0065)	0.000 (0.002)	100.00 (99.91)
 * Train Acc 99.905
 * Val Acc 99.953, Total time 0.25
validation split name: 1
 * Val Acc 99.953, Total time 0.25
====================== 2 =======================
Epoch:0
LR: 0.001
Itr		Time		  Data		  Loss		Acc
[0/164]	0.1123 (0.1123)	0.1076 (0.1076)	1.728 (1.728)	71.09 (71.09)
[100/164]	0.0020 (0.0085)	0.0001 (0.0065)	0.015 (0.116)	100.00 (96.39)
[163/164]	0.0018 (0.0081)	0.0001 (0.0062)	0.003 (0.086)	100.00 (97.29)
 * Train Acc 97.290
 * Val Acc 98.825, Total time 0.25
Epoch:1
LR: 0.001
Itr		Time		  Data		  Loss		Acc
[0/164]	0.1128 (0.1128)	0.1082 (0.1082)	0.009 (0.009)	100.00 (100.00)
[100/164]	0.0170 (0.0087)	0.0149 (0.0066)	0.015 (0.026)	99.22 (99.12)
[163/164]	0.0019 (0.0081)	0.0001 (0.0061)	0.002 (0.023)	100.00 (99.19)
 * Train Acc 99.186
 * Val Acc 98.972, Total time 0.25
Epoch:2
LR: 0.001
Itr		Time		  Data		  Loss		Acc
[0/164]	0.1079 (0.1079)	0.1035 (0.1035)	0.004 (0.004)	100.00 (100.00)
[100/164]	0.0063 (0.0085)	0.0042 (0.0064)	0.004 (0.013)	100.00 (99.56)
[163/164]	0.0021 (0.0081)	0.0001 (0.0060)	0.000 (0.015)	100.00 (99.48)
 * Train Acc 99.478
 * Val Acc 99.412, Total time 0.25
Epoch:3
LR: 0.001
Itr		Time		  Data		  Loss		Acc
[0/164]	0.1110 (0.1110)	0.1061 (0.1061)	0.000 (0.000)	100.00 (100.00)
[100/164]	0.0020 (0.0084)	0.0002 (0.0064)	0.004 (0.008)	100.00 (99.74)
[163/164]	0.0020 (0.0081)	0.0001 (0.0060)	0.000 (0.007)	100.00 (99.76)
 * Train Acc 99.761
 * Val Acc 99.412, Total time 0.25
validation split name: 1
 * Val Acc 99.716, Total time 0.25
validation split name: 2
 * Val Acc 99.412, Total time 0.25
====================== 3 =======================
Epoch:0
LR: 0.001
Itr		Time		  Data		  Loss		Acc
[0/157]	0.1092 (0.1092)	0.1043 (0.1043)	0.966 (0.966)	82.81 (82.81)
[100/157]	0.0026 (0.0085)	0.0008 (0.0066)	0.019 (0.070)	99.22 (97.95)
[156/157]	0.0091 (0.0082)	0.0073 (0.0063)	0.004 (0.054)	100.00 (98.37)
 * Train Acc 98.370
 * Val Acc 99.626, Total time 0.23
Epoch:1
LR: 0.001
Itr		Time		  Data		  Loss		Acc
[0/157]	0.1079 (0.1079)	0.1026 (0.1026)	0.017 (0.017)	98.44 (98.44)
[100/157]	0.0020 (0.0087)	0.0001 (0.0065)	0.004 (0.014)	100.00 (99.56)
[156/157]	0.0128 (0.0083)	0.0107 (0.0061)	0.001 (0.013)	100.00 (99.58)
 * Train Acc 99.576
 * Val Acc 99.573, Total time 0.23
Epoch:2
LR: 0.001
Itr		Time		  Data		  Loss		Acc
[0/157]	0.1073 (0.1073)	0.1027 (0.1027)	0.017 (0.017)	99.22 (99.22)
[100/157]	0.0020 (0.0085)	0.0001 (0.0065)	0.001 (0.007)	100.00 (99.79)
[156/157]	0.0127 (0.0082)	0.0106 (0.0062)	0.010 (0.007)	100.00 (99.77)
 * Train Acc 99.766
 * Val Acc 99.466, Total time 0.27
Epoch:3
LR: 0.001
Itr		Time		  Data		  Loss		Acc
[0/157]	0.1124 (0.1124)	0.1079 (0.1079)	0.001 (0.001)	100.00 (100.00)
[100/157]	0.0019 (0.0086)	0.0001 (0.0067)	0.002 (0.003)	100.00 (99.90)
[156/157]	0.0124 (0.0082)	0.0105 (0.0063)	0.007 (0.004)	100.00 (99.89)
 * Train Acc 99.885
 * Val Acc 99.573, Total time 0.23
validation split name: 1
 * Val Acc 98.960, Total time 0.26
validation split name: 2
 * Val Acc 99.070, Total time 0.25
validation split name: 3
 * Val Acc 99.573, Total time 0.23
====================== 4 =======================
Epoch:0
LR: 0.001
Itr		Time		  Data		  Loss		Acc
[0/164]	0.1113 (0.1113)	0.1067 (0.1067)	1.374 (1.374)	75.78 (75.78)
[100/164]	0.0166 (0.0086)	0.0148 (0.0066)	0.010 (0.091)	100.00 (97.33)
[163/164]	0.0105 (0.0082)	0.0084 (0.0061)	0.017 (0.068)	99.13 (97.98)
 * Train Acc 97.984
 * Val Acc 98.993, Total time 0.24
Epoch:1
LR: 0.001
Itr		Time		  Data		  Loss		Acc
[0/164]	0.1091 (0.1091)	0.1046 (0.1046)	0.007 (0.007)	100.00 (100.00)
[100/164]	0.0037 (0.0084)	0.0018 (0.0064)	0.015 (0.020)	99.22 (99.34)
[163/164]	0.0025 (0.0081)	0.0005 (0.0061)	0.001 (0.017)	100.00 (99.41)
 * Train Acc 99.414
 * Val Acc 99.094, Total time 0.24
Epoch:2
LR: 0.001
Itr		Time		  Data		  Loss		Acc
[0/164]	0.1124 (0.1124)	0.1066 (0.1066)	0.006 (0.006)	100.00 (100.00)
[100/164]	0.0019 (0.0088)	0.0001 (0.0065)	0.009 (0.009)	100.00 (99.74)
[163/164]	0.0019 (0.0084)	0.0001 (0.0063)	0.001 (0.009)	100.00 (99.73)
 * Train Acc 99.733
 * Val Acc 99.245, Total time 0.24
Epoch:3
LR: 0.001
Itr		Time		  Data		  Loss		Acc
[0/164]	0.1094 (0.1094)	0.1045 (0.1045)	0.002 (0.002)	100.00 (100.00)
[100/164]	0.0030 (0.0085)	0.0007 (0.0064)	0.003 (0.004)	100.00 (99.85)
[163/164]	0.0019 (0.0081)	0.0001 (0.0060)	0.009 (0.004)	100.00 (99.85)
 * Train Acc 99.852
 * Val Acc 99.396, Total time 0.24
validation split name: 1
 * Val Acc 98.865, Total time 0.25
validation split name: 2
 * Val Acc 96.915, Total time 0.26
validation split name: 3
 * Val Acc 97.439, Total time 0.23
validation split name: 4
 * Val Acc 99.396, Total time 0.24
====================== 5 =======================
Epoch:0
LR: 0.001
Itr		Time		  Data		  Loss		Acc
[0/161]	0.1107 (0.1107)	0.1063 (0.1063)	1.450 (1.450)	75.00 (75.00)
[100/161]	0.0023 (0.0084)	0.0005 (0.0066)	0.084 (0.173)	96.88 (94.27)
[160/161]	0.0021 (0.0081)	0.0003 (0.0062)	0.053 (0.134)	98.33 (95.43)
 * Train Acc 95.427
 * Val Acc 98.084, Total time 0.25
Epoch:1
LR: 0.001
Itr		Time		  Data		  Loss		Acc
[0/161]	0.1121 (0.1121)	0.1073 (0.1073)	0.038 (0.038)	98.44 (98.44)
[100/161]	0.0019 (0.0087)	0.0001 (0.0067)	0.015 (0.047)	100.00 (98.30)
[160/161]	0.0019 (0.0083)	0.0001 (0.0063)	0.029 (0.046)	99.17 (98.42)
 * Train Acc 98.422
 * Val Acc 98.437, Total time 0.28
Epoch:2
LR: 0.001
Itr		Time		  Data		  Loss		Acc
[0/161]	0.1196 (0.1196)	0.1153 (0.1153)	0.023 (0.023)	100.00 (100.00)
[100/161]	0.0022 (0.0090)	0.0001 (0.0070)	0.008 (0.026)	100.00 (99.11)
[160/161]	0.0019 (0.0084)	0.0001 (0.0064)	0.008 (0.028)	100.00 (99.09)
 * Train Acc 99.092
 * Val Acc 98.840, Total time 0.24
Epoch:3
LR: 0.001
Itr		Time		  Data		  Loss		Acc
[0/161]	0.1095 (0.1095)	0.1047 (0.1047)	0.003 (0.003)	100.00 (100.00)
[100/161]	0.0167 (0.0086)	0.0146 (0.0065)	0.017 (0.017)	99.22 (99.47)
[160/161]	0.0165 (0.0082)	0.0147 (0.0062)	0.002 (0.018)	100.00 (99.39)
 * Train Acc 99.393
 * Val Acc 98.941, Total time 0.24
validation split name: 1
 * Val Acc 98.487, Total time 0.25
validation split name: 2
 * Val Acc 97.992, Total time 0.25
validation split name: 3
 * Val Acc 94.130, Total time 0.24
validation split name: 4
 * Val Acc 98.238, Total time 0.24
validation split name: 5
 * Val Acc 98.941, Total time 0.25
OrderedDict([('1', OrderedDict([('1', 99.95271867612293), ('2', 99.71631205673759), ('3', 98.95981087470449), ('4', 98.86524822695036), ('5', 98.4869976359338)])), ('2', OrderedDict([('2', 99.41234084231147), ('3', 99.06953966699314), ('4', 96.91478942213516), ('5', 97.99216454456415)])), ('3', OrderedDict([('3', 99.57310565635005), ('4', 97.43863393810032), ('5', 94.13020277481323)])), ('4', OrderedDict([('4', 99.39577039274924), ('5', 98.23766364551864)])), ('5', OrderedDict([('5', 98.94099848714069)]))])
Task 1 average acc: 99.95271867612293
Task 2 average acc: 99.56432644952453
Task 3 average acc: 99.20081873268255
Task 4 average acc: 98.15361049498377
Task 5 average acc: 97.5576054175941
===Summary of experiment repeats: 1 / 5 ===
The regularization coefficient: 0.0
The last avg acc of all repeats: [97.55760542  0.          0.          0.          0.        ]
mean: 19.511521083518822 std: 39.023042167037644
split_boundaries: [0, 2, 4, 6, 8, 10]
{'1': [0, 1], '2': [2, 3], '3': [4, 5], '4': [6, 7], '5': [8, 9]}
MLP(
  (linear): Sequential(
    (0): Linear(in_features=1024, out_features=400, bias=True)
    (1): ReLU(inplace=True)
    (2): Linear(in_features=400, out_features=400, bias=True)
    (3): ReLU(inplace=True)
  )
  (last): ModuleDict(
    (All): Linear(in_features=400, out_features=2, bias=True)
  )
)
#parameter of model: 571202
Task order: ['1', '2', '3', '4', '5']
====================== 1 =======================
Epoch:0
LR: 0.001
Itr		Time		  Data		  Loss		Acc
[0/99]	0.1120 (0.1120)	0.1044 (0.1044)	0.668 (0.668)	75.00 (75.00)
[98/99]	0.0026 (0.0082)	0.0005 (0.0061)	0.000 (0.022)	100.00 (99.53)
 * Train Acc 99.534
 * Val Acc 99.905, Total time 0.25
Epoch:1
LR: 0.001
Itr		Time		  Data		  Loss		Acc
[0/99]	0.1121 (0.1121)	0.1079 (0.1079)	0.001 (0.001)	100.00 (100.00)
[98/99]	0.0022 (0.0083)	0.0001 (0.0063)	0.000 (0.005)	100.00 (99.85)
 * Train Acc 99.850
 * Val Acc 99.905, Total time 0.26
Epoch:2
LR: 0.001
Itr		Time		  Data		  Loss		Acc
[0/99]	0.1151 (0.1151)	0.1104 (0.1104)	0.000 (0.000)	100.00 (100.00)
[98/99]	0.0019 (0.0088)	0.0001 (0.0064)	0.001 (0.002)	100.00 (99.93)
 * Train Acc 99.929
 * Val Acc 99.905, Total time 0.26
Epoch:3
LR: 0.001
Itr		Time		  Data		  Loss		Acc
[0/99]	0.1099 (0.1099)	0.1051 (0.1051)	0.000 (0.000)	100.00 (100.00)
[98/99]	0.0019 (0.0083)	0.0001 (0.0063)	0.000 (0.001)	100.00 (99.95)
 * Train Acc 99.953
 * Val Acc 99.953, Total time 0.26
validation split name: 1
 * Val Acc 99.953, Total time 0.25
====================== 2 =======================
Epoch:0
LR: 0.001
Itr		Time		  Data		  Loss		Acc
[0/164]	0.1077 (0.1077)	0.1031 (0.1031)	2.002 (2.002)	72.66 (72.66)
[100/164]	0.0028 (0.0083)	0.0009 (0.0063)	0.065 (0.134)	98.44 (96.33)
[163/164]	0.0018 (0.0080)	0.0001 (0.0059)	0.021 (0.100)	100.00 (97.12)
 * Train Acc 97.123
 * Val Acc 98.776, Total time 0.26
Epoch:1
LR: 0.001
Itr		Time		  Data		  Loss		Acc
[0/164]	0.1144 (0.1144)	0.1097 (0.1097)	0.068 (0.068)	97.66 (97.66)
[100/164]	0.0022 (0.0085)	0.0001 (0.0063)	0.007 (0.027)	100.00 (98.99)
[163/164]	0.0019 (0.0081)	0.0002 (0.0061)	0.001 (0.026)	100.00 (99.07)
 * Train Acc 99.066
 * Val Acc 99.167, Total time 0.27
Epoch:2
LR: 0.001
Itr		Time		  Data		  Loss		Acc
[0/164]	0.1092 (0.1092)	0.1046 (0.1046)	0.026 (0.026)	98.44 (98.44)
[100/164]	0.0189 (0.0087)	0.0169 (0.0066)	0.016 (0.014)	99.22 (99.46)
[163/164]	0.0024 (0.0082)	0.0006 (0.0062)	0.000 (0.017)	100.00 (99.40)
 * Train Acc 99.402
 * Val Acc 99.510, Total time 0.29
Epoch:3
LR: 0.001
Itr		Time		  Data		  Loss		Acc
[0/164]	0.1130 (0.1130)	0.1083 (0.1083)	0.007 (0.007)	100.00 (100.00)
[100/164]	0.0022 (0.0085)	0.0001 (0.0064)	0.037 (0.011)	98.44 (99.61)
[163/164]	0.0018 (0.0081)	0.0001 (0.0061)	0.001 (0.011)	100.00 (99.62)
 * Train Acc 99.622
 * Val Acc 99.412, Total time 0.26
validation split name: 1
 * Val Acc 99.574, Total time 0.25
validation split name: 2
 * Val Acc 99.412, Total time 0.25
====================== 3 =======================
Epoch:0
LR: 0.001
Itr		Time		  Data		  Loss		Acc
[0/157]	0.1069 (0.1069)	0.1021 (0.1021)	1.184 (1.184)	75.78 (75.78)
[100/157]	0.0092 (0.0085)	0.0070 (0.0065)	0.035 (0.079)	98.44 (97.68)
[156/157]	0.0048 (0.0082)	0.0026 (0.0061)	0.019 (0.060)	98.95 (98.22)
 * Train Acc 98.221
 * Val Acc 99.680, Total time 0.27
Epoch:1
LR: 0.001
Itr		Time		  Data		  Loss		Acc
[0/157]	0.1091 (0.1091)	0.1047 (0.1047)	0.005 (0.005)	100.00 (100.00)
[100/157]	0.0020 (0.0084)	0.0001 (0.0063)	0.004 (0.015)	100.00 (99.60)
[156/157]	0.0116 (0.0080)	0.0096 (0.0060)	0.000 (0.013)	100.00 (99.60)
 * Train Acc 99.601
 * Val Acc 99.733, Total time 0.23
Epoch:2
LR: 0.001
Itr		Time		  Data		  Loss		Acc
[0/157]	0.1091 (0.1091)	0.1046 (0.1046)	0.007 (0.007)	99.22 (99.22)
[100/157]	0.0020 (0.0085)	0.0001 (0.0064)	0.002 (0.006)	100.00 (99.81)
[156/157]	0.0133 (0.0081)	0.0111 (0.0061)	0.004 (0.006)	100.00 (99.81)
 * Train Acc 99.811
 * Val Acc 99.733, Total time 0.24
Epoch:3
LR: 0.001
Itr		Time		  Data		  Loss		Acc
[0/157]	0.1123 (0.1123)	0.1080 (0.1080)	0.001 (0.001)	100.00 (100.00)
[100/157]	0.0028 (0.0086)	0.0002 (0.0067)	0.000 (0.003)	100.00 (99.90)
[156/157]	0.0126 (0.0086)	0.0105 (0.0064)	0.001 (0.002)	100.00 (99.93)
 * Train Acc 99.930
 * Val Acc 99.680, Total time 0.24
validation split name: 1
 * Val Acc 99.243, Total time 0.26
validation split name: 2
 * Val Acc 99.021, Total time 0.26
validation split name: 3
 * Val Acc 99.680, Total time 0.24
====================== 4 =======================
Epoch:0
LR: 0.001
Itr		Time		  Data		  Loss		Acc
[0/164]	0.1086 (0.1086)	0.1039 (0.1039)	2.452 (2.452)	60.94 (60.94)
[100/164]	0.0023 (0.0087)	0.0001 (0.0066)	0.028 (0.093)	98.44 (97.46)
[163/164]	0.0019 (0.0082)	0.0001 (0.0063)	0.020 (0.070)	99.13 (97.98)
 * Train Acc 97.984
 * Val Acc 99.194, Total time 0.24
Epoch:1
LR: 0.001
Itr		Time		  Data		  Loss		Acc
[0/164]	0.1106 (0.1106)	0.1055 (0.1055)	0.026 (0.026)	98.44 (98.44)
[100/164]	0.0030 (0.0084)	0.0009 (0.0063)	0.012 (0.019)	99.22 (99.40)
[163/164]	0.0020 (0.0081)	0.0001 (0.0059)	0.001 (0.018)	100.00 (99.45)
 * Train Acc 99.447
 * Val Acc 99.043, Total time 0.28
Epoch:2
LR: 0.001
Itr		Time		  Data		  Loss		Acc
[0/164]	0.1155 (0.1155)	0.1103 (0.1103)	0.003 (0.003)	100.00 (100.00)
[100/164]	0.0054 (0.0086)	0.0035 (0.0066)	0.003 (0.009)	100.00 (99.72)
[163/164]	0.0073 (0.0082)	0.0054 (0.0063)	0.001 (0.008)	100.00 (99.76)
 * Train Acc 99.762
 * Val Acc 99.345, Total time 0.26
Epoch:3
LR: 0.001
Itr		Time		  Data		  Loss		Acc
[0/164]	0.1187 (0.1187)	0.1140 (0.1140)	0.002 (0.002)	100.00 (100.00)
[100/164]	0.0019 (0.0087)	0.0001 (0.0067)	0.024 (0.004)	98.44 (99.86)
[163/164]	0.0019 (0.0082)	0.0001 (0.0062)	0.001 (0.004)	100.00 (99.88)
 * Train Acc 99.876
 * Val Acc 99.396, Total time 0.25
validation split name: 1
 * Val Acc 98.865, Total time 0.25
validation split name: 2
 * Val Acc 96.131, Total time 0.25
validation split name: 3
 * Val Acc 97.599, Total time 0.23
validation split name: 4
 * Val Acc 99.396, Total time 0.24
====================== 5 =======================
Epoch:0
LR: 0.001
Itr		Time		  Data		  Loss		Acc
[0/161]	0.1142 (0.1142)	0.1096 (0.1096)	1.301 (1.301)	73.44 (73.44)
[100/161]	0.0154 (0.0087)	0.0133 (0.0065)	0.050 (0.148)	98.44 (95.01)
[160/161]	0.0128 (0.0083)	0.0106 (0.0061)	0.062 (0.119)	97.50 (95.88)
 * Train Acc 95.883
 * Val Acc 97.529, Total time 0.24
Epoch:1
LR: 0.001
Itr		Time		  Data		  Loss		Acc
[0/161]	0.1095 (0.1095)	0.1045 (0.1045)	0.090 (0.090)	96.09 (96.09)
[100/161]	0.0173 (0.0086)	0.0153 (0.0065)	0.025 (0.048)	99.22 (98.17)
[160/161]	0.0176 (0.0082)	0.0156 (0.0061)	0.012 (0.046)	100.00 (98.22)
 * Train Acc 98.223
 * Val Acc 98.185, Total time 0.29
Epoch:2
LR: 0.001
Itr		Time		  Data		  Loss		Acc
[0/161]	0.1115 (0.1115)	0.1061 (0.1061)	0.026 (0.026)	99.22 (99.22)
[100/161]	0.0019 (0.0086)	0.0001 (0.0066)	0.010 (0.028)	100.00 (98.95)
[160/161]	0.0019 (0.0082)	0.0001 (0.0062)	0.048 (0.026)	98.33 (99.06)
 * Train Acc 99.058
 * Val Acc 98.386, Total time 0.29
Epoch:3
LR: 0.001
Itr		Time		  Data		  Loss		Acc
[0/161]	0.1097 (0.1097)	0.1051 (0.1051)	0.043 (0.043)	98.44 (98.44)
[100/161]	0.0022 (0.0086)	0.0001 (0.0066)	0.013 (0.014)	99.22 (99.52)
[160/161]	0.0019 (0.0082)	0.0001 (0.0062)	0.037 (0.014)	98.33 (99.51)
 * Train Acc 99.510
 * Val Acc 98.840, Total time 0.25
validation split name: 1
 * Val Acc 97.352, Total time 0.26
validation split name: 2
 * Val Acc 96.670, Total time 0.25
validation split name: 3
 * Val Acc 91.409, Total time 0.23
validation split name: 4
 * Val Acc 98.338, Total time 0.25
validation split name: 5
 * Val Acc 98.840, Total time 0.25
OrderedDict([('1', OrderedDict([('1', 99.95271867612293), ('2', 99.57446808510639), ('3', 99.24349881796691), ('4', 98.86524822695036), ('5', 97.35224586288416)])), ('2', OrderedDict([('2', 99.41234084231147), ('3', 99.0205680705191), ('4', 96.13124387855044), ('5', 96.66993143976494)])), ('3', OrderedDict([('3', 99.67982924226254), ('4', 97.59871931696905), ('5', 91.40875133404482)])), ('4', OrderedDict([('4', 99.39577039274924), ('5', 98.33836858006042)])), ('5', OrderedDict([('5', 98.84014120020171)]))])
Task 1 average acc: 99.95271867612293
Task 2 average acc: 99.49340446370893
Task 3 average acc: 99.31463204358285
Task 4 average acc: 97.99774545380477
Task 5 average acc: 96.52188768339121
===Summary of experiment repeats: 2 / 5 ===
The regularization coefficient: 0.0
The last avg acc of all repeats: [97.55760542 96.52188768  0.          0.          0.        ]
mean: 38.81589862019706 std: 47.54070097992476
split_boundaries: [0, 2, 4, 6, 8, 10]
{'1': [0, 1], '2': [2, 3], '3': [4, 5], '4': [6, 7], '5': [8, 9]}
MLP(
  (linear): Sequential(
    (0): Linear(in_features=1024, out_features=400, bias=True)
    (1): ReLU(inplace=True)
    (2): Linear(in_features=400, out_features=400, bias=True)
    (3): ReLU(inplace=True)
  )
  (last): ModuleDict(
    (All): Linear(in_features=400, out_features=2, bias=True)
  )
)
#parameter of model: 571202
Task order: ['1', '2', '3', '4', '5']
====================== 1 =======================
Epoch:0
LR: 0.001
Itr		Time		  Data		  Loss		Acc
[0/99]	0.1118 (0.1118)	0.1061 (0.1061)	0.727 (0.727)	35.16 (35.16)
[98/99]	0.0062 (0.0085)	0.0043 (0.0064)	0.012 (0.025)	99.17 (99.02)
 * Train Acc 99.021
 * Val Acc 99.905, Total time 0.26
Epoch:1
LR: 0.001
Itr		Time		  Data		  Loss		Acc
[0/99]	0.1094 (0.1094)	0.1047 (0.1047)	0.014 (0.014)	99.22 (99.22)
[98/99]	0.0023 (0.0082)	0.0005 (0.0062)	0.000 (0.004)	100.00 (99.86)
 * Train Acc 99.858
 * Val Acc 99.953, Total time 0.25
Epoch:2
LR: 0.001
Itr		Time		  Data		  Loss		Acc
[0/99]	0.1110 (0.1110)	0.1065 (0.1065)	0.005 (0.005)	100.00 (100.00)
[98/99]	0.0019 (0.0083)	0.0001 (0.0065)	0.001 (0.002)	100.00 (99.94)
 * Train Acc 99.945
 * Val Acc 99.953, Total time 0.25
Epoch:3
LR: 0.001
Itr		Time		  Data		  Loss		Acc
[0/99]	0.1036 (0.1036)	0.0992 (0.0992)	0.000 (0.000)	100.00 (100.00)
[98/99]	0.0019 (0.0084)	0.0001 (0.0064)	0.000 (0.001)	100.00 (99.95)
 * Train Acc 99.953
 * Val Acc 99.953, Total time 0.25
validation split name: 1
 * Val Acc 99.953, Total time 0.25
====================== 2 =======================
Epoch:0
LR: 0.001
Itr		Time		  Data		  Loss		Acc
[0/164]	0.1159 (0.1159)	0.1113 (0.1113)	1.521 (1.521)	73.44 (73.44)
[100/164]	0.0037 (0.0086)	0.0016 (0.0064)	0.056 (0.134)	98.44 (95.87)
[163/164]	0.0018 (0.0082)	0.0001 (0.0061)	0.005 (0.099)	100.00 (96.92)
 * Train Acc 96.922
 * Val Acc 98.629, Total time 0.25
Epoch:1
LR: 0.001
Itr		Time		  Data		  Loss		Acc
[0/164]	0.1093 (0.1093)	0.1052 (0.1052)	0.035 (0.035)	99.22 (99.22)
[100/164]	0.0019 (0.0085)	0.0001 (0.0066)	0.003 (0.027)	100.00 (99.01)
[163/164]	0.0017 (0.0081)	0.0001 (0.0063)	0.002 (0.025)	100.00 (99.09)
 * Train Acc 99.086
 * Val Acc 98.237, Total time 0.25
Epoch:2
LR: 0.001
Itr		Time		  Data		  Loss		Acc
[0/164]	0.1087 (0.1087)	0.1042 (0.1042)	0.023 (0.023)	99.22 (99.22)
[100/164]	0.0021 (0.0086)	0.0002 (0.0066)	0.050 (0.018)	99.22 (99.40)
[163/164]	0.0020 (0.0082)	0.0001 (0.0062)	0.001 (0.018)	100.00 (99.39)
 * Train Acc 99.392
 * Val Acc 99.070, Total time 0.25
Epoch:3
LR: 0.001
Itr		Time		  Data		  Loss		Acc
[0/164]	0.1074 (0.1074)	0.1035 (0.1035)	0.027 (0.027)	99.22 (99.22)
[100/164]	0.0036 (0.0084)	0.0015 (0.0064)	0.005 (0.010)	100.00 (99.63)
[163/164]	0.0018 (0.0081)	0.0001 (0.0060)	0.001 (0.010)	100.00 (99.63)
 * Train Acc 99.631
 * Val Acc 99.070, Total time 0.25
validation split name: 1
 * Val Acc 99.574, Total time 0.25
validation split name: 2
 * Val Acc 99.070, Total time 0.25
====================== 3 =======================
Epoch:0
LR: 0.001
Itr		Time		  Data		  Loss		Acc
[0/157]	0.1118 (0.1118)	0.1069 (0.1069)	0.650 (0.650)	82.81 (82.81)
[100/157]	0.0076 (0.0086)	0.0055 (0.0065)	0.032 (0.062)	99.22 (98.05)
[156/157]	0.0024 (0.0082)	0.0006 (0.0061)	0.011 (0.049)	100.00 (98.47)
 * Train Acc 98.470
 * Val Acc 99.360, Total time 0.23
Epoch:1
LR: 0.001
Itr		Time		  Data		  Loss		Acc
[0/157]	0.1098 (0.1098)	0.1056 (0.1056)	0.022 (0.022)	98.44 (98.44)
[100/157]	0.0030 (0.0084)	0.0009 (0.0063)	0.003 (0.013)	100.00 (99.64)
[156/157]	0.0019 (0.0081)	0.0001 (0.0059)	0.002 (0.012)	100.00 (99.65)
 * Train Acc 99.651
 * Val Acc 99.626, Total time 0.23
Epoch:2
LR: 0.001
Itr		Time		  Data		  Loss		Acc
[0/157]	0.1077 (0.1077)	0.1031 (0.1031)	0.001 (0.001)	100.00 (100.00)
[100/157]	0.0182 (0.0086)	0.0164 (0.0067)	0.006 (0.006)	100.00 (99.79)
[156/157]	0.0019 (0.0082)	0.0001 (0.0062)	0.004 (0.006)	100.00 (99.78)
 * Train Acc 99.781
 * Val Acc 99.466, Total time 0.24
Epoch:3
LR: 0.001
Itr		Time		  Data		  Loss		Acc
[0/157]	0.1114 (0.1114)	0.1069 (0.1069)	0.001 (0.001)	100.00 (100.00)
[100/157]	0.0020 (0.0086)	0.0002 (0.0067)	0.004 (0.003)	100.00 (99.89)
[156/157]	0.0124 (0.0082)	0.0104 (0.0063)	0.000 (0.003)	100.00 (99.89)
 * Train Acc 99.890
 * Val Acc 99.573, Total time 0.23
validation split name: 1
 * Val Acc 99.149, Total time 0.26
validation split name: 2
 * Val Acc 98.678, Total time 0.25
validation split name: 3
 * Val Acc 99.573, Total time 0.24
====================== 4 =======================
Epoch:0
LR: 0.001
Itr		Time		  Data		  Loss		Acc
[0/164]	0.1144 (0.1144)	0.1086 (0.1086)	1.700 (1.700)	67.97 (67.97)
[100/164]	0.0095 (0.0088)	0.0073 (0.0066)	0.015 (0.097)	100.00 (97.26)
[163/164]	0.0157 (0.0084)	0.0136 (0.0062)	0.003 (0.072)	100.00 (97.93)
 * Train Acc 97.926
 * Val Acc 98.943, Total time 0.24
Epoch:1
LR: 0.001
Itr		Time		  Data		  Loss		Acc
[0/164]	0.1045 (0.1045)	0.0999 (0.0999)	0.031 (0.031)	99.22 (99.22)
[100/164]	0.0128 (0.0084)	0.0107 (0.0063)	0.043 (0.024)	98.44 (99.28)
[163/164]	0.0160 (0.0081)	0.0140 (0.0060)	0.001 (0.021)	100.00 (99.33)
 * Train Acc 99.328
 * Val Acc 99.245, Total time 0.24
Epoch:2
LR: 0.001
Itr		Time		  Data		  Loss		Acc
[0/164]	0.1131 (0.1131)	0.1091 (0.1091)	0.004 (0.004)	100.00 (100.00)
[100/164]	0.0144 (0.0087)	0.0123 (0.0067)	0.002 (0.011)	100.00 (99.68)
[163/164]	0.0160 (0.0082)	0.0139 (0.0063)	0.008 (0.010)	100.00 (99.72)
 * Train Acc 99.724
 * Val Acc 99.345, Total time 0.24
Epoch:3
LR: 0.001
Itr		Time		  Data		  Loss		Acc
[0/164]	0.1090 (0.1090)	0.1045 (0.1045)	0.008 (0.008)	99.22 (99.22)
[100/164]	0.0020 (0.0085)	0.0001 (0.0065)	0.009 (0.007)	99.22 (99.79)
[163/164]	0.0022 (0.0081)	0.0001 (0.0061)	0.005 (0.005)	100.00 (99.85)
 * Train Acc 99.852
 * Val Acc 99.648, Total time 0.25
validation split name: 1
 * Val Acc 99.385, Total time 0.25
validation split name: 2
 * Val Acc 97.600, Total time 0.25
validation split name: 3
 * Val Acc 97.705, Total time 0.23
validation split name: 4
 * Val Acc 99.648, Total time 0.26
====================== 5 =======================
Epoch:0
LR: 0.001
Itr		Time		  Data		  Loss		Acc
[0/161]	0.1131 (0.1131)	0.1090 (0.1090)	1.080 (1.080)	76.56 (76.56)
[100/161]	0.0019 (0.0085)	0.0002 (0.0066)	0.116 (0.162)	94.53 (94.65)
[160/161]	0.0020 (0.0081)	0.0001 (0.0062)	0.096 (0.128)	96.67 (95.67)
 * Train Acc 95.675
 * Val Acc 97.630, Total time 0.24
Epoch:1
LR: 0.001
Itr		Time		  Data		  Loss		Acc
[0/161]	0.1093 (0.1093)	0.1046 (0.1046)	0.063 (0.063)	96.09 (96.09)
[100/161]	0.0179 (0.0086)	0.0158 (0.0065)	0.060 (0.046)	99.22 (98.45)
[160/161]	0.0179 (0.0082)	0.0158 (0.0062)	0.024 (0.045)	98.33 (98.48)
 * Train Acc 98.476
 * Val Acc 98.487, Total time 0.24
Epoch:2
LR: 0.001
Itr		Time		  Data		  Loss		Acc
[0/161]	0.1102 (0.1102)	0.1058 (0.1058)	0.012 (0.012)	100.00 (100.00)
[100/161]	0.0022 (0.0085)	0.0004 (0.0065)	0.040 (0.028)	98.44 (98.95)
[160/161]	0.0018 (0.0081)	0.0001 (0.0062)	0.012 (0.029)	100.00 (98.95)
 * Train Acc 98.947
 * Val Acc 98.689, Total time 0.24
Epoch:3
LR: 0.001
Itr		Time		  Data		  Loss		Acc
[0/161]	0.1088 (0.1088)	0.1048 (0.1048)	0.004 (0.004)	100.00 (100.00)
[100/161]	0.0020 (0.0085)	0.0001 (0.0064)	0.032 (0.012)	98.44 (99.68)
[160/161]	0.0022 (0.0081)	0.0001 (0.0060)	0.030 (0.016)	99.17 (99.52)
 * Train Acc 99.519
 * Val Acc 99.042, Total time 0.24
validation split name: 1
 * Val Acc 97.400, Total time 0.25
validation split name: 2
 * Val Acc 97.160, Total time 0.25
validation split name: 3
 * Val Acc 92.209, Total time 0.24
validation split name: 4
 * Val Acc 98.691, Total time 0.24
validation split name: 5
 * Val Acc 99.042, Total time 0.24
OrderedDict([('1', OrderedDict([('1', 99.95271867612293), ('2', 99.57446808510639), ('3', 99.14893617021276), ('4', 99.38534278959811), ('5', 97.39952718676123)])), ('2', OrderedDict([('2', 99.06953966699314), ('3', 98.67776689520079), ('4', 97.60039177277179), ('5', 97.15964740450539)])), ('3', OrderedDict([('3', 99.57310565635005), ('4', 97.70544290288154), ('5', 92.20917822838847)])), ('4', OrderedDict([('4', 99.64753272910373), ('5', 98.6908358509567)])), ('5', OrderedDict([('5', 99.04185577407968)]))])
Task 1 average acc: 99.95271867612293
Task 2 average acc: 99.32200387604976
Task 3 average acc: 99.1332695739212
Task 4 average acc: 98.58467754858879
Task 5 average acc: 96.9002088889383
===Summary of experiment repeats: 3 / 5 ===
The regularization coefficient: 0.0
The last avg acc of all repeats: [97.55760542 96.52188768 96.90020889  0.          0.        ]
mean: 58.195940397984714 std: 47.517942433297975
split_boundaries: [0, 2, 4, 6, 8, 10]
{'1': [0, 1], '2': [2, 3], '3': [4, 5], '4': [6, 7], '5': [8, 9]}
MLP(
  (linear): Sequential(
    (0): Linear(in_features=1024, out_features=400, bias=True)
    (1): ReLU(inplace=True)
    (2): Linear(in_features=400, out_features=400, bias=True)
    (3): ReLU(inplace=True)
  )
  (last): ModuleDict(
    (All): Linear(in_features=400, out_features=2, bias=True)
  )
)
#parameter of model: 571202
Task order: ['1', '2', '3', '4', '5']
====================== 1 =======================
Epoch:0
LR: 0.001
Itr		Time		  Data		  Loss		Acc
[0/99]	0.1118 (0.1118)	0.1045 (0.1045)	0.689 (0.689)	67.19 (67.19)
[98/99]	0.0019 (0.0084)	0.0001 (0.0063)	0.000 (0.025)	100.00 (99.36)
 * Train Acc 99.360
 * Val Acc 100.000, Total time 0.25
Epoch:1
LR: 0.001
Itr		Time		  Data		  Loss		Acc
[0/99]	0.1155 (0.1155)	0.1104 (0.1104)	0.035 (0.035)	99.22 (99.22)
[98/99]	0.0022 (0.0084)	0.0001 (0.0064)	0.000 (0.004)	100.00 (99.88)
 * Train Acc 99.882
 * Val Acc 99.905, Total time 0.25
Epoch:2
LR: 0.001
Itr		Time		  Data		  Loss		Acc
[0/99]	0.1087 (0.1087)	0.1039 (0.1039)	0.000 (0.000)	100.00 (100.00)
[98/99]	0.0169 (0.0086)	0.0149 (0.0063)	0.000 (0.002)	100.00 (99.91)
 * Train Acc 99.913
 * Val Acc 99.905, Total time 0.25
Epoch:3
LR: 0.001
Itr		Time		  Data		  Loss		Acc
[0/99]	0.1113 (0.1113)	0.1067 (0.1067)	0.000 (0.000)	100.00 (100.00)
[98/99]	0.0021 (0.0086)	0.0001 (0.0064)	0.000 (0.001)	100.00 (99.96)
 * Train Acc 99.961
 * Val Acc 99.905, Total time 0.27
validation split name: 1
 * Val Acc 99.905, Total time 0.25
====================== 2 =======================
Epoch:0
LR: 0.001
Itr		Time		  Data		  Loss		Acc
[0/164]	0.1053 (0.1053)	0.1006 (0.1006)	2.429 (2.429)	66.41 (66.41)
[100/164]	0.0020 (0.0084)	0.0002 (0.0063)	0.061 (0.142)	98.44 (96.09)
[163/164]	0.0021 (0.0080)	0.0001 (0.0060)	0.000 (0.101)	100.00 (97.14)
 * Train Acc 97.137
 * Val Acc 97.943, Total time 0.28
Epoch:1
LR: 0.001
Itr		Time		  Data		  Loss		Acc
[0/164]	0.1144 (0.1144)	0.1098 (0.1098)	0.054 (0.054)	97.66 (97.66)
[100/164]	0.0021 (0.0087)	0.0002 (0.0067)	0.007 (0.024)	100.00 (99.15)
[163/164]	0.0018 (0.0083)	0.0001 (0.0063)	0.022 (0.023)	100.00 (99.22)
 * Train Acc 99.220
 * Val Acc 99.070, Total time 0.25
Epoch:2
LR: 0.001
Itr		Time		  Data		  Loss		Acc
[0/164]	0.1186 (0.1186)	0.1142 (0.1142)	0.010 (0.010)	99.22 (99.22)
[100/164]	0.0027 (0.0085)	0.0009 (0.0065)	0.037 (0.013)	99.22 (99.56)
[163/164]	0.0018 (0.0081)	0.0001 (0.0062)	0.011 (0.013)	100.00 (99.56)
 * Train Acc 99.560
 * Val Acc 98.629, Total time 0.28
Epoch:3
LR: 0.001
Itr		Time		  Data		  Loss		Acc
[0/164]	0.1156 (0.1156)	0.1105 (0.1105)	0.002 (0.002)	100.00 (100.00)
[100/164]	0.0021 (0.0086)	0.0001 (0.0065)	0.007 (0.007)	100.00 (99.71)
[163/164]	0.0018 (0.0083)	0.0001 (0.0062)	0.000 (0.009)	100.00 (99.66)
 * Train Acc 99.660
 * Val Acc 99.167, Total time 0.25
validation split name: 1
 * Val Acc 99.527, Total time 0.25
validation split name: 2
 * Val Acc 99.167, Total time 0.25
====================== 3 =======================
Epoch:0
LR: 0.001
Itr		Time		  Data		  Loss		Acc
[0/157]	0.1082 (0.1082)	0.1033 (0.1033)	0.854 (0.854)	85.16 (85.16)
[100/157]	0.0029 (0.0084)	0.0008 (0.0064)	0.080 (0.070)	98.44 (97.87)
[156/157]	0.0117 (0.0081)	0.0098 (0.0060)	0.028 (0.056)	98.95 (98.31)
 * Train Acc 98.305
 * Val Acc 99.573, Total time 0.23
Epoch:1
LR: 0.001
Itr		Time		  Data		  Loss		Acc
[0/157]	0.1083 (0.1083)	0.1035 (0.1035)	0.023 (0.023)	99.22 (99.22)
[100/157]	0.0020 (0.0084)	0.0002 (0.0065)	0.033 (0.012)	99.22 (99.69)
[156/157]	0.0127 (0.0081)	0.0106 (0.0062)	0.008 (0.011)	100.00 (99.70)
 * Train Acc 99.696
 * Val Acc 99.680, Total time 0.23
Epoch:2
LR: 0.001
Itr		Time		  Data		  Loss		Acc
[0/157]	0.1090 (0.1090)	0.1039 (0.1039)	0.005 (0.005)	100.00 (100.00)
[100/157]	0.0056 (0.0085)	0.0034 (0.0064)	0.002 (0.004)	100.00 (99.90)
[156/157]	0.0082 (0.0082)	0.0060 (0.0060)	0.002 (0.005)	100.00 (99.88)
 * Train Acc 99.880
 * Val Acc 99.733, Total time 0.23
Epoch:3
LR: 0.001
Itr		Time		  Data		  Loss		Acc
[0/157]	0.1097 (0.1097)	0.1050 (0.1050)	0.008 (0.008)	99.22 (99.22)
[100/157]	0.0035 (0.0084)	0.0014 (0.0063)	0.000 (0.003)	100.00 (99.88)
[156/157]	0.0100 (0.0080)	0.0079 (0.0059)	0.001 (0.002)	100.00 (99.91)
 * Train Acc 99.910
 * Val Acc 99.947, Total time 0.23
validation split name: 1
 * Val Acc 99.196, Total time 0.25
validation split name: 2
 * Val Acc 98.874, Total time 0.26
validation split name: 3
 * Val Acc 99.947, Total time 0.23
====================== 4 =======================
Epoch:0
LR: 0.001
Itr		Time		  Data		  Loss		Acc
[0/164]	0.1072 (0.1072)	0.1026 (0.1026)	1.944 (1.944)	68.75 (68.75)
[100/164]	0.0081 (0.0084)	0.0062 (0.0065)	0.022 (0.095)	99.22 (97.44)
[163/164]	0.0105 (0.0081)	0.0087 (0.0062)	0.023 (0.073)	98.26 (97.98)
 * Train Acc 97.979
 * Val Acc 98.691, Total time 0.24
Epoch:1
LR: 0.001
Itr		Time		  Data		  Loss		Acc
[0/164]	0.1084 (0.1084)	0.1038 (0.1038)	0.017 (0.017)	99.22 (99.22)
[100/164]	0.0020 (0.0085)	0.0001 (0.0063)	0.031 (0.020)	98.44 (99.38)
[163/164]	0.0019 (0.0081)	0.0001 (0.0060)	0.005 (0.018)	100.00 (99.43)
 * Train Acc 99.428
 * Val Acc 99.144, Total time 0.24
Epoch:2
LR: 0.001
Itr		Time		  Data		  Loss		Acc
[0/164]	0.1095 (0.1095)	0.1052 (0.1052)	0.017 (0.017)	99.22 (99.22)
[100/164]	0.0022 (0.0085)	0.0001 (0.0064)	0.002 (0.010)	100.00 (99.69)
[163/164]	0.0019 (0.0081)	0.0001 (0.0060)	0.001 (0.009)	100.00 (99.72)
 * Train Acc 99.719
 * Val Acc 99.295, Total time 0.24
Epoch:3
LR: 0.001
Itr		Time		  Data		  Loss		Acc
[0/164]	0.1120 (0.1120)	0.1069 (0.1069)	0.010 (0.010)	99.22 (99.22)
[100/164]	0.0020 (0.0087)	0.0002 (0.0068)	0.001 (0.005)	100.00 (99.85)
[163/164]	0.0028 (0.0083)	0.0007 (0.0063)	0.006 (0.005)	100.00 (99.82)
 * Train Acc 99.819
 * Val Acc 99.144, Total time 0.24
validation split name: 1
 * Val Acc 98.913, Total time 0.26
validation split name: 2
 * Val Acc 97.307, Total time 0.25
validation split name: 3
 * Val Acc 97.972, Total time 0.23
validation split name: 4
 * Val Acc 99.144, Total time 0.24
====================== 5 =======================
Epoch:0
LR: 0.001
Itr		Time		  Data		  Loss		Acc
[0/161]	0.1099 (0.1099)	0.1051 (0.1051)	1.489 (1.489)	70.31 (70.31)
[100/161]	0.0020 (0.0086)	0.0001 (0.0066)	0.064 (0.169)	97.66 (94.21)
[160/161]	0.0019 (0.0083)	0.0001 (0.0063)	0.083 (0.131)	95.83 (95.43)
 * Train Acc 95.427
 * Val Acc 98.538, Total time 0.24
Epoch:1
LR: 0.001
Itr		Time		  Data		  Loss		Acc
[0/161]	0.1149 (0.1149)	0.1102 (0.1102)	0.025 (0.025)	99.22 (99.22)
[100/161]	0.0023 (0.0086)	0.0005 (0.0066)	0.037 (0.047)	99.22 (98.32)
[160/161]	0.0019 (0.0082)	0.0001 (0.0062)	0.108 (0.043)	97.50 (98.41)
 * Train Acc 98.413
 * Val Acc 98.840, Total time 0.24
Epoch:2
LR: 0.001
Itr		Time		  Data		  Loss		Acc
[0/161]	0.1079 (0.1079)	0.1029 (0.1029)	0.014 (0.014)	100.00 (100.00)
[100/161]	0.0201 (0.0088)	0.0181 (0.0067)	0.012 (0.024)	100.00 (99.18)
[160/161]	0.0023 (0.0084)	0.0006 (0.0062)	0.043 (0.024)	99.17 (99.19)
 * Train Acc 99.189
 * Val Acc 98.487, Total time 0.24
Epoch:3
LR: 0.001
Itr		Time		  Data		  Loss		Acc
[0/161]	0.1115 (0.1115)	0.1055 (0.1055)	0.034 (0.034)	98.44 (98.44)
[100/161]	0.0023 (0.0086)	0.0001 (0.0064)	0.005 (0.018)	100.00 (99.50)
[160/161]	0.0019 (0.0082)	0.0001 (0.0062)	0.002 (0.017)	100.00 (99.53)
 * Train Acc 99.529
 * Val Acc 98.689, Total time 0.24
validation split name: 1
 * Val Acc 98.392, Total time 0.25
validation split name: 2
 * Val Acc 96.964, Total time 0.25
validation split name: 3
 * Val Acc 93.650, Total time 0.23
validation split name: 4
 * Val Acc 98.892, Total time 0.24
validation split name: 5
 * Val Acc 98.689, Total time 0.24
OrderedDict([('1', OrderedDict([('1', 99.90543735224587), ('2', 99.52718676122932), ('3', 99.19621749408984), ('4', 98.91252955082743), ('5', 98.39243498817967)])), ('2', OrderedDict([('2', 99.16748285994123), ('3', 98.87365328109696), ('4', 97.30656219392752), ('5', 96.9637610186092)])), ('3', OrderedDict([('3', 99.94663820704376), ('4', 97.97225186766275), ('5', 93.64994663820704)])), ('4', OrderedDict([('4', 99.14400805639477), ('5', 98.89224572004028)])), ('5', OrderedDict([('5', 98.68885526979324)]))])
Task 1 average acc: 99.90543735224587
Task 2 average acc: 99.34733481058527
Task 3 average acc: 99.33883632741019
Task 4 average acc: 98.33383791720311
Task 5 average acc: 97.31744872696589
===Summary of experiment repeats: 4 / 5 ===
The regularization coefficient: 0.0
The last avg acc of all repeats: [97.55760542 96.52188768 96.90020889 97.31744873  0.        ]
mean: 77.65943014337789 std: 38.831332800342366
split_boundaries: [0, 2, 4, 6, 8, 10]
{'1': [0, 1], '2': [2, 3], '3': [4, 5], '4': [6, 7], '5': [8, 9]}
MLP(
  (linear): Sequential(
    (0): Linear(in_features=1024, out_features=400, bias=True)
    (1): ReLU(inplace=True)
    (2): Linear(in_features=400, out_features=400, bias=True)
    (3): ReLU(inplace=True)
  )
  (last): ModuleDict(
    (All): Linear(in_features=400, out_features=2, bias=True)
  )
)
#parameter of model: 571202
Task order: ['1', '2', '3', '4', '5']
====================== 1 =======================
Epoch:0
LR: 0.001
Itr		Time		  Data		  Loss		Acc
[0/99]	0.1217 (0.1217)	0.1141 (0.1141)	0.697 (0.697)	39.06 (39.06)
[98/99]	0.0021 (0.0086)	0.0001 (0.0066)	0.002 (0.025)	100.00 (99.10)
 * Train Acc 99.100
 * Val Acc 99.905, Total time 0.26
Epoch:1
LR: 0.001
Itr		Time		  Data		  Loss		Acc
[0/99]	0.1080 (0.1080)	0.1036 (0.1036)	0.003 (0.003)	100.00 (100.00)
[98/99]	0.0020 (0.0083)	0.0001 (0.0062)	0.032 (0.004)	98.35 (99.88)
 * Train Acc 99.882
 * Val Acc 99.905, Total time 0.25
Epoch:2
LR: 0.001
Itr		Time		  Data		  Loss		Acc
[0/99]	0.1111 (0.1111)	0.1065 (0.1065)	0.002 (0.002)	100.00 (100.00)
[98/99]	0.0177 (0.0086)	0.0157 (0.0064)	0.000 (0.002)	100.00 (99.96)
 * Train Acc 99.961
 * Val Acc 99.905, Total time 0.25
Epoch:3
LR: 0.001
Itr		Time		  Data		  Loss		Acc
[0/99]	0.1095 (0.1095)	0.1038 (0.1038)	0.000 (0.000)	100.00 (100.00)
[98/99]	0.0018 (0.0084)	0.0001 (0.0065)	0.000 (0.002)	100.00 (99.95)
 * Train Acc 99.953
 * Val Acc 99.905, Total time 0.26
validation split name: 1
 * Val Acc 99.905, Total time 0.25
====================== 2 =======================
Epoch:0
LR: 0.001
Itr		Time		  Data		  Loss		Acc
[0/164]	0.1118 (0.1118)	0.1074 (0.1074)	1.920 (1.920)	63.28 (63.28)
[100/164]	0.0025 (0.0085)	0.0001 (0.0064)	0.051 (0.134)	97.66 (95.88)
[163/164]	0.0018 (0.0081)	0.0001 (0.0060)	0.009 (0.101)	100.00 (96.78)
 * Train Acc 96.783
 * Val Acc 98.433, Total time 0.27
Epoch:1
LR: 0.001
Itr		Time		  Data		  Loss		Acc
[0/164]	0.1080 (0.1080)	0.1038 (0.1038)	0.024 (0.024)	100.00 (100.00)
[100/164]	0.0019 (0.0084)	0.0001 (0.0065)	0.028 (0.029)	98.44 (99.05)
[163/164]	0.0018 (0.0081)	0.0001 (0.0062)	0.005 (0.027)	100.00 (99.12)
 * Train Acc 99.119
 * Val Acc 99.021, Total time 0.25
Epoch:2
LR: 0.001
Itr		Time		  Data		  Loss		Acc
[0/164]	0.1133 (0.1133)	0.1089 (0.1089)	0.014 (0.014)	100.00 (100.00)
[100/164]	0.0103 (0.0086)	0.0081 (0.0065)	0.008 (0.017)	99.22 (99.37)
[163/164]	0.0027 (0.0082)	0.0007 (0.0061)	0.010 (0.017)	100.00 (99.40)
 * Train Acc 99.402
 * Val Acc 99.021, Total time 0.25
Epoch:3
LR: 0.001
Itr		Time		  Data		  Loss		Acc
[0/164]	0.1105 (0.1105)	0.1049 (0.1049)	0.052 (0.052)	99.22 (99.22)
[100/164]	0.0166 (0.0086)	0.0145 (0.0064)	0.002 (0.011)	100.00 (99.67)
[163/164]	0.0025 (0.0081)	0.0005 (0.0060)	0.005 (0.009)	100.00 (99.72)
 * Train Acc 99.722
 * Val Acc 99.314, Total time 0.29
validation split name: 1
 * Val Acc 99.007, Total time 0.26
validation split name: 2
 * Val Acc 99.314, Total time 0.25
====================== 3 =======================
Epoch:0
LR: 0.001
Itr		Time		  Data		  Loss		Acc
[0/157]	0.1089 (0.1089)	0.1041 (0.1041)	0.762 (0.762)	84.38 (84.38)
[100/157]	0.0193 (0.0087)	0.0172 (0.0066)	0.136 (0.070)	96.09 (97.81)
[156/157]	0.0019 (0.0082)	0.0001 (0.0062)	0.024 (0.055)	98.95 (98.29)
 * Train Acc 98.290
 * Val Acc 99.733, Total time 0.23
Epoch:1
LR: 0.001
Itr		Time		  Data		  Loss		Acc
[0/157]	0.1110 (0.1110)	0.1064 (0.1064)	0.025 (0.025)	99.22 (99.22)
[100/157]	0.0102 (0.0086)	0.0081 (0.0065)	0.003 (0.014)	100.00 (99.60)
[156/157]	0.0019 (0.0081)	0.0001 (0.0061)	0.003 (0.014)	100.00 (99.56)
 * Train Acc 99.556
 * Val Acc 99.573, Total time 0.24
Epoch:2
LR: 0.001
Itr		Time		  Data		  Loss		Acc
[0/157]	0.1139 (0.1139)	0.1090 (0.1090)	0.002 (0.002)	100.00 (100.00)
[100/157]	0.0020 (0.0085)	0.0002 (0.0066)	0.009 (0.006)	100.00 (99.85)
[156/157]	0.0125 (0.0081)	0.0105 (0.0062)	0.010 (0.006)	100.00 (99.85)
 * Train Acc 99.845
 * Val Acc 99.680, Total time 0.23
Epoch:3
LR: 0.001
Itr		Time		  Data		  Loss		Acc
[0/157]	0.1095 (0.1095)	0.1048 (0.1048)	0.000 (0.000)	100.00 (100.00)
[100/157]	0.0020 (0.0085)	0.0002 (0.0064)	0.031 (0.003)	99.22 (99.94)
[156/157]	0.0124 (0.0081)	0.0102 (0.0061)	0.000 (0.004)	100.00 (99.90)
 * Train Acc 99.900
 * Val Acc 99.787, Total time 0.23
validation split name: 1
 * Val Acc 98.913, Total time 0.25
validation split name: 2
 * Val Acc 98.874, Total time 0.25
validation split name: 3
 * Val Acc 99.787, Total time 0.24
====================== 4 =======================
Epoch:0
LR: 0.001
Itr		Time		  Data		  Loss		Acc
[0/164]	0.1106 (0.1106)	0.1057 (0.1057)	1.567 (1.567)	64.84 (64.84)
[100/164]	0.0041 (0.0085)	0.0020 (0.0064)	0.008 (0.094)	100.00 (97.24)
[163/164]	0.0053 (0.0081)	0.0031 (0.0060)	0.088 (0.075)	97.39 (97.77)
 * Train Acc 97.774
 * Val Acc 99.043, Total time 0.24
Epoch:1
LR: 0.001
Itr		Time		  Data		  Loss		Acc
[0/164]	0.1082 (0.1082)	0.1038 (0.1038)	0.041 (0.041)	99.22 (99.22)
[100/164]	0.0022 (0.0084)	0.0004 (0.0065)	0.019 (0.024)	98.44 (99.20)
[163/164]	0.0019 (0.0081)	0.0001 (0.0062)	0.087 (0.024)	98.26 (99.18)
 * Train Acc 99.185
 * Val Acc 99.094, Total time 0.24
Epoch:2
LR: 0.001
Itr		Time		  Data		  Loss		Acc
[0/164]	0.1099 (0.1099)	0.1050 (0.1050)	0.012 (0.012)	100.00 (100.00)
[100/164]	0.0037 (0.0084)	0.0016 (0.0063)	0.047 (0.013)	97.66 (99.61)
[163/164]	0.0026 (0.0080)	0.0005 (0.0060)	0.014 (0.012)	99.13 (99.63)
 * Train Acc 99.633
 * Val Acc 99.446, Total time 0.24
Epoch:3
LR: 0.001
Itr		Time		  Data		  Loss		Acc
[0/164]	0.1084 (0.1084)	0.1041 (0.1041)	0.001 (0.001)	100.00 (100.00)
[100/164]	0.0026 (0.0084)	0.0008 (0.0066)	0.005 (0.006)	100.00 (99.83)
[163/164]	0.0019 (0.0081)	0.0001 (0.0062)	0.011 (0.006)	99.13 (99.82)
 * Train Acc 99.819
 * Val Acc 99.245, Total time 0.25
validation split name: 1
 * Val Acc 98.534, Total time 0.25
validation split name: 2
 * Val Acc 97.600, Total time 0.26
validation split name: 3
 * Val Acc 97.866, Total time 0.23
validation split name: 4
 * Val Acc 99.245, Total time 0.27
====================== 5 =======================
Epoch:0
LR: 0.001
Itr		Time		  Data		  Loss		Acc
[0/161]	0.1096 (0.1096)	0.1051 (0.1051)	1.041 (1.041)	76.56 (76.56)
[100/161]	0.0031 (0.0084)	0.0009 (0.0064)	0.090 (0.151)	96.88 (94.69)
[160/161]	0.0024 (0.0081)	0.0005 (0.0060)	0.091 (0.121)	94.17 (95.70)
 * Train Acc 95.699
 * Val Acc 97.983, Total time 0.24
Epoch:1
LR: 0.001
Itr		Time		  Data		  Loss		Acc
[0/161]	0.1139 (0.1139)	0.1095 (0.1095)	0.150 (0.150)	94.53 (94.53)
[100/161]	0.0117 (0.0086)	0.0094 (0.0065)	0.066 (0.044)	96.88 (98.41)
[160/161]	0.0124 (0.0082)	0.0103 (0.0061)	0.053 (0.045)	96.67 (98.42)
 * Train Acc 98.417
 * Val Acc 98.638, Total time 0.26
Epoch:2
LR: 0.001
Itr		Time		  Data		  Loss		Acc
[0/161]	0.1153 (0.1153)	0.1105 (0.1105)	0.004 (0.004)	100.00 (100.00)
[100/161]	0.0028 (0.0085)	0.0008 (0.0064)	0.006 (0.022)	100.00 (99.34)
[160/161]	0.0020 (0.0081)	0.0001 (0.0060)	0.005 (0.023)	100.00 (99.27)
 * Train Acc 99.272
 * Val Acc 98.689, Total time 0.25
Epoch:3
LR: 0.001
Itr		Time		  Data		  Loss		Acc
[0/161]	0.1088 (0.1088)	0.1043 (0.1043)	0.004 (0.004)	100.00 (100.00)
[100/161]	0.0019 (0.0085)	0.0001 (0.0065)	0.017 (0.015)	99.22 (99.52)
[160/161]	0.0019 (0.0082)	0.0001 (0.0062)	0.026 (0.014)	98.33 (99.55)
 * Train Acc 99.549
 * Val Acc 98.538, Total time 0.25
validation split name: 1
 * Val Acc 97.636, Total time 0.25
validation split name: 2
 * Val Acc 98.041, Total time 0.25
validation split name: 3
 * Val Acc 93.917, Total time 0.24
validation split name: 4
 * Val Acc 98.640, Total time 0.24
validation split name: 5
 * Val Acc 98.538, Total time 0.26
OrderedDict([('1', OrderedDict([('1', 99.90543735224587), ('2', 99.00709219858156), ('3', 98.91252955082743), ('4', 98.53427895981088), ('5', 97.63593380614657)])), ('2', OrderedDict([('2', 99.31439764936337), ('3', 98.87365328109696), ('4', 97.60039177277179), ('5', 98.0411361410382)])), ('3', OrderedDict([('3', 99.78655282817503), ('4', 97.86552828175027), ('5', 93.91675560298826)])), ('4', OrderedDict([('4', 99.24471299093656), ('5', 98.6404833836858)])), ('5', OrderedDict([('5', 98.53756933938477)]))])
Task 1 average acc: 99.90543735224587
Task 2 average acc: 99.16074492397246
Task 3 average acc: 99.19091188669982
Task 4 average acc: 98.31122800131737
Task 5 average acc: 97.35437565464872
===Summary of experiment repeats: 5 / 5 ===
The regularization coefficient: 0.0
The last avg acc of all repeats: [97.55760542 96.52188768 96.90020889 97.31744873 97.35437565]
mean: 97.13030527430763 std: 0.3717342952078183
reg_coef: 0.0 mean: 97.13030527430763 std: 0.3717342952078183
Total Time for the script is 171.44196105003357 seconds
