Files already downloaded and verified
Files already downloaded and verified
split_boundaries: [0, 20, 40, 60, 80, 100]
{'1': [0, 1, 2, 3, 4, 5, 6, 7, 8, 9, 10, 11, 12, 13, 14, 15, 16, 17, 18, 19], '2': [20, 21, 22, 23, 24, 25, 26, 27, 28, 29, 30, 31, 32, 33, 34, 35, 36, 37, 38, 39], '3': [40, 41, 42, 43, 44, 45, 46, 47, 48, 49, 50, 51, 52, 53, 54, 55, 56, 57, 58, 59], '4': [60, 61, 62, 63, 64, 65, 66, 67, 68, 69, 70, 71, 72, 73, 74, 75, 76, 77, 78, 79], '5': [80, 81, 82, 83, 84, 85, 86, 87, 88, 89, 90, 91, 92, 93, 94, 95, 96, 97, 98, 99]}
PreActResNet_cifar(
  (conv1): Conv2d(3, 16, kernel_size=(3, 3), stride=(1, 1), padding=(1, 1), bias=False)
  (stage1): Sequential(
    (0): PreActBlock(
      (bn1): BatchNorm2d(16, eps=1e-05, momentum=0.1, affine=True, track_running_stats=True)
      (conv1): Conv2d(16, 32, kernel_size=(3, 3), stride=(1, 1), padding=(1, 1), bias=False)
      (bn2): BatchNorm2d(32, eps=1e-05, momentum=0.1, affine=True, track_running_stats=True)
      (conv2): Conv2d(32, 32, kernel_size=(3, 3), stride=(1, 1), padding=(1, 1), bias=False)
      (shortcut): Sequential(
        (0): Conv2d(16, 32, kernel_size=(1, 1), stride=(1, 1), bias=False)
      )
    )
    (1): PreActBlock(
      (bn1): BatchNorm2d(32, eps=1e-05, momentum=0.1, affine=True, track_running_stats=True)
      (conv1): Conv2d(32, 32, kernel_size=(3, 3), stride=(1, 1), padding=(1, 1), bias=False)
      (bn2): BatchNorm2d(32, eps=1e-05, momentum=0.1, affine=True, track_running_stats=True)
      (conv2): Conv2d(32, 32, kernel_size=(3, 3), stride=(1, 1), padding=(1, 1), bias=False)
    )
    (2): PreActBlock(
      (bn1): BatchNorm2d(32, eps=1e-05, momentum=0.1, affine=True, track_running_stats=True)
      (conv1): Conv2d(32, 32, kernel_size=(3, 3), stride=(1, 1), padding=(1, 1), bias=False)
      (bn2): BatchNorm2d(32, eps=1e-05, momentum=0.1, affine=True, track_running_stats=True)
      (conv2): Conv2d(32, 32, kernel_size=(3, 3), stride=(1, 1), padding=(1, 1), bias=False)
    )
    (3): PreActBlock(
      (bn1): BatchNorm2d(32, eps=1e-05, momentum=0.1, affine=True, track_running_stats=True)
      (conv1): Conv2d(32, 32, kernel_size=(3, 3), stride=(1, 1), padding=(1, 1), bias=False)
      (bn2): BatchNorm2d(32, eps=1e-05, momentum=0.1, affine=True, track_running_stats=True)
      (conv2): Conv2d(32, 32, kernel_size=(3, 3), stride=(1, 1), padding=(1, 1), bias=False)
    )
  )
  (stage2): Sequential(
    (0): PreActBlock(
      (bn1): BatchNorm2d(32, eps=1e-05, momentum=0.1, affine=True, track_running_stats=True)
      (conv1): Conv2d(32, 64, kernel_size=(3, 3), stride=(2, 2), padding=(1, 1), bias=False)
      (bn2): BatchNorm2d(64, eps=1e-05, momentum=0.1, affine=True, track_running_stats=True)
      (conv2): Conv2d(64, 64, kernel_size=(3, 3), stride=(1, 1), padding=(1, 1), bias=False)
      (shortcut): Sequential(
        (0): Conv2d(32, 64, kernel_size=(1, 1), stride=(2, 2), bias=False)
      )
    )
    (1): PreActBlock(
      (bn1): BatchNorm2d(64, eps=1e-05, momentum=0.1, affine=True, track_running_stats=True)
      (conv1): Conv2d(64, 64, kernel_size=(3, 3), stride=(1, 1), padding=(1, 1), bias=False)
      (bn2): BatchNorm2d(64, eps=1e-05, momentum=0.1, affine=True, track_running_stats=True)
      (conv2): Conv2d(64, 64, kernel_size=(3, 3), stride=(1, 1), padding=(1, 1), bias=False)
    )
    (2): PreActBlock(
      (bn1): BatchNorm2d(64, eps=1e-05, momentum=0.1, affine=True, track_running_stats=True)
      (conv1): Conv2d(64, 64, kernel_size=(3, 3), stride=(1, 1), padding=(1, 1), bias=False)
      (bn2): BatchNorm2d(64, eps=1e-05, momentum=0.1, affine=True, track_running_stats=True)
      (conv2): Conv2d(64, 64, kernel_size=(3, 3), stride=(1, 1), padding=(1, 1), bias=False)
    )
    (3): PreActBlock(
      (bn1): BatchNorm2d(64, eps=1e-05, momentum=0.1, affine=True, track_running_stats=True)
      (conv1): Conv2d(64, 64, kernel_size=(3, 3), stride=(1, 1), padding=(1, 1), bias=False)
      (bn2): BatchNorm2d(64, eps=1e-05, momentum=0.1, affine=True, track_running_stats=True)
      (conv2): Conv2d(64, 64, kernel_size=(3, 3), stride=(1, 1), padding=(1, 1), bias=False)
    )
  )
  (stage3): Sequential(
    (0): PreActBlock(
      (bn1): BatchNorm2d(64, eps=1e-05, momentum=0.1, affine=True, track_running_stats=True)
      (conv1): Conv2d(64, 128, kernel_size=(3, 3), stride=(2, 2), padding=(1, 1), bias=False)
      (bn2): BatchNorm2d(128, eps=1e-05, momentum=0.1, affine=True, track_running_stats=True)
      (conv2): Conv2d(128, 128, kernel_size=(3, 3), stride=(1, 1), padding=(1, 1), bias=False)
      (shortcut): Sequential(
        (0): Conv2d(64, 128, kernel_size=(1, 1), stride=(2, 2), bias=False)
      )
    )
    (1): PreActBlock(
      (bn1): BatchNorm2d(128, eps=1e-05, momentum=0.1, affine=True, track_running_stats=True)
      (conv1): Conv2d(128, 128, kernel_size=(3, 3), stride=(1, 1), padding=(1, 1), bias=False)
      (bn2): BatchNorm2d(128, eps=1e-05, momentum=0.1, affine=True, track_running_stats=True)
      (conv2): Conv2d(128, 128, kernel_size=(3, 3), stride=(1, 1), padding=(1, 1), bias=False)
    )
    (2): PreActBlock(
      (bn1): BatchNorm2d(128, eps=1e-05, momentum=0.1, affine=True, track_running_stats=True)
      (conv1): Conv2d(128, 128, kernel_size=(3, 3), stride=(1, 1), padding=(1, 1), bias=False)
      (bn2): BatchNorm2d(128, eps=1e-05, momentum=0.1, affine=True, track_running_stats=True)
      (conv2): Conv2d(128, 128, kernel_size=(3, 3), stride=(1, 1), padding=(1, 1), bias=False)
    )
    (3): PreActBlock(
      (bn1): BatchNorm2d(128, eps=1e-05, momentum=0.1, affine=True, track_running_stats=True)
      (conv1): Conv2d(128, 128, kernel_size=(3, 3), stride=(1, 1), padding=(1, 1), bias=False)
      (bn2): BatchNorm2d(128, eps=1e-05, momentum=0.1, affine=True, track_running_stats=True)
      (conv2): Conv2d(128, 128, kernel_size=(3, 3), stride=(1, 1), padding=(1, 1), bias=False)
    )
  )
  (bn_last): BatchNorm2d(128, eps=1e-05, momentum=0.1, affine=True, track_running_stats=True)
  (last): ModuleDict(
    (1): Linear(in_features=128, out_features=20, bias=True)
    (2): Linear(in_features=128, out_features=20, bias=True)
    (3): Linear(in_features=128, out_features=20, bias=True)
    (4): Linear(in_features=128, out_features=20, bias=True)
    (5): Linear(in_features=128, out_features=20, bias=True)
  )
)
#parameter of model: 1479220
Task order: ['1', '2', '3', '4', '5']
====================== 1 =======================
Epoch:0
LR: 0.001
Itr		Time		  Data		  Loss		Acc
[0/79]	0.6443 (0.6443)	0.1025 (0.1025)	2.779 (2.779)	23.44 (23.44)
[78/79]	0.0504 (0.0678)	0.0009 (0.0022)	2.171 (2.525)	31.25 (22.47)
 * Train Acc 22.470
 * Val Acc 22.850, Total time 0.25
Epoch:1
LR: 0.001
Itr		Time		  Data		  Loss		Acc
[0/79]	0.1829 (0.1829)	0.1172 (0.1172)	2.415 (2.415)	26.56 (26.56)
[78/79]	0.0445 (0.0614)	0.0007 (0.0023)	2.175 (2.347)	31.25 (27.10)
 * Train Acc 27.100
 * Val Acc 26.500, Total time 0.26
Epoch:2
LR: 0.001
Itr		Time		  Data		  Loss		Acc
[0/79]	0.1842 (0.1842)	0.1182 (0.1182)	2.153 (2.153)	33.59 (33.59)
[78/79]	0.0453 (0.0614)	0.0007 (0.0024)	1.924 (2.217)	43.75 (31.46)
 * Train Acc 31.460
 * Val Acc 22.450, Total time 0.25
Epoch:3
LR: 0.001
Itr		Time		  Data		  Loss		Acc
[0/79]	0.1751 (0.1751)	0.1102 (0.1102)	2.234 (2.234)	34.38 (34.38)
[78/79]	0.0446 (0.0613)	0.0008 (0.0022)	1.424 (2.123)	68.75 (34.11)
 * Train Acc 34.110
 * Val Acc 26.800, Total time 0.25
Epoch:4
LR: 0.001
Itr		Time		  Data		  Loss		Acc
[0/79]	0.1840 (0.1840)	0.1195 (0.1195)	2.065 (2.065)	35.94 (35.94)
[78/79]	0.0440 (0.0614)	0.0007 (0.0023)	1.335 (1.966)	56.25 (38.71)
 * Train Acc 38.710
 * Val Acc 38.300, Total time 0.25
Epoch:5
LR: 0.001
Itr		Time		  Data		  Loss		Acc
[0/79]	0.1747 (0.1747)	0.1104 (0.1104)	1.899 (1.899)	44.53 (44.53)
[78/79]	0.0435 (0.0612)	0.0007 (0.0022)	1.391 (1.807)	56.25 (43.40)
 * Train Acc 43.400
 * Val Acc 35.500, Total time 0.25
Epoch:6
LR: 0.001
Itr		Time		  Data		  Loss		Acc
[0/79]	0.1853 (0.1853)	0.1200 (0.1200)	1.775 (1.775)	42.97 (42.97)
[78/79]	0.0444 (0.0614)	0.0008 (0.0024)	1.527 (1.665)	62.50 (47.06)
 * Train Acc 47.060
 * Val Acc 36.400, Total time 0.25
Epoch:7
LR: 0.001
Itr		Time		  Data		  Loss		Acc
[0/79]	0.1843 (0.1843)	0.1182 (0.1182)	1.630 (1.630)	49.22 (49.22)
[78/79]	0.0437 (0.0614)	0.0008 (0.0023)	1.126 (1.537)	68.75 (51.10)
 * Train Acc 51.100
 * Val Acc 42.500, Total time 0.25
Epoch:8
LR: 0.001
Itr		Time		  Data		  Loss		Acc
[0/79]	0.1855 (0.1855)	0.1194 (0.1194)	1.657 (1.657)	42.19 (42.19)
[78/79]	0.0434 (0.0615)	0.0009 (0.0024)	1.572 (1.427)	43.75 (53.87)
 * Train Acc 53.870
 * Val Acc 44.700, Total time 0.25
Epoch:9
LR: 0.001
Itr		Time		  Data		  Loss		Acc
[0/79]	0.1843 (0.1843)	0.1205 (0.1205)	1.532 (1.532)	49.22 (49.22)
[78/79]	0.0439 (0.0614)	0.0009 (0.0024)	0.984 (1.337)	81.25 (57.42)
 * Train Acc 57.420
 * Val Acc 50.000, Total time 0.28
Epoch:10
LR: 0.0001
Itr		Time		  Data		  Loss		Acc
[0/79]	0.1937 (0.1937)	0.1279 (0.1279)	1.250 (1.250)	59.38 (59.38)
[78/79]	0.0447 (0.0615)	0.0009 (0.0025)	1.189 (1.121)	75.00 (64.19)
 * Train Acc 64.190
 * Val Acc 65.150, Total time 0.26
Epoch:11
LR: 0.0001
Itr		Time		  Data		  Loss		Acc
[0/79]	0.1839 (0.1839)	0.1190 (0.1190)	1.060 (1.060)	65.62 (65.62)
[78/79]	0.0433 (0.0613)	0.0008 (0.0024)	1.722 (1.029)	37.50 (66.65)
 * Train Acc 66.650
 * Val Acc 65.250, Total time 0.29
Epoch:12
LR: 0.0001
Itr		Time		  Data		  Loss		Acc
[0/79]	0.1742 (0.1742)	0.1096 (0.1096)	0.788 (0.788)	75.78 (75.78)
[78/79]	0.0435 (0.0613)	0.0008 (0.0023)	1.748 (0.981)	56.25 (68.92)
 * Train Acc 68.920
 * Val Acc 66.900, Total time 0.25
Epoch:13
LR: 0.0001
Itr		Time		  Data		  Loss		Acc
[0/79]	0.1846 (0.1846)	0.1200 (0.1200)	0.978 (0.978)	66.41 (66.41)
[78/79]	0.0444 (0.0614)	0.0008 (0.0024)	1.132 (0.941)	50.00 (69.77)
 * Train Acc 69.770
 * Val Acc 67.200, Total time 0.25
Epoch:14
LR: 0.0001
Itr		Time		  Data		  Loss		Acc
[0/79]	0.1857 (0.1857)	0.1153 (0.1153)	0.888 (0.888)	64.84 (64.84)
[78/79]	0.0441 (0.0614)	0.0008 (0.0023)	1.162 (0.906)	43.75 (70.43)
 * Train Acc 70.430
 * Val Acc 68.250, Total time 0.30
Epoch:15
LR: 0.0001
Itr		Time		  Data		  Loss		Acc
[0/79]	0.1757 (0.1757)	0.1119 (0.1119)	0.845 (0.845)	76.56 (76.56)
[78/79]	0.0440 (0.0612)	0.0009 (0.0023)	0.783 (0.873)	81.25 (71.72)
 * Train Acc 71.720
 * Val Acc 69.050, Total time 0.26
Epoch:16
LR: 0.0001
Itr		Time		  Data		  Loss		Acc
[0/79]	0.1817 (0.1817)	0.1174 (0.1174)	0.749 (0.749)	78.12 (78.12)
[78/79]	0.0435 (0.0613)	0.0008 (0.0024)	0.991 (0.851)	56.25 (72.27)
 * Train Acc 72.270
 * Val Acc 68.700, Total time 0.24
Epoch:17
LR: 0.0001
Itr		Time		  Data		  Loss		Acc
[0/79]	0.1837 (0.1837)	0.1188 (0.1188)	0.834 (0.834)	75.00 (75.00)
[78/79]	0.0436 (0.0613)	0.0008 (0.0024)	0.706 (0.814)	81.25 (73.54)
 * Train Acc 73.540
 * Val Acc 68.800, Total time 0.26
Epoch:18
LR: 0.0001
Itr		Time		  Data		  Loss		Acc
[0/79]	0.1784 (0.1784)	0.1129 (0.1129)	0.799 (0.799)	73.44 (73.44)
[78/79]	0.0438 (0.0616)	0.0008 (0.0023)	0.566 (0.782)	87.50 (74.71)
 * Train Acc 74.710
 * Val Acc 70.150, Total time 0.24
Epoch:19
LR: 0.0001
Itr		Time		  Data		  Loss		Acc
[0/79]	0.1960 (0.1960)	0.1281 (0.1281)	0.892 (0.892)	67.19 (67.19)
[78/79]	0.0434 (0.0616)	0.0008 (0.0025)	0.685 (0.753)	75.00 (75.74)
 * Train Acc 75.740
 * Val Acc 67.950, Total time 0.25
Epoch:20
LR: 1.0000000000000003e-05
Itr		Time		  Data		  Loss		Acc
[0/79]	0.1760 (0.1760)	0.1118 (0.1118)	0.801 (0.801)	72.66 (72.66)
[78/79]	0.0434 (0.0613)	0.0008 (0.0023)	0.564 (0.709)	81.25 (77.17)
 * Train Acc 77.170
 * Val Acc 72.750, Total time 0.25
Epoch:21
LR: 1.0000000000000003e-05
Itr		Time		  Data		  Loss		Acc
[0/79]	0.1907 (0.1907)	0.1198 (0.1198)	0.623 (0.623)	81.25 (81.25)
[78/79]	0.0437 (0.0617)	0.0009 (0.0024)	0.693 (0.672)	81.25 (78.36)
 * Train Acc 78.360
 * Val Acc 72.850, Total time 0.25
Epoch:22
LR: 1.0000000000000003e-05
Itr		Time		  Data		  Loss		Acc
[0/79]	0.1866 (0.1866)	0.1206 (0.1206)	0.649 (0.649)	75.78 (75.78)
[78/79]	0.0440 (0.0615)	0.0007 (0.0024)	1.077 (0.658)	62.50 (79.00)
 * Train Acc 79.000
 * Val Acc 72.050, Total time 0.29
Epoch:23
LR: 1.0000000000000003e-05
Itr		Time		  Data		  Loss		Acc
[0/79]	0.1846 (0.1846)	0.1200 (0.1200)	0.684 (0.684)	78.91 (78.91)
[78/79]	0.0432 (0.0611)	0.0007 (0.0023)	0.588 (0.658)	75.00 (79.01)
 * Train Acc 79.010
 * Val Acc 73.100, Total time 0.25
Epoch:24
LR: 1.0000000000000003e-05
Itr		Time		  Data		  Loss		Acc
[0/79]	0.1876 (0.1876)	0.1223 (0.1223)	0.806 (0.806)	74.22 (74.22)
[78/79]	0.0438 (0.0614)	0.0009 (0.0024)	1.014 (0.652)	56.25 (79.12)
 * Train Acc 79.120
 * Val Acc 73.600, Total time 0.26
Epoch:25
LR: 1.0000000000000003e-05
Itr		Time		  Data		  Loss		Acc
[0/79]	0.1837 (0.1837)	0.1193 (0.1193)	0.565 (0.565)	79.69 (79.69)
[78/79]	0.0433 (0.0614)	0.0008 (0.0023)	0.742 (0.650)	68.75 (79.03)
 * Train Acc 79.030
 * Val Acc 73.350, Total time 0.25
Epoch:26
LR: 1.0000000000000003e-05
Itr		Time		  Data		  Loss		Acc
[0/79]	0.1836 (0.1836)	0.1177 (0.1177)	0.705 (0.705)	78.12 (78.12)
[78/79]	0.0429 (0.0614)	0.0007 (0.0024)	0.886 (0.645)	68.75 (79.07)
 * Train Acc 79.070
 * Val Acc 72.750, Total time 0.25
Epoch:27
LR: 1.0000000000000003e-05
Itr		Time		  Data		  Loss		Acc
[0/79]	0.1757 (0.1757)	0.1098 (0.1098)	0.570 (0.570)	79.69 (79.69)
[78/79]	0.0433 (0.0610)	0.0007 (0.0022)	0.806 (0.637)	75.00 (79.45)
 * Train Acc 79.450
 * Val Acc 71.850, Total time 0.28
Epoch:28
LR: 1.0000000000000003e-05
Itr		Time		  Data		  Loss		Acc
[0/79]	0.1853 (0.1853)	0.1208 (0.1208)	0.613 (0.613)	78.91 (78.91)
[78/79]	0.0446 (0.0614)	0.0008 (0.0024)	0.482 (0.633)	93.75 (79.63)
 * Train Acc 79.630
 * Val Acc 72.900, Total time 0.26
Epoch:29
LR: 1.0000000000000003e-05
Itr		Time		  Data		  Loss		Acc
[0/79]	0.1818 (0.1818)	0.1169 (0.1169)	0.547 (0.547)	82.81 (82.81)
[78/79]	0.0439 (0.0614)	0.0009 (0.0023)	1.107 (0.627)	50.00 (79.86)
 * Train Acc 79.860
 * Val Acc 73.350, Total time 0.25
validation split name: 1
 * Val Acc 73.350, Total time 0.30
====================== 2 =======================
Epoch:0
LR: 0.001
Itr		Time		  Data		  Loss		Acc
[0/157]	0.8693 (0.8693)	0.1153 (0.1153)	6.320 (6.320)	10.29 (37.50)
[100/157]	0.6956 (0.6905)	0.0012 (0.0024)	4.747 (5.236)	34.92 (19.77)
[156/157]	0.6736 (0.6896)	0.0015 (0.0020)	4.786 (5.051)	29.41 (23.42)
 * Train Acc 23.420
 * Val Acc 33.850, Total time 0.26
Epoch:1
LR: 0.001
Itr		Time		  Data		  Loss		Acc
[0/157]	0.8203 (0.8203)	0.1229 (0.1229)	4.703 (4.703)	27.27 (31.25)
[100/157]	0.6932 (0.6889)	0.0013 (0.0024)	4.230 (4.409)	48.21 (36.75)
[156/157]	0.6702 (0.6883)	0.0014 (0.0021)	4.592 (4.348)	17.65 (38.30)
 * Train Acc 38.300
 * Val Acc 42.650, Total time 0.29
Epoch:2
LR: 0.001
Itr		Time		  Data		  Loss		Acc
[0/157]	0.8101 (0.8101)	0.1175 (0.1175)	4.352 (4.352)	43.55 (42.19)
[100/157]	0.6852 (0.6890)	0.0014 (0.0024)	4.088 (4.088)	49.23 (45.03)
[156/157]	0.6711 (0.6883)	0.0011 (0.0020)	4.095 (4.050)	50.00 (46.10)
 * Train Acc 46.100
 * Val Acc 49.950, Total time 0.25
Epoch:3
LR: 0.001
Itr		Time		  Data		  Loss		Acc
[0/157]	0.8121 (0.8121)	0.1163 (0.1163)	4.114 (4.114)	45.90 (42.19)
[100/157]	0.6847 (0.6877)	0.0012 (0.0024)	3.897 (3.929)	61.02 (49.20)
[156/157]	0.6675 (0.6871)	0.0012 (0.0020)	3.601 (3.911)	53.85 (49.37)
 * Train Acc 49.370
 * Val Acc 51.650, Total time 0.29
Epoch:4
LR: 0.001
Itr		Time		  Data		  Loss		Acc
[0/157]	0.8273 (0.8273)	0.1244 (0.1244)	3.799 (3.799)	57.89 (47.66)
[100/157]	0.6845 (0.6884)	0.0012 (0.0025)	3.635 (3.821)	58.21 (51.76)
[156/157]	0.6677 (0.6873)	0.0012 (0.0021)	3.621 (3.809)	66.67 (52.30)
 * Train Acc 52.300
 * Val Acc 52.950, Total time 0.26
Epoch:5
LR: 0.001
Itr		Time		  Data		  Loss		Acc
[0/157]	0.8158 (0.8158)	0.1202 (0.1202)	3.945 (3.945)	56.52 (54.69)
[100/157]	0.6813 (0.6896)	0.0014 (0.0026)	3.704 (3.742)	72.13 (54.20)
[156/157]	0.6711 (0.6890)	0.0015 (0.0022)	3.883 (3.726)	66.67 (54.41)
 * Train Acc 54.405
 * Val Acc 58.050, Total time 0.25
Epoch:6
LR: 0.001
Itr		Time		  Data		  Loss		Acc
[0/157]	0.8135 (0.8135)	0.1206 (0.1206)	3.683 (3.683)	62.30 (58.59)
[100/157]	0.7061 (0.6875)	0.0013 (0.0024)	3.596 (3.677)	67.80 (55.93)
[156/157]	0.6669 (0.6868)	0.0011 (0.0020)	3.685 (3.668)	72.73 (56.01)
 * Train Acc 56.005
 * Val Acc 63.250, Total time 0.25
Epoch:7
LR: 0.001
Itr		Time		  Data		  Loss		Acc
[0/157]	0.8247 (0.8247)	0.1251 (0.1251)	3.538 (3.538)	58.21 (53.12)
[100/157]	0.6876 (0.6876)	0.0013 (0.0025)	3.355 (3.588)	73.13 (58.05)
[156/157]	0.6676 (0.6870)	0.0013 (0.0020)	3.377 (3.579)	93.75 (58.02)
 * Train Acc 58.020
 * Val Acc 62.250, Total time 0.29
Epoch:8
LR: 0.001
Itr		Time		  Data		  Loss		Acc
[0/157]	0.8160 (0.8160)	0.1224 (0.1224)	3.735 (3.735)	62.90 (54.69)
[100/157]	0.6840 (0.6888)	0.0012 (0.0025)	3.337 (3.520)	71.01 (58.88)
[156/157]	0.6708 (0.6878)	0.0012 (0.0020)	3.491 (3.521)	83.33 (59.21)
 * Train Acc 59.210
 * Val Acc 63.700, Total time 0.25
Epoch:9
LR: 0.001
Itr		Time		  Data		  Loss		Acc
[0/157]	0.8060 (0.8060)	0.1122 (0.1122)	3.565 (3.565)	62.50 (54.69)
[100/157]	0.6909 (0.6894)	0.0014 (0.0025)	3.483 (3.476)	78.18 (60.38)
[156/157]	0.6755 (0.6888)	0.0013 (0.0021)	3.204 (3.464)	86.36 (60.69)
 * Train Acc 60.690
 * Val Acc 64.650, Total time 0.26
Epoch:10
LR: 0.0001
Itr		Time		  Data		  Loss		Acc
[0/157]	0.8163 (0.8163)	0.1122 (0.1122)	3.525 (3.525)	73.33 (57.03)
[100/157]	0.6822 (0.6899)	0.0012 (0.0024)	3.251 (3.261)	69.70 (65.75)
[156/157]	0.6714 (0.6888)	0.0012 (0.0020)	3.039 (3.215)	75.00 (66.60)
 * Train Acc 66.600
 * Val Acc 74.600, Total time 0.26
Epoch:11
LR: 0.0001
Itr		Time		  Data		  Loss		Acc
[0/157]	0.8196 (0.8196)	0.1213 (0.1213)	3.213 (3.213)	73.02 (65.62)
[100/157]	0.6860 (0.6896)	0.0014 (0.0026)	2.893 (3.081)	76.62 (68.97)
[156/157]	0.6684 (0.6889)	0.0012 (0.0022)	3.418 (3.066)	68.75 (69.24)
 * Train Acc 69.240
 * Val Acc 75.200, Total time 0.25
Epoch:12
LR: 0.0001
Itr		Time		  Data		  Loss		Acc
[0/157]	0.8141 (0.8141)	0.1225 (0.1225)	2.993 (2.993)	83.87 (75.00)
[100/157]	0.6899 (0.6891)	0.0013 (0.0026)	3.053 (2.990)	72.58 (70.55)
[156/157]	0.6698 (0.6884)	0.0014 (0.0021)	2.842 (2.982)	84.21 (70.55)
 * Train Acc 70.550
 * Val Acc 75.700, Total time 0.25
Epoch:13
LR: 0.0001
Itr		Time		  Data		  Loss		Acc
[0/157]	0.8197 (0.8197)	0.1224 (0.1224)	3.114 (3.114)	81.97 (71.88)
[100/157]	0.6844 (0.6880)	0.0014 (0.0025)	2.881 (2.897)	85.07 (72.37)
[156/157]	0.6664 (0.6871)	0.0011 (0.0021)	2.619 (2.898)	95.45 (72.17)
 * Train Acc 72.165
 * Val Acc 75.400, Total time 0.25
Epoch:14
LR: 0.0001
Itr		Time		  Data		  Loss		Acc
[0/157]	0.8168 (0.8168)	0.1216 (0.1216)	2.784 (2.784)	87.69 (72.66)
[100/157]	0.6862 (0.6873)	0.0012 (0.0024)	2.763 (2.838)	80.82 (73.69)
[156/157]	0.6751 (0.6866)	0.0012 (0.0020)	2.800 (2.834)	93.75 (73.48)
 * Train Acc 73.480
 * Val Acc 75.150, Total time 0.25
Epoch:15
LR: 0.0001
Itr		Time		  Data		  Loss		Acc
[0/157]	0.8243 (0.8243)	0.1261 (0.1261)	2.756 (2.756)	81.97 (78.12)
[100/157]	0.6845 (0.6884)	0.0013 (0.0025)	2.864 (2.779)	85.19 (75.54)
[156/157]	0.6706 (0.6876)	0.0012 (0.0021)	2.941 (2.783)	93.33 (75.03)
 * Train Acc 75.030
 * Val Acc 75.850, Total time 0.25
Epoch:16
LR: 0.0001
Itr		Time		  Data		  Loss		Acc
[0/157]	0.8067 (0.8067)	0.1151 (0.1151)	2.690 (2.690)	89.39 (82.03)
[100/157]	0.6812 (0.6891)	0.0014 (0.0025)	2.642 (2.748)	89.29 (76.20)
[156/157]	0.6700 (0.6887)	0.0014 (0.0021)	3.082 (2.750)	86.67 (76.12)
 * Train Acc 76.120
 * Val Acc 71.300, Total time 0.26
Epoch:17
LR: 0.0001
Itr		Time		  Data		  Loss		Acc
[0/157]	0.8180 (0.8180)	0.1206 (0.1206)	2.733 (2.733)	86.76 (81.25)
[100/157]	0.6807 (0.6892)	0.0012 (0.0025)	2.792 (2.733)	82.46 (77.25)
[156/157]	0.6697 (0.6883)	0.0012 (0.0021)	2.932 (2.728)	91.67 (77.27)
 * Train Acc 77.270
 * Val Acc 72.300, Total time 0.25
Epoch:18
LR: 0.0001
Itr		Time		  Data		  Loss		Acc
[0/157]	0.8199 (0.8199)	0.1195 (0.1195)	2.454 (2.454)	89.23 (76.56)
[100/157]	0.6860 (0.6895)	0.0015 (0.0025)	2.676 (2.635)	91.94 (78.59)
[156/157]	0.6753 (0.6894)	0.0013 (0.0021)	2.349 (2.571)	87.50 (78.36)
 * Train Acc 78.365
 * Val Acc 71.000, Total time 0.26
Epoch:19
LR: 0.0001
Itr		Time		  Data		  Loss		Acc
[0/157]	0.8174 (0.8174)	0.1213 (0.1213)	2.282 (2.282)	86.84 (80.47)
[100/157]	0.6910 (0.6891)	0.0014 (0.0025)	-0.954 (1.836)	78.33 (74.37)
[156/157]	0.6694 (0.6885)	0.0012 (0.0021)	4.346 (1.207)	88.89 (70.44)
 * Train Acc 70.445
 * Val Acc 64.850, Total time 0.25
Epoch:20
LR: 1.0000000000000003e-05
Itr		Time		  Data		  Loss		Acc
[0/157]	0.8181 (0.8181)	0.1247 (0.1247)	-5.451 (-5.451)	70.59 (64.06)
[100/157]	0.6862 (0.6892)	0.0014 (0.0026)	-7.833 (-3.386)	76.19 (67.98)
[156/157]	0.6754 (0.6893)	0.0014 (0.0022)	-7.976 (-3.192)	76.47 (68.08)
 * Train Acc 68.085
 * Val Acc 71.750, Total time 0.26
Epoch:21
LR: 1.0000000000000003e-05
Itr		Time		  Data		  Loss		Acc
[0/157]	0.8222 (0.8222)	0.1282 (0.1282)	1.024 (1.024)	82.61 (75.78)
[100/157]	0.6859 (0.6897)	0.0014 (0.0026)	1.498 (-3.298)	81.13 (70.16)
[156/157]	0.6801 (0.6893)	0.0014 (0.0022)	0.491 (-3.286)	71.43 (69.93)
 * Train Acc 69.930
 * Val Acc 72.750, Total time 0.25
Epoch:22
LR: 1.0000000000000003e-05
Itr		Time		  Data		  Loss		Acc
[0/157]	0.8152 (0.8152)	0.1222 (0.1222)	-2.603 (-2.603)	69.23 (64.84)
[100/157]	0.6908 (0.6891)	0.0014 (0.0026)	1.005 (-3.949)	85.94 (68.83)
[156/157]	0.6691 (0.6886)	0.0012 (0.0022)	1.076 (-3.905)	84.21 (69.28)
 * Train Acc 69.285
 * Val Acc 73.250, Total time 0.28
Epoch:23
LR: 1.0000000000000003e-05
Itr		Time		  Data		  Loss		Acc
[0/157]	0.8045 (0.8045)	0.1087 (0.1087)	-10.522 (-10.522)	75.86 (75.00)
[100/157]	0.6812 (0.6891)	0.0014 (0.0024)	1.196 (-4.638)	81.82 (70.24)
[156/157]	0.6703 (0.6885)	0.0014 (0.0021)	-11.658 (-4.080)	75.00 (69.25)
 * Train Acc 69.250
 * Val Acc 72.200, Total time 0.26
Epoch:24
LR: 1.0000000000000003e-05
Itr		Time		  Data		  Loss		Acc
[0/157]	0.8184 (0.8184)	0.1208 (0.1208)	0.836 (0.836)	81.54 (71.88)
[100/157]	0.6859 (0.6891)	0.0014 (0.0026)	-11.769 (-4.737)	80.00 (70.55)
[156/157]	0.6707 (0.6887)	0.0014 (0.0021)	-12.192 (-4.518)	82.35 (70.44)
 * Train Acc 70.435
 * Val Acc 73.700, Total time 0.27
Epoch:25
LR: 1.0000000000000003e-05
Itr		Time		  Data		  Loss		Acc
[0/157]	0.8115 (0.8115)	0.1145 (0.1145)	0.091 (0.091)	79.41 (78.12)
[100/157]	0.6904 (0.6885)	0.0014 (0.0025)	-12.857 (-6.069)	80.00 (70.14)
[156/157]	0.6987 (0.6884)	0.0012 (0.0021)	0.175 (-5.883)	65.00 (70.19)
 * Train Acc 70.185
 * Val Acc 73.100, Total time 0.25
Epoch:26
LR: 1.0000000000000003e-05
Itr		Time		  Data		  Loss		Acc
[0/157]	0.8200 (0.8200)	0.1232 (0.1232)	-12.660 (-12.660)	84.13 (71.88)
[100/157]	0.6846 (0.6894)	0.0013 (0.0026)	0.807 (-5.963)	83.33 (70.85)
[156/157]	0.6737 (0.6884)	0.0014 (0.0021)	4.568 (-6.767)	55.56 (70.52)
 * Train Acc 70.515
 * Val Acc 73.850, Total time 0.25
Epoch:27
LR: 1.0000000000000003e-05
Itr		Time		  Data		  Loss		Acc
[0/157]	0.8222 (0.8222)	0.1243 (0.1243)	-13.858 (-13.858)	73.77 (67.97)
[100/157]	0.6907 (0.6893)	0.0014 (0.0026)	-13.375 (-5.550)	72.73 (71.32)
[156/157]	0.6790 (0.6892)	0.0012 (0.0022)	-13.463 (-5.656)	72.22 (70.88)
 * Train Acc 70.875
 * Val Acc 73.250, Total time 0.25
Epoch:28
LR: 1.0000000000000003e-05
Itr		Time		  Data		  Loss		Acc
[0/157]	0.8121 (0.8121)	0.1200 (0.1200)	-13.908 (-13.908)	79.03 (73.44)
[100/157]	0.6795 (0.6895)	0.0013 (0.0025)	-0.031 (-4.546)	75.00 (71.02)
[156/157]	0.6675 (0.6877)	0.0012 (0.0021)	-0.892 (-5.088)	63.64 (70.62)
 * Train Acc 70.620
 * Val Acc 73.350, Total time 0.28
Epoch:29
LR: 1.0000000000000003e-05
Itr		Time		  Data		  Loss		Acc
[0/157]	0.8187 (0.8187)	0.1218 (0.1218)	2.097 (2.097)	84.62 (70.31)
[100/157]	0.6896 (0.6892)	0.0014 (0.0026)	0.444 (-5.040)	85.71 (71.41)
[156/157]	0.6716 (0.6880)	0.0011 (0.0021)	-1.809 (-5.692)	70.59 (70.42)
 * Train Acc 70.420
 * Val Acc 73.500, Total time 0.25
validation split name: 1
 * Val Acc 54.150, Total time 0.31
validation split name: 2
 * Val Acc 73.500, Total time 0.26
====================== 3 =======================
Epoch:0
LR: 0.001
Itr		Time		  Data		  Loss		Acc
[0/204]	0.8295 (0.8295)	0.1185 (0.1185)	3.981 (3.981)	0.00 (44.53)
[100/204]	0.6907 (0.6974)	0.0013 (0.0024)	4.381 (4.762)	41.30 (30.03)
[200/204]	0.6902 (0.6961)	0.0014 (0.0019)	4.043 (4.430)	28.95 (35.49)
[203/204]	0.6748 (0.6961)	0.0014 (0.0019)	3.805 (4.427)	37.50 (35.57)
 * Train Acc 35.573
 * Val Acc 39.150, Total time 0.26
Epoch:1
LR: 0.001
Itr		Time		  Data		  Loss		Acc
[0/204]	0.8267 (0.8267)	0.1236 (0.1236)	3.964 (3.964)	36.73 (39.84)
[100/204]	0.6979 (0.6963)	0.0012 (0.0024)	3.671 (3.792)	46.15 (45.39)
[200/204]	0.6957 (0.6955)	0.0012 (0.0018)	3.724 (3.844)	58.82 (44.88)
[203/204]	0.6798 (0.6954)	0.0012 (0.0018)	3.769 (3.842)	50.00 (44.93)
 * Train Acc 44.935
 * Val Acc 46.150, Total time 0.25
Epoch:2
LR: 0.001
Itr		Time		  Data		  Loss		Acc
[0/204]	0.8164 (0.8164)	0.1165 (0.1165)	3.726 (3.726)	47.17 (46.88)
[100/204]	0.6950 (0.6993)	0.0014 (0.0025)	2.015 (3.649)	37.50 (42.47)
[200/204]	0.6929 (0.6989)	0.0013 (0.0020)	3.382 (3.553)	62.00 (38.64)
[203/204]	0.6882 (0.6989)	0.0013 (0.0020)	3.702 (3.554)	42.86 (38.80)
 * Train Acc 38.796
 * Val Acc 46.500, Total time 0.26
Epoch:3
LR: 0.001
Itr		Time		  Data		  Loss		Acc
[0/204]	0.8269 (0.8269)	0.1198 (0.1198)	3.411 (3.411)	53.57 (53.12)
[100/204]	0.6920 (0.6983)	0.0014 (0.0026)	4.151 (3.800)	47.73 (34.81)
[200/204]	0.6973 (0.6978)	0.0013 (0.0020)	3.703 (3.882)	61.36 (39.87)
[203/204]	0.6836 (0.6977)	0.0013 (0.0020)	4.450 (3.881)	50.00 (39.97)
 * Train Acc 39.969
 * Val Acc 48.550, Total time 0.25
Epoch:4
LR: 0.001
Itr		Time		  Data		  Loss		Acc
[0/204]	0.8268 (0.8268)	0.1221 (0.1221)	3.863 (3.863)	45.45 (44.53)
[100/204]	0.6926 (0.6993)	0.0014 (0.0026)	3.738 (3.643)	39.58 (50.82)
[200/204]	0.6985 (0.6983)	0.0014 (0.0020)	3.650 (3.589)	57.45 (51.91)
[203/204]	0.6793 (0.6983)	0.0013 (0.0020)	3.808 (3.588)	33.33 (51.88)
 * Train Acc 51.877
 * Val Acc 54.400, Total time 0.25
Epoch:5
LR: 0.001
Itr		Time		  Data		  Loss		Acc
[0/204]	0.8367 (0.8367)	0.1268 (0.1268)	3.567 (3.567)	60.42 (60.16)
[100/204]	0.7004 (0.6982)	0.0015 (0.0026)	3.672 (3.396)	48.94 (55.47)
[200/204]	0.6967 (0.6979)	0.0015 (0.0020)	3.259 (3.378)	53.33 (55.96)
[203/204]	0.6822 (0.6978)	0.0013 (0.0020)	2.932 (3.376)	71.43 (56.00)
 * Train Acc 56.004
 * Val Acc 58.750, Total time 0.26
Epoch:6
LR: 0.001
Itr		Time		  Data		  Loss		Acc
[0/204]	0.8201 (0.8201)	0.1153 (0.1153)	3.474 (3.474)	61.70 (55.47)
[100/204]	0.6959 (0.6981)	0.0012 (0.0025)	3.144 (3.317)	64.00 (55.43)
[200/204]	0.7048 (0.6973)	0.0013 (0.0019)	4.998 (3.549)	32.08 (49.30)
[203/204]	0.6781 (0.6972)	0.0012 (0.0019)	5.223 (3.564)	75.00 (49.00)
 * Train Acc 49.004
 * Val Acc 29.400, Total time 0.26
Epoch:7
LR: 0.001
Itr		Time		  Data		  Loss		Acc
[0/204]	0.8349 (0.8349)	0.1312 (0.1312)	4.902 (4.902)	34.69 (32.03)
[100/204]	0.6984 (0.6990)	0.0015 (0.0026)	5.857 (5.221)	20.41 (20.50)
[200/204]	0.6927 (0.6974)	0.0011 (0.0020)	5.802 (5.285)	13.95 (17.26)
[203/204]	0.6763 (0.6972)	0.0012 (0.0019)	5.725 (5.290)	42.86 (17.18)
 * Train Acc 17.181
 * Val Acc 12.700, Total time 0.25
Epoch:8
LR: 0.001
Itr		Time		  Data		  Loss		Acc
[0/204]	0.8290 (0.8290)	0.1205 (0.1205)	5.691 (5.691)	11.76 (7.03)
[100/204]	0.6931 (0.6982)	0.0013 (0.0026)	5.697 (6.769)	12.50 (7.24)
[200/204]	0.6939 (0.6978)	0.0012 (0.0020)	5.638 (6.231)	6.38 (7.52)
[203/204]	0.6759 (0.6976)	0.0012 (0.0020)	5.543 (6.225)	28.57 (7.53)
 * Train Acc 7.527
 * Val Acc 7.900, Total time 0.25
Epoch:9
LR: 0.001
Itr		Time		  Data		  Loss		Acc
[0/204]	0.8221 (0.8221)	0.1177 (0.1177)	5.743 (5.743)	8.16 (7.03)
[100/204]	0.6969 (0.6981)	0.0012 (0.0025)	5.569 (5.623)	20.41 (9.01)
[200/204]	0.6949 (0.6969)	0.0012 (0.0019)	5.268 (5.511)	21.95 (12.03)
[203/204]	0.6761 (0.6968)	0.0012 (0.0018)	5.110 (5.509)	50.00 (12.08)
 * Train Acc 12.085
 * Val Acc 23.300, Total time 0.29
Epoch:10
LR: 0.0001
Itr		Time		  Data		  Loss		Acc
[0/204]	0.8262 (0.8262)	0.1217 (0.1217)	5.363 (5.363)	34.09 (19.53)
[100/204]	0.6980 (0.6984)	0.0013 (0.0026)	5.111 (5.220)	14.81 (18.87)
[200/204]	0.6968 (0.6977)	0.0014 (0.0020)	5.230 (5.197)	28.21 (19.75)
[203/204]	0.6828 (0.6976)	0.0012 (0.0020)	5.322 (5.197)	0.00 (19.77)
 * Train Acc 19.769
 * Val Acc 25.000, Total time 0.25
Epoch:11
LR: 0.0001
Itr		Time		  Data		  Loss		Acc
[0/204]	0.8568 (0.8568)	0.1217 (0.1217)	5.053 (5.053)	32.65 (23.44)
