split_boundaries: [0, 2, 4, 6, 8, 10]
{'1': [0, 1], '2': [2, 3], '3': [4, 5], '4': [6, 7], '5': [8, 9]}
MLP(
  (linear): Sequential(
    (0): Linear(in_features=1024, out_features=400, bias=True)
    (1): ReLU(inplace=True)
    (2): Linear(in_features=400, out_features=400, bias=True)
    (3): ReLU(inplace=True)
  )
  (last): ModuleDict(
    (1): Linear(in_features=400, out_features=2, bias=True)
    (2): Linear(in_features=400, out_features=2, bias=True)
    (3): Linear(in_features=400, out_features=2, bias=True)
    (4): Linear(in_features=400, out_features=2, bias=True)
    (5): Linear(in_features=400, out_features=2, bias=True)
  )
)
#parameter of model: 574410
Task order: ['1', '2', '3', '4', '5']
====================== 1 =======================
Epoch:0
LR: 0.01
Itr		Time		  Data		  Loss		Acc
[0/99]	0.5290 (0.5290)	0.1012 (0.1012)	0.680 (0.680)	49.22 (49.22)
[98/99]	0.0027 (0.0123)	0.0001 (0.0055)	0.001 (0.263)	100.00 (98.74)
 * Train Acc 98.737
 * Val Acc 99.905, Total time 0.25
Epoch:1
LR: 0.01
Itr		Time		  Data		  Loss		Acc
[0/99]	0.1100 (0.1100)	0.1039 (0.1039)	0.000 (0.000)	100.00 (100.00)
[98/99]	0.0023 (0.0084)	0.0001 (0.0057)	0.001 (0.003)	100.00 (99.90)
 * Train Acc 99.897
 * Val Acc 99.905, Total time 0.29
validation split name: 1
 * Val Acc 99.905, Total time 0.26
====================== 2 =======================
Epoch:0
LR: 0.01
Itr		Time		  Data		  Loss		Acc
[0/95]	0.1085 (0.1085)	0.1024 (0.1024)	0.669 (0.669)	63.28 (63.28)
[94/95]	0.0031 (0.0083)	0.0001 (0.0056)	0.086 (0.183)	96.49 (94.17)
 * Train Acc 94.168
 * Val Acc 98.041, Total time 0.25
Epoch:1
LR: 0.01
Itr		Time		  Data		  Loss		Acc
[0/95]	0.1092 (0.1092)	0.1031 (0.1031)	0.097 (0.097)	96.09 (96.09)
[94/95]	0.0027 (0.0083)	0.0001 (0.0057)	0.011 (0.047)	100.00 (98.40)
 * Train Acc 98.404
 * Val Acc 99.070, Total time 0.26
validation split name: 1
 * Val Acc 99.811, Total time 0.25
validation split name: 2
 * Val Acc 99.070, Total time 0.25
====================== 3 =======================
Epoch:0
LR: 0.01
Itr		Time		  Data		  Loss		Acc
[0/88]	0.1113 (0.1113)	0.1034 (0.1034)	0.665 (0.665)	53.91 (53.91)
[87/88]	0.0035 (0.0085)	0.0006 (0.0056)	0.005 (0.071)	100.00 (97.15)
 * Train Acc 97.150
 * Val Acc 100.000, Total time 0.23
Epoch:1
LR: 0.01
Itr		Time		  Data		  Loss		Acc
[0/88]	0.1103 (0.1103)	0.1030 (0.1030)	0.005 (0.005)	100.00 (100.00)
[87/88]	0.0156 (0.0084)	0.0130 (0.0056)	0.016 (0.010)	99.21 (99.64)
 * Train Acc 99.636
 * Val Acc 100.000, Total time 0.24
validation split name: 1
 * Val Acc 99.953, Total time 0.26
validation split name: 2
 * Val Acc 98.629, Total time 0.26
validation split name: 3
 * Val Acc 100.000, Total time 0.23
====================== 4 =======================
Epoch:0
LR: 0.01
Itr		Time		  Data		  Loss		Acc
[0/96]	0.1130 (0.1130)	0.1059 (0.1059)	0.847 (0.847)	37.50 (37.50)
[95/96]	0.0045 (0.0084)	0.0001 (0.0056)	0.001 (0.037)	100.00 (98.24)
 * Train Acc 98.243
 * Val Acc 99.496, Total time 0.23
Epoch:1
LR: 0.01
Itr		Time		  Data		  Loss		Acc
[0/96]	0.1084 (0.1084)	0.1018 (0.1018)	0.001 (0.001)	100.00 (100.00)
[95/96]	0.0028 (0.0083)	0.0001 (0.0054)	0.001 (0.003)	100.00 (99.92)
 * Train Acc 99.918
 * Val Acc 99.849, Total time 0.24
validation split name: 1
 * Val Acc 99.716, Total time 0.26
validation split name: 2
 * Val Acc 93.242, Total time 0.27
validation split name: 3
 * Val Acc 99.840, Total time 0.24
validation split name: 4
 * Val Acc 99.849, Total time 0.24
====================== 5 =======================
Epoch:0
LR: 0.01
Itr		Time		  Data		  Loss		Acc
[0/93]	0.1122 (0.1122)	0.1025 (0.1025)	0.646 (0.646)	51.56 (51.56)
[92/93]	0.0030 (0.0086)	0.0001 (0.0053)	0.062 (0.093)	95.83 (96.44)
 * Train Acc 96.441
 * Val Acc 94.755, Total time 0.25
Epoch:1
LR: 0.01
Itr		Time		  Data		  Loss		Acc
[0/93]	0.1103 (0.1103)	0.1028 (0.1028)	0.140 (0.140)	96.09 (96.09)
[92/93]	0.0030 (0.0083)	0.0001 (0.0052)	0.185 (0.032)	95.83 (98.96)
 * Train Acc 98.958
 * Val Acc 98.386, Total time 0.24
validation split name: 1
 * Val Acc 99.858, Total time 0.25
validation split name: 2
 * Val Acc 94.025, Total time 0.28
validation split name: 3
 * Val Acc 98.986, Total time 0.23
validation split name: 4
 * Val Acc 99.144, Total time 0.24
validation split name: 5
 * Val Acc 98.386, Total time 0.27
OrderedDict([('1', OrderedDict([('1', 99.90543735224587), ('2', 99.81087470449172), ('3', 99.95271867612293), ('4', 99.71631205673759), ('5', 99.8581560283688)])), ('2', OrderedDict([('2', 99.06953966699314), ('3', 98.62879529872674), ('4', 93.24191968658178), ('5', 94.0254652301665)])), ('3', OrderedDict([('3', 100.0), ('4', 99.83991462113127), ('5', 98.98612593383137)])), ('4', OrderedDict([('4', 99.8489425981873), ('5', 99.14400805639477)])), ('5', OrderedDict([('5', 98.3862834089763)]))])
Task 1 average acc: 99.90543735224587
Task 2 average acc: 99.44020718574242
Task 3 average acc: 99.52717132494989
Task 4 average acc: 98.16177224065949
Task 5 average acc: 98.08000773154754
===Summary of experiment repeats: 1 / 5 ===
The regularization coefficient: 0.0
The last avg acc of all repeats: [98.08000773  0.          0.          0.          0.        ]
mean: 19.61600154630951 std: 39.23200309261902
split_boundaries: [0, 2, 4, 6, 8, 10]
{'1': [0, 1], '2': [2, 3], '3': [4, 5], '4': [6, 7], '5': [8, 9]}
MLP(
  (linear): Sequential(
    (0): Linear(in_features=1024, out_features=400, bias=True)
    (1): ReLU(inplace=True)
    (2): Linear(in_features=400, out_features=400, bias=True)
    (3): ReLU(inplace=True)
  )
  (last): ModuleDict(
    (1): Linear(in_features=400, out_features=2, bias=True)
    (2): Linear(in_features=400, out_features=2, bias=True)
    (3): Linear(in_features=400, out_features=2, bias=True)
    (4): Linear(in_features=400, out_features=2, bias=True)
    (5): Linear(in_features=400, out_features=2, bias=True)
  )
)
#parameter of model: 574410
Task order: ['1', '2', '3', '4', '5']
====================== 1 =======================
Epoch:0
LR: 0.01
Itr		Time		  Data		  Loss		Acc
[0/99]	0.1128 (0.1128)	0.1062 (0.1062)	0.679 (0.679)	42.97 (42.97)
[98/99]	0.0024 (0.0086)	0.0001 (0.0060)	0.003 (0.237)	100.00 (98.63)
 * Train Acc 98.626
 * Val Acc 99.953, Total time 0.26
Epoch:1
LR: 0.01
Itr		Time		  Data		  Loss		Acc
[0/99]	0.1114 (0.1114)	0.1040 (0.1040)	0.000 (0.000)	100.00 (100.00)
[98/99]	0.0026 (0.0085)	0.0001 (0.0058)	0.001 (0.002)	100.00 (99.93)
 * Train Acc 99.929
 * Val Acc 100.000, Total time 0.25
validation split name: 1
 * Val Acc 100.000, Total time 0.25
====================== 2 =======================
Epoch:0
LR: 0.01
Itr		Time		  Data		  Loss		Acc
[0/95]	0.1145 (0.1145)	0.1077 (0.1077)	0.859 (0.859)	39.84 (39.84)
[94/95]	0.0030 (0.0084)	0.0001 (0.0058)	0.126 (0.169)	94.74 (93.99)
 * Train Acc 93.986
 * Val Acc 96.572, Total time 0.26
Epoch:1
LR: 0.01
Itr		Time		  Data		  Loss		Acc
[0/95]	0.1142 (0.1142)	0.1075 (0.1075)	0.149 (0.149)	97.66 (97.66)
[94/95]	0.0030 (0.0084)	0.0001 (0.0056)	0.015 (0.040)	100.00 (98.69)
 * Train Acc 98.693
 * Val Acc 98.629, Total time 0.25
validation split name: 1
 * Val Acc 99.905, Total time 0.26
validation split name: 2
 * Val Acc 98.629, Total time 0.25
====================== 3 =======================
Epoch:0
LR: 0.01
Itr		Time		  Data		  Loss		Acc
[0/88]	0.1108 (0.1108)	0.1036 (0.1036)	0.670 (0.670)	53.12 (53.12)
[87/88]	0.0163 (0.0085)	0.0131 (0.0056)	0.020 (0.070)	99.21 (97.06)
 * Train Acc 97.061
 * Val Acc 99.573, Total time 0.23
Epoch:1
LR: 0.01
Itr		Time		  Data		  Loss		Acc
[0/88]	0.1135 (0.1135)	0.1067 (0.1067)	0.020 (0.020)	99.22 (99.22)
[87/88]	0.0164 (0.0087)	0.0135 (0.0058)	0.006 (0.010)	100.00 (99.67)
 * Train Acc 99.671
 * Val Acc 99.840, Total time 0.24
validation split name: 1
 * Val Acc 99.953, Total time 0.28
validation split name: 2
 * Val Acc 97.160, Total time 0.25
validation split name: 3
 * Val Acc 99.840, Total time 0.23
====================== 4 =======================
Epoch:0
LR: 0.01
Itr		Time		  Data		  Loss		Acc
[0/96]	0.1203 (0.1203)	0.1123 (0.1123)	0.706 (0.706)	64.84 (64.84)
[95/96]	0.0028 (0.0086)	0.0001 (0.0057)	0.001 (0.028)	100.00 (98.98)
 * Train Acc 98.982
 * Val Acc 99.648, Total time 0.29
Epoch:1
LR: 0.01
Itr		Time		  Data		  Loss		Acc
[0/96]	0.1144 (0.1144)	0.1075 (0.1075)	0.001 (0.001)	100.00 (100.00)
[95/96]	0.0029 (0.0084)	0.0001 (0.0055)	0.014 (0.004)	100.00 (99.89)
 * Train Acc 99.885
 * Val Acc 99.446, Total time 0.24
validation split name: 1
 * Val Acc 99.905, Total time 0.25
validation split name: 2
 * Val Acc 96.915, Total time 0.26
validation split name: 3
 * Val Acc 98.773, Total time 0.24
validation split name: 4
 * Val Acc 99.446, Total time 0.24
====================== 5 =======================
Epoch:0
LR: 0.01
Itr		Time		  Data		  Loss		Acc
[0/93]	0.1141 (0.1141)	0.1071 (0.1071)	0.841 (0.841)	50.78 (50.78)
[92/93]	0.0033 (0.0085)	0.0001 (0.0054)	0.217 (0.109)	91.67 (96.22)
 * Train Acc 96.220
 * Val Acc 98.285, Total time 0.28
Epoch:1
LR: 0.01
Itr		Time		  Data		  Loss		Acc
[0/93]	0.1092 (0.1092)	0.1024 (0.1024)	0.026 (0.026)	100.00 (100.00)
[92/93]	0.0030 (0.0084)	0.0001 (0.0053)	0.004 (0.029)	100.00 (99.04)
 * Train Acc 99.042
 * Val Acc 99.092, Total time 0.25
validation split name: 1
 * Val Acc 99.953, Total time 0.26
validation split name: 2
 * Val Acc 97.502, Total time 0.25
validation split name: 3
 * Val Acc 98.986, Total time 0.23
validation split name: 4
 * Val Acc 99.043, Total time 0.28
validation split name: 5
 * Val Acc 99.092, Total time 0.24
OrderedDict([('1', OrderedDict([('1', 100.0), ('2', 99.90543735224587), ('3', 99.95271867612293), ('4', 99.90543735224587), ('5', 99.95271867612293)])), ('2', OrderedDict([('2', 98.62879529872674), ('3', 97.15964740450539), ('4', 96.91478942213516), ('5', 97.5024485798237)])), ('3', OrderedDict([('3', 99.83991462113127), ('4', 98.77267876200641), ('5', 98.98612593383137)])), ('4', OrderedDict([('4', 99.44612286002014), ('5', 99.04330312185297)])), ('5', OrderedDict([('5', 99.09228441754917)]))])
Task 1 average acc: 100.0
Task 2 average acc: 99.26711632548631
Task 3 average acc: 98.9840935672532
Task 4 average acc: 98.75975709910189
Task 5 average acc: 98.91537614583603
===Summary of experiment repeats: 2 / 5 ===
The regularization coefficient: 0.0
The last avg acc of all repeats: [98.08000773 98.91537615  0.          0.          0.        ]
mean: 39.399076775476715 std: 48.254540306365186
split_boundaries: [0, 2, 4, 6, 8, 10]
{'1': [0, 1], '2': [2, 3], '3': [4, 5], '4': [6, 7], '5': [8, 9]}
MLP(
  (linear): Sequential(
    (0): Linear(in_features=1024, out_features=400, bias=True)
    (1): ReLU(inplace=True)
    (2): Linear(in_features=400, out_features=400, bias=True)
    (3): ReLU(inplace=True)
  )
  (last): ModuleDict(
    (1): Linear(in_features=400, out_features=2, bias=True)
    (2): Linear(in_features=400, out_features=2, bias=True)
    (3): Linear(in_features=400, out_features=2, bias=True)
    (4): Linear(in_features=400, out_features=2, bias=True)
    (5): Linear(in_features=400, out_features=2, bias=True)
  )
)
#parameter of model: 574410
Task order: ['1', '2', '3', '4', '5']
====================== 1 =======================
Epoch:0
LR: 0.01
Itr		Time		  Data		  Loss		Acc
[0/99]	0.1139 (0.1139)	0.1051 (0.1051)	0.704 (0.704)	38.28 (38.28)
[98/99]	0.0024 (0.0083)	0.0001 (0.0057)	0.000 (0.251)	100.00 (98.56)
 * Train Acc 98.555
 * Val Acc 99.953, Total time 0.26
Epoch:1
LR: 0.01
Itr		Time		  Data		  Loss		Acc
[0/99]	0.1099 (0.1099)	0.1042 (0.1042)	0.000 (0.000)	100.00 (100.00)
[98/99]	0.0024 (0.0084)	0.0001 (0.0060)	0.000 (0.003)	100.00 (99.92)
 * Train Acc 99.921
 * Val Acc 99.905, Total time 0.25
validation split name: 1
 * Val Acc 99.905, Total time 0.26
====================== 2 =======================
Epoch:0
LR: 0.01
Itr		Time		  Data		  Loss		Acc
[0/95]	0.1107 (0.1107)	0.1049 (0.1049)	0.957 (0.957)	47.66 (47.66)
[94/95]	0.0027 (0.0083)	0.0001 (0.0056)	0.080 (0.184)	96.49 (94.41)
 * Train Acc 94.408
 * Val Acc 97.405, Total time 0.25
Epoch:1
LR: 0.01
Itr		Time		  Data		  Loss		Acc
[0/95]	0.1148 (0.1148)	0.1071 (0.1071)	0.080 (0.080)	96.88 (96.88)
[94/95]	0.0031 (0.0084)	0.0005 (0.0057)	0.058 (0.038)	98.25 (98.68)
 * Train Acc 98.676
 * Val Acc 99.119, Total time 0.28
validation split name: 1
 * Val Acc 99.811, Total time 0.27
validation split name: 2
 * Val Acc 99.119, Total time 0.26
====================== 3 =======================
Epoch:0
LR: 0.01
Itr		Time		  Data		  Loss		Acc
[0/88]	0.1097 (0.1097)	0.1032 (0.1032)	0.762 (0.762)	62.50 (62.50)
[87/88]	0.0119 (0.0085)	0.0092 (0.0056)	0.008 (0.079)	100.00 (96.89)
 * Train Acc 96.892
 * Val Acc 99.733, Total time 0.23
Epoch:1
LR: 0.01
Itr		Time		  Data		  Loss		Acc
[0/88]	0.1062 (0.1062)	0.1000 (0.1000)	0.017 (0.017)	99.22 (99.22)
[87/88]	0.0156 (0.0084)	0.0130 (0.0059)	0.003 (0.010)	100.00 (99.70)
 * Train Acc 99.698
 * Val Acc 99.840, Total time 0.24
validation split name: 1
 * Val Acc 99.858, Total time 0.25
validation split name: 2
 * Val Acc 94.956, Total time 0.25
validation split name: 3
 * Val Acc 99.840, Total time 0.23
====================== 4 =======================
Epoch:0
LR: 0.01
Itr		Time		  Data		  Loss		Acc
[0/96]	0.1126 (0.1126)	0.1060 (0.1060)	0.662 (0.662)	54.69 (54.69)
[95/96]	0.0028 (0.0083)	0.0001 (0.0056)	0.001 (0.031)	100.00 (98.67)
 * Train Acc 98.670
 * Val Acc 99.799, Total time 0.24
Epoch:1
LR: 0.01
Itr		Time		  Data		  Loss		Acc
[0/96]	0.1100 (0.1100)	0.1036 (0.1036)	0.000 (0.000)	100.00 (100.00)
[95/96]	0.0028 (0.0084)	0.0001 (0.0054)	0.000 (0.003)	100.00 (99.90)
 * Train Acc 99.902
 * Val Acc 99.849, Total time 0.25
validation split name: 1
 * Val Acc 99.858, Total time 0.30
validation split name: 2
 * Val Acc 95.984, Total time 0.26
validation split name: 3
 * Val Acc 99.200, Total time 0.23
validation split name: 4
 * Val Acc 99.849, Total time 0.26
====================== 5 =======================
Epoch:0
LR: 0.01
Itr		Time		  Data		  Loss		Acc
[0/93]	0.1109 (0.1109)	0.1042 (0.1042)	0.980 (0.980)	16.41 (16.41)
[92/93]	0.0030 (0.0085)	0.0001 (0.0053)	0.015 (0.088)	100.00 (96.42)
 * Train Acc 96.424
 * Val Acc 97.932, Total time 0.24
Epoch:1
LR: 0.01
Itr		Time		  Data		  Loss		Acc
[0/93]	0.1094 (0.1094)	0.1030 (0.1030)	0.045 (0.045)	98.44 (98.44)
[92/93]	0.0030 (0.0085)	0.0001 (0.0053)	0.002 (0.027)	100.00 (99.14)
 * Train Acc 99.144
 * Val Acc 99.042, Total time 0.24
validation split name: 1
 * Val Acc 99.764, Total time 0.25
validation split name: 2
 * Val Acc 94.858, Total time 0.25
validation split name: 3
 * Val Acc 98.399, Total time 0.24
validation split name: 4
 * Val Acc 98.892, Total time 0.25
validation split name: 5
 * Val Acc 99.042, Total time 0.24
OrderedDict([('1', OrderedDict([('1', 99.90543735224587), ('2', 99.81087470449172), ('3', 99.8581560283688), ('4', 99.8581560283688), ('5', 99.76359338061465)])), ('2', OrderedDict([('2', 99.11851126346718), ('3', 94.95592556317337), ('4', 95.98432908912831), ('5', 94.85798237022527)])), ('3', OrderedDict([('3', 99.83991462113127), ('4', 99.19957310565636), ('5', 98.3991462113127)])), ('4', OrderedDict([('4', 99.8489425981873), ('5', 98.89224572004028)])), ('5', OrderedDict([('5', 99.04185577407968)]))])
Task 1 average acc: 99.90543735224587
Task 2 average acc: 99.46469298397946
Task 3 average acc: 98.2179987375578
Task 4 average acc: 98.7227502053352
Task 5 average acc: 98.1909646912545
===Summary of experiment repeats: 3 / 5 ===
The regularization coefficient: 0.0
The last avg acc of all repeats: [98.08000773 98.91537615 98.19096469  0.          0.        ]
mean: 59.03726971372762 std: 48.20458282245526
split_boundaries: [0, 2, 4, 6, 8, 10]
{'1': [0, 1], '2': [2, 3], '3': [4, 5], '4': [6, 7], '5': [8, 9]}
MLP(
  (linear): Sequential(
    (0): Linear(in_features=1024, out_features=400, bias=True)
    (1): ReLU(inplace=True)
    (2): Linear(in_features=400, out_features=400, bias=True)
    (3): ReLU(inplace=True)
  )
  (last): ModuleDict(
    (1): Linear(in_features=400, out_features=2, bias=True)
    (2): Linear(in_features=400, out_features=2, bias=True)
    (3): Linear(in_features=400, out_features=2, bias=True)
    (4): Linear(in_features=400, out_features=2, bias=True)
    (5): Linear(in_features=400, out_features=2, bias=True)
  )
)
#parameter of model: 574410
Task order: ['1', '2', '3', '4', '5']
====================== 1 =======================
Epoch:0
LR: 0.01
Itr		Time		  Data		  Loss		Acc
[0/99]	0.1117 (0.1117)	0.1035 (0.1035)	0.727 (0.727)	50.00 (50.00)
[98/99]	0.0026 (0.0086)	0.0001 (0.0060)	0.000 (0.207)	100.00 (98.24)
 * Train Acc 98.239
 * Val Acc 99.858, Total time 0.26
Epoch:1
LR: 0.01
Itr		Time		  Data		  Loss		Acc
[0/99]	0.1113 (0.1113)	0.1047 (0.1047)	0.000 (0.000)	100.00 (100.00)
[98/99]	0.0024 (0.0082)	0.0001 (0.0057)	0.000 (0.003)	100.00 (99.88)
 * Train Acc 99.882
 * Val Acc 99.905, Total time 0.26
validation split name: 1
 * Val Acc 99.905, Total time 0.25
====================== 2 =======================
Epoch:0
LR: 0.01
Itr		Time		  Data		  Loss		Acc
[0/95]	0.1147 (0.1147)	0.1083 (0.1083)	0.715 (0.715)	52.34 (52.34)
[94/95]	0.0027 (0.0086)	0.0001 (0.0060)	0.036 (0.146)	98.25 (94.54)
 * Train Acc 94.540
 * Val Acc 98.482, Total time 0.25
Epoch:1
LR: 0.01
Itr		Time		  Data		  Loss		Acc
[0/95]	0.1102 (0.1102)	0.1036 (0.1036)	0.026 (0.026)	98.44 (98.44)
[94/95]	0.0043 (0.0084)	0.0017 (0.0056)	0.013 (0.039)	100.00 (98.70)
 * Train Acc 98.701
 * Val Acc 99.265, Total time 0.25
validation split name: 1
 * Val Acc 99.905, Total time 0.25
validation split name: 2
 * Val Acc 99.265, Total time 0.29
====================== 3 =======================
Epoch:0
LR: 0.01
Itr		Time		  Data		  Loss		Acc
[0/88]	0.1092 (0.1092)	0.1027 (0.1027)	0.886 (0.886)	32.81 (32.81)
[87/88]	0.0156 (0.0085)	0.0128 (0.0056)	0.044 (0.087)	98.43 (96.30)
 * Train Acc 96.298
 * Val Acc 99.947, Total time 0.23
Epoch:1
LR: 0.01
Itr		Time		  Data		  Loss		Acc
[0/88]	0.1152 (0.1152)	0.1090 (0.1090)	0.034 (0.034)	99.22 (99.22)
[87/88]	0.0164 (0.0085)	0.0132 (0.0057)	0.003 (0.009)	100.00 (99.69)
 * Train Acc 99.689
 * Val Acc 99.947, Total time 0.24
validation split name: 1
 * Val Acc 99.905, Total time 0.25
validation split name: 2
 * Val Acc 95.935, Total time 0.26
validation split name: 3
 * Val Acc 99.947, Total time 0.24
====================== 4 =======================
Epoch:0
LR: 0.01
Itr		Time		  Data		  Loss		Acc
[0/96]	0.1122 (0.1122)	0.1054 (0.1054)	0.737 (0.737)	44.53 (44.53)
[95/96]	0.0033 (0.0085)	0.0001 (0.0055)	0.005 (0.042)	100.00 (97.95)
 * Train Acc 97.948
 * Val Acc 99.648, Total time 0.25
Epoch:1
LR: 0.01
Itr		Time		  Data		  Loss		Acc
[0/96]	0.1134 (0.1134)	0.1070 (0.1070)	0.001 (0.001)	100.00 (100.00)
[95/96]	0.0028 (0.0086)	0.0001 (0.0057)	0.001 (0.004)	100.00 (99.90)
 * Train Acc 99.902
 * Val Acc 99.748, Total time 0.25
validation split name: 1
 * Val Acc 99.905, Total time 0.25
validation split name: 2
 * Val Acc 96.131, Total time 0.26
validation split name: 3
 * Val Acc 98.399, Total time 0.24
validation split name: 4
 * Val Acc 99.748, Total time 0.24
====================== 5 =======================
Epoch:0
LR: 0.01
Itr		Time		  Data		  Loss		Acc
[0/93]	0.1100 (0.1100)	0.1031 (0.1031)	0.804 (0.804)	33.59 (33.59)
[92/93]	0.0031 (0.0085)	0.0001 (0.0054)	0.018 (0.104)	100.00 (96.01)
 * Train Acc 96.008
 * Val Acc 98.386, Total time 0.24
Epoch:1
LR: 0.01
Itr		Time		  Data		  Loss		Acc
[0/93]	0.1099 (0.1099)	0.1030 (0.1030)	0.049 (0.049)	98.44 (98.44)
[92/93]	0.0031 (0.0083)	0.0001 (0.0053)	0.003 (0.032)	100.00 (98.92)
 * Train Acc 98.924
 * Val Acc 98.739, Total time 0.24
validation split name: 1
 * Val Acc 99.858, Total time 0.26
validation split name: 2
 * Val Acc 96.376, Total time 0.25
validation split name: 3
 * Val Acc 98.292, Total time 0.24
validation split name: 4
 * Val Acc 99.043, Total time 0.24
validation split name: 5
 * Val Acc 98.739, Total time 0.24
OrderedDict([('1', OrderedDict([('1', 99.90543735224587), ('2', 99.90543735224587), ('3', 99.90543735224587), ('4', 99.90543735224587), ('5', 99.8581560283688)])), ('2', OrderedDict([('2', 99.26542605288932), ('3', 95.93535749265426), ('4', 96.13124387855044), ('5', 96.37610186092067)])), ('3', OrderedDict([('3', 99.94663820704376), ('4', 98.3991462113127), ('5', 98.2924226254002)])), ('4', OrderedDict([('4', 99.74823766364553), ('5', 99.04330312185297)])), ('5', OrderedDict([('5', 98.73928391326274)]))])
Task 1 average acc: 99.90543735224587
Task 2 average acc: 99.5854317025676
Task 3 average acc: 98.59581101731463
Task 4 average acc: 98.54601627643864
Task 5 average acc: 98.46185350996109
===Summary of experiment repeats: 4 / 5 ===
The regularization coefficient: 0.0
The last avg acc of all repeats: [98.08000773 98.91537615 98.19096469 98.46185351  0.        ]
mean: 78.72964041571984 std: 39.3658743034272
split_boundaries: [0, 2, 4, 6, 8, 10]
{'1': [0, 1], '2': [2, 3], '3': [4, 5], '4': [6, 7], '5': [8, 9]}
MLP(
  (linear): Sequential(
    (0): Linear(in_features=1024, out_features=400, bias=True)
    (1): ReLU(inplace=True)
    (2): Linear(in_features=400, out_features=400, bias=True)
    (3): ReLU(inplace=True)
  )
  (last): ModuleDict(
    (1): Linear(in_features=400, out_features=2, bias=True)
    (2): Linear(in_features=400, out_features=2, bias=True)
    (3): Linear(in_features=400, out_features=2, bias=True)
    (4): Linear(in_features=400, out_features=2, bias=True)
    (5): Linear(in_features=400, out_features=2, bias=True)
  )
)
#parameter of model: 574410
Task order: ['1', '2', '3', '4', '5']
====================== 1 =======================
Epoch:0
LR: 0.01
Itr		Time		  Data		  Loss		Acc
[0/99]	0.1085 (0.1085)	0.1027 (0.1027)	0.685 (0.685)	50.78 (50.78)
[98/99]	0.0024 (0.0083)	0.0001 (0.0057)	0.091 (0.291)	98.35 (98.69)
 * Train Acc 98.689
 * Val Acc 99.858, Total time 0.26
Epoch:1
LR: 0.01
Itr		Time		  Data		  Loss		Acc
[0/99]	0.1116 (0.1116)	0.1057 (0.1057)	0.000 (0.000)	100.00 (100.00)
[98/99]	0.0026 (0.0088)	0.0001 (0.0058)	0.000 (0.003)	100.00 (99.86)
 * Train Acc 99.858
 * Val Acc 99.953, Total time 0.26
validation split name: 1
 * Val Acc 99.953, Total time 0.26
====================== 2 =======================
Epoch:0
LR: 0.01
Itr		Time		  Data		  Loss		Acc
[0/95]	0.1085 (0.1085)	0.1023 (0.1023)	0.926 (0.926)	40.62 (40.62)
[94/95]	0.0047 (0.0084)	0.0021 (0.0057)	0.013 (0.163)	100.00 (93.93)
 * Train Acc 93.928
 * Val Acc 98.482, Total time 0.25
Epoch:1
LR: 0.01
Itr		Time		  Data		  Loss		Acc
[0/95]	0.1095 (0.1095)	0.1031 (0.1031)	0.072 (0.072)	97.66 (97.66)
[94/95]	0.0030 (0.0083)	0.0001 (0.0056)	0.019 (0.045)	100.00 (98.43)
 * Train Acc 98.428
 * Val Acc 99.021, Total time 0.26
validation split name: 1
 * Val Acc 99.858, Total time 0.26
validation split name: 2
 * Val Acc 99.021, Total time 0.25
====================== 3 =======================
Epoch:0
LR: 0.01
Itr		Time		  Data		  Loss		Acc
[0/88]	0.1259 (0.1259)	0.1190 (0.1190)	0.778 (0.778)	32.03 (32.03)
[87/88]	0.0149 (0.0087)	0.0123 (0.0057)	0.003 (0.074)	100.00 (96.66)
 * Train Acc 96.662
 * Val Acc 99.947, Total time 0.23
Epoch:1
LR: 0.01
Itr		Time		  Data		  Loss		Acc
[0/88]	0.1146 (0.1146)	0.1081 (0.1081)	0.007 (0.007)	100.00 (100.00)
[87/88]	0.0167 (0.0086)	0.0138 (0.0057)	0.004 (0.007)	100.00 (99.78)
 * Train Acc 99.778
 * Val Acc 99.893, Total time 0.24
validation split name: 1
 * Val Acc 99.953, Total time 0.25
validation split name: 2
 * Val Acc 96.278, Total time 0.26
validation split name: 3
 * Val Acc 99.893, Total time 0.23
====================== 4 =======================
Epoch:0
LR: 0.01
Itr		Time		  Data		  Loss		Acc
[0/96]	0.1110 (0.1110)	0.1039 (0.1039)	0.754 (0.754)	45.31 (45.31)
[95/96]	0.0029 (0.0084)	0.0001 (0.0054)	0.019 (0.030)	100.00 (98.66)
 * Train Acc 98.662
 * Val Acc 99.496, Total time 0.25
Epoch:1
LR: 0.01
Itr		Time		  Data		  Loss		Acc
[0/96]	0.1115 (0.1115)	0.1048 (0.1048)	0.012 (0.012)	99.22 (99.22)
[95/96]	0.0029 (0.0083)	0.0001 (0.0053)	0.000 (0.003)	100.00 (99.91)
 * Train Acc 99.910
 * Val Acc 99.799, Total time 0.25
validation split name: 1
 * Val Acc 99.811, Total time 0.25
validation split name: 2
 * Val Acc 96.229, Total time 0.25
validation split name: 3
 * Val Acc 99.787, Total time 0.23
validation split name: 4
 * Val Acc 99.799, Total time 0.24
====================== 5 =======================
Epoch:0
LR: 0.01
Itr		Time		  Data		  Loss		Acc
[0/93]	0.1088 (0.1088)	0.1022 (0.1022)	1.054 (1.054)	39.84 (39.84)
[92/93]	0.0030 (0.0085)	0.0001 (0.0056)	0.010 (0.100)	100.00 (96.32)
 * Train Acc 96.322
 * Val Acc 98.185, Total time 0.26
Epoch:1
LR: 0.01
Itr		Time		  Data		  Loss		Acc
[0/93]	0.1154 (0.1154)	0.1082 (0.1082)	0.037 (0.037)	98.44 (98.44)
[92/93]	0.0034 (0.0084)	0.0001 (0.0053)	0.009 (0.029)	100.00 (98.97)
 * Train Acc 98.975
 * Val Acc 98.941, Total time 0.25
validation split name: 1
 * Val Acc 99.716, Total time 0.26
validation split name: 2
 * Val Acc 95.690, Total time 0.25
validation split name: 3
 * Val Acc 99.520, Total time 0.24
validation split name: 4
 * Val Acc 97.281, Total time 0.25
validation split name: 5
 * Val Acc 98.941, Total time 0.25
OrderedDict([('1', OrderedDict([('1', 99.95271867612293), ('2', 99.8581560283688), ('3', 99.95271867612293), ('4', 99.81087470449172), ('5', 99.71631205673759)])), ('2', OrderedDict([('2', 99.0205680705191), ('3', 96.27815866797258), ('4', 96.22918707149853), ('5', 95.69049951028404)])), ('3', OrderedDict([('3', 99.89327641408751), ('4', 99.78655282817503), ('5', 99.51974386339381)])), ('4', OrderedDict([('4', 99.79859013091641), ('5', 97.2809667673716)])), ('5', OrderedDict([('5', 98.94099848714069)]))])
Task 1 average acc: 99.95271867612293
Task 2 average acc: 99.43936204944396
Task 3 average acc: 98.70805125272767
Task 4 average acc: 98.90630118377042
Task 5 average acc: 98.22970413698553
===Summary of experiment repeats: 5 / 5 ===
The regularization coefficient: 0.0
The last avg acc of all repeats: [98.08000773 98.91537615 98.19096469 98.46185351 98.22970414]
mean: 98.37558124311695 std: 0.2971694947615789
reg_coef: 0.0 mean: 98.37558124311695 std: 0.2971694947615789
Total Time for the script is 74.87994289398193 seconds
