split_boundaries: [0, 2, 4, 6, 8, 10]
{'1': [0, 1], '2': [2, 3], '3': [4, 5], '4': [6, 7], '5': [8, 9]}
MLP(
  (linear): Sequential(
    (0): Linear(in_features=1024, out_features=400, bias=True)
    (1): ReLU(inplace=True)
    (2): Linear(in_features=400, out_features=400, bias=True)
    (3): ReLU(inplace=True)
  )
  (last): ModuleDict(
    (1): Linear(in_features=400, out_features=2, bias=True)
    (2): Linear(in_features=400, out_features=2, bias=True)
    (3): Linear(in_features=400, out_features=2, bias=True)
    (4): Linear(in_features=400, out_features=2, bias=True)
    (5): Linear(in_features=400, out_features=2, bias=True)
  )
)
#parameter of model: 574410
Task order: ['1', '2', '3', '4', '5']
====================== 1 =======================
Epoch:0
LR: 0.01
Itr		Time		  Data		  Loss		Acc
[0/99]	0.5227 (0.5227)	0.0899 (0.0899)	0.694 (0.694)	54.69 (54.69)
[98/99]	0.0039 (0.0123)	0.0001 (0.0041)	0.028 (0.109)	99.17 (99.01)
 * Train Acc 99.013
 * Val Acc 99.858, Total time 0.30
Epoch:1
LR: 0.01
Itr		Time		  Data		  Loss		Acc
[0/99]	0.1073 (0.1073)	0.0993 (0.0993)	0.009 (0.009)	100.00 (100.00)
[98/99]	0.0041 (0.0082)	0.0001 (0.0042)	0.005 (0.011)	100.00 (99.81)
 * Train Acc 99.811
 * Val Acc 99.905, Total time 0.25
validation split name: 1
 * Val Acc 99.905, Total time 0.27
====================== 2 =======================
Epoch:0
LR: 0.01
Itr		Time		  Data		  Loss		Acc
[0/194]	0.1481 (0.1481)	0.1020 (0.1020)	0.331 (0.331)	44.83 (74.22)
[100/194]	0.0363 (0.0368)	0.0008 (0.0017)	0.044 (0.164)	98.28 (95.75)
[193/194]	0.0551 (0.0363)	0.0008 (0.0013)	0.067 (0.120)	91.67 (96.89)
 * Train Acc 96.889
 * Val Acc 96.474, Total time 0.26
Epoch:1
LR: 0.01
Itr		Time		  Data		  Loss		Acc
[0/194]	0.1430 (0.1430)	0.1048 (0.1048)	0.052 (0.052)	98.41 (99.22)
[100/194]	0.0398 (0.0373)	0.0007 (0.0018)	0.046 (0.057)	94.92 (98.39)
[193/194]	0.0319 (0.0364)	0.0007 (0.0013)	0.093 (0.053)	91.67 (98.48)
 * Train Acc 98.477
 * Val Acc 97.405, Total time 0.26
validation split name: 1
 * Val Acc 99.953, Total time 0.26
validation split name: 2
 * Val Acc 97.405, Total time 0.25
====================== 3 =======================
Epoch:0
LR: 0.01
Itr		Time		  Data		  Loss		Acc
[0/213]	0.1603 (0.1603)	0.1119 (0.1119)	0.346 (0.346)	50.94 (78.91)
[100/213]	0.0409 (0.0445)	0.0009 (0.0019)	0.072 (0.195)	100.00 (95.29)
[200/213]	0.0442 (0.0437)	0.0009 (0.0013)	0.090 (0.152)	100.00 (96.76)
[212/213]	0.0439 (0.0436)	0.0006 (0.0013)	0.073 (0.148)	98.15 (96.86)
 * Train Acc 96.860
 * Val Acc 98.773, Total time 0.23
Epoch:1
LR: 0.01
Itr		Time		  Data		  Loss		Acc
[0/213]	0.1564 (0.1564)	0.1040 (0.1040)	0.097 (0.097)	96.30 (97.66)
[100/213]	0.0442 (0.0457)	0.0006 (0.0017)	0.100 (0.086)	96.67 (98.65)
[200/213]	0.0421 (0.0443)	0.0008 (0.0012)	0.047 (0.081)	100.00 (98.73)
[212/213]	0.0385 (0.0440)	0.0006 (0.0012)	0.069 (0.081)	100.00 (98.72)
 * Train Acc 98.724
 * Val Acc 99.146, Total time 0.23
validation split name: 1
 * Val Acc 99.953, Total time 0.25
validation split name: 2
 * Val Acc 97.747, Total time 0.25
validation split name: 3
 * Val Acc 99.146, Total time 0.26
====================== 4 =======================
Epoch:0
LR: 0.01
Itr		Time		  Data		  Loss		Acc
[0/221]	0.1661 (0.1661)	0.1064 (0.1064)	0.359 (0.359)	45.83 (79.69)
[100/221]	0.0493 (0.0533)	0.0007 (0.0019)	0.094 (0.134)	98.08 (98.51)
[200/221]	0.0530 (0.0529)	0.0009 (0.0014)	0.065 (0.102)	100.00 (98.89)
[220/221]	0.0495 (0.0529)	0.0006 (0.0013)	0.085 (0.099)	100.00 (98.92)
 * Train Acc 98.921
 * Val Acc 99.396, Total time 0.24
Epoch:1
LR: 0.01
Itr		Time		  Data		  Loss		Acc
[0/221]	0.1596 (0.1596)	0.1042 (0.1042)	0.094 (0.094)	100.00 (100.00)
[100/221]	0.0497 (0.0539)	0.0007 (0.0018)	0.105 (0.066)	98.00 (99.16)
[200/221]	0.0546 (0.0532)	0.0008 (0.0013)	0.069 (0.062)	100.00 (99.22)
[220/221]	0.0495 (0.0532)	0.0006 (0.0012)	0.049 (0.061)	100.00 (99.24)
 * Train Acc 99.244
 * Val Acc 99.496, Total time 0.24
validation split name: 1
 * Val Acc 99.953, Total time 0.28
validation split name: 2
 * Val Acc 98.090, Total time 0.25
validation split name: 3
 * Val Acc 99.306, Total time 0.23
validation split name: 4
 * Val Acc 99.496, Total time 0.25
====================== 5 =======================
Epoch:0
LR: 0.01
Itr		Time		  Data		  Loss		Acc
[0/218]	0.1718 (0.1718)	0.1059 (0.1059)	0.355 (0.355)	69.64 (84.38)
[100/218]	0.0652 (0.0618)	0.0009 (0.0018)	0.063 (0.123)	100.00 (97.93)
[200/218]	0.0626 (0.0611)	0.0008 (0.0013)	0.042 (0.102)	98.08 (98.08)
[217/218]	0.0576 (0.0611)	0.0008 (0.0013)	0.027 (0.100)	100.00 (98.10)
 * Train Acc 98.097
 * Val Acc 96.823, Total time 0.25
Epoch:1
LR: 0.01
Itr		Time		  Data		  Loss		Acc
[0/218]	0.1710 (0.1710)	0.1025 (0.1025)	0.116 (0.116)	98.31 (99.22)
[100/218]	0.0655 (0.0623)	0.0008 (0.0018)	0.035 (0.071)	100.00 (98.60)
[200/218]	0.0615 (0.0618)	0.0009 (0.0013)	0.092 (0.069)	96.67 (98.67)
[217/218]	0.0576 (0.0616)	0.0008 (0.0013)	0.060 (0.069)	100.00 (98.67)
 * Train Acc 98.669
 * Val Acc 97.176, Total time 0.24
validation split name: 1
 * Val Acc 99.953, Total time 0.25
validation split name: 2
 * Val Acc 97.502, Total time 0.29
validation split name: 3
 * Val Acc 99.360, Total time 0.25
validation split name: 4
 * Val Acc 99.496, Total time 0.24
validation split name: 5
 * Val Acc 97.176, Total time 0.24
OrderedDict([('1', OrderedDict([('1', 99.90543735224587), ('2', 99.95271867612293), ('3', 99.95271867612293), ('4', 99.95271867612293), ('5', 99.95271867612293)])), ('2', OrderedDict([('2', 97.40450538687561), ('3', 97.74730656219393), ('4', 98.09010773751224), ('5', 97.5024485798237)])), ('3', OrderedDict([('3', 99.1462113127001), ('4', 99.30629669156883), ('5', 99.35965848452508)])), ('4', OrderedDict([('4', 99.49647532729104), ('5', 99.49647532729104)])), ('5', OrderedDict([('5', 97.17599596570852)]))])
Task 1 average acc: 99.90543735224587
Task 2 average acc: 98.67861203149927
Task 3 average acc: 98.94874551700566
Task 4 average acc: 99.21139960812376
Task 5 average acc: 98.69745940669426
===Summary of experiment repeats: 1 / 5 ===
The regularization coefficient: 0.5
The last avg acc of all repeats: [98.69745941  0.          0.          0.          0.        ]
mean: 19.739491881338854 std: 39.47898376267771
split_boundaries: [0, 2, 4, 6, 8, 10]
{'1': [0, 1], '2': [2, 3], '3': [4, 5], '4': [6, 7], '5': [8, 9]}
MLP(
  (linear): Sequential(
    (0): Linear(in_features=1024, out_features=400, bias=True)
    (1): ReLU(inplace=True)
    (2): Linear(in_features=400, out_features=400, bias=True)
    (3): ReLU(inplace=True)
  )
  (last): ModuleDict(
    (1): Linear(in_features=400, out_features=2, bias=True)
    (2): Linear(in_features=400, out_features=2, bias=True)
    (3): Linear(in_features=400, out_features=2, bias=True)
    (4): Linear(in_features=400, out_features=2, bias=True)
    (5): Linear(in_features=400, out_features=2, bias=True)
  )
)
#parameter of model: 574410
Task order: ['1', '2', '3', '4', '5']
====================== 1 =======================
Epoch:0
LR: 0.01
Itr		Time		  Data		  Loss		Acc
[0/99]	0.1153 (0.1153)	0.1059 (0.1059)	0.690 (0.690)	62.50 (62.50)
[98/99]	0.0043 (0.0083)	0.0005 (0.0043)	0.031 (0.106)	99.17 (99.20)
 * Train Acc 99.203
 * Val Acc 99.858, Total time 0.25
Epoch:1
LR: 0.01
Itr		Time		  Data		  Loss		Acc
[0/99]	0.1113 (0.1113)	0.1034 (0.1034)	0.013 (0.013)	100.00 (100.00)
[98/99]	0.0040 (0.0083)	0.0001 (0.0043)	0.042 (0.012)	98.35 (99.79)
 * Train Acc 99.795
 * Val Acc 99.905, Total time 0.26
validation split name: 1
 * Val Acc 99.905, Total time 0.25
====================== 2 =======================
Epoch:0
LR: 0.01
Itr		Time		  Data		  Loss		Acc
[0/194]	0.1417 (0.1417)	0.1030 (0.1030)	0.336 (0.336)	58.06 (79.69)
[100/194]	0.0358 (0.0368)	0.0008 (0.0018)	0.056 (0.161)	98.36 (96.43)
[193/194]	0.0358 (0.0362)	0.0008 (0.0013)	0.064 (0.116)	96.43 (97.33)
 * Train Acc 97.334
 * Val Acc 97.013, Total time 0.25
Epoch:1
LR: 0.01
Itr		Time		  Data		  Loss		Acc
[0/194]	0.1545 (0.1545)	0.1095 (0.1095)	0.073 (0.073)	94.23 (97.66)
[100/194]	0.0396 (0.0372)	0.0009 (0.0019)	0.028 (0.055)	98.44 (98.52)
[193/194]	0.0328 (0.0364)	0.0008 (0.0014)	0.045 (0.053)	95.24 (98.50)
 * Train Acc 98.497
 * Val Acc 97.698, Total time 0.26
validation split name: 1
 * Val Acc 99.953, Total time 0.25
validation split name: 2
 * Val Acc 97.698, Total time 0.25
====================== 3 =======================
Epoch:0
LR: 0.01
Itr		Time		  Data		  Loss		Acc
[0/213]	0.1528 (0.1528)	0.0998 (0.0998)	0.350 (0.350)	55.93 (78.91)
[100/213]	0.0446 (0.0451)	0.0008 (0.0018)	0.147 (0.187)	97.96 (95.58)
[200/213]	0.0411 (0.0445)	0.0008 (0.0013)	0.142 (0.145)	96.55 (96.93)
[212/213]	0.0446 (0.0445)	0.0008 (0.0013)	0.122 (0.142)	97.83 (97.01)
 * Train Acc 97.007
 * Val Acc 98.666, Total time 0.24
Epoch:1
LR: 0.01
Itr		Time		  Data		  Loss		Acc
[0/213]	0.1518 (0.1518)	0.1027 (0.1027)	0.130 (0.130)	100.00 (98.44)
[100/213]	0.0647 (0.0454)	0.0007 (0.0018)	0.049 (0.087)	96.36 (98.70)
[200/213]	0.0448 (0.0447)	0.0007 (0.0013)	0.055 (0.083)	98.15 (98.74)
[212/213]	0.0412 (0.0446)	0.0008 (0.0013)	0.025 (0.083)	100.00 (98.74)
 * Train Acc 98.738
 * Val Acc 99.306, Total time 0.23
validation split name: 1
 * Val Acc 99.953, Total time 0.26
validation split name: 2
 * Val Acc 97.894, Total time 0.25
validation split name: 3
 * Val Acc 99.306, Total time 0.24
====================== 4 =======================
Epoch:0
LR: 0.01
Itr		Time		  Data		  Loss		Acc
[0/221]	0.1715 (0.1715)	0.1077 (0.1077)	0.378 (0.378)	81.67 (90.62)
[100/221]	0.0493 (0.0530)	0.0009 (0.0018)	0.022 (0.123)	100.00 (98.60)
[200/221]	0.0525 (0.0526)	0.0009 (0.0013)	0.051 (0.099)	98.28 (98.88)
[220/221]	0.0486 (0.0525)	0.0007 (0.0013)	0.023 (0.097)	100.00 (98.90)
 * Train Acc 98.900
 * Val Acc 99.295, Total time 0.25
Epoch:1
LR: 0.01
Itr		Time		  Data		  Loss		Acc
[0/221]	0.1553 (0.1553)	0.1000 (0.1000)	0.092 (0.092)	100.00 (100.00)
[100/221]	0.0528 (0.0530)	0.0006 (0.0018)	0.059 (0.064)	100.00 (99.35)
[200/221]	0.0489 (0.0526)	0.0008 (0.0013)	0.042 (0.064)	100.00 (99.26)
[220/221]	0.0486 (0.0525)	0.0006 (0.0012)	0.088 (0.063)	100.00 (99.26)
 * Train Acc 99.262
 * Val Acc 99.496, Total time 0.23
validation split name: 1
 * Val Acc 99.905, Total time 0.26
validation split name: 2
 * Val Acc 97.502, Total time 0.26
validation split name: 3
 * Val Acc 99.306, Total time 0.23
validation split name: 4
 * Val Acc 99.496, Total time 0.24
====================== 5 =======================
Epoch:0
LR: 0.01
Itr		Time		  Data		  Loss		Acc
[0/218]	0.1759 (0.1759)	0.1091 (0.1091)	0.330 (0.330)	68.33 (84.38)
[100/218]	0.0559 (0.0590)	0.0007 (0.0018)	0.127 (0.124)	96.30 (97.58)
[200/218]	0.0553 (0.0586)	0.0007 (0.0012)	0.115 (0.105)	95.59 (97.89)
[217/218]	0.0552 (0.0585)	0.0007 (0.0012)	0.081 (0.103)	90.91 (97.93)
 * Train Acc 97.932
 * Val Acc 96.369, Total time 0.24
Epoch:1
LR: 0.01
Itr		Time		  Data		  Loss		Acc
[0/218]	0.1636 (0.1636)	0.1018 (0.1018)	0.134 (0.134)	94.23 (96.09)
[100/218]	0.0639 (0.0606)	0.0008 (0.0018)	0.067 (0.076)	95.56 (98.53)
[200/218]	0.0576 (0.0605)	0.0009 (0.0014)	0.066 (0.074)	98.18 (98.60)
[217/218]	0.0573 (0.0605)	0.0007 (0.0013)	0.027 (0.074)	100.00 (98.60)
 * Train Acc 98.601
 * Val Acc 97.428, Total time 0.25
validation split name: 1
 * Val Acc 99.953, Total time 0.29
validation split name: 2
 * Val Acc 97.796, Total time 0.25
validation split name: 3
 * Val Acc 99.200, Total time 0.23
validation split name: 4
 * Val Acc 99.295, Total time 0.24
validation split name: 5
 * Val Acc 97.428, Total time 0.24
OrderedDict([('1', OrderedDict([('1', 99.90543735224587), ('2', 99.95271867612293), ('3', 99.95271867612293), ('4', 99.90543735224587), ('5', 99.95271867612293)])), ('2', OrderedDict([('2', 97.69833496571988), ('3', 97.89422135161607), ('4', 97.5024485798237), ('5', 97.79627815866797)])), ('3', OrderedDict([('3', 99.30629669156883), ('4', 99.30629669156883), ('5', 99.19957310565636)])), ('4', OrderedDict([('4', 99.49647532729104), ('5', 99.29506545820745)])), ('5', OrderedDict([('5', 97.42813918305598)]))])
Task 1 average acc: 99.90543735224587
Task 2 average acc: 98.8255268209214
Task 3 average acc: 99.05107890643593
Task 4 average acc: 99.05266448773236
Task 5 average acc: 98.73435491634213
===Summary of experiment repeats: 2 / 5 ===
The regularization coefficient: 0.5
The last avg acc of all repeats: [98.69745941 98.73435492  0.          0.          0.        ]
mean: 39.48636286460728 std: 48.360721815756825
split_boundaries: [0, 2, 4, 6, 8, 10]
{'1': [0, 1], '2': [2, 3], '3': [4, 5], '4': [6, 7], '5': [8, 9]}
MLP(
  (linear): Sequential(
    (0): Linear(in_features=1024, out_features=400, bias=True)
    (1): ReLU(inplace=True)
    (2): Linear(in_features=400, out_features=400, bias=True)
    (3): ReLU(inplace=True)
  )
  (last): ModuleDict(
    (1): Linear(in_features=400, out_features=2, bias=True)
    (2): Linear(in_features=400, out_features=2, bias=True)
    (3): Linear(in_features=400, out_features=2, bias=True)
    (4): Linear(in_features=400, out_features=2, bias=True)
    (5): Linear(in_features=400, out_features=2, bias=True)
  )
)
#parameter of model: 574410
Task order: ['1', '2', '3', '4', '5']
====================== 1 =======================
Epoch:0
LR: 0.01
Itr		Time		  Data		  Loss		Acc
[0/99]	0.1098 (0.1098)	0.1029 (0.1029)	0.669 (0.669)	60.16 (60.16)
[98/99]	0.0042 (0.0082)	0.0005 (0.0044)	0.010 (0.098)	100.00 (99.20)
 * Train Acc 99.203
 * Val Acc 99.905, Total time 0.25
Epoch:1
LR: 0.01
Itr		Time		  Data		  Loss		Acc
[0/99]	0.1125 (0.1125)	0.1040 (0.1040)	0.016 (0.016)	99.22 (99.22)
[98/99]	0.0040 (0.0083)	0.0001 (0.0042)	0.016 (0.011)	100.00 (99.78)
 * Train Acc 99.779
 * Val Acc 99.905, Total time 0.28
validation split name: 1
 * Val Acc 99.905, Total time 0.25
====================== 2 =======================
Epoch:0
LR: 0.01
Itr		Time		  Data		  Loss		Acc
[0/194]	0.1560 (0.1560)	0.1044 (0.1044)	0.351 (0.351)	76.92 (88.28)
[100/194]	0.0396 (0.0374)	0.0009 (0.0018)	0.117 (0.149)	94.12 (97.11)
[193/194]	0.0318 (0.0365)	0.0007 (0.0013)	0.085 (0.109)	92.31 (97.62)
 * Train Acc 97.621
 * Val Acc 97.062, Total time 0.27
Epoch:1
LR: 0.01
Itr		Time		  Data		  Loss		Acc
[0/194]	0.1427 (0.1427)	0.1040 (0.1040)	0.029 (0.029)	98.36 (99.22)
[100/194]	0.0392 (0.0365)	0.0006 (0.0018)	0.030 (0.055)	98.53 (98.45)
[193/194]	0.0326 (0.0360)	0.0008 (0.0013)	0.038 (0.051)	96.00 (98.54)
 * Train Acc 98.538
 * Val Acc 97.600, Total time 0.25
validation split name: 1
 * Val Acc 99.905, Total time 0.25
validation split name: 2
 * Val Acc 97.600, Total time 0.25
====================== 3 =======================
Epoch:0
LR: 0.01
Itr		Time		  Data		  Loss		Acc
[0/213]	0.1571 (0.1571)	0.1084 (0.1084)	0.326 (0.326)	52.73 (78.91)
[100/213]	0.0413 (0.0455)	0.0007 (0.0018)	0.188 (0.196)	87.04 (95.13)
[200/213]	0.0444 (0.0448)	0.0008 (0.0013)	0.079 (0.152)	98.08 (96.73)
[212/213]	0.0448 (0.0447)	0.0008 (0.0013)	0.071 (0.150)	100.00 (96.80)
 * Train Acc 96.802
 * Val Acc 98.506, Total time 0.23
Epoch:1
LR: 0.01
Itr		Time		  Data		  Loss		Acc
[0/213]	0.1502 (0.1502)	0.1023 (0.1023)	0.077 (0.077)	100.00 (99.22)
[100/213]	0.0444 (0.0441)	0.0009 (0.0018)	0.054 (0.086)	100.00 (98.75)
[200/213]	0.0442 (0.0437)	0.0007 (0.0013)	0.099 (0.084)	96.23 (98.65)
[212/213]	0.0475 (0.0437)	0.0007 (0.0013)	0.064 (0.085)	100.00 (98.63)
 * Train Acc 98.632
 * Val Acc 99.146, Total time 0.23
validation split name: 1
 * Val Acc 99.905, Total time 0.25
validation split name: 2
 * Val Acc 97.796, Total time 0.25
validation split name: 3
 * Val Acc 99.146, Total time 0.23
====================== 4 =======================
Epoch:0
LR: 0.01
Itr		Time		  Data		  Loss		Acc
[0/221]	0.1623 (0.1623)	0.1061 (0.1061)	0.282 (0.282)	59.18 (82.81)
[100/221]	0.0533 (0.0529)	0.0007 (0.0018)	0.078 (0.120)	100.00 (98.64)
[200/221]	0.0535 (0.0525)	0.0008 (0.0013)	0.051 (0.096)	100.00 (98.88)
[220/221]	0.0490 (0.0524)	0.0007 (0.0013)	0.085 (0.094)	100.00 (98.91)
 * Train Acc 98.911
 * Val Acc 99.144, Total time 0.24
Epoch:1
LR: 0.01
Itr		Time		  Data		  Loss		Acc
[0/221]	0.1636 (0.1636)	0.1044 (0.1044)	0.029 (0.029)	100.00 (100.00)
[100/221]	0.0540 (0.0541)	0.0007 (0.0018)	0.090 (0.063)	100.00 (99.26)
[200/221]	0.0501 (0.0535)	0.0008 (0.0013)	0.038 (0.062)	100.00 (99.28)
[220/221]	0.0497 (0.0534)	0.0006 (0.0012)	0.063 (0.062)	100.00 (99.25)
 * Train Acc 99.255
 * Val Acc 99.396, Total time 0.25
validation split name: 1
 * Val Acc 99.905, Total time 0.25
validation split name: 2
 * Val Acc 97.845, Total time 0.25
validation split name: 3
 * Val Acc 99.200, Total time 0.23
validation split name: 4
 * Val Acc 99.396, Total time 0.24
====================== 5 =======================
Epoch:0
LR: 0.01
Itr		Time		  Data		  Loss		Acc
[0/218]	0.1776 (0.1776)	0.1048 (0.1048)	0.320 (0.320)	66.67 (85.16)
[100/218]	0.0584 (0.0618)	0.0007 (0.0018)	0.053 (0.122)	100.00 (97.52)
[200/218]	0.0618 (0.0613)	0.0009 (0.0013)	0.046 (0.105)	100.00 (97.86)
[217/218]	0.0582 (0.0612)	0.0006 (0.0013)	0.131 (0.102)	100.00 (97.92)
 * Train Acc 97.924
 * Val Acc 96.974, Total time 0.24
Epoch:1
LR: 0.01
Itr		Time		  Data		  Loss		Acc
[0/218]	0.1765 (0.1765)	0.1107 (0.1107)	0.074 (0.074)	100.00 (99.22)
[100/218]	0.0578 (0.0621)	0.0007 (0.0019)	0.095 (0.074)	96.23 (98.41)
[200/218]	0.0617 (0.0616)	0.0008 (0.0013)	0.059 (0.071)	100.00 (98.50)
[217/218]	0.0576 (0.0616)	0.0006 (0.0013)	0.041 (0.071)	100.00 (98.54)
 * Train Acc 98.540
 * Val Acc 97.277, Total time 0.24
validation split name: 1
 * Val Acc 99.905, Total time 0.25
validation split name: 2
 * Val Acc 97.894, Total time 0.25
validation split name: 3
 * Val Acc 99.253, Total time 0.23
validation split name: 4
 * Val Acc 99.245, Total time 0.29
validation split name: 5
 * Val Acc 97.277, Total time 0.25
OrderedDict([('1', OrderedDict([('1', 99.90543735224587), ('2', 99.90543735224587), ('3', 99.90543735224587), ('4', 99.90543735224587), ('5', 99.90543735224587)])), ('2', OrderedDict([('2', 97.60039177277179), ('3', 97.79627815866797), ('4', 97.84524975514202), ('5', 97.89422135161607)])), ('3', OrderedDict([('3', 99.1462113127001), ('4', 99.19957310565636), ('5', 99.2529348986126)])), ('4', OrderedDict([('4', 99.39577039274924), ('5', 99.24471299093656)])), ('5', OrderedDict([('5', 97.2768532526475)]))])
Task 1 average acc: 99.90543735224587
Task 2 average acc: 98.75291456250883
Task 3 average acc: 98.94930894120466
Task 4 average acc: 99.08650765144836
Task 5 average acc: 98.71483196921172
===Summary of experiment repeats: 3 / 5 ===
The regularization coefficient: 0.5
The last avg acc of all repeats: [98.69745941 98.73435492 98.71483197  0.          0.        ]
mean: 59.229329258449624 std: 48.36054623918716
split_boundaries: [0, 2, 4, 6, 8, 10]
{'1': [0, 1], '2': [2, 3], '3': [4, 5], '4': [6, 7], '5': [8, 9]}
MLP(
  (linear): Sequential(
    (0): Linear(in_features=1024, out_features=400, bias=True)
    (1): ReLU(inplace=True)
    (2): Linear(in_features=400, out_features=400, bias=True)
    (3): ReLU(inplace=True)
  )
  (last): ModuleDict(
    (1): Linear(in_features=400, out_features=2, bias=True)
    (2): Linear(in_features=400, out_features=2, bias=True)
    (3): Linear(in_features=400, out_features=2, bias=True)
    (4): Linear(in_features=400, out_features=2, bias=True)
    (5): Linear(in_features=400, out_features=2, bias=True)
  )
)
#parameter of model: 574410
Task order: ['1', '2', '3', '4', '5']
====================== 1 =======================
Epoch:0
LR: 0.01
Itr		Time		  Data		  Loss		Acc
[0/99]	0.1146 (0.1146)	0.1067 (0.1067)	0.690 (0.690)	52.34 (52.34)
[98/99]	0.0039 (0.0086)	0.0001 (0.0044)	0.017 (0.109)	100.00 (99.05)
 * Train Acc 99.053
 * Val Acc 99.858, Total time 0.27
Epoch:1
LR: 0.01
Itr		Time		  Data		  Loss		Acc
[0/99]	0.1131 (0.1131)	0.1028 (0.1028)	0.012 (0.012)	100.00 (100.00)
[98/99]	0.0040 (0.0084)	0.0001 (0.0043)	0.007 (0.012)	100.00 (99.76)
 * Train Acc 99.763
 * Val Acc 99.858, Total time 0.27
validation split name: 1
 * Val Acc 99.858, Total time 0.25
====================== 2 =======================
Epoch:0
LR: 0.01
Itr		Time		  Data		  Loss		Acc
[0/194]	0.1575 (0.1575)	0.1103 (0.1103)	0.338 (0.338)	55.00 (78.91)
[100/194]	0.0407 (0.0369)	0.0008 (0.0019)	0.097 (0.172)	95.52 (95.56)
[193/194]	0.0360 (0.0363)	0.0007 (0.0013)	0.020 (0.123)	100.00 (96.72)
 * Train Acc 96.724
 * Val Acc 96.817, Total time 0.24
Epoch:1
LR: 0.01
Itr		Time		  Data		  Loss		Acc
[0/194]	0.1428 (0.1428)	0.1001 (0.1001)	0.057 (0.057)	98.39 (99.22)
[100/194]	0.0399 (0.0366)	0.0010 (0.0018)	0.041 (0.055)	96.72 (98.41)
[193/194]	0.0354 (0.0360)	0.0006 (0.0013)	0.084 (0.053)	96.00 (98.46)
 * Train Acc 98.457
 * Val Acc 97.453, Total time 0.26
validation split name: 1
 * Val Acc 99.905, Total time 0.25
validation split name: 2
 * Val Acc 97.453, Total time 0.25
====================== 3 =======================
Epoch:0
LR: 0.01
Itr		Time		  Data		  Loss		Acc
[0/213]	0.1533 (0.1533)	0.1068 (0.1068)	0.333 (0.333)	54.35 (82.81)
[100/213]	0.0403 (0.0444)	0.0009 (0.0018)	0.132 (0.195)	94.23 (95.48)
[200/213]	0.0436 (0.0435)	0.0008 (0.0013)	0.082 (0.154)	100.00 (96.81)
[212/213]	0.0399 (0.0435)	0.0008 (0.0013)	0.132 (0.151)	96.00 (96.90)
 * Train Acc 96.901
 * Val Acc 98.559, Total time 0.24
Epoch:1
LR: 0.01
Itr		Time		  Data		  Loss		Acc
[0/213]	0.1608 (0.1608)	0.1036 (0.1036)	0.088 (0.088)	96.43 (97.66)
[100/213]	0.0448 (0.0453)	0.0008 (0.0017)	0.144 (0.095)	100.00 (98.58)
[200/213]	0.0406 (0.0442)	0.0008 (0.0013)	0.068 (0.089)	100.00 (98.69)
[212/213]	0.0405 (0.0441)	0.0006 (0.0012)	0.083 (0.089)	97.73 (98.69)
 * Train Acc 98.694
 * Val Acc 98.933, Total time 0.23
validation split name: 1
 * Val Acc 99.953, Total time 0.26
validation split name: 2
 * Val Acc 97.992, Total time 0.25
validation split name: 3
 * Val Acc 98.933, Total time 0.23
====================== 4 =======================
Epoch:0
LR: 0.01
Itr		Time		  Data		  Loss		Acc
[0/221]	0.1680 (0.1680)	0.1043 (0.1043)	0.439 (0.439)	51.61 (75.00)
[100/221]	0.0495 (0.0531)	0.0008 (0.0018)	0.069 (0.131)	100.00 (98.24)
[200/221]	0.0529 (0.0525)	0.0009 (0.0013)	0.048 (0.106)	100.00 (98.66)
[220/221]	0.0491 (0.0525)	0.0007 (0.0013)	0.018 (0.102)	100.00 (98.70)
 * Train Acc 98.705
 * Val Acc 99.144, Total time 0.24
Epoch:1
LR: 0.01
Itr		Time		  Data		  Loss		Acc
[0/221]	0.1618 (0.1618)	0.1042 (0.1042)	0.071 (0.071)	100.00 (99.22)
[100/221]	0.0540 (0.0538)	0.0008 (0.0018)	0.080 (0.072)	100.00 (99.16)
[200/221]	0.0517 (0.0526)	0.0008 (0.0013)	0.040 (0.067)	100.00 (99.15)
[220/221]	0.0480 (0.0524)	0.0008 (0.0012)	0.105 (0.067)	100.00 (99.17)
 * Train Acc 99.173
 * Val Acc 99.295, Total time 0.24
validation split name: 1
 * Val Acc 99.905, Total time 0.26
validation split name: 2
 * Val Acc 97.943, Total time 0.25
validation split name: 3
 * Val Acc 98.933, Total time 0.23
validation split name: 4
 * Val Acc 99.295, Total time 0.24
====================== 5 =======================
Epoch:0
LR: 0.01
Itr		Time		  Data		  Loss		Acc
[0/218]	0.1770 (0.1770)	0.1077 (0.1077)	0.297 (0.297)	60.34 (82.03)
[100/218]	0.0584 (0.0624)	0.0007 (0.0019)	0.078 (0.124)	96.43 (97.49)
[200/218]	0.0585 (0.0618)	0.0007 (0.0013)	0.096 (0.106)	100.00 (97.82)
[217/218]	0.0605 (0.0618)	0.0007 (0.0013)	0.058 (0.103)	100.00 (97.87)
 * Train Acc 97.874
 * Val Acc 96.420, Total time 0.24
Epoch:1
LR: 0.01
Itr		Time		  Data		  Loss		Acc
[0/218]	0.1677 (0.1677)	0.1046 (0.1046)	0.055 (0.055)	98.41 (98.44)
[100/218]	0.0580 (0.0617)	0.0008 (0.0018)	0.041 (0.079)	100.00 (98.49)
[200/218]	0.0588 (0.0611)	0.0008 (0.0013)	0.043 (0.075)	98.15 (98.52)
[217/218]	0.0579 (0.0610)	0.0008 (0.0013)	0.029 (0.075)	100.00 (98.56)
 * Train Acc 98.565
 * Val Acc 97.277, Total time 0.24
validation split name: 1
 * Val Acc 99.905, Total time 0.28
validation split name: 2
 * Val Acc 97.845, Total time 0.25
validation split name: 3
 * Val Acc 99.253, Total time 0.27
validation split name: 4
 * Val Acc 99.245, Total time 0.24
validation split name: 5
 * Val Acc 97.277, Total time 0.26
OrderedDict([('1', OrderedDict([('1', 99.8581560283688), ('2', 99.90543735224587), ('3', 99.95271867612293), ('4', 99.90543735224587), ('5', 99.90543735224587)])), ('2', OrderedDict([('2', 97.45347698334966), ('3', 97.99216454456415), ('4', 97.94319294809011), ('5', 97.84524975514202)])), ('3', OrderedDict([('3', 98.93276414087514), ('4', 98.93276414087514), ('5', 99.2529348986126)])), ('4', OrderedDict([('4', 99.29506545820745), ('5', 99.24471299093656)])), ('5', OrderedDict([('5', 97.2768532526475)]))])
Task 1 average acc: 99.8581560283688
Task 2 average acc: 98.67945716779776
Task 3 average acc: 98.9592157871874
Task 4 average acc: 99.01911497485463
Task 5 average acc: 98.7050376499169
===Summary of experiment repeats: 4 / 5 ===
The regularization coefficient: 0.5
The last avg acc of all repeats: [98.69745941 98.73435492 98.71483197 98.70503765  0.        ]
mean: 78.970336788433 std: 39.48517032981071
split_boundaries: [0, 2, 4, 6, 8, 10]
{'1': [0, 1], '2': [2, 3], '3': [4, 5], '4': [6, 7], '5': [8, 9]}
MLP(
  (linear): Sequential(
    (0): Linear(in_features=1024, out_features=400, bias=True)
    (1): ReLU(inplace=True)
    (2): Linear(in_features=400, out_features=400, bias=True)
    (3): ReLU(inplace=True)
  )
  (last): ModuleDict(
    (1): Linear(in_features=400, out_features=2, bias=True)
    (2): Linear(in_features=400, out_features=2, bias=True)
    (3): Linear(in_features=400, out_features=2, bias=True)
    (4): Linear(in_features=400, out_features=2, bias=True)
    (5): Linear(in_features=400, out_features=2, bias=True)
  )
)
#parameter of model: 574410
Task order: ['1', '2', '3', '4', '5']
====================== 1 =======================
Epoch:0
LR: 0.01
Itr		Time		  Data		  Loss		Acc
[0/99]	0.1185 (0.1185)	0.1086 (0.1086)	0.680 (0.680)	56.25 (56.25)
[98/99]	0.0039 (0.0087)	0.0001 (0.0045)	0.009 (0.103)	100.00 (99.12)
 * Train Acc 99.124
 * Val Acc 99.905, Total time 0.28
Epoch:1
LR: 0.01
Itr		Time		  Data		  Loss		Acc
[0/99]	0.1149 (0.1149)	0.1070 (0.1070)	0.015 (0.015)	99.22 (99.22)
[98/99]	0.0040 (0.0085)	0.0001 (0.0044)	0.006 (0.011)	100.00 (99.79)
 * Train Acc 99.787
 * Val Acc 99.905, Total time 0.26
validation split name: 1
 * Val Acc 99.905, Total time 0.25
====================== 2 =======================
Epoch:0
LR: 0.01
Itr		Time		  Data		  Loss		Acc
[0/194]	0.1589 (0.1589)	0.1088 (0.1088)	0.333 (0.333)	47.46 (75.78)
[100/194]	0.0362 (0.0374)	0.0007 (0.0019)	0.082 (0.161)	94.23 (96.70)
[193/194]	0.0322 (0.0369)	0.0006 (0.0013)	0.042 (0.116)	96.30 (97.42)
 * Train Acc 97.423
 * Val Acc 96.523, Total time 0.26
Epoch:1
LR: 0.01
Itr		Time		  Data		  Loss		Acc
[0/194]	0.1478 (0.1478)	0.1076 (0.1076)	0.043 (0.043)	96.15 (98.44)
[100/194]	0.0376 (0.0371)	0.0008 (0.0018)	0.023 (0.054)	100.00 (98.56)
[193/194]	0.0365 (0.0365)	0.0008 (0.0013)	0.048 (0.053)	95.45 (98.53)
 * Train Acc 98.525
 * Val Acc 97.551, Total time 0.24
validation split name: 1
 * Val Acc 99.905, Total time 0.25
validation split name: 2
 * Val Acc 97.551, Total time 0.25
====================== 3 =======================
Epoch:0
LR: 0.01
Itr		Time		  Data		  Loss		Acc
[0/213]	0.1499 (0.1499)	0.1040 (0.1040)	0.393 (0.393)	46.55 (75.00)
[100/213]	0.0412 (0.0446)	0.0008 (0.0018)	0.138 (0.191)	98.00 (95.47)
[200/213]	0.0410 (0.0438)	0.0009 (0.0013)	0.070 (0.150)	98.15 (96.80)
[212/213]	0.0482 (0.0439)	0.0008 (0.0013)	0.072 (0.147)	96.15 (96.90)
 * Train Acc 96.901
 * Val Acc 98.666, Total time 0.23
Epoch:1
LR: 0.01
Itr		Time		  Data		  Loss		Acc
[0/213]	0.1564 (0.1564)	0.1054 (0.1054)	0.113 (0.113)	97.56 (97.66)
[100/213]	0.0409 (0.0444)	0.0008 (0.0018)	0.106 (0.088)	98.18 (98.57)
[200/213]	0.0449 (0.0439)	0.0007 (0.0013)	0.053 (0.082)	100.00 (98.69)
[212/213]	0.0455 (0.0439)	0.0006 (0.0013)	0.141 (0.082)	100.00 (98.71)
 * Train Acc 98.713
 * Val Acc 99.200, Total time 0.23
validation split name: 1
 * Val Acc 100.000, Total time 0.25
validation split name: 2
 * Val Acc 97.845, Total time 0.26
validation split name: 3
 * Val Acc 99.200, Total time 0.24
====================== 4 =======================
Epoch:0
LR: 0.01
Itr		Time		  Data		  Loss		Acc
[0/221]	0.1580 (0.1580)	0.1008 (0.1008)	0.322 (0.322)	50.00 (81.25)
[100/221]	0.0504 (0.0541)	0.0009 (0.0018)	0.089 (0.125)	98.08 (98.44)
[200/221]	0.0544 (0.0538)	0.0007 (0.0013)	0.093 (0.098)	97.87 (98.75)
[220/221]	0.0500 (0.0536)	0.0007 (0.0012)	0.130 (0.096)	100.00 (98.78)
 * Train Acc 98.783
 * Val Acc 99.345, Total time 0.24
Epoch:1
LR: 0.01
Itr		Time		  Data		  Loss		Acc
[0/221]	0.1687 (0.1687)	0.1114 (0.1114)	0.054 (0.054)	100.00 (99.22)
[100/221]	0.0535 (0.0540)	0.0008 (0.0019)	0.059 (0.068)	100.00 (99.13)
[200/221]	0.0571 (0.0532)	0.0008 (0.0014)	0.045 (0.066)	100.00 (99.18)
[220/221]	0.0492 (0.0531)	0.0008 (0.0013)	0.019 (0.065)	100.00 (99.19)
 * Train Acc 99.191
 * Val Acc 99.496, Total time 0.25
validation split name: 1
 * Val Acc 99.953, Total time 0.29
validation split name: 2
 * Val Acc 97.747, Total time 0.25
validation split name: 3
 * Val Acc 99.253, Total time 0.23
validation split name: 4
 * Val Acc 99.496, Total time 0.25
====================== 5 =======================
Epoch:0
LR: 0.01
Itr		Time		  Data		  Loss		Acc
[0/218]	0.1763 (0.1763)	0.1069 (0.1069)	0.398 (0.398)	61.02 (82.03)
[100/218]	0.0660 (0.0627)	0.0007 (0.0019)	0.097 (0.129)	96.43 (97.49)
[200/218]	0.0621 (0.0619)	0.0007 (0.0013)	0.053 (0.109)	100.00 (97.84)
[217/218]	0.0579 (0.0619)	0.0008 (0.0013)	0.062 (0.107)	100.00 (97.86)
 * Train Acc 97.860
 * Val Acc 96.672, Total time 0.23
Epoch:1
LR: 0.01
Itr		Time		  Data		  Loss		Acc
[0/218]	0.1656 (0.1656)	0.1051 (0.1051)	0.082 (0.082)	98.41 (98.44)
[100/218]	0.0552 (0.0591)	0.0006 (0.0017)	0.044 (0.076)	100.00 (98.46)
[200/218]	0.0558 (0.0585)	0.0007 (0.0012)	0.074 (0.074)	98.04 (98.46)
[217/218]	0.0544 (0.0585)	0.0006 (0.0011)	0.072 (0.074)	100.00 (98.48)
 * Train Acc 98.478
 * Val Acc 97.428, Total time 0.24
validation split name: 1
 * Val Acc 100.000, Total time 0.25
validation split name: 2
 * Val Acc 97.845, Total time 0.25
validation split name: 3
 * Val Acc 99.306, Total time 0.24
validation split name: 4
 * Val Acc 99.446, Total time 0.25
validation split name: 5
 * Val Acc 97.428, Total time 0.25
OrderedDict([('1', OrderedDict([('1', 99.90543735224587), ('2', 99.90543735224587), ('3', 100.0), ('4', 99.95271867612293), ('5', 100.0)])), ('2', OrderedDict([('2', 97.55142017629775), ('3', 97.84524975514202), ('4', 97.74730656219393), ('5', 97.84524975514202)])), ('3', OrderedDict([('3', 99.19957310565636), ('4', 99.2529348986126), ('5', 99.30629669156883)])), ('4', OrderedDict([('4', 99.49647532729104), ('5', 99.44612286002014)])), ('5', OrderedDict([('5', 97.42813918305598)]))])
Task 1 average acc: 99.90543735224587
Task 2 average acc: 98.72842876427181
Task 3 average acc: 99.01494095359946
Task 4 average acc: 99.11235886605512
Task 5 average acc: 98.8051616979574
===Summary of experiment repeats: 5 / 5 ===
The regularization coefficient: 0.5
The last avg acc of all repeats: [98.69745941 98.73435492 98.71483197 98.70503765 98.8051617 ]
mean: 98.7313691280245 std: 0.038912599169945626
reg_coef: 0.5 mean: 98.7313691280245 std: 0.038912599169945626
Total Time for the script is 531.78435754776 seconds
