split_boundaries: [0, 2, 4, 6, 8, 10]
{'1': [0, 1], '2': [2, 3], '3': [4, 5], '4': [6, 7], '5': [8, 9]}
MLP(
  (linear): Sequential(
    (0): Linear(in_features=1024, out_features=400, bias=True)
    (1): ReLU(inplace=True)
    (2): Linear(in_features=400, out_features=400, bias=True)
    (3): ReLU(inplace=True)
  )
  (last): ModuleDict(
    (1): Linear(in_features=400, out_features=2, bias=True)
    (2): Linear(in_features=400, out_features=2, bias=True)
    (3): Linear(in_features=400, out_features=2, bias=True)
    (4): Linear(in_features=400, out_features=2, bias=True)
    (5): Linear(in_features=400, out_features=2, bias=True)
  )
)
#parameter of model: 574410
Task order: ['1', '2', '3', '4', '5']
====================== 1 =======================
#reg_term: 0
Epoch:0
LR: 0.001
Itr		Time		  Data		  Loss		Acc
[0/99]	0.5220 (0.5220)	0.0902 (0.0902)	0.698 (0.698)	43.75 (43.75)
[98/99]	0.0030 (0.0122)	0.0005 (0.0052)	0.000 (0.022)	100.00 (99.19)
 * Train Acc 99.195
 * Val Acc 99.905, Total time 0.28
Epoch:1
LR: 0.001
Itr		Time		  Data		  Loss		Acc
[0/99]	0.1084 (0.1084)	0.1018 (0.1018)	0.005 (0.005)	100.00 (100.00)
[98/99]	0.0031 (0.0084)	0.0001 (0.0055)	0.001 (0.002)	100.00 (99.92)
 * Train Acc 99.921
 * Val Acc 99.858, Total time 0.25
Computing EWC
Sample 60000 for estimating the F matrix.
validation split name: 1
 * Val Acc 99.858, Total time 0.25
====================== 2 =======================
#reg_term: 1
Epoch:0
LR: 0.001
Itr		Time		  Data		  Loss		Acc
[0/95]	0.1133 (0.1133)	0.1007 (0.1007)	0.755 (0.755)	60.16 (60.16)
[94/95]	0.0055 (0.0083)	0.0001 (0.0027)	0.051 (0.095)	98.25 (96.63)
 * Train Acc 96.633
 * Val Acc 99.265, Total time 0.25
Epoch:1
LR: 0.001
Itr		Time		  Data		  Loss		Acc
[0/95]	0.1174 (0.1174)	0.1053 (0.1053)	0.041 (0.041)	97.66 (97.66)
[94/95]	0.0056 (0.0089)	0.0001 (0.0028)	0.004 (0.029)	100.00 (99.00)
 * Train Acc 98.999
 * Val Acc 98.923, Total time 0.25
Computing EWC
Sample 60000 for estimating the F matrix.
validation split name: 1
 * Val Acc 99.953, Total time 0.25
validation split name: 2
 * Val Acc 98.923, Total time 0.25
====================== 3 =======================
#reg_term: 2
Epoch:0
LR: 0.001
Itr		Time		  Data		  Loss		Acc
[0/88]	0.1158 (0.1158)	0.0978 (0.0978)	0.782 (0.782)	47.66 (47.66)
[87/88]	0.0081 (0.0097)	0.0006 (0.0018)	0.015 (0.069)	100.00 (97.51)
 * Train Acc 97.505
 * Val Acc 99.306, Total time 0.23
Epoch:1
LR: 0.001
Itr		Time		  Data		  Loss		Acc
[0/88]	0.1159 (0.1159)	0.1047 (0.1047)	0.042 (0.042)	99.22 (99.22)
[87/88]	0.0080 (0.0100)	0.0005 (0.0019)	0.014 (0.018)	100.00 (99.77)
 * Train Acc 99.769
 * Val Acc 99.840, Total time 0.23
Computing EWC
Sample 60000 for estimating the F matrix.
validation split name: 1
 * Val Acc 99.811, Total time 0.25
validation split name: 2
 * Val Acc 97.943, Total time 0.25
validation split name: 3
 * Val Acc 99.840, Total time 0.23
====================== 4 =======================
#reg_term: 3
Epoch:0
LR: 0.001
Itr		Time		  Data		  Loss		Acc
[0/96]	0.1243 (0.1243)	0.1067 (0.1067)	0.771 (0.771)	50.78 (50.78)
[95/96]	0.0100 (0.0118)	0.0001 (0.0019)	0.017 (0.047)	100.00 (98.95)
 * Train Acc 98.949
 * Val Acc 99.899, Total time 0.25
Epoch:1
LR: 0.001
Itr		Time		  Data		  Loss		Acc
[0/96]	0.1174 (0.1174)	0.1036 (0.1036)	0.017 (0.017)	100.00 (100.00)
[95/96]	0.0093 (0.0113)	0.0001 (0.0017)	0.026 (0.015)	100.00 (99.95)
 * Train Acc 99.951
 * Val Acc 99.950, Total time 0.25
Computing EWC
Sample 60000 for estimating the F matrix.
validation split name: 1
 * Val Acc 95.981, Total time 0.27
validation split name: 2
 * Val Acc 93.879, Total time 0.25
validation split name: 3
 * Val Acc 99.680, Total time 0.24
validation split name: 4
 * Val Acc 99.950, Total time 0.24
====================== 5 =======================
#reg_term: 4
Epoch:0
LR: 0.001
Itr		Time		  Data		  Loss		Acc
[0/93]	0.1229 (0.1229)	0.1044 (0.1044)	0.807 (0.807)	42.97 (42.97)
[92/93]	0.0115 (0.0133)	0.0001 (0.0018)	0.045 (0.089)	100.00 (97.32)
 * Train Acc 97.322
 * Val Acc 98.891, Total time 0.24
Epoch:1
LR: 0.001
Itr		Time		  Data		  Loss		Acc
[0/93]	0.1192 (0.1192)	0.1032 (0.1032)	0.031 (0.031)	100.00 (100.00)
[92/93]	0.0117 (0.0135)	0.0001 (0.0018)	0.021 (0.044)	100.00 (99.24)
 * Train Acc 99.237
 * Val Acc 98.941, Total time 0.23
Computing EWC
Sample 60000 for estimating the F matrix.
validation split name: 1
 * Val Acc 98.440, Total time 0.26
validation split name: 2
 * Val Acc 88.981, Total time 0.26
validation split name: 3
 * Val Acc 99.360, Total time 0.24
validation split name: 4
 * Val Acc 99.446, Total time 0.24
validation split name: 5
 * Val Acc 98.941, Total time 0.25
OrderedDict([('1', OrderedDict([('1', 99.8581560283688), ('2', 99.95271867612293), ('3', 99.81087470449172), ('4', 95.98108747044917), ('5', 98.43971631205673)])), ('2', OrderedDict([('2', 98.92262487757101), ('3', 97.94319294809011), ('4', 93.87855044074436), ('5', 88.98139079333987)])), ('3', OrderedDict([('3', 99.83991462113127), ('4', 99.67982924226254), ('5', 99.35965848452508)])), ('4', OrderedDict([('4', 99.9496475327291), ('5', 99.44612286002014)])), ('5', OrderedDict([('5', 98.94099848714069)]))])
Task 1 average acc: 99.8581560283688
Task 2 average acc: 99.43767177684697
Task 3 average acc: 99.1979940912377
Task 4 average acc: 97.3722786715463
Task 5 average acc: 97.0335773874165
===Summary of experiment repeats: 1 / 5 ===
The regularization coefficient: 100.0
The last avg acc of all repeats: [97.03357739  0.          0.          0.          0.        ]
mean: 19.4067154774833 std: 38.8134309549666
split_boundaries: [0, 2, 4, 6, 8, 10]
{'1': [0, 1], '2': [2, 3], '3': [4, 5], '4': [6, 7], '5': [8, 9]}
MLP(
  (linear): Sequential(
    (0): Linear(in_features=1024, out_features=400, bias=True)
    (1): ReLU(inplace=True)
    (2): Linear(in_features=400, out_features=400, bias=True)
    (3): ReLU(inplace=True)
  )
  (last): ModuleDict(
    (1): Linear(in_features=400, out_features=2, bias=True)
    (2): Linear(in_features=400, out_features=2, bias=True)
    (3): Linear(in_features=400, out_features=2, bias=True)
    (4): Linear(in_features=400, out_features=2, bias=True)
    (5): Linear(in_features=400, out_features=2, bias=True)
  )
)
#parameter of model: 574410
Task order: ['1', '2', '3', '4', '5']
====================== 1 =======================
#reg_term: 0
Epoch:0
LR: 0.001
Itr		Time		  Data		  Loss		Acc
[0/99]	0.1089 (0.1089)	0.1035 (0.1035)	0.634 (0.634)	65.62 (65.62)
[98/99]	0.0026 (0.0082)	0.0001 (0.0057)	0.004 (0.025)	100.00 (99.41)
 * Train Acc 99.408
 * Val Acc 99.905, Total time 0.25
Epoch:1
LR: 0.001
Itr		Time		  Data		  Loss		Acc
[0/99]	0.1147 (0.1147)	0.1085 (0.1085)	0.001 (0.001)	100.00 (100.00)
[98/99]	0.0027 (0.0084)	0.0001 (0.0056)	0.000 (0.003)	100.00 (99.91)
 * Train Acc 99.913
 * Val Acc 99.953, Total time 0.25
Computing EWC
Sample 60000 for estimating the F matrix.
validation split name: 1
 * Val Acc 99.953, Total time 0.27
====================== 2 =======================
#reg_term: 1
Epoch:0
LR: 0.001
Itr		Time		  Data		  Loss		Acc
[0/95]	0.1148 (0.1148)	0.1031 (0.1031)	0.776 (0.776)	46.09 (46.09)
[94/95]	0.0054 (0.0084)	0.0001 (0.0028)	0.016 (0.108)	100.00 (95.69)
 * Train Acc 95.690
 * Val Acc 98.776, Total time 0.26
Epoch:1
LR: 0.001
Itr		Time		  Data		  Loss		Acc
[0/95]	0.1166 (0.1166)	0.1071 (0.1071)	0.039 (0.039)	98.44 (98.44)
[94/95]	0.0055 (0.0086)	0.0001 (0.0030)	0.051 (0.034)	96.49 (98.90)
 * Train Acc 98.900
 * Val Acc 99.167, Total time 0.27
Computing EWC
Sample 60000 for estimating the F matrix.
validation split name: 1
 * Val Acc 99.905, Total time 0.26
validation split name: 2
 * Val Acc 99.167, Total time 0.25
====================== 3 =======================
#reg_term: 2
Epoch:0
LR: 0.001
Itr		Time		  Data		  Loss		Acc
[0/88]	0.1137 (0.1137)	0.1011 (0.1011)	0.936 (0.936)	53.12 (53.12)
[87/88]	0.0082 (0.0095)	0.0005 (0.0018)	0.017 (0.077)	100.00 (97.43)
 * Train Acc 97.434
 * Val Acc 99.893, Total time 0.23
Epoch:1
LR: 0.001
Itr		Time		  Data		  Loss		Acc
[0/88]	0.1199 (0.1199)	0.1066 (0.1066)	0.017 (0.017)	100.00 (100.00)
[87/88]	0.0080 (0.0108)	0.0005 (0.0019)	0.009 (0.019)	100.00 (99.71)
 * Train Acc 99.707
 * Val Acc 99.733, Total time 0.26
Computing EWC
Sample 60000 for estimating the F matrix.
validation split name: 1
 * Val Acc 71.348, Total time 0.25
validation split name: 2
 * Val Acc 98.825, Total time 0.25
validation split name: 3
 * Val Acc 99.733, Total time 0.27
====================== 4 =======================
#reg_term: 3
Epoch:0
LR: 0.001
Itr		Time		  Data		  Loss		Acc
[0/96]	0.1169 (0.1169)	0.1033 (0.1033)	0.810 (0.810)	50.78 (50.78)
[95/96]	0.0094 (0.0114)	0.0001 (0.0018)	0.016 (0.048)	100.00 (98.88)
 * Train Acc 98.884
 * Val Acc 99.899, Total time 0.24
Epoch:1
LR: 0.001
Itr		Time		  Data		  Loss		Acc
[0/96]	0.1159 (0.1159)	0.1023 (0.1023)	0.017 (0.017)	100.00 (100.00)
[95/96]	0.0095 (0.0114)	0.0001 (0.0017)	0.013 (0.017)	100.00 (99.91)
 * Train Acc 99.910
 * Val Acc 99.950, Total time 0.24
Computing EWC
Sample 60000 for estimating the F matrix.
validation split name: 1
 * Val Acc 69.693, Total time 0.25
validation split name: 2
 * Val Acc 93.976, Total time 0.25
validation split name: 3
 * Val Acc 93.330, Total time 0.23
validation split name: 4
 * Val Acc 99.950, Total time 0.24
====================== 5 =======================
#reg_term: 4
Epoch:0
LR: 0.001
Itr		Time		  Data		  Loss		Acc
[0/93]	0.1236 (0.1236)	0.1040 (0.1040)	1.709 (1.709)	52.34 (52.34)
[92/93]	0.0114 (0.0151)	0.0001 (0.0019)	0.027 (0.125)	100.00 (96.25)
 * Train Acc 96.254
 * Val Acc 98.185, Total time 0.24
Epoch:1
LR: 0.001
Itr		Time		  Data		  Loss		Acc
[0/93]	0.1184 (0.1184)	0.1023 (0.1023)	0.114 (0.114)	97.66 (97.66)
[92/93]	0.0116 (0.0135)	0.0002 (0.0018)	0.124 (0.047)	95.83 (99.26)
 * Train Acc 99.263
 * Val Acc 98.790, Total time 0.24
Computing EWC
Sample 60000 for estimating the F matrix.
validation split name: 1
 * Val Acc 92.813, Total time 0.25
validation split name: 2
 * Val Acc 89.618, Total time 0.24
validation split name: 3
 * Val Acc 97.225, Total time 0.25
validation split name: 4
 * Val Acc 98.892, Total time 0.24
validation split name: 5
 * Val Acc 98.790, Total time 0.24
OrderedDict([('1', OrderedDict([('1', 99.95271867612293), ('2', 99.90543735224587), ('3', 71.34751773049645), ('4', 69.69267139479905), ('5', 92.81323877068557)])), ('2', OrderedDict([('2', 99.16748285994123), ('3', 98.82468168462292), ('4', 93.97649363369246), ('5', 89.61802154750245)])), ('3', OrderedDict([('3', 99.73319103521878), ('4', 93.32977588046958), ('5', 97.22518676627534)])), ('4', OrderedDict([('4', 99.9496475327291), ('5', 98.89224572004028)])), ('5', OrderedDict([('5', 98.78971255673223)]))])
Task 1 average acc: 99.95271867612293
Task 2 average acc: 99.53646010609356
Task 3 average acc: 89.96846348344604
Task 4 average acc: 89.23714711042255
Task 5 average acc: 95.46768107224717
===Summary of experiment repeats: 2 / 5 ===
The regularization coefficient: 100.0
The last avg acc of all repeats: [97.03357739 95.46768107  0.          0.          0.        ]
mean: 38.50025169193274 std: 47.15558581589502
split_boundaries: [0, 2, 4, 6, 8, 10]
{'1': [0, 1], '2': [2, 3], '3': [4, 5], '4': [6, 7], '5': [8, 9]}
MLP(
  (linear): Sequential(
    (0): Linear(in_features=1024, out_features=400, bias=True)
    (1): ReLU(inplace=True)
    (2): Linear(in_features=400, out_features=400, bias=True)
    (3): ReLU(inplace=True)
  )
  (last): ModuleDict(
    (1): Linear(in_features=400, out_features=2, bias=True)
    (2): Linear(in_features=400, out_features=2, bias=True)
    (3): Linear(in_features=400, out_features=2, bias=True)
    (4): Linear(in_features=400, out_features=2, bias=True)
    (5): Linear(in_features=400, out_features=2, bias=True)
  )
)
#parameter of model: 574410
Task order: ['1', '2', '3', '4', '5']
====================== 1 =======================
#reg_term: 0
Epoch:0
LR: 0.001
Itr		Time		  Data		  Loss		Acc
[0/99]	0.1083 (0.1083)	0.1021 (0.1021)	0.665 (0.665)	53.91 (53.91)
[98/99]	0.0026 (0.0081)	0.0001 (0.0054)	0.000 (0.024)	100.00 (99.29)
 * Train Acc 99.289
 * Val Acc 99.953, Total time 0.25
Epoch:1
LR: 0.001
Itr		Time		  Data		  Loss		Acc
[0/99]	0.1122 (0.1122)	0.1062 (0.1062)	0.010 (0.010)	99.22 (99.22)
[98/99]	0.0026 (0.0085)	0.0001 (0.0057)	0.017 (0.004)	99.17 (99.83)
 * Train Acc 99.834
 * Val Acc 99.953, Total time 0.25
Computing EWC
Sample 60000 for estimating the F matrix.
validation split name: 1
 * Val Acc 99.953, Total time 0.26
====================== 2 =======================
#reg_term: 1
Epoch:0
LR: 0.001
Itr		Time		  Data		  Loss		Acc
[0/95]	0.1135 (0.1135)	0.1049 (0.1049)	0.743 (0.743)	52.34 (52.34)
[94/95]	0.0054 (0.0084)	0.0001 (0.0027)	0.012 (0.103)	100.00 (95.92)
 * Train Acc 95.922
 * Val Acc 99.167, Total time 0.30
Epoch:1
LR: 0.001
Itr		Time		  Data		  Loss		Acc
[0/95]	0.1106 (0.1106)	0.1014 (0.1014)	0.071 (0.071)	97.66 (97.66)
[94/95]	0.0059 (0.0084)	0.0005 (0.0027)	0.009 (0.029)	100.00 (99.07)
 * Train Acc 99.065
 * Val Acc 99.510, Total time 0.25
Computing EWC
Sample 60000 for estimating the F matrix.
validation split name: 1
 * Val Acc 99.858, Total time 0.28
validation split name: 2
 * Val Acc 99.510, Total time 0.26
====================== 3 =======================
#reg_term: 2
Epoch:0
LR: 0.001
Itr		Time		  Data		  Loss		Acc
[0/88]	0.1124 (0.1124)	0.1010 (0.1010)	0.804 (0.804)	27.34 (27.34)
[87/88]	0.0081 (0.0097)	0.0005 (0.0018)	0.018 (0.075)	100.00 (97.11)
 * Train Acc 97.106
 * Val Acc 99.840, Total time 0.26
Epoch:1
LR: 0.001
Itr		Time		  Data		  Loss		Acc
[0/88]	0.1119 (0.1119)	0.1006 (0.1006)	0.018 (0.018)	100.00 (100.00)
[87/88]	0.0080 (0.0096)	0.0005 (0.0018)	0.008 (0.017)	100.00 (99.74)
 * Train Acc 99.743
 * Val Acc 99.787, Total time 0.23
Computing EWC
Sample 60000 for estimating the F matrix.
validation split name: 1
 * Val Acc 99.196, Total time 0.25
validation split name: 2
 * Val Acc 98.874, Total time 0.25
validation split name: 3
 * Val Acc 99.787, Total time 0.22
====================== 4 =======================
#reg_term: 3
Epoch:0
LR: 0.001
Itr		Time		  Data		  Loss		Acc
[0/96]	0.1162 (0.1162)	0.1022 (0.1022)	0.773 (0.773)	43.75 (43.75)
[95/96]	0.0089 (0.0108)	0.0001 (0.0017)	0.018 (0.052)	100.00 (98.97)
 * Train Acc 98.974
 * Val Acc 99.748, Total time 0.23
Epoch:1
LR: 0.001
Itr		Time		  Data		  Loss		Acc
[0/96]	0.1172 (0.1172)	0.1032 (0.1032)	0.017 (0.017)	100.00 (100.00)
[95/96]	0.0094 (0.0115)	0.0001 (0.0017)	0.011 (0.015)	100.00 (99.96)
 * Train Acc 99.959
 * Val Acc 99.698, Total time 0.24
Computing EWC
Sample 60000 for estimating the F matrix.
validation split name: 1
 * Val Acc 98.298, Total time 0.25
validation split name: 2
 * Val Acc 91.724, Total time 0.25
validation split name: 3
 * Val Acc 95.891, Total time 0.27
validation split name: 4
 * Val Acc 99.698, Total time 0.25
====================== 5 =======================
#reg_term: 4
Epoch:0
LR: 0.001
Itr		Time		  Data		  Loss		Acc
[0/93]	0.1206 (0.1206)	0.1031 (0.1031)	0.986 (0.986)	25.78 (25.78)
[92/93]	0.0114 (0.0134)	0.0001 (0.0018)	0.027 (0.104)	100.00 (96.97)
 * Train Acc 96.975
 * Val Acc 99.042, Total time 0.24
Epoch:1
LR: 0.001
Itr		Time		  Data		  Loss		Acc
[0/93]	0.1155 (0.1155)	0.1011 (0.1011)	0.036 (0.036)	100.00 (100.00)
[92/93]	0.0107 (0.0127)	0.0001 (0.0017)	0.022 (0.045)	100.00 (99.31)
 * Train Acc 99.305
 * Val Acc 99.092, Total time 0.24
Computing EWC
Sample 60000 for estimating the F matrix.
validation split name: 1
 * Val Acc 99.007, Total time 0.25
validation split name: 2
 * Val Acc 80.411, Total time 0.26
validation split name: 3
 * Val Acc 99.466, Total time 0.23
validation split name: 4
 * Val Acc 99.094, Total time 0.24
validation split name: 5
 * Val Acc 99.092, Total time 0.24
OrderedDict([('1', OrderedDict([('1', 99.95271867612293), ('2', 99.8581560283688), ('3', 99.19621749408984), ('4', 98.29787234042553), ('5', 99.00709219858156)])), ('2', OrderedDict([('2', 99.51028403525955), ('3', 98.87365328109696), ('4', 91.72380019588638), ('5', 80.41136141038197)])), ('3', OrderedDict([('3', 99.78655282817503), ('4', 95.89114194236926), ('5', 99.46638207043756)])), ('4', OrderedDict([('4', 99.69788519637463), ('5', 99.09365558912387)])), ('5', OrderedDict([('5', 99.09228441754917)]))])
Task 1 average acc: 99.95271867612293
Task 2 average acc: 99.68422003181416
Task 3 average acc: 99.28547453445395
Task 4 average acc: 96.40267491876395
Task 5 average acc: 95.41415513721483
===Summary of experiment repeats: 3 / 5 ===
The regularization coefficient: 100.0
The last avg acc of all repeats: [97.03357739 95.46768107 95.41415514  0.          0.        ]
mean: 57.5830827193757 std: 47.01998977696236
split_boundaries: [0, 2, 4, 6, 8, 10]
{'1': [0, 1], '2': [2, 3], '3': [4, 5], '4': [6, 7], '5': [8, 9]}
MLP(
  (linear): Sequential(
    (0): Linear(in_features=1024, out_features=400, bias=True)
    (1): ReLU(inplace=True)
    (2): Linear(in_features=400, out_features=400, bias=True)
    (3): ReLU(inplace=True)
  )
  (last): ModuleDict(
    (1): Linear(in_features=400, out_features=2, bias=True)
    (2): Linear(in_features=400, out_features=2, bias=True)
    (3): Linear(in_features=400, out_features=2, bias=True)
    (4): Linear(in_features=400, out_features=2, bias=True)
    (5): Linear(in_features=400, out_features=2, bias=True)
  )
)
#parameter of model: 574410
Task order: ['1', '2', '3', '4', '5']
====================== 1 =======================
#reg_term: 0
Epoch:0
LR: 0.001
Itr		Time		  Data		  Loss		Acc
[0/99]	0.1087 (0.1087)	0.1031 (0.1031)	0.700 (0.700)	46.88 (46.88)
[98/99]	0.0026 (0.0085)	0.0001 (0.0055)	0.000 (0.025)	100.00 (99.15)
 * Train Acc 99.147
 * Val Acc 99.905, Total time 0.26
Epoch:1
LR: 0.001
Itr		Time		  Data		  Loss		Acc
[0/99]	0.1105 (0.1105)	0.1049 (0.1049)	0.000 (0.000)	100.00 (100.00)
[98/99]	0.0031 (0.0083)	0.0006 (0.0054)	0.000 (0.003)	100.00 (99.92)
 * Train Acc 99.921
 * Val Acc 99.905, Total time 0.25
Computing EWC
Sample 60000 for estimating the F matrix.
validation split name: 1
 * Val Acc 99.905, Total time 0.29
====================== 2 =======================
#reg_term: 1
Epoch:0
LR: 0.001
Itr		Time		  Data		  Loss		Acc
[0/95]	0.1148 (0.1148)	0.1061 (0.1061)	0.709 (0.709)	58.59 (58.59)
[94/95]	0.0056 (0.0084)	0.0001 (0.0028)	0.029 (0.109)	98.25 (96.29)
 * Train Acc 96.286
 * Val Acc 98.874, Total time 0.25
Epoch:1
LR: 0.001
Itr		Time		  Data		  Loss		Acc
[0/95]	0.1128 (0.1128)	0.1015 (0.1015)	0.013 (0.013)	100.00 (100.00)
[94/95]	0.0059 (0.0083)	0.0005 (0.0027)	0.018 (0.032)	98.25 (98.97)
 * Train Acc 98.974
 * Val Acc 99.412, Total time 0.25
Computing EWC
Sample 60000 for estimating the F matrix.
validation split name: 1
 * Val Acc 99.905, Total time 0.25
validation split name: 2
 * Val Acc 99.412, Total time 0.25
====================== 3 =======================
#reg_term: 2
Epoch:0
LR: 0.001
Itr		Time		  Data		  Loss		Acc
[0/88]	0.1157 (0.1157)	0.1045 (0.1045)	0.909 (0.909)	38.28 (38.28)
[87/88]	0.0081 (0.0095)	0.0005 (0.0019)	0.048 (0.080)	99.21 (97.13)
 * Train Acc 97.132
 * Val Acc 99.893, Total time 0.23
Epoch:1
LR: 0.001
Itr		Time		  Data		  Loss		Acc
[0/88]	0.1143 (0.1143)	0.1027 (0.1027)	0.015 (0.015)	100.00 (100.00)
[87/88]	0.0085 (0.0096)	0.0009 (0.0018)	0.010 (0.016)	100.00 (99.81)
 * Train Acc 99.814
 * Val Acc 99.787, Total time 0.24
Computing EWC
Sample 60000 for estimating the F matrix.
validation split name: 1
 * Val Acc 97.069, Total time 0.25
validation split name: 2
 * Val Acc 97.649, Total time 0.26
validation split name: 3
 * Val Acc 99.787, Total time 0.23
====================== 4 =======================
#reg_term: 3
Epoch:0
LR: 0.001
Itr		Time		  Data		  Loss		Acc
[0/96]	0.1193 (0.1193)	0.1061 (0.1061)	0.775 (0.775)	40.62 (40.62)
[95/96]	0.0096 (0.0114)	0.0001 (0.0018)	0.019 (0.053)	100.00 (98.83)
 * Train Acc 98.834
 * Val Acc 99.799, Total time 0.25
Epoch:1
LR: 0.001
Itr		Time		  Data		  Loss		Acc
[0/96]	0.1163 (0.1163)	0.1024 (0.1024)	0.019 (0.019)	100.00 (100.00)
[95/96]	0.0094 (0.0113)	0.0001 (0.0017)	0.012 (0.017)	100.00 (99.94)
 * Train Acc 99.943
 * Val Acc 99.899, Total time 0.24
Computing EWC
Sample 60000 for estimating the F matrix.
validation split name: 1
 * Val Acc 98.960, Total time 0.25
validation split name: 2
 * Val Acc 98.286, Total time 0.25
validation split name: 3
 * Val Acc 99.200, Total time 0.23
validation split name: 4
 * Val Acc 99.899, Total time 0.24
====================== 5 =======================
#reg_term: 4
Epoch:0
LR: 0.001
Itr		Time		  Data		  Loss		Acc
[0/93]	0.1254 (0.1254)	0.1058 (0.1058)	0.828 (0.828)	47.66 (47.66)
[92/93]	0.0115 (0.0135)	0.0001 (0.0018)	0.106 (0.115)	95.83 (97.07)
 * Train Acc 97.068
 * Val Acc 98.840, Total time 0.24
Epoch:1
LR: 0.001
Itr		Time		  Data		  Loss		Acc
[0/93]	0.1202 (0.1202)	0.1044 (0.1044)	0.042 (0.042)	100.00 (100.00)
[92/93]	0.0115 (0.0135)	0.0001 (0.0018)	0.024 (0.053)	100.00 (99.08)
 * Train Acc 99.085
 * Val Acc 99.143, Total time 0.24
Computing EWC
Sample 60000 for estimating the F matrix.
validation split name: 1
 * Val Acc 98.109, Total time 0.25
validation split name: 2
 * Val Acc 93.536, Total time 0.26
validation split name: 3
 * Val Acc 99.413, Total time 0.23
validation split name: 4
 * Val Acc 99.396, Total time 0.24
validation split name: 5
 * Val Acc 99.143, Total time 0.24
OrderedDict([('1', OrderedDict([('1', 99.90543735224587), ('2', 99.90543735224587), ('3', 97.06855791962175), ('4', 98.95981087470449), ('5', 98.10874704491725)])), ('2', OrderedDict([('2', 99.41234084231147), ('3', 97.64936336924583), ('4', 98.28599412340843), ('5', 93.53574926542605)])), ('3', OrderedDict([('3', 99.78655282817503), ('4', 99.19957310565636), ('5', 99.41302027748132)])), ('4', OrderedDict([('4', 99.8992950654582), ('5', 99.39577039274924)])), ('5', OrderedDict([('5', 99.14271306101865)]))])
Task 1 average acc: 99.90543735224587
Task 2 average acc: 99.65888909727866
Task 3 average acc: 98.1681580390142
Task 4 average acc: 99.08616829230687
Task 5 average acc: 97.9192000083185
===Summary of experiment repeats: 4 / 5 ===
The regularization coefficient: 100.0
The last avg acc of all repeats: [97.03357739 95.46768107 95.41415514 97.91920001  0.        ]
mean: 77.16692272103941 std: 38.59521781142139
split_boundaries: [0, 2, 4, 6, 8, 10]
{'1': [0, 1], '2': [2, 3], '3': [4, 5], '4': [6, 7], '5': [8, 9]}
MLP(
  (linear): Sequential(
    (0): Linear(in_features=1024, out_features=400, bias=True)
    (1): ReLU(inplace=True)
    (2): Linear(in_features=400, out_features=400, bias=True)
    (3): ReLU(inplace=True)
  )
  (last): ModuleDict(
    (1): Linear(in_features=400, out_features=2, bias=True)
    (2): Linear(in_features=400, out_features=2, bias=True)
    (3): Linear(in_features=400, out_features=2, bias=True)
    (4): Linear(in_features=400, out_features=2, bias=True)
    (5): Linear(in_features=400, out_features=2, bias=True)
  )
)
#parameter of model: 574410
Task order: ['1', '2', '3', '4', '5']
====================== 1 =======================
#reg_term: 0
Epoch:0
LR: 0.001
Itr		Time		  Data		  Loss		Acc
[0/99]	0.1137 (0.1137)	0.1086 (0.1086)	0.690 (0.690)	53.91 (53.91)
[98/99]	0.0033 (0.0083)	0.0001 (0.0056)	0.000 (0.029)	100.00 (99.17)
 * Train Acc 99.171
 * Val Acc 100.000, Total time 0.25
Epoch:1
LR: 0.001
Itr		Time		  Data		  Loss		Acc
[0/99]	0.1082 (0.1082)	0.1028 (0.1028)	0.000 (0.000)	100.00 (100.00)
[98/99]	0.0029 (0.0085)	0.0001 (0.0054)	0.003 (0.005)	100.00 (99.83)
 * Train Acc 99.834
 * Val Acc 99.905, Total time 0.25
Computing EWC
Sample 60000 for estimating the F matrix.
validation split name: 1
 * Val Acc 99.905, Total time 0.25
====================== 2 =======================
#reg_term: 1
Epoch:0
LR: 0.001
Itr		Time		  Data		  Loss		Acc
[0/95]	0.1090 (0.1090)	0.1003 (0.1003)	0.870 (0.870)	43.75 (43.75)
[94/95]	0.0054 (0.0082)	0.0001 (0.0026)	0.035 (0.107)	98.25 (95.49)
 * Train Acc 95.492
 * Val Acc 99.021, Total time 0.25
Epoch:1
LR: 0.001
Itr		Time		  Data		  Loss		Acc
[0/95]	0.1183 (0.1183)	0.1103 (0.1103)	0.015 (0.015)	100.00 (100.00)
[94/95]	0.0054 (0.0084)	0.0001 (0.0028)	0.076 (0.026)	98.25 (99.14)
 * Train Acc 99.140
 * Val Acc 99.363, Total time 0.25
Computing EWC
Sample 60000 for estimating the F matrix.
validation split name: 1
 * Val Acc 99.858, Total time 0.25
validation split name: 2
 * Val Acc 99.363, Total time 0.26
====================== 3 =======================
#reg_term: 2
Epoch:0
LR: 0.001
Itr		Time		  Data		  Loss		Acc
[0/88]	0.1186 (0.1186)	0.1082 (0.1082)	0.856 (0.856)	42.97 (42.97)
[87/88]	0.0079 (0.0100)	0.0005 (0.0019)	0.015 (0.074)	100.00 (97.52)
 * Train Acc 97.523
 * Val Acc 99.840, Total time 0.24
Epoch:1
LR: 0.001
Itr		Time		  Data		  Loss		Acc
[0/88]	0.1116 (0.1116)	0.1000 (0.1000)	0.041 (0.041)	99.22 (99.22)
[87/88]	0.0084 (0.0096)	0.0006 (0.0018)	0.018 (0.022)	100.00 (99.58)
 * Train Acc 99.583
 * Val Acc 99.787, Total time 0.23
Computing EWC
Sample 60000 for estimating the F matrix.
validation split name: 1
 * Val Acc 99.433, Total time 0.26
validation split name: 2
 * Val Acc 99.021, Total time 0.26
validation split name: 3
 * Val Acc 99.787, Total time 0.23
====================== 4 =======================
#reg_term: 3
Epoch:0
LR: 0.001
Itr		Time		  Data		  Loss		Acc
[0/96]	0.1185 (0.1185)	0.1056 (0.1056)	0.619 (0.619)	66.41 (66.41)
[95/96]	0.0094 (0.0114)	0.0001 (0.0018)	0.016 (0.049)	100.00 (99.19)
 * Train Acc 99.187
 * Val Acc 99.899, Total time 0.24
Epoch:1
LR: 0.001
Itr		Time		  Data		  Loss		Acc
[0/96]	0.1202 (0.1202)	0.1073 (0.1073)	0.016 (0.016)	100.00 (100.00)
[95/96]	0.0093 (0.0115)	0.0001 (0.0018)	0.015 (0.015)	100.00 (99.94)
 * Train Acc 99.943
 * Val Acc 99.799, Total time 0.24
Computing EWC
Sample 60000 for estimating the F matrix.
validation split name: 1
 * Val Acc 97.116, Total time 0.25
validation split name: 2
 * Val Acc 95.397, Total time 0.24
validation split name: 3
 * Val Acc 99.360, Total time 0.22
validation split name: 4
 * Val Acc 99.799, Total time 0.24
====================== 5 =======================
#reg_term: 4
Epoch:0
LR: 0.001
Itr		Time		  Data		  Loss		Acc
[0/93]	0.1241 (0.1241)	0.1093 (0.1093)	0.754 (0.754)	50.00 (50.00)
[92/93]	0.0115 (0.0134)	0.0001 (0.0019)	0.038 (0.091)	100.00 (97.53)
 * Train Acc 97.534
 * Val Acc 99.344, Total time 0.24
Epoch:1
LR: 0.001
Itr		Time		  Data		  Loss		Acc
[0/93]	0.1161 (0.1161)	0.1025 (0.1025)	0.046 (0.046)	99.22 (99.22)
[92/93]	0.0110 (0.0128)	0.0001 (0.0017)	0.091 (0.046)	95.83 (99.07)
 * Train Acc 99.068
 * Val Acc 99.344, Total time 0.24
Computing EWC
Sample 60000 for estimating the F matrix.
validation split name: 1
 * Val Acc 96.407, Total time 0.25
validation split name: 2
 * Val Acc 91.332, Total time 0.25
validation split name: 3
 * Val Acc 99.146, Total time 0.24
validation split name: 4
 * Val Acc 99.446, Total time 0.24
validation split name: 5
 * Val Acc 99.344, Total time 0.24
OrderedDict([('1', OrderedDict([('1', 99.90543735224587), ('2', 99.8581560283688), ('3', 99.43262411347517), ('4', 97.11583924349881), ('5', 96.4066193853428)])), ('2', OrderedDict([('2', 99.36336924583742), ('3', 99.0205680705191), ('4', 95.39666993143976), ('5', 91.33202742409402)])), ('3', OrderedDict([('3', 99.78655282817503), ('4', 99.35965848452508), ('5', 99.1462113127001)])), ('4', OrderedDict([('4', 99.79859013091641), ('5', 99.44612286002014)])), ('5', OrderedDict([('5', 99.34442763489662)]))])
Task 1 average acc: 99.90543735224587
Task 2 average acc: 99.61076263710311
Task 3 average acc: 99.41324833738976
Task 4 average acc: 97.91768944759502
Task 5 average acc: 97.13508172341074
===Summary of experiment repeats: 5 / 5 ===
The regularization coefficient: 100.0
The last avg acc of all repeats: [97.03357739 95.46768107 95.41415514 97.91920001 97.13508172]
mean: 96.59393906572156 std: 0.9902303753848681
reg_coef: 100.0 mean: 96.59393906572156 std: 0.9902303753848681
Total Time for the script is 995.6296463012695 seconds
