split_boundaries: [0, 2, 4, 6, 8, 10]
{'1': [0, 1], '2': [2, 3], '3': [4, 5], '4': [6, 7], '5': [8, 9]}
MLP(
  (linear): Sequential(
    (0): Linear(in_features=1024, out_features=400, bias=True)
    (1): ReLU(inplace=True)
    (2): Linear(in_features=400, out_features=400, bias=True)
    (3): ReLU(inplace=True)
  )
  (last): ModuleDict(
    (1): Linear(in_features=400, out_features=2, bias=True)
    (2): Linear(in_features=400, out_features=2, bias=True)
    (3): Linear(in_features=400, out_features=2, bias=True)
    (4): Linear(in_features=400, out_features=2, bias=True)
    (5): Linear(in_features=400, out_features=2, bias=True)
  )
)
#parameter of model: 574410
Task order: ['1', '2', '3', '4', '5']
====================== 1 =======================
Epoch:0
LR: 0.01
Itr		Time		  Data		  Loss		Acc
[0/99]	0.5363 (0.5363)	0.1028 (0.1028)	0.698 (0.698)	42.19 (42.19)
[98/99]	0.0022 (0.0125)	0.0001 (0.0058)	0.036 (0.180)	100.00 (98.40)
 * Train Acc 98.397
 * Val Acc 99.858, Total time 0.25
Epoch:1
LR: 0.01
Itr		Time		  Data		  Loss		Acc
[0/99]	0.1083 (0.1083)	0.1035 (0.1035)	0.030 (0.030)	100.00 (100.00)
[98/99]	0.0021 (0.0086)	0.0001 (0.0062)	0.013 (0.022)	100.00 (99.75)
 * Train Acc 99.747
 * Val Acc 99.858, Total time 0.25
validation split name: 1
 * Val Acc 99.858, Total time 0.25
====================== 2 =======================
Epoch:0
LR: 0.01
Itr		Time		  Data		  Loss		Acc
[0/164]	0.1297 (0.1297)	0.1033 (0.1033)	0.419 (0.419)	55.56 (74.22)
[100/164]	0.0089 (0.0089)	0.0021 (0.0020)	0.137 (0.257)	94.81 (92.74)
[163/164]	0.0081 (0.0084)	0.0009 (0.0016)	0.172 (0.203)	94.44 (94.32)
 * Train Acc 94.322
 * Val Acc 95.837, Total time 0.25
Epoch:1
LR: 0.01
Itr		Time		  Data		  Loss		Acc
[0/164]	0.1171 (0.1171)	0.1034 (0.1034)	0.125 (0.125)	93.75 (95.31)
[100/164]	0.0072 (0.0093)	0.0006 (0.0020)	0.080 (0.082)	97.30 (97.50)
[163/164]	0.0069 (0.0087)	0.0001 (0.0015)	0.151 (0.079)	85.71 (97.54)
 * Train Acc 97.539
 * Val Acc 96.670, Total time 0.25
validation split name: 1
 * Val Acc 99.905, Total time 0.25
validation split name: 2
 * Val Acc 96.670, Total time 0.26
====================== 3 =======================
Epoch:0
LR: 0.01
Itr		Time		  Data		  Loss		Acc
[0/157]	0.1373 (0.1373)	0.1049 (0.1049)	0.481 (0.481)	42.68 (61.72)
[100/157]	0.0168 (0.0169)	0.0011 (0.0021)	0.154 (0.230)	93.59 (92.21)
[156/157]	0.0166 (0.0161)	0.0010 (0.0017)	0.121 (0.188)	95.00 (93.80)
 * Train Acc 93.800
 * Val Acc 97.118, Total time 0.23
Epoch:1
LR: 0.01
Itr		Time		  Data		  Loss		Acc
[0/157]	0.1458 (0.1458)	0.1056 (0.1056)	0.122 (0.122)	95.06 (96.09)
[100/157]	0.0098 (0.0166)	0.0007 (0.0020)	0.052 (0.081)	98.63 (97.72)
[156/157]	0.0108 (0.0159)	0.0010 (0.0017)	0.096 (0.075)	98.04 (97.87)
 * Train Acc 97.872
 * Val Acc 98.559, Total time 0.26
validation split name: 1
 * Val Acc 99.953, Total time 0.25
validation split name: 2
 * Val Acc 97.013, Total time 0.25
validation split name: 3
 * Val Acc 98.559, Total time 0.24
====================== 4 =======================
Epoch:0
LR: 0.01
Itr		Time		  Data		  Loss		Acc
[0/164]	0.1554 (0.1554)	0.1059 (0.1059)	0.420 (0.420)	54.32 (71.09)
[100/164]	0.0211 (0.0226)	0.0010 (0.0021)	0.072 (0.139)	98.67 (97.78)
[163/164]	0.0221 (0.0222)	0.0010 (0.0017)	0.032 (0.105)	100.00 (98.26)
 * Train Acc 98.265
 * Val Acc 99.194, Total time 0.24
Epoch:1
LR: 0.01
Itr		Time		  Data		  Loss		Acc
[0/164]	0.1618 (0.1618)	0.1086 (0.1086)	0.036 (0.036)	100.00 (100.00)
[100/164]	0.0215 (0.0230)	0.0011 (0.0022)	0.027 (0.036)	100.00 (99.33)
[163/164]	0.0214 (0.0220)	0.0010 (0.0017)	0.041 (0.035)	98.46 (99.27)
 * Train Acc 99.271
 * Val Acc 99.345, Total time 0.24
validation split name: 1
 * Val Acc 99.764, Total time 0.27
validation split name: 2
 * Val Acc 97.747, Total time 0.30
validation split name: 3
 * Val Acc 99.093, Total time 0.24
validation split name: 4
 * Val Acc 99.345, Total time 0.24
====================== 5 =======================
Epoch:0
LR: 0.01
Itr		Time		  Data		  Loss		Acc
[0/161]	0.1558 (0.1558)	0.1103 (0.1103)	0.507 (0.507)	31.25 (57.03)
[100/161]	0.0241 (0.0255)	0.0008 (0.0021)	0.137 (0.166)	91.76 (95.17)
[160/161]	0.0238 (0.0246)	0.0010 (0.0017)	0.068 (0.136)	97.10 (96.00)
 * Train Acc 96.005
 * Val Acc 95.915, Total time 0.27
Epoch:1
LR: 0.01
Itr		Time		  Data		  Loss		Acc
[0/161]	0.1576 (0.1576)	0.1086 (0.1086)	0.079 (0.079)	96.10 (96.88)
[100/161]	0.0235 (0.0240)	0.0010 (0.0020)	0.053 (0.069)	97.18 (97.90)
[160/161]	0.0149 (0.0231)	0.0009 (0.0016)	0.045 (0.066)	100.00 (97.97)
 * Train Acc 97.966
 * Val Acc 96.974, Total time 0.24
validation split name: 1
 * Val Acc 99.811, Total time 0.26
validation split name: 2
 * Val Acc 97.747, Total time 0.28
validation split name: 3
 * Val Acc 98.986, Total time 0.24
validation split name: 4
 * Val Acc 99.295, Total time 0.29
validation split name: 5
 * Val Acc 96.974, Total time 0.25
OrderedDict([('1', OrderedDict([('1', 99.8581560283688), ('2', 99.90543735224587), ('3', 99.95271867612293), ('4', 99.76359338061465), ('5', 99.81087470449172)])), ('2', OrderedDict([('2', 96.66993143976494), ('3', 97.01273261508325), ('4', 97.74730656219393), ('5', 97.74730656219393)])), ('3', OrderedDict([('3', 98.55923159018143), ('4', 99.09284951974387), ('5', 98.98612593383137)])), ('4', OrderedDict([('4', 99.34541792547834), ('5', 99.29506545820745)])), ('5', OrderedDict([('5', 96.97428139183056)]))])
Task 1 average acc: 99.8581560283688
Task 2 average acc: 98.2876843960054
Task 3 average acc: 98.5082276271292
Task 4 average acc: 98.9872918470077
Task 5 average acc: 98.562730810111
===Summary of experiment repeats: 1 / 5 ===
The regularization coefficient: 0.5
The last avg acc of all repeats: [98.56273081  0.          0.          0.          0.        ]
mean: 19.7125461620222 std: 39.4250923240444
split_boundaries: [0, 2, 4, 6, 8, 10]
{'1': [0, 1], '2': [2, 3], '3': [4, 5], '4': [6, 7], '5': [8, 9]}
MLP(
  (linear): Sequential(
    (0): Linear(in_features=1024, out_features=400, bias=True)
    (1): ReLU(inplace=True)
    (2): Linear(in_features=400, out_features=400, bias=True)
    (3): ReLU(inplace=True)
  )
  (last): ModuleDict(
    (1): Linear(in_features=400, out_features=2, bias=True)
    (2): Linear(in_features=400, out_features=2, bias=True)
    (3): Linear(in_features=400, out_features=2, bias=True)
    (4): Linear(in_features=400, out_features=2, bias=True)
    (5): Linear(in_features=400, out_features=2, bias=True)
  )
)
#parameter of model: 574410
Task order: ['1', '2', '3', '4', '5']
====================== 1 =======================
Epoch:0
LR: 0.01
Itr		Time		  Data		  Loss		Acc
[0/99]	0.1160 (0.1160)	0.1081 (0.1081)	0.664 (0.664)	76.56 (76.56)
[98/99]	0.0021 (0.0083)	0.0001 (0.0061)	0.030 (0.187)	100.00 (99.04)
 * Train Acc 99.045
 * Val Acc 99.811, Total time 0.26
Epoch:1
LR: 0.01
Itr		Time		  Data		  Loss		Acc
[0/99]	0.1107 (0.1107)	0.1054 (0.1054)	0.037 (0.037)	99.22 (99.22)
[98/99]	0.0022 (0.0083)	0.0001 (0.0060)	0.015 (0.024)	100.00 (99.69)
 * Train Acc 99.692
 * Val Acc 99.811, Total time 0.25
validation split name: 1
 * Val Acc 99.811, Total time 0.25
====================== 2 =======================
Epoch:0
LR: 0.01
Itr		Time		  Data		  Loss		Acc
[0/164]	0.1183 (0.1183)	0.1079 (0.1079)	0.404 (0.404)	54.05 (73.44)
[100/164]	0.0077 (0.0089)	0.0009 (0.0019)	0.103 (0.237)	95.65 (94.17)
[163/164]	0.0068 (0.0084)	0.0001 (0.0015)	0.084 (0.187)	92.86 (95.30)
 * Train Acc 95.299
 * Val Acc 96.180, Total time 0.25
Epoch:1
LR: 0.01
Itr		Time		  Data		  Loss		Acc
[0/164]	0.1180 (0.1180)	0.1082 (0.1082)	0.096 (0.096)	97.30 (98.44)
[100/164]	0.0077 (0.0090)	0.0010 (0.0019)	0.093 (0.080)	94.67 (97.50)
[163/164]	0.0069 (0.0086)	0.0001 (0.0015)	0.094 (0.076)	94.74 (97.65)
 * Train Acc 97.654
 * Val Acc 96.817, Total time 0.25
validation split name: 1
 * Val Acc 99.858, Total time 0.30
validation split name: 2
 * Val Acc 96.817, Total time 0.25
====================== 3 =======================
Epoch:0
LR: 0.01
Itr		Time		  Data		  Loss		Acc
[0/157]	0.1511 (0.1511)	0.1062 (0.1062)	0.452 (0.452)	48.00 (68.75)
[100/157]	0.0096 (0.0140)	0.0006 (0.0019)	0.117 (0.225)	97.53 (93.76)
[156/157]	0.0173 (0.0143)	0.0010 (0.0016)	0.107 (0.185)	96.23 (94.86)
 * Train Acc 94.861
 * Val Acc 96.958, Total time 0.26
Epoch:1
LR: 0.01
Itr		Time		  Data		  Loss		Acc
[0/157]	0.1503 (0.1503)	0.1092 (0.1092)	0.079 (0.079)	94.92 (97.66)
[100/157]	0.0167 (0.0157)	0.0011 (0.0020)	0.057 (0.081)	100.00 (97.77)
[156/157]	0.0107 (0.0149)	0.0010 (0.0016)	0.114 (0.075)	90.20 (97.94)
 * Train Acc 97.941
 * Val Acc 98.399, Total time 0.23
validation split name: 1
 * Val Acc 99.905, Total time 0.26
validation split name: 2
 * Val Acc 97.111, Total time 0.27
validation split name: 3
 * Val Acc 98.399, Total time 0.24
====================== 4 =======================
Epoch:0
LR: 0.01
Itr		Time		  Data		  Loss		Acc
[0/164]	0.1503 (0.1503)	0.1058 (0.1058)	0.401 (0.401)	56.58 (73.44)
[100/164]	0.0214 (0.0220)	0.0011 (0.0021)	0.076 (0.132)	96.51 (97.63)
[163/164]	0.0212 (0.0214)	0.0010 (0.0017)	0.028 (0.100)	100.00 (98.19)
 * Train Acc 98.189
 * Val Acc 99.094, Total time 0.24
Epoch:1
LR: 0.01
Itr		Time		  Data		  Loss		Acc
[0/164]	0.1582 (0.1582)	0.1115 (0.1115)	0.044 (0.044)	98.53 (99.22)
[100/164]	0.0210 (0.0228)	0.0007 (0.0024)	0.040 (0.037)	98.77 (99.21)
[163/164]	0.0211 (0.0221)	0.0006 (0.0019)	0.021 (0.033)	100.00 (99.31)
 * Train Acc 99.314
 * Val Acc 99.295, Total time 0.24
validation split name: 1
 * Val Acc 99.905, Total time 0.27
validation split name: 2
 * Val Acc 96.915, Total time 0.25
validation split name: 3
 * Val Acc 98.826, Total time 0.27
validation split name: 4
 * Val Acc 99.295, Total time 0.24
====================== 5 =======================
Epoch:0
LR: 0.01
Itr		Time		  Data		  Loss		Acc
[0/161]	0.1533 (0.1533)	0.1062 (0.1062)	0.412 (0.412)	45.45 (71.09)
[100/161]	0.0250 (0.0250)	0.0010 (0.0020)	0.077 (0.153)	94.03 (95.87)
[160/161]	0.0239 (0.0242)	0.0010 (0.0017)	0.058 (0.127)	100.00 (96.38)
 * Train Acc 96.383
 * Val Acc 96.369, Total time 0.24
Epoch:1
LR: 0.01
Itr		Time		  Data		  Loss		Acc
[0/161]	0.1245 (0.1245)	0.1056 (0.1056)	0.093 (0.093)	93.75 (96.09)
[100/161]	0.0235 (0.0234)	0.0010 (0.0020)	0.060 (0.070)	94.52 (97.82)
[160/161]	0.0230 (0.0230)	0.0009 (0.0016)	0.032 (0.065)	98.75 (98.00)
 * Train Acc 98.000
 * Val Acc 97.176, Total time 0.23
validation split name: 1
 * Val Acc 99.905, Total time 0.25
validation split name: 2
 * Val Acc 97.013, Total time 0.26
validation split name: 3
 * Val Acc 99.039, Total time 0.27
validation split name: 4
 * Val Acc 99.245, Total time 0.27
validation split name: 5
 * Val Acc 97.176, Total time 0.25
OrderedDict([('1', OrderedDict([('1', 99.81087470449172), ('2', 99.8581560283688), ('3', 99.90543735224587), ('4', 99.90543735224587), ('5', 99.90543735224587)])), ('2', OrderedDict([('2', 96.81684622918708), ('3', 97.11067580803135), ('4', 96.91478942213516), ('5', 97.01273261508325)])), ('3', OrderedDict([('3', 98.3991462113127), ('4', 98.82604055496265), ('5', 99.03948772678763)])), ('4', OrderedDict([('4', 99.29506545820745), ('5', 99.24471299093656)])), ('5', OrderedDict([('5', 97.17599596570852)]))])
Task 1 average acc: 99.81087470449172
Task 2 average acc: 98.33750112877794
Task 3 average acc: 98.47175312386331
Task 4 average acc: 98.73533319688778
Task 5 average acc: 98.47567333015238
===Summary of experiment repeats: 2 / 5 ===
The regularization coefficient: 0.5
The last avg acc of all repeats: [98.56273081 98.47567333  0.          0.          0.        ]
mean: 39.407680828052676 std: 48.26436283914859
split_boundaries: [0, 2, 4, 6, 8, 10]
{'1': [0, 1], '2': [2, 3], '3': [4, 5], '4': [6, 7], '5': [8, 9]}
MLP(
  (linear): Sequential(
    (0): Linear(in_features=1024, out_features=400, bias=True)
    (1): ReLU(inplace=True)
    (2): Linear(in_features=400, out_features=400, bias=True)
    (3): ReLU(inplace=True)
  )
  (last): ModuleDict(
    (1): Linear(in_features=400, out_features=2, bias=True)
    (2): Linear(in_features=400, out_features=2, bias=True)
    (3): Linear(in_features=400, out_features=2, bias=True)
    (4): Linear(in_features=400, out_features=2, bias=True)
    (5): Linear(in_features=400, out_features=2, bias=True)
  )
)
#parameter of model: 574410
Task order: ['1', '2', '3', '4', '5']
====================== 1 =======================
Epoch:0
LR: 0.01
Itr		Time		  Data		  Loss		Acc
[0/99]	0.1134 (0.1134)	0.1086 (0.1086)	0.721 (0.721)	28.91 (28.91)
[98/99]	0.0022 (0.0085)	0.0001 (0.0061)	0.036 (0.187)	100.00 (97.50)
 * Train Acc 97.497
 * Val Acc 99.811, Total time 0.27
Epoch:1
LR: 0.01
Itr		Time		  Data		  Loss		Acc
[0/99]	0.1133 (0.1133)	0.1078 (0.1078)	0.033 (0.033)	100.00 (100.00)
[98/99]	0.0022 (0.0086)	0.0001 (0.0062)	0.024 (0.023)	99.17 (99.72)
 * Train Acc 99.724
 * Val Acc 99.811, Total time 0.26
validation split name: 1
 * Val Acc 99.811, Total time 0.26
====================== 2 =======================
Epoch:0
LR: 0.01
Itr		Time		  Data		  Loss		Acc
[0/164]	0.1203 (0.1203)	0.1061 (0.1061)	0.436 (0.436)	43.75 (64.84)
[100/164]	0.0068 (0.0090)	0.0001 (0.0020)	0.107 (0.252)	100.00 (94.11)
[163/164]	0.0069 (0.0084)	0.0001 (0.0016)	0.245 (0.198)	66.67 (95.24)
 * Train Acc 95.237
 * Val Acc 95.886, Total time 0.26
Epoch:1
LR: 0.01
Itr		Time		  Data		  Loss		Acc
[0/164]	0.1178 (0.1178)	0.1072 (0.1072)	0.076 (0.076)	97.44 (98.44)
[100/164]	0.0076 (0.0089)	0.0010 (0.0020)	0.101 (0.080)	94.81 (97.53)
[163/164]	0.0068 (0.0084)	0.0001 (0.0015)	0.061 (0.077)	90.00 (97.60)
 * Train Acc 97.597
 * Val Acc 96.768, Total time 0.26
validation split name: 1
 * Val Acc 99.858, Total time 0.25
validation split name: 2
 * Val Acc 96.768, Total time 0.25
====================== 3 =======================
Epoch:0
LR: 0.01
Itr		Time		  Data		  Loss		Acc
[0/157]	0.1470 (0.1470)	0.1047 (0.1047)	0.456 (0.456)	54.32 (71.09)
[100/157]	0.0173 (0.0150)	0.0011 (0.0019)	0.106 (0.224)	98.67 (92.91)
[156/157]	0.0107 (0.0151)	0.0011 (0.0016)	0.105 (0.184)	94.64 (94.27)
 * Train Acc 94.268
 * Val Acc 97.065, Total time 0.27
Epoch:1
LR: 0.01
Itr		Time		  Data		  Loss		Acc
[0/157]	0.1542 (0.1542)	0.1082 (0.1082)	0.106 (0.106)	94.37 (95.31)
[100/157]	0.0096 (0.0162)	0.0007 (0.0020)	0.053 (0.077)	100.00 (97.73)
[156/157]	0.0108 (0.0158)	0.0013 (0.0017)	0.095 (0.073)	96.08 (97.79)
 * Train Acc 97.787
 * Val Acc 98.346, Total time 0.24
validation split name: 1
 * Val Acc 99.905, Total time 0.25
validation split name: 2
 * Val Acc 96.817, Total time 0.25
validation split name: 3
 * Val Acc 98.346, Total time 0.24
====================== 4 =======================
Epoch:0
LR: 0.01
Itr		Time		  Data		  Loss		Acc
[0/164]	0.1587 (0.1587)	0.1068 (0.1068)	0.454 (0.454)	59.46 (75.78)
[100/164]	0.0215 (0.0212)	0.0011 (0.0021)	0.049 (0.148)	98.68 (97.66)
[163/164]	0.0131 (0.0203)	0.0010 (0.0017)	0.057 (0.110)	98.36 (98.18)
 * Train Acc 98.184
 * Val Acc 99.194, Total time 0.24
Epoch:1
LR: 0.01
Itr		Time		  Data		  Loss		Acc
[0/164]	0.1618 (0.1618)	0.1075 (0.1075)	0.042 (0.042)	100.00 (100.00)
[100/164]	0.0214 (0.0216)	0.0011 (0.0022)	0.033 (0.035)	98.65 (99.30)
[163/164]	0.0211 (0.0202)	0.0010 (0.0017)	0.014 (0.033)	100.00 (99.28)
 * Train Acc 99.275
 * Val Acc 99.345, Total time 0.24
validation split name: 1
 * Val Acc 99.858, Total time 0.30
validation split name: 2
 * Val Acc 97.453, Total time 0.26
validation split name: 3
 * Val Acc 98.879, Total time 0.24
validation split name: 4
 * Val Acc 99.345, Total time 0.25
====================== 5 =======================
Epoch:0
LR: 0.01
Itr		Time		  Data		  Loss		Acc
[0/161]	0.1570 (0.1570)	0.1111 (0.1111)	0.486 (0.486)	51.85 (68.75)
[100/161]	0.0246 (0.0251)	0.0011 (0.0021)	0.058 (0.153)	97.18 (95.92)
[160/161]	0.0244 (0.0244)	0.0010 (0.0017)	0.080 (0.127)	98.65 (96.48)
 * Train Acc 96.481
 * Val Acc 96.218, Total time 0.24
Epoch:1
LR: 0.01
Itr		Time		  Data		  Loss		Acc
[0/161]	0.1197 (0.1197)	0.1005 (0.1005)	0.049 (0.049)	100.00 (99.22)
[100/161]	0.0248 (0.0227)	0.0011 (0.0019)	0.079 (0.072)	95.89 (97.65)
[160/161]	0.0237 (0.0226)	0.0010 (0.0016)	0.022 (0.066)	100.00 (97.86)
 * Train Acc 97.859
 * Val Acc 96.722, Total time 0.23
validation split name: 1
 * Val Acc 99.811, Total time 0.30
validation split name: 2
 * Val Acc 97.747, Total time 0.26
validation split name: 3
 * Val Acc 98.879, Total time 0.24
validation split name: 4
 * Val Acc 99.144, Total time 0.25
validation split name: 5
 * Val Acc 96.722, Total time 0.25
OrderedDict([('1', OrderedDict([('1', 99.81087470449172), ('2', 99.8581560283688), ('3', 99.90543735224587), ('4', 99.8581560283688), ('5', 99.81087470449172)])), ('2', OrderedDict([('2', 96.76787463271303), ('3', 96.81684622918708), ('4', 97.45347698334966), ('5', 97.74730656219393)])), ('3', OrderedDict([('3', 98.34578441835646), ('4', 98.87940234791888), ('5', 98.87940234791888)])), ('4', OrderedDict([('4', 99.34541792547834), ('5', 99.14400805639477)])), ('5', OrderedDict([('5', 96.7221381744831)]))])
Task 1 average acc: 99.81087470449172
Task 2 average acc: 98.3130153305409
Task 3 average acc: 98.35602266659646
Task 4 average acc: 98.88411332127892
Task 5 average acc: 98.46074596909648
===Summary of experiment repeats: 3 / 5 ===
The regularization coefficient: 0.5
The last avg acc of all repeats: [98.56273081 98.47567333 98.46074597  0.          0.        ]
mean: 59.099830021871966 std: 48.25482172030778
split_boundaries: [0, 2, 4, 6, 8, 10]
{'1': [0, 1], '2': [2, 3], '3': [4, 5], '4': [6, 7], '5': [8, 9]}
MLP(
  (linear): Sequential(
    (0): Linear(in_features=1024, out_features=400, bias=True)
    (1): ReLU(inplace=True)
    (2): Linear(in_features=400, out_features=400, bias=True)
    (3): ReLU(inplace=True)
  )
  (last): ModuleDict(
    (1): Linear(in_features=400, out_features=2, bias=True)
    (2): Linear(in_features=400, out_features=2, bias=True)
    (3): Linear(in_features=400, out_features=2, bias=True)
    (4): Linear(in_features=400, out_features=2, bias=True)
    (5): Linear(in_features=400, out_features=2, bias=True)
  )
)
#parameter of model: 574410
Task order: ['1', '2', '3', '4', '5']
====================== 1 =======================
Epoch:0
LR: 0.01
Itr		Time		  Data		  Loss		Acc
[0/99]	0.1115 (0.1115)	0.1062 (0.1062)	0.691 (0.691)	58.59 (58.59)
[98/99]	0.0022 (0.0083)	0.0001 (0.0059)	0.035 (0.189)	100.00 (98.67)
 * Train Acc 98.674
 * Val Acc 99.858, Total time 0.26
Epoch:1
LR: 0.01
Itr		Time		  Data		  Loss		Acc
[0/99]	0.1106 (0.1106)	0.1055 (0.1055)	0.039 (0.039)	100.00 (100.00)
[98/99]	0.0022 (0.0083)	0.0001 (0.0061)	0.009 (0.023)	100.00 (99.72)
 * Train Acc 99.724
 * Val Acc 99.905, Total time 0.26
validation split name: 1
 * Val Acc 99.905, Total time 0.26
====================== 2 =======================
Epoch:0
LR: 0.01
Itr		Time		  Data		  Loss		Acc
[0/164]	0.1258 (0.1258)	0.1150 (0.1150)	0.417 (0.417)	54.55 (72.66)
[100/164]	0.0075 (0.0089)	0.0006 (0.0019)	0.166 (0.238)	93.18 (93.96)
[163/164]	0.0071 (0.0085)	0.0001 (0.0015)	0.021 (0.189)	100.00 (95.19)
 * Train Acc 95.189
 * Val Acc 95.886, Total time 0.25
Epoch:1
LR: 0.01
Itr		Time		  Data		  Loss		Acc
[0/164]	0.1169 (0.1169)	0.1057 (0.1057)	0.091 (0.091)	94.59 (96.88)
[100/164]	0.0075 (0.0092)	0.0007 (0.0018)	0.057 (0.079)	96.88 (97.55)
[163/164]	0.0071 (0.0086)	0.0001 (0.0014)	0.069 (0.075)	94.12 (97.67)
 * Train Acc 97.673
 * Val Acc 96.915, Total time 0.26
validation split name: 1
 * Val Acc 99.905, Total time 0.26
validation split name: 2
 * Val Acc 96.915, Total time 0.25
====================== 3 =======================
Epoch:0
LR: 0.01
Itr		Time		  Data		  Loss		Acc
[0/157]	0.1484 (0.1484)	0.1050 (0.1050)	0.423 (0.423)	60.81 (76.56)
[100/157]	0.0162 (0.0163)	0.0006 (0.0020)	0.100 (0.224)	93.24 (93.08)
[156/157]	0.0163 (0.0160)	0.0006 (0.0016)	0.074 (0.183)	100.00 (94.48)
 * Train Acc 94.477
 * Val Acc 96.905, Total time 0.22
Epoch:1
LR: 0.01
Itr		Time		  Data		  Loss		Acc
[0/157]	0.1500 (0.1500)	0.1057 (0.1057)	0.088 (0.088)	96.10 (96.88)
[100/157]	0.0172 (0.0153)	0.0011 (0.0019)	0.107 (0.083)	95.08 (97.62)
[156/157]	0.0106 (0.0151)	0.0010 (0.0016)	0.052 (0.074)	100.00 (97.92)
 * Train Acc 97.917
 * Val Acc 98.559, Total time 0.23
validation split name: 1
 * Val Acc 99.953, Total time 0.26
validation split name: 2
 * Val Acc 97.111, Total time 0.25
validation split name: 3
 * Val Acc 98.559, Total time 0.24
====================== 4 =======================
Epoch:0
LR: 0.01
Itr		Time		  Data		  Loss		Acc
[0/164]	0.1246 (0.1246)	0.1073 (0.1073)	0.459 (0.459)	45.00 (64.84)
[100/164]	0.0210 (0.0214)	0.0007 (0.0021)	0.046 (0.141)	100.00 (97.49)
[163/164]	0.0208 (0.0207)	0.0010 (0.0017)	0.030 (0.107)	100.00 (98.05)
 * Train Acc 98.050
 * Val Acc 99.295, Total time 0.24
Epoch:1
LR: 0.01
Itr		Time		  Data		  Loss		Acc
[0/164]	0.1277 (0.1277)	0.1108 (0.1108)	0.034 (0.034)	100.00 (100.00)
[100/164]	0.0212 (0.0209)	0.0011 (0.0021)	0.024 (0.038)	100.00 (99.20)
[163/164]	0.0133 (0.0203)	0.0010 (0.0017)	0.064 (0.036)	100.00 (99.15)
 * Train Acc 99.152
 * Val Acc 99.396, Total time 0.25
validation split name: 1
 * Val Acc 99.953, Total time 0.25
validation split name: 2
 * Val Acc 97.845, Total time 0.25
validation split name: 3
 * Val Acc 98.719, Total time 0.24
validation split name: 4
 * Val Acc 99.396, Total time 0.28
====================== 5 =======================
Epoch:0
LR: 0.01
Itr		Time		  Data		  Loss		Acc
[0/161]	0.1587 (0.1587)	0.1126 (0.1126)	0.382 (0.382)	52.94 (74.22)
[100/161]	0.0260 (0.0251)	0.0011 (0.0022)	0.079 (0.151)	95.83 (95.95)
[160/161]	0.0241 (0.0248)	0.0010 (0.0018)	0.089 (0.125)	96.83 (96.50)
 * Train Acc 96.500
 * Val Acc 96.218, Total time 0.23
Epoch:1
LR: 0.01
Itr		Time		  Data		  Loss		Acc
[0/161]	0.1472 (0.1472)	0.1065 (0.1065)	0.069 (0.069)	94.74 (96.88)
[100/161]	0.0234 (0.0239)	0.0010 (0.0020)	0.031 (0.066)	100.00 (97.99)
[160/161]	0.0233 (0.0230)	0.0010 (0.0016)	0.067 (0.065)	97.10 (97.95)
 * Train Acc 97.947
 * Val Acc 96.924, Total time 0.24
validation split name: 1
 * Val Acc 99.953, Total time 0.25
validation split name: 2
 * Val Acc 98.139, Total time 0.25
validation split name: 3
 * Val Acc 98.933, Total time 0.23
validation split name: 4
 * Val Acc 99.245, Total time 0.27
validation split name: 5
 * Val Acc 96.924, Total time 0.26
OrderedDict([('1', OrderedDict([('1', 99.90543735224587), ('2', 99.90543735224587), ('3', 99.95271867612293), ('4', 99.95271867612293), ('5', 99.95271867612293)])), ('2', OrderedDict([('2', 96.91478942213516), ('3', 97.11067580803135), ('4', 97.84524975514202), ('5', 98.13907933398629)])), ('3', OrderedDict([('3', 98.55923159018143), ('4', 98.71931696905015), ('5', 98.93276414087514)])), ('4', OrderedDict([('4', 99.39577039274924), ('5', 99.24471299093656)])), ('5', OrderedDict([('5', 96.92385274836107)]))])
Task 1 average acc: 99.90543735224587
Task 2 average acc: 98.4101133871905
Task 3 average acc: 98.5408753581119
Task 4 average acc: 98.97826394826609
Task 5 average acc: 98.6386255780564
===Summary of experiment repeats: 4 / 5 ===
The regularization coefficient: 0.5
The last avg acc of all repeats: [98.56273081 98.47567333 98.46074597 98.63862558  0.        ]
mean: 78.82755513748324 std: 39.41382968077938
split_boundaries: [0, 2, 4, 6, 8, 10]
{'1': [0, 1], '2': [2, 3], '3': [4, 5], '4': [6, 7], '5': [8, 9]}
MLP(
  (linear): Sequential(
    (0): Linear(in_features=1024, out_features=400, bias=True)
    (1): ReLU(inplace=True)
    (2): Linear(in_features=400, out_features=400, bias=True)
    (3): ReLU(inplace=True)
  )
  (last): ModuleDict(
    (1): Linear(in_features=400, out_features=2, bias=True)
    (2): Linear(in_features=400, out_features=2, bias=True)
    (3): Linear(in_features=400, out_features=2, bias=True)
    (4): Linear(in_features=400, out_features=2, bias=True)
    (5): Linear(in_features=400, out_features=2, bias=True)
  )
)
#parameter of model: 574410
Task order: ['1', '2', '3', '4', '5']
====================== 1 =======================
Epoch:0
LR: 0.01
Itr		Time		  Data		  Loss		Acc
[0/99]	0.1124 (0.1124)	0.1040 (0.1040)	0.684 (0.684)	47.66 (47.66)
[98/99]	0.0024 (0.0086)	0.0001 (0.0062)	0.030 (0.179)	100.00 (97.25)
 * Train Acc 97.252
 * Val Acc 99.811, Total time 0.29
Epoch:1
LR: 0.01
Itr		Time		  Data		  Loss		Acc
[0/99]	0.1102 (0.1102)	0.1051 (0.1051)	0.029 (0.029)	100.00 (100.00)
[98/99]	0.0021 (0.0083)	0.0001 (0.0059)	0.024 (0.023)	100.00 (99.71)
 * Train Acc 99.708
 * Val Acc 99.811, Total time 0.25
validation split name: 1
 * Val Acc 99.811, Total time 0.25
====================== 2 =======================
Epoch:0
LR: 0.01
Itr		Time		  Data		  Loss		Acc
[0/164]	0.1189 (0.1189)	0.1081 (0.1081)	0.401 (0.401)	57.33 (75.00)
[100/164]	0.0077 (0.0088)	0.0008 (0.0019)	0.120 (0.243)	95.59 (94.39)
[163/164]	0.0069 (0.0085)	0.0001 (0.0016)	0.070 (0.192)	93.75 (95.40)
 * Train Acc 95.404
 * Val Acc 95.886, Total time 0.25
Epoch:1
LR: 0.01
Itr		Time		  Data		  Loss		Acc
[0/164]	0.1108 (0.1108)	0.1005 (0.1005)	0.136 (0.136)	93.90 (96.09)
[100/164]	0.0083 (0.0087)	0.0015 (0.0018)	0.075 (0.081)	96.10 (97.52)
[163/164]	0.0068 (0.0083)	0.0001 (0.0014)	0.022 (0.076)	100.00 (97.66)
 * Train Acc 97.664
 * Val Acc 96.915, Total time 0.25
validation split name: 1
 * Val Acc 99.858, Total time 0.25
validation split name: 2
 * Val Acc 96.915, Total time 0.25
====================== 3 =======================
Epoch:0
LR: 0.01
Itr		Time		  Data		  Loss		Acc
[0/157]	0.1192 (0.1192)	0.1047 (0.1047)	0.515 (0.515)	20.00 (49.22)
[100/157]	0.0096 (0.0152)	0.0007 (0.0020)	0.183 (0.256)	95.89 (91.64)
[156/157]	0.0171 (0.0150)	0.0013 (0.0016)	0.141 (0.209)	88.24 (93.39)
 * Train Acc 93.391
 * Val Acc 97.225, Total time 0.23
Epoch:1
LR: 0.01
Itr		Time		  Data		  Loss		Acc
[0/157]	0.1240 (0.1240)	0.1108 (0.1108)	0.085 (0.085)	98.70 (99.22)
[100/157]	0.0109 (0.0169)	0.0011 (0.0021)	0.042 (0.085)	100.00 (97.60)
[156/157]	0.0164 (0.0162)	0.0007 (0.0017)	0.050 (0.079)	98.44 (97.73)
 * Train Acc 97.732
 * Val Acc 98.506, Total time 0.27
validation split name: 1
 * Val Acc 99.905, Total time 0.25
validation split name: 2
 * Val Acc 97.062, Total time 0.25
validation split name: 3
 * Val Acc 98.506, Total time 0.23
====================== 4 =======================
Epoch:0
LR: 0.01
Itr		Time		  Data		  Loss		Acc
[0/164]	0.1544 (0.1544)	0.1077 (0.1077)	0.431 (0.431)	29.17 (60.16)
[100/164]	0.0213 (0.0216)	0.0011 (0.0022)	0.051 (0.145)	100.00 (97.60)
[163/164]	0.0210 (0.0208)	0.0010 (0.0017)	0.055 (0.109)	97.30 (98.16)
 * Train Acc 98.165
 * Val Acc 99.295, Total time 0.24
Epoch:1
LR: 0.01
Itr		Time		  Data		  Loss		Acc
[0/164]	0.1665 (0.1665)	0.1178 (0.1178)	0.074 (0.074)	100.00 (98.44)
[100/164]	0.0133 (0.0222)	0.0011 (0.0023)	0.055 (0.037)	100.00 (99.32)
[163/164]	0.0132 (0.0217)	0.0010 (0.0018)	0.036 (0.035)	100.00 (99.25)
 * Train Acc 99.252
 * Val Acc 99.295, Total time 0.25
validation split name: 1
 * Val Acc 99.858, Total time 0.25
validation split name: 2
 * Val Acc 97.307, Total time 0.25
validation split name: 3
 * Val Acc 98.933, Total time 0.23
validation split name: 4
 * Val Acc 99.295, Total time 0.25
====================== 5 =======================
Epoch:0
LR: 0.01
Itr		Time		  Data		  Loss		Acc
[0/161]	0.1569 (0.1569)	0.1090 (0.1090)	0.413 (0.413)	53.42 (73.44)
[100/161]	0.0221 (0.0247)	0.0007 (0.0023)	0.071 (0.160)	93.85 (95.54)
[160/161]	0.0152 (0.0241)	0.0010 (0.0019)	0.115 (0.133)	93.33 (96.21)
 * Train Acc 96.209
 * Val Acc 96.167, Total time 0.24
Epoch:1
LR: 0.01
Itr		Time		  Data		  Loss		Acc
[0/161]	0.1404 (0.1404)	0.1090 (0.1090)	0.079 (0.079)	95.77 (96.88)
[100/161]	0.0256 (0.0242)	0.0013 (0.0021)	0.054 (0.071)	94.29 (97.58)
[160/161]	0.0248 (0.0238)	0.0010 (0.0017)	0.059 (0.068)	96.92 (97.80)
 * Train Acc 97.796
 * Val Acc 96.470, Total time 0.24
validation split name: 1
 * Val Acc 99.811, Total time 0.25
validation split name: 2
 * Val Acc 97.111, Total time 0.25
validation split name: 3
 * Val Acc 99.093, Total time 0.24
validation split name: 4
 * Val Acc 99.295, Total time 0.25
validation split name: 5
 * Val Acc 96.470, Total time 0.24
OrderedDict([('1', OrderedDict([('1', 99.81087470449172), ('2', 99.8581560283688), ('3', 99.90543735224587), ('4', 99.8581560283688), ('5', 99.81087470449172)])), ('2', OrderedDict([('2', 96.91478942213516), ('3', 97.0617042115573), ('4', 97.30656219392752), ('5', 97.11067580803135)])), ('3', OrderedDict([('3', 98.50586979722519), ('4', 98.93276414087514), ('5', 99.09284951974387)])), ('4', OrderedDict([('4', 99.29506545820745), ('5', 99.29506545820745)])), ('5', OrderedDict([('5', 96.46999495713565)]))])
Task 1 average acc: 99.81087470449172
Task 2 average acc: 98.38647272525198
Task 3 average acc: 98.49100378700946
Task 4 average acc: 98.84813695534471
Task 5 average acc: 98.35589208952202
===Summary of experiment repeats: 5 / 5 ===
The regularization coefficient: 0.5
The last avg acc of all repeats: [98.56273081 98.47567333 98.46074597 98.63862558 98.35589209]
mean: 98.49873355538764 std: 0.09596243190880041
reg_coef: 0.5 mean: 98.49873355538764 std: 0.09596243190880041
Total Time for the script is 181.06825923919678 seconds
