split_boundaries: [0, 2, 4, 6, 8, 10]
{'1': [0, 1], '2': [2, 3], '3': [4, 5], '4': [6, 7], '5': [8, 9]}
MLP(
  (linear): Sequential(
    (0): Linear(in_features=1024, out_features=400, bias=True)
    (1): ReLU(inplace=True)
    (2): Linear(in_features=400, out_features=400, bias=True)
    (3): ReLU(inplace=True)
  )
  (last): ModuleDict(
    (1): Linear(in_features=400, out_features=2, bias=True)
    (2): Linear(in_features=400, out_features=2, bias=True)
    (3): Linear(in_features=400, out_features=2, bias=True)
    (4): Linear(in_features=400, out_features=2, bias=True)
    (5): Linear(in_features=400, out_features=2, bias=True)
  )
)
#parameter of model: 574410
Task order: ['1', '2', '3', '4', '5']
====================== 1 =======================
#reg_term: 0
Epoch:0
LR: 0.001
Itr		Time		  Data		  Loss		Acc
[0/99]	0.5196 (0.5196)	0.0966 (0.0966)	0.696 (0.696)	47.66 (47.66)
[98/99]	0.0026 (0.0122)	0.0001 (0.0053)	0.000 (0.023)	100.00 (99.17)
 * Train Acc 99.171
 * Val Acc 99.669, Total time 0.25
Epoch:1
LR: 0.001
Itr		Time		  Data		  Loss		Acc
[0/99]	0.1093 (0.1093)	0.1030 (0.1030)	0.002 (0.002)	100.00 (100.00)
[98/99]	0.0028 (0.0083)	0.0001 (0.0054)	0.000 (0.003)	100.00 (99.91)
 * Train Acc 99.913
 * Val Acc 99.905, Total time 0.24
Computing MAS
validation split name: 1
 * Val Acc 99.905, Total time 0.28
====================== 2 =======================
#reg_term: 1
Epoch:0
LR: 0.001
Itr		Time		  Data		  Loss		Acc
[0/95]	0.1159 (0.1159)	0.1047 (0.1047)	0.688 (0.688)	55.47 (55.47)
[94/95]	0.0058 (0.0084)	0.0001 (0.0027)	0.055 (0.195)	100.00 (95.16)
 * Train Acc 95.161
 * Val Acc 98.384, Total time 0.28
Epoch:1
LR: 0.001
Itr		Time		  Data		  Loss		Acc
[0/95]	0.1140 (0.1140)	0.1046 (0.1046)	0.091 (0.091)	98.44 (98.44)
[94/95]	0.0059 (0.0084)	0.0001 (0.0028)	0.027 (0.065)	100.00 (98.68)
 * Train Acc 98.685
 * Val Acc 99.314, Total time 0.25
Computing MAS
validation split name: 1
 * Val Acc 99.905, Total time 0.25
validation split name: 2
 * Val Acc 99.314, Total time 0.25
====================== 3 =======================
#reg_term: 1
Epoch:0
LR: 0.001
Itr		Time		  Data		  Loss		Acc
[0/88]	0.1115 (0.1115)	0.1022 (0.1022)	0.985 (0.985)	40.62 (40.62)
[87/88]	0.0094 (0.0084)	0.0037 (0.0026)	0.042 (0.152)	99.21 (96.75)
 * Train Acc 96.750
 * Val Acc 99.520, Total time 0.23
Epoch:1
LR: 0.001
Itr		Time		  Data		  Loss		Acc
[0/88]	0.1095 (0.1095)	0.1005 (0.1005)	0.042 (0.042)	99.22 (99.22)
[87/88]	0.0091 (0.0083)	0.0035 (0.0027)	0.091 (0.028)	97.64 (99.56)
 * Train Acc 99.556
 * Val Acc 99.733, Total time 0.23
Computing MAS
validation split name: 1
 * Val Acc 99.905, Total time 0.25
validation split name: 2
 * Val Acc 99.119, Total time 0.30
validation split name: 3
 * Val Acc 99.733, Total time 0.23
====================== 4 =======================
#reg_term: 1
Epoch:0
LR: 0.001
Itr		Time		  Data		  Loss		Acc
[0/96]	0.1053 (0.1053)	0.0966 (0.0966)	0.856 (0.856)	39.84 (39.84)
[95/96]	0.0057 (0.0082)	0.0001 (0.0026)	0.006 (0.096)	100.00 (98.28)
 * Train Acc 98.284
 * Val Acc 99.597, Total time 0.25
Epoch:1
LR: 0.001
Itr		Time		  Data		  Loss		Acc
[0/96]	0.1105 (0.1105)	0.1013 (0.1013)	0.007 (0.007)	100.00 (100.00)
[95/96]	0.0058 (0.0083)	0.0001 (0.0026)	0.005 (0.012)	100.00 (99.83)
 * Train Acc 99.828
 * Val Acc 99.799, Total time 0.25
Computing MAS
validation split name: 1
 * Val Acc 99.905, Total time 0.27
validation split name: 2
 * Val Acc 97.551, Total time 0.25
validation split name: 3
 * Val Acc 99.733, Total time 0.27
validation split name: 4
 * Val Acc 99.799, Total time 0.24
====================== 5 =======================
#reg_term: 1
Epoch:0
LR: 0.001
Itr		Time		  Data		  Loss		Acc
[0/93]	0.1110 (0.1110)	0.1014 (0.1014)	0.659 (0.659)	50.78 (50.78)
[92/93]	0.0058 (0.0082)	0.0001 (0.0026)	0.068 (0.217)	100.00 (94.97)
 * Train Acc 94.966
 * Val Acc 97.882, Total time 0.27
Epoch:1
LR: 0.001
Itr		Time		  Data		  Loss		Acc
[0/93]	0.1104 (0.1104)	0.1009 (0.1009)	0.150 (0.150)	96.88 (96.88)
[92/93]	0.0058 (0.0083)	0.0001 (0.0027)	0.035 (0.106)	100.00 (97.79)
 * Train Acc 97.788
 * Val Acc 96.520, Total time 0.24
Computing MAS
validation split name: 1
 * Val Acc 99.905, Total time 0.25
validation split name: 2
 * Val Acc 98.041, Total time 0.25
validation split name: 3
 * Val Acc 99.413, Total time 0.23
validation split name: 4
 * Val Acc 99.698, Total time 0.25
validation split name: 5
 * Val Acc 96.520, Total time 0.24
OrderedDict([('1', OrderedDict([('1', 99.90543735224587), ('2', 99.90543735224587), ('3', 99.90543735224587), ('4', 99.90543735224587), ('5', 99.90543735224587)])), ('2', OrderedDict([('2', 99.31439764936337), ('3', 99.11851126346718), ('4', 97.55142017629775), ('5', 98.0411361410382)])), ('3', OrderedDict([('3', 99.73319103521878), ('4', 99.73319103521878), ('5', 99.41302027748132)])), ('4', OrderedDict([('4', 99.79859013091641), ('5', 99.69788519637463)])), ('5', OrderedDict([('5', 96.52042360060514)]))])
Task 1 average acc: 99.90543735224587
Task 2 average acc: 99.60991750080461
Task 3 average acc: 99.58571321697728
Task 4 average acc: 99.2471596736697
Task 5 average acc: 98.71558051354903
===Summary of experiment repeats: 1 / 5 ===
The regularization coefficient: 1.0
The last avg acc of all repeats: [98.71558051  0.          0.          0.          0.        ]
mean: 19.743116102709806 std: 39.486232205419604
split_boundaries: [0, 2, 4, 6, 8, 10]
{'1': [0, 1], '2': [2, 3], '3': [4, 5], '4': [6, 7], '5': [8, 9]}
MLP(
  (linear): Sequential(
    (0): Linear(in_features=1024, out_features=400, bias=True)
    (1): ReLU(inplace=True)
    (2): Linear(in_features=400, out_features=400, bias=True)
    (3): ReLU(inplace=True)
  )
  (last): ModuleDict(
    (1): Linear(in_features=400, out_features=2, bias=True)
    (2): Linear(in_features=400, out_features=2, bias=True)
    (3): Linear(in_features=400, out_features=2, bias=True)
    (4): Linear(in_features=400, out_features=2, bias=True)
    (5): Linear(in_features=400, out_features=2, bias=True)
  )
)
#parameter of model: 574410
Task order: ['1', '2', '3', '4', '5']
====================== 1 =======================
#reg_term: 0
Epoch:0
LR: 0.001
Itr		Time		  Data		  Loss		Acc
[0/99]	0.1146 (0.1146)	0.1076 (0.1076)	0.709 (0.709)	36.72 (36.72)
[98/99]	0.0027 (0.0085)	0.0001 (0.0056)	0.000 (0.026)	100.00 (99.10)
 * Train Acc 99.100
 * Val Acc 99.858, Total time 0.25
Epoch:1
LR: 0.001
Itr		Time		  Data		  Loss		Acc
[0/99]	0.1084 (0.1084)	0.1026 (0.1026)	0.001 (0.001)	100.00 (100.00)
[98/99]	0.0028 (0.0082)	0.0001 (0.0056)	0.000 (0.002)	100.00 (99.93)
 * Train Acc 99.929
 * Val Acc 99.905, Total time 0.25
Computing MAS
validation split name: 1
 * Val Acc 99.905, Total time 0.25
====================== 2 =======================
#reg_term: 1
Epoch:0
LR: 0.001
Itr		Time		  Data		  Loss		Acc
[0/95]	0.1156 (0.1156)	0.1044 (0.1044)	0.731 (0.731)	42.19 (42.19)
[94/95]	0.0058 (0.0083)	0.0001 (0.0026)	0.087 (0.194)	98.25 (95.07)
 * Train Acc 95.070
 * Val Acc 98.531, Total time 0.24
Epoch:1
LR: 0.001
Itr		Time		  Data		  Loss		Acc
[0/95]	0.1123 (0.1123)	0.1031 (0.1031)	0.084 (0.084)	97.66 (97.66)
[94/95]	0.0058 (0.0083)	0.0001 (0.0026)	0.086 (0.076)	98.25 (98.33)
 * Train Acc 98.329
 * Val Acc 98.041, Total time 0.25
Computing MAS
validation split name: 1
 * Val Acc 99.905, Total time 0.25
validation split name: 2
 * Val Acc 98.041, Total time 0.25
====================== 3 =======================
#reg_term: 1
Epoch:0
LR: 0.001
Itr		Time		  Data		  Loss		Acc
[0/88]	0.1121 (0.1121)	0.1026 (0.1026)	0.638 (0.638)	62.50 (62.50)
[87/88]	0.0103 (0.0087)	0.0048 (0.0029)	0.039 (0.116)	99.21 (97.99)
 * Train Acc 97.993
 * Val Acc 99.787, Total time 0.25
Epoch:1
LR: 0.001
Itr		Time		  Data		  Loss		Acc
[0/88]	0.1154 (0.1154)	0.1047 (0.1047)	0.032 (0.032)	100.00 (100.00)
[87/88]	0.0089 (0.0084)	0.0033 (0.0027)	0.033 (0.029)	100.00 (99.56)
 * Train Acc 99.565
 * Val Acc 99.680, Total time 0.24
Computing MAS
validation split name: 1
 * Val Acc 99.905, Total time 0.25
validation split name: 2
 * Val Acc 97.209, Total time 0.24
validation split name: 3
 * Val Acc 99.680, Total time 0.23
====================== 4 =======================
#reg_term: 1
Epoch:0
LR: 0.001
Itr		Time		  Data		  Loss		Acc
[0/96]	0.1138 (0.1138)	0.1036 (0.1036)	0.747 (0.747)	59.38 (59.38)
[95/96]	0.0058 (0.0082)	0.0001 (0.0026)	0.010 (0.078)	100.00 (98.98)
 * Train Acc 98.982
 * Val Acc 99.547, Total time 0.28
Epoch:1
LR: 0.001
Itr		Time		  Data		  Loss		Acc
[0/96]	0.1157 (0.1157)	0.1065 (0.1065)	0.010 (0.010)	100.00 (100.00)
[95/96]	0.0059 (0.0086)	0.0001 (0.0028)	0.014 (0.013)	100.00 (99.86)
 * Train Acc 99.860
 * Val Acc 99.698, Total time 0.25
Computing MAS
validation split name: 1
 * Val Acc 99.905, Total time 0.26
validation split name: 2
 * Val Acc 97.943, Total time 0.25
validation split name: 3
 * Val Acc 99.626, Total time 0.23
validation split name: 4
 * Val Acc 99.698, Total time 0.24
====================== 5 =======================
#reg_term: 1
Epoch:0
LR: 0.001
Itr		Time		  Data		  Loss		Acc
[0/93]	0.1116 (0.1116)	0.1026 (0.1026)	0.696 (0.696)	52.34 (52.34)
[92/93]	0.0058 (0.0083)	0.0001 (0.0026)	0.064 (0.198)	100.00 (95.81)
 * Train Acc 95.805
 * Val Acc 96.924, Total time 0.24
Epoch:1
LR: 0.001
Itr		Time		  Data		  Loss		Acc
[0/93]	0.1119 (0.1119)	0.1028 (0.1028)	0.166 (0.166)	96.88 (96.88)
[92/93]	0.0057 (0.0083)	0.0001 (0.0027)	0.063 (0.138)	100.00 (97.19)
 * Train Acc 97.195
 * Val Acc 97.529, Total time 0.28
Computing MAS
validation split name: 1
 * Val Acc 99.905, Total time 0.29
validation split name: 2
 * Val Acc 97.992, Total time 0.25
validation split name: 3
 * Val Acc 99.466, Total time 0.23
validation split name: 4
 * Val Acc 99.648, Total time 0.24
validation split name: 5
 * Val Acc 97.529, Total time 0.24
OrderedDict([('1', OrderedDict([('1', 99.90543735224587), ('2', 99.90543735224587), ('3', 99.90543735224587), ('4', 99.90543735224587), ('5', 99.90543735224587)])), ('2', OrderedDict([('2', 98.0411361410382), ('3', 97.20861900097943), ('4', 97.94319294809011), ('5', 97.99216454456415)])), ('3', OrderedDict([('3', 99.67982924226254), ('4', 99.62646744930629), ('5', 99.46638207043756)])), ('4', OrderedDict([('4', 99.69788519637463), ('5', 99.64753272910373)])), ('5', OrderedDict([('5', 97.52899646999495)]))])
Task 1 average acc: 99.90543735224587
Task 2 average acc: 98.97328674664203
Task 3 average acc: 98.93129519849595
Task 4 average acc: 99.29324573650422
Task 5 average acc: 98.90810263326925
===Summary of experiment repeats: 2 / 5 ===
The regularization coefficient: 1.0
The last avg acc of all repeats: [98.71558051 98.90810263  0.          0.          0.        ]
mean: 39.52473662936366 std: 48.407756763844155
split_boundaries: [0, 2, 4, 6, 8, 10]
{'1': [0, 1], '2': [2, 3], '3': [4, 5], '4': [6, 7], '5': [8, 9]}
MLP(
  (linear): Sequential(
    (0): Linear(in_features=1024, out_features=400, bias=True)
    (1): ReLU(inplace=True)
    (2): Linear(in_features=400, out_features=400, bias=True)
    (3): ReLU(inplace=True)
  )
  (last): ModuleDict(
    (1): Linear(in_features=400, out_features=2, bias=True)
    (2): Linear(in_features=400, out_features=2, bias=True)
    (3): Linear(in_features=400, out_features=2, bias=True)
    (4): Linear(in_features=400, out_features=2, bias=True)
    (5): Linear(in_features=400, out_features=2, bias=True)
  )
)
#parameter of model: 574410
Task order: ['1', '2', '3', '4', '5']
====================== 1 =======================
#reg_term: 0
Epoch:0
LR: 0.001
Itr		Time		  Data		  Loss		Acc
[0/99]	0.1087 (0.1087)	0.1030 (0.1030)	0.685 (0.685)	62.50 (62.50)
[98/99]	0.0027 (0.0081)	0.0001 (0.0054)	0.000 (0.025)	100.00 (99.31)
 * Train Acc 99.313
 * Val Acc 99.905, Total time 0.25
Epoch:1
LR: 0.001
Itr		Time		  Data		  Loss		Acc
[0/99]	0.1122 (0.1122)	0.1061 (0.1061)	0.000 (0.000)	100.00 (100.00)
[98/99]	0.0027 (0.0083)	0.0001 (0.0056)	0.000 (0.002)	100.00 (99.91)
 * Train Acc 99.913
 * Val Acc 99.953, Total time 0.25
Computing MAS
validation split name: 1
 * Val Acc 99.953, Total time 0.27
====================== 2 =======================
#reg_term: 1
Epoch:0
LR: 0.001
Itr		Time		  Data		  Loss		Acc
[0/95]	0.1111 (0.1111)	0.1019 (0.1019)	0.725 (0.725)	52.34 (52.34)
[94/95]	0.0059 (0.0083)	0.0002 (0.0027)	0.112 (0.175)	98.25 (95.86)
 * Train Acc 95.856
 * Val Acc 98.580, Total time 0.25
Epoch:1
LR: 0.001
Itr		Time		  Data		  Loss		Acc
[0/95]	0.1118 (0.1118)	0.1023 (0.1023)	0.081 (0.081)	98.44 (98.44)
[94/95]	0.0059 (0.0084)	0.0001 (0.0027)	0.043 (0.075)	98.25 (98.31)
 * Train Acc 98.313
 * Val Acc 99.167, Total time 0.25
Computing MAS
validation split name: 1
 * Val Acc 99.905, Total time 0.25
validation split name: 2
 * Val Acc 99.167, Total time 0.26
====================== 3 =======================
#reg_term: 1
Epoch:0
LR: 0.001
Itr		Time		  Data		  Loss		Acc
[0/88]	0.1145 (0.1145)	0.1049 (0.1049)	0.670 (0.670)	60.94 (60.94)
[87/88]	0.0088 (0.0084)	0.0032 (0.0026)	0.019 (0.119)	100.00 (97.91)
 * Train Acc 97.914
 * Val Acc 99.733, Total time 0.27
Epoch:1
LR: 0.001
Itr		Time		  Data		  Loss		Acc
[0/88]	0.1127 (0.1127)	0.1032 (0.1032)	0.018 (0.018)	100.00 (100.00)
[87/88]	0.0090 (0.0084)	0.0034 (0.0026)	0.011 (0.025)	100.00 (99.58)
 * Train Acc 99.583
 * Val Acc 99.787, Total time 0.27
Computing MAS
validation split name: 1
 * Val Acc 99.905, Total time 0.26
validation split name: 2
 * Val Acc 99.363, Total time 0.25
validation split name: 3
 * Val Acc 99.787, Total time 0.27
====================== 4 =======================
#reg_term: 1
Epoch:0
LR: 0.001
Itr		Time		  Data		  Loss		Acc
[0/96]	0.1156 (0.1156)	0.1056 (0.1056)	0.779 (0.779)	42.97 (42.97)
[95/96]	0.0060 (0.0085)	0.0001 (0.0027)	0.018 (0.093)	100.00 (98.55)
 * Train Acc 98.547
 * Val Acc 99.748, Total time 0.24
Epoch:1
LR: 0.001
Itr		Time		  Data		  Loss		Acc
[0/96]	0.1150 (0.1150)	0.1026 (0.1026)	0.016 (0.016)	100.00 (100.00)
[95/96]	0.0058 (0.0083)	0.0002 (0.0027)	0.010 (0.011)	100.00 (99.93)
 * Train Acc 99.926
 * Val Acc 99.698, Total time 0.25
Computing MAS
validation split name: 1
 * Val Acc 99.905, Total time 0.28
validation split name: 2
 * Val Acc 97.600, Total time 0.25
validation split name: 3
 * Val Acc 99.733, Total time 0.24
validation split name: 4
 * Val Acc 99.698, Total time 0.24
====================== 5 =======================
#reg_term: 1
Epoch:0
LR: 0.001
Itr		Time		  Data		  Loss		Acc
[0/93]	0.1154 (0.1154)	0.1060 (0.1060)	0.711 (0.711)	51.56 (51.56)
[92/93]	0.0058 (0.0084)	0.0001 (0.0027)	0.149 (0.187)	95.83 (96.19)
 * Train Acc 96.186
 * Val Acc 97.479, Total time 0.24
Epoch:1
LR: 0.001
Itr		Time		  Data		  Loss		Acc
[0/93]	0.1106 (0.1106)	0.1008 (0.1008)	0.107 (0.107)	97.66 (97.66)
[92/93]	0.0065 (0.0083)	0.0007 (0.0024)	0.076 (0.118)	100.00 (97.58)
 * Train Acc 97.576
 * Val Acc 98.033, Total time 0.25
Computing MAS
validation split name: 1
 * Val Acc 99.905, Total time 0.25
validation split name: 2
 * Val Acc 98.041, Total time 0.25
validation split name: 3
 * Val Acc 99.787, Total time 0.24
validation split name: 4
 * Val Acc 99.748, Total time 0.28
validation split name: 5
 * Val Acc 98.033, Total time 0.25
OrderedDict([('1', OrderedDict([('1', 99.95271867612293), ('2', 99.90543735224587), ('3', 99.90543735224587), ('4', 99.90543735224587), ('5', 99.90543735224587)])), ('2', OrderedDict([('2', 99.16748285994123), ('3', 99.36336924583742), ('4', 97.60039177277179), ('5', 98.0411361410382)])), ('3', OrderedDict([('3', 99.78655282817503), ('4', 99.73319103521878), ('5', 99.78655282817503)])), ('4', OrderedDict([('4', 99.69788519637463), ('5', 99.74823766364553)])), ('5', OrderedDict([('5', 98.03328290468987)]))])
Task 1 average acc: 99.95271867612293
Task 2 average acc: 99.53646010609356
Task 3 average acc: 99.68511980875279
Task 4 average acc: 99.23422633915277
Task 5 average acc: 99.1029293779589
===Summary of experiment repeats: 3 / 5 ===
The regularization coefficient: 1.0
The last avg acc of all repeats: [98.71558051 98.90810263 99.10292938  0.          0.        ]
mean: 59.34532250495543 std: 48.455407743299745
split_boundaries: [0, 2, 4, 6, 8, 10]
{'1': [0, 1], '2': [2, 3], '3': [4, 5], '4': [6, 7], '5': [8, 9]}
MLP(
  (linear): Sequential(
    (0): Linear(in_features=1024, out_features=400, bias=True)
    (1): ReLU(inplace=True)
    (2): Linear(in_features=400, out_features=400, bias=True)
    (3): ReLU(inplace=True)
  )
  (last): ModuleDict(
    (1): Linear(in_features=400, out_features=2, bias=True)
    (2): Linear(in_features=400, out_features=2, bias=True)
    (3): Linear(in_features=400, out_features=2, bias=True)
    (4): Linear(in_features=400, out_features=2, bias=True)
    (5): Linear(in_features=400, out_features=2, bias=True)
  )
)
#parameter of model: 574410
Task order: ['1', '2', '3', '4', '5']
====================== 1 =======================
#reg_term: 0
Epoch:0
LR: 0.001
Itr		Time		  Data		  Loss		Acc
[0/99]	0.1088 (0.1088)	0.1026 (0.1026)	0.698 (0.698)	53.12 (53.12)
[98/99]	0.0029 (0.0083)	0.0001 (0.0055)	0.013 (0.021)	99.17 (99.29)
 * Train Acc 99.289
 * Val Acc 99.811, Total time 0.25
Epoch:1
LR: 0.001
Itr		Time		  Data		  Loss		Acc
[0/99]	0.1120 (0.1120)	0.1036 (0.1036)	0.000 (0.000)	100.00 (100.00)
[98/99]	0.0035 (0.0083)	0.0005 (0.0054)	0.008 (0.006)	99.17 (99.83)
 * Train Acc 99.834
 * Val Acc 99.905, Total time 0.26
Computing MAS
validation split name: 1
 * Val Acc 99.905, Total time 0.26
====================== 2 =======================
#reg_term: 1
Epoch:0
LR: 0.001
Itr		Time		  Data		  Loss		Acc
[0/95]	0.1180 (0.1180)	0.1071 (0.1071)	0.959 (0.959)	46.88 (46.88)
[94/95]	0.0058 (0.0085)	0.0001 (0.0028)	0.099 (0.182)	98.25 (95.65)
 * Train Acc 95.649
 * Val Acc 98.825, Total time 0.25
Epoch:1
LR: 0.001
Itr		Time		  Data		  Loss		Acc
[0/95]	0.1118 (0.1118)	0.1023 (0.1023)	0.071 (0.071)	98.44 (98.44)
[94/95]	0.0059 (0.0083)	0.0001 (0.0026)	0.047 (0.071)	100.00 (98.55)
 * Train Acc 98.552
 * Val Acc 98.776, Total time 0.25
Computing MAS
validation split name: 1
 * Val Acc 99.905, Total time 0.25
validation split name: 2
 * Val Acc 98.776, Total time 0.26
====================== 3 =======================
#reg_term: 1
Epoch:0
LR: 0.001
Itr		Time		  Data		  Loss		Acc
[0/88]	0.1163 (0.1163)	0.1072 (0.1072)	0.773 (0.773)	42.97 (42.97)
[87/88]	0.0110 (0.0086)	0.0054 (0.0031)	0.065 (0.130)	99.21 (97.54)
 * Train Acc 97.541
 * Val Acc 99.947, Total time 0.23
Epoch:1
LR: 0.001
Itr		Time		  Data		  Loss		Acc
[0/88]	0.1116 (0.1116)	0.1019 (0.1019)	0.029 (0.029)	100.00 (100.00)
[87/88]	0.0092 (0.0083)	0.0036 (0.0027)	0.029 (0.034)	99.21 (99.45)
 * Train Acc 99.450
 * Val Acc 99.733, Total time 0.23
Computing MAS
validation split name: 1
 * Val Acc 99.858, Total time 0.27
validation split name: 2
 * Val Acc 98.874, Total time 0.28
validation split name: 3
 * Val Acc 99.733, Total time 0.23
====================== 4 =======================
#reg_term: 1
Epoch:0
LR: 0.001
Itr		Time		  Data		  Loss		Acc
[0/96]	0.1142 (0.1142)	0.1039 (0.1039)	0.757 (0.757)	29.69 (29.69)
[95/96]	0.0058 (0.0084)	0.0002 (0.0027)	0.007 (0.078)	100.00 (98.58)
 * Train Acc 98.580
 * Val Acc 99.648, Total time 0.28
Epoch:1
LR: 0.001
Itr		Time		  Data		  Loss		Acc
[0/96]	0.1199 (0.1199)	0.1097 (0.1097)	0.008 (0.008)	100.00 (100.00)
[95/96]	0.0058 (0.0085)	0.0002 (0.0029)	0.005 (0.011)	100.00 (99.89)
 * Train Acc 99.885
 * Val Acc 99.698, Total time 0.28
Computing MAS
validation split name: 1
 * Val Acc 99.905, Total time 0.25
validation split name: 2
 * Val Acc 97.796, Total time 0.25
validation split name: 3
 * Val Acc 99.626, Total time 0.26
validation split name: 4
 * Val Acc 99.698, Total time 0.28
====================== 5 =======================
#reg_term: 1
Epoch:0
LR: 0.001
Itr		Time		  Data		  Loss		Acc
[0/93]	0.1191 (0.1191)	0.1087 (0.1087)	0.921 (0.921)	39.84 (39.84)
[92/93]	0.0057 (0.0084)	0.0001 (0.0027)	0.222 (0.196)	95.83 (95.88)
 * Train Acc 95.881
 * Val Acc 97.428, Total time 0.27
Epoch:1
LR: 0.001
Itr		Time		  Data		  Loss		Acc
[0/93]	0.1168 (0.1168)	0.1074 (0.1074)	0.089 (0.089)	100.00 (100.00)
[92/93]	0.0057 (0.0084)	0.0001 (0.0027)	0.043 (0.106)	100.00 (98.09)
 * Train Acc 98.093
 * Val Acc 98.084, Total time 0.24
Computing MAS
validation split name: 1
 * Val Acc 99.858, Total time 0.25
validation split name: 2
 * Val Acc 96.376, Total time 0.26
validation split name: 3
 * Val Acc 99.680, Total time 0.23
validation split name: 4
 * Val Acc 99.648, Total time 0.24
validation split name: 5
 * Val Acc 98.084, Total time 0.24
OrderedDict([('1', OrderedDict([('1', 99.90543735224587), ('2', 99.90543735224587), ('3', 99.8581560283688), ('4', 99.90543735224587), ('5', 99.8581560283688)])), ('2', OrderedDict([('2', 98.77571008814887), ('3', 98.87365328109696), ('4', 97.79627815866797), ('5', 96.37610186092067)])), ('3', OrderedDict([('3', 99.73319103521878), ('4', 99.62646744930629), ('5', 99.67982924226254)])), ('4', OrderedDict([('4', 99.69788519637463), ('5', 99.64753272910373)])), ('5', OrderedDict([('5', 98.08371154815936)]))])
Task 1 average acc: 99.90543735224587
Task 2 average acc: 99.34057372019737
Task 3 average acc: 99.48833344822818
Task 4 average acc: 99.25651703914869
Task 5 average acc: 98.72906628176301
===Summary of experiment repeats: 4 / 5 ===
The regularization coefficient: 1.0
The last avg acc of all repeats: [98.71558051 98.90810263 99.10292938 98.72906628  0.        ]
mean: 79.09113576130804 std: 39.54581890094949
split_boundaries: [0, 2, 4, 6, 8, 10]
{'1': [0, 1], '2': [2, 3], '3': [4, 5], '4': [6, 7], '5': [8, 9]}
MLP(
  (linear): Sequential(
    (0): Linear(in_features=1024, out_features=400, bias=True)
    (1): ReLU(inplace=True)
    (2): Linear(in_features=400, out_features=400, bias=True)
    (3): ReLU(inplace=True)
  )
  (last): ModuleDict(
    (1): Linear(in_features=400, out_features=2, bias=True)
    (2): Linear(in_features=400, out_features=2, bias=True)
    (3): Linear(in_features=400, out_features=2, bias=True)
    (4): Linear(in_features=400, out_features=2, bias=True)
    (5): Linear(in_features=400, out_features=2, bias=True)
  )
)
#parameter of model: 574410
Task order: ['1', '2', '3', '4', '5']
====================== 1 =======================
#reg_term: 0
Epoch:0
LR: 0.001
Itr		Time		  Data		  Loss		Acc
[0/99]	0.1081 (0.1081)	0.1024 (0.1024)	0.700 (0.700)	47.66 (47.66)
[98/99]	0.0026 (0.0082)	0.0001 (0.0055)	0.022 (0.022)	99.17 (99.22)
 * Train Acc 99.218
 * Val Acc 99.858, Total time 0.26
Epoch:1
LR: 0.001
Itr		Time		  Data		  Loss		Acc
[0/99]	0.1096 (0.1096)	0.1032 (0.1032)	0.003 (0.003)	100.00 (100.00)
[98/99]	0.0027 (0.0081)	0.0001 (0.0053)	0.025 (0.005)	98.35 (99.87)
 * Train Acc 99.866
 * Val Acc 99.196, Total time 0.26
Computing MAS
validation split name: 1
 * Val Acc 99.196, Total time 0.25
====================== 2 =======================
#reg_term: 1
Epoch:0
LR: 0.001
Itr		Time		  Data		  Loss		Acc
[0/95]	0.1110 (0.1110)	0.1019 (0.1019)	0.682 (0.682)	50.00 (50.00)
[94/95]	0.0059 (0.0083)	0.0001 (0.0026)	0.119 (0.170)	96.49 (95.66)
 * Train Acc 95.657
 * Val Acc 98.237, Total time 0.29
Epoch:1
LR: 0.001
Itr		Time		  Data		  Loss		Acc
[0/95]	0.1163 (0.1163)	0.1068 (0.1068)	0.072 (0.072)	98.44 (98.44)
[94/95]	0.0064 (0.0085)	0.0006 (0.0027)	0.028 (0.074)	100.00 (98.41)
 * Train Acc 98.412
 * Val Acc 99.070, Total time 0.25
Computing MAS
validation split name: 1
 * Val Acc 99.196, Total time 0.25
validation split name: 2
 * Val Acc 99.070, Total time 0.25
====================== 3 =======================
#reg_term: 1
Epoch:0
LR: 0.001
Itr		Time		  Data		  Loss		Acc
[0/88]	0.1115 (0.1115)	0.1016 (0.1016)	0.648 (0.648)	53.91 (53.91)
[87/88]	0.0091 (0.0083)	0.0036 (0.0027)	0.082 (0.126)	97.64 (97.22)
 * Train Acc 97.221
 * Val Acc 99.626, Total time 0.23
Epoch:1
LR: 0.001
Itr		Time		  Data		  Loss		Acc
[0/88]	0.1188 (0.1188)	0.1047 (0.1047)	0.022 (0.022)	100.00 (100.00)
[87/88]	0.0059 (0.0086)	0.0001 (0.0027)	0.053 (0.025)	99.21 (99.58)
 * Train Acc 99.583
 * Val Acc 99.733, Total time 0.24
Computing MAS
validation split name: 1
 * Val Acc 99.338, Total time 0.25
validation split name: 2
 * Val Acc 98.874, Total time 0.25
validation split name: 3
 * Val Acc 99.733, Total time 0.26
====================== 4 =======================
#reg_term: 1
Epoch:0
LR: 0.001
Itr		Time		  Data		  Loss		Acc
[0/96]	0.1146 (0.1146)	0.1053 (0.1053)	0.806 (0.806)	29.69 (29.69)
[95/96]	0.0058 (0.0083)	0.0001 (0.0027)	0.012 (0.079)	100.00 (98.77)
 * Train Acc 98.769
 * Val Acc 99.748, Total time 0.27
Epoch:1
LR: 0.001
Itr		Time		  Data		  Loss		Acc
[0/96]	0.1138 (0.1138)	0.1050 (0.1050)	0.012 (0.012)	100.00 (100.00)
[95/96]	0.0060 (0.0084)	0.0001 (0.0026)	0.008 (0.009)	100.00 (99.91)
 * Train Acc 99.910
 * Val Acc 99.547, Total time 0.29
Computing MAS
validation split name: 1
 * Val Acc 99.385, Total time 0.25
validation split name: 2
 * Val Acc 98.482, Total time 0.25
validation split name: 3
 * Val Acc 99.787, Total time 0.23
validation split name: 4
 * Val Acc 99.547, Total time 0.24
====================== 5 =======================
#reg_term: 1
Epoch:0
LR: 0.001
Itr		Time		  Data		  Loss		Acc
[0/93]	0.1117 (0.1117)	0.1026 (0.1026)	0.773 (0.773)	54.69 (54.69)
[92/93]	0.0058 (0.0083)	0.0002 (0.0027)	0.089 (0.164)	95.83 (96.58)
 * Train Acc 96.576
 * Val Acc 97.983, Total time 0.24
Epoch:1
LR: 0.001
Itr		Time		  Data		  Loss		Acc
[0/93]	0.1131 (0.1131)	0.1034 (0.1034)	0.051 (0.051)	99.22 (99.22)
[92/93]	0.0058 (0.0083)	0.0001 (0.0026)	0.046 (0.079)	100.00 (98.08)
 * Train Acc 98.076
 * Val Acc 97.781, Total time 0.25
Computing MAS
validation split name: 1
 * Val Acc 99.622, Total time 0.25
validation split name: 2
 * Val Acc 98.433, Total time 0.28
validation split name: 3
 * Val Acc 99.626, Total time 0.23
validation split name: 4
 * Val Acc 99.295, Total time 0.24
validation split name: 5
 * Val Acc 97.781, Total time 0.27
OrderedDict([('1', OrderedDict([('1', 99.19621749408984), ('2', 99.19621749408984), ('3', 99.33806146572104), ('4', 99.38534278959811), ('5', 99.62174940898345)])), ('2', OrderedDict([('2', 99.06953966699314), ('3', 98.87365328109696), ('4', 98.4818805093046), ('5', 98.43290891283056)])), ('3', OrderedDict([('3', 99.73319103521878), ('4', 99.78655282817503), ('5', 99.62646744930629)])), ('4', OrderedDict([('4', 99.54682779456193), ('5', 99.29506545820745)])), ('5', OrderedDict([('5', 97.78113968734242)]))])
Task 1 average acc: 99.19621749408984
Task 2 average acc: 99.13287858054149
Task 3 average acc: 99.31496859401227
Task 4 average acc: 99.30015098040992
Task 5 average acc: 98.95146618333402
===Summary of experiment repeats: 5 / 5 ===
The regularization coefficient: 1.0
The last avg acc of all repeats: [98.71558051 98.90810263 99.10292938 98.72906628 98.95146618]
mean: 98.88142899797484 std: 0.1451889979052986
reg_coef: 1.0 mean: 98.88142899797484 std: 0.1451889979052986
Total Time for the script is 95.15387678146362 seconds
