split_boundaries: [0, 2, 4, 6, 8, 10]
{'1': [0, 1], '2': [2, 3], '3': [4, 5], '4': [6, 7], '5': [8, 9]}
MLP(
  (linear): Sequential(
    (0): Linear(in_features=1024, out_features=400, bias=True)
    (1): ReLU(inplace=True)
    (2): Linear(in_features=400, out_features=400, bias=True)
    (3): ReLU(inplace=True)
  )
  (last): ModuleDict(
    (1): Linear(in_features=400, out_features=2, bias=True)
    (2): Linear(in_features=400, out_features=2, bias=True)
    (3): Linear(in_features=400, out_features=2, bias=True)
    (4): Linear(in_features=400, out_features=2, bias=True)
    (5): Linear(in_features=400, out_features=2, bias=True)
  )
)
#parameter of model: 574410
Task order: ['1', '2', '3', '4', '5']
====================== 1 =======================
Epoch:0
LR: 0.001
Itr		Time		  Data		  Loss		Acc
[0/99]	0.5331 (0.5331)	0.0905 (0.0905)	0.707 (0.707)	47.66 (47.66)
[98/99]	0.0031 (0.0123)	0.0006 (0.0050)	0.000 (0.026)	100.00 (99.21)
 * Train Acc 99.210
 * Val Acc 99.858, Total time 0.25
Epoch:1
LR: 0.001
Itr		Time		  Data		  Loss		Acc
[0/99]	0.1113 (0.1113)	0.1038 (0.1038)	0.000 (0.000)	100.00 (100.00)
[98/99]	0.0027 (0.0086)	0.0001 (0.0057)	0.001 (0.004)	100.00 (99.86)
 * Train Acc 99.858
 * Val Acc 99.905, Total time 0.26
validation split name: 1
 * Val Acc 99.905, Total time 0.27
====================== 2 =======================
Epoch:0
LR: 0.001
Itr		Time		  Data		  Loss		Acc
[0/164]	0.1143 (0.1143)	0.1061 (0.1061)	0.387 (0.387)	62.16 (78.12)
[100/164]	0.0046 (0.0085)	0.0012 (0.0049)	0.064 (0.065)	97.37 (97.50)
[163/164]	0.0036 (0.0081)	0.0001 (0.0045)	0.028 (0.050)	100.00 (98.11)
 * Train Acc 98.114
 * Val Acc 98.188, Total time 0.25
Epoch:1
LR: 0.001
Itr		Time		  Data		  Loss		Acc
[0/164]	0.1100 (0.1100)	0.1014 (0.1014)	0.015 (0.015)	98.77 (99.22)
[100/164]	0.0163 (0.0089)	0.0124 (0.0050)	0.049 (0.018)	97.26 (99.40)
[163/164]	0.0043 (0.0084)	0.0007 (0.0046)	0.002 (0.018)	100.00 (99.41)
 * Train Acc 99.406
 * Val Acc 99.119, Total time 0.25
validation split name: 1
 * Val Acc 99.905, Total time 0.26
validation split name: 2
 * Val Acc 99.119, Total time 0.26
====================== 3 =======================
Epoch:0
LR: 0.001
Itr		Time		  Data		  Loss		Acc
[0/157]	0.1164 (0.1164)	0.1074 (0.1074)	0.379 (0.379)	40.62 (70.31)
[100/157]	0.0085 (0.0085)	0.0041 (0.0041)	0.015 (0.034)	98.59 (98.61)
[156/157]	0.0048 (0.0081)	0.0006 (0.0037)	0.004 (0.025)	100.00 (98.99)
 * Train Acc 98.988
 * Val Acc 99.626, Total time 0.23
Epoch:1
LR: 0.001
Itr		Time		  Data		  Loss		Acc
[0/157]	0.1215 (0.1215)	0.1114 (0.1114)	0.001 (0.001)	100.00 (100.00)
[100/157]	0.0051 (0.0087)	0.0008 (0.0040)	0.011 (0.007)	98.73 (99.80)
[156/157]	0.0045 (0.0082)	0.0002 (0.0037)	0.001 (0.006)	100.00 (99.83)
 * Train Acc 99.826
 * Val Acc 99.733, Total time 0.23
validation split name: 1
 * Val Acc 99.905, Total time 0.25
validation split name: 2
 * Val Acc 99.167, Total time 0.25
validation split name: 3
 * Val Acc 99.733, Total time 0.23
====================== 4 =======================
Epoch:0
LR: 0.001
Itr		Time		  Data		  Loss		Acc
[0/164]	0.1236 (0.1236)	0.1114 (0.1114)	0.470 (0.470)	53.62 (75.00)
[100/164]	0.0052 (0.0086)	0.0001 (0.0033)	0.000 (0.022)	100.00 (99.24)
[163/164]	0.0053 (0.0081)	0.0001 (0.0029)	0.000 (0.015)	100.00 (99.49)
 * Train Acc 99.490
 * Val Acc 99.698, Total time 0.25
Epoch:1
LR: 0.001
Itr		Time		  Data		  Loss		Acc
[0/164]	0.1196 (0.1196)	0.1106 (0.1106)	0.000 (0.000)	100.00 (100.00)
[100/164]	0.0052 (0.0086)	0.0002 (0.0035)	0.000 (0.002)	100.00 (99.95)
[163/164]	0.0058 (0.0082)	0.0006 (0.0030)	0.000 (0.001)	100.00 (99.96)
 * Train Acc 99.957
 * Val Acc 99.899, Total time 0.25
validation split name: 1
 * Val Acc 99.953, Total time 0.26
validation split name: 2
 * Val Acc 99.412, Total time 0.26
validation split name: 3
 * Val Acc 99.787, Total time 0.24
validation split name: 4
 * Val Acc 99.899, Total time 0.24
====================== 5 =======================
Epoch:0
LR: 0.001
Itr		Time		  Data		  Loss		Acc
[0/161]	0.1152 (0.1152)	0.1054 (0.1054)	0.353 (0.353)	68.42 (81.25)
[100/161]	0.0087 (0.0084)	0.0026 (0.0025)	0.022 (0.047)	98.53 (98.55)
[160/161]	0.0066 (0.0080)	0.0007 (0.0021)	0.009 (0.038)	100.00 (98.78)
 * Train Acc 98.782
 * Val Acc 99.244, Total time 0.25
Epoch:1
LR: 0.001
Itr		Time		  Data		  Loss		Acc
[0/161]	0.1197 (0.1197)	0.1094 (0.1094)	0.076 (0.076)	97.33 (98.44)
[100/161]	0.0082 (0.0085)	0.0022 (0.0026)	0.001 (0.010)	100.00 (99.67)
[160/161]	0.0097 (0.0082)	0.0038 (0.0022)	0.003 (0.011)	100.00 (99.64)
 * Train Acc 99.641
 * Val Acc 99.344, Total time 0.27
validation split name: 1
 * Val Acc 99.858, Total time 0.26
validation split name: 2
 * Val Acc 99.265, Total time 0.25
validation split name: 3
 * Val Acc 99.893, Total time 0.23
validation split name: 4
 * Val Acc 99.899, Total time 0.25
validation split name: 5
 * Val Acc 99.344, Total time 0.25
OrderedDict([('1', OrderedDict([('1', 99.90543735224587), ('2', 99.90543735224587), ('3', 99.90543735224587), ('4', 99.95271867612293), ('5', 99.8581560283688)])), ('2', OrderedDict([('2', 99.11851126346718), ('3', 99.16748285994123), ('4', 99.41234084231147), ('5', 99.26542605288932)])), ('3', OrderedDict([('3', 99.73319103521878), ('4', 99.78655282817503), ('5', 99.89327641408751)])), ('4', OrderedDict([('4', 99.8992950654582), ('5', 99.8992950654582)])), ('5', OrderedDict([('5', 99.34442763489662)]))])
Task 1 average acc: 99.90543735224587
Task 2 average acc: 99.51197430785652
Task 3 average acc: 99.60203708246864
Task 4 average acc: 99.76272685301691
Task 5 average acc: 99.65211623914008
===Summary of experiment repeats: 1 / 5 ===
The regularization coefficient: 0.0
The last avg acc of all repeats: [99.65211624  0.          0.          0.          0.        ]
mean: 19.930423247828017 std: 39.86084649565604
split_boundaries: [0, 2, 4, 6, 8, 10]
{'1': [0, 1], '2': [2, 3], '3': [4, 5], '4': [6, 7], '5': [8, 9]}
MLP(
  (linear): Sequential(
    (0): Linear(in_features=1024, out_features=400, bias=True)
    (1): ReLU(inplace=True)
    (2): Linear(in_features=400, out_features=400, bias=True)
    (3): ReLU(inplace=True)
  )
  (last): ModuleDict(
    (1): Linear(in_features=400, out_features=2, bias=True)
    (2): Linear(in_features=400, out_features=2, bias=True)
    (3): Linear(in_features=400, out_features=2, bias=True)
    (4): Linear(in_features=400, out_features=2, bias=True)
    (5): Linear(in_features=400, out_features=2, bias=True)
  )
)
#parameter of model: 574410
Task order: ['1', '2', '3', '4', '5']
====================== 1 =======================
Epoch:0
LR: 0.001
Itr		Time		  Data		  Loss		Acc
[0/99]	0.1184 (0.1184)	0.1076 (0.1076)	0.687 (0.687)	43.75 (43.75)
[98/99]	0.0031 (0.0084)	0.0001 (0.0055)	0.000 (0.022)	100.00 (99.17)
 * Train Acc 99.171
 * Val Acc 99.858, Total time 0.25
Epoch:1
LR: 0.001
Itr		Time		  Data		  Loss		Acc
[0/99]	0.1131 (0.1131)	0.1064 (0.1064)	0.000 (0.000)	100.00 (100.00)
[98/99]	0.0027 (0.0083)	0.0001 (0.0056)	0.001 (0.004)	100.00 (99.88)
 * Train Acc 99.882
 * Val Acc 99.953, Total time 0.26
validation split name: 1
 * Val Acc 99.953, Total time 0.26
====================== 2 =======================
Epoch:0
LR: 0.001
Itr		Time		  Data		  Loss		Acc
[0/164]	0.1154 (0.1154)	0.1071 (0.1071)	0.651 (0.651)	47.95 (70.31)
[100/164]	0.0039 (0.0084)	0.0004 (0.0048)	0.042 (0.081)	98.51 (97.31)
[163/164]	0.0036 (0.0080)	0.0001 (0.0045)	0.012 (0.061)	100.00 (97.91)
 * Train Acc 97.908
 * Val Acc 99.167, Total time 0.26
Epoch:1
LR: 0.001
Itr		Time		  Data		  Loss		Acc
[0/164]	0.1177 (0.1177)	0.1108 (0.1108)	0.030 (0.030)	97.56 (98.44)
[100/164]	0.0138 (0.0085)	0.0104 (0.0051)	0.021 (0.018)	97.18 (99.33)
[163/164]	0.0036 (0.0080)	0.0001 (0.0046)	0.015 (0.018)	100.00 (99.35)
 * Train Acc 99.354
 * Val Acc 98.874, Total time 0.25
validation split name: 1
 * Val Acc 99.953, Total time 0.26
validation split name: 2
 * Val Acc 98.874, Total time 0.26
====================== 3 =======================
Epoch:0
LR: 0.001
Itr		Time		  Data		  Loss		Acc
[0/157]	0.1161 (0.1161)	0.1072 (0.1072)	0.437 (0.437)	38.16 (62.50)
[100/157]	0.0057 (0.0084)	0.0014 (0.0040)	0.002 (0.037)	100.00 (98.39)
[156/157]	0.0065 (0.0080)	0.0023 (0.0037)	0.001 (0.028)	100.00 (98.81)
 * Train Acc 98.814
 * Val Acc 99.787, Total time 0.24
Epoch:1
LR: 0.001
Itr		Time		  Data		  Loss		Acc
[0/157]	0.1206 (0.1206)	0.1116 (0.1116)	0.011 (0.011)	98.78 (99.22)
[100/157]	0.0044 (0.0086)	0.0001 (0.0041)	0.002 (0.006)	100.00 (99.86)
[156/157]	0.0042 (0.0082)	0.0001 (0.0037)	0.005 (0.005)	100.00 (99.85)
 * Train Acc 99.845
 * Val Acc 99.840, Total time 0.24
validation split name: 1
 * Val Acc 99.811, Total time 0.26
validation split name: 2
 * Val Acc 99.363, Total time 0.25
validation split name: 3
 * Val Acc 99.840, Total time 0.24
====================== 4 =======================
Epoch:0
LR: 0.001
Itr		Time		  Data		  Loss		Acc
[0/164]	0.1154 (0.1154)	0.1061 (0.1061)	0.584 (0.584)	45.83 (69.53)
[100/164]	0.0061 (0.0084)	0.0009 (0.0032)	0.004 (0.026)	100.00 (99.20)
[163/164]	0.0057 (0.0080)	0.0006 (0.0028)	0.001 (0.018)	100.00 (99.48)
 * Train Acc 99.476
 * Val Acc 99.899, Total time 0.24
Epoch:1
LR: 0.001
Itr		Time		  Data		  Loss		Acc
[0/164]	0.1180 (0.1180)	0.1057 (0.1057)	0.002 (0.002)	100.00 (100.00)
[100/164]	0.0056 (0.0088)	0.0006 (0.0032)	0.000 (0.002)	100.00 (99.95)
[163/164]	0.0052 (0.0082)	0.0001 (0.0028)	0.000 (0.001)	100.00 (99.96)
 * Train Acc 99.962
 * Val Acc 99.950, Total time 0.24
validation split name: 1
 * Val Acc 99.953, Total time 0.25
validation split name: 2
 * Val Acc 99.706, Total time 0.25
validation split name: 3
 * Val Acc 99.947, Total time 0.24
validation split name: 4
 * Val Acc 99.950, Total time 0.28
====================== 5 =======================
Epoch:0
LR: 0.001
Itr		Time		  Data		  Loss		Acc
[0/161]	0.1243 (0.1243)	0.1136 (0.1136)	0.554 (0.554)	29.33 (58.59)
[100/161]	0.0062 (0.0088)	0.0002 (0.0027)	0.009 (0.048)	100.00 (98.08)
[160/161]	0.0061 (0.0083)	0.0001 (0.0023)	0.014 (0.037)	100.00 (98.57)
 * Train Acc 98.568
 * Val Acc 99.244, Total time 0.25
Epoch:1
LR: 0.001
Itr		Time		  Data		  Loss		Acc
[0/161]	0.1157 (0.1157)	0.1054 (0.1054)	0.004 (0.004)	100.00 (100.00)
[100/161]	0.0060 (0.0084)	0.0002 (0.0024)	0.020 (0.015)	98.73 (99.53)
[160/161]	0.0061 (0.0080)	0.0001 (0.0021)	0.002 (0.013)	100.00 (99.60)
 * Train Acc 99.597
 * Val Acc 99.143, Total time 0.25
validation split name: 1
 * Val Acc 99.905, Total time 0.25
validation split name: 2
 * Val Acc 99.363, Total time 0.29
validation split name: 3
 * Val Acc 99.787, Total time 0.23
validation split name: 4
 * Val Acc 99.849, Total time 0.24
validation split name: 5
 * Val Acc 99.143, Total time 0.24
OrderedDict([('1', OrderedDict([('1', 99.95271867612293), ('2', 99.95271867612293), ('3', 99.81087470449172), ('4', 99.95271867612293), ('5', 99.90543735224587)])), ('2', OrderedDict([('2', 98.87365328109696), ('3', 99.36336924583742), ('4', 99.70617042115573), ('5', 99.36336924583742)])), ('3', OrderedDict([('3', 99.83991462113127), ('4', 99.94663820704376), ('5', 99.78655282817503)])), ('4', OrderedDict([('4', 99.9496475327291), ('5', 99.8489425981873)])), ('5', OrderedDict([('5', 99.14271306101865)]))])
Task 1 average acc: 99.95271867612293
Task 2 average acc: 99.41318597860995
Task 3 average acc: 99.67138619048679
Task 4 average acc: 99.88879370926288
Task 5 average acc: 99.60940301709286
===Summary of experiment repeats: 2 / 5 ===
The regularization coefficient: 0.0
The last avg acc of all repeats: [99.65211624 99.60940302  0.          0.          0.        ]
mean: 39.85230385124659 std: 48.80890662389457
split_boundaries: [0, 2, 4, 6, 8, 10]
{'1': [0, 1], '2': [2, 3], '3': [4, 5], '4': [6, 7], '5': [8, 9]}
MLP(
  (linear): Sequential(
    (0): Linear(in_features=1024, out_features=400, bias=True)
    (1): ReLU(inplace=True)
    (2): Linear(in_features=400, out_features=400, bias=True)
    (3): ReLU(inplace=True)
  )
  (last): ModuleDict(
    (1): Linear(in_features=400, out_features=2, bias=True)
    (2): Linear(in_features=400, out_features=2, bias=True)
    (3): Linear(in_features=400, out_features=2, bias=True)
    (4): Linear(in_features=400, out_features=2, bias=True)
    (5): Linear(in_features=400, out_features=2, bias=True)
  )
)
#parameter of model: 574410
Task order: ['1', '2', '3', '4', '5']
====================== 1 =======================
Epoch:0
LR: 0.001
Itr		Time		  Data		  Loss		Acc
[0/99]	0.1104 (0.1104)	0.1043 (0.1043)	0.713 (0.713)	35.16 (35.16)
[98/99]	0.0027 (0.0085)	0.0001 (0.0056)	0.000 (0.024)	100.00 (99.11)
 * Train Acc 99.108
 * Val Acc 99.905, Total time 0.25
Epoch:1
LR: 0.001
Itr		Time		  Data		  Loss		Acc
[0/99]	0.1251 (0.1251)	0.1158 (0.1158)	0.014 (0.014)	99.22 (99.22)
[98/99]	0.0026 (0.0083)	0.0001 (0.0055)	0.000 (0.004)	100.00 (99.88)
 * Train Acc 99.882
 * Val Acc 99.858, Total time 0.27
validation split name: 1
 * Val Acc 99.858, Total time 0.29
====================== 2 =======================
Epoch:0
LR: 0.001
Itr		Time		  Data		  Loss		Acc
[0/164]	0.1150 (0.1150)	0.1076 (0.1076)	0.373 (0.373)	53.73 (75.78)
[100/164]	0.0044 (0.0084)	0.0010 (0.0050)	0.029 (0.068)	98.61 (97.43)
[163/164]	0.0035 (0.0080)	0.0001 (0.0046)	0.012 (0.054)	100.00 (98.00)
 * Train Acc 97.999
 * Val Acc 99.216, Total time 0.26
Epoch:1
LR: 0.001
Itr		Time		  Data		  Loss		Acc
[0/164]	0.1176 (0.1176)	0.1102 (0.1102)	0.029 (0.029)	97.50 (98.44)
[100/164]	0.0145 (0.0086)	0.0111 (0.0050)	0.030 (0.017)	98.77 (99.40)
[163/164]	0.0042 (0.0082)	0.0007 (0.0046)	0.122 (0.016)	90.91 (99.49)
 * Train Acc 99.488
 * Val Acc 99.314, Total time 0.25
validation split name: 1
 * Val Acc 99.905, Total time 0.26
validation split name: 2
 * Val Acc 99.314, Total time 0.25
====================== 3 =======================
Epoch:0
LR: 0.001
Itr		Time		  Data		  Loss		Acc
[0/157]	0.1166 (0.1166)	0.1087 (0.1087)	0.537 (0.537)	24.36 (53.91)
[100/157]	0.0043 (0.0092)	0.0001 (0.0049)	0.078 (0.040)	98.53 (98.25)
[156/157]	0.0081 (0.0085)	0.0040 (0.0043)	0.007 (0.030)	100.00 (98.78)
 * Train Acc 98.784
 * Val Acc 99.893, Total time 0.24
Epoch:1
LR: 0.001
Itr		Time		  Data		  Loss		Acc
[0/157]	0.1161 (0.1161)	0.1071 (0.1071)	0.002 (0.002)	100.00 (100.00)
[100/157]	0.0044 (0.0085)	0.0001 (0.0041)	0.005 (0.004)	100.00 (99.85)
[156/157]	0.0079 (0.0081)	0.0036 (0.0037)	0.005 (0.004)	100.00 (99.85)
 * Train Acc 99.845
 * Val Acc 99.840, Total time 0.23
validation split name: 1
 * Val Acc 99.905, Total time 0.26
validation split name: 2
 * Val Acc 99.070, Total time 0.26
validation split name: 3
 * Val Acc 99.840, Total time 0.24
====================== 4 =======================
Epoch:0
LR: 0.001
Itr		Time		  Data		  Loss		Acc
[0/164]	0.1163 (0.1163)	0.1065 (0.1065)	0.433 (0.433)	59.49 (75.00)
[100/164]	0.0083 (0.0085)	0.0031 (0.0032)	0.002 (0.023)	100.00 (99.28)
[163/164]	0.0069 (0.0081)	0.0017 (0.0028)	0.001 (0.016)	100.00 (99.48)
 * Train Acc 99.480
 * Val Acc 99.849, Total time 0.26
Epoch:1
LR: 0.001
Itr		Time		  Data		  Loss		Acc
[0/164]	0.1221 (0.1221)	0.1131 (0.1131)	0.000 (0.000)	100.00 (100.00)
[100/164]	0.0104 (0.0087)	0.0054 (0.0034)	0.015 (0.001)	98.73 (99.97)
[163/164]	0.0096 (0.0082)	0.0046 (0.0030)	0.000 (0.001)	100.00 (99.96)
 * Train Acc 99.962
 * Val Acc 99.950, Total time 0.26
validation split name: 1
 * Val Acc 99.905, Total time 0.30
validation split name: 2
 * Val Acc 99.559, Total time 0.26
validation split name: 3
 * Val Acc 99.787, Total time 0.24
validation split name: 4
 * Val Acc 99.950, Total time 0.24
====================== 5 =======================
Epoch:0
LR: 0.001
Itr		Time		  Data		  Loss		Acc
[0/161]	0.1208 (0.1208)	0.1103 (0.1103)	0.618 (0.618)	26.25 (53.91)
[100/161]	0.0096 (0.0087)	0.0037 (0.0027)	0.027 (0.049)	97.01 (98.24)
[160/161]	0.0085 (0.0082)	0.0026 (0.0023)	0.031 (0.038)	96.83 (98.62)
 * Train Acc 98.621
 * Val Acc 99.244, Total time 0.25
Epoch:1
LR: 0.001
Itr		Time		  Data		  Loss		Acc
[0/161]	0.1191 (0.1191)	0.1095 (0.1095)	0.012 (0.012)	98.44 (99.22)
[100/161]	0.0062 (0.0086)	0.0001 (0.0025)	0.012 (0.010)	100.00 (99.71)
[160/161]	0.0060 (0.0081)	0.0001 (0.0021)	0.003 (0.010)	100.00 (99.71)
 * Train Acc 99.714
 * Val Acc 99.244, Total time 0.24
validation split name: 1
 * Val Acc 99.953, Total time 0.25
validation split name: 2
 * Val Acc 99.216, Total time 0.26
validation split name: 3
 * Val Acc 99.787, Total time 0.24
validation split name: 4
 * Val Acc 99.849, Total time 0.26
validation split name: 5
 * Val Acc 99.244, Total time 0.25
OrderedDict([('1', OrderedDict([('1', 99.8581560283688), ('2', 99.90543735224587), ('3', 99.90543735224587), ('4', 99.90543735224587), ('5', 99.95271867612293)])), ('2', OrderedDict([('2', 99.31439764936337), ('3', 99.06953966699314), ('4', 99.55925563173359), ('5', 99.21645445641528)])), ('3', OrderedDict([('3', 99.83991462113127), ('4', 99.78655282817503), ('5', 99.78655282817503)])), ('4', OrderedDict([('4', 99.9496475327291), ('5', 99.8489425981873)])), ('5', OrderedDict([('5', 99.24357034795764)]))])
Task 1 average acc: 99.8581560283688
Task 2 average acc: 99.60991750080461
Task 3 average acc: 99.60496388012344
Task 4 average acc: 99.8002233362209
Task 5 average acc: 99.60964778137165
===Summary of experiment repeats: 3 / 5 ===
The regularization coefficient: 0.0
The last avg acc of all repeats: [99.65211624 99.60940302 99.60964778  0.          0.        ]
mean: 59.77423340752091 std: 48.805459682715174
split_boundaries: [0, 2, 4, 6, 8, 10]
{'1': [0, 1], '2': [2, 3], '3': [4, 5], '4': [6, 7], '5': [8, 9]}
MLP(
  (linear): Sequential(
    (0): Linear(in_features=1024, out_features=400, bias=True)
    (1): ReLU(inplace=True)
    (2): Linear(in_features=400, out_features=400, bias=True)
    (3): ReLU(inplace=True)
  )
  (last): ModuleDict(
    (1): Linear(in_features=400, out_features=2, bias=True)
    (2): Linear(in_features=400, out_features=2, bias=True)
    (3): Linear(in_features=400, out_features=2, bias=True)
    (4): Linear(in_features=400, out_features=2, bias=True)
    (5): Linear(in_features=400, out_features=2, bias=True)
  )
)
#parameter of model: 574410
Task order: ['1', '2', '3', '4', '5']
====================== 1 =======================
Epoch:0
LR: 0.001
Itr		Time		  Data		  Loss		Acc
[0/99]	0.1128 (0.1128)	0.1062 (0.1062)	0.679 (0.679)	57.03 (57.03)
[98/99]	0.0027 (0.0083)	0.0001 (0.0054)	0.000 (0.023)	100.00 (99.27)
 * Train Acc 99.274
 * Val Acc 99.858, Total time 0.25
Epoch:1
LR: 0.001
Itr		Time		  Data		  Loss		Acc
[0/99]	0.1147 (0.1147)	0.1080 (0.1080)	0.027 (0.027)	99.22 (99.22)
[98/99]	0.0139 (0.0084)	0.0113 (0.0057)	0.000 (0.003)	100.00 (99.92)
 * Train Acc 99.921
 * Val Acc 99.905, Total time 0.29
validation split name: 1
 * Val Acc 99.905, Total time 0.25
====================== 2 =======================
Epoch:0
LR: 0.001
Itr		Time		  Data		  Loss		Acc
[0/164]	0.1141 (0.1141)	0.1065 (0.1065)	0.471 (0.471)	46.05 (67.97)
[100/164]	0.0046 (0.0084)	0.0011 (0.0049)	0.006 (0.065)	100.00 (97.39)
[163/164]	0.0036 (0.0080)	0.0001 (0.0045)	0.021 (0.053)	100.00 (97.94)
 * Train Acc 97.937
 * Val Acc 98.482, Total time 0.25
Epoch:1
LR: 0.001
Itr		Time		  Data		  Loss		Acc
[0/164]	0.1137 (0.1137)	0.1064 (0.1064)	0.047 (0.047)	97.01 (98.44)
[100/164]	0.0154 (0.0086)	0.0120 (0.0051)	0.038 (0.020)	98.65 (99.32)
[163/164]	0.0040 (0.0082)	0.0005 (0.0047)	0.001 (0.018)	100.00 (99.38)
 * Train Acc 99.382
 * Val Acc 99.559, Total time 0.25
validation split name: 1
 * Val Acc 99.953, Total time 0.26
validation split name: 2
 * Val Acc 99.559, Total time 0.25
====================== 3 =======================
Epoch:0
LR: 0.001
Itr		Time		  Data		  Loss		Acc
[0/157]	0.1145 (0.1145)	0.1067 (0.1067)	0.393 (0.393)	60.00 (77.34)
[100/157]	0.0053 (0.0084)	0.0009 (0.0041)	0.005 (0.041)	100.00 (98.39)
[156/157]	0.0051 (0.0081)	0.0008 (0.0038)	0.011 (0.030)	98.11 (98.85)
 * Train Acc 98.854
 * Val Acc 99.840, Total time 0.23
Epoch:1
LR: 0.001
Itr		Time		  Data		  Loss		Acc
[0/157]	0.1136 (0.1136)	0.1054 (0.1054)	0.003 (0.003)	100.00 (100.00)
[100/157]	0.0044 (0.0086)	0.0001 (0.0042)	0.008 (0.004)	98.51 (99.88)
[156/157]	0.0080 (0.0082)	0.0038 (0.0039)	0.000 (0.003)	100.00 (99.90)
 * Train Acc 99.900
 * Val Acc 99.893, Total time 0.23
validation split name: 1
 * Val Acc 100.000, Total time 0.26
validation split name: 2
 * Val Acc 99.314, Total time 0.25
validation split name: 3
 * Val Acc 99.893, Total time 0.25
====================== 4 =======================
Epoch:0
LR: 0.001
Itr		Time		  Data		  Loss		Acc
[0/164]	0.1204 (0.1204)	0.1107 (0.1107)	0.450 (0.450)	38.89 (65.62)
[100/164]	0.0102 (0.0086)	0.0051 (0.0032)	0.000 (0.020)	100.00 (99.30)
[163/164]	0.0058 (0.0081)	0.0007 (0.0028)	0.000 (0.015)	100.00 (99.49)
 * Train Acc 99.495
 * Val Acc 99.899, Total time 0.28
Epoch:1
LR: 0.001
Itr		Time		  Data		  Loss		Acc
[0/164]	0.1145 (0.1145)	0.1051 (0.1051)	0.001 (0.001)	100.00 (100.00)
[100/164]	0.0051 (0.0084)	0.0002 (0.0033)	0.004 (0.003)	100.00 (99.91)
[163/164]	0.0050 (0.0080)	0.0001 (0.0029)	0.000 (0.002)	100.00 (99.93)
 * Train Acc 99.933
 * Val Acc 99.597, Total time 0.25
validation split name: 1
 * Val Acc 100.000, Total time 0.27
validation split name: 2
 * Val Acc 99.363, Total time 0.26
validation split name: 3
 * Val Acc 99.733, Total time 0.23
validation split name: 4
 * Val Acc 99.597, Total time 0.25
====================== 5 =======================
Epoch:0
LR: 0.001
Itr		Time		  Data		  Loss		Acc
[0/161]	0.1162 (0.1162)	0.1064 (0.1064)	0.596 (0.596)	53.16 (71.09)
[100/161]	0.0106 (0.0087)	0.0044 (0.0027)	0.004 (0.050)	100.00 (98.30)
[160/161]	0.0083 (0.0083)	0.0023 (0.0022)	0.009 (0.040)	100.00 (98.66)
 * Train Acc 98.655
 * Val Acc 98.941, Total time 0.24
Epoch:1
LR: 0.001
Itr		Time		  Data		  Loss		Acc
[0/161]	0.1168 (0.1168)	0.1071 (0.1071)	0.016 (0.016)	100.00 (99.22)
[100/161]	0.0068 (0.0084)	0.0009 (0.0024)	0.004 (0.012)	100.00 (99.61)
[160/161]	0.0066 (0.0081)	0.0006 (0.0021)	0.024 (0.011)	98.46 (99.66)
 * Train Acc 99.660
 * Val Acc 99.395, Total time 0.24
validation split name: 1
 * Val Acc 99.953, Total time 0.26
validation split name: 2
 * Val Acc 99.412, Total time 0.26
validation split name: 3
 * Val Acc 99.626, Total time 0.23
validation split name: 4
 * Val Acc 99.849, Total time 0.24
validation split name: 5
 * Val Acc 99.395, Total time 0.25
OrderedDict([('1', OrderedDict([('1', 99.90543735224587), ('2', 99.95271867612293), ('3', 100.0), ('4', 100.0), ('5', 99.95271867612293)])), ('2', OrderedDict([('2', 99.55925563173359), ('3', 99.31439764936337), ('4', 99.36336924583742), ('5', 99.41234084231147)])), ('3', OrderedDict([('3', 99.89327641408751), ('4', 99.73319103521878), ('5', 99.62646744930629)])), ('4', OrderedDict([('4', 99.59718026183283), ('5', 99.8489425981873)])), ('5', OrderedDict([('5', 99.3948562783661)]))])
Task 1 average acc: 99.90543735224587
Task 2 average acc: 99.75598715392826
Task 3 average acc: 99.73589135448363
Task 4 average acc: 99.67343513572226
Task 5 average acc: 99.64706516885882
===Summary of experiment repeats: 4 / 5 ===
The regularization coefficient: 0.0
The last avg acc of all repeats: [99.65211624 99.60940302 99.60964778 99.64706517  0.        ]
mean: 79.70364644129268 std: 39.85182728072451
split_boundaries: [0, 2, 4, 6, 8, 10]
{'1': [0, 1], '2': [2, 3], '3': [4, 5], '4': [6, 7], '5': [8, 9]}
MLP(
  (linear): Sequential(
    (0): Linear(in_features=1024, out_features=400, bias=True)
    (1): ReLU(inplace=True)
    (2): Linear(in_features=400, out_features=400, bias=True)
    (3): ReLU(inplace=True)
  )
  (last): ModuleDict(
    (1): Linear(in_features=400, out_features=2, bias=True)
    (2): Linear(in_features=400, out_features=2, bias=True)
    (3): Linear(in_features=400, out_features=2, bias=True)
    (4): Linear(in_features=400, out_features=2, bias=True)
    (5): Linear(in_features=400, out_features=2, bias=True)
  )
)
#parameter of model: 574410
Task order: ['1', '2', '3', '4', '5']
====================== 1 =======================
Epoch:0
LR: 0.001
Itr		Time		  Data		  Loss		Acc
[0/99]	0.1160 (0.1160)	0.1065 (0.1065)	0.713 (0.713)	42.19 (42.19)
[98/99]	0.0026 (0.0083)	0.0001 (0.0056)	0.001 (0.024)	100.00 (99.12)
 * Train Acc 99.116
 * Val Acc 100.000, Total time 0.26
Epoch:1
LR: 0.001
Itr		Time		  Data		  Loss		Acc
[0/99]	0.1136 (0.1136)	0.1074 (0.1074)	0.000 (0.000)	100.00 (100.00)
[98/99]	0.0027 (0.0084)	0.0001 (0.0057)	0.002 (0.003)	100.00 (99.90)
 * Train Acc 99.897
 * Val Acc 99.953, Total time 0.25
validation split name: 1
 * Val Acc 99.953, Total time 0.26
====================== 2 =======================
Epoch:0
LR: 0.001
Itr		Time		  Data		  Loss		Acc
[0/164]	0.1150 (0.1150)	0.1086 (0.1086)	0.499 (0.499)	63.16 (78.12)
[100/164]	0.0038 (0.0084)	0.0005 (0.0050)	0.043 (0.068)	95.95 (97.44)
[163/164]	0.0035 (0.0080)	0.0001 (0.0046)	0.115 (0.053)	92.86 (97.99)
 * Train Acc 97.989
 * Val Acc 99.070, Total time 0.25
Epoch:1
LR: 0.001
Itr		Time		  Data		  Loss		Acc
[0/164]	0.1148 (0.1148)	0.1070 (0.1070)	0.007 (0.007)	100.00 (100.00)
[100/164]	0.0057 (0.0084)	0.0022 (0.0048)	0.009 (0.023)	100.00 (99.27)
[163/164]	0.0037 (0.0080)	0.0001 (0.0044)	0.000 (0.020)	100.00 (99.36)
 * Train Acc 99.363
 * Val Acc 99.216, Total time 0.28
validation split name: 1
 * Val Acc 99.953, Total time 0.31
validation split name: 2
 * Val Acc 99.216, Total time 0.25
====================== 3 =======================
Epoch:0
LR: 0.001
Itr		Time		  Data		  Loss		Acc
[0/157]	0.1201 (0.1201)	0.1115 (0.1115)	0.418 (0.418)	52.24 (75.00)
[100/157]	0.0045 (0.0086)	0.0001 (0.0041)	0.002 (0.036)	100.00 (98.45)
[156/157]	0.0068 (0.0082)	0.0025 (0.0037)	0.002 (0.026)	100.00 (98.94)
 * Train Acc 98.943
 * Val Acc 99.787, Total time 0.24
Epoch:1
LR: 0.001
Itr		Time		  Data		  Loss		Acc
[0/157]	0.1171 (0.1171)	0.1095 (0.1095)	0.001 (0.001)	100.00 (100.00)
[100/157]	0.0045 (0.0086)	0.0002 (0.0042)	0.001 (0.004)	100.00 (99.85)
[156/157]	0.0077 (0.0082)	0.0034 (0.0038)	0.000 (0.005)	100.00 (99.86)
 * Train Acc 99.855
 * Val Acc 99.626, Total time 0.27
validation split name: 1
 * Val Acc 99.858, Total time 0.26
validation split name: 2
 * Val Acc 99.608, Total time 0.29
validation split name: 3
 * Val Acc 99.626, Total time 0.24
====================== 4 =======================
Epoch:0
LR: 0.001
Itr		Time		  Data		  Loss		Acc
[0/164]	0.1217 (0.1217)	0.1125 (0.1125)	0.603 (0.603)	41.46 (62.50)
[100/164]	0.0059 (0.0084)	0.0008 (0.0032)	0.000 (0.023)	100.00 (99.03)
[163/164]	0.0056 (0.0080)	0.0006 (0.0029)	0.001 (0.016)	100.00 (99.33)
 * Train Acc 99.333
 * Val Acc 99.597, Total time 0.25
Epoch:1
LR: 0.001
Itr		Time		  Data		  Loss		Acc
[0/164]	0.1141 (0.1141)	0.1050 (0.1050)	0.000 (0.000)	100.00 (100.00)
[100/164]	0.0054 (0.0084)	0.0002 (0.0031)	0.000 (0.001)	100.00 (99.98)
[163/164]	0.0051 (0.0080)	0.0001 (0.0027)	0.000 (0.001)	100.00 (99.98)
 * Train Acc 99.981
 * Val Acc 99.950, Total time 0.25
validation split name: 1
 * Val Acc 99.905, Total time 0.25
validation split name: 2
 * Val Acc 99.608, Total time 0.26
validation split name: 3
 * Val Acc 99.947, Total time 0.23
validation split name: 4
 * Val Acc 99.950, Total time 0.25
====================== 5 =======================
Epoch:0
LR: 0.001
Itr		Time		  Data		  Loss		Acc
[0/161]	0.1160 (0.1160)	0.1064 (0.1064)	0.619 (0.619)	41.03 (64.06)
[100/161]	0.0068 (0.0084)	0.0008 (0.0024)	0.017 (0.043)	98.25 (98.41)
[160/161]	0.0065 (0.0080)	0.0005 (0.0020)	0.003 (0.034)	100.00 (98.78)
 * Train Acc 98.782
 * Val Acc 98.891, Total time 0.24
Epoch:1
LR: 0.001
Itr		Time		  Data		  Loss		Acc
[0/161]	0.1183 (0.1183)	0.1085 (0.1085)	0.001 (0.001)	100.00 (100.00)
[100/161]	0.0061 (0.0088)	0.0002 (0.0026)	0.008 (0.013)	100.00 (99.58)
[160/161]	0.0060 (0.0083)	0.0001 (0.0022)	0.001 (0.012)	100.00 (99.58)
 * Train Acc 99.583
 * Val Acc 99.193, Total time 0.27
validation split name: 1
 * Val Acc 100.000, Total time 0.26
validation split name: 2
 * Val Acc 98.972, Total time 0.25
validation split name: 3
 * Val Acc 99.733, Total time 0.28
validation split name: 4
 * Val Acc 99.748, Total time 0.25
validation split name: 5
 * Val Acc 99.193, Total time 0.25
OrderedDict([('1', OrderedDict([('1', 99.95271867612293), ('2', 99.95271867612293), ('3', 99.8581560283688), ('4', 99.90543735224587), ('5', 100.0)])), ('2', OrderedDict([('2', 99.21645445641528), ('3', 99.60822722820764), ('4', 99.60822722820764), ('5', 98.97159647404506)])), ('3', OrderedDict([('3', 99.62646744930629), ('4', 99.94663820704376), ('5', 99.73319103521878)])), ('4', OrderedDict([('4', 99.9496475327291), ('5', 99.74823766364553)])), ('5', OrderedDict([('5', 99.19314170448816)]))])
Task 1 average acc: 99.95271867612293
Task 2 average acc: 99.58458656626911
Task 3 average acc: 99.6976169019609
Task 4 average acc: 99.85248758005659
Task 5 average acc: 99.52923337547949
===Summary of experiment repeats: 5 / 5 ===
The regularization coefficient: 0.0
The last avg acc of all repeats: [99.65211624 99.60940302 99.60964778 99.64706517 99.52923338]
mean: 99.60949311638858 std: 0.04397737547842069
reg_coef: 0.0 mean: 99.60949311638858 std: 0.04397737547842069
Total Time for the script is 96.28097820281982 seconds
