split_boundaries: [0, 2, 4, 6, 8, 10]
{'1': [0, 1], '2': [2, 3], '3': [4, 5], '4': [6, 7], '5': [8, 9]}
MLP(
  (linear): Sequential(
    (0): Linear(in_features=1024, out_features=400, bias=True)
    (1): ReLU(inplace=True)
    (2): Linear(in_features=400, out_features=400, bias=True)
    (3): ReLU(inplace=True)
  )
  (last): ModuleDict(
    (1): Linear(in_features=400, out_features=2, bias=True)
    (2): Linear(in_features=400, out_features=2, bias=True)
    (3): Linear(in_features=400, out_features=2, bias=True)
    (4): Linear(in_features=400, out_features=2, bias=True)
    (5): Linear(in_features=400, out_features=2, bias=True)
  )
)
#parameter of model: 574410
Task order: ['1', '2', '3', '4', '5']
====================== 1 =======================
Epoch:0
LR: 0.001
Itr		Time		  Data		  Loss		Acc
[0/99]	0.5287 (0.5287)	0.0907 (0.0907)	0.716 (0.716)	28.12 (28.12)
[98/99]	0.0026 (0.0123)	0.0001 (0.0052)	0.104 (0.023)	99.17 (99.07)
 * Train Acc 99.068
 * Val Acc 99.953, Total time 0.25
Epoch:1
LR: 0.001
Itr		Time		  Data		  Loss		Acc
[0/99]	0.1114 (0.1114)	0.1040 (0.1040)	0.000 (0.000)	100.00 (100.00)
[98/99]	0.0027 (0.0082)	0.0001 (0.0054)	0.000 (0.003)	100.00 (99.91)
 * Train Acc 99.913
 * Val Acc 99.953, Total time 0.26
validation split name: 1
 * Val Acc 99.953, Total time 0.25
====================== 2 =======================
Epoch:0
LR: 0.001
Itr		Time		  Data		  Loss		Acc
[0/181]	0.1216 (0.1216)	0.1127 (0.1127)	0.371 (0.371)	56.92 (78.12)
[100/181]	0.0034 (0.0086)	0.0001 (0.0051)	0.015 (0.059)	98.53 (97.73)
[180/181]	0.0042 (0.0080)	0.0005 (0.0046)	0.018 (0.044)	96.67 (98.31)
 * Train Acc 98.307
 * Val Acc 98.825, Total time 0.25
Epoch:1
LR: 0.001
Itr		Time		  Data		  Loss		Acc
[0/181]	0.1116 (0.1116)	0.1027 (0.1027)	0.005 (0.005)	100.00 (100.00)
[100/181]	0.0035 (0.0089)	0.0001 (0.0050)	0.007 (0.016)	100.00 (99.44)
[180/181]	0.0041 (0.0083)	0.0007 (0.0046)	0.067 (0.016)	96.15 (99.45)
 * Train Acc 99.450
 * Val Acc 98.580, Total time 0.26
validation split name: 1
 * Val Acc 99.905, Total time 0.27
validation split name: 2
 * Val Acc 98.580, Total time 0.25
====================== 3 =======================
Epoch:0
LR: 0.001
Itr		Time		  Data		  Loss		Acc
[0/174]	0.1205 (0.1205)	0.1109 (0.1109)	0.369 (0.369)	71.05 (82.81)
[100/174]	0.0042 (0.0086)	0.0001 (0.0043)	0.010 (0.030)	98.68 (98.86)
[173/174]	0.0042 (0.0081)	0.0001 (0.0039)	0.001 (0.020)	100.00 (99.24)
 * Train Acc 99.236
 * Val Acc 99.840, Total time 0.23
Epoch:1
LR: 0.001
Itr		Time		  Data		  Loss		Acc
[0/174]	0.1200 (0.1200)	0.1097 (0.1097)	0.000 (0.000)	100.00 (100.00)
[100/174]	0.0051 (0.0086)	0.0009 (0.0041)	0.000 (0.004)	100.00 (99.87)
[173/174]	0.0044 (0.0081)	0.0001 (0.0037)	0.000 (0.005)	100.00 (99.85)
 * Train Acc 99.847
 * Val Acc 99.626, Total time 0.23
validation split name: 1
 * Val Acc 99.953, Total time 0.25
validation split name: 2
 * Val Acc 98.972, Total time 0.26
validation split name: 3
 * Val Acc 99.626, Total time 0.23
====================== 4 =======================
Epoch:0
LR: 0.001
Itr		Time		  Data		  Loss		Acc
[0/190]	0.1148 (0.1148)	0.1040 (0.1040)	0.357 (0.357)	50.00 (75.00)
[100/190]	0.0054 (0.0086)	0.0001 (0.0033)	0.002 (0.017)	100.00 (99.39)
[189/190]	0.0057 (0.0080)	0.0006 (0.0028)	0.000 (0.010)	100.00 (99.64)
 * Train Acc 99.641
 * Val Acc 99.899, Total time 0.25
Epoch:1
LR: 0.001
Itr		Time		  Data		  Loss		Acc
[0/190]	0.1149 (0.1149)	0.1037 (0.1037)	0.000 (0.000)	100.00 (100.00)
[100/190]	0.0062 (0.0085)	0.0010 (0.0031)	0.000 (0.001)	100.00 (99.98)
[189/190]	0.0056 (0.0080)	0.0005 (0.0027)	0.000 (0.001)	100.00 (99.98)
 * Train Acc 99.984
 * Val Acc 99.748, Total time 0.24
validation split name: 1
 * Val Acc 99.764, Total time 0.26
validation split name: 2
 * Val Acc 98.188, Total time 0.25
validation split name: 3
 * Val Acc 99.680, Total time 0.23
validation split name: 4
 * Val Acc 99.748, Total time 0.26
====================== 5 =======================
Epoch:0
LR: 0.001
Itr		Time		  Data		  Loss		Acc
[0/179]	0.1167 (0.1167)	0.1057 (0.1057)	0.730 (0.730)	40.62 (70.31)
[100/179]	0.0061 (0.0096)	0.0002 (0.0025)	0.035 (0.044)	97.22 (98.32)
[178/179]	0.0054 (0.0087)	0.0001 (0.0020)	0.004 (0.032)	100.00 (98.86)
 * Train Acc 98.864
 * Val Acc 99.143, Total time 0.24
Epoch:1
LR: 0.001
Itr		Time		  Data		  Loss		Acc
[0/179]	0.1211 (0.1211)	0.1097 (0.1097)	0.001 (0.001)	100.00 (100.00)
[100/179]	0.0100 (0.0087)	0.0040 (0.0026)	0.001 (0.010)	100.00 (99.66)
[178/179]	0.0066 (0.0083)	0.0007 (0.0022)	0.000 (0.010)	100.00 (99.64)
 * Train Acc 99.636
 * Val Acc 99.294, Total time 0.25
validation split name: 1
 * Val Acc 99.811, Total time 0.28
validation split name: 2
 * Val Acc 98.041, Total time 0.26
validation split name: 3
 * Val Acc 99.306, Total time 0.23
validation split name: 4
 * Val Acc 99.698, Total time 0.24
validation split name: 5
 * Val Acc 99.294, Total time 0.27
OrderedDict([('1', OrderedDict([('1', 99.95271867612293), ('2', 99.90543735224587), ('3', 99.95271867612293), ('4', 99.76359338061465), ('5', 99.81087470449172)])), ('2', OrderedDict([('2', 98.5798237022527), ('3', 98.97159647404506), ('4', 98.18805093046034), ('5', 98.0411361410382)])), ('3', OrderedDict([('3', 99.62646744930629), ('4', 99.67982924226254), ('5', 99.30629669156883)])), ('4', OrderedDict([('4', 99.74823766364553), ('5', 99.69788519637463)])), ('5', OrderedDict([('5', 99.29399899142713)]))])
Task 1 average acc: 99.95271867612293
Task 2 average acc: 99.24263052724928
Task 3 average acc: 99.51692753315808
Task 4 average acc: 99.34492780424576
Task 5 average acc: 99.2300383449801
===Summary of experiment repeats: 1 / 5 ===
The regularization coefficient: 0.0
The last avg acc of all repeats: [99.23003834  0.          0.          0.          0.        ]
mean: 19.84600766899602 std: 39.69201533799204
split_boundaries: [0, 2, 4, 6, 8, 10]
{'1': [0, 1], '2': [2, 3], '3': [4, 5], '4': [6, 7], '5': [8, 9]}
MLP(
  (linear): Sequential(
    (0): Linear(in_features=1024, out_features=400, bias=True)
    (1): ReLU(inplace=True)
    (2): Linear(in_features=400, out_features=400, bias=True)
    (3): ReLU(inplace=True)
  )
  (last): ModuleDict(
    (1): Linear(in_features=400, out_features=2, bias=True)
    (2): Linear(in_features=400, out_features=2, bias=True)
    (3): Linear(in_features=400, out_features=2, bias=True)
    (4): Linear(in_features=400, out_features=2, bias=True)
    (5): Linear(in_features=400, out_features=2, bias=True)
  )
)
#parameter of model: 574410
Task order: ['1', '2', '3', '4', '5']
====================== 1 =======================
Epoch:0
LR: 0.001
Itr		Time		  Data		  Loss		Acc
[0/99]	0.1206 (0.1206)	0.1075 (0.1075)	0.680 (0.680)	45.31 (45.31)
[98/99]	0.0026 (0.0082)	0.0001 (0.0054)	0.000 (0.024)	100.00 (99.18)
 * Train Acc 99.179
 * Val Acc 100.000, Total time 0.25
Epoch:1
LR: 0.001
Itr		Time		  Data		  Loss		Acc
[0/99]	0.1107 (0.1107)	0.1031 (0.1031)	0.000 (0.000)	100.00 (100.00)
[98/99]	0.0026 (0.0083)	0.0001 (0.0056)	0.001 (0.002)	100.00 (99.94)
 * Train Acc 99.937
 * Val Acc 99.953, Total time 0.25
validation split name: 1
 * Val Acc 99.953, Total time 0.25
====================== 2 =======================
Epoch:0
LR: 0.001
Itr		Time		  Data		  Loss		Acc
[0/181]	0.1148 (0.1148)	0.1043 (0.1043)	0.452 (0.452)	43.48 (69.53)
[100/181]	0.0128 (0.0088)	0.0093 (0.0048)	0.040 (0.058)	95.52 (97.62)
[180/181]	0.0034 (0.0082)	0.0001 (0.0044)	0.057 (0.043)	92.86 (98.29)
 * Train Acc 98.294
 * Val Acc 99.412, Total time 0.25
Epoch:1
LR: 0.001
Itr		Time		  Data		  Loss		Acc
[0/181]	0.1144 (0.1144)	0.1063 (0.1063)	0.043 (0.043)	95.95 (97.66)
[100/181]	0.0036 (0.0085)	0.0001 (0.0049)	0.011 (0.016)	100.00 (99.44)
[180/181]	0.0038 (0.0080)	0.0005 (0.0045)	0.000 (0.015)	100.00 (99.48)
 * Train Acc 99.485
 * Val Acc 99.559, Total time 0.26
validation split name: 1
 * Val Acc 99.905, Total time 0.30
validation split name: 2
 * Val Acc 99.559, Total time 0.25
====================== 3 =======================
Epoch:0
LR: 0.001
Itr		Time		  Data		  Loss		Acc
[0/174]	0.1163 (0.1163)	0.1067 (0.1067)	0.414 (0.414)	48.44 (74.22)
[100/174]	0.0044 (0.0087)	0.0001 (0.0043)	0.001 (0.034)	100.00 (98.55)
[173/174]	0.0044 (0.0082)	0.0001 (0.0038)	0.002 (0.022)	100.00 (99.09)
 * Train Acc 99.088
 * Val Acc 99.840, Total time 0.24
Epoch:1
LR: 0.001
Itr		Time		  Data		  Loss		Acc
[0/174]	0.1176 (0.1176)	0.1081 (0.1081)	0.002 (0.002)	100.00 (100.00)
[100/174]	0.0044 (0.0087)	0.0001 (0.0042)	0.002 (0.003)	100.00 (99.88)
[173/174]	0.0043 (0.0083)	0.0001 (0.0038)	0.001 (0.004)	100.00 (99.88)
 * Train Acc 99.879
 * Val Acc 99.840, Total time 0.23
validation split name: 1
 * Val Acc 99.953, Total time 0.25
validation split name: 2
 * Val Acc 99.216, Total time 0.25
validation split name: 3
 * Val Acc 99.840, Total time 0.24
====================== 4 =======================
Epoch:0
LR: 0.001
Itr		Time		  Data		  Loss		Acc
[0/190]	0.1223 (0.1223)	0.1115 (0.1115)	0.366 (0.366)	60.87 (78.91)
[100/190]	0.0083 (0.0089)	0.0010 (0.0034)	0.002 (0.016)	100.00 (99.33)
[189/190]	0.0051 (0.0083)	0.0001 (0.0030)	0.001 (0.010)	100.00 (99.60)
 * Train Acc 99.600
 * Val Acc 99.094, Total time 0.25
Epoch:1
LR: 0.001
Itr		Time		  Data		  Loss		Acc
[0/190]	0.1168 (0.1168)	0.1066 (0.1066)	0.024 (0.024)	98.61 (99.22)
[100/190]	0.0064 (0.0085)	0.0013 (0.0033)	0.000 (0.001)	100.00 (99.96)
[189/190]	0.0057 (0.0080)	0.0007 (0.0028)	0.000 (0.001)	100.00 (99.97)
 * Train Acc 99.971
 * Val Acc 99.899, Total time 0.26
validation split name: 1
 * Val Acc 99.905, Total time 0.26
validation split name: 2
 * Val Acc 99.021, Total time 0.25
validation split name: 3
 * Val Acc 99.947, Total time 0.23
validation split name: 4
 * Val Acc 99.899, Total time 0.25
====================== 5 =======================
Epoch:0
LR: 0.001
Itr		Time		  Data		  Loss		Acc
[0/179]	0.1148 (0.1148)	0.1036 (0.1036)	0.909 (0.909)	46.75 (67.97)
[100/179]	0.0062 (0.0086)	0.0001 (0.0025)	0.016 (0.051)	98.57 (98.07)
[178/179]	0.0062 (0.0081)	0.0004 (0.0021)	0.001 (0.038)	100.00 (98.60)
 * Train Acc 98.601
 * Val Acc 99.344, Total time 0.24
Epoch:1
LR: 0.001
Itr		Time		  Data		  Loss		Acc
[0/179]	0.1260 (0.1260)	0.1111 (0.1111)	0.001 (0.001)	100.00 (100.00)
[100/179]	0.0062 (0.0091)	0.0001 (0.0024)	0.004 (0.009)	100.00 (99.68)
[178/179]	0.0060 (0.0084)	0.0002 (0.0020)	0.074 (0.010)	87.50 (99.67)
 * Train Acc 99.671
 * Val Acc 99.344, Total time 0.25
validation split name: 1
 * Val Acc 99.905, Total time 0.27
validation split name: 2
 * Val Acc 97.992, Total time 0.25
validation split name: 3
 * Val Acc 99.200, Total time 0.24
validation split name: 4
 * Val Acc 99.698, Total time 0.28
validation split name: 5
 * Val Acc 99.344, Total time 0.24
OrderedDict([('1', OrderedDict([('1', 99.95271867612293), ('2', 99.90543735224587), ('3', 99.95271867612293), ('4', 99.90543735224587), ('5', 99.90543735224587)])), ('2', OrderedDict([('2', 99.55925563173359), ('3', 99.21645445641528), ('4', 99.0205680705191), ('5', 97.99216454456415)])), ('3', OrderedDict([('3', 99.83991462113127), ('4', 99.94663820704376), ('5', 99.19957310565636)])), ('4', OrderedDict([('4', 99.8992950654582), ('5', 99.69788519637463)])), ('5', OrderedDict([('5', 99.34442763489662)]))])
Task 1 average acc: 99.95271867612293
Task 2 average acc: 99.73234649198973
Task 3 average acc: 99.66969591788984
Task 4 average acc: 99.69298467381674
Task 5 average acc: 99.22789756674752
===Summary of experiment repeats: 2 / 5 ===
The regularization coefficient: 0.0
The last avg acc of all repeats: [99.23003834 99.22789757  0.          0.          0.        ]
mean: 39.69158718234552 std: 48.61206784368359
split_boundaries: [0, 2, 4, 6, 8, 10]
{'1': [0, 1], '2': [2, 3], '3': [4, 5], '4': [6, 7], '5': [8, 9]}
MLP(
  (linear): Sequential(
    (0): Linear(in_features=1024, out_features=400, bias=True)
    (1): ReLU(inplace=True)
    (2): Linear(in_features=400, out_features=400, bias=True)
    (3): ReLU(inplace=True)
  )
  (last): ModuleDict(
    (1): Linear(in_features=400, out_features=2, bias=True)
    (2): Linear(in_features=400, out_features=2, bias=True)
    (3): Linear(in_features=400, out_features=2, bias=True)
    (4): Linear(in_features=400, out_features=2, bias=True)
    (5): Linear(in_features=400, out_features=2, bias=True)
  )
)
#parameter of model: 574410
Task order: ['1', '2', '3', '4', '5']
====================== 1 =======================
Epoch:0
LR: 0.001
Itr		Time		  Data		  Loss		Acc
[0/99]	0.1129 (0.1129)	0.1045 (0.1045)	0.693 (0.693)	50.78 (50.78)
[98/99]	0.0026 (0.0083)	0.0001 (0.0056)	0.000 (0.022)	100.00 (99.24)
 * Train Acc 99.242
 * Val Acc 99.905, Total time 0.25
Epoch:1
LR: 0.001
Itr		Time		  Data		  Loss		Acc
[0/99]	0.1167 (0.1167)	0.1040 (0.1040)	0.000 (0.000)	100.00 (100.00)
[98/99]	0.0028 (0.0086)	0.0001 (0.0056)	0.000 (0.002)	100.00 (99.94)
 * Train Acc 99.937
 * Val Acc 99.953, Total time 0.26
validation split name: 1
 * Val Acc 99.953, Total time 0.30
====================== 2 =======================
Epoch:0
LR: 0.001
Itr		Time		  Data		  Loss		Acc
[0/181]	0.1175 (0.1175)	0.1095 (0.1095)	0.400 (0.400)	54.05 (73.44)
[100/181]	0.0036 (0.0086)	0.0002 (0.0051)	0.058 (0.063)	97.06 (97.49)
[180/181]	0.0039 (0.0081)	0.0005 (0.0046)	0.019 (0.046)	100.00 (98.20)
 * Train Acc 98.198
 * Val Acc 99.070, Total time 0.25
Epoch:1
LR: 0.001
Itr		Time		  Data		  Loss		Acc
[0/181]	0.1203 (0.1203)	0.1116 (0.1116)	0.002 (0.002)	100.00 (100.00)
[100/181]	0.0040 (0.0086)	0.0005 (0.0050)	0.012 (0.017)	98.33 (99.46)
[180/181]	0.0034 (0.0082)	0.0001 (0.0046)	0.004 (0.015)	100.00 (99.51)
 * Train Acc 99.506
 * Val Acc 99.559, Total time 0.25
validation split name: 1
 * Val Acc 100.000, Total time 0.30
validation split name: 2
 * Val Acc 99.559, Total time 0.26
====================== 3 =======================
Epoch:0
LR: 0.001
Itr		Time		  Data		  Loss		Acc
[0/174]	0.1158 (0.1158)	0.1072 (0.1072)	0.436 (0.436)	47.69 (73.44)
[100/174]	0.0044 (0.0086)	0.0001 (0.0043)	0.007 (0.032)	100.00 (98.70)
[173/174]	0.0044 (0.0082)	0.0001 (0.0038)	0.001 (0.022)	100.00 (99.16)
 * Train Acc 99.160
 * Val Acc 99.360, Total time 0.23
Epoch:1
LR: 0.001
Itr		Time		  Data		  Loss		Acc
[0/174]	0.1162 (0.1162)	0.1040 (0.1040)	0.004 (0.004)	100.00 (100.00)
[100/174]	0.0149 (0.0090)	0.0101 (0.0040)	0.000 (0.003)	100.00 (99.95)
[173/174]	0.0044 (0.0085)	0.0001 (0.0037)	0.000 (0.003)	100.00 (99.94)
 * Train Acc 99.942
 * Val Acc 99.573, Total time 0.25
validation split name: 1
 * Val Acc 99.953, Total time 0.30
validation split name: 2
 * Val Acc 98.972, Total time 0.25
validation split name: 3
 * Val Acc 99.573, Total time 0.24
====================== 4 =======================
Epoch:0
LR: 0.001
Itr		Time		  Data		  Loss		Acc
[0/190]	0.1128 (0.1128)	0.1010 (0.1010)	0.359 (0.359)	51.72 (78.12)
[100/190]	0.0104 (0.0087)	0.0052 (0.0033)	0.001 (0.018)	100.00 (99.33)
[189/190]	0.0058 (0.0080)	0.0007 (0.0028)	0.000 (0.011)	100.00 (99.62)
 * Train Acc 99.617
 * Val Acc 99.950, Total time 0.25
Epoch:1
LR: 0.001
Itr		Time		  Data		  Loss		Acc
[0/190]	0.1158 (0.1158)	0.1055 (0.1055)	0.000 (0.000)	100.00 (100.00)
[100/190]	0.0052 (0.0086)	0.0002 (0.0034)	0.000 (0.001)	100.00 (99.99)
[189/190]	0.0056 (0.0081)	0.0007 (0.0030)	0.000 (0.001)	100.00 (99.99)
 * Train Acc 99.992
 * Val Acc 99.950, Total time 0.25
validation split name: 1
 * Val Acc 99.953, Total time 0.31
validation split name: 2
 * Val Acc 98.972, Total time 0.25
validation split name: 3
 * Val Acc 99.733, Total time 0.23
validation split name: 4
 * Val Acc 99.950, Total time 0.25
====================== 5 =======================
Epoch:0
LR: 0.001
Itr		Time		  Data		  Loss		Acc
[0/179]	0.1162 (0.1162)	0.1051 (0.1051)	0.489 (0.489)	15.69 (66.41)
[100/179]	0.0067 (0.0085)	0.0008 (0.0026)	0.017 (0.042)	98.15 (98.52)
[178/179]	0.0051 (0.0080)	0.0001 (0.0022)	0.000 (0.032)	100.00 (98.93)
 * Train Acc 98.925
 * Val Acc 99.092, Total time 0.24
Epoch:1
LR: 0.001
Itr		Time		  Data		  Loss		Acc
[0/179]	0.1250 (0.1250)	0.1103 (0.1103)	0.007 (0.007)	100.00 (100.00)
[100/179]	0.0076 (0.0086)	0.0016 (0.0024)	0.005 (0.008)	100.00 (99.74)
[178/179]	0.0060 (0.0081)	0.0001 (0.0019)	0.000 (0.010)	100.00 (99.68)
 * Train Acc 99.680
 * Val Acc 98.739, Total time 0.25
validation split name: 1
 * Val Acc 100.000, Total time 0.26
validation split name: 2
 * Val Acc 98.580, Total time 0.26
validation split name: 3
 * Val Acc 99.253, Total time 0.23
validation split name: 4
 * Val Acc 99.849, Total time 0.25
validation split name: 5
 * Val Acc 98.739, Total time 0.24
OrderedDict([('1', OrderedDict([('1', 99.95271867612293), ('2', 100.0), ('3', 99.95271867612293), ('4', 99.95271867612293), ('5', 100.0)])), ('2', OrderedDict([('2', 99.55925563173359), ('3', 98.97159647404506), ('4', 98.97159647404506), ('5', 98.5798237022527)])), ('3', OrderedDict([('3', 99.57310565635005), ('4', 99.73319103521878), ('5', 99.2529348986126)])), ('4', OrderedDict([('4', 99.9496475327291), ('5', 99.8489425981873)])), ('5', OrderedDict([('5', 98.73928391326274)]))])
Task 1 average acc: 99.95271867612293
Task 2 average acc: 99.7796278158668
Task 3 average acc: 99.49914026883935
Task 4 average acc: 99.65178842952896
Task 5 average acc: 99.28419702246308
===Summary of experiment repeats: 3 / 5 ===
The regularization coefficient: 0.0
The last avg acc of all repeats: [99.23003834 99.22789757 99.28419702  0.          0.        ]
mean: 59.54842658683814 std: 48.621090894833216
split_boundaries: [0, 2, 4, 6, 8, 10]
{'1': [0, 1], '2': [2, 3], '3': [4, 5], '4': [6, 7], '5': [8, 9]}
MLP(
  (linear): Sequential(
    (0): Linear(in_features=1024, out_features=400, bias=True)
    (1): ReLU(inplace=True)
    (2): Linear(in_features=400, out_features=400, bias=True)
    (3): ReLU(inplace=True)
  )
  (last): ModuleDict(
    (1): Linear(in_features=400, out_features=2, bias=True)
    (2): Linear(in_features=400, out_features=2, bias=True)
    (3): Linear(in_features=400, out_features=2, bias=True)
    (4): Linear(in_features=400, out_features=2, bias=True)
    (5): Linear(in_features=400, out_features=2, bias=True)
  )
)
#parameter of model: 574410
Task order: ['1', '2', '3', '4', '5']
====================== 1 =======================
Epoch:0
LR: 0.001
Itr		Time		  Data		  Loss		Acc
[0/99]	0.1141 (0.1141)	0.1046 (0.1046)	0.702 (0.702)	42.19 (42.19)
[98/99]	0.0027 (0.0085)	0.0001 (0.0057)	0.001 (0.024)	100.00 (99.18)
 * Train Acc 99.179
 * Val Acc 99.905, Total time 0.25
Epoch:1
LR: 0.001
Itr		Time		  Data		  Loss		Acc
[0/99]	0.1136 (0.1136)	0.1061 (0.1061)	0.000 (0.000)	100.00 (100.00)
[98/99]	0.0033 (0.0084)	0.0007 (0.0055)	0.000 (0.003)	100.00 (99.87)
 * Train Acc 99.874
 * Val Acc 99.905, Total time 0.26
validation split name: 1
 * Val Acc 99.905, Total time 0.26
====================== 2 =======================
Epoch:0
LR: 0.001
Itr		Time		  Data		  Loss		Acc
[0/181]	0.1186 (0.1186)	0.1100 (0.1100)	0.387 (0.387)	45.59 (71.09)
[100/181]	0.0036 (0.0086)	0.0001 (0.0050)	0.067 (0.062)	94.44 (97.69)
[180/181]	0.0039 (0.0081)	0.0006 (0.0045)	0.005 (0.046)	100.00 (98.29)
 * Train Acc 98.294
 * Val Acc 99.167, Total time 0.25
Epoch:1
LR: 0.001
Itr		Time		  Data		  Loss		Acc
[0/181]	0.1140 (0.1140)	0.1055 (0.1055)	0.010 (0.010)	98.51 (99.22)
[100/181]	0.0035 (0.0085)	0.0002 (0.0049)	0.041 (0.016)	98.67 (99.46)
[180/181]	0.0039 (0.0080)	0.0005 (0.0045)	0.002 (0.015)	100.00 (99.49)
 * Train Acc 99.493
 * Val Acc 99.216, Total time 0.26
validation split name: 1
 * Val Acc 99.953, Total time 0.25
validation split name: 2
 * Val Acc 99.216, Total time 0.26
====================== 3 =======================
Epoch:0
LR: 0.001
Itr		Time		  Data		  Loss		Acc
[0/174]	0.1125 (0.1125)	0.1028 (0.1028)	0.276 (0.276)	70.77 (83.59)
[100/174]	0.0044 (0.0087)	0.0001 (0.0041)	0.013 (0.030)	98.11 (98.82)
[173/174]	0.0049 (0.0083)	0.0006 (0.0036)	0.000 (0.020)	100.00 (99.23)
 * Train Acc 99.232
 * Val Acc 99.680, Total time 0.23
Epoch:1
LR: 0.001
Itr		Time		  Data		  Loss		Acc
[0/174]	0.1126 (0.1126)	0.1033 (0.1033)	0.001 (0.001)	100.00 (100.00)
[100/174]	0.0101 (0.0087)	0.0058 (0.0042)	0.003 (0.003)	100.00 (99.95)
[173/174]	0.0117 (0.0082)	0.0073 (0.0038)	0.001 (0.003)	100.00 (99.93)
 * Train Acc 99.928
 * Val Acc 99.787, Total time 0.24
validation split name: 1
 * Val Acc 99.953, Total time 0.26
validation split name: 2
 * Val Acc 99.070, Total time 0.25
validation split name: 3
 * Val Acc 99.787, Total time 0.23
====================== 4 =======================
Epoch:0
LR: 0.001
Itr		Time		  Data		  Loss		Acc
[0/190]	0.1212 (0.1212)	0.1108 (0.1108)	0.368 (0.368)	56.90 (80.47)
[100/190]	0.0070 (0.0086)	0.0017 (0.0033)	0.006 (0.018)	100.00 (99.46)
[189/190]	0.0056 (0.0081)	0.0006 (0.0028)	0.000 (0.011)	100.00 (99.66)
 * Train Acc 99.658
 * Val Acc 99.899, Total time 0.24
Epoch:1
LR: 0.001
Itr		Time		  Data		  Loss		Acc
[0/190]	0.1255 (0.1255)	0.1158 (0.1158)	0.000 (0.000)	100.00 (100.00)
[100/190]	0.0056 (0.0086)	0.0004 (0.0034)	0.000 (0.000)	100.00 (100.00)
[189/190]	0.0058 (0.0080)	0.0008 (0.0029)	0.000 (0.001)	100.00 (99.98)
 * Train Acc 99.979
 * Val Acc 99.950, Total time 0.24
validation split name: 1
 * Val Acc 99.905, Total time 0.25
validation split name: 2
 * Val Acc 98.776, Total time 0.25
validation split name: 3
 * Val Acc 99.787, Total time 0.24
validation split name: 4
 * Val Acc 99.950, Total time 0.25
====================== 5 =======================
Epoch:0
LR: 0.001
Itr		Time		  Data		  Loss		Acc
[0/179]	0.1223 (0.1223)	0.1111 (0.1111)	0.216 (0.216)	82.46 (92.19)
[100/179]	0.0069 (0.0086)	0.0008 (0.0024)	0.041 (0.041)	98.80 (98.69)
[178/179]	0.0060 (0.0081)	0.0001 (0.0020)	0.002 (0.030)	100.00 (99.04)
 * Train Acc 99.035
 * Val Acc 98.840, Total time 0.24
Epoch:1
LR: 0.001
Itr		Time		  Data		  Loss		Acc
[0/179]	0.1235 (0.1235)	0.1124 (0.1124)	0.023 (0.023)	98.51 (99.22)
[100/179]	0.0070 (0.0086)	0.0009 (0.0025)	0.001 (0.010)	100.00 (99.68)
[178/179]	0.0052 (0.0081)	0.0001 (0.0020)	0.002 (0.010)	100.00 (99.68)
 * Train Acc 99.675
 * Val Acc 99.496, Total time 0.24
validation split name: 1
 * Val Acc 99.716, Total time 0.29
validation split name: 2
 * Val Acc 99.021, Total time 0.25
validation split name: 3
 * Val Acc 99.360, Total time 0.23
validation split name: 4
 * Val Acc 99.849, Total time 0.24
validation split name: 5
 * Val Acc 99.496, Total time 0.24
OrderedDict([('1', OrderedDict([('1', 99.90543735224587), ('2', 99.95271867612293), ('3', 99.95271867612293), ('4', 99.90543735224587), ('5', 99.71631205673759)])), ('2', OrderedDict([('2', 99.21645445641528), ('3', 99.06953966699314), ('4', 98.77571008814887), ('5', 99.0205680705191)])), ('3', OrderedDict([('3', 99.78655282817503), ('4', 99.78655282817503), ('5', 99.35965848452508)])), ('4', OrderedDict([('4', 99.9496475327291), ('5', 99.8489425981873)])), ('5', OrderedDict([('5', 99.4957135653051)]))])
Task 1 average acc: 99.90543735224587
Task 2 average acc: 99.58458656626911
Task 3 average acc: 99.60293705709704
Task 4 average acc: 99.60433695032472
Task 5 average acc: 99.48823895505484
===Summary of experiment repeats: 4 / 5 ===
The regularization coefficient: 0.0
The last avg acc of all repeats: [99.23003834 99.22789757 99.28419702 99.48823896  0.        ]
mean: 79.4460743778491 std: 39.72315184872131
split_boundaries: [0, 2, 4, 6, 8, 10]
{'1': [0, 1], '2': [2, 3], '3': [4, 5], '4': [6, 7], '5': [8, 9]}
MLP(
  (linear): Sequential(
    (0): Linear(in_features=1024, out_features=400, bias=True)
    (1): ReLU(inplace=True)
    (2): Linear(in_features=400, out_features=400, bias=True)
    (3): ReLU(inplace=True)
  )
  (last): ModuleDict(
    (1): Linear(in_features=400, out_features=2, bias=True)
    (2): Linear(in_features=400, out_features=2, bias=True)
    (3): Linear(in_features=400, out_features=2, bias=True)
    (4): Linear(in_features=400, out_features=2, bias=True)
    (5): Linear(in_features=400, out_features=2, bias=True)
  )
)
#parameter of model: 574410
Task order: ['1', '2', '3', '4', '5']
====================== 1 =======================
Epoch:0
LR: 0.001
Itr		Time		  Data		  Loss		Acc
[0/99]	0.1150 (0.1150)	0.1026 (0.1026)	0.687 (0.687)	58.59 (58.59)
[98/99]	0.0026 (0.0085)	0.0001 (0.0056)	0.000 (0.020)	100.00 (99.36)
 * Train Acc 99.360
 * Val Acc 99.905, Total time 0.26
Epoch:1
LR: 0.001
Itr		Time		  Data		  Loss		Acc
[0/99]	0.1201 (0.1201)	0.1118 (0.1118)	0.000 (0.000)	100.00 (100.00)
[98/99]	0.0027 (0.0084)	0.0001 (0.0055)	0.002 (0.005)	100.00 (99.85)
 * Train Acc 99.850
 * Val Acc 99.953, Total time 0.26
validation split name: 1
 * Val Acc 99.953, Total time 0.25
====================== 2 =======================
Epoch:0
LR: 0.001
Itr		Time		  Data		  Loss		Acc
[0/181]	0.1138 (0.1138)	0.1041 (0.1041)	0.528 (0.528)	48.61 (71.09)
[100/181]	0.0044 (0.0085)	0.0009 (0.0048)	0.046 (0.072)	96.77 (96.91)
[180/181]	0.0039 (0.0080)	0.0005 (0.0044)	0.037 (0.050)	96.43 (97.96)
 * Train Acc 97.960
 * Val Acc 99.021, Total time 0.26
Epoch:1
LR: 0.001
Itr		Time		  Data		  Loss		Acc
[0/181]	0.1109 (0.1109)	0.1030 (0.1030)	0.007 (0.007)	100.00 (100.00)
[100/181]	0.0048 (0.0085)	0.0014 (0.0049)	0.006 (0.013)	100.00 (99.61)
[180/181]	0.0042 (0.0080)	0.0008 (0.0045)	0.006 (0.014)	100.00 (99.55)
 * Train Acc 99.545
 * Val Acc 99.363, Total time 0.24
validation split name: 1
 * Val Acc 99.953, Total time 0.25
validation split name: 2
 * Val Acc 99.363, Total time 0.25
====================== 3 =======================
Epoch:0
LR: 0.001
Itr		Time		  Data		  Loss		Acc
[0/174]	0.1161 (0.1161)	0.1064 (0.1064)	0.433 (0.433)	61.19 (79.69)
[100/174]	0.0088 (0.0086)	0.0044 (0.0042)	0.006 (0.037)	100.00 (98.48)
[173/174]	0.0043 (0.0081)	0.0001 (0.0038)	0.001 (0.024)	100.00 (99.07)
 * Train Acc 99.066
 * Val Acc 99.680, Total time 0.23
Epoch:1
LR: 0.001
Itr		Time		  Data		  Loss		Acc
[0/174]	0.1170 (0.1170)	0.1068 (0.1068)	0.004 (0.004)	100.00 (100.00)
[100/174]	0.0044 (0.0087)	0.0002 (0.0043)	0.022 (0.005)	98.53 (99.81)
[173/174]	0.0043 (0.0082)	0.0001 (0.0038)	0.000 (0.004)	100.00 (99.84)
 * Train Acc 99.843
 * Val Acc 99.947, Total time 0.24
validation split name: 1
 * Val Acc 99.953, Total time 0.26
validation split name: 2
 * Val Acc 99.461, Total time 0.25
validation split name: 3
 * Val Acc 99.947, Total time 0.24
====================== 4 =======================
Epoch:0
LR: 0.001
Itr		Time		  Data		  Loss		Acc
[0/190]	0.1163 (0.1163)	0.1054 (0.1054)	0.404 (0.404)	44.59 (67.97)
[100/190]	0.0059 (0.0084)	0.0008 (0.0033)	0.004 (0.016)	100.00 (99.43)
[189/190]	0.0056 (0.0080)	0.0006 (0.0028)	0.000 (0.010)	100.00 (99.62)
 * Train Acc 99.617
 * Val Acc 99.799, Total time 0.24
Epoch:1
LR: 0.001
Itr		Time		  Data		  Loss		Acc
[0/190]	0.1210 (0.1210)	0.1088 (0.1088)	0.000 (0.000)	100.00 (100.00)
[100/190]	0.0053 (0.0087)	0.0001 (0.0034)	0.000 (0.001)	100.00 (99.97)
[189/190]	0.0055 (0.0082)	0.0005 (0.0029)	0.007 (0.001)	100.00 (99.97)
 * Train Acc 99.967
 * Val Acc 99.899, Total time 0.25
validation split name: 1
 * Val Acc 99.905, Total time 0.25
validation split name: 2
 * Val Acc 99.216, Total time 0.26
validation split name: 3
 * Val Acc 99.840, Total time 0.24
validation split name: 4
 * Val Acc 99.899, Total time 0.24
====================== 5 =======================
Epoch:0
LR: 0.001
Itr		Time		  Data		  Loss		Acc
[0/179]	0.1169 (0.1169)	0.1054 (0.1054)	0.494 (0.494)	38.18 (73.44)
[100/179]	0.0069 (0.0085)	0.0009 (0.0024)	0.005 (0.042)	100.00 (98.65)
[178/179]	0.0053 (0.0080)	0.0001 (0.0019)	0.046 (0.032)	100.00 (98.93)
 * Train Acc 98.930
 * Val Acc 99.344, Total time 0.25
Epoch:1
LR: 0.001
Itr		Time		  Data		  Loss		Acc
[0/179]	0.1201 (0.1201)	0.1078 (0.1078)	0.010 (0.010)	100.00 (100.00)
[100/179]	0.0068 (0.0086)	0.0008 (0.0023)	0.006 (0.011)	100.00 (99.66)
[178/179]	0.0053 (0.0080)	0.0001 (0.0019)	0.001 (0.012)	100.00 (99.64)
 * Train Acc 99.636
 * Val Acc 99.193, Total time 0.24
validation split name: 1
 * Val Acc 99.905, Total time 0.25
validation split name: 2
 * Val Acc 98.531, Total time 0.26
validation split name: 3
 * Val Acc 99.626, Total time 0.23
validation split name: 4
 * Val Acc 99.799, Total time 0.25
validation split name: 5
 * Val Acc 99.193, Total time 0.24
OrderedDict([('1', OrderedDict([('1', 99.95271867612293), ('2', 99.95271867612293), ('3', 99.95271867612293), ('4', 99.90543735224587), ('5', 99.90543735224587)])), ('2', OrderedDict([('2', 99.36336924583742), ('3', 99.4613124387855), ('4', 99.21645445641528), ('5', 98.53085210577865)])), ('3', OrderedDict([('3', 99.94663820704376), ('4', 99.83991462113127), ('5', 99.62646744930629)])), ('4', OrderedDict([('4', 99.8992950654582), ('5', 99.79859013091641)])), ('5', OrderedDict([('5', 99.19314170448816)]))])
Task 1 average acc: 99.95271867612293
Task 2 average acc: 99.65804396098017
Task 3 average acc: 99.78688977398406
Task 4 average acc: 99.71527537381266
Task 5 average acc: 99.41089774854707
===Summary of experiment repeats: 5 / 5 ===
The regularization coefficient: 0.0
The last avg acc of all repeats: [99.23003834 99.22789757 99.28419702 99.48823896 99.41089775]
mean: 99.32825392755852 std: 0.10400377000245865
reg_coef: 0.0 mean: 99.32825392755852 std: 0.10400377000245865
Total Time for the script is 102.2879376411438 seconds
