split_boundaries: [0, 5, 10]
{'1': [0, 1, 2, 3, 4], '2': [5, 6, 7, 8, 9]}
MLP(
  (linear): Sequential(
    (0): Linear(in_features=1024, out_features=400, bias=True)
    (1): ReLU(inplace=True)
    (2): Linear(in_features=400, out_features=400, bias=True)
    (3): ReLU(inplace=True)
  )
  (last): ModuleDict(
    (1): Linear(in_features=400, out_features=5, bias=True)
    (2): Linear(in_features=400, out_features=5, bias=True)
  )
)
#parameter of model: 574410
Task order: ['1', '2']
====================== 1 =======================
Epoch:0
LR: 0.1
Itr		Time		  Data		  Loss		Acc
[0/240]	0.5424 (0.5424)	0.0963 (0.0963)	0.471 (0.471)	96.09 (96.09)
[100/240]	0.0156 (0.0207)	0.0007 (0.0016)	0.004 (0.018)	100.00 (99.88)
[200/240]	0.0153 (0.0181)	0.0006 (0.0012)	0.002 (0.011)	100.00 (99.94)
[239/240]	0.0138 (0.0176)	0.0001 (0.0011)	0.000 (0.009)	100.00 (99.95)
 * Train Acc 99.948
 * Val Acc 98.774, Total time 0.41
Epoch:1
LR: 0.1
Itr		Time		  Data		  Loss		Acc
[0/240]	0.1249 (0.1249)	0.0979 (0.0979)	0.003 (0.003)	100.00 (100.00)
[100/240]	0.0159 (0.0168)	0.0007 (0.0016)	0.001 (0.001)	100.00 (100.00)
[200/240]	0.0158 (0.0163)	0.0006 (0.0011)	0.002 (0.001)	100.00 (100.00)
[239/240]	0.0147 (0.0162)	0.0001 (0.0011)	0.000 (0.001)	100.00 (100.00)
 * Train Acc 100.000
 * Val Acc 98.774, Total time 0.43
validation split name: 1
 * Val Acc 98.774, Total time 0.42
====================== 2 =======================
Epoch:0
LR: 0.1
Itr		Time		  Data		  Loss		Acc
[0/355]	0.3367 (0.3367)	0.1062 (0.1062)	0.542 (0.542)	90.36 (93.75)
[100/355]	0.1834 (0.1967)	0.0007 (0.0018)	0.084 (0.098)	100.00 (99.84)
[200/355]	0.1991 (0.1954)	0.0007 (0.0012)	0.038 (0.070)	100.00 (99.92)
[300/355]	0.2002 (0.1951)	0.0007 (0.0010)	0.005 (0.054)	100.00 (99.95)
[354/355]	0.1829 (0.1950)	0.0006 (0.0010)	0.012 (0.049)	100.00 (99.95)
 * Train Acc 99.954
 * Val Acc 98.169, Total time 0.40
Epoch:1
LR: 0.1
Itr		Time		  Data		  Loss		Acc
[0/355]	0.3134 (0.3134)	0.1042 (0.1042)	0.005 (0.005)	100.00 (100.00)
[100/355]	0.2119 (0.2069)	0.0008 (0.0019)	0.004 (0.011)	100.00 (99.99)
[200/355]	0.1937 (0.2034)	0.0008 (0.0013)	0.002 (0.009)	100.00 (100.00)
[300/355]	0.1784 (0.2001)	0.0007 (0.0011)	0.002 (0.008)	100.00 (100.00)
[354/355]	0.1993 (0.1991)	0.0006 (0.0010)	0.001 (0.008)	100.00 (100.00)
 * Train Acc 99.998
 * Val Acc 98.683, Total time 0.40
validation split name: 1
 * Val Acc 99.572, Total time 0.43
validation split name: 2
 * Val Acc 98.683, Total time 0.40
OrderedDict([('1', OrderedDict([('1', 98.77408056042032), ('2', 99.57190114808328)])), ('2', OrderedDict([('2', 98.68339847767949)]))])
Task 1 average acc: 98.77408056042032
Task 2 average acc: 99.12764981288139
===Summary of experiment repeats: 1 / 1 ===
The regularization coefficient: 0.0001
The last avg acc of all repeats: [99.12764981]
mean: 99.12764981288139 std: 0.0
reg_coef: 0.0001 mean: 99.12764981288139 std: 0.0
Total Time for the script is 158.24166464805603 seconds
