split_boundaries: [0, 2, 4, 6, 8, 10]
{'1': [0, 1], '2': [2, 3], '3': [4, 5], '4': [6, 7], '5': [8, 9]}
MLP(
  (linear): Sequential(
    (0): Linear(in_features=1024, out_features=400, bias=True)
    (1): ReLU(inplace=True)
    (2): Linear(in_features=400, out_features=400, bias=True)
    (3): ReLU(inplace=True)
  )
  (last): ModuleDict(
    (All): Linear(in_features=400, out_features=10, bias=True)
  )
)
#parameter of model: 574410
Task order: ['1', '2', '3', '4', '5']
====================== 1 =======================
Incremental class: Old valid output dimension: ALL
Incremental class: New Valid output dimension: 2
#reg_term: 0
Epoch:0
LR: 0.001
Itr		Time		  Data		  Loss		Acc
[0/99]	0.5204 (0.5204)	0.0890 (0.0890)	0.726 (0.726)	0.78 (0.78)
[98/99]	0.0020 (0.0121)	0.0001 (0.0058)	0.000 (0.024)	100.00 (98.32)
 * Train Acc 98.318
 * Val Acc 99.764, Total time 0.25
Epoch:1
LR: 0.001
Itr		Time		  Data		  Loss		Acc
[0/99]	0.1047 (0.1047)	0.0991 (0.0991)	0.000 (0.000)	100.00 (100.00)
[98/99]	0.0074 (0.0082)	0.0051 (0.0059)	0.000 (0.004)	100.00 (99.83)
 * Train Acc 99.834
 * Val Acc 99.858, Total time 0.25
Computing EWC
Sample 60000 for estimating the F matrix.
validation split name: 1
 * Val Acc 99.858, Total time 0.25
====================== 2 =======================
Incremental class: Old valid output dimension: 2
Incremental class: New Valid output dimension: 4
#reg_term: 1
Epoch:0
LR: 0.001
Itr		Time		  Data		  Loss		Acc
[0/95]	0.1164 (0.1164)	0.1031 (0.1031)	2.583 (2.583)	8.59 (8.59)
[94/95]	0.0028 (0.0084)	0.0001 (0.0053)	0.066 (0.157)	98.25 (94.40)
 * Train Acc 94.400
 * Val Acc 98.580, Total time 0.26
Epoch:1
LR: 0.001
Itr		Time		  Data		  Loss		Acc
[0/95]	0.1110 (0.1110)	0.1044 (0.1044)	0.061 (0.061)	98.44 (98.44)
[94/95]	0.0029 (0.0085)	0.0001 (0.0056)	0.010 (0.042)	100.00 (98.78)
 * Train Acc 98.776
 * Val Acc 99.021, Total time 0.25
Computing EWC
Sample 60000 for estimating the F matrix.
validation split name: 1
 * Val Acc 0.000, Total time 0.24
validation split name: 2
 * Val Acc 99.021, Total time 0.26
====================== 3 =======================
Incremental class: Old valid output dimension: 4
Incremental class: New Valid output dimension: 6
#reg_term: 2
Epoch:0
LR: 0.001
Itr		Time		  Data		  Loss		Acc
[0/88]	0.1147 (0.1147)	0.1029 (0.1029)	10.563 (10.563)	0.00 (0.00)
[87/88]	0.0038 (0.0088)	0.0001 (0.0049)	0.112 (0.549)	99.21 (92.68)
 * Train Acc 92.684
 * Val Acc 99.520, Total time 0.23
Epoch:1
LR: 0.001
Itr		Time		  Data		  Loss		Acc
[0/88]	0.1123 (0.1123)	0.1037 (0.1037)	0.107 (0.107)	100.00 (100.00)
[87/88]	0.0044 (0.0086)	0.0007 (0.0047)	0.055 (0.083)	100.00 (99.39)
 * Train Acc 99.387
 * Val Acc 99.680, Total time 0.23
Computing EWC
Sample 60000 for estimating the F matrix.
validation split name: 1
 * Val Acc 0.000, Total time 0.24
validation split name: 2
 * Val Acc 0.000, Total time 0.25
validation split name: 3
 * Val Acc 99.680, Total time 0.23
====================== 4 =======================
Incremental class: Old valid output dimension: 6
Incremental class: New Valid output dimension: 8
#reg_term: 3
Epoch:0
LR: 0.001
Itr		Time		  Data		  Loss		Acc
[0/96]	0.1162 (0.1162)	0.1016 (0.1016)	15.998 (15.998)	0.00 (0.00)
[95/96]	0.0046 (0.0086)	0.0001 (0.0036)	0.147 (1.033)	100.00 (92.36)
 * Train Acc 92.358
 * Val Acc 99.698, Total time 0.27
Epoch:1
LR: 0.001
Itr		Time		  Data		  Loss		Acc
[0/96]	0.1121 (0.1121)	0.1015 (0.1015)	0.146 (0.146)	100.00 (100.00)
[95/96]	0.0047 (0.0085)	0.0001 (0.0036)	0.064 (0.098)	100.00 (99.89)
 * Train Acc 99.885
 * Val Acc 99.748, Total time 0.24
Computing EWC
Sample 60000 for estimating the F matrix.
validation split name: 1
 * Val Acc 0.000, Total time 0.25
validation split name: 2
 * Val Acc 0.000, Total time 0.25
validation split name: 3
 * Val Acc 0.000, Total time 0.23
validation split name: 4
 * Val Acc 99.748, Total time 0.28
====================== 5 =======================
Incremental class: Old valid output dimension: 8
Incremental class: New Valid output dimension: 10
#reg_term: 4
Epoch:0
LR: 0.001
Itr		Time		  Data		  Loss		Acc
[0/93]	0.1141 (0.1141)	0.1006 (0.1006)	18.745 (18.745)	0.00 (0.00)
[92/93]	0.0054 (0.0087)	0.0001 (0.0030)	0.235 (1.064)	100.00 (89.36)
 * Train Acc 89.364
 * Val Acc 98.084, Total time 0.25
Epoch:1
LR: 0.001
Itr		Time		  Data		  Loss		Acc
[0/93]	0.1158 (0.1158)	0.1054 (0.1054)	0.256 (0.256)	99.22 (99.22)
[92/93]	0.0055 (0.0084)	0.0001 (0.0028)	0.125 (0.205)	100.00 (98.69)
 * Train Acc 98.686
 * Val Acc 98.739, Total time 0.24
Computing EWC
Sample 60000 for estimating the F matrix.
validation split name: 1
 * Val Acc 0.000, Total time 0.26
validation split name: 2
 * Val Acc 0.000, Total time 0.28
validation split name: 3
 * Val Acc 0.000, Total time 0.25
validation split name: 4
 * Val Acc 0.000, Total time 0.24
validation split name: 5
 * Val Acc 98.739, Total time 0.24
OrderedDict([('1', OrderedDict([('1', 99.8581560283688), ('2', 0.0), ('3', 0.0), ('4', 0.0), ('5', 0.0)])), ('2', OrderedDict([('2', 99.0205680705191), ('3', 0.0), ('4', 0.0), ('5', 0.0)])), ('3', OrderedDict([('3', 99.67982924226254), ('4', 0.0), ('5', 0.0)])), ('4', OrderedDict([('4', 99.74823766364553), ('5', 0.0)])), ('5', OrderedDict([('5', 98.73928391326274)]))])
Task 1 average acc: 99.8581560283688
Task 2 average acc: 49.51028403525955
Task 3 average acc: 33.226609747420845
Task 4 average acc: 24.93705941591138
Task 5 average acc: 19.747856782652548
===Summary of experiment repeats: 1 / 5 ===
The regularization coefficient: 600.0
The last avg acc of all repeats: [19.74785678  0.          0.          0.          0.        ]
mean: 3.9495713565305097 std: 7.8991427130610194
split_boundaries: [0, 2, 4, 6, 8, 10]
{'1': [0, 1], '2': [2, 3], '3': [4, 5], '4': [6, 7], '5': [8, 9]}
MLP(
  (linear): Sequential(
    (0): Linear(in_features=1024, out_features=400, bias=True)
    (1): ReLU(inplace=True)
    (2): Linear(in_features=400, out_features=400, bias=True)
    (3): ReLU(inplace=True)
  )
  (last): ModuleDict(
    (All): Linear(in_features=400, out_features=10, bias=True)
  )
)
#parameter of model: 574410
Task order: ['1', '2', '3', '4', '5']
====================== 1 =======================
Incremental class: Old valid output dimension: ALL
Incremental class: New Valid output dimension: 2
#reg_term: 0
Epoch:0
LR: 0.001
Itr		Time		  Data		  Loss		Acc
[0/99]	0.1084 (0.1084)	0.1029 (0.1029)	0.683 (0.683)	4.69 (4.69)
[98/99]	0.0024 (0.0083)	0.0001 (0.0063)	0.000 (0.023)	100.00 (98.43)
 * Train Acc 98.429
 * Val Acc 99.858, Total time 0.26
Epoch:1
LR: 0.001
Itr		Time		  Data		  Loss		Acc
[0/99]	0.1116 (0.1116)	0.1057 (0.1057)	0.000 (0.000)	100.00 (100.00)
[98/99]	0.0021 (0.0083)	0.0001 (0.0061)	0.000 (0.002)	100.00 (99.88)
 * Train Acc 99.882
 * Val Acc 99.905, Total time 0.26
Computing EWC
Sample 60000 for estimating the F matrix.
validation split name: 1
 * Val Acc 99.905, Total time 0.25
====================== 2 =======================
Incremental class: Old valid output dimension: 2
Incremental class: New Valid output dimension: 4
#reg_term: 1
Epoch:0
LR: 0.001
Itr		Time		  Data		  Loss		Acc
[0/95]	0.1114 (0.1114)	0.1035 (0.1035)	3.391 (3.391)	1.56 (1.56)
[94/95]	0.0043 (0.0087)	0.0014 (0.0052)	0.018 (0.180)	100.00 (94.36)
 * Train Acc 94.359
 * Val Acc 98.776, Total time 0.30
Epoch:1
LR: 0.001
Itr		Time		  Data		  Loss		Acc
[0/95]	0.1119 (0.1119)	0.1038 (0.1038)	0.020 (0.020)	100.00 (100.00)
[94/95]	0.0028 (0.0084)	0.0001 (0.0054)	0.021 (0.040)	100.00 (98.91)
 * Train Acc 98.908
 * Val Acc 98.678, Total time 0.26
Computing EWC
Sample 60000 for estimating the F matrix.
validation split name: 1
 * Val Acc 0.000, Total time 0.25
validation split name: 2
 * Val Acc 98.678, Total time 0.24
====================== 3 =======================
Incremental class: Old valid output dimension: 4
Incremental class: New Valid output dimension: 6
#reg_term: 2
Epoch:0
LR: 0.001
Itr		Time		  Data		  Loss		Acc
[0/88]	0.1102 (0.1102)	0.1017 (0.1017)	12.228 (12.228)	0.00 (0.00)
[87/88]	0.0131 (0.0084)	0.0094 (0.0046)	0.144 (0.668)	99.21 (90.16)
 * Train Acc 90.162
 * Val Acc 99.360, Total time 0.23
Epoch:1
LR: 0.001
Itr		Time		  Data		  Loss		Acc
[0/88]	0.1104 (0.1104)	0.1023 (0.1023)	0.118 (0.118)	100.00 (100.00)
[87/88]	0.0137 (0.0084)	0.0099 (0.0046)	0.059 (0.092)	100.00 (99.47)
 * Train Acc 99.467
 * Val Acc 99.680, Total time 0.27
Computing EWC
Sample 60000 for estimating the F matrix.
validation split name: 1
 * Val Acc 0.000, Total time 0.25
validation split name: 2
 * Val Acc 0.000, Total time 0.24
validation split name: 3
 * Val Acc 99.680, Total time 0.23
====================== 4 =======================
Incremental class: Old valid output dimension: 6
Incremental class: New Valid output dimension: 8
#reg_term: 3
Epoch:0
LR: 0.001
Itr		Time		  Data		  Loss		Acc
[0/96]	0.1137 (0.1137)	0.1043 (0.1043)	9.764 (9.764)	0.00 (0.00)
[95/96]	0.0046 (0.0084)	0.0001 (0.0037)	0.115 (0.668)	100.00 (92.74)
 * Train Acc 92.744
 * Val Acc 99.748, Total time 0.24
Epoch:1
LR: 0.001
Itr		Time		  Data		  Loss		Acc
[0/96]	0.1101 (0.1101)	0.1000 (0.1000)	0.114 (0.114)	100.00 (100.00)
[95/96]	0.0046 (0.0088)	0.0001 (0.0039)	0.055 (0.079)	100.00 (99.89)
 * Train Acc 99.885
 * Val Acc 99.648, Total time 0.24
Computing EWC
Sample 60000 for estimating the F matrix.
validation split name: 1
 * Val Acc 0.000, Total time 0.28
validation split name: 2
 * Val Acc 0.000, Total time 0.25
validation split name: 3
 * Val Acc 0.000, Total time 0.23
validation split name: 4
 * Val Acc 99.648, Total time 0.29
====================== 5 =======================
Incremental class: Old valid output dimension: 8
Incremental class: New Valid output dimension: 10
#reg_term: 4
Epoch:0
LR: 0.001
Itr		Time		  Data		  Loss		Acc
[0/93]	0.1147 (0.1147)	0.1050 (0.1050)	16.355 (16.355)	0.00 (0.00)
[92/93]	0.0055 (0.0084)	0.0001 (0.0029)	0.228 (1.051)	100.00 (89.35)
 * Train Acc 89.347
 * Val Acc 97.832, Total time 0.24
Epoch:1
LR: 0.001
Itr		Time		  Data		  Loss		Acc
[0/93]	0.1142 (0.1142)	0.1042 (0.1042)	0.272 (0.272)	96.88 (96.88)
[92/93]	0.0056 (0.0083)	0.0001 (0.0028)	0.124 (0.184)	100.00 (98.60)
 * Train Acc 98.602
 * Val Acc 98.739, Total time 0.25
Computing EWC
Sample 60000 for estimating the F matrix.
validation split name: 1
 * Val Acc 0.000, Total time 0.25
validation split name: 2
 * Val Acc 0.000, Total time 0.25
validation split name: 3
 * Val Acc 0.000, Total time 0.23
validation split name: 4
 * Val Acc 0.000, Total time 0.24
validation split name: 5
 * Val Acc 98.739, Total time 0.25
OrderedDict([('1', OrderedDict([('1', 99.90543735224587), ('2', 0.0), ('3', 0.0), ('4', 0.0), ('5', 0.0)])), ('2', OrderedDict([('2', 98.67776689520079), ('3', 0.0), ('4', 0.0), ('5', 0.0)])), ('3', OrderedDict([('3', 99.67982924226254), ('4', 0.0), ('5', 0.0)])), ('4', OrderedDict([('4', 99.64753272910373), ('5', 0.0)])), ('5', OrderedDict([('5', 98.73928391326274)]))])
Task 1 average acc: 99.90543735224587
Task 2 average acc: 49.338883447600395
Task 3 average acc: 33.226609747420845
Task 4 average acc: 24.911883182275933
Task 5 average acc: 19.747856782652548
===Summary of experiment repeats: 2 / 5 ===
The regularization coefficient: 600.0
The last avg acc of all repeats: [19.74785678 19.74785678  0.          0.          0.        ]
mean: 7.8991427130610194 std: 9.674434526211725
split_boundaries: [0, 2, 4, 6, 8, 10]
{'1': [0, 1], '2': [2, 3], '3': [4, 5], '4': [6, 7], '5': [8, 9]}
MLP(
  (linear): Sequential(
    (0): Linear(in_features=1024, out_features=400, bias=True)
    (1): ReLU(inplace=True)
    (2): Linear(in_features=400, out_features=400, bias=True)
    (3): ReLU(inplace=True)
  )
  (last): ModuleDict(
    (All): Linear(in_features=400, out_features=10, bias=True)
  )
)
#parameter of model: 574410
Task order: ['1', '2', '3', '4', '5']
====================== 1 =======================
Incremental class: Old valid output dimension: ALL
Incremental class: New Valid output dimension: 2
#reg_term: 0
Epoch:0
LR: 0.001
Itr		Time		  Data		  Loss		Acc
[0/99]	0.1071 (0.1071)	0.1013 (0.1013)	0.698 (0.698)	5.47 (5.47)
[98/99]	0.0020 (0.0086)	0.0001 (0.0065)	0.086 (0.021)	97.52 (98.74)
 * Train Acc 98.745
 * Val Acc 99.905, Total time 0.26
Epoch:1
LR: 0.001
Itr		Time		  Data		  Loss		Acc
[0/99]	0.1080 (0.1080)	0.1024 (0.1024)	0.000 (0.000)	100.00 (100.00)
[98/99]	0.0168 (0.0089)	0.0149 (0.0067)	0.000 (0.005)	100.00 (99.87)
 * Train Acc 99.866
 * Val Acc 99.858, Total time 0.26
Computing EWC
Sample 60000 for estimating the F matrix.
validation split name: 1
 * Val Acc 99.858, Total time 0.25
====================== 2 =======================
Incremental class: Old valid output dimension: 2
Incremental class: New Valid output dimension: 4
#reg_term: 1
Epoch:0
LR: 0.001
Itr		Time		  Data		  Loss		Acc
[0/95]	0.1059 (0.1059)	0.0988 (0.0988)	3.276 (3.276)	0.78 (0.78)
[94/95]	0.0029 (0.0083)	0.0001 (0.0054)	0.108 (0.177)	98.25 (94.04)
 * Train Acc 94.036
 * Val Acc 98.335, Total time 0.25
Epoch:1
LR: 0.001
Itr		Time		  Data		  Loss		Acc
[0/95]	0.1189 (0.1189)	0.1107 (0.1107)	0.095 (0.095)	96.09 (96.09)
[94/95]	0.0029 (0.0085)	0.0001 (0.0054)	0.044 (0.052)	98.25 (98.59)
 * Train Acc 98.585
 * Val Acc 99.119, Total time 0.26
Computing EWC
Sample 60000 for estimating the F matrix.
validation split name: 1
 * Val Acc 0.000, Total time 0.25
validation split name: 2
 * Val Acc 99.119, Total time 0.25
====================== 3 =======================
Incremental class: Old valid output dimension: 4
Incremental class: New Valid output dimension: 6
#reg_term: 2
Epoch:0
LR: 0.001
Itr		Time		  Data		  Loss		Acc
[0/88]	0.1138 (0.1138)	0.1058 (0.1058)	9.591 (9.591)	0.00 (0.00)
[87/88]	0.0139 (0.0086)	0.0101 (0.0047)	0.093 (0.564)	100.00 (92.12)
 * Train Acc 92.125
 * Val Acc 99.466, Total time 0.23
Epoch:1
LR: 0.001
Itr		Time		  Data		  Loss		Acc
[0/88]	0.1184 (0.1184)	0.1085 (0.1085)	0.097 (0.097)	100.00 (100.00)
[87/88]	0.0143 (0.0087)	0.0106 (0.0049)	0.051 (0.081)	100.00 (99.37)
 * Train Acc 99.370
 * Val Acc 99.093, Total time 0.24
Computing EWC
Sample 60000 for estimating the F matrix.
validation split name: 1
 * Val Acc 0.000, Total time 0.29
validation split name: 2
 * Val Acc 0.000, Total time 0.26
validation split name: 3
 * Val Acc 99.093, Total time 0.25
====================== 4 =======================
Incremental class: Old valid output dimension: 6
Incremental class: New Valid output dimension: 8
#reg_term: 3
Epoch:0
LR: 0.001
Itr		Time		  Data		  Loss		Acc
[0/96]	0.1139 (0.1139)	0.1051 (0.1051)	14.263 (14.263)	0.00 (0.00)
[95/96]	0.0046 (0.0084)	0.0001 (0.0037)	0.139 (0.910)	100.00 (92.01)
 * Train Acc 92.013
 * Val Acc 99.698, Total time 0.25
Epoch:1
LR: 0.001
Itr		Time		  Data		  Loss		Acc
[0/96]	0.1163 (0.1163)	0.1073 (0.1073)	0.138 (0.138)	100.00 (100.00)
[95/96]	0.0052 (0.0087)	0.0007 (0.0039)	0.063 (0.094)	100.00 (99.88)
 * Train Acc 99.877
 * Val Acc 99.849, Total time 0.24
Computing EWC
Sample 60000 for estimating the F matrix.
validation split name: 1
 * Val Acc 0.000, Total time 0.25
validation split name: 2
 * Val Acc 0.000, Total time 0.24
validation split name: 3
 * Val Acc 0.000, Total time 0.23
validation split name: 4
 * Val Acc 99.849, Total time 0.24
====================== 5 =======================
Incremental class: Old valid output dimension: 8
Incremental class: New Valid output dimension: 10
#reg_term: 4
Epoch:0
LR: 0.001
Itr		Time		  Data		  Loss		Acc
[0/93]	0.1190 (0.1190)	0.1069 (0.1069)	26.275 (26.275)	0.00 (0.00)
[92/93]	0.0055 (0.0084)	0.0001 (0.0028)	0.328 (1.469)	100.00 (89.74)
 * Train Acc 89.737
 * Val Acc 98.538, Total time 0.24
Epoch:1
LR: 0.001
Itr		Time		  Data		  Loss		Acc
[0/93]	0.1127 (0.1127)	0.1028 (0.1028)	0.330 (0.330)	99.22 (99.22)
[92/93]	0.0056 (0.0084)	0.0001 (0.0028)	0.150 (0.237)	100.00 (98.77)
 * Train Acc 98.771
 * Val Acc 97.226, Total time 0.25
Computing EWC
Sample 60000 for estimating the F matrix.
validation split name: 1
 * Val Acc 0.000, Total time 0.25
validation split name: 2
 * Val Acc 0.000, Total time 0.26
validation split name: 3
 * Val Acc 0.000, Total time 0.23
validation split name: 4
 * Val Acc 0.000, Total time 0.24
validation split name: 5
 * Val Acc 97.226, Total time 0.24
OrderedDict([('1', OrderedDict([('1', 99.8581560283688), ('2', 0.0), ('3', 0.0), ('4', 0.0), ('5', 0.0)])), ('2', OrderedDict([('2', 99.11851126346718), ('3', 0.0), ('4', 0.0), ('5', 0.0)])), ('3', OrderedDict([('3', 99.09284951974387), ('4', 0.0), ('5', 0.0)])), ('4', OrderedDict([('4', 99.8489425981873), ('5', 0.0)])), ('5', OrderedDict([('5', 97.22642460917801)]))])
Task 1 average acc: 99.8581560283688
Task 2 average acc: 49.55925563173359
Task 3 average acc: 33.03094983991462
Task 4 average acc: 24.962235649546827
Task 5 average acc: 19.4452849218356
===Summary of experiment repeats: 3 / 5 ===
The regularization coefficient: 600.0
The last avg acc of all repeats: [19.74785678 19.74785678 19.44528492  0.          0.        ]
mean: 11.788199697428139 std: 9.625658836416912
split_boundaries: [0, 2, 4, 6, 8, 10]
{'1': [0, 1], '2': [2, 3], '3': [4, 5], '4': [6, 7], '5': [8, 9]}
MLP(
  (linear): Sequential(
    (0): Linear(in_features=1024, out_features=400, bias=True)
    (1): ReLU(inplace=True)
    (2): Linear(in_features=400, out_features=400, bias=True)
    (3): ReLU(inplace=True)
  )
  (last): ModuleDict(
    (All): Linear(in_features=400, out_features=10, bias=True)
  )
)
#parameter of model: 574410
Task order: ['1', '2', '3', '4', '5']
====================== 1 =======================
Incremental class: Old valid output dimension: ALL
Incremental class: New Valid output dimension: 2
#reg_term: 0
Epoch:0
LR: 0.001
Itr		Time		  Data		  Loss		Acc
[0/99]	0.1080 (0.1080)	0.1022 (0.1022)	0.732 (0.732)	11.72 (11.72)
[98/99]	0.0020 (0.0082)	0.0001 (0.0061)	0.004 (0.027)	99.17 (98.67)
 * Train Acc 98.674
 * Val Acc 99.905, Total time 0.29
Epoch:1
LR: 0.001
Itr		Time		  Data		  Loss		Acc
[0/99]	0.1145 (0.1145)	0.1086 (0.1086)	0.001 (0.001)	100.00 (100.00)
[98/99]	0.0019 (0.0085)	0.0001 (0.0062)	0.002 (0.003)	100.00 (99.85)
 * Train Acc 99.850
 * Val Acc 99.905, Total time 0.27
Computing EWC
Sample 60000 for estimating the F matrix.
validation split name: 1
 * Val Acc 99.905, Total time 0.25
====================== 2 =======================
Incremental class: Old valid output dimension: 2
Incremental class: New Valid output dimension: 4
#reg_term: 1
Epoch:0
LR: 0.001
Itr		Time		  Data		  Loss		Acc
[0/95]	0.1075 (0.1075)	0.1001 (0.1001)	3.716 (3.716)	0.00 (0.00)
[94/95]	0.0030 (0.0083)	0.0001 (0.0052)	0.022 (0.177)	100.00 (94.28)
 * Train Acc 94.284
 * Val Acc 98.678, Total time 0.25
Epoch:1
LR: 0.001
Itr		Time		  Data		  Loss		Acc
[0/95]	0.1089 (0.1089)	0.1015 (0.1015)	0.033 (0.033)	99.22 (99.22)
[94/95]	0.0028 (0.0083)	0.0001 (0.0054)	0.026 (0.046)	100.00 (98.82)
 * Train Acc 98.817
 * Val Acc 99.167, Total time 0.25
Computing EWC
Sample 60000 for estimating the F matrix.
validation split name: 1
 * Val Acc 0.000, Total time 0.25
validation split name: 2
 * Val Acc 99.167, Total time 0.25
====================== 3 =======================
Incremental class: Old valid output dimension: 4
Incremental class: New Valid output dimension: 6
#reg_term: 2
Epoch:0
LR: 0.001
Itr		Time		  Data		  Loss		Acc
[0/88]	0.1109 (0.1109)	0.1027 (0.1027)	11.358 (11.358)	0.00 (0.00)
[87/88]	0.0138 (0.0087)	0.0102 (0.0048)	0.124 (0.607)	99.21 (91.08)
 * Train Acc 91.077
 * Val Acc 99.680, Total time 0.23
Epoch:1
LR: 0.001
Itr		Time		  Data		  Loss		Acc
[0/88]	0.1089 (0.1089)	0.1000 (0.1000)	0.103 (0.103)	99.22 (99.22)
[87/88]	0.0140 (0.0093)	0.0102 (0.0046)	0.073 (0.075)	98.43 (99.56)
 * Train Acc 99.556
 * Val Acc 99.626, Total time 0.23
Computing EWC
Sample 60000 for estimating the F matrix.
validation split name: 1
 * Val Acc 0.000, Total time 0.25
validation split name: 2
 * Val Acc 0.000, Total time 0.25
validation split name: 3
 * Val Acc 99.626, Total time 0.23
====================== 4 =======================
Incremental class: Old valid output dimension: 6
Incremental class: New Valid output dimension: 8
#reg_term: 3
Epoch:0
LR: 0.001
Itr		Time		  Data		  Loss		Acc
[0/96]	0.1174 (0.1174)	0.1079 (0.1079)	13.939 (13.939)	0.00 (0.00)
[95/96]	0.0047 (0.0084)	0.0001 (0.0036)	0.140 (0.919)	100.00 (93.02)
 * Train Acc 93.023
 * Val Acc 99.597, Total time 0.24
Epoch:1
LR: 0.001
Itr		Time		  Data		  Loss		Acc
[0/96]	0.1145 (0.1145)	0.1051 (0.1051)	0.122 (0.122)	100.00 (100.00)
[95/96]	0.0048 (0.0083)	0.0001 (0.0035)	0.054 (0.084)	100.00 (99.87)
 * Train Acc 99.869
 * Val Acc 99.698, Total time 0.27
Computing EWC
Sample 60000 for estimating the F matrix.
validation split name: 1
 * Val Acc 0.000, Total time 0.25
validation split name: 2
 * Val Acc 0.000, Total time 0.26
validation split name: 3
 * Val Acc 0.000, Total time 0.23
validation split name: 4
 * Val Acc 99.698, Total time 0.24
====================== 5 =======================
Incremental class: Old valid output dimension: 8
Incremental class: New Valid output dimension: 10
#reg_term: 4
Epoch:0
LR: 0.001
Itr		Time		  Data		  Loss		Acc
[0/93]	0.1216 (0.1216)	0.1074 (0.1074)	10.584 (10.584)	0.00 (0.00)
[92/93]	0.0055 (0.0085)	0.0001 (0.0028)	0.159 (0.744)	100.00 (89.60)
 * Train Acc 89.602
 * Val Acc 98.638, Total time 0.25
Epoch:1
LR: 0.001
Itr		Time		  Data		  Loss		Acc
[0/93]	0.1135 (0.1135)	0.1034 (0.1034)	0.161 (0.161)	100.00 (100.00)
[92/93]	0.0056 (0.0084)	0.0001 (0.0028)	0.079 (0.140)	100.00 (98.80)
 * Train Acc 98.797
 * Val Acc 99.344, Total time 0.24
Computing EWC
Sample 60000 for estimating the F matrix.
validation split name: 1
 * Val Acc 0.000, Total time 0.25
validation split name: 2
 * Val Acc 0.000, Total time 0.25
validation split name: 3
 * Val Acc 0.000, Total time 0.23
validation split name: 4
 * Val Acc 0.000, Total time 0.25
validation split name: 5
 * Val Acc 99.344, Total time 0.25
OrderedDict([('1', OrderedDict([('1', 99.90543735224587), ('2', 0.0), ('3', 0.0), ('4', 0.0), ('5', 0.0)])), ('2', OrderedDict([('2', 99.16748285994123), ('3', 0.0), ('4', 0.0), ('5', 0.0)])), ('3', OrderedDict([('3', 99.62646744930629), ('4', 0.0), ('5', 0.0)])), ('4', OrderedDict([('4', 99.69788519637463), ('5', 0.0)])), ('5', OrderedDict([('5', 99.34442763489662)]))])
Task 1 average acc: 99.90543735224587
Task 2 average acc: 49.583741429970615
Task 3 average acc: 33.2088224831021
Task 4 average acc: 24.924471299093657
Task 5 average acc: 19.868885526979323
===Summary of experiment repeats: 4 / 5 ===
The regularization coefficient: 600.0
The last avg acc of all repeats: [19.74785678 19.74785678 19.44528492 19.86888553  0.        ]
mean: 15.761976802824003 std: 7.882231272020351
split_boundaries: [0, 2, 4, 6, 8, 10]
{'1': [0, 1], '2': [2, 3], '3': [4, 5], '4': [6, 7], '5': [8, 9]}
MLP(
  (linear): Sequential(
    (0): Linear(in_features=1024, out_features=400, bias=True)
    (1): ReLU(inplace=True)
    (2): Linear(in_features=400, out_features=400, bias=True)
    (3): ReLU(inplace=True)
  )
  (last): ModuleDict(
    (All): Linear(in_features=400, out_features=10, bias=True)
  )
)
#parameter of model: 574410
Task order: ['1', '2', '3', '4', '5']
====================== 1 =======================
Incremental class: Old valid output dimension: ALL
Incremental class: New Valid output dimension: 2
#reg_term: 0
Epoch:0
LR: 0.001
Itr		Time		  Data		  Loss		Acc
[0/99]	0.1093 (0.1093)	0.1039 (0.1039)	0.709 (0.709)	5.47 (5.47)
[98/99]	0.0171 (0.0086)	0.0151 (0.0064)	0.001 (0.020)	100.00 (98.66)
 * Train Acc 98.658
 * Val Acc 99.764, Total time 0.25
Epoch:1
LR: 0.001
Itr		Time		  Data		  Loss		Acc
[0/99]	0.1076 (0.1076)	0.1017 (0.1017)	0.000 (0.000)	100.00 (100.00)
[98/99]	0.0020 (0.0082)	0.0001 (0.0061)	0.035 (0.003)	99.17 (99.82)
 * Train Acc 99.818
 * Val Acc 99.764, Total time 0.25
Computing EWC
Sample 60000 for estimating the F matrix.
validation split name: 1
 * Val Acc 99.764, Total time 0.25
====================== 2 =======================
Incremental class: Old valid output dimension: 2
Incremental class: New Valid output dimension: 4
#reg_term: 1
Epoch:0
LR: 0.001
Itr		Time		  Data		  Loss		Acc
[0/95]	0.1110 (0.1110)	0.1040 (0.1040)	3.883 (3.883)	0.00 (0.00)
[94/95]	0.0028 (0.0082)	0.0001 (0.0053)	0.038 (0.184)	100.00 (94.32)
 * Train Acc 94.317
 * Val Acc 98.286, Total time 0.25
Epoch:1
LR: 0.001
Itr		Time		  Data		  Loss		Acc
[0/95]	0.1086 (0.1086)	0.1013 (0.1013)	0.054 (0.054)	98.44 (98.44)
[94/95]	0.0030 (0.0083)	0.0001 (0.0052)	0.059 (0.049)	98.25 (98.76)
 * Train Acc 98.759
 * Val Acc 99.216, Total time 0.26
Computing EWC
Sample 60000 for estimating the F matrix.
validation split name: 1
 * Val Acc 0.000, Total time 0.24
validation split name: 2
 * Val Acc 99.216, Total time 0.25
====================== 3 =======================
Incremental class: Old valid output dimension: 4
Incremental class: New Valid output dimension: 6
#reg_term: 2
Epoch:0
LR: 0.001
Itr		Time		  Data		  Loss		Acc
[0/88]	0.1151 (0.1151)	0.1070 (0.1070)	11.228 (11.228)	0.00 (0.00)
[87/88]	0.0036 (0.0086)	0.0001 (0.0048)	0.136 (0.609)	99.21 (92.97)
 * Train Acc 92.968
 * Val Acc 99.626, Total time 0.23
Epoch:1
LR: 0.001
Itr		Time		  Data		  Loss		Acc
[0/88]	0.1120 (0.1120)	0.1035 (0.1035)	0.105 (0.105)	100.00 (100.00)
[87/88]	0.0126 (0.0083)	0.0089 (0.0045)	0.060 (0.086)	99.21 (99.40)
 * Train Acc 99.396
 * Val Acc 99.840, Total time 0.23
Computing EWC
Sample 60000 for estimating the F matrix.
validation split name: 1
 * Val Acc 0.000, Total time 0.26
validation split name: 2
 * Val Acc 0.000, Total time 0.25
validation split name: 3
 * Val Acc 99.840, Total time 0.24
====================== 4 =======================
Incremental class: Old valid output dimension: 6
Incremental class: New Valid output dimension: 8
#reg_term: 3
Epoch:0
LR: 0.001
Itr		Time		  Data		  Loss		Acc
[0/96]	0.1106 (0.1106)	0.1020 (0.1020)	14.432 (14.432)	0.00 (0.00)
[95/96]	0.0047 (0.0083)	0.0001 (0.0035)	0.144 (0.914)	100.00 (93.03)
 * Train Acc 93.031
 * Val Acc 99.748, Total time 0.24
Epoch:1
LR: 0.001
Itr		Time		  Data		  Loss		Acc
[0/96]	0.1105 (0.1105)	0.1019 (0.1019)	0.143 (0.143)	100.00 (100.00)
[95/96]	0.0048 (0.0083)	0.0001 (0.0036)	0.066 (0.099)	100.00 (99.90)
 * Train Acc 99.902
 * Val Acc 99.849, Total time 0.24
Computing EWC
Sample 60000 for estimating the F matrix.
validation split name: 1
 * Val Acc 0.000, Total time 0.26
validation split name: 2
 * Val Acc 0.000, Total time 0.25
validation split name: 3
 * Val Acc 0.000, Total time 0.23
validation split name: 4
 * Val Acc 99.849, Total time 0.27
====================== 5 =======================
Incremental class: Old valid output dimension: 8
Incremental class: New Valid output dimension: 10
#reg_term: 4
Epoch:0
LR: 0.001
Itr		Time		  Data		  Loss		Acc
[0/93]	0.1111 (0.1111)	0.1012 (0.1012)	26.095 (26.095)	0.00 (0.00)
[92/93]	0.0054 (0.0083)	0.0001 (0.0028)	0.333 (1.488)	95.83 (89.92)
 * Train Acc 89.915
 * Val Acc 97.731, Total time 0.24
Epoch:1
LR: 0.001
Itr		Time		  Data		  Loss		Acc
[0/93]	0.1180 (0.1180)	0.1068 (0.1068)	0.338 (0.338)	96.09 (96.09)
[92/93]	0.0053 (0.0086)	0.0001 (0.0029)	0.156 (0.226)	100.00 (98.56)
 * Train Acc 98.559
 * Val Acc 98.638, Total time 0.27
Computing EWC
Sample 60000 for estimating the F matrix.
validation split name: 1
 * Val Acc 0.000, Total time 0.26
validation split name: 2
 * Val Acc 0.000, Total time 0.25
validation split name: 3
 * Val Acc 0.000, Total time 0.27
validation split name: 4
 * Val Acc 0.000, Total time 0.24
validation split name: 5
 * Val Acc 98.638, Total time 0.24
OrderedDict([('1', OrderedDict([('1', 99.76359338061465), ('2', 0.0), ('3', 0.0), ('4', 0.0), ('5', 0.0)])), ('2', OrderedDict([('2', 99.21645445641528), ('3', 0.0), ('4', 0.0), ('5', 0.0)])), ('3', OrderedDict([('3', 99.83991462113127), ('4', 0.0), ('5', 0.0)])), ('4', OrderedDict([('4', 99.8489425981873), ('5', 0.0)])), ('5', OrderedDict([('5', 98.63842662632375)]))])
Task 1 average acc: 99.76359338061465
Task 2 average acc: 49.60822722820764
Task 3 average acc: 33.27997154037709
Task 4 average acc: 24.962235649546827
Task 5 average acc: 19.72768532526475
===Summary of experiment repeats: 5 / 5 ===
The regularization coefficient: 600.0
The last avg acc of all repeats: [19.74785678 19.74785678 19.44528492 19.86888553 19.72768533]
mean: 19.70751386787695 std: 0.14033304795502696
reg_coef: 600.0 mean: 19.70751386787695 std: 0.14033304795502696
Total Time for the script is 655.057311296463 seconds
