split_boundaries: [0, 2, 4, 6, 8, 10]
{'1': [0, 1], '2': [2, 3], '3': [4, 5], '4': [6, 7], '5': [8, 9]}
MLP(
  (linear): Sequential(
    (0): Linear(in_features=1024, out_features=400, bias=True)
    (1): ReLU(inplace=True)
    (2): Linear(in_features=400, out_features=400, bias=True)
    (3): ReLU(inplace=True)
  )
  (last): ModuleDict(
    (All): Linear(in_features=400, out_features=10, bias=True)
  )
)
#parameter of model: 574410
Task order: ['1', '2', '3', '4', '5']
====================== 1 =======================
Incremental class: Old valid output dimension: ALL
Incremental class: New Valid output dimension: 2
Epoch:0
LR: 0.001
Itr		Time		  Data		  Loss		Acc
[0/99]	0.5242 (0.5242)	0.0864 (0.0864)	0.702 (0.702)	32.81 (32.81)
[98/99]	0.0019 (0.0123)	0.0001 (0.0060)	0.003 (0.024)	99.17 (98.91)
 * Train Acc 98.910
 * Val Acc 99.905, Total time 0.29
Epoch:1
LR: 0.001
Itr		Time		  Data		  Loss		Acc
[0/99]	0.1071 (0.1071)	0.1017 (0.1017)	0.000 (0.000)	100.00 (100.00)
[98/99]	0.0020 (0.0082)	0.0001 (0.0060)	0.002 (0.004)	100.00 (99.85)
 * Train Acc 99.850
 * Val Acc 99.905, Total time 0.24
validation split name: 1
 * Val Acc 99.905, Total time 0.27
====================== 2 =======================
Incremental class: Old valid output dimension: 2
Incremental class: New Valid output dimension: 4
Epoch:0
LR: 0.001
Itr		Time		  Data		  Loss		Acc
[0/164]	0.1074 (0.1074)	0.1020 (0.1020)	1.660 (1.660)	49.22 (49.22)
[100/164]	0.0051 (0.0084)	0.0028 (0.0062)	0.131 (0.171)	96.09 (93.74)
[163/164]	0.0019 (0.0080)	0.0001 (0.0059)	0.005 (0.125)	100.00 (95.45)
 * Train Acc 95.447
 * Val Acc 98.629, Total time 0.26
Epoch:1
LR: 0.001
Itr		Time		  Data		  Loss		Acc
[0/164]	0.1110 (0.1110)	0.1054 (0.1054)	0.048 (0.048)	98.44 (98.44)
[100/164]	0.0029 (0.0085)	0.0009 (0.0064)	0.021 (0.033)	99.22 (98.92)
[163/164]	0.0023 (0.0081)	0.0005 (0.0061)	0.001 (0.030)	100.00 (98.97)
 * Train Acc 98.966
 * Val Acc 99.021, Total time 0.27
validation split name: 1
 * Val Acc 99.291, Total time 0.29
validation split name: 2
 * Val Acc 99.021, Total time 0.26
====================== 3 =======================
Incremental class: Old valid output dimension: 4
Incremental class: New Valid output dimension: 6
Epoch:0
LR: 0.001
Itr		Time		  Data		  Loss		Acc
[0/157]	0.1073 (0.1073)	0.1015 (0.1015)	2.701 (2.701)	37.50 (37.50)
[100/157]	0.0021 (0.0084)	0.0001 (0.0062)	0.088 (0.199)	96.09 (93.57)
[156/157]	0.0116 (0.0080)	0.0095 (0.0059)	0.037 (0.149)	98.95 (95.16)
 * Train Acc 95.160
 * Val Acc 98.239, Total time 0.23
Epoch:1
LR: 0.001
Itr		Time		  Data		  Loss		Acc
[0/157]	0.1065 (0.1065)	0.1007 (0.1007)	0.040 (0.040)	98.44 (98.44)
[100/157]	0.0185 (0.0087)	0.0165 (0.0065)	0.016 (0.029)	99.22 (98.98)
[156/157]	0.0019 (0.0082)	0.0001 (0.0061)	0.006 (0.028)	100.00 (99.08)
 * Train Acc 99.078
 * Val Acc 99.146, Total time 0.23
validation split name: 1
 * Val Acc 98.818, Total time 0.25
validation split name: 2
 * Val Acc 97.209, Total time 0.29
validation split name: 3
 * Val Acc 99.146, Total time 0.23
====================== 4 =======================
Incremental class: Old valid output dimension: 6
Incremental class: New Valid output dimension: 8
Epoch:0
LR: 0.001
Itr		Time		  Data		  Loss		Acc
[0/164]	0.1121 (0.1121)	0.1053 (0.1053)	2.625 (2.625)	37.50 (37.50)
[100/164]	0.0027 (0.0084)	0.0008 (0.0063)	0.059 (0.170)	97.66 (94.56)
[163/164]	0.0032 (0.0080)	0.0009 (0.0059)	0.048 (0.124)	97.39 (96.04)
 * Train Acc 96.039
 * Val Acc 98.892, Total time 0.26
Epoch:1
LR: 0.001
Itr		Time		  Data		  Loss		Acc
[0/164]	0.1122 (0.1122)	0.1064 (0.1064)	0.015 (0.015)	99.22 (99.22)
[100/164]	0.0021 (0.0084)	0.0001 (0.0063)	0.014 (0.018)	99.22 (99.45)
[163/164]	0.0020 (0.0080)	0.0002 (0.0059)	0.015 (0.020)	99.13 (99.38)
 * Train Acc 99.376
 * Val Acc 98.691, Total time 0.24
validation split name: 1
 * Val Acc 98.534, Total time 0.25
validation split name: 2
 * Val Acc 94.809, Total time 0.25
validation split name: 3
 * Val Acc 97.492, Total time 0.23
validation split name: 4
 * Val Acc 98.691, Total time 0.25
====================== 5 =======================
Incremental class: Old valid output dimension: 8
Incremental class: New Valid output dimension: 10
Epoch:0
LR: 0.001
Itr		Time		  Data		  Loss		Acc
[0/161]	0.1081 (0.1081)	0.1023 (0.1023)	3.126 (3.126)	40.62 (40.62)
[100/161]	0.0044 (0.0086)	0.0024 (0.0064)	0.042 (0.265)	99.22 (91.91)
[160/161]	0.0166 (0.0082)	0.0145 (0.0061)	0.087 (0.202)	98.33 (93.79)
 * Train Acc 93.786
 * Val Acc 96.823, Total time 0.23
Epoch:1
LR: 0.001
Itr		Time		  Data		  Loss		Acc
[0/161]	0.1072 (0.1072)	0.1014 (0.1014)	0.087 (0.087)	97.66 (97.66)
[100/161]	0.0019 (0.0090)	0.0001 (0.0066)	0.040 (0.051)	98.44 (98.37)
[160/161]	0.0019 (0.0085)	0.0001 (0.0063)	0.044 (0.047)	98.33 (98.49)
 * Train Acc 98.490
 * Val Acc 98.033, Total time 0.24
validation split name: 1
 * Val Acc 97.730, Total time 0.25
validation split name: 2
 * Val Acc 93.732, Total time 0.26
validation split name: 3
 * Val Acc 92.796, Total time 0.23
validation split name: 4
 * Val Acc 94.763, Total time 0.25
validation split name: 5
 * Val Acc 98.033, Total time 0.28
OrderedDict([('1', OrderedDict([('1', 99.90543735224587), ('2', 99.29078014184397), ('3', 98.81796690307328), ('4', 98.53427895981088), ('5', 97.73049645390071)])), ('2', OrderedDict([('2', 99.0205680705191), ('3', 97.20861900097943), ('4', 94.80901077375123), ('5', 93.73163565132224)])), ('3', OrderedDict([('3', 99.1462113127001), ('4', 97.49199573105656), ('5', 92.79615795090714)])), ('4', OrderedDict([('4', 98.6908358509567), ('5', 94.76334340382678)])), ('5', OrderedDict([('5', 98.03328290468987)]))])
Task 1 average acc: 99.90543735224587
Task 2 average acc: 99.15567410618154
Task 3 average acc: 98.39093240558425
Task 4 average acc: 97.38153032889385
Task 5 average acc: 95.41098327292936
===Summary of experiment repeats: 1 / 5 ===
The regularization coefficient: 0.0
The last avg acc of all repeats: [95.41098327  0.          0.          0.          0.        ]
mean: 19.08219665458587 std: 38.164393309171736
split_boundaries: [0, 2, 4, 6, 8, 10]
{'1': [0, 1], '2': [2, 3], '3': [4, 5], '4': [6, 7], '5': [8, 9]}
MLP(
  (linear): Sequential(
    (0): Linear(in_features=1024, out_features=400, bias=True)
    (1): ReLU(inplace=True)
    (2): Linear(in_features=400, out_features=400, bias=True)
    (3): ReLU(inplace=True)
  )
  (last): ModuleDict(
    (All): Linear(in_features=400, out_features=10, bias=True)
  )
)
#parameter of model: 574410
Task order: ['1', '2', '3', '4', '5']
====================== 1 =======================
Incremental class: Old valid output dimension: ALL
Incremental class: New Valid output dimension: 2
Epoch:0
LR: 0.001
Itr		Time		  Data		  Loss		Acc
[0/99]	0.1174 (0.1174)	0.1089 (0.1089)	0.691 (0.691)	6.25 (6.25)
[98/99]	0.0019 (0.0082)	0.0001 (0.0061)	0.121 (0.028)	98.35 (98.47)
 * Train Acc 98.468
 * Val Acc 99.716, Total time 0.30
Epoch:1
LR: 0.001
Itr		Time		  Data		  Loss		Acc
[0/99]	0.1091 (0.1091)	0.1039 (0.1039)	0.027 (0.027)	99.22 (99.22)
[98/99]	0.0019 (0.0084)	0.0001 (0.0065)	0.000 (0.002)	100.00 (99.89)
 * Train Acc 99.889
 * Val Acc 99.953, Total time 0.30
validation split name: 1
 * Val Acc 99.953, Total time 0.26
====================== 2 =======================
Incremental class: Old valid output dimension: 2
Incremental class: New Valid output dimension: 4
Epoch:0
LR: 0.001
Itr		Time		  Data		  Loss		Acc
[0/164]	0.1111 (0.1111)	0.1051 (0.1051)	1.939 (1.939)	41.41 (41.41)
[100/164]	0.0022 (0.0084)	0.0003 (0.0062)	0.022 (0.165)	100.00 (94.09)
[163/164]	0.0019 (0.0081)	0.0001 (0.0059)	0.133 (0.125)	92.00 (95.60)
 * Train Acc 95.601
 * Val Acc 98.482, Total time 0.25
Epoch:1
LR: 0.001
Itr		Time		  Data		  Loss		Acc
[0/164]	0.1081 (0.1081)	0.1028 (0.1028)	0.043 (0.043)	97.66 (97.66)
[100/164]	0.0170 (0.0085)	0.0149 (0.0066)	0.005 (0.035)	100.00 (98.75)
[163/164]	0.0023 (0.0080)	0.0005 (0.0061)	0.087 (0.034)	92.00 (98.81)
 * Train Acc 98.813
 * Val Acc 99.265, Total time 0.25
validation split name: 1
 * Val Acc 99.054, Total time 0.25
validation split name: 2
 * Val Acc 99.265, Total time 0.25
====================== 3 =======================
Incremental class: Old valid output dimension: 4
Incremental class: New Valid output dimension: 6
Epoch:0
LR: 0.001
Itr		Time		  Data		  Loss		Acc
[0/157]	0.1106 (0.1106)	0.1037 (0.1037)	2.315 (2.315)	42.19 (42.19)
[100/157]	0.0162 (0.0086)	0.0142 (0.0065)	0.022 (0.191)	100.00 (94.02)
[156/157]	0.0019 (0.0082)	0.0001 (0.0061)	0.055 (0.143)	97.89 (95.44)
 * Train Acc 95.439
 * Val Acc 98.613, Total time 0.24
Epoch:1
LR: 0.001
Itr		Time		  Data		  Loss		Acc
[0/157]	0.1119 (0.1119)	0.1058 (0.1058)	0.057 (0.057)	99.22 (99.22)
[100/157]	0.0020 (0.0087)	0.0001 (0.0067)	0.017 (0.030)	99.22 (99.03)
[156/157]	0.0123 (0.0083)	0.0103 (0.0062)	0.054 (0.032)	97.89 (98.95)
 * Train Acc 98.953
 * Val Acc 98.239, Total time 0.23
validation split name: 1
 * Val Acc 99.385, Total time 0.28
validation split name: 2
 * Val Acc 97.943, Total time 0.24
validation split name: 3
 * Val Acc 98.239, Total time 0.22
====================== 4 =======================
Incremental class: Old valid output dimension: 6
Incremental class: New Valid output dimension: 8
Epoch:0
LR: 0.001
Itr		Time		  Data		  Loss		Acc
[0/164]	0.1081 (0.1081)	0.1020 (0.1020)	2.489 (2.489)	44.53 (44.53)
[100/164]	0.0020 (0.0085)	0.0001 (0.0063)	0.091 (0.192)	96.88 (94.22)
[163/164]	0.0021 (0.0081)	0.0001 (0.0059)	0.023 (0.138)	100.00 (95.87)
 * Train Acc 95.867
 * Val Acc 98.691, Total time 0.24
Epoch:1
LR: 0.001
Itr		Time		  Data		  Loss		Acc
[0/164]	0.1069 (0.1069)	0.1015 (0.1015)	0.028 (0.028)	99.22 (99.22)
[100/164]	0.0021 (0.0085)	0.0002 (0.0063)	0.008 (0.028)	100.00 (99.13)
[163/164]	0.0019 (0.0081)	0.0001 (0.0059)	0.011 (0.027)	100.00 (99.16)
 * Train Acc 99.156
 * Val Acc 99.094, Total time 0.24
validation split name: 1
 * Val Acc 97.778, Total time 0.25
validation split name: 2
 * Val Acc 95.201, Total time 0.25
validation split name: 3
 * Val Acc 97.439, Total time 0.23
validation split name: 4
 * Val Acc 99.094, Total time 0.24
====================== 5 =======================
Incremental class: Old valid output dimension: 8
Incremental class: New Valid output dimension: 10
Epoch:0
LR: 0.001
Itr		Time		  Data		  Loss		Acc
[0/161]	0.1094 (0.1094)	0.1031 (0.1031)	2.910 (2.910)	45.31 (45.31)
[100/161]	0.0170 (0.0086)	0.0148 (0.0064)	0.143 (0.308)	94.53 (90.68)
[160/161]	0.0150 (0.0083)	0.0129 (0.0060)	0.201 (0.230)	94.17 (92.99)
 * Train Acc 92.985
 * Val Acc 97.126, Total time 0.24
Epoch:1
LR: 0.001
Itr		Time		  Data		  Loss		Acc
[0/161]	0.1096 (0.1096)	0.1037 (0.1037)	0.035 (0.035)	99.22 (99.22)
[100/161]	0.0026 (0.0084)	0.0008 (0.0065)	0.012 (0.062)	99.22 (98.09)
[160/161]	0.0019 (0.0081)	0.0001 (0.0062)	0.039 (0.058)	99.17 (98.22)
 * Train Acc 98.218
 * Val Acc 98.739, Total time 0.23
validation split name: 1
 * Val Acc 97.163, Total time 0.29
validation split name: 2
 * Val Acc 93.487, Total time 0.25
validation split name: 3
 * Val Acc 88.367, Total time 0.24
validation split name: 4
 * Val Acc 95.418, Total time 0.28
validation split name: 5
 * Val Acc 98.739, Total time 0.25
OrderedDict([('1', OrderedDict([('1', 99.95271867612293), ('2', 99.05437352245863), ('3', 99.38534278959811), ('4', 97.77777777777777), ('5', 97.16312056737588)])), ('2', OrderedDict([('2', 99.26542605288932), ('3', 97.94319294809011), ('4', 95.20078354554359), ('5', 93.486777668952)])), ('3', OrderedDict([('3', 98.23906083244397), ('4', 97.43863393810032), ('5', 88.36712913553896)])), ('4', OrderedDict([('4', 99.09365558912387), ('5', 95.41792547834844)])), ('5', OrderedDict([('5', 98.73928391326274)]))])
Task 1 average acc: 99.95271867612293
Task 2 average acc: 99.15989978767398
Task 3 average acc: 98.52253219004406
Task 4 average acc: 97.3777127126364
Task 5 average acc: 94.6348473526956
===Summary of experiment repeats: 2 / 5 ===
The regularization coefficient: 0.0
The last avg acc of all repeats: [95.41098327 94.63484735  0.          0.          0.        ]
mean: 38.00916612512499 std: 46.55217828402546
split_boundaries: [0, 2, 4, 6, 8, 10]
{'1': [0, 1], '2': [2, 3], '3': [4, 5], '4': [6, 7], '5': [8, 9]}
MLP(
  (linear): Sequential(
    (0): Linear(in_features=1024, out_features=400, bias=True)
    (1): ReLU(inplace=True)
    (2): Linear(in_features=400, out_features=400, bias=True)
    (3): ReLU(inplace=True)
  )
  (last): ModuleDict(
    (All): Linear(in_features=400, out_features=10, bias=True)
  )
)
#parameter of model: 574410
Task order: ['1', '2', '3', '4', '5']
====================== 1 =======================
Incremental class: Old valid output dimension: ALL
Incremental class: New Valid output dimension: 2
Epoch:0
LR: 0.001
Itr		Time		  Data		  Loss		Acc
[0/99]	0.1077 (0.1077)	0.1017 (0.1017)	0.685 (0.685)	32.81 (32.81)
[98/99]	0.0020 (0.0086)	0.0001 (0.0064)	0.000 (0.025)	100.00 (98.79)
 * Train Acc 98.792
 * Val Acc 99.858, Total time 0.25
Epoch:1
LR: 0.001
Itr		Time		  Data		  Loss		Acc
[0/99]	0.1099 (0.1099)	0.1029 (0.1029)	0.000 (0.000)	100.00 (100.00)
[98/99]	0.0120 (0.0084)	0.0098 (0.0061)	0.000 (0.003)	100.00 (99.84)
 * Train Acc 99.842
 * Val Acc 99.858, Total time 0.25
validation split name: 1
 * Val Acc 99.858, Total time 0.26
====================== 2 =======================
Incremental class: Old valid output dimension: 2
Incremental class: New Valid output dimension: 4
Epoch:0
LR: 0.001
Itr		Time		  Data		  Loss		Acc
[0/164]	0.1064 (0.1064)	0.1011 (0.1011)	1.577 (1.577)	47.66 (47.66)
[100/164]	0.0190 (0.0088)	0.0170 (0.0067)	0.100 (0.160)	96.88 (94.31)
[163/164]	0.0026 (0.0082)	0.0008 (0.0062)	0.014 (0.121)	100.00 (95.78)
 * Train Acc 95.782
 * Val Acc 98.090, Total time 0.24
Epoch:1
LR: 0.001
Itr		Time		  Data		  Loss		Acc
[0/164]	0.1079 (0.1079)	0.1024 (0.1024)	0.044 (0.044)	98.44 (98.44)
[100/164]	0.0149 (0.0085)	0.0130 (0.0063)	0.013 (0.032)	100.00 (98.96)
[163/164]	0.0023 (0.0081)	0.0005 (0.0059)	0.003 (0.031)	100.00 (98.96)
 * Train Acc 98.956
 * Val Acc 98.580, Total time 0.25
validation split name: 1
 * Val Acc 98.960, Total time 0.27
validation split name: 2
 * Val Acc 98.580, Total time 0.26
====================== 3 =======================
Incremental class: Old valid output dimension: 4
Incremental class: New Valid output dimension: 6
Epoch:0
LR: 0.001
Itr		Time		  Data		  Loss		Acc
[0/157]	0.1097 (0.1097)	0.1025 (0.1025)	1.968 (1.968)	43.75 (43.75)
[100/157]	0.0079 (0.0085)	0.0056 (0.0062)	0.039 (0.177)	98.44 (94.07)
[156/157]	0.0028 (0.0081)	0.0006 (0.0059)	0.049 (0.135)	98.95 (95.45)
 * Train Acc 95.449
 * Val Acc 98.719, Total time 0.24
Epoch:1
LR: 0.001
Itr		Time		  Data		  Loss		Acc
[0/157]	0.1070 (0.1070)	0.1012 (0.1012)	0.011 (0.011)	100.00 (100.00)
[100/157]	0.0023 (0.0084)	0.0002 (0.0063)	0.041 (0.033)	97.66 (98.95)
[156/157]	0.0118 (0.0081)	0.0097 (0.0060)	0.008 (0.032)	100.00 (98.99)
 * Train Acc 98.993
 * Val Acc 98.879, Total time 0.23
validation split name: 1
 * Val Acc 99.196, Total time 0.25
validation split name: 2
 * Val Acc 97.796, Total time 0.25
validation split name: 3
 * Val Acc 98.879, Total time 0.23
====================== 4 =======================
Incremental class: Old valid output dimension: 6
Incremental class: New Valid output dimension: 8
Epoch:0
LR: 0.001
Itr		Time		  Data		  Loss		Acc
[0/164]	0.1080 (0.1080)	0.1023 (0.1023)	2.967 (2.967)	37.50 (37.50)
[100/164]	0.0181 (0.0088)	0.0161 (0.0067)	0.061 (0.174)	97.66 (94.79)
[163/164]	0.0166 (0.0085)	0.0147 (0.0063)	0.079 (0.128)	95.65 (96.18)
 * Train Acc 96.177
 * Val Acc 97.835, Total time 0.24
Epoch:1
LR: 0.001
Itr		Time		  Data		  Loss		Acc
[0/164]	0.1115 (0.1115)	0.1064 (0.1064)	0.052 (0.052)	98.44 (98.44)
[100/164]	0.0045 (0.0085)	0.0023 (0.0063)	0.029 (0.022)	99.22 (99.27)
[163/164]	0.0066 (0.0081)	0.0043 (0.0059)	0.018 (0.022)	99.13 (99.24)
 * Train Acc 99.237
 * Val Acc 99.345, Total time 0.25
validation split name: 1
 * Val Acc 97.967, Total time 0.26
validation split name: 2
 * Val Acc 95.250, Total time 0.26
validation split name: 3
 * Val Acc 94.717, Total time 0.23
validation split name: 4
 * Val Acc 99.345, Total time 0.28
====================== 5 =======================
Incremental class: Old valid output dimension: 8
Incremental class: New Valid output dimension: 10
Epoch:0
LR: 0.001
Itr		Time		  Data		  Loss		Acc
[0/161]	0.1073 (0.1073)	0.1018 (0.1018)	2.749 (2.749)	46.09 (46.09)
[100/161]	0.0028 (0.0085)	0.0008 (0.0063)	0.087 (0.278)	96.09 (91.10)
[160/161]	0.0033 (0.0081)	0.0012 (0.0060)	0.036 (0.210)	99.17 (93.21)
 * Train Acc 93.214
 * Val Acc 97.075, Total time 0.27
Epoch:1
LR: 0.001
Itr		Time		  Data		  Loss		Acc
[0/161]	0.1119 (0.1119)	0.1071 (0.1071)	0.045 (0.045)	98.44 (98.44)
[100/161]	0.0019 (0.0087)	0.0001 (0.0069)	0.078 (0.052)	98.44 (98.34)
[160/161]	0.0018 (0.0084)	0.0001 (0.0065)	0.086 (0.049)	96.67 (98.39)
 * Train Acc 98.393
 * Val Acc 98.386, Total time 0.24
validation split name: 1
 * Val Acc 95.130, Total time 0.26
validation split name: 2
 * Val Acc 94.907, Total time 0.25
validation split name: 3
 * Val Acc 86.606, Total time 0.23
validation split name: 4
 * Val Acc 94.058, Total time 0.24
validation split name: 5
 * Val Acc 98.386, Total time 0.24
OrderedDict([('1', OrderedDict([('1', 99.8581560283688), ('2', 98.95981087470449), ('3', 99.19621749408984), ('4', 97.96690307328605), ('5', 95.13002364066193)])), ('2', OrderedDict([('2', 98.5798237022527), ('3', 97.79627815866797), ('4', 95.24975514201763), ('5', 94.90695396669932)])), ('3', OrderedDict([('3', 98.87940234791888), ('4', 94.7171824973319), ('5', 86.60618996798293)])), ('4', OrderedDict([('4', 99.34541792547834), ('5', 94.05840886203424)])), ('5', OrderedDict([('5', 98.3862834089763)]))])
Task 1 average acc: 99.8581560283688
Task 2 average acc: 98.76981728847859
Task 3 average acc: 98.62396600022556
Task 4 average acc: 96.81981465952848
Task 5 average acc: 93.81757196927094
===Summary of experiment repeats: 3 / 5 ===
The regularization coefficient: 0.0
The last avg acc of all repeats: [95.41098327 94.63484735 93.81757197  0.          0.        ]
mean: 56.77268051897918 std: 46.35743868298624
split_boundaries: [0, 2, 4, 6, 8, 10]
{'1': [0, 1], '2': [2, 3], '3': [4, 5], '4': [6, 7], '5': [8, 9]}
MLP(
  (linear): Sequential(
    (0): Linear(in_features=1024, out_features=400, bias=True)
    (1): ReLU(inplace=True)
    (2): Linear(in_features=400, out_features=400, bias=True)
    (3): ReLU(inplace=True)
  )
  (last): ModuleDict(
    (All): Linear(in_features=400, out_features=10, bias=True)
  )
)
#parameter of model: 574410
Task order: ['1', '2', '3', '4', '5']
====================== 1 =======================
Incremental class: Old valid output dimension: ALL
Incremental class: New Valid output dimension: 2
Epoch:0
LR: 0.001
Itr		Time		  Data		  Loss		Acc
[0/99]	0.1173 (0.1173)	0.1093 (0.1093)	0.654 (0.654)	0.00 (0.00)
[98/99]	0.0019 (0.0083)	0.0001 (0.0062)	0.000 (0.022)	100.00 (98.19)
 * Train Acc 98.192
 * Val Acc 99.669, Total time 0.26
Epoch:1
LR: 0.001
Itr		Time		  Data		  Loss		Acc
[0/99]	0.1088 (0.1088)	0.1023 (0.1023)	0.003 (0.003)	99.22 (99.22)
[98/99]	0.0020 (0.0085)	0.0001 (0.0062)	0.006 (0.003)	99.17 (99.70)
 * Train Acc 99.700
 * Val Acc 99.858, Total time 0.25
validation split name: 1
 * Val Acc 99.858, Total time 0.26
====================== 2 =======================
Incremental class: Old valid output dimension: 2
Incremental class: New Valid output dimension: 4
Epoch:0
LR: 0.001
Itr		Time		  Data		  Loss		Acc
[0/164]	0.1135 (0.1135)	0.1076 (0.1076)	2.051 (2.051)	42.97 (42.97)
[100/164]	0.0030 (0.0086)	0.0008 (0.0063)	0.055 (0.162)	97.66 (94.35)
[163/164]	0.0019 (0.0082)	0.0001 (0.0061)	0.214 (0.122)	92.00 (95.81)
 * Train Acc 95.811
 * Val Acc 98.237, Total time 0.25
Epoch:1
LR: 0.001
Itr		Time		  Data		  Loss		Acc
[0/164]	0.1098 (0.1098)	0.1043 (0.1043)	0.022 (0.022)	99.22 (99.22)
[100/164]	0.0020 (0.0085)	0.0001 (0.0063)	0.019 (0.035)	100.00 (98.75)
[163/164]	0.0021 (0.0081)	0.0001 (0.0060)	0.012 (0.033)	100.00 (98.86)
 * Train Acc 98.856
 * Val Acc 98.874, Total time 0.26
validation split name: 1
 * Val Acc 99.622, Total time 0.26
validation split name: 2
 * Val Acc 98.874, Total time 0.26
====================== 3 =======================
Incremental class: Old valid output dimension: 4
Incremental class: New Valid output dimension: 6
Epoch:0
LR: 0.001
Itr		Time		  Data		  Loss		Acc
[0/157]	0.1071 (0.1071)	0.1020 (0.1020)	2.099 (2.099)	45.31 (45.31)
[100/157]	0.0029 (0.0084)	0.0007 (0.0063)	0.085 (0.182)	96.88 (94.08)
[156/157]	0.0093 (0.0081)	0.0071 (0.0060)	0.029 (0.140)	100.00 (95.49)
 * Train Acc 95.489
 * Val Acc 97.812, Total time 0.23
Epoch:1
LR: 0.001
Itr		Time		  Data		  Loss		Acc
[0/157]	0.1109 (0.1109)	0.1056 (0.1056)	0.085 (0.085)	96.09 (96.09)
[100/157]	0.0020 (0.0085)	0.0001 (0.0064)	0.012 (0.033)	100.00 (98.92)
[156/157]	0.0125 (0.0081)	0.0106 (0.0060)	0.014 (0.032)	100.00 (98.93)
 * Train Acc 98.928
 * Val Acc 99.039, Total time 0.24
validation split name: 1
 * Val Acc 98.723, Total time 0.25
validation split name: 2
 * Val Acc 97.209, Total time 0.27
validation split name: 3
 * Val Acc 99.039, Total time 0.23
====================== 4 =======================
Incremental class: Old valid output dimension: 6
Incremental class: New Valid output dimension: 8
Epoch:0
LR: 0.001
Itr		Time		  Data		  Loss		Acc
[0/164]	0.1081 (0.1081)	0.1027 (0.1027)	2.226 (2.226)	37.50 (37.50)
[100/164]	0.0023 (0.0086)	0.0001 (0.0064)	0.063 (0.145)	98.44 (95.53)
[163/164]	0.0020 (0.0082)	0.0001 (0.0061)	0.070 (0.111)	96.52 (96.62)
 * Train Acc 96.620
 * Val Acc 98.741, Total time 0.25
Epoch:1
LR: 0.001
Itr		Time		  Data		  Loss		Acc
[0/164]	0.1068 (0.1068)	0.1013 (0.1013)	0.008 (0.008)	100.00 (100.00)
[100/164]	0.0183 (0.0086)	0.0162 (0.0065)	0.004 (0.026)	100.00 (99.19)
[163/164]	0.0162 (0.0083)	0.0143 (0.0061)	0.043 (0.023)	99.13 (99.31)
 * Train Acc 99.314
 * Val Acc 98.792, Total time 0.25
validation split name: 1
 * Val Acc 98.014, Total time 0.26
validation split name: 2
 * Val Acc 96.131, Total time 0.28
validation split name: 3
 * Val Acc 96.585, Total time 0.23
validation split name: 4
 * Val Acc 98.792, Total time 0.28
====================== 5 =======================
Incremental class: Old valid output dimension: 8
Incremental class: New Valid output dimension: 10
Epoch:0
LR: 0.001
Itr		Time		  Data		  Loss		Acc
[0/161]	0.1125 (0.1125)	0.1069 (0.1069)	3.371 (3.371)	37.50 (37.50)
[100/161]	0.0021 (0.0086)	0.0002 (0.0064)	0.167 (0.263)	95.31 (91.92)
[160/161]	0.0019 (0.0083)	0.0001 (0.0062)	0.199 (0.201)	95.00 (93.78)
 * Train Acc 93.782
 * Val Acc 97.630, Total time 0.23
Epoch:1
LR: 0.001
Itr		Time		  Data		  Loss		Acc
[0/161]	0.1126 (0.1126)	0.1061 (0.1061)	0.059 (0.059)	97.66 (97.66)
[100/161]	0.0059 (0.0086)	0.0040 (0.0067)	0.024 (0.054)	99.22 (98.28)
[160/161]	0.0045 (0.0082)	0.0027 (0.0063)	0.103 (0.051)	95.83 (98.41)
 * Train Acc 98.408
 * Val Acc 98.437, Total time 0.24
validation split name: 1
 * Val Acc 97.258, Total time 0.25
validation split name: 2
 * Val Acc 93.781, Total time 0.25
validation split name: 3
 * Val Acc 93.383, Total time 0.23
validation split name: 4
 * Val Acc 93.555, Total time 0.24
validation split name: 5
 * Val Acc 98.437, Total time 0.23
OrderedDict([('1', OrderedDict([('1', 99.8581560283688), ('2', 99.62174940898345), ('3', 98.72340425531915), ('4', 98.01418439716312), ('5', 97.25768321513003)])), ('2', OrderedDict([('2', 98.87365328109696), ('3', 97.20861900097943), ('4', 96.13124387855044), ('5', 93.78060724779628)])), ('3', OrderedDict([('3', 99.03948772678763), ('4', 96.58484525080043), ('5', 93.38313767342582)])), ('4', OrderedDict([('4', 98.79154078549848), ('5', 93.55488418932528)])), ('5', OrderedDict([('5', 98.43671205244578)]))])
Task 1 average acc: 99.8581560283688
Task 2 average acc: 99.24770134504021
Task 3 average acc: 98.32383699436207
Task 4 average acc: 97.38045357800311
Task 5 average acc: 95.28260487562463
===Summary of experiment repeats: 4 / 5 ===
The regularization coefficient: 0.0
The last avg acc of all repeats: [95.41098327 94.63484735 93.81757197 95.28260488  0.        ]
mean: 75.82920149410411 std: 37.918815035551255
split_boundaries: [0, 2, 4, 6, 8, 10]
{'1': [0, 1], '2': [2, 3], '3': [4, 5], '4': [6, 7], '5': [8, 9]}
MLP(
  (linear): Sequential(
    (0): Linear(in_features=1024, out_features=400, bias=True)
    (1): ReLU(inplace=True)
    (2): Linear(in_features=400, out_features=400, bias=True)
    (3): ReLU(inplace=True)
  )
  (last): ModuleDict(
    (All): Linear(in_features=400, out_features=10, bias=True)
  )
)
#parameter of model: 574410
Task order: ['1', '2', '3', '4', '5']
====================== 1 =======================
Incremental class: Old valid output dimension: ALL
Incremental class: New Valid output dimension: 2
Epoch:0
LR: 0.001
Itr		Time		  Data		  Loss		Acc
[0/99]	0.1080 (0.1080)	0.0998 (0.0998)	0.732 (0.732)	0.00 (0.00)
[98/99]	0.0023 (0.0082)	0.0001 (0.0060)	0.000 (0.027)	100.00 (98.33)
 * Train Acc 98.334
 * Val Acc 99.905, Total time 0.29
Epoch:1
LR: 0.001
Itr		Time		  Data		  Loss		Acc
[0/99]	0.1160 (0.1160)	0.1098 (0.1098)	0.007 (0.007)	99.22 (99.22)
[98/99]	0.0040 (0.0084)	0.0016 (0.0063)	0.000 (0.003)	100.00 (99.85)
 * Train Acc 99.850
 * Val Acc 99.905, Total time 0.25
validation split name: 1
 * Val Acc 99.905, Total time 0.25
====================== 2 =======================
Incremental class: Old valid output dimension: 2
Incremental class: New Valid output dimension: 4
Epoch:0
LR: 0.001
Itr		Time		  Data		  Loss		Acc
[0/164]	0.1101 (0.1101)	0.1042 (0.1042)	2.079 (2.079)	37.50 (37.50)
[100/164]	0.0022 (0.0084)	0.0001 (0.0062)	0.057 (0.168)	98.44 (94.48)
[163/164]	0.0019 (0.0080)	0.0001 (0.0059)	0.036 (0.128)	100.00 (95.84)
 * Train Acc 95.845
 * Val Acc 98.531, Total time 0.25
Epoch:1
LR: 0.001
Itr		Time		  Data		  Loss		Acc
[0/164]	0.1124 (0.1124)	0.1072 (0.1072)	0.016 (0.016)	99.22 (99.22)
[100/164]	0.0020 (0.0085)	0.0001 (0.0064)	0.021 (0.036)	98.44 (98.80)
[163/164]	0.0019 (0.0081)	0.0001 (0.0060)	0.220 (0.034)	96.00 (98.88)
 * Train Acc 98.885
 * Val Acc 99.119, Total time 0.25
validation split name: 1
 * Val Acc 99.196, Total time 0.30
validation split name: 2
 * Val Acc 99.119, Total time 0.26
====================== 3 =======================
Incremental class: Old valid output dimension: 4
Incremental class: New Valid output dimension: 6
Epoch:0
LR: 0.001
Itr		Time		  Data		  Loss		Acc
[0/157]	0.1082 (0.1082)	0.1026 (0.1026)	1.873 (1.873)	39.84 (39.84)
[100/157]	0.0021 (0.0087)	0.0001 (0.0065)	0.116 (0.181)	96.88 (93.84)
[156/157]	0.0126 (0.0083)	0.0107 (0.0062)	0.084 (0.138)	97.89 (95.35)
 * Train Acc 95.350
 * Val Acc 99.146, Total time 0.23
Epoch:1
LR: 0.001
Itr		Time		  Data		  Loss		Acc
[0/157]	0.1081 (0.1081)	0.1026 (0.1026)	0.036 (0.036)	98.44 (98.44)
[100/157]	0.0112 (0.0085)	0.0090 (0.0064)	0.021 (0.032)	99.22 (99.04)
[156/157]	0.0020 (0.0081)	0.0001 (0.0060)	0.008 (0.029)	100.00 (99.14)
 * Train Acc 99.138
 * Val Acc 98.933, Total time 0.27
validation split name: 1
 * Val Acc 98.771, Total time 0.29
validation split name: 2
 * Val Acc 96.866, Total time 0.25
validation split name: 3
 * Val Acc 98.933, Total time 0.23
====================== 4 =======================
Incremental class: Old valid output dimension: 6
Incremental class: New Valid output dimension: 8
Epoch:0
LR: 0.001
Itr		Time		  Data		  Loss		Acc
[0/164]	0.1068 (0.1068)	0.1008 (0.1008)	2.314 (2.314)	45.31 (45.31)
[100/164]	0.0038 (0.0084)	0.0015 (0.0063)	0.034 (0.150)	99.22 (95.29)
[163/164]	0.0027 (0.0081)	0.0005 (0.0059)	0.091 (0.111)	96.52 (96.51)
 * Train Acc 96.511
 * Val Acc 99.094, Total time 0.28
Epoch:1
LR: 0.001
Itr		Time		  Data		  Loss		Acc
[0/164]	0.1061 (0.1061)	0.1003 (0.1003)	0.020 (0.020)	99.22 (99.22)
[100/164]	0.0021 (0.0084)	0.0001 (0.0063)	0.010 (0.024)	99.22 (99.28)
[163/164]	0.0019 (0.0080)	0.0001 (0.0059)	0.009 (0.023)	100.00 (99.31)
 * Train Acc 99.309
 * Val Acc 98.993, Total time 0.25
validation split name: 1
 * Val Acc 98.014, Total time 0.25
validation split name: 2
 * Val Acc 94.662, Total time 0.25
validation split name: 3
 * Val Acc 96.211, Total time 0.23
validation split name: 4
 * Val Acc 98.993, Total time 0.24
====================== 5 =======================
Incremental class: Old valid output dimension: 8
Incremental class: New Valid output dimension: 10
Epoch:0
LR: 0.001
Itr		Time		  Data		  Loss		Acc
[0/161]	0.1141 (0.1141)	0.1089 (0.1089)	2.169 (2.169)	50.78 (50.78)
[100/161]	0.0019 (0.0085)	0.0001 (0.0066)	0.107 (0.276)	95.31 (91.76)
[160/161]	0.0018 (0.0081)	0.0001 (0.0063)	0.075 (0.212)	97.50 (93.53)
 * Train Acc 93.534
 * Val Acc 97.327, Total time 0.24
Epoch:1
LR: 0.001
Itr		Time		  Data		  Loss		Acc
[0/161]	0.1101 (0.1101)	0.1044 (0.1044)	0.094 (0.094)	98.44 (98.44)
[100/161]	0.0030 (0.0086)	0.0008 (0.0064)	0.074 (0.062)	97.66 (98.21)
[160/161]	0.0019 (0.0082)	0.0001 (0.0061)	0.035 (0.055)	99.17 (98.30)
 * Train Acc 98.301
 * Val Acc 97.781, Total time 0.24
validation split name: 1
 * Val Acc 96.927, Total time 0.25
validation split name: 2
 * Val Acc 93.340, Total time 0.26
validation split name: 3
 * Val Acc 94.664, Total time 0.22
validation split name: 4
 * Val Acc 94.713, Total time 0.26
validation split name: 5
 * Val Acc 97.781, Total time 0.25
OrderedDict([('1', OrderedDict([('1', 99.90543735224587), ('2', 99.19621749408984), ('3', 98.77068557919621), ('4', 98.01418439716312), ('5', 96.92671394799055)])), ('2', OrderedDict([('2', 99.11851126346718), ('3', 96.86581782566111), ('4', 94.66209598432908), ('5', 93.33986287952987)])), ('3', OrderedDict([('3', 98.93276414087514), ('4', 96.21131270010672), ('5', 94.66382070437567)])), ('4', OrderedDict([('4', 98.99295065458207), ('5', 94.7129909365559)])), ('5', OrderedDict([('5', 97.78113968734242)]))])
Task 1 average acc: 99.90543735224587
Task 2 average acc: 99.15736437877851
Task 3 average acc: 98.18975584857748
Task 4 average acc: 96.97013593404526
Task 5 average acc: 95.4849056311589
===Summary of experiment repeats: 5 / 5 ===
The regularization coefficient: 0.0
The last avg acc of all repeats: [95.41098327 94.63484735 93.81757197 95.28260488 95.48490563]
mean: 94.92618262033588 std: 0.6305765161293226
reg_coef: 0.0 mean: 94.92618262033588 std: 0.6305765161293226
Total Time for the script is 96.16611361503601 seconds
