split_boundaries: [0, 2, 4, 6, 8, 10]
{'1': [0, 1], '2': [2, 3], '3': [4, 5], '4': [6, 7], '5': [8, 9]}
MLP(
  (linear): Sequential(
    (0): Linear(in_features=1024, out_features=400, bias=True)
    (1): ReLU(inplace=True)
    (2): Linear(in_features=400, out_features=400, bias=True)
    (3): ReLU(inplace=True)
  )
  (last): ModuleDict(
    (All): Linear(in_features=400, out_features=10, bias=True)
  )
)
#parameter of model: 574410
Task order: ['1', '2', '3', '4', '5']
====================== 1 =======================
Incremental class: Old valid output dimension: ALL
Incremental class: New Valid output dimension: 2
Epoch:0
LR: 0.01
Itr		Time		  Data		  Loss		Acc
[0/99]	0.5350 (0.5350)	0.0914 (0.0914)	0.449 (0.449)	75.00 (75.00)
[98/99]	0.0114 (0.0167)	0.0005 (0.0016)	0.010 (0.021)	99.17 (99.44)
 * Train Acc 99.439
 * Val Acc 99.858, Total time 0.25
Epoch:1
LR: 0.01
Itr		Time		  Data		  Loss		Acc
[0/99]	0.1221 (0.1221)	0.1072 (0.1072)	0.010 (0.010)	99.22 (99.22)
[98/99]	0.0114 (0.0125)	0.0007 (0.0017)	0.001 (0.003)	100.00 (99.85)
 * Train Acc 99.850
 * Val Acc 99.905, Total time 0.25
validation split name: 1
 * Val Acc 99.905, Total time 0.29
====================== 2 =======================
Incremental class: Old valid output dimension: 2
Incremental class: New Valid output dimension: 4
Epoch:0
LR: 0.01
Itr		Time		  Data		  Loss		Acc
[0/194]	0.2138 (0.2138)	0.1079 (0.1079)	0.850 (0.850)	76.56 (76.56)
[100/194]	0.0944 (0.0964)	0.0008 (0.0018)	0.118 (0.230)	97.66 (96.04)
[193/194]	0.0959 (0.0958)	0.0009 (0.0013)	0.047 (0.177)	100.00 (96.85)
 * Train Acc 96.853
 * Val Acc 95.446, Total time 0.25
Epoch:1
LR: 0.01
Itr		Time		  Data		  Loss		Acc
[0/194]	0.2094 (0.2094)	0.1043 (0.1043)	0.125 (0.125)	97.66 (97.66)
[100/194]	0.0952 (0.0971)	0.0007 (0.0018)	0.067 (0.096)	100.00 (98.53)
[193/194]	0.0960 (0.0969)	0.0008 (0.0013)	0.048 (0.089)	100.00 (98.61)
 * Train Acc 98.606
 * Val Acc 97.551, Total time 0.25
validation split name: 1
 * Val Acc 99.574, Total time 0.26
validation split name: 2
 * Val Acc 97.551, Total time 0.25
====================== 3 =======================
Incremental class: Old valid output dimension: 4
Incremental class: New Valid output dimension: 6
Epoch:0
LR: 0.01
Itr		Time		  Data		  Loss		Acc
[0/213]	0.2066 (0.2066)	0.1064 (0.1064)	0.896 (0.896)	73.44 (73.44)
[100/213]	0.0930 (0.0937)	0.0009 (0.0019)	0.207 (0.372)	100.00 (95.70)
[200/213]	0.0933 (0.0932)	0.0009 (0.0013)	0.218 (0.300)	99.22 (96.86)
[212/213]	0.0924 (0.0932)	0.0008 (0.0013)	0.153 (0.294)	97.64 (96.95)
 * Train Acc 96.948
 * Val Acc 94.450, Total time 0.24
Epoch:1
LR: 0.01
Itr		Time		  Data		  Loss		Acc
[0/213]	0.2115 (0.2115)	0.1081 (0.1081)	0.231 (0.231)	100.00 (100.00)
[100/213]	0.0970 (0.0977)	0.0009 (0.0018)	0.126 (0.170)	100.00 (98.72)
[200/213]	0.0957 (0.0971)	0.0009 (0.0013)	0.120 (0.158)	99.22 (98.85)
[212/213]	0.0958 (0.0970)	0.0006 (0.0013)	0.123 (0.155)	100.00 (98.89)
 * Train Acc 98.889
 * Val Acc 95.678, Total time 0.24
validation split name: 1
 * Val Acc 99.480, Total time 0.25
validation split name: 2
 * Val Acc 98.580, Total time 0.25
validation split name: 3
 * Val Acc 95.678, Total time 0.25
====================== 4 =======================
Incremental class: Old valid output dimension: 6
Incremental class: New Valid output dimension: 8
Epoch:0
LR: 0.01
Itr		Time		  Data		  Loss		Acc
[0/221]	0.2104 (0.2104)	0.1057 (0.1057)	0.810 (0.810)	85.94 (85.94)
[100/221]	0.0945 (0.0958)	0.0009 (0.0019)	0.242 (0.319)	99.22 (97.66)
[200/221]	0.0944 (0.0951)	0.0010 (0.0013)	0.217 (0.267)	98.44 (98.16)
[220/221]	0.0941 (0.0951)	0.0008 (0.0013)	0.116 (0.262)	100.00 (98.23)
 * Train Acc 98.229
 * Val Acc 95.217, Total time 0.24
Epoch:1
LR: 0.01
Itr		Time		  Data		  Loss		Acc
[0/221]	0.2069 (0.2069)	0.1054 (0.1054)	0.194 (0.194)	100.00 (100.00)
[100/221]	0.0945 (0.0968)	0.0009 (0.0019)	0.168 (0.176)	97.66 (99.01)
[200/221]	0.0957 (0.0962)	0.0009 (0.0013)	0.122 (0.165)	100.00 (99.13)
[220/221]	0.0945 (0.0961)	0.0008 (0.0013)	0.119 (0.163)	100.00 (99.14)
 * Train Acc 99.141
 * Val Acc 95.921, Total time 0.24
validation split name: 1
 * Val Acc 99.243, Total time 0.26
validation split name: 2
 * Val Acc 98.139, Total time 0.26
validation split name: 3
 * Val Acc 98.559, Total time 0.23
validation split name: 4
 * Val Acc 95.921, Total time 0.24
====================== 5 =======================
Incremental class: Old valid output dimension: 8
Incremental class: New Valid output dimension: 10
Epoch:0
LR: 0.01
Itr		Time		  Data		  Loss		Acc
[0/218]	0.1992 (0.1992)	0.1076 (0.1076)	0.662 (0.662)	94.53 (94.53)
[100/218]	0.0864 (0.0893)	0.0007 (0.0018)	0.367 (0.349)	94.53 (97.06)
[200/218]	0.0913 (0.0887)	0.0009 (0.0012)	0.267 (0.308)	97.66 (97.49)
[217/218]	0.0871 (0.0886)	0.0006 (0.0012)	0.257 (0.303)	100.00 (97.54)
 * Train Acc 97.543
 * Val Acc 92.335, Total time 0.25
Epoch:1
LR: 0.01
Itr		Time		  Data		  Loss		Acc
[0/218]	0.2045 (0.2045)	0.1040 (0.1040)	0.274 (0.274)	98.44 (98.44)
[100/218]	0.0918 (0.0934)	0.0009 (0.0019)	0.215 (0.222)	97.66 (98.82)
[200/218]	0.0917 (0.0928)	0.0010 (0.0014)	0.160 (0.206)	96.88 (98.81)
[217/218]	0.0918 (0.0928)	0.0007 (0.0013)	0.156 (0.204)	100.00 (98.80)
 * Train Acc 98.799
 * Val Acc 94.554, Total time 0.24
validation split name: 1
 * Val Acc 99.149, Total time 0.26
validation split name: 2
 * Val Acc 97.796, Total time 0.26
validation split name: 3
 * Val Acc 97.759, Total time 0.23
validation split name: 4
 * Val Acc 97.936, Total time 0.24
validation split name: 5
 * Val Acc 94.554, Total time 0.23
OrderedDict([('1', OrderedDict([('1', 99.90543735224587), ('2', 99.57446808510639), ('3', 99.47990543735224), ('4', 99.24349881796691), ('5', 99.14893617021276)])), ('2', OrderedDict([('2', 97.55142017629775), ('3', 98.5798237022527), ('4', 98.13907933398629), ('5', 97.79627815866797)])), ('3', OrderedDict([('3', 95.67769477054429), ('4', 98.55923159018143), ('5', 97.75880469583778)])), ('4', OrderedDict([('4', 95.9214501510574), ('5', 97.93554884189325)])), ('5', OrderedDict([('5', 94.55370650529501)]))])
Task 1 average acc: 99.90543735224587
Task 2 average acc: 98.56294413070208
Task 3 average acc: 97.91247463671641
Task 4 average acc: 97.96581497329801
Task 5 average acc: 97.43865487438136
===Summary of experiment repeats: 1 / 5 ===
The regularization coefficient: 0.5
The last avg acc of all repeats: [97.43865487  0.          0.          0.          0.        ]
mean: 19.48773097487627 std: 38.975461949752535
split_boundaries: [0, 2, 4, 6, 8, 10]
{'1': [0, 1], '2': [2, 3], '3': [4, 5], '4': [6, 7], '5': [8, 9]}
MLP(
  (linear): Sequential(
    (0): Linear(in_features=1024, out_features=400, bias=True)
    (1): ReLU(inplace=True)
    (2): Linear(in_features=400, out_features=400, bias=True)
    (3): ReLU(inplace=True)
  )
  (last): ModuleDict(
    (All): Linear(in_features=400, out_features=10, bias=True)
  )
)
#parameter of model: 574410
Task order: ['1', '2', '3', '4', '5']
====================== 1 =======================
Incremental class: Old valid output dimension: ALL
Incremental class: New Valid output dimension: 2
Epoch:0
LR: 0.01
Itr		Time		  Data		  Loss		Acc
[0/99]	0.1185 (0.1185)	0.1047 (0.1047)	0.487 (0.487)	83.59 (83.59)
[98/99]	0.0115 (0.0126)	0.0006 (0.0017)	0.004 (0.023)	100.00 (99.49)
 * Train Acc 99.487
 * Val Acc 99.905, Total time 0.26
Epoch:1
LR: 0.01
Itr		Time		  Data		  Loss		Acc
[0/99]	0.1229 (0.1229)	0.1080 (0.1080)	0.001 (0.001)	100.00 (100.00)
[98/99]	0.0119 (0.0128)	0.0007 (0.0017)	0.001 (0.003)	100.00 (99.86)
 * Train Acc 99.858
 * Val Acc 99.953, Total time 0.25
validation split name: 1
 * Val Acc 99.953, Total time 0.25
====================== 2 =======================
Incremental class: Old valid output dimension: 2
Incremental class: New Valid output dimension: 4
Epoch:0
LR: 0.01
Itr		Time		  Data		  Loss		Acc
[0/194]	0.2144 (0.2144)	0.1098 (0.1098)	0.941 (0.941)	76.56 (76.56)
[100/194]	0.0961 (0.0971)	0.0009 (0.0019)	0.087 (0.230)	99.22 (95.80)
[193/194]	0.0948 (0.0965)	0.0007 (0.0014)	0.097 (0.180)	100.00 (96.76)
 * Train Acc 96.764
 * Val Acc 94.613, Total time 0.25
Epoch:1
LR: 0.01
Itr		Time		  Data		  Loss		Acc
[0/194]	0.2164 (0.2164)	0.1054 (0.1054)	0.126 (0.126)	99.22 (99.22)
[100/194]	0.0920 (0.0949)	0.0008 (0.0019)	0.085 (0.096)	99.22 (98.50)
[193/194]	0.0930 (0.0937)	0.0008 (0.0014)	0.023 (0.089)	100.00 (98.56)
 * Train Acc 98.558
 * Val Acc 97.160, Total time 0.25
validation split name: 1
 * Val Acc 99.764, Total time 0.26
validation split name: 2
 * Val Acc 97.160, Total time 0.25
====================== 3 =======================
Incremental class: Old valid output dimension: 4
Incremental class: New Valid output dimension: 6
Epoch:0
LR: 0.01
Itr		Time		  Data		  Loss		Acc
[0/213]	0.2021 (0.2021)	0.1073 (0.1073)	0.952 (0.952)	75.00 (75.00)
[100/213]	0.0898 (0.0909)	0.0007 (0.0017)	0.266 (0.376)	95.31 (95.91)
[200/213]	0.0888 (0.0903)	0.0006 (0.0012)	0.199 (0.303)	100.00 (96.98)
[212/213]	0.0909 (0.0903)	0.0006 (0.0012)	0.203 (0.297)	96.85 (97.06)
 * Train Acc 97.062
 * Val Acc 94.664, Total time 0.23
Epoch:1
LR: 0.01
Itr		Time		  Data		  Loss		Acc
[0/213]	0.2189 (0.2189)	0.1073 (0.1073)	0.300 (0.300)	98.44 (98.44)
[100/213]	0.0890 (0.0920)	0.0008 (0.0017)	0.188 (0.167)	100.00 (98.77)
[200/213]	0.0891 (0.0906)	0.0007 (0.0012)	0.169 (0.153)	99.22 (99.00)
[212/213]	0.0892 (0.0905)	0.0006 (0.0012)	0.137 (0.152)	100.00 (98.99)
 * Train Acc 98.995
 * Val Acc 95.678, Total time 0.23
validation split name: 1
 * Val Acc 99.480, Total time 0.25
validation split name: 2
 * Val Acc 98.629, Total time 0.25
validation split name: 3
 * Val Acc 95.678, Total time 0.23
====================== 4 =======================
Incremental class: Old valid output dimension: 6
Incremental class: New Valid output dimension: 8
Epoch:0
LR: 0.01
Itr		Time		  Data		  Loss		Acc
[0/221]	0.2098 (0.2098)	0.1049 (0.1049)	0.791 (0.791)	87.50 (87.50)
[100/221]	0.0965 (0.0972)	0.0008 (0.0018)	0.289 (0.304)	98.44 (97.59)
[200/221]	0.0976 (0.0969)	0.0008 (0.0013)	0.320 (0.258)	96.88 (98.18)
[220/221]	0.0962 (0.0969)	0.0006 (0.0012)	0.147 (0.253)	100.00 (98.23)
 * Train Acc 98.233
 * Val Acc 96.274, Total time 0.24
Epoch:1
LR: 0.01
Itr		Time		  Data		  Loss		Acc
[0/221]	0.2117 (0.2117)	0.1071 (0.1071)	0.197 (0.197)	99.22 (99.22)
[100/221]	0.0971 (0.0978)	0.0009 (0.0019)	0.168 (0.168)	98.44 (99.24)
[200/221]	0.0968 (0.0973)	0.0007 (0.0013)	0.145 (0.162)	100.00 (99.20)
[220/221]	0.0977 (0.0972)	0.0008 (0.0013)	0.097 (0.160)	100.00 (99.19)
 * Train Acc 99.187
 * Val Acc 95.770, Total time 0.25
validation split name: 1
 * Val Acc 98.960, Total time 0.25
validation split name: 2
 * Val Acc 98.286, Total time 0.26
validation split name: 3
 * Val Acc 98.773, Total time 0.25
validation split name: 4
 * Val Acc 95.770, Total time 0.24
====================== 5 =======================
Incremental class: Old valid output dimension: 8
Incremental class: New Valid output dimension: 10
Epoch:0
LR: 0.01
Itr		Time		  Data		  Loss		Acc
[0/218]	0.2090 (0.2090)	0.1086 (0.1086)	0.667 (0.667)	89.06 (89.06)
[100/218]	0.0934 (0.0939)	0.0009 (0.0019)	0.370 (0.358)	96.88 (96.81)
[200/218]	0.0914 (0.0931)	0.0009 (0.0014)	0.175 (0.307)	97.66 (97.37)
[217/218]	0.0913 (0.0930)	0.0008 (0.0013)	0.083 (0.300)	100.00 (97.46)
 * Train Acc 97.457
 * Val Acc 93.091, Total time 0.25
Epoch:1
LR: 0.01
Itr		Time		  Data		  Loss		Acc
[0/218]	0.2090 (0.2090)	0.1095 (0.1095)	0.274 (0.274)	99.22 (99.22)
[100/218]	0.0918 (0.0929)	0.0007 (0.0019)	0.128 (0.212)	100.00 (98.59)
[200/218]	0.0915 (0.0923)	0.0009 (0.0014)	0.186 (0.199)	99.22 (98.76)
[217/218]	0.0911 (0.0922)	0.0007 (0.0013)	0.129 (0.198)	100.00 (98.77)
 * Train Acc 98.773
 * Val Acc 94.352, Total time 0.24
validation split name: 1
 * Val Acc 99.102, Total time 0.26
validation split name: 2
 * Val Acc 97.405, Total time 0.26
validation split name: 3
 * Val Acc 98.666, Total time 0.24
validation split name: 4
 * Val Acc 97.080, Total time 0.25
validation split name: 5
 * Val Acc 94.352, Total time 0.24
OrderedDict([('1', OrderedDict([('1', 99.95271867612293), ('2', 99.76359338061465), ('3', 99.47990543735224), ('4', 98.95981087470449), ('5', 99.10165484633569)])), ('2', OrderedDict([('2', 97.15964740450539), ('3', 98.62879529872674), ('4', 98.28599412340843), ('5', 97.40450538687561)])), ('3', OrderedDict([('3', 95.67769477054429), ('4', 98.77267876200641), ('5', 98.66595517609392)])), ('4', OrderedDict([('4', 95.7703927492447), ('5', 97.07955689828802)])), ('5', OrderedDict([('5', 94.35199193141705)]))])
Task 1 average acc: 99.95271867612293
Task 2 average acc: 98.46162039256002
Task 3 average acc: 97.92879850220777
Task 4 average acc: 97.94721912734101
Task 5 average acc: 97.32073284780206
===Summary of experiment repeats: 2 / 5 ===
The regularization coefficient: 0.5
The last avg acc of all repeats: [97.43865487 97.32073285  0.          0.          0.        ]
mean: 38.951877544436684 std: 47.70612682785746
split_boundaries: [0, 2, 4, 6, 8, 10]
{'1': [0, 1], '2': [2, 3], '3': [4, 5], '4': [6, 7], '5': [8, 9]}
MLP(
  (linear): Sequential(
    (0): Linear(in_features=1024, out_features=400, bias=True)
    (1): ReLU(inplace=True)
    (2): Linear(in_features=400, out_features=400, bias=True)
    (3): ReLU(inplace=True)
  )
  (last): ModuleDict(
    (All): Linear(in_features=400, out_features=10, bias=True)
  )
)
#parameter of model: 574410
Task order: ['1', '2', '3', '4', '5']
====================== 1 =======================
Incremental class: Old valid output dimension: ALL
Incremental class: New Valid output dimension: 2
Epoch:0
LR: 0.01
Itr		Time		  Data		  Loss		Acc
[0/99]	0.1205 (0.1205)	0.1064 (0.1064)	0.513 (0.513)	61.72 (61.72)
[98/99]	0.0116 (0.0127)	0.0006 (0.0018)	0.001 (0.024)	100.00 (99.29)
 * Train Acc 99.289
 * Val Acc 99.905, Total time 0.29
Epoch:1
LR: 0.01
Itr		Time		  Data		  Loss		Acc
[0/99]	0.1240 (0.1240)	0.1095 (0.1095)	0.001 (0.001)	100.00 (100.00)
[98/99]	0.0119 (0.0129)	0.0007 (0.0018)	0.013 (0.003)	99.17 (99.87)
 * Train Acc 99.866
 * Val Acc 99.905, Total time 0.26
validation split name: 1
 * Val Acc 99.905, Total time 0.26
====================== 2 =======================
Incremental class: Old valid output dimension: 2
Incremental class: New Valid output dimension: 4
Epoch:0
LR: 0.01
Itr		Time		  Data		  Loss		Acc
[0/194]	0.2064 (0.2064)	0.1047 (0.1047)	0.847 (0.847)	76.56 (76.56)
[100/194]	0.0942 (0.0964)	0.0008 (0.0019)	0.213 (0.221)	96.09 (96.26)
[193/194]	0.0900 (0.0953)	0.0006 (0.0014)	0.049 (0.176)	100.00 (96.91)
 * Train Acc 96.906
 * Val Acc 95.935, Total time 0.25
Epoch:1
LR: 0.01
Itr		Time		  Data		  Loss		Acc
[0/194]	0.2094 (0.2094)	0.1067 (0.1067)	0.085 (0.085)	97.66 (97.66)
[100/194]	0.0937 (0.0951)	0.0009 (0.0019)	0.078 (0.100)	99.22 (98.45)
[193/194]	0.0950 (0.0951)	0.0008 (0.0014)	0.016 (0.088)	100.00 (98.67)
 * Train Acc 98.667
 * Val Acc 97.160, Total time 0.25
validation split name: 1
 * Val Acc 99.811, Total time 0.25
validation split name: 2
 * Val Acc 97.160, Total time 0.25
====================== 3 =======================
Incremental class: Old valid output dimension: 4
Incremental class: New Valid output dimension: 6
Epoch:0
LR: 0.01
Itr		Time		  Data		  Loss		Acc
[0/213]	0.2131 (0.2131)	0.1017 (0.1017)	0.980 (0.980)	78.12 (78.12)
[100/213]	0.0952 (0.0957)	0.0008 (0.0018)	0.295 (0.348)	96.88 (96.16)
[200/213]	0.0940 (0.0951)	0.0008 (0.0013)	0.188 (0.285)	99.22 (97.19)
[212/213]	0.0942 (0.0950)	0.0007 (0.0013)	0.214 (0.280)	100.00 (97.29)
 * Train Acc 97.286
 * Val Acc 95.891, Total time 0.23
Epoch:1
LR: 0.01
Itr		Time		  Data		  Loss		Acc
[0/213]	0.2123 (0.2123)	0.1038 (0.1038)	0.176 (0.176)	97.66 (97.66)
[100/213]	0.0945 (0.0956)	0.0008 (0.0018)	0.164 (0.168)	100.00 (98.83)
[200/213]	0.0883 (0.0947)	0.0006 (0.0013)	0.081 (0.155)	98.44 (98.94)
[212/213]	0.0883 (0.0943)	0.0006 (0.0013)	0.134 (0.155)	98.43 (98.94)
 * Train Acc 98.936
 * Val Acc 96.638, Total time 0.23
validation split name: 1
 * Val Acc 99.338, Total time 0.25
validation split name: 2
 * Val Acc 98.923, Total time 0.25
validation split name: 3
 * Val Acc 96.638, Total time 0.23
====================== 4 =======================
Incremental class: Old valid output dimension: 6
Incremental class: New Valid output dimension: 8
Epoch:0
LR: 0.01
Itr		Time		  Data		  Loss		Acc
[0/221]	0.2095 (0.2095)	0.1077 (0.1077)	0.862 (0.862)	82.81 (82.81)
[100/221]	0.0945 (0.0956)	0.0008 (0.0019)	0.255 (0.313)	100.00 (97.68)
[200/221]	0.0944 (0.0950)	0.0008 (0.0014)	0.101 (0.265)	98.44 (98.13)
[220/221]	0.0937 (0.0950)	0.0006 (0.0013)	0.121 (0.260)	100.00 (98.18)
 * Train Acc 98.183
 * Val Acc 94.914, Total time 0.24
Epoch:1
LR: 0.01
Itr		Time		  Data		  Loss		Acc
[0/221]	0.2053 (0.2053)	0.1043 (0.1043)	0.210 (0.210)	99.22 (99.22)
[100/221]	0.0946 (0.0960)	0.0009 (0.0018)	0.162 (0.184)	98.44 (99.00)
[200/221]	0.0945 (0.0954)	0.0008 (0.0013)	0.108 (0.166)	98.44 (99.08)
[220/221]	0.0941 (0.0953)	0.0007 (0.0013)	0.082 (0.164)	100.00 (99.12)
 * Train Acc 99.116
 * Val Acc 95.166, Total time 0.25
validation split name: 1
 * Val Acc 99.385, Total time 0.25
validation split name: 2
 * Val Acc 97.796, Total time 0.26
validation split name: 3
 * Val Acc 98.826, Total time 0.23
validation split name: 4
 * Val Acc 95.166, Total time 0.24
====================== 5 =======================
Incremental class: Old valid output dimension: 8
Incremental class: New Valid output dimension: 10
Epoch:0
LR: 0.01
Itr		Time		  Data		  Loss		Acc
[0/218]	0.2183 (0.2183)	0.1099 (0.1099)	0.559 (0.559)	92.97 (92.97)
[100/218]	0.0864 (0.0909)	0.0007 (0.0018)	0.277 (0.366)	96.88 (96.79)
[200/218]	0.0860 (0.0885)	0.0007 (0.0012)	0.241 (0.321)	99.22 (97.38)
[217/218]	0.0854 (0.0883)	0.0006 (0.0012)	0.166 (0.315)	100.00 (97.46)
 * Train Acc 97.460
 * Val Acc 92.789, Total time 0.25
Epoch:1
LR: 0.01
Itr		Time		  Data		  Loss		Acc
[0/218]	0.2056 (0.2056)	0.1052 (0.1052)	0.209 (0.209)	99.22 (99.22)
[100/218]	0.0915 (0.0929)	0.0009 (0.0019)	0.208 (0.226)	99.22 (98.71)
[200/218]	0.0923 (0.0923)	0.0009 (0.0014)	0.092 (0.205)	100.00 (98.80)
[217/218]	0.0920 (0.0922)	0.0007 (0.0013)	0.193 (0.202)	100.00 (98.82)
 * Train Acc 98.817
 * Val Acc 94.503, Total time 0.24
validation split name: 1
 * Val Acc 99.149, Total time 0.25
validation split name: 2
 * Val Acc 97.943, Total time 0.26
validation split name: 3
 * Val Acc 98.239, Total time 0.23
validation split name: 4
 * Val Acc 97.432, Total time 0.26
validation split name: 5
 * Val Acc 94.503, Total time 0.28
OrderedDict([('1', OrderedDict([('1', 99.90543735224587), ('2', 99.81087470449172), ('3', 99.33806146572104), ('4', 99.38534278959811), ('5', 99.14893617021276)])), ('2', OrderedDict([('2', 97.15964740450539), ('3', 98.92262487757101), ('4', 97.79627815866797), ('5', 97.94319294809011)])), ('3', OrderedDict([('3', 96.63820704375667), ('4', 98.82604055496265), ('5', 98.23906083244397)])), ('4', OrderedDict([('4', 95.16616314199396), ('5', 97.43202416918429)])), ('5', OrderedDict([('5', 94.50327786182552)]))])
Task 1 average acc: 99.90543735224587
Task 2 average acc: 98.48526105449855
Task 3 average acc: 98.29963112901623
Task 4 average acc: 97.79345616130567
Task 5 average acc: 97.45329839635133
===Summary of experiment repeats: 3 / 5 ===
The regularization coefficient: 0.5
The last avg acc of all repeats: [97.43865487 97.32073285 97.4532984   0.          0.        ]
mean: 58.44253722370695 std: 47.718153963389014
split_boundaries: [0, 2, 4, 6, 8, 10]
{'1': [0, 1], '2': [2, 3], '3': [4, 5], '4': [6, 7], '5': [8, 9]}
MLP(
  (linear): Sequential(
    (0): Linear(in_features=1024, out_features=400, bias=True)
    (1): ReLU(inplace=True)
    (2): Linear(in_features=400, out_features=400, bias=True)
    (3): ReLU(inplace=True)
  )
  (last): ModuleDict(
    (All): Linear(in_features=400, out_features=10, bias=True)
  )
)
#parameter of model: 574410
Task order: ['1', '2', '3', '4', '5']
====================== 1 =======================
Incremental class: Old valid output dimension: ALL
Incremental class: New Valid output dimension: 2
Epoch:0
LR: 0.01
Itr		Time		  Data		  Loss		Acc
[0/99]	0.1273 (0.1273)	0.1122 (0.1122)	0.519 (0.519)	90.62 (90.62)
[98/99]	0.0113 (0.0127)	0.0005 (0.0018)	0.012 (0.024)	99.17 (99.61)
 * Train Acc 99.613
 * Val Acc 99.905, Total time 0.26
Epoch:1
LR: 0.01
Itr		Time		  Data		  Loss		Acc
[0/99]	0.1252 (0.1252)	0.1104 (0.1104)	0.002 (0.002)	100.00 (100.00)
[98/99]	0.0114 (0.0126)	0.0006 (0.0018)	0.001 (0.003)	100.00 (99.87)
 * Train Acc 99.874
 * Val Acc 99.905, Total time 0.25
validation split name: 1
 * Val Acc 99.905, Total time 0.26
====================== 2 =======================
Incremental class: Old valid output dimension: 2
Incremental class: New Valid output dimension: 4
Epoch:0
LR: 0.01
Itr		Time		  Data		  Loss		Acc
[0/194]	0.2182 (0.2182)	0.1121 (0.1121)	0.815 (0.815)	70.31 (70.31)
[100/194]	0.0957 (0.0970)	0.0008 (0.0019)	0.145 (0.230)	96.88 (95.88)
[193/194]	0.0950 (0.0963)	0.0007 (0.0014)	0.050 (0.185)	100.00 (96.74)
 * Train Acc 96.740
 * Val Acc 96.229, Total time 0.26
Epoch:1
LR: 0.01
Itr		Time		  Data		  Loss		Acc
[0/194]	0.2060 (0.2060)	0.1041 (0.1041)	0.059 (0.059)	99.22 (99.22)
[100/194]	0.0935 (0.0951)	0.0007 (0.0019)	0.127 (0.098)	99.22 (98.45)
[193/194]	0.0939 (0.0946)	0.0008 (0.0014)	0.035 (0.088)	100.00 (98.60)
 * Train Acc 98.598
 * Val Acc 97.307, Total time 0.24
validation split name: 1
 * Val Acc 99.764, Total time 0.29
validation split name: 2
 * Val Acc 97.307, Total time 0.25
====================== 3 =======================
Incremental class: Old valid output dimension: 4
Incremental class: New Valid output dimension: 6
Epoch:0
LR: 0.01
Itr		Time		  Data		  Loss		Acc
[0/213]	0.2144 (0.2144)	0.1088 (0.1088)	0.955 (0.955)	71.88 (71.88)
[100/213]	0.0943 (0.0955)	0.0008 (0.0019)	0.366 (0.363)	96.09 (95.86)
[200/213]	0.0946 (0.0949)	0.0009 (0.0013)	0.214 (0.290)	97.66 (97.03)
[212/213]	0.0939 (0.0949)	0.0007 (0.0013)	0.080 (0.285)	100.00 (97.12)
 * Train Acc 97.121
 * Val Acc 94.824, Total time 0.25
Epoch:1
LR: 0.01
Itr		Time		  Data		  Loss		Acc
[0/213]	0.2087 (0.2087)	0.1064 (0.1064)	0.160 (0.160)	99.22 (99.22)
[100/213]	0.0950 (0.0967)	0.0008 (0.0019)	0.171 (0.176)	97.66 (98.89)
[200/213]	0.0954 (0.0960)	0.0009 (0.0014)	0.108 (0.160)	97.66 (99.04)
[212/213]	0.0948 (0.0960)	0.0006 (0.0013)	0.228 (0.159)	98.43 (99.05)
 * Train Acc 99.054
 * Val Acc 97.652, Total time 0.23
validation split name: 1
 * Val Acc 99.433, Total time 0.25
validation split name: 2
 * Val Acc 98.482, Total time 0.25
validation split name: 3
 * Val Acc 97.652, Total time 0.23
====================== 4 =======================
Incremental class: Old valid output dimension: 6
Incremental class: New Valid output dimension: 8
Epoch:0
LR: 0.01
Itr		Time		  Data		  Loss		Acc
[0/221]	0.2205 (0.2205)	0.1075 (0.1075)	0.686 (0.686)	91.41 (91.41)
[100/221]	0.0942 (0.0985)	0.0009 (0.0019)	0.223 (0.311)	99.22 (97.76)
[200/221]	0.1024 (0.0975)	0.0008 (0.0014)	0.157 (0.261)	99.22 (98.20)
[220/221]	0.0935 (0.0973)	0.0008 (0.0013)	0.183 (0.253)	100.00 (98.27)
 * Train Acc 98.268
 * Val Acc 94.562, Total time 0.24
Epoch:1
LR: 0.01
Itr		Time		  Data		  Loss		Acc
[0/221]	0.2070 (0.2070)	0.1052 (0.1052)	0.157 (0.157)	99.22 (99.22)
[100/221]	0.0947 (0.0961)	0.0008 (0.0019)	0.098 (0.162)	100.00 (99.11)
[200/221]	0.0949 (0.0956)	0.0008 (0.0013)	0.169 (0.157)	100.00 (99.20)
[220/221]	0.0944 (0.0955)	0.0007 (0.0013)	0.113 (0.155)	100.00 (99.21)
 * Train Acc 99.209
 * Val Acc 96.375, Total time 0.24
validation split name: 1
 * Val Acc 99.196, Total time 0.26
validation split name: 2
 * Val Acc 97.600, Total time 0.26
validation split name: 3
 * Val Acc 98.879, Total time 0.23
validation split name: 4
 * Val Acc 96.375, Total time 0.25
====================== 5 =======================
Incremental class: Old valid output dimension: 8
Incremental class: New Valid output dimension: 10
Epoch:0
LR: 0.01
Itr		Time		  Data		  Loss		Acc
[0/218]	0.2115 (0.2115)	0.1119 (0.1119)	0.574 (0.574)	91.41 (91.41)
[100/218]	0.0908 (0.0897)	0.0007 (0.0018)	0.323 (0.357)	98.44 (96.85)
[200/218]	0.0923 (0.0890)	0.0009 (0.0013)	0.173 (0.311)	98.44 (97.37)
[217/218]	0.0923 (0.0892)	0.0007 (0.0012)	0.208 (0.307)	100.00 (97.44)
 * Train Acc 97.442
 * Val Acc 93.495, Total time 0.25
Epoch:1
LR: 0.01
Itr		Time		  Data		  Loss		Acc
[0/218]	0.2147 (0.2147)	0.1078 (0.1078)	0.212 (0.212)	99.22 (99.22)
[100/218]	0.0920 (0.0930)	0.0009 (0.0019)	0.139 (0.208)	100.00 (98.72)
[200/218]	0.0929 (0.0925)	0.0009 (0.0014)	0.232 (0.195)	99.22 (98.81)
[217/218]	0.0919 (0.0925)	0.0008 (0.0013)	0.206 (0.195)	100.00 (98.84)
 * Train Acc 98.842
 * Val Acc 95.058, Total time 0.25
validation split name: 1
 * Val Acc 98.960, Total time 0.25
validation split name: 2
 * Val Acc 97.992, Total time 0.25
validation split name: 3
 * Val Acc 97.866, Total time 0.23
validation split name: 4
 * Val Acc 97.281, Total time 0.25
validation split name: 5
 * Val Acc 95.058, Total time 0.24
OrderedDict([('1', OrderedDict([('1', 99.90543735224587), ('2', 99.76359338061465), ('3', 99.43262411347517), ('4', 99.19621749408984), ('5', 98.95981087470449)])), ('2', OrderedDict([('2', 97.30656219392752), ('3', 98.4818805093046), ('4', 97.60039177277179), ('5', 97.99216454456415)])), ('3', OrderedDict([('3', 97.65208110992529), ('4', 98.87940234791888), ('5', 97.86552828175027)])), ('4', OrderedDict([('4', 96.37462235649546), ('5', 97.2809667673716)])), ('5', OrderedDict([('5', 95.05799293998992)]))])
Task 1 average acc: 99.90543735224587
Task 2 average acc: 98.53507778727109
Task 3 average acc: 98.52219524423502
Task 4 average acc: 98.012658492819
Task 5 average acc: 97.43129268167608
===Summary of experiment repeats: 4 / 5 ===
The regularization coefficient: 0.5
The last avg acc of all repeats: [97.43865487 97.32073285 97.4532984  97.43129268  0.        ]
mean: 77.92879576004216 std: 38.964426403223115
split_boundaries: [0, 2, 4, 6, 8, 10]
{'1': [0, 1], '2': [2, 3], '3': [4, 5], '4': [6, 7], '5': [8, 9]}
MLP(
  (linear): Sequential(
    (0): Linear(in_features=1024, out_features=400, bias=True)
    (1): ReLU(inplace=True)
    (2): Linear(in_features=400, out_features=400, bias=True)
    (3): ReLU(inplace=True)
  )
  (last): ModuleDict(
    (All): Linear(in_features=400, out_features=10, bias=True)
  )
)
#parameter of model: 574410
Task order: ['1', '2', '3', '4', '5']
====================== 1 =======================
Incremental class: Old valid output dimension: ALL
Incremental class: New Valid output dimension: 2
Epoch:0
LR: 0.01
Itr		Time		  Data		  Loss		Acc
[0/99]	0.1255 (0.1255)	0.1108 (0.1108)	0.504 (0.504)	49.22 (49.22)
[98/99]	0.0115 (0.0127)	0.0005 (0.0018)	0.001 (0.023)	100.00 (99.07)
 * Train Acc 99.068
 * Val Acc 99.858, Total time 0.26
Epoch:1
LR: 0.01
Itr		Time		  Data		  Loss		Acc
[0/99]	0.1308 (0.1308)	0.1157 (0.1157)	0.002 (0.002)	100.00 (100.00)
[98/99]	0.0117 (0.0128)	0.0007 (0.0019)	0.016 (0.003)	98.35 (99.80)
 * Train Acc 99.803
 * Val Acc 99.858, Total time 0.26
validation split name: 1
 * Val Acc 99.858, Total time 0.26
====================== 2 =======================
Incremental class: Old valid output dimension: 2
Incremental class: New Valid output dimension: 4
Epoch:0
LR: 0.01
Itr		Time		  Data		  Loss		Acc
[0/194]	0.2135 (0.2135)	0.1131 (0.1131)	0.788 (0.788)	75.78 (75.78)
[100/194]	0.0956 (0.0969)	0.0008 (0.0019)	0.306 (0.232)	96.09 (95.87)
[193/194]	0.0951 (0.0964)	0.0008 (0.0014)	0.062 (0.180)	98.00 (96.76)
 * Train Acc 96.764
 * Val Acc 96.621, Total time 0.25
Epoch:1
LR: 0.01
Itr		Time		  Data		  Loss		Acc
[0/194]	0.2123 (0.2123)	0.1078 (0.1078)	0.096 (0.096)	99.22 (99.22)
[100/194]	0.0956 (0.0967)	0.0007 (0.0019)	0.078 (0.100)	98.44 (98.50)
[193/194]	0.0952 (0.0961)	0.0006 (0.0014)	0.095 (0.090)	98.00 (98.58)
 * Train Acc 98.582
 * Val Acc 97.405, Total time 0.26
validation split name: 1
 * Val Acc 99.716, Total time 0.25
validation split name: 2
 * Val Acc 97.405, Total time 0.26
====================== 3 =======================
Incremental class: Old valid output dimension: 4
Incremental class: New Valid output dimension: 6
Epoch:0
LR: 0.01
Itr		Time		  Data		  Loss		Acc
[0/213]	0.2079 (0.2079)	0.1066 (0.1066)	0.931 (0.931)	74.22 (74.22)
[100/213]	0.0942 (0.0963)	0.0009 (0.0019)	0.272 (0.387)	96.09 (95.53)
[200/213]	0.0943 (0.0956)	0.0009 (0.0014)	0.196 (0.307)	97.66 (96.87)
[212/213]	0.0946 (0.0955)	0.0008 (0.0013)	0.151 (0.301)	99.21 (96.98)
 * Train Acc 96.978
 * Val Acc 96.478, Total time 0.23
Epoch:1
LR: 0.01
Itr		Time		  Data		  Loss		Acc
[0/213]	0.2170 (0.2170)	0.1154 (0.1154)	0.161 (0.161)	100.00 (100.00)
[100/213]	0.0895 (0.0977)	0.0007 (0.0019)	0.207 (0.174)	98.44 (98.90)
[200/213]	0.0926 (0.0951)	0.0007 (0.0014)	0.102 (0.160)	100.00 (98.95)
[212/213]	0.0929 (0.0949)	0.0006 (0.0013)	0.095 (0.159)	100.00 (98.95)
 * Train Acc 98.947
 * Val Acc 96.692, Total time 0.23
validation split name: 1
 * Val Acc 99.385, Total time 0.27
validation split name: 2
 * Val Acc 98.335, Total time 0.26
validation split name: 3
 * Val Acc 96.692, Total time 0.25
====================== 4 =======================
Incremental class: Old valid output dimension: 6
Incremental class: New Valid output dimension: 8
Epoch:0
LR: 0.01
Itr		Time		  Data		  Loss		Acc
[0/221]	0.2081 (0.2081)	0.1060 (0.1060)	0.812 (0.812)	81.25 (81.25)
[100/221]	0.0941 (0.0956)	0.0009 (0.0019)	0.270 (0.308)	96.88 (97.60)
[200/221]	0.0950 (0.0952)	0.0009 (0.0013)	0.309 (0.263)	98.44 (98.11)
[220/221]	0.0937 (0.0951)	0.0008 (0.0013)	0.189 (0.256)	100.00 (98.17)
 * Train Acc 98.173
 * Val Acc 94.763, Total time 0.24
Epoch:1
LR: 0.01
Itr		Time		  Data		  Loss		Acc
[0/221]	0.2131 (0.2131)	0.1066 (0.1066)	0.223 (0.223)	100.00 (100.00)
[100/221]	0.0965 (0.0981)	0.0009 (0.0018)	0.177 (0.164)	98.44 (99.24)
[200/221]	0.0978 (0.0975)	0.0008 (0.0013)	0.179 (0.159)	98.44 (99.18)
[220/221]	0.0966 (0.0975)	0.0010 (0.0013)	0.128 (0.159)	100.00 (99.18)
 * Train Acc 99.184
 * Val Acc 96.777, Total time 0.25
validation split name: 1
 * Val Acc 99.291, Total time 0.25
validation split name: 2
 * Val Acc 97.992, Total time 0.25
validation split name: 3
 * Val Acc 98.399, Total time 0.24
validation split name: 4
 * Val Acc 96.777, Total time 0.24
====================== 5 =======================
Incremental class: Old valid output dimension: 8
Incremental class: New Valid output dimension: 10
Epoch:0
LR: 0.01
Itr		Time		  Data		  Loss		Acc
[0/218]	0.2123 (0.2123)	0.1113 (0.1113)	0.626 (0.626)	92.19 (92.19)
[100/218]	0.0917 (0.0924)	0.0009 (0.0019)	0.201 (0.365)	96.88 (96.74)
[200/218]	0.0921 (0.0921)	0.0009 (0.0014)	0.120 (0.317)	99.22 (97.35)
[217/218]	0.0923 (0.0921)	0.0008 (0.0013)	0.157 (0.310)	100.00 (97.45)
 * Train Acc 97.450
 * Val Acc 93.142, Total time 0.24
Epoch:1
LR: 0.01
Itr		Time		  Data		  Loss		Acc
[0/218]	0.2093 (0.2093)	0.1100 (0.1100)	0.283 (0.283)	100.00 (100.00)
[100/218]	0.0904 (0.0921)	0.0007 (0.0019)	0.251 (0.212)	95.31 (98.56)
[200/218]	0.0908 (0.0915)	0.0009 (0.0014)	0.231 (0.201)	100.00 (98.77)
[217/218]	0.0909 (0.0914)	0.0008 (0.0013)	0.184 (0.200)	100.00 (98.77)
 * Train Acc 98.770
 * Val Acc 92.133, Total time 0.24
validation split name: 1
 * Val Acc 99.054, Total time 0.26
validation split name: 2
 * Val Acc 98.090, Total time 0.25
validation split name: 3
 * Val Acc 97.919, Total time 0.23
validation split name: 4
 * Val Acc 97.734, Total time 0.25
validation split name: 5
 * Val Acc 92.133, Total time 0.24
OrderedDict([('1', OrderedDict([('1', 99.8581560283688), ('2', 99.71631205673759), ('3', 99.38534278959811), ('4', 99.29078014184397), ('5', 99.05437352245863)])), ('2', OrderedDict([('2', 97.40450538687561), ('3', 98.33496571988246), ('4', 97.99216454456415), ('5', 98.09010773751224)])), ('3', OrderedDict([('3', 96.69156883671292), ('4', 98.3991462113127), ('5', 97.91889007470651)])), ('4', OrderedDict([('4', 96.77744209466263), ('5', 97.73413897280967)])), ('5', OrderedDict([('5', 92.13313161875945)]))])
Task 1 average acc: 99.8581560283688
Task 2 average acc: 98.5604087218066
Task 3 average acc: 98.13729244873116
Task 4 average acc: 98.11488324809585
Task 5 average acc: 96.9861283852493
===Summary of experiment repeats: 5 / 5 ===
The regularization coefficient: 0.5
The last avg acc of all repeats: [97.43865487 97.32073285 97.4532984  97.43129268 96.98612839]
mean: 97.32602143709202 std: 0.17636496611165098
reg_coef: 0.5 mean: 97.32602143709202 std: 0.17636496611165098
Total Time for the script is 919.3644051551819 seconds
