split_boundaries: [0, 2, 4, 6, 8, 10]
{'1': [0, 1], '2': [2, 3], '3': [4, 5], '4': [6, 7], '5': [8, 9]}
MLP(
  (linear): Sequential(
    (0): Linear(in_features=1024, out_features=400, bias=True)
    (1): ReLU(inplace=True)
    (2): Linear(in_features=400, out_features=400, bias=True)
    (3): ReLU(inplace=True)
  )
  (last): ModuleDict(
    (All): Linear(in_features=400, out_features=10, bias=True)
  )
)
#parameter of model: 574410
Task order: ['1', '2', '3', '4', '5']
Epoch:0
LR: 0.001
Itr		Time		  Data		  Loss		Acc
[0/469]	0.5187 (0.5187)	0.0901 (0.0901)	2.314 (2.314)	9.38 (9.38)
[100/469]	0.0168 (0.0125)	0.0150 (0.0063)	0.319 (0.480)	91.41 (85.73)
[200/469]	0.0033 (0.0100)	0.0015 (0.0059)	0.164 (0.346)	94.53 (89.61)
[300/469]	0.0019 (0.0091)	0.0001 (0.0058)	0.124 (0.290)	95.31 (91.24)
[400/469]	0.0183 (0.0087)	0.0165 (0.0058)	0.148 (0.252)	92.97 (92.38)
[468/469]	0.0019 (0.0085)	0.0001 (0.0057)	0.237 (0.234)	95.83 (92.90)
 * Train Acc 92.903
 * Val Acc 96.610, Total time 0.70
Epoch:1
LR: 0.001
Itr		Time		  Data		  Loss		Acc
[0/469]	0.1208 (0.1208)	0.1127 (0.1127)	0.179 (0.179)	96.09 (96.09)
[100/469]	0.0139 (0.0085)	0.0117 (0.0064)	0.114 (0.099)	96.88 (96.96)
[200/469]	0.0022 (0.0080)	0.0001 (0.0059)	0.124 (0.100)	96.88 (96.82)
[300/469]	0.0021 (0.0077)	0.0001 (0.0057)	0.068 (0.096)	97.66 (96.92)
[400/469]	0.0181 (0.0077)	0.0160 (0.0057)	0.122 (0.093)	96.09 (97.09)
[468/469]	0.0021 (0.0076)	0.0001 (0.0056)	0.232 (0.093)	94.79 (97.11)
 * Train Acc 97.105
 * Val Acc 97.120, Total time 0.69
 * Val Acc 97.120, Total time 0.76
OrderedDict([('All', {'All': 97.12})])
Task All average acc: 97.12
===Summary of experiment repeats: 1 / 5 ===
The regularization coefficient: 0.0
The last avg acc of all repeats: [97.12  0.    0.    0.    0.  ]
mean: 19.424 std: 38.848
split_boundaries: [0, 2, 4, 6, 8, 10]
{'1': [0, 1], '2': [2, 3], '3': [4, 5], '4': [6, 7], '5': [8, 9]}
MLP(
  (linear): Sequential(
    (0): Linear(in_features=1024, out_features=400, bias=True)
    (1): ReLU(inplace=True)
    (2): Linear(in_features=400, out_features=400, bias=True)
    (3): ReLU(inplace=True)
  )
  (last): ModuleDict(
    (All): Linear(in_features=400, out_features=10, bias=True)
  )
)
#parameter of model: 574410
Task order: ['1', '2', '3', '4', '5']
Epoch:0
LR: 0.001
Itr		Time		  Data		  Loss		Acc
[0/469]	0.1153 (0.1153)	0.1057 (0.1057)	2.304 (2.304)	10.94 (10.94)
[100/469]	0.0028 (0.0084)	0.0007 (0.0062)	0.166 (0.486)	94.53 (84.78)
[200/469]	0.0169 (0.0079)	0.0148 (0.0058)	0.176 (0.351)	95.31 (89.02)
[300/469]	0.0020 (0.0078)	0.0001 (0.0057)	0.112 (0.288)	95.31 (91.00)
[400/469]	0.0020 (0.0077)	0.0001 (0.0056)	0.080 (0.250)	97.66 (92.20)
[468/469]	0.0018 (0.0077)	0.0001 (0.0056)	0.221 (0.234)	94.79 (92.75)
 * Train Acc 92.745
 * Val Acc 96.080, Total time 0.71
Epoch:1
LR: 0.001
Itr		Time		  Data		  Loss		Acc
[0/469]	0.1141 (0.1141)	0.1078 (0.1078)	0.181 (0.181)	94.53 (94.53)
[100/469]	0.0035 (0.0083)	0.0015 (0.0063)	0.070 (0.099)	96.88 (96.91)
[200/469]	0.0029 (0.0078)	0.0008 (0.0058)	0.104 (0.095)	96.09 (97.09)
[300/469]	0.0164 (0.0077)	0.0145 (0.0056)	0.115 (0.095)	94.53 (97.12)
[400/469]	0.0050 (0.0076)	0.0029 (0.0056)	0.175 (0.093)	96.09 (97.15)
[468/469]	0.0084 (0.0075)	0.0064 (0.0055)	0.075 (0.091)	97.92 (97.21)
 * Train Acc 97.208
 * Val Acc 97.180, Total time 0.70
 * Val Acc 97.180, Total time 0.74
OrderedDict([('All', {'All': 97.18})])
Task All average acc: 97.18
===Summary of experiment repeats: 2 / 5 ===
The regularization coefficient: 0.0
The last avg acc of all repeats: [97.12 97.18  0.    0.    0.  ]
mean: 38.86 std: 47.59358948429925
split_boundaries: [0, 2, 4, 6, 8, 10]
{'1': [0, 1], '2': [2, 3], '3': [4, 5], '4': [6, 7], '5': [8, 9]}
MLP(
  (linear): Sequential(
    (0): Linear(in_features=1024, out_features=400, bias=True)
    (1): ReLU(inplace=True)
    (2): Linear(in_features=400, out_features=400, bias=True)
    (3): ReLU(inplace=True)
  )
  (last): ModuleDict(
    (All): Linear(in_features=400, out_features=10, bias=True)
  )
)
#parameter of model: 574410
Task order: ['1', '2', '3', '4', '5']
Epoch:0
LR: 0.001
Itr		Time		  Data		  Loss		Acc
[0/469]	0.1226 (0.1226)	0.1142 (0.1142)	2.298 (2.298)	11.72 (11.72)
[100/469]	0.0022 (0.0087)	0.0001 (0.0067)	0.190 (0.480)	93.75 (85.81)
[200/469]	0.0019 (0.0080)	0.0001 (0.0060)	0.262 (0.351)	93.75 (89.49)
[300/469]	0.0184 (0.0078)	0.0163 (0.0059)	0.207 (0.293)	96.09 (91.24)
[400/469]	0.0019 (0.0077)	0.0001 (0.0058)	0.291 (0.256)	92.97 (92.31)
[468/469]	0.0128 (0.0076)	0.0108 (0.0057)	0.154 (0.238)	93.75 (92.84)
 * Train Acc 92.842
 * Val Acc 96.610, Total time 0.72
Epoch:1
LR: 0.001
Itr		Time		  Data		  Loss		Acc
[0/469]	0.1123 (0.1123)	0.1066 (0.1066)	0.138 (0.138)	96.09 (96.09)
[100/469]	0.0072 (0.0084)	0.0051 (0.0065)	0.167 (0.104)	94.53 (96.83)
[200/469]	0.0020 (0.0079)	0.0001 (0.0059)	0.059 (0.098)	97.66 (96.99)
[300/469]	0.0037 (0.0078)	0.0017 (0.0058)	0.057 (0.095)	99.22 (97.07)
[400/469]	0.0173 (0.0077)	0.0152 (0.0057)	0.125 (0.093)	96.09 (97.09)
[468/469]	0.0021 (0.0076)	0.0001 (0.0056)	0.095 (0.092)	94.79 (97.14)
 * Train Acc 97.137
 * Val Acc 96.940, Total time 0.71
 * Val Acc 96.940, Total time 0.71
OrderedDict([('All', {'All': 96.94})])
Task All average acc: 96.94
===Summary of experiment repeats: 3 / 5 ===
The regularization coefficient: 0.0
The last avg acc of all repeats: [97.12 97.18 96.94  0.    0.  ]
mean: 58.248000000000005 std: 47.55935844815403
split_boundaries: [0, 2, 4, 6, 8, 10]
{'1': [0, 1], '2': [2, 3], '3': [4, 5], '4': [6, 7], '5': [8, 9]}
MLP(
  (linear): Sequential(
    (0): Linear(in_features=1024, out_features=400, bias=True)
    (1): ReLU(inplace=True)
    (2): Linear(in_features=400, out_features=400, bias=True)
    (3): ReLU(inplace=True)
  )
  (last): ModuleDict(
    (All): Linear(in_features=400, out_features=10, bias=True)
  )
)
#parameter of model: 574410
Task order: ['1', '2', '3', '4', '5']
Epoch:0
LR: 0.001
Itr		Time		  Data		  Loss		Acc
[0/469]	0.1123 (0.1123)	0.1064 (0.1064)	2.329 (2.329)	3.91 (3.91)
[100/469]	0.0021 (0.0085)	0.0001 (0.0064)	0.183 (0.484)	92.97 (86.02)
[200/469]	0.0104 (0.0081)	0.0084 (0.0060)	0.234 (0.353)	92.19 (89.59)
[300/469]	0.0094 (0.0079)	0.0073 (0.0059)	0.193 (0.292)	94.53 (91.35)
[400/469]	0.0021 (0.0078)	0.0001 (0.0058)	0.112 (0.253)	96.88 (92.51)
[468/469]	0.0018 (0.0078)	0.0001 (0.0058)	0.213 (0.235)	93.75 (93.01)
 * Train Acc 93.012
 * Val Acc 96.730, Total time 0.70
Epoch:1
LR: 0.001
Itr		Time		  Data		  Loss		Acc
[0/469]	0.1156 (0.1156)	0.1097 (0.1097)	0.113 (0.113)	95.31 (95.31)
[100/469]	0.0020 (0.0086)	0.0001 (0.0064)	0.025 (0.091)	100.00 (97.17)
[200/469]	0.0179 (0.0081)	0.0158 (0.0060)	0.053 (0.095)	98.44 (96.98)
[300/469]	0.0019 (0.0078)	0.0001 (0.0058)	0.047 (0.096)	99.22 (97.00)
[400/469]	0.0179 (0.0077)	0.0158 (0.0057)	0.125 (0.093)	96.09 (97.11)
[468/469]	0.0018 (0.0077)	0.0001 (0.0057)	0.101 (0.092)	97.92 (97.17)
 * Train Acc 97.165
 * Val Acc 96.750, Total time 0.69
 * Val Acc 96.750, Total time 0.69
OrderedDict([('All', {'All': 96.75})])
Task All average acc: 96.75
===Summary of experiment repeats: 4 / 5 ===
The regularization coefficient: 0.0
The last avg acc of all repeats: [97.12 97.18 96.94 96.75  0.  ]
mean: 77.598 std: 38.79929092135577
split_boundaries: [0, 2, 4, 6, 8, 10]
{'1': [0, 1], '2': [2, 3], '3': [4, 5], '4': [6, 7], '5': [8, 9]}
MLP(
  (linear): Sequential(
    (0): Linear(in_features=1024, out_features=400, bias=True)
    (1): ReLU(inplace=True)
    (2): Linear(in_features=400, out_features=400, bias=True)
    (3): ReLU(inplace=True)
  )
  (last): ModuleDict(
    (All): Linear(in_features=400, out_features=10, bias=True)
  )
)
#parameter of model: 574410
Task order: ['1', '2', '3', '4', '5']
Epoch:0
LR: 0.001
Itr		Time		  Data		  Loss		Acc
[0/469]	0.1130 (0.1130)	0.1075 (0.1075)	2.310 (2.310)	8.59 (8.59)
[100/469]	0.0020 (0.0084)	0.0001 (0.0064)	0.209 (0.473)	93.75 (85.87)
[200/469]	0.0177 (0.0080)	0.0156 (0.0060)	0.164 (0.347)	96.88 (89.54)
[300/469]	0.0019 (0.0078)	0.0001 (0.0058)	0.172 (0.288)	94.53 (91.30)
[400/469]	0.0022 (0.0077)	0.0001 (0.0057)	0.172 (0.249)	93.75 (92.44)
[468/469]	0.0019 (0.0077)	0.0001 (0.0057)	0.122 (0.233)	96.88 (92.94)
 * Train Acc 92.937
 * Val Acc 96.460, Total time 0.79
Epoch:1
LR: 0.001
Itr		Time		  Data		  Loss		Acc
[0/469]	0.1154 (0.1154)	0.1093 (0.1093)	0.033 (0.033)	100.00 (100.00)
[100/469]	0.0031 (0.0084)	0.0009 (0.0063)	0.155 (0.097)	94.53 (96.99)
[200/469]	0.0020 (0.0079)	0.0001 (0.0059)	0.192 (0.095)	94.53 (97.08)
[300/469]	0.0180 (0.0077)	0.0159 (0.0057)	0.124 (0.096)	95.31 (97.01)
[400/469]	0.0020 (0.0076)	0.0001 (0.0056)	0.039 (0.093)	98.44 (97.10)
[468/469]	0.0131 (0.0076)	0.0110 (0.0056)	0.169 (0.092)	96.88 (97.13)
 * Train Acc 97.133
 * Val Acc 97.270, Total time 0.77
 * Val Acc 97.270, Total time 0.75
OrderedDict([('All', {'All': 97.27})])
Task All average acc: 97.27
===Summary of experiment repeats: 5 / 5 ===
The regularization coefficient: 0.0
The last avg acc of all repeats: [97.12 97.18 96.94 96.75 97.27]
mean: 97.05199999999999 std: 0.18562327440275433
reg_coef: 0.0 mean: 97.05199999999999 std: 0.18562327440275433
Total Time for the script is 48.956543922424316 seconds
