split_boundaries: [0, 2, 4, 6, 8, 10]
{'1': [0, 1], '2': [2, 3], '3': [4, 5], '4': [6, 7], '5': [8, 9]}
MLP(
  (linear): Sequential(
    (0): Linear(in_features=1024, out_features=400, bias=True)
    (1): ReLU(inplace=True)
    (2): Linear(in_features=400, out_features=400, bias=True)
    (3): ReLU(inplace=True)
  )
  (last): ModuleDict(
    (All): Linear(in_features=400, out_features=10, bias=True)
  )
)
#parameter of model: 574410
Task order: ['1', '2', '3', '4', '5']
====================== 1 =======================
Incremental class: Old valid output dimension: ALL
Incremental class: New Valid output dimension: 2
#reg_term: 0
Epoch:0
LR: 0.001
Itr		Time		  Data		  Loss		Acc
[0/99]	0.5261 (0.5261)	0.0894 (0.0894)	0.673 (0.673)	0.00 (0.00)
[98/99]	0.0029 (0.0122)	0.0001 (0.0048)	0.000 (0.024)	100.00 (98.30)
 * Train Acc 98.302
 * Val Acc 99.905, Total time 0.25
Epoch:1
LR: 0.001
Itr		Time		  Data		  Loss		Acc
[0/99]	0.1140 (0.1140)	0.1070 (0.1070)	0.000 (0.000)	100.00 (100.00)
[98/99]	0.0030 (0.0087)	0.0001 (0.0056)	0.000 (0.004)	100.00 (99.83)
 * Train Acc 99.826
 * Val Acc 99.905, Total time 0.28
Computing SI
validation split name: 1
 * Val Acc 99.905, Total time 0.25
====================== 2 =======================
Incremental class: Old valid output dimension: 2
Incremental class: New Valid output dimension: 4
#reg_term: 1
Epoch:0
LR: 0.001
Itr		Time		  Data		  Loss		Acc
[0/95]	0.1202 (0.1202)	0.1081 (0.1081)	2.536 (2.536)	4.69 (4.69)
[94/95]	0.0042 (0.0084)	0.0001 (0.0042)	0.067 (0.306)	100.00 (94.41)
 * Train Acc 94.408
 * Val Acc 98.139, Total time 0.26
Epoch:1
LR: 0.001
Itr		Time		  Data		  Loss		Acc
[0/95]	0.1171 (0.1171)	0.1069 (0.1069)	0.074 (0.074)	100.00 (100.00)
[94/95]	0.0048 (0.0085)	0.0007 (0.0045)	0.108 (0.089)	96.49 (98.38)
 * Train Acc 98.379
 * Val Acc 98.531, Total time 0.29
Computing SI
validation split name: 1
 * Val Acc 0.000, Total time 0.25
validation split name: 2
 * Val Acc 98.531, Total time 0.25
====================== 3 =======================
Incremental class: Old valid output dimension: 4
Incremental class: New Valid output dimension: 6
#reg_term: 1
Epoch:0
LR: 0.001
Itr		Time		  Data		  Loss		Acc
[0/88]	0.1112 (0.1112)	0.1037 (0.1037)	5.778 (5.778)	0.00 (0.00)
[87/88]	0.0124 (0.0084)	0.0086 (0.0045)	0.053 (0.523)	98.43 (95.10)
 * Train Acc 95.099
 * Val Acc 99.733, Total time 0.24
Epoch:1
LR: 0.001
Itr		Time		  Data		  Loss		Acc
[0/88]	0.1118 (0.1118)	0.1032 (0.1032)	0.047 (0.047)	99.22 (99.22)
[87/88]	0.0041 (0.0087)	0.0001 (0.0044)	0.035 (0.047)	100.00 (99.35)
 * Train Acc 99.352
 * Val Acc 99.466, Total time 0.24
Computing SI
validation split name: 1
 * Val Acc 0.000, Total time 0.25
validation split name: 2
 * Val Acc 0.000, Total time 0.25
validation split name: 3
 * Val Acc 99.466, Total time 0.24
====================== 4 =======================
Incremental class: Old valid output dimension: 6
Incremental class: New Valid output dimension: 8
#reg_term: 1
Epoch:0
LR: 0.001
Itr		Time		  Data		  Loss		Acc
[0/96]	0.1122 (0.1122)	0.1036 (0.1036)	9.664 (9.664)	0.00 (0.00)
[95/96]	0.0041 (0.0083)	0.0001 (0.0044)	0.034 (0.742)	100.00 (95.91)
 * Train Acc 95.912
 * Val Acc 99.648, Total time 0.25
Epoch:1
LR: 0.001
Itr		Time		  Data		  Loss		Acc
[0/96]	0.1119 (0.1119)	0.1034 (0.1034)	0.033 (0.033)	100.00 (100.00)
[95/96]	0.0041 (0.0083)	0.0001 (0.0042)	0.093 (0.035)	95.65 (99.72)
 * Train Acc 99.721
 * Val Acc 99.648, Total time 0.24
Computing SI
validation split name: 1
 * Val Acc 0.000, Total time 0.25
validation split name: 2
 * Val Acc 0.000, Total time 0.29
validation split name: 3
 * Val Acc 0.213, Total time 0.27
validation split name: 4
 * Val Acc 99.648, Total time 0.24
====================== 5 =======================
Incremental class: Old valid output dimension: 8
Incremental class: New Valid output dimension: 10
#reg_term: 1
Epoch:0
LR: 0.001
Itr		Time		  Data		  Loss		Acc
[0/93]	0.1100 (0.1100)	0.1018 (0.1018)	14.084 (14.084)	0.00 (0.00)
[92/93]	0.0040 (0.0083)	0.0001 (0.0043)	0.050 (1.231)	100.00 (92.20)
 * Train Acc 92.203
 * Val Acc 98.185, Total time 0.25
Epoch:1
LR: 0.001
Itr		Time		  Data		  Loss		Acc
[0/93]	0.1130 (0.1130)	0.1051 (0.1051)	0.113 (0.113)	98.44 (98.44)
[92/93]	0.0041 (0.0083)	0.0001 (0.0044)	0.071 (0.090)	100.00 (98.06)
 * Train Acc 98.059
 * Val Acc 98.084, Total time 0.24
Computing SI
validation split name: 1
 * Val Acc 0.000, Total time 0.26
validation split name: 2
 * Val Acc 0.000, Total time 0.26
validation split name: 3
 * Val Acc 0.000, Total time 0.24
validation split name: 4
 * Val Acc 0.000, Total time 0.24
validation split name: 5
 * Val Acc 98.084, Total time 0.25
OrderedDict([('1', OrderedDict([('1', 99.90543735224587), ('2', 0.0), ('3', 0.0), ('4', 0.0), ('5', 0.0)])), ('2', OrderedDict([('2', 98.53085210577865), ('3', 0.0), ('4', 0.0), ('5', 0.0)])), ('3', OrderedDict([('3', 99.46638207043756), ('4', 0.21344717182497333), ('5', 0.0)])), ('4', OrderedDict([('4', 99.64753272910373), ('5', 0.0)])), ('5', OrderedDict([('5', 98.08371154815936)]))])
Task 1 average acc: 99.90543735224587
Task 2 average acc: 49.265426052889325
Task 3 average acc: 33.15546069014585
Task 4 average acc: 24.965244975232174
Task 5 average acc: 19.61674230963187
===Summary of experiment repeats: 1 / 5 ===
The regularization coefficient: 600.0
The last avg acc of all repeats: [19.61674231  0.          0.          0.          0.        ]
mean: 3.9233484619263743 std: 7.846696923852749
split_boundaries: [0, 2, 4, 6, 8, 10]
{'1': [0, 1], '2': [2, 3], '3': [4, 5], '4': [6, 7], '5': [8, 9]}
MLP(
  (linear): Sequential(
    (0): Linear(in_features=1024, out_features=400, bias=True)
    (1): ReLU(inplace=True)
    (2): Linear(in_features=400, out_features=400, bias=True)
    (3): ReLU(inplace=True)
  )
  (last): ModuleDict(
    (All): Linear(in_features=400, out_features=10, bias=True)
  )
)
#parameter of model: 574410
Task order: ['1', '2', '3', '4', '5']
====================== 1 =======================
Incremental class: Old valid output dimension: ALL
Incremental class: New Valid output dimension: 2
#reg_term: 0
Epoch:0
LR: 0.001
Itr		Time		  Data		  Loss		Acc
[0/99]	0.1050 (0.1050)	0.0981 (0.0981)	0.696 (0.696)	0.00 (0.00)
[98/99]	0.0036 (0.0082)	0.0006 (0.0052)	0.000 (0.023)	100.00 (98.22)
 * Train Acc 98.223
 * Val Acc 99.811, Total time 0.29
Epoch:1
LR: 0.001
Itr		Time		  Data		  Loss		Acc
[0/99]	0.1125 (0.1125)	0.1054 (0.1054)	0.000 (0.000)	100.00 (100.00)
[98/99]	0.0030 (0.0084)	0.0001 (0.0053)	0.000 (0.003)	100.00 (99.75)
 * Train Acc 99.747
 * Val Acc 99.858, Total time 0.25
Computing SI
validation split name: 1
 * Val Acc 99.858, Total time 0.25
====================== 2 =======================
Incremental class: Old valid output dimension: 2
Incremental class: New Valid output dimension: 4
#reg_term: 1
Epoch:0
LR: 0.001
Itr		Time		  Data		  Loss		Acc
[0/95]	0.1116 (0.1116)	0.1011 (0.1011)	2.668 (2.668)	3.12 (3.12)
[94/95]	0.0041 (0.0084)	0.0001 (0.0043)	0.067 (0.308)	98.25 (94.21)
 * Train Acc 94.210
 * Val Acc 97.943, Total time 0.26
Epoch:1
LR: 0.001
Itr		Time		  Data		  Loss		Acc
[0/95]	0.1157 (0.1157)	0.1055 (0.1055)	0.113 (0.113)	96.88 (96.88)
[94/95]	0.0047 (0.0085)	0.0005 (0.0043)	0.073 (0.096)	100.00 (97.95)
 * Train Acc 97.949
 * Val Acc 98.041, Total time 0.26
Computing SI
validation split name: 1
 * Val Acc 0.000, Total time 0.26
validation split name: 2
 * Val Acc 98.041, Total time 0.25
====================== 3 =======================
Incremental class: Old valid output dimension: 4
Incremental class: New Valid output dimension: 6
#reg_term: 1
Epoch:0
LR: 0.001
Itr		Time		  Data		  Loss		Acc
[0/88]	0.1108 (0.1108)	0.1024 (0.1024)	7.052 (7.052)	0.00 (0.00)
[87/88]	0.0135 (0.0085)	0.0096 (0.0045)	0.083 (0.640)	98.43 (94.53)
 * Train Acc 94.531
 * Val Acc 99.466, Total time 0.23
Epoch:1
LR: 0.001
Itr		Time		  Data		  Loss		Acc
[0/88]	0.1116 (0.1116)	0.1036 (0.1036)	0.046 (0.046)	100.00 (100.00)
[87/88]	0.0129 (0.0085)	0.0088 (0.0045)	0.029 (0.045)	100.00 (99.47)
 * Train Acc 99.467
 * Val Acc 99.200, Total time 0.23
Computing SI
validation split name: 1
 * Val Acc 0.000, Total time 0.28
validation split name: 2
 * Val Acc 0.000, Total time 0.25
validation split name: 3
 * Val Acc 99.200, Total time 0.23
====================== 4 =======================
Incremental class: Old valid output dimension: 6
Incremental class: New Valid output dimension: 8
#reg_term: 1
Epoch:0
LR: 0.001
Itr		Time		  Data		  Loss		Acc
[0/96]	0.1141 (0.1141)	0.1058 (0.1058)	12.058 (12.058)	0.00 (0.00)
[95/96]	0.0043 (0.0084)	0.0001 (0.0043)	0.012 (0.805)	100.00 (96.08)
 * Train Acc 96.085
 * Val Acc 99.194, Total time 0.24
Epoch:1
LR: 0.001
Itr		Time		  Data		  Loss		Acc
[0/96]	0.1128 (0.1128)	0.1045 (0.1045)	0.015 (0.015)	100.00 (100.00)
[95/96]	0.0042 (0.0085)	0.0001 (0.0044)	0.008 (0.013)	100.00 (99.88)
 * Train Acc 99.877
 * Val Acc 99.597, Total time 0.24
Computing SI
validation split name: 1
 * Val Acc 0.000, Total time 0.26
validation split name: 2
 * Val Acc 0.000, Total time 0.27
validation split name: 3
 * Val Acc 0.000, Total time 0.23
validation split name: 4
 * Val Acc 99.597, Total time 0.24
====================== 5 =======================
Incremental class: Old valid output dimension: 8
Incremental class: New Valid output dimension: 10
#reg_term: 1
Epoch:0
LR: 0.001
Itr		Time		  Data		  Loss		Acc
[0/93]	0.1224 (0.1224)	0.1120 (0.1120)	16.482 (16.482)	0.00 (0.00)
[92/93]	0.0042 (0.0086)	0.0001 (0.0045)	0.052 (1.315)	100.00 (92.94)
 * Train Acc 92.941
 * Val Acc 97.781, Total time 0.24
Epoch:1
LR: 0.001
Itr		Time		  Data		  Loss		Acc
[0/93]	0.1104 (0.1104)	0.1030 (0.1030)	0.087 (0.087)	98.44 (98.44)
[92/93]	0.0039 (0.0083)	0.0001 (0.0045)	0.167 (0.090)	95.83 (98.14)
 * Train Acc 98.136
 * Val Acc 98.033, Total time 0.24
Computing SI
validation split name: 1
 * Val Acc 0.000, Total time 0.25
validation split name: 2
 * Val Acc 0.000, Total time 0.26
validation split name: 3
 * Val Acc 0.000, Total time 0.24
validation split name: 4
 * Val Acc 2.820, Total time 0.24
validation split name: 5
 * Val Acc 98.033, Total time 0.24
OrderedDict([('1', OrderedDict([('1', 99.8581560283688), ('2', 0.0), ('3', 0.0), ('4', 0.0), ('5', 0.0)])), ('2', OrderedDict([('2', 98.0411361410382), ('3', 0.0), ('4', 0.0), ('5', 0.0)])), ('3', OrderedDict([('3', 99.19957310565636), ('4', 0.0), ('5', 0.0)])), ('4', OrderedDict([('4', 99.59718026183283), ('5', 2.8197381671701915)])), ('5', OrderedDict([('5', 98.03328290468987)]))])
Task 1 average acc: 99.8581560283688
Task 2 average acc: 49.0205680705191
Task 3 average acc: 33.066524368552116
Task 4 average acc: 24.899295065458208
Task 5 average acc: 20.170604214372013
===Summary of experiment repeats: 2 / 5 ===
The regularization coefficient: 600.0
The last avg acc of all repeats: [19.61674231 20.17060421  0.          0.          0.        ]
mean: 7.957469304800776 std: 9.747443403591634
split_boundaries: [0, 2, 4, 6, 8, 10]
{'1': [0, 1], '2': [2, 3], '3': [4, 5], '4': [6, 7], '5': [8, 9]}
MLP(
  (linear): Sequential(
    (0): Linear(in_features=1024, out_features=400, bias=True)
    (1): ReLU(inplace=True)
    (2): Linear(in_features=400, out_features=400, bias=True)
    (3): ReLU(inplace=True)
  )
  (last): ModuleDict(
    (All): Linear(in_features=400, out_features=10, bias=True)
  )
)
#parameter of model: 574410
Task order: ['1', '2', '3', '4', '5']
====================== 1 =======================
Incremental class: Old valid output dimension: ALL
Incremental class: New Valid output dimension: 2
#reg_term: 0
Epoch:0
LR: 0.001
Itr		Time		  Data		  Loss		Acc
[0/99]	0.1099 (0.1099)	0.1038 (0.1038)	0.742 (0.742)	0.00 (0.00)
[98/99]	0.0029 (0.0082)	0.0001 (0.0053)	0.000 (0.026)	100.00 (98.13)
 * Train Acc 98.129
 * Val Acc 99.858, Total time 0.26
Epoch:1
LR: 0.001
Itr		Time		  Data		  Loss		Acc
[0/99]	0.1101 (0.1101)	0.1036 (0.1036)	0.000 (0.000)	100.00 (100.00)
[98/99]	0.0029 (0.0084)	0.0001 (0.0054)	0.000 (0.004)	100.00 (99.80)
 * Train Acc 99.803
 * Val Acc 99.811, Total time 0.25
Computing SI
validation split name: 1
 * Val Acc 99.811, Total time 0.25
====================== 2 =======================
Incremental class: Old valid output dimension: 2
Incremental class: New Valid output dimension: 4
#reg_term: 1
Epoch:0
LR: 0.001
Itr		Time		  Data		  Loss		Acc
[0/95]	0.1152 (0.1152)	0.1079 (0.1079)	3.574 (3.574)	0.00 (0.00)
[94/95]	0.0041 (0.0083)	0.0001 (0.0043)	0.116 (0.344)	98.25 (94.38)
 * Train Acc 94.375
 * Val Acc 98.384, Total time 0.25
Epoch:1
LR: 0.001
Itr		Time		  Data		  Loss		Acc
[0/95]	0.1064 (0.1064)	0.0988 (0.0988)	0.098 (0.098)	98.44 (98.44)
[94/95]	0.0042 (0.0084)	0.0001 (0.0044)	0.116 (0.102)	96.49 (97.85)
 * Train Acc 97.849
 * Val Acc 98.237, Total time 0.24
Computing SI
validation split name: 1
 * Val Acc 0.000, Total time 0.26
validation split name: 2
 * Val Acc 98.237, Total time 0.26
====================== 3 =======================
Incremental class: Old valid output dimension: 4
Incremental class: New Valid output dimension: 6
#reg_term: 1
Epoch:0
LR: 0.001
Itr		Time		  Data		  Loss		Acc
[0/88]	0.1173 (0.1173)	0.1095 (0.1095)	7.592 (7.592)	0.00 (0.00)
[87/88]	0.0138 (0.0088)	0.0098 (0.0048)	0.035 (0.641)	100.00 (95.20)
 * Train Acc 95.197
 * Val Acc 99.733, Total time 0.23
Epoch:1
LR: 0.001
Itr		Time		  Data		  Loss		Acc
[0/88]	0.1086 (0.1086)	0.1011 (0.1011)	0.039 (0.039)	99.22 (99.22)
[87/88]	0.0125 (0.0083)	0.0087 (0.0043)	0.030 (0.041)	100.00 (99.47)
 * Train Acc 99.467
 * Val Acc 98.826, Total time 0.23
Computing SI
validation split name: 1
 * Val Acc 0.000, Total time 0.26
validation split name: 2
 * Val Acc 0.000, Total time 0.26
validation split name: 3
 * Val Acc 98.826, Total time 0.24
====================== 4 =======================
Incremental class: Old valid output dimension: 6
Incremental class: New Valid output dimension: 8
#reg_term: 1
Epoch:0
LR: 0.001
Itr		Time		  Data		  Loss		Acc
[0/96]	0.1106 (0.1106)	0.1034 (0.1034)	11.882 (11.882)	0.00 (0.00)
[95/96]	0.0042 (0.0085)	0.0002 (0.0043)	0.023 (0.865)	100.00 (96.05)
 * Train Acc 96.052
 * Val Acc 99.698, Total time 0.24
Epoch:1
LR: 0.001
Itr		Time		  Data		  Loss		Acc
[0/96]	0.1102 (0.1102)	0.1022 (0.1022)	0.019 (0.019)	100.00 (100.00)
[95/96]	0.0042 (0.0083)	0.0002 (0.0043)	0.010 (0.020)	100.00 (99.81)
 * Train Acc 99.811
 * Val Acc 99.648, Total time 0.24
Computing SI
validation split name: 1
 * Val Acc 0.000, Total time 0.26
validation split name: 2
 * Val Acc 0.000, Total time 0.25
validation split name: 3
 * Val Acc 2.508, Total time 0.28
validation split name: 4
 * Val Acc 99.648, Total time 0.25
====================== 5 =======================
Incremental class: Old valid output dimension: 8
Incremental class: New Valid output dimension: 10
#reg_term: 1
Epoch:0
LR: 0.001
Itr		Time		  Data		  Loss		Acc
[0/93]	0.1104 (0.1104)	0.1023 (0.1023)	16.386 (16.386)	0.00 (0.00)
[92/93]	0.0042 (0.0083)	0.0001 (0.0044)	0.123 (1.370)	95.83 (90.90)
 * Train Acc 90.898
 * Val Acc 97.630, Total time 0.27
Epoch:1
LR: 0.001
Itr		Time		  Data		  Loss		Acc
[0/93]	0.1125 (0.1125)	0.1049 (0.1049)	0.105 (0.105)	97.66 (97.66)
[92/93]	0.0042 (0.0083)	0.0001 (0.0044)	0.059 (0.098)	100.00 (97.99)
 * Train Acc 97.992
 * Val Acc 97.832, Total time 0.24
Computing SI
validation split name: 1
 * Val Acc 0.000, Total time 0.28
validation split name: 2
 * Val Acc 0.000, Total time 0.26
validation split name: 3
 * Val Acc 0.000, Total time 0.23
validation split name: 4
 * Val Acc 0.000, Total time 0.27
validation split name: 5
 * Val Acc 97.832, Total time 0.24
OrderedDict([('1', OrderedDict([('1', 99.81087470449172), ('2', 0.0), ('3', 0.0), ('4', 0.0), ('5', 0.0)])), ('2', OrderedDict([('2', 98.23702252693438), ('3', 0.0), ('4', 0.0), ('5', 0.0)])), ('3', OrderedDict([('3', 98.82604055496265), ('4', 2.5080042689434365), ('5', 0.0)])), ('4', OrderedDict([('4', 99.64753272910373), ('5', 0.0)])), ('5', OrderedDict([('5', 97.8315683308119)]))])
Task 1 average acc: 99.81087470449172
Task 2 average acc: 49.11851126346719
Task 3 average acc: 32.942013518320884
Task 4 average acc: 25.538884249511792
Task 5 average acc: 19.56631366616238
===Summary of experiment repeats: 3 / 5 ===
The regularization coefficient: 600.0
The last avg acc of all repeats: [19.61674231 20.17060421 19.56631367  0.          0.        ]
mean: 11.870732038033251 std: 9.694731436239483
split_boundaries: [0, 2, 4, 6, 8, 10]
{'1': [0, 1], '2': [2, 3], '3': [4, 5], '4': [6, 7], '5': [8, 9]}
MLP(
  (linear): Sequential(
    (0): Linear(in_features=1024, out_features=400, bias=True)
    (1): ReLU(inplace=True)
    (2): Linear(in_features=400, out_features=400, bias=True)
    (3): ReLU(inplace=True)
  )
  (last): ModuleDict(
    (All): Linear(in_features=400, out_features=10, bias=True)
  )
)
#parameter of model: 574410
Task order: ['1', '2', '3', '4', '5']
====================== 1 =======================
Incremental class: Old valid output dimension: ALL
Incremental class: New Valid output dimension: 2
#reg_term: 0
Epoch:0
LR: 0.001
Itr		Time		  Data		  Loss		Acc
[0/99]	0.1122 (0.1122)	0.1056 (0.1056)	0.705 (0.705)	0.00 (0.00)
[98/99]	0.0029 (0.0083)	0.0001 (0.0053)	0.001 (0.022)	99.17 (98.59)
 * Train Acc 98.587
 * Val Acc 99.858, Total time 0.26
Epoch:1
LR: 0.001
Itr		Time		  Data		  Loss		Acc
[0/99]	0.1090 (0.1090)	0.1028 (0.1028)	0.000 (0.000)	100.00 (100.00)
[98/99]	0.0030 (0.0084)	0.0001 (0.0055)	0.001 (0.005)	100.00 (99.86)
 * Train Acc 99.858
 * Val Acc 99.811, Total time 0.25
Computing SI
validation split name: 1
 * Val Acc 99.811, Total time 0.25
====================== 2 =======================
Incremental class: Old valid output dimension: 2
Incremental class: New Valid output dimension: 4
#reg_term: 1
Epoch:0
LR: 0.001
Itr		Time		  Data		  Loss		Acc
[0/95]	0.1143 (0.1143)	0.1038 (0.1038)	2.691 (2.691)	3.91 (3.91)
[94/95]	0.0042 (0.0085)	0.0001 (0.0044)	0.061 (0.297)	100.00 (94.20)
 * Train Acc 94.201
 * Val Acc 98.090, Total time 0.24
Epoch:1
LR: 0.001
Itr		Time		  Data		  Loss		Acc
[0/95]	0.1111 (0.1111)	0.1033 (0.1033)	0.068 (0.068)	99.22 (99.22)
[94/95]	0.0047 (0.0083)	0.0006 (0.0043)	0.072 (0.087)	96.49 (98.06)
 * Train Acc 98.064
 * Val Acc 99.070, Total time 0.25
Computing SI
validation split name: 1
 * Val Acc 0.000, Total time 0.25
validation split name: 2
 * Val Acc 99.070, Total time 0.26
====================== 3 =======================
Incremental class: Old valid output dimension: 4
Incremental class: New Valid output dimension: 6
#reg_term: 1
Epoch:0
LR: 0.001
Itr		Time		  Data		  Loss		Acc
[0/88]	0.1152 (0.1152)	0.1075 (0.1075)	6.112 (6.112)	0.00 (0.00)
[87/88]	0.0138 (0.0087)	0.0100 (0.0047)	0.083 (0.546)	98.43 (94.58)
 * Train Acc 94.584
 * Val Acc 99.306, Total time 0.24
Epoch:1
LR: 0.001
Itr		Time		  Data		  Loss		Acc
[0/88]	0.1167 (0.1167)	0.1067 (0.1067)	0.054 (0.054)	100.00 (100.00)
[87/88]	0.0040 (0.0085)	0.0001 (0.0045)	0.054 (0.045)	99.21 (99.54)
 * Train Acc 99.538
 * Val Acc 99.466, Total time 0.22
Computing SI
validation split name: 1
 * Val Acc 0.000, Total time 0.25
validation split name: 2
 * Val Acc 0.000, Total time 0.26
validation split name: 3
 * Val Acc 99.466, Total time 0.23
====================== 4 =======================
Incremental class: Old valid output dimension: 6
Incremental class: New Valid output dimension: 8
#reg_term: 1
Epoch:0
LR: 0.001
Itr		Time		  Data		  Loss		Acc
[0/96]	0.1154 (0.1154)	0.1072 (0.1072)	10.085 (10.085)	0.00 (0.00)
[95/96]	0.0042 (0.0085)	0.0001 (0.0045)	0.024 (0.767)	100.00 (95.81)
 * Train Acc 95.814
 * Val Acc 99.849, Total time 0.24
Epoch:1
LR: 0.001
Itr		Time		  Data		  Loss		Acc
[0/96]	0.1113 (0.1113)	0.1036 (0.1036)	0.020 (0.020)	100.00 (100.00)
[95/96]	0.0042 (0.0082)	0.0001 (0.0042)	0.020 (0.019)	100.00 (99.86)
 * Train Acc 99.860
 * Val Acc 99.597, Total time 0.24
Computing SI
validation split name: 1
 * Val Acc 0.000, Total time 0.26
validation split name: 2
 * Val Acc 0.000, Total time 0.25
validation split name: 3
 * Val Acc 0.107, Total time 0.24
validation split name: 4
 * Val Acc 99.597, Total time 0.24
====================== 5 =======================
Incremental class: Old valid output dimension: 8
Incremental class: New Valid output dimension: 10
#reg_term: 1
Epoch:0
LR: 0.001
Itr		Time		  Data		  Loss		Acc
[0/93]	0.1099 (0.1099)	0.1021 (0.1021)	15.125 (15.125)	0.00 (0.00)
[92/93]	0.0041 (0.0083)	0.0001 (0.0043)	0.097 (1.239)	95.83 (92.38)
 * Train Acc 92.381
 * Val Acc 97.882, Total time 0.24
Epoch:1
LR: 0.001
Itr		Time		  Data		  Loss		Acc
[0/93]	0.1112 (0.1112)	0.1037 (0.1037)	0.104 (0.104)	97.66 (97.66)
[92/93]	0.0041 (0.0082)	0.0001 (0.0043)	0.040 (0.101)	100.00 (97.88)
 * Train Acc 97.881
 * Val Acc 97.882, Total time 0.24
Computing SI
validation split name: 1
 * Val Acc 0.000, Total time 0.25
validation split name: 2
 * Val Acc 0.000, Total time 0.25
validation split name: 3
 * Val Acc 0.000, Total time 0.24
validation split name: 4
 * Val Acc 0.000, Total time 0.25
validation split name: 5
 * Val Acc 97.882, Total time 0.25
OrderedDict([('1', OrderedDict([('1', 99.81087470449172), ('2', 0.0), ('3', 0.0), ('4', 0.0), ('5', 0.0)])), ('2', OrderedDict([('2', 99.06953966699314), ('3', 0.0), ('4', 0.0), ('5', 0.0)])), ('3', OrderedDict([('3', 99.46638207043756), ('4', 0.10672358591248667), ('5', 0.0)])), ('4', OrderedDict([('4', 99.59718026183283), ('5', 0.0)])), ('5', OrderedDict([('5', 97.88199697428139)]))])
Task 1 average acc: 99.81087470449172
Task 2 average acc: 49.53476983349657
Task 3 average acc: 33.15546069014585
Task 4 average acc: 24.92597596193633
Task 5 average acc: 19.576399394856278
===Summary of experiment repeats: 4 / 5 ===
The regularization coefficient: 600.0
The last avg acc of all repeats: [19.61674231 20.17060421 19.56631367 19.57639939  0.        ]
mean: 15.786011917004506 std: 7.896265392524283
split_boundaries: [0, 2, 4, 6, 8, 10]
{'1': [0, 1], '2': [2, 3], '3': [4, 5], '4': [6, 7], '5': [8, 9]}
MLP(
  (linear): Sequential(
    (0): Linear(in_features=1024, out_features=400, bias=True)
    (1): ReLU(inplace=True)
    (2): Linear(in_features=400, out_features=400, bias=True)
    (3): ReLU(inplace=True)
  )
  (last): ModuleDict(
    (All): Linear(in_features=400, out_features=10, bias=True)
  )
)
#parameter of model: 574410
Task order: ['1', '2', '3', '4', '5']
====================== 1 =======================
Incremental class: Old valid output dimension: ALL
Incremental class: New Valid output dimension: 2
#reg_term: 0
Epoch:0
LR: 0.001
Itr		Time		  Data		  Loss		Acc
[0/99]	0.1091 (0.1091)	0.1027 (0.1027)	0.668 (0.668)	43.75 (43.75)
[98/99]	0.0029 (0.0082)	0.0001 (0.0052)	0.000 (0.026)	100.00 (99.01)
 * Train Acc 99.005
 * Val Acc 99.905, Total time 0.25
Epoch:1
LR: 0.001
Itr		Time		  Data		  Loss		Acc
[0/99]	0.1101 (0.1101)	0.1037 (0.1037)	0.001 (0.001)	100.00 (100.00)
[98/99]	0.0029 (0.0083)	0.0001 (0.0054)	0.000 (0.002)	100.00 (99.89)
 * Train Acc 99.889
 * Val Acc 99.905, Total time 0.25
Computing SI
validation split name: 1
 * Val Acc 99.905, Total time 0.25
====================== 2 =======================
Incremental class: Old valid output dimension: 2
Incremental class: New Valid output dimension: 4
#reg_term: 1
Epoch:0
LR: 0.001
Itr		Time		  Data		  Loss		Acc
[0/95]	0.1121 (0.1121)	0.1030 (0.1030)	2.811 (2.811)	0.00 (0.00)
[94/95]	0.0042 (0.0086)	0.0001 (0.0046)	0.154 (0.336)	96.49 (94.12)
 * Train Acc 94.119
 * Val Acc 98.433, Total time 0.25
Epoch:1
LR: 0.001
Itr		Time		  Data		  Loss		Acc
[0/95]	0.1114 (0.1114)	0.1032 (0.1032)	0.097 (0.097)	99.22 (99.22)
[94/95]	0.0043 (0.0085)	0.0001 (0.0042)	0.137 (0.095)	94.74 (97.98)
 * Train Acc 97.982
 * Val Acc 98.629, Total time 0.29
Computing SI
validation split name: 1
 * Val Acc 0.000, Total time 0.26
validation split name: 2
 * Val Acc 98.629, Total time 0.26
====================== 3 =======================
Incremental class: Old valid output dimension: 4
Incremental class: New Valid output dimension: 6
#reg_term: 1
Epoch:0
LR: 0.001
Itr		Time		  Data		  Loss		Acc
[0/88]	0.1123 (0.1123)	0.1046 (0.1046)	6.328 (6.328)	0.00 (0.00)
[87/88]	0.0062 (0.0084)	0.0023 (0.0044)	0.080 (0.555)	98.43 (95.13)
 * Train Acc 95.135
 * Val Acc 99.680, Total time 0.28
Epoch:1
LR: 0.001
Itr		Time		  Data		  Loss		Acc
[0/88]	0.1118 (0.1118)	0.1041 (0.1041)	0.042 (0.042)	100.00 (100.00)
[87/88]	0.0128 (0.0084)	0.0089 (0.0045)	0.042 (0.042)	99.21 (99.41)
 * Train Acc 99.405
 * Val Acc 99.787, Total time 0.23
Computing SI
validation split name: 1
 * Val Acc 0.000, Total time 0.25
validation split name: 2
 * Val Acc 0.000, Total time 0.27
validation split name: 3
 * Val Acc 99.787, Total time 0.23
====================== 4 =======================
Incremental class: Old valid output dimension: 6
Incremental class: New Valid output dimension: 8
#reg_term: 1
Epoch:0
LR: 0.001
Itr		Time		  Data		  Loss		Acc
[0/96]	0.1157 (0.1157)	0.1081 (0.1081)	10.969 (10.969)	0.00 (0.00)
[95/96]	0.0042 (0.0086)	0.0001 (0.0046)	0.023 (0.813)	100.00 (96.13)
 * Train Acc 96.134
 * Val Acc 99.748, Total time 0.23
Epoch:1
LR: 0.001
Itr		Time		  Data		  Loss		Acc
[0/96]	0.1111 (0.1111)	0.1034 (0.1034)	0.027 (0.027)	100.00 (100.00)
[95/96]	0.0042 (0.0084)	0.0001 (0.0044)	0.034 (0.024)	100.00 (99.82)
 * Train Acc 99.819
 * Val Acc 99.496, Total time 0.24
Computing SI
validation split name: 1
 * Val Acc 0.000, Total time 0.27
validation split name: 2
 * Val Acc 0.000, Total time 0.25
validation split name: 3
 * Val Acc 0.000, Total time 0.23
validation split name: 4
 * Val Acc 99.496, Total time 0.25
====================== 5 =======================
Incremental class: Old valid output dimension: 8
Incremental class: New Valid output dimension: 10
#reg_term: 1
Epoch:0
LR: 0.001
Itr		Time		  Data		  Loss		Acc
[0/93]	0.1156 (0.1156)	0.1077 (0.1077)	14.394 (14.394)	0.00 (0.00)
[92/93]	0.0041 (0.0085)	0.0001 (0.0046)	0.091 (1.183)	100.00 (92.52)
 * Train Acc 92.517
 * Val Acc 97.579, Total time 0.27
Epoch:1
LR: 0.001
Itr		Time		  Data		  Loss		Acc
[0/93]	0.1149 (0.1149)	0.1076 (0.1076)	0.095 (0.095)	99.22 (99.22)
[92/93]	0.0041 (0.0084)	0.0001 (0.0045)	0.070 (0.093)	100.00 (98.31)
 * Train Acc 98.305
 * Val Acc 97.277, Total time 0.24
Computing SI
validation split name: 1
 * Val Acc 0.000, Total time 0.25
validation split name: 2
 * Val Acc 0.000, Total time 0.25
validation split name: 3
 * Val Acc 0.000, Total time 0.27
validation split name: 4
 * Val Acc 0.000, Total time 0.24
validation split name: 5
 * Val Acc 97.277, Total time 0.24
OrderedDict([('1', OrderedDict([('1', 99.90543735224587), ('2', 0.0), ('3', 0.0), ('4', 0.0), ('5', 0.0)])), ('2', OrderedDict([('2', 98.62879529872674), ('3', 0.0), ('4', 0.0), ('5', 0.0)])), ('3', OrderedDict([('3', 99.78655282817503), ('4', 0.0), ('5', 0.0)])), ('4', OrderedDict([('4', 99.49647532729104), ('5', 0.0)])), ('5', OrderedDict([('5', 97.2768532526475)]))])
Task 1 average acc: 99.90543735224587
Task 2 average acc: 49.31439764936337
Task 3 average acc: 33.26218427605834
Task 4 average acc: 24.87411883182276
Task 5 average acc: 19.4553706505295
===Summary of experiment repeats: 5 / 5 ===
The regularization coefficient: 600.0
The last avg acc of all repeats: [19.61674231 20.17060421 19.56631367 19.57639939 19.45537065]
mean: 19.677086047110407 std: 0.2524945890407162
reg_coef: 600.0 mean: 19.677086047110407 std: 0.2524945890407162
Total Time for the script is 74.67410564422607 seconds
