MLP(
  (linear): Sequential(
    (0): Linear(in_features=1024, out_features=1000, bias=True)
    (1): ReLU(inplace=True)
    (2): Linear(in_features=1000, out_features=1000, bias=True)
    (3): ReLU(inplace=True)
  )
  (last): ModuleDict(
    (1): Linear(in_features=1000, out_features=10, bias=True)
    (2): Linear(in_features=1000, out_features=10, bias=True)
    (3): Linear(in_features=1000, out_features=10, bias=True)
    (4): Linear(in_features=1000, out_features=10, bias=True)
    (5): Linear(in_features=1000, out_features=10, bias=True)
    (6): Linear(in_features=1000, out_features=10, bias=True)
    (7): Linear(in_features=1000, out_features=10, bias=True)
    (8): Linear(in_features=1000, out_features=10, bias=True)
    (9): Linear(in_features=1000, out_features=10, bias=True)
    (10): Linear(in_features=1000, out_features=10, bias=True)
  )
)
#parameter of model: 2126100
Task order: ['1', '2', '3', '4', '5', '6', '7', '8', '9', '10']
====================== 1 =======================
Epoch:0
LR: 0.001
Itr		Time		  Data		  Loss		Acc
[0/469]	0.5355 (0.5355)	0.0949 (0.0949)	2.307 (2.307)	10.16 (10.16)
[100/469]	0.0152 (0.0122)	0.0125 (0.0051)	0.449 (0.504)	88.28 (85.29)
[200/469]	0.0035 (0.0097)	0.0008 (0.0048)	0.260 (0.395)	91.41 (88.50)
[300/469]	0.0029 (0.0089)	0.0001 (0.0047)	0.188 (0.341)	93.75 (90.05)
[400/469]	0.0153 (0.0085)	0.0125 (0.0046)	0.206 (0.309)	94.53 (91.00)
[468/469]	0.0028 (0.0083)	0.0001 (0.0046)	0.169 (0.292)	92.71 (91.50)
 * Train Acc 91.498
 * Val Acc 94.610, Total time 0.74
Epoch:1
LR: 0.001
Itr		Time		  Data		  Loss		Acc
[0/469]	0.1310 (0.1310)	0.1232 (0.1232)	0.204 (0.204)	92.97 (92.97)
[100/469]	0.0134 (0.0085)	0.0106 (0.0056)	0.155 (0.180)	96.09 (94.83)
[200/469]	0.0032 (0.0078)	0.0001 (0.0050)	0.220 (0.178)	94.53 (94.88)
[300/469]	0.0029 (0.0076)	0.0001 (0.0048)	0.138 (0.170)	96.88 (95.09)
[400/469]	0.0155 (0.0075)	0.0127 (0.0047)	0.089 (0.166)	96.88 (95.16)
[468/469]	0.0027 (0.0074)	0.0001 (0.0046)	0.166 (0.164)	94.79 (95.25)
 * Train Acc 95.245
 * Val Acc 95.570, Total time 0.69
validation split name: 1
 * Val Acc 95.570, Total time 0.69
====================== 2 =======================
Epoch:0
LR: 0.001
Itr		Time		  Data		  Loss		Acc
[0/469]	0.1414 (0.1414)	0.1354 (0.1354)	2.314 (2.314)	10.16 (10.16)
[100/469]	0.0064 (0.0117)	0.0031 (0.0083)	0.359 (0.721)	92.19 (81.24)
[200/469]	0.0135 (0.0111)	0.0101 (0.0078)	0.360 (0.534)	89.84 (85.88)
[300/469]	0.0110 (0.0109)	0.0078 (0.0076)	0.221 (0.460)	93.75 (87.65)
[400/469]	0.0033 (0.0107)	0.0001 (0.0074)	0.255 (0.413)	93.75 (88.79)
[468/469]	0.0039 (0.0107)	0.0007 (0.0074)	0.296 (0.391)	92.71 (89.29)
 * Train Acc 89.292
 * Val Acc 93.000, Total time 0.94
Epoch:1
LR: 0.001
Itr		Time		  Data		  Loss		Acc
[0/469]	0.1322 (0.1322)	0.1244 (0.1244)	0.351 (0.351)	89.84 (89.84)
[100/469]	0.0242 (0.0117)	0.0211 (0.0084)	0.286 (0.242)	92.19 (93.18)
[200/469]	0.0032 (0.0111)	0.0001 (0.0078)	0.202 (0.233)	90.62 (93.26)
[300/469]	0.0041 (0.0108)	0.0009 (0.0076)	0.142 (0.225)	95.31 (93.58)
[400/469]	0.0235 (0.0107)	0.0203 (0.0075)	0.156 (0.219)	95.31 (93.73)
[468/469]	0.0032 (0.0107)	0.0001 (0.0074)	0.225 (0.217)	95.83 (93.78)
 * Train Acc 93.785
 * Val Acc 94.550, Total time 0.95
validation split name: 1
 * Val Acc 95.200, Total time 0.69
validation split name: 2
 * Val Acc 94.550, Total time 0.95
====================== 3 =======================
Epoch:0
LR: 0.001
Itr		Time		  Data		  Loss		Acc
[0/469]	0.1418 (0.1418)	0.1355 (0.1355)	2.315 (2.315)	10.16 (10.16)
[100/469]	0.0029 (0.0119)	0.0001 (0.0089)	0.459 (0.850)	88.28 (79.15)
[200/469]	0.0094 (0.0111)	0.0063 (0.0081)	0.308 (0.620)	92.19 (84.17)
[300/469]	0.0173 (0.0108)	0.0144 (0.0079)	0.358 (0.523)	86.72 (86.30)
[400/469]	0.0032 (0.0107)	0.0001 (0.0077)	0.287 (0.468)	89.84 (87.54)
[468/469]	0.0033 (0.0107)	0.0001 (0.0076)	0.289 (0.440)	90.62 (88.15)
 * Train Acc 88.152
 * Val Acc 92.650, Total time 1.00
Epoch:1
LR: 0.001
Itr		Time		  Data		  Loss		Acc
[0/469]	0.1301 (0.1301)	0.1236 (0.1236)	0.317 (0.317)	91.41 (91.41)
[100/469]	0.0051 (0.0114)	0.0018 (0.0080)	0.128 (0.263)	97.66 (92.29)
[200/469]	0.0033 (0.0109)	0.0001 (0.0075)	0.146 (0.251)	96.88 (92.73)
[300/469]	0.0238 (0.0108)	0.0205 (0.0074)	0.198 (0.253)	94.53 (92.72)
[400/469]	0.0042 (0.0107)	0.0009 (0.0073)	0.139 (0.244)	96.09 (92.97)
[468/469]	0.0166 (0.0106)	0.0133 (0.0073)	0.320 (0.240)	90.62 (93.08)
 * Train Acc 93.080
 * Val Acc 93.740, Total time 0.94
validation split name: 1
 * Val Acc 94.710, Total time 0.72
validation split name: 2
 * Val Acc 94.500, Total time 0.95
validation split name: 3
 * Val Acc 93.740, Total time 0.96
====================== 4 =======================
Epoch:0
LR: 0.001
Itr		Time		  Data		  Loss		Acc
[0/469]	0.1423 (0.1423)	0.1358 (0.1358)	2.351 (2.351)	10.16 (10.16)
[100/469]	0.0036 (0.0120)	0.0001 (0.0085)	0.468 (0.914)	85.16 (78.41)
[200/469]	0.0036 (0.0111)	0.0001 (0.0077)	0.432 (0.665)	85.94 (83.41)
[300/469]	0.0240 (0.0109)	0.0205 (0.0074)	0.360 (0.561)	87.50 (85.51)
[400/469]	0.0034 (0.0108)	0.0002 (0.0073)	0.380 (0.500)	88.28 (86.94)
[468/469]	0.0165 (0.0107)	0.0130 (0.0072)	0.339 (0.470)	89.58 (87.54)
 * Train Acc 87.537
 * Val Acc 92.340, Total time 0.93
Epoch:1
LR: 0.001
Itr		Time		  Data		  Loss		Acc
[0/469]	0.1253 (0.1253)	0.1186 (0.1186)	0.214 (0.214)	92.19 (92.19)
[100/469]	0.0233 (0.0117)	0.0201 (0.0082)	0.199 (0.274)	94.53 (92.12)
[200/469]	0.0244 (0.0112)	0.0210 (0.0078)	0.361 (0.271)	91.41 (92.16)
[300/469]	0.0035 (0.0110)	0.0001 (0.0076)	0.201 (0.267)	93.75 (92.28)
[400/469]	0.0035 (0.0109)	0.0001 (0.0075)	0.217 (0.259)	92.97 (92.52)
[468/469]	0.0035 (0.0109)	0.0001 (0.0074)	0.226 (0.256)	93.75 (92.63)
 * Train Acc 92.633
 * Val Acc 93.800, Total time 0.94
validation split name: 1
 * Val Acc 94.550, Total time 0.75
validation split name: 2
 * Val Acc 94.180, Total time 1.00
validation split name: 3
 * Val Acc 93.300, Total time 0.95
validation split name: 4
 * Val Acc 93.800, Total time 0.92
====================== 5 =======================
Epoch:0
LR: 0.001
Itr		Time		  Data		  Loss		Acc
[0/469]	0.1229 (0.1229)	0.1166 (0.1166)	2.354 (2.354)	12.50 (12.50)
[100/469]	0.0045 (0.0113)	0.0009 (0.0077)	0.533 (0.984)	87.50 (76.26)
[200/469]	0.0034 (0.0108)	0.0001 (0.0073)	0.277 (0.717)	95.31 (82.23)
[300/469]	0.0234 (0.0107)	0.0202 (0.0073)	0.410 (0.600)	89.06 (84.72)
[400/469]	0.0033 (0.0106)	0.0001 (0.0072)	0.420 (0.534)	88.28 (86.13)
[468/469]	0.0162 (0.0105)	0.0125 (0.0071)	0.226 (0.502)	94.79 (86.76)
 * Train Acc 86.763
 * Val Acc 91.520, Total time 0.95
Epoch:1
LR: 0.001
Itr		Time		  Data		  Loss		Acc
[0/469]	0.1406 (0.1406)	0.1335 (0.1335)	0.415 (0.415)	88.28 (88.28)
[100/469]	0.0039 (0.0118)	0.0001 (0.0081)	0.213 (0.297)	93.75 (91.51)
[200/469]	0.0045 (0.0111)	0.0009 (0.0074)	0.127 (0.286)	96.09 (91.79)
[300/469]	0.0227 (0.0109)	0.0191 (0.0072)	0.205 (0.283)	93.75 (91.82)
[400/469]	0.0039 (0.0107)	0.0001 (0.0071)	0.221 (0.274)	94.53 (92.04)
[468/469]	0.0151 (0.0107)	0.0117 (0.0070)	0.250 (0.271)	91.67 (92.14)
 * Train Acc 92.135
 * Val Acc 92.930, Total time 1.00
validation split name: 1
 * Val Acc 94.150, Total time 0.69
validation split name: 2
 * Val Acc 93.960, Total time 0.99
validation split name: 3
 * Val Acc 93.190, Total time 0.97
validation split name: 4
 * Val Acc 93.340, Total time 0.95
validation split name: 5
 * Val Acc 92.930, Total time 0.95
====================== 6 =======================
Epoch:0
LR: 0.001
Itr		Time		  Data		  Loss		Acc
[0/469]	0.1298 (0.1298)	0.1237 (0.1237)	2.326 (2.326)	15.62 (15.62)
[100/469]	0.0239 (0.0117)	0.0206 (0.0082)	0.533 (1.049)	86.72 (74.98)
[200/469]	0.0034 (0.0111)	0.0001 (0.0077)	0.472 (0.764)	88.28 (81.09)
[300/469]	0.0034 (0.0109)	0.0001 (0.0076)	0.393 (0.636)	87.50 (83.91)
[400/469]	0.0245 (0.0109)	0.0212 (0.0075)	0.328 (0.564)	92.19 (85.45)
[468/469]	0.0033 (0.0108)	0.0001 (0.0074)	0.302 (0.527)	91.67 (86.25)
 * Train Acc 86.255
 * Val Acc 91.650, Total time 0.95
Epoch:1
LR: 0.001
Itr		Time		  Data		  Loss		Acc
[0/469]	0.1309 (0.1309)	0.1241 (0.1241)	0.277 (0.277)	92.19 (92.19)
[100/469]	0.0043 (0.0114)	0.0008 (0.0077)	0.280 (0.306)	91.41 (91.10)
[200/469]	0.0039 (0.0108)	0.0001 (0.0071)	0.226 (0.298)	93.75 (91.44)
[300/469]	0.0233 (0.0107)	0.0195 (0.0070)	0.361 (0.290)	87.50 (91.63)
[400/469]	0.0038 (0.0105)	0.0001 (0.0068)	0.227 (0.283)	93.75 (91.81)
[468/469]	0.0155 (0.0105)	0.0119 (0.0068)	0.320 (0.279)	88.54 (91.91)
 * Train Acc 91.913
 * Val Acc 93.110, Total time 0.93
validation split name: 1
 * Val Acc 94.070, Total time 0.75
validation split name: 2
 * Val Acc 94.040, Total time 0.94
validation split name: 3
 * Val Acc 93.000, Total time 0.93
validation split name: 4
 * Val Acc 93.460, Total time 1.00
validation split name: 5
 * Val Acc 92.800, Total time 0.96
validation split name: 6
 * Val Acc 93.110, Total time 0.95
====================== 7 =======================
Epoch:0
LR: 0.001
Itr		Time		  Data		  Loss		Acc
[0/469]	0.1277 (0.1277)	0.1210 (0.1210)	2.497 (2.497)	6.25 (6.25)
[100/469]	0.0128 (0.0115)	0.0089 (0.0076)	0.598 (1.100)	85.16 (73.57)
[200/469]	0.0039 (0.0109)	0.0001 (0.0070)	0.371 (0.792)	85.94 (80.59)
[300/469]	0.0088 (0.0107)	0.0052 (0.0068)	0.435 (0.661)	86.72 (83.39)
[400/469]	0.0216 (0.0106)	0.0179 (0.0068)	0.402 (0.584)	88.28 (85.10)
[468/469]	0.0037 (0.0105)	0.0001 (0.0067)	0.418 (0.549)	89.58 (85.84)
 * Train Acc 85.838
 * Val Acc 91.150, Total time 0.94
Epoch:1
LR: 0.001
Itr		Time		  Data		  Loss		Acc
[0/469]	0.1294 (0.1294)	0.1226 (0.1226)	0.200 (0.200)	94.53 (94.53)
[100/469]	0.0039 (0.0116)	0.0001 (0.0078)	0.264 (0.314)	92.97 (90.91)
[200/469]	0.0039 (0.0110)	0.0001 (0.0072)	0.461 (0.311)	88.28 (91.08)
[300/469]	0.0237 (0.0108)	0.0198 (0.0071)	0.244 (0.302)	94.53 (91.38)
[400/469]	0.0039 (0.0107)	0.0001 (0.0069)	0.157 (0.292)	96.09 (91.62)
[468/469]	0.0154 (0.0107)	0.0117 (0.0069)	0.249 (0.287)	90.62 (91.75)
 * Train Acc 91.745
 * Val Acc 92.710, Total time 0.94
validation split name: 1
 * Val Acc 93.720, Total time 0.69
validation split name: 2
 * Val Acc 93.970, Total time 0.94
validation split name: 3
 * Val Acc 92.650, Total time 0.98
validation split name: 4
 * Val Acc 93.290, Total time 0.97
validation split name: 5
 * Val Acc 92.790, Total time 0.93
validation split name: 6
 * Val Acc 92.770, Total time 0.94
validation split name: 7
 * Val Acc 92.710, Total time 0.95
====================== 8 =======================
Epoch:0
LR: 0.001
Itr		Time		  Data		  Loss		Acc
[0/469]	0.1264 (0.1264)	0.1197 (0.1197)	2.377 (2.377)	10.94 (10.94)
[100/469]	0.0040 (0.0116)	0.0001 (0.0078)	0.538 (1.134)	87.50 (72.63)
[200/469]	0.0040 (0.0110)	0.0001 (0.0071)	0.394 (0.824)	86.72 (79.50)
[300/469]	0.0230 (0.0108)	0.0190 (0.0069)	0.337 (0.684)	89.84 (82.62)
[400/469]	0.0040 (0.0107)	0.0001 (0.0068)	0.344 (0.605)	91.41 (84.33)
[468/469]	0.0152 (0.0106)	0.0114 (0.0067)	0.254 (0.567)	89.58 (85.17)
 * Train Acc 85.170
 * Val Acc 91.060, Total time 1.01
Epoch:1
LR: 0.001
Itr		Time		  Data		  Loss		Acc
[0/469]	0.1296 (0.1296)	0.1224 (0.1224)	0.319 (0.319)	89.06 (89.06)
[100/469]	0.0039 (0.0117)	0.0001 (0.0078)	0.309 (0.324)	92.19 (90.60)
[200/469]	0.0039 (0.0111)	0.0001 (0.0073)	0.204 (0.312)	91.41 (91.00)
[300/469]	0.0237 (0.0110)	0.0199 (0.0072)	0.249 (0.306)	91.41 (91.17)
[400/469]	0.0040 (0.0108)	0.0002 (0.0070)	0.174 (0.299)	94.53 (91.27)
[468/469]	0.0154 (0.0107)	0.0116 (0.0069)	0.286 (0.297)	89.58 (91.34)
 * Train Acc 91.345
 * Val Acc 92.390, Total time 0.95
validation split name: 1
 * Val Acc 93.400, Total time 0.70
validation split name: 2
 * Val Acc 93.640, Total time 0.94
validation split name: 3
 * Val Acc 92.020, Total time 0.96
validation split name: 4
 * Val Acc 92.920, Total time 0.93
validation split name: 5
 * Val Acc 92.760, Total time 0.95
validation split name: 6
 * Val Acc 92.650, Total time 0.94
validation split name: 7
 * Val Acc 92.660, Total time 0.95
validation split name: 8
 * Val Acc 92.390, Total time 0.95
====================== 9 =======================
Epoch:0
LR: 0.001
Itr		Time		  Data		  Loss		Acc
[0/469]	0.1299 (0.1299)	0.1231 (0.1231)	2.459 (2.459)	7.81 (7.81)
[100/469]	0.0247 (0.0118)	0.0206 (0.0077)	0.637 (1.152)	87.50 (71.79)
[200/469]	0.0039 (0.0113)	0.0002 (0.0072)	0.392 (0.841)	87.50 (79.06)
[300/469]	0.0043 (0.0111)	0.0002 (0.0069)	0.332 (0.701)	91.41 (82.04)
[400/469]	0.0219 (0.0109)	0.0179 (0.0068)	0.305 (0.618)	92.19 (83.88)
[468/469]	0.0039 (0.0108)	0.0001 (0.0067)	0.339 (0.580)	88.54 (84.76)
 * Train Acc 84.763
 * Val Acc 90.840, Total time 0.97
Epoch:1
LR: 0.001
Itr		Time		  Data		  Loss		Acc
[0/469]	0.1261 (0.1261)	0.1189 (0.1189)	0.270 (0.270)	91.41 (91.41)
[100/469]	0.0041 (0.0116)	0.0001 (0.0076)	0.353 (0.335)	89.84 (90.55)
[200/469]	0.0050 (0.0109)	0.0010 (0.0069)	0.277 (0.321)	91.41 (90.85)
[300/469]	0.0213 (0.0107)	0.0173 (0.0067)	0.275 (0.313)	93.75 (91.07)
[400/469]	0.0042 (0.0106)	0.0001 (0.0066)	0.277 (0.308)	91.41 (91.18)
[468/469]	0.0138 (0.0105)	0.0097 (0.0065)	0.207 (0.304)	93.75 (91.27)
 * Train Acc 91.272
 * Val Acc 92.280, Total time 0.93
validation split name: 1
 * Val Acc 93.550, Total time 0.70
validation split name: 2
 * Val Acc 93.570, Total time 0.94
validation split name: 3
 * Val Acc 91.750, Total time 0.94
validation split name: 4
 * Val Acc 92.750, Total time 0.94
validation split name: 5
 * Val Acc 92.580, Total time 0.96
validation split name: 6
 * Val Acc 92.370, Total time 0.95
validation split name: 7
 * Val Acc 92.440, Total time 0.94
validation split name: 8
 * Val Acc 92.370, Total time 0.95
validation split name: 9
 * Val Acc 92.280, Total time 0.93
====================== 10 =======================
Epoch:0
LR: 0.001
Itr		Time		  Data		  Loss		Acc
[0/469]	0.1361 (0.1361)	0.1289 (0.1289)	2.361 (2.361)	14.06 (14.06)
[100/469]	0.0042 (0.0115)	0.0001 (0.0073)	0.620 (1.138)	85.16 (72.39)
[200/469]	0.0050 (0.0109)	0.0008 (0.0067)	0.367 (0.841)	90.62 (79.19)
[300/469]	0.0225 (0.0107)	0.0184 (0.0065)	0.415 (0.702)	90.62 (82.25)
[400/469]	0.0051 (0.0106)	0.0009 (0.0064)	0.385 (0.621)	88.28 (84.05)
[468/469]	0.0134 (0.0105)	0.0092 (0.0063)	0.400 (0.581)	90.62 (84.94)
 * Train Acc 84.940
 * Val Acc 90.970, Total time 0.95
Epoch:1
LR: 0.001
Itr		Time		  Data		  Loss		Acc
[0/469]	0.1278 (0.1278)	0.1213 (0.1213)	0.344 (0.344)	91.41 (91.41)
[100/469]	0.0038 (0.0116)	0.0001 (0.0077)	0.231 (0.329)	94.53 (90.24)
[200/469]	0.0039 (0.0109)	0.0001 (0.0071)	0.297 (0.323)	92.19 (90.64)
[300/469]	0.0234 (0.0108)	0.0196 (0.0070)	0.276 (0.316)	94.53 (90.94)
[400/469]	0.0039 (0.0107)	0.0001 (0.0069)	0.403 (0.310)	87.50 (91.09)
[468/469]	0.0157 (0.0106)	0.0121 (0.0068)	0.274 (0.307)	92.71 (91.19)
 * Train Acc 91.193
 * Val Acc 92.320, Total time 0.94
validation split name: 1
 * Val Acc 93.220, Total time 0.69
validation split name: 2
 * Val Acc 93.370, Total time 0.95
validation split name: 3
 * Val Acc 91.970, Total time 0.98
validation split name: 4
 * Val Acc 92.820, Total time 0.95
validation split name: 5
 * Val Acc 92.390, Total time 0.94
validation split name: 6
 * Val Acc 92.550, Total time 0.97
validation split name: 7
 * Val Acc 92.390, Total time 0.98
validation split name: 8
 * Val Acc 92.290, Total time 0.94
validation split name: 9
 * Val Acc 92.170, Total time 0.94
validation split name: 10
 * Val Acc 92.320, Total time 0.99
OrderedDict([('1', OrderedDict([('1', 95.57), ('2', 95.2), ('3', 94.71), ('4', 94.55), ('5', 94.15), ('6', 94.07), ('7', 93.72), ('8', 93.4), ('9', 93.55), ('10', 93.22)])), ('2', OrderedDict([('2', 94.55), ('3', 94.5), ('4', 94.18), ('5', 93.96), ('6', 94.04), ('7', 93.97), ('8', 93.64), ('9', 93.57), ('10', 93.37)])), ('3', OrderedDict([('3', 93.74), ('4', 93.3), ('5', 93.19), ('6', 93.0), ('7', 92.65), ('8', 92.02), ('9', 91.75), ('10', 91.97)])), ('4', OrderedDict([('4', 93.8), ('5', 93.34), ('6', 93.46), ('7', 93.29), ('8', 92.92), ('9', 92.75), ('10', 92.82)])), ('5', OrderedDict([('5', 92.93), ('6', 92.8), ('7', 92.79), ('8', 92.76), ('9', 92.58), ('10', 92.39)])), ('6', OrderedDict([('6', 93.11), ('7', 92.77), ('8', 92.65), ('9', 92.37), ('10', 92.55)])), ('7', OrderedDict([('7', 92.71), ('8', 92.66), ('9', 92.44), ('10', 92.39)])), ('8', OrderedDict([('8', 92.39), ('9', 92.37), ('10', 92.29)])), ('9', OrderedDict([('9', 92.28), ('10', 92.17)])), ('10', OrderedDict([('10', 92.32)]))])
Task 1 average acc: 95.57
Task 2 average acc: 94.875
Task 3 average acc: 94.31666666666666
Task 4 average acc: 93.95750000000001
Task 5 average acc: 93.514
Task 6 average acc: 93.41333333333334
Task 7 average acc: 93.12857142857145
Task 8 average acc: 92.80499999999999
Task 9 average acc: 92.62888888888888
Task 10 average acc: 92.54899999999998
===Summary of experiment repeats: 1 / 5 ===
The regularization coefficient: 0.0
The last avg acc of all repeats: [92.549  0.     0.     0.     0.   ]
mean: 18.509799999999995 std: 37.01959999999999
MLP(
  (linear): Sequential(
    (0): Linear(in_features=1024, out_features=1000, bias=True)
    (1): ReLU(inplace=True)
    (2): Linear(in_features=1000, out_features=1000, bias=True)
    (3): ReLU(inplace=True)
  )
  (last): ModuleDict(
    (1): Linear(in_features=1000, out_features=10, bias=True)
    (2): Linear(in_features=1000, out_features=10, bias=True)
    (3): Linear(in_features=1000, out_features=10, bias=True)
    (4): Linear(in_features=1000, out_features=10, bias=True)
    (5): Linear(in_features=1000, out_features=10, bias=True)
    (6): Linear(in_features=1000, out_features=10, bias=True)
    (7): Linear(in_features=1000, out_features=10, bias=True)
    (8): Linear(in_features=1000, out_features=10, bias=True)
    (9): Linear(in_features=1000, out_features=10, bias=True)
    (10): Linear(in_features=1000, out_features=10, bias=True)
  )
)
#parameter of model: 2126100
Task order: ['1', '2', '3', '4', '5', '6', '7', '8', '9', '10']
====================== 1 =======================
Epoch:0
LR: 0.001
Itr		Time		  Data		  Loss		Acc
[0/469]	0.1241 (0.1241)	0.1158 (0.1158)	2.311 (2.311)	7.81 (7.81)
[100/469]	0.0032 (0.0084)	0.0001 (0.0055)	0.227 (0.495)	92.97 (85.18)
[200/469]	0.0029 (0.0077)	0.0002 (0.0048)	0.265 (0.387)	91.41 (88.54)
[300/469]	0.0157 (0.0076)	0.0126 (0.0047)	0.240 (0.335)	92.97 (90.12)
[400/469]	0.0033 (0.0074)	0.0001 (0.0046)	0.254 (0.305)	93.75 (91.06)
[468/469]	0.0100 (0.0074)	0.0073 (0.0045)	0.073 (0.289)	98.96 (91.55)
 * Train Acc 91.552
 * Val Acc 94.730, Total time 0.70
Epoch:1
LR: 0.001
Itr		Time		  Data		  Loss		Acc
[0/469]	0.1198 (0.1198)	0.1144 (0.1144)	0.157 (0.157)	96.09 (96.09)
[100/469]	0.0144 (0.0083)	0.0117 (0.0054)	0.217 (0.182)	89.84 (94.58)
[200/469]	0.0030 (0.0077)	0.0002 (0.0049)	0.092 (0.171)	98.44 (94.98)
[300/469]	0.0029 (0.0076)	0.0001 (0.0047)	0.113 (0.170)	97.66 (95.03)
[400/469]	0.0159 (0.0076)	0.0131 (0.0047)	0.135 (0.164)	95.31 (95.22)
[468/469]	0.0027 (0.0075)	0.0001 (0.0046)	0.073 (0.161)	96.88 (95.31)
 * Train Acc 95.312
 * Val Acc 95.630, Total time 0.71
validation split name: 1
 * Val Acc 95.630, Total time 0.71
====================== 2 =======================
Epoch:0
LR: 0.001
Itr		Time		  Data		  Loss		Acc
[0/469]	0.1311 (0.1311)	0.1256 (0.1256)	2.320 (2.320)	14.06 (14.06)
[100/469]	0.0029 (0.0115)	0.0001 (0.0087)	0.392 (0.735)	88.28 (81.38)
[200/469]	0.0029 (0.0108)	0.0002 (0.0080)	0.239 (0.544)	94.53 (85.68)
[300/469]	0.0248 (0.0106)	0.0219 (0.0078)	0.238 (0.464)	94.53 (87.53)
[400/469]	0.0029 (0.0105)	0.0001 (0.0077)	0.147 (0.416)	97.66 (88.66)
[468/469]	0.0177 (0.0105)	0.0147 (0.0077)	0.255 (0.394)	94.79 (89.19)
 * Train Acc 89.190
 * Val Acc 92.690, Total time 0.95
Epoch:1
LR: 0.001
Itr		Time		  Data		  Loss		Acc
[0/469]	0.1407 (0.1407)	0.1348 (0.1348)	0.275 (0.275)	93.75 (93.75)
[100/469]	0.0032 (0.0120)	0.0001 (0.0088)	0.245 (0.229)	93.75 (93.32)
[200/469]	0.0242 (0.0113)	0.0210 (0.0081)	0.145 (0.228)	96.09 (93.35)
[300/469]	0.0041 (0.0109)	0.0010 (0.0077)	0.197 (0.225)	92.97 (93.43)
[400/469]	0.0032 (0.0108)	0.0001 (0.0076)	0.134 (0.221)	96.09 (93.61)
[468/469]	0.0031 (0.0107)	0.0001 (0.0075)	0.102 (0.218)	97.92 (93.67)
 * Train Acc 93.675
 * Val Acc 94.390, Total time 0.99
validation split name: 1
 * Val Acc 95.180, Total time 0.69
validation split name: 2
 * Val Acc 94.390, Total time 0.96
====================== 3 =======================
Epoch:0
LR: 0.001
Itr		Time		  Data		  Loss		Acc
[0/469]	0.1265 (0.1265)	0.1208 (0.1208)	2.311 (2.311)	11.72 (11.72)
[100/469]	0.0043 (0.0114)	0.0009 (0.0084)	0.337 (0.828)	92.19 (79.64)
[200/469]	0.0246 (0.0110)	0.0217 (0.0079)	0.310 (0.608)	92.19 (84.33)
[300/469]	0.0030 (0.0107)	0.0001 (0.0077)	0.296 (0.518)	89.84 (86.28)
[400/469]	0.0030 (0.0106)	0.0001 (0.0076)	0.246 (0.465)	92.97 (87.56)
[468/469]	0.0033 (0.0106)	0.0001 (0.0076)	0.489 (0.438)	85.42 (88.16)
 * Train Acc 88.160
 * Val Acc 92.580, Total time 1.00
Epoch:1
LR: 0.001
Itr		Time		  Data		  Loss		Acc
[0/469]	0.1410 (0.1410)	0.1351 (0.1351)	0.338 (0.338)	90.62 (90.62)
[100/469]	0.0032 (0.0119)	0.0002 (0.0085)	0.271 (0.259)	91.41 (92.68)
[200/469]	0.0041 (0.0111)	0.0008 (0.0077)	0.142 (0.254)	96.88 (92.78)
[300/469]	0.0220 (0.0109)	0.0188 (0.0075)	0.139 (0.252)	97.66 (92.71)
[400/469]	0.0041 (0.0107)	0.0010 (0.0074)	0.196 (0.245)	93.75 (92.97)
[468/469]	0.0092 (0.0106)	0.0060 (0.0073)	0.313 (0.240)	89.58 (93.14)
 * Train Acc 93.138
 * Val Acc 94.040, Total time 1.00
validation split name: 1
 * Val Acc 94.690, Total time 0.71
validation split name: 2
 * Val Acc 93.930, Total time 0.99
validation split name: 3
 * Val Acc 94.040, Total time 0.99
====================== 4 =======================
Epoch:0
LR: 0.001
Itr		Time		  Data		  Loss		Acc
[0/469]	0.1396 (0.1396)	0.1336 (0.1336)	2.352 (2.352)	10.94 (10.94)
[100/469]	0.0188 (0.0119)	0.0156 (0.0085)	0.416 (0.949)	89.84 (77.02)
[200/469]	0.0036 (0.0111)	0.0001 (0.0077)	0.433 (0.685)	89.06 (82.59)
[300/469]	0.0043 (0.0109)	0.0008 (0.0075)	0.354 (0.571)	89.84 (85.23)
[400/469]	0.0245 (0.0108)	0.0211 (0.0074)	0.408 (0.507)	88.28 (86.67)
[468/469]	0.0033 (0.0107)	0.0001 (0.0073)	0.234 (0.476)	91.67 (87.38)
 * Train Acc 87.378
 * Val Acc 92.410, Total time 0.94
Epoch:1
LR: 0.001
Itr		Time		  Data		  Loss		Acc
[0/469]	0.1297 (0.1297)	0.1236 (0.1236)	0.261 (0.261)	92.19 (92.19)
[100/469]	0.0042 (0.0115)	0.0010 (0.0083)	0.202 (0.271)	92.19 (92.30)
[200/469]	0.0092 (0.0109)	0.0060 (0.0077)	0.241 (0.264)	93.75 (92.44)
[300/469]	0.0079 (0.0108)	0.0047 (0.0076)	0.338 (0.261)	89.84 (92.48)
[400/469]	0.0174 (0.0107)	0.0141 (0.0075)	0.184 (0.256)	94.53 (92.62)
[468/469]	0.0034 (0.0106)	0.0001 (0.0074)	0.374 (0.254)	91.67 (92.72)
 * Train Acc 92.720
 * Val Acc 93.730, Total time 0.93
validation split name: 1
 * Val Acc 94.300, Total time 0.73
validation split name: 2
 * Val Acc 93.990, Total time 0.94
validation split name: 3
 * Val Acc 93.500, Total time 0.95
validation split name: 4
 * Val Acc 93.730, Total time 0.96
====================== 5 =======================
Epoch:0
LR: 0.001
Itr		Time		  Data		  Loss		Acc
[0/469]	0.1310 (0.1310)	0.1249 (0.1249)	2.322 (2.322)	14.06 (14.06)
[100/469]	0.0042 (0.0115)	0.0009 (0.0081)	0.481 (0.994)	89.06 (75.93)
[200/469]	0.0152 (0.0109)	0.0117 (0.0076)	0.288 (0.713)	91.41 (82.29)
[300/469]	0.0097 (0.0107)	0.0065 (0.0074)	0.265 (0.600)	91.41 (84.67)
[400/469]	0.0035 (0.0106)	0.0001 (0.0073)	0.348 (0.534)	89.84 (86.06)
[468/469]	0.0036 (0.0106)	0.0001 (0.0072)	0.194 (0.500)	94.79 (86.85)
 * Train Acc 86.850
 * Val Acc 91.840, Total time 0.93
Epoch:1
LR: 0.001
Itr		Time		  Data		  Loss		Acc
[0/469]	0.1299 (0.1299)	0.1241 (0.1241)	0.214 (0.214)	94.53 (94.53)
[100/469]	0.0238 (0.0122)	0.0203 (0.0087)	0.282 (0.282)	95.31 (92.03)
[200/469]	0.0037 (0.0113)	0.0001 (0.0077)	0.271 (0.282)	91.41 (91.86)
[300/469]	0.0035 (0.0109)	0.0001 (0.0074)	0.202 (0.275)	96.09 (92.12)
[400/469]	0.0240 (0.0108)	0.0204 (0.0073)	0.237 (0.273)	94.53 (92.10)
[468/469]	0.0036 (0.0107)	0.0001 (0.0072)	0.209 (0.269)	91.67 (92.26)
 * Train Acc 92.257
 * Val Acc 93.440, Total time 0.99
validation split name: 1
 * Val Acc 94.000, Total time 0.75
validation split name: 2
 * Val Acc 93.880, Total time 0.99
validation split name: 3
 * Val Acc 93.370, Total time 0.99
validation split name: 4
 * Val Acc 93.580, Total time 0.93
validation split name: 5
 * Val Acc 93.440, Total time 0.96
====================== 6 =======================
Epoch:0
LR: 0.001
Itr		Time		  Data		  Loss		Acc
[0/469]	0.1275 (0.1275)	0.1212 (0.1212)	2.430 (2.430)	11.72 (11.72)
[100/469]	0.0236 (0.0124)	0.0200 (0.0087)	0.486 (1.061)	87.50 (74.64)
[200/469]	0.0038 (0.0116)	0.0001 (0.0079)	0.366 (0.773)	92.97 (80.90)
[300/469]	0.0038 (0.0111)	0.0001 (0.0074)	0.370 (0.638)	88.28 (83.74)
[400/469]	0.0232 (0.0109)	0.0196 (0.0072)	0.204 (0.563)	93.75 (85.36)
[468/469]	0.0037 (0.0108)	0.0001 (0.0071)	0.364 (0.527)	91.67 (86.08)
 * Train Acc 86.082
 * Val Acc 91.140, Total time 0.93
Epoch:1
LR: 0.001
Itr		Time		  Data		  Loss		Acc
[0/469]	0.1379 (0.1379)	0.1318 (0.1318)	0.204 (0.204)	94.53 (94.53)
[100/469]	0.0038 (0.0117)	0.0001 (0.0080)	0.300 (0.302)	89.84 (91.31)
[200/469]	0.0038 (0.0110)	0.0001 (0.0073)	0.342 (0.291)	92.19 (91.56)
[300/469]	0.0233 (0.0108)	0.0196 (0.0071)	0.282 (0.287)	92.19 (91.56)
[400/469]	0.0037 (0.0106)	0.0001 (0.0070)	0.173 (0.281)	96.09 (91.80)
[468/469]	0.0157 (0.0106)	0.0122 (0.0069)	0.274 (0.278)	91.67 (91.90)
 * Train Acc 91.902
 * Val Acc 93.090, Total time 0.93
validation split name: 1
 * Val Acc 93.570, Total time 0.70
validation split name: 2
 * Val Acc 93.760, Total time 0.94
validation split name: 3
 * Val Acc 93.090, Total time 0.95
validation split name: 4
 * Val Acc 93.420, Total time 0.99
validation split name: 5
 * Val Acc 93.130, Total time 0.99
validation split name: 6
 * Val Acc 93.090, Total time 0.95
====================== 7 =======================
Epoch:0
LR: 0.001
Itr		Time		  Data		  Loss		Acc
[0/469]	0.1415 (0.1415)	0.1353 (0.1353)	2.283 (2.283)	12.50 (12.50)
[100/469]	0.0036 (0.0120)	0.0001 (0.0082)	0.643 (1.088)	82.81 (73.76)
[200/469]	0.0046 (0.0111)	0.0008 (0.0073)	0.453 (0.782)	86.72 (80.63)
[300/469]	0.0229 (0.0109)	0.0191 (0.0071)	0.359 (0.651)	92.19 (83.46)
[400/469]	0.0039 (0.0107)	0.0001 (0.0069)	0.367 (0.576)	91.41 (85.13)
[468/469]	0.0149 (0.0106)	0.0111 (0.0069)	0.329 (0.540)	92.71 (85.91)
 * Train Acc 85.912
 * Val Acc 91.190, Total time 0.94
Epoch:1
LR: 0.001
Itr		Time		  Data		  Loss		Acc
[0/469]	0.1268 (0.1268)	0.1201 (0.1201)	0.508 (0.508)	88.28 (88.28)
[100/469]	0.0037 (0.0115)	0.0001 (0.0077)	0.302 (0.310)	94.53 (91.05)
[200/469]	0.0039 (0.0109)	0.0001 (0.0071)	0.276 (0.305)	90.62 (91.02)
[300/469]	0.0231 (0.0108)	0.0193 (0.0070)	0.290 (0.293)	92.19 (91.45)
[400/469]	0.0053 (0.0106)	0.0016 (0.0069)	0.302 (0.287)	91.41 (91.62)
[468/469]	0.0142 (0.0106)	0.0107 (0.0068)	0.260 (0.284)	92.71 (91.73)
 * Train Acc 91.730
 * Val Acc 92.930, Total time 0.93
validation split name: 1
 * Val Acc 93.230, Total time 0.70
validation split name: 2
 * Val Acc 93.740, Total time 0.94
validation split name: 3
 * Val Acc 93.010, Total time 0.94
validation split name: 4
 * Val Acc 93.300, Total time 0.94
validation split name: 5
 * Val Acc 92.800, Total time 0.93
validation split name: 6
 * Val Acc 93.100, Total time 1.01
validation split name: 7
 * Val Acc 92.930, Total time 1.01
====================== 8 =======================
Epoch:0
LR: 0.001
Itr		Time		  Data		  Loss		Acc
[0/469]	0.1313 (0.1313)	0.1249 (0.1249)	2.372 (2.372)	9.38 (9.38)
[100/469]	0.0040 (0.0117)	0.0001 (0.0077)	0.627 (1.125)	84.38 (72.28)
[200/469]	0.0038 (0.0110)	0.0002 (0.0071)	0.439 (0.825)	88.28 (79.27)
[300/469]	0.0233 (0.0109)	0.0192 (0.0070)	0.373 (0.687)	85.16 (82.43)
[400/469]	0.0040 (0.0107)	0.0001 (0.0068)	0.298 (0.605)	90.62 (84.23)
[468/469]	0.0161 (0.0107)	0.0121 (0.0068)	0.259 (0.566)	91.67 (85.09)
 * Train Acc 85.093
 * Val Acc 91.170, Total time 0.93
Epoch:1
LR: 0.001
Itr		Time		  Data		  Loss		Acc
[0/469]	0.1315 (0.1315)	0.1248 (0.1248)	0.279 (0.279)	92.97 (92.97)
[100/469]	0.0197 (0.0120)	0.0156 (0.0080)	0.251 (0.309)	94.53 (91.40)
[200/469]	0.0045 (0.0112)	0.0009 (0.0071)	0.334 (0.310)	87.50 (91.09)
[300/469]	0.0041 (0.0109)	0.0001 (0.0069)	0.222 (0.303)	92.97 (91.32)
[400/469]	0.0232 (0.0108)	0.0193 (0.0068)	0.369 (0.301)	89.84 (91.42)
[468/469]	0.0040 (0.0107)	0.0001 (0.0067)	0.149 (0.297)	94.79 (91.51)
 * Train Acc 91.513
 * Val Acc 92.620, Total time 0.93
validation split name: 1
 * Val Acc 92.920, Total time 0.69
validation split name: 2
 * Val Acc 93.680, Total time 0.94
validation split name: 3
 * Val Acc 93.100, Total time 0.98
validation split name: 4
 * Val Acc 93.220, Total time 0.98
validation split name: 5
 * Val Acc 92.650, Total time 0.94
validation split name: 6
 * Val Acc 92.960, Total time 0.95
validation split name: 7
 * Val Acc 92.720, Total time 0.94
validation split name: 8
 * Val Acc 92.620, Total time 0.99
====================== 9 =======================
Epoch:0
LR: 0.001
Itr		Time		  Data		  Loss		Acc
[0/469]	0.1415 (0.1415)	0.1349 (0.1349)	2.437 (2.437)	3.12 (3.12)
[100/469]	0.0048 (0.0116)	0.0008 (0.0076)	0.589 (1.148)	85.16 (72.23)
[200/469]	0.0041 (0.0109)	0.0001 (0.0069)	0.408 (0.838)	85.94 (79.12)
[300/469]	0.0222 (0.0107)	0.0182 (0.0067)	0.349 (0.696)	92.97 (82.22)
[400/469]	0.0040 (0.0106)	0.0002 (0.0066)	0.329 (0.613)	91.41 (84.17)
[468/469]	0.0148 (0.0105)	0.0108 (0.0066)	0.351 (0.575)	92.71 (84.98)
 * Train Acc 84.977
 * Val Acc 91.090, Total time 0.94
Epoch:1
LR: 0.001
Itr		Time		  Data		  Loss		Acc
[0/469]	0.1333 (0.1333)	0.1268 (0.1268)	0.335 (0.335)	89.06 (89.06)
[100/469]	0.0040 (0.0116)	0.0001 (0.0076)	0.240 (0.319)	92.97 (90.54)
[200/469]	0.0040 (0.0110)	0.0001 (0.0070)	0.296 (0.311)	92.97 (90.98)
[300/469]	0.0226 (0.0108)	0.0185 (0.0068)	0.291 (0.307)	90.62 (91.04)
[400/469]	0.0040 (0.0107)	0.0001 (0.0067)	0.266 (0.300)	91.41 (91.28)
[468/469]	0.0146 (0.0106)	0.0108 (0.0066)	0.199 (0.297)	93.75 (91.43)
 * Train Acc 91.427
 * Val Acc 92.710, Total time 0.94
validation split name: 1
 * Val Acc 92.950, Total time 0.69
validation split name: 2
 * Val Acc 93.450, Total time 0.95
validation split name: 3
 * Val Acc 92.820, Total time 0.95
validation split name: 4
 * Val Acc 92.960, Total time 1.02
validation split name: 5
 * Val Acc 92.570, Total time 0.97
validation split name: 6
 * Val Acc 93.010, Total time 0.94
validation split name: 7
 * Val Acc 92.170, Total time 0.94
validation split name: 8
 * Val Acc 92.420, Total time 0.94
validation split name: 9
 * Val Acc 92.710, Total time 0.94
====================== 10 =======================
Epoch:0
LR: 0.001
Itr		Time		  Data		  Loss		Acc
[0/469]	0.1368 (0.1368)	0.1305 (0.1305)	2.400 (2.400)	8.59 (8.59)
[100/469]	0.0041 (0.0120)	0.0001 (0.0078)	0.744 (1.184)	82.03 (71.70)
[200/469]	0.0051 (0.0112)	0.0011 (0.0070)	0.547 (0.868)	85.94 (78.71)
[300/469]	0.0217 (0.0109)	0.0175 (0.0067)	0.367 (0.720)	89.06 (82.00)
[400/469]	0.0043 (0.0107)	0.0002 (0.0066)	0.338 (0.633)	89.06 (83.87)
[468/469]	0.0094 (0.0107)	0.0053 (0.0065)	0.406 (0.593)	85.42 (84.74)
 * Train Acc 84.742
 * Val Acc 90.690, Total time 0.95
Epoch:1
LR: 0.001
Itr		Time		  Data		  Loss		Acc
[0/469]	0.1297 (0.1297)	0.1207 (0.1207)	0.433 (0.433)	85.94 (85.94)
[100/469]	0.0043 (0.0115)	0.0002 (0.0071)	0.326 (0.332)	89.84 (90.49)
[200/469]	0.0212 (0.0109)	0.0171 (0.0066)	0.280 (0.328)	91.41 (90.63)
[300/469]	0.0045 (0.0107)	0.0004 (0.0065)	0.308 (0.320)	92.19 (90.83)
[400/469]	0.0050 (0.0106)	0.0008 (0.0064)	0.231 (0.314)	91.41 (90.98)
[468/469]	0.0042 (0.0106)	0.0001 (0.0063)	0.243 (0.307)	93.75 (91.19)
 * Train Acc 91.187
 * Val Acc 92.170, Total time 0.93
validation split name: 1
 * Val Acc 92.950, Total time 0.71
validation split name: 2
 * Val Acc 93.270, Total time 0.94
validation split name: 3
 * Val Acc 92.550, Total time 0.96
validation split name: 4
 * Val Acc 92.940, Total time 0.95
validation split name: 5
 * Val Acc 92.470, Total time 0.93
validation split name: 6
 * Val Acc 92.840, Total time 0.98
validation split name: 7
 * Val Acc 91.680, Total time 0.99
validation split name: 8
 * Val Acc 92.560, Total time 0.99
validation split name: 9
 * Val Acc 92.560, Total time 0.95
validation split name: 10
 * Val Acc 92.170, Total time 0.94
OrderedDict([('1', OrderedDict([('1', 95.63), ('2', 95.18), ('3', 94.69), ('4', 94.3), ('5', 94.0), ('6', 93.57), ('7', 93.23), ('8', 92.92), ('9', 92.95), ('10', 92.95)])), ('2', OrderedDict([('2', 94.39), ('3', 93.93), ('4', 93.99), ('5', 93.88), ('6', 93.76), ('7', 93.74), ('8', 93.68), ('9', 93.45), ('10', 93.27)])), ('3', OrderedDict([('3', 94.04), ('4', 93.5), ('5', 93.37), ('6', 93.09), ('7', 93.01), ('8', 93.1), ('9', 92.82), ('10', 92.55)])), ('4', OrderedDict([('4', 93.73), ('5', 93.58), ('6', 93.42), ('7', 93.3), ('8', 93.22), ('9', 92.96), ('10', 92.94)])), ('5', OrderedDict([('5', 93.44), ('6', 93.13), ('7', 92.8), ('8', 92.65), ('9', 92.57), ('10', 92.47)])), ('6', OrderedDict([('6', 93.09), ('7', 93.1), ('8', 92.96), ('9', 93.01), ('10', 92.84)])), ('7', OrderedDict([('7', 92.93), ('8', 92.72), ('9', 92.17), ('10', 91.68)])), ('8', OrderedDict([('8', 92.62), ('9', 92.42), ('10', 92.56)])), ('9', OrderedDict([('9', 92.71), ('10', 92.56)])), ('10', OrderedDict([('10', 92.17)]))])
Task 1 average acc: 95.63
Task 2 average acc: 94.785
Task 3 average acc: 94.22000000000001
Task 4 average acc: 93.88
Task 5 average acc: 93.654
Task 6 average acc: 93.34333333333332
Task 7 average acc: 93.15857142857145
Task 8 average acc: 92.98375000000001
Task 9 average acc: 92.78444444444443
Task 10 average acc: 92.59899999999999
===Summary of experiment repeats: 2 / 5 ===
The regularization coefficient: 0.0
The last avg acc of all repeats: [92.549 92.599  0.     0.     0.   ]
mean: 37.029599999999995 std: 45.351815445911306
MLP(
  (linear): Sequential(
    (0): Linear(in_features=1024, out_features=1000, bias=True)
    (1): ReLU(inplace=True)
    (2): Linear(in_features=1000, out_features=1000, bias=True)
    (3): ReLU(inplace=True)
  )
  (last): ModuleDict(
    (1): Linear(in_features=1000, out_features=10, bias=True)
    (2): Linear(in_features=1000, out_features=10, bias=True)
    (3): Linear(in_features=1000, out_features=10, bias=True)
    (4): Linear(in_features=1000, out_features=10, bias=True)
    (5): Linear(in_features=1000, out_features=10, bias=True)
    (6): Linear(in_features=1000, out_features=10, bias=True)
    (7): Linear(in_features=1000, out_features=10, bias=True)
    (8): Linear(in_features=1000, out_features=10, bias=True)
    (9): Linear(in_features=1000, out_features=10, bias=True)
    (10): Linear(in_features=1000, out_features=10, bias=True)
  )
)
#parameter of model: 2126100
Task order: ['1', '2', '3', '4', '5', '6', '7', '8', '9', '10']
====================== 1 =======================
Epoch:0
LR: 0.001
Itr		Time		  Data		  Loss		Acc
[0/469]	0.1272 (0.1272)	0.1217 (0.1217)	2.308 (2.308)	12.50 (12.50)
[100/469]	0.0029 (0.0088)	0.0002 (0.0059)	0.237 (0.502)	91.41 (85.06)
[200/469]	0.0029 (0.0079)	0.0002 (0.0051)	0.316 (0.385)	89.84 (88.73)
[300/469]	0.0142 (0.0077)	0.0115 (0.0049)	0.233 (0.335)	92.19 (90.17)
[400/469]	0.0035 (0.0076)	0.0008 (0.0048)	0.186 (0.306)	95.31 (91.07)
[468/469]	0.0073 (0.0075)	0.0046 (0.0047)	0.111 (0.291)	97.92 (91.51)
 * Train Acc 91.507
 * Val Acc 94.740, Total time 0.71
Epoch:1
LR: 0.001
Itr		Time		  Data		  Loss		Acc
[0/469]	0.1201 (0.1201)	0.1140 (0.1140)	0.189 (0.189)	92.97 (92.97)
[100/469]	0.0032 (0.0089)	0.0001 (0.0055)	0.122 (0.184)	95.31 (94.54)
[200/469]	0.0043 (0.0082)	0.0002 (0.0050)	0.180 (0.175)	97.66 (94.87)
[300/469]	0.0154 (0.0080)	0.0126 (0.0048)	0.122 (0.169)	96.88 (95.10)
[400/469]	0.0031 (0.0077)	0.0001 (0.0046)	0.235 (0.166)	94.53 (95.17)
[468/469]	0.0100 (0.0076)	0.0074 (0.0046)	0.124 (0.164)	94.79 (95.23)
 * Train Acc 95.230
 * Val Acc 95.680, Total time 0.71
validation split name: 1
 * Val Acc 95.680, Total time 0.74
====================== 2 =======================
Epoch:0
LR: 0.001
Itr		Time		  Data		  Loss		Acc
[0/469]	0.1360 (0.1360)	0.1308 (0.1308)	2.259 (2.259)	13.28 (13.28)
[100/469]	0.0034 (0.0118)	0.0001 (0.0086)	0.347 (0.744)	88.28 (81.51)
[200/469]	0.0032 (0.0110)	0.0002 (0.0079)	0.249 (0.543)	93.75 (85.76)
[300/469]	0.0245 (0.0109)	0.0214 (0.0077)	0.250 (0.465)	90.62 (87.50)
[400/469]	0.0033 (0.0107)	0.0001 (0.0076)	0.168 (0.415)	96.09 (88.69)
[468/469]	0.0171 (0.0107)	0.0139 (0.0075)	0.384 (0.393)	88.54 (89.23)
 * Train Acc 89.232
 * Val Acc 93.250, Total time 0.93
Epoch:1
LR: 0.001
Itr		Time		  Data		  Loss		Acc
[0/469]	0.1312 (0.1312)	0.1251 (0.1251)	0.274 (0.274)	91.41 (91.41)
[100/469]	0.0215 (0.0120)	0.0182 (0.0087)	0.306 (0.230)	90.62 (93.43)
[200/469]	0.0081 (0.0111)	0.0051 (0.0079)	0.235 (0.226)	96.09 (93.48)
[300/469]	0.0033 (0.0108)	0.0001 (0.0076)	0.235 (0.226)	91.41 (93.48)
[400/469]	0.0230 (0.0107)	0.0199 (0.0075)	0.150 (0.220)	96.09 (93.66)
[468/469]	0.0032 (0.0106)	0.0001 (0.0074)	0.290 (0.216)	90.62 (93.75)
 * Train Acc 93.755
 * Val Acc 94.540, Total time 0.93
validation split name: 1
 * Val Acc 95.060, Total time 0.77
validation split name: 2
 * Val Acc 94.540, Total time 0.95
====================== 3 =======================
Epoch:0
LR: 0.001
Itr		Time		  Data		  Loss		Acc
[0/469]	0.1369 (0.1369)	0.1315 (0.1315)	2.351 (2.351)	1.56 (1.56)
[100/469]	0.0030 (0.0120)	0.0001 (0.0090)	0.416 (0.856)	89.84 (78.64)
[200/469]	0.0030 (0.0111)	0.0002 (0.0082)	0.331 (0.631)	90.62 (83.64)
[300/469]	0.0241 (0.0109)	0.0209 (0.0079)	0.535 (0.529)	82.81 (86.03)
[400/469]	0.0035 (0.0107)	0.0001 (0.0077)	0.283 (0.471)	90.62 (87.35)
[468/469]	0.0162 (0.0107)	0.0128 (0.0076)	0.519 (0.446)	87.50 (87.96)
 * Train Acc 87.963
 * Val Acc 92.430, Total time 0.94
Epoch:1
LR: 0.001
Itr		Time		  Data		  Loss		Acc
[0/469]	0.1254 (0.1254)	0.1191 (0.1191)	0.276 (0.276)	89.84 (89.84)
[100/469]	0.0032 (0.0115)	0.0002 (0.0082)	0.231 (0.255)	92.97 (92.59)
[200/469]	0.0035 (0.0109)	0.0001 (0.0076)	0.204 (0.254)	95.31 (92.64)
[300/469]	0.0241 (0.0108)	0.0209 (0.0075)	0.261 (0.249)	90.62 (92.78)
[400/469]	0.0035 (0.0106)	0.0001 (0.0073)	0.255 (0.244)	94.53 (92.97)
[468/469]	0.0163 (0.0106)	0.0131 (0.0073)	0.292 (0.242)	91.67 (93.01)
 * Train Acc 93.013
 * Val Acc 93.600, Total time 0.96
validation split name: 1
 * Val Acc 94.210, Total time 0.70
validation split name: 2
 * Val Acc 94.170, Total time 0.95
validation split name: 3
 * Val Acc 93.600, Total time 1.00
====================== 4 =======================
Epoch:0
LR: 0.001
Itr		Time		  Data		  Loss		Acc
[0/469]	0.1445 (0.1445)	0.1388 (0.1388)	2.377 (2.377)	10.16 (10.16)
[100/469]	0.0035 (0.0121)	0.0002 (0.0087)	0.448 (0.938)	89.06 (77.82)
[200/469]	0.0035 (0.0112)	0.0001 (0.0078)	0.431 (0.679)	89.06 (83.39)
[300/469]	0.0236 (0.0109)	0.0201 (0.0075)	0.323 (0.568)	89.06 (85.57)
[400/469]	0.0036 (0.0108)	0.0002 (0.0073)	0.289 (0.508)	90.62 (86.81)
[468/469]	0.0164 (0.0108)	0.0130 (0.0073)	0.228 (0.478)	93.75 (87.43)
 * Train Acc 87.428
 * Val Acc 92.210, Total time 0.96
Epoch:1
LR: 0.001
Itr		Time		  Data		  Loss		Acc
[0/469]	0.1296 (0.1296)	0.1220 (0.1220)	0.394 (0.394)	88.28 (88.28)
[100/469]	0.0237 (0.0120)	0.0202 (0.0084)	0.313 (0.281)	92.19 (91.75)
[200/469]	0.0036 (0.0111)	0.0001 (0.0076)	0.267 (0.273)	92.97 (92.12)
[300/469]	0.0261 (0.0109)	0.0213 (0.0073)	0.277 (0.265)	90.62 (92.33)
[400/469]	0.0034 (0.0108)	0.0001 (0.0072)	0.232 (0.261)	92.19 (92.44)
[468/469]	0.0163 (0.0108)	0.0131 (0.0072)	0.153 (0.257)	93.75 (92.61)
 * Train Acc 92.613
 * Val Acc 93.580, Total time 0.98
validation split name: 1
 * Val Acc 92.940, Total time 0.68
validation split name: 2
 * Val Acc 93.840, Total time 0.96
validation split name: 3
 * Val Acc 93.730, Total time 0.93
validation split name: 4
 * Val Acc 93.580, Total time 0.98
====================== 5 =======================
Epoch:0
LR: 0.001
Itr		Time		  Data		  Loss		Acc
[0/469]	0.1472 (0.1472)	0.1409 (0.1409)	2.370 (2.370)	7.03 (7.03)
[100/469]	0.0037 (0.0121)	0.0001 (0.0085)	0.519 (0.976)	86.72 (75.70)
[200/469]	0.0037 (0.0112)	0.0001 (0.0076)	0.589 (0.716)	82.03 (81.88)
[300/469]	0.0238 (0.0109)	0.0202 (0.0074)	0.322 (0.601)	93.75 (84.46)
[400/469]	0.0035 (0.0108)	0.0001 (0.0072)	0.373 (0.534)	92.19 (85.88)
[468/469]	0.0168 (0.0107)	0.0131 (0.0072)	0.305 (0.504)	88.54 (86.57)
 * Train Acc 86.568
 * Val Acc 91.650, Total time 0.94
Epoch:1
LR: 0.001
Itr		Time		  Data		  Loss		Acc
[0/469]	0.1284 (0.1284)	0.1222 (0.1222)	0.259 (0.259)	92.97 (92.97)
[100/469]	0.0047 (0.0114)	0.0011 (0.0078)	0.360 (0.303)	89.06 (91.14)
[200/469]	0.0037 (0.0109)	0.0001 (0.0073)	0.250 (0.295)	92.97 (91.48)
[300/469]	0.0233 (0.0107)	0.0198 (0.0072)	0.278 (0.291)	92.19 (91.59)
[400/469]	0.0038 (0.0106)	0.0002 (0.0070)	0.340 (0.283)	90.62 (91.79)
[468/469]	0.0155 (0.0106)	0.0120 (0.0070)	0.227 (0.277)	92.71 (91.96)
 * Train Acc 91.958
 * Val Acc 92.950, Total time 0.94
validation split name: 1
 * Val Acc 92.850, Total time 0.69
validation split name: 2
 * Val Acc 93.950, Total time 0.95
validation split name: 3
 * Val Acc 93.410, Total time 0.95
validation split name: 4
 * Val Acc 93.320, Total time 0.95
validation split name: 5
 * Val Acc 92.950, Total time 0.96
====================== 6 =======================
Epoch:0
LR: 0.001
Itr		Time		  Data		  Loss		Acc
[0/469]	0.1455 (0.1455)	0.1391 (0.1391)	2.364 (2.364)	2.34 (2.34)
[100/469]	0.0040 (0.0117)	0.0001 (0.0080)	0.499 (1.071)	89.84 (74.54)
[200/469]	0.0045 (0.0110)	0.0008 (0.0072)	0.318 (0.772)	92.97 (80.96)
[300/469]	0.0216 (0.0108)	0.0179 (0.0071)	0.376 (0.643)	90.62 (83.74)
[400/469]	0.0037 (0.0106)	0.0001 (0.0070)	0.287 (0.569)	90.62 (85.36)
[468/469]	0.0037 (0.0106)	0.0001 (0.0069)	0.455 (0.533)	84.38 (86.16)
 * Train Acc 86.162
 * Val Acc 91.500, Total time 1.01
Epoch:1
LR: 0.001
Itr		Time		  Data		  Loss		Acc
[0/469]	0.1233 (0.1233)	0.1169 (0.1169)	0.272 (0.272)	92.19 (92.19)
[100/469]	0.0237 (0.0120)	0.0200 (0.0083)	0.283 (0.312)	92.19 (91.05)
[200/469]	0.0037 (0.0112)	0.0001 (0.0074)	0.314 (0.298)	91.41 (91.43)
[300/469]	0.0041 (0.0109)	0.0001 (0.0071)	0.345 (0.293)	87.50 (91.65)
[400/469]	0.0227 (0.0108)	0.0189 (0.0070)	0.309 (0.288)	90.62 (91.74)
[468/469]	0.0038 (0.0107)	0.0001 (0.0070)	0.263 (0.282)	90.62 (91.88)
 * Train Acc 91.883
 * Val Acc 92.980, Total time 1.03
validation split name: 1
 * Val Acc 91.660, Total time 0.76
validation split name: 2
 * Val Acc 93.510, Total time 0.93
validation split name: 3
 * Val Acc 93.050, Total time 0.93
validation split name: 4
 * Val Acc 93.220, Total time 0.97
validation split name: 5
 * Val Acc 92.780, Total time 0.94
validation split name: 6
 * Val Acc 92.980, Total time 1.02
====================== 7 =======================
Epoch:0
LR: 0.001
Itr		Time		  Data		  Loss		Acc
[0/469]	0.1273 (0.1273)	0.1206 (0.1206)	2.337 (2.337)	10.16 (10.16)
[100/469]	0.0235 (0.0123)	0.0196 (0.0085)	0.541 (1.088)	84.38 (74.47)
[200/469]	0.0040 (0.0113)	0.0001 (0.0075)	0.307 (0.789)	94.53 (80.72)
[300/469]	0.0036 (0.0109)	0.0001 (0.0072)	0.469 (0.660)	85.94 (83.34)
[400/469]	0.0177 (0.0109)	0.0138 (0.0071)	0.267 (0.586)	92.97 (84.90)
[468/469]	0.0036 (0.0108)	0.0001 (0.0070)	0.356 (0.548)	87.50 (85.77)
 * Train Acc 85.765
 * Val Acc 91.020, Total time 0.95
Epoch:1
LR: 0.001
Itr		Time		  Data		  Loss		Acc
[0/469]	0.1273 (0.1273)	0.1205 (0.1205)	0.231 (0.231)	91.41 (91.41)
[100/469]	0.0221 (0.0117)	0.0183 (0.0076)	0.310 (0.311)	90.62 (91.09)
[200/469]	0.0040 (0.0109)	0.0001 (0.0070)	0.265 (0.305)	93.75 (91.20)
[300/469]	0.0039 (0.0107)	0.0001 (0.0068)	0.187 (0.299)	94.53 (91.35)
[400/469]	0.0224 (0.0106)	0.0186 (0.0068)	0.253 (0.294)	92.19 (91.45)
[468/469]	0.0035 (0.0106)	0.0001 (0.0067)	0.261 (0.290)	93.75 (91.56)
 * Train Acc 91.563
 * Val Acc 92.650, Total time 0.98
validation split name: 1
 * Val Acc 90.580, Total time 0.70
validation split name: 2
 * Val Acc 93.460, Total time 0.99
validation split name: 3
 * Val Acc 92.800, Total time 0.95
validation split name: 4
 * Val Acc 93.280, Total time 0.93
validation split name: 5
 * Val Acc 92.900, Total time 0.96
validation split name: 6
 * Val Acc 92.920, Total time 0.96
validation split name: 7
 * Val Acc 92.650, Total time 0.94
====================== 8 =======================
Epoch:0
LR: 0.001
Itr		Time		  Data		  Loss		Acc
[0/469]	0.1358 (0.1358)	0.1295 (0.1295)	2.360 (2.360)	7.81 (7.81)
[100/469]	0.0036 (0.0115)	0.0001 (0.0079)	0.776 (1.139)	85.94 (72.73)
[200/469]	0.0036 (0.0108)	0.0001 (0.0073)	0.428 (0.826)	85.16 (79.71)
[300/469]	0.0224 (0.0107)	0.0189 (0.0072)	0.384 (0.688)	86.72 (82.62)
[400/469]	0.0036 (0.0106)	0.0002 (0.0070)	0.350 (0.607)	91.41 (84.42)
[468/469]	0.0154 (0.0105)	0.0118 (0.0070)	0.349 (0.568)	89.58 (85.28)
 * Train Acc 85.280
 * Val Acc 91.280, Total time 1.00
Epoch:1
LR: 0.001
Itr		Time		  Data		  Loss		Acc
[0/469]	0.1457 (0.1457)	0.1386 (0.1386)	0.255 (0.255)	94.53 (94.53)
[100/469]	0.0041 (0.0118)	0.0002 (0.0079)	0.292 (0.321)	89.06 (90.56)
[200/469]	0.0184 (0.0111)	0.0144 (0.0072)	0.346 (0.310)	89.06 (91.11)
[300/469]	0.0058 (0.0108)	0.0018 (0.0069)	0.286 (0.306)	92.19 (91.09)
[400/469]	0.0041 (0.0107)	0.0001 (0.0068)	0.359 (0.302)	91.41 (91.23)
[468/469]	0.0039 (0.0106)	0.0001 (0.0068)	0.233 (0.296)	91.67 (91.39)
 * Train Acc 91.395
 * Val Acc 92.530, Total time 0.92
validation split name: 1
 * Val Acc 90.520, Total time 0.75
validation split name: 2
 * Val Acc 92.920, Total time 0.94
validation split name: 3
 * Val Acc 92.640, Total time 1.00
validation split name: 4
 * Val Acc 93.080, Total time 0.94
validation split name: 5
 * Val Acc 92.750, Total time 0.94
validation split name: 6
 * Val Acc 92.820, Total time 0.93
validation split name: 7
 * Val Acc 92.550, Total time 0.94
validation split name: 8
 * Val Acc 92.530, Total time 0.95
====================== 9 =======================
Epoch:0
LR: 0.001
Itr		Time		  Data		  Loss		Acc
[0/469]	0.1370 (0.1370)	0.1300 (0.1300)	2.504 (2.504)	6.25 (6.25)
[100/469]	0.0052 (0.0115)	0.0011 (0.0074)	0.807 (1.145)	82.81 (72.38)
[200/469]	0.0043 (0.0109)	0.0002 (0.0068)	0.453 (0.836)	89.84 (79.41)
[300/469]	0.0212 (0.0107)	0.0171 (0.0067)	0.289 (0.699)	92.19 (82.37)
[400/469]	0.0051 (0.0106)	0.0010 (0.0066)	0.409 (0.618)	86.72 (84.17)
[468/469]	0.0144 (0.0106)	0.0106 (0.0065)	0.304 (0.575)	91.67 (85.12)
 * Train Acc 85.120
 * Val Acc 90.960, Total time 0.93
Epoch:1
LR: 0.001
Itr		Time		  Data		  Loss		Acc
[0/469]	0.1287 (0.1287)	0.1218 (0.1218)	0.388 (0.388)	87.50 (87.50)
[100/469]	0.0228 (0.0120)	0.0187 (0.0080)	0.267 (0.324)	90.62 (90.92)
[200/469]	0.0039 (0.0111)	0.0002 (0.0071)	0.217 (0.318)	96.09 (91.09)
[300/469]	0.0050 (0.0108)	0.0009 (0.0068)	0.317 (0.308)	91.41 (91.34)
[400/469]	0.0219 (0.0107)	0.0178 (0.0067)	0.291 (0.304)	91.41 (91.32)
[468/469]	0.0042 (0.0106)	0.0001 (0.0066)	0.232 (0.299)	90.62 (91.41)
 * Train Acc 91.410
 * Val Acc 92.310, Total time 0.94
validation split name: 1
 * Val Acc 90.020, Total time 0.76
validation split name: 2
 * Val Acc 92.980, Total time 1.00
validation split name: 3
 * Val Acc 92.380, Total time 0.98
validation split name: 4
 * Val Acc 92.870, Total time 1.01
validation split name: 5
 * Val Acc 92.700, Total time 0.98
validation split name: 6
 * Val Acc 92.630, Total time 0.96
validation split name: 7
 * Val Acc 92.500, Total time 0.95
validation split name: 8
 * Val Acc 92.400, Total time 0.94
validation split name: 9
 * Val Acc 92.310, Total time 0.94
====================== 10 =======================
Epoch:0
LR: 0.001
Itr		Time		  Data		  Loss		Acc
[0/469]	0.1462 (0.1462)	0.1390 (0.1390)	2.342 (2.342)	15.62 (15.62)
[100/469]	0.0044 (0.0120)	0.0001 (0.0078)	0.700 (1.173)	82.03 (71.02)
[200/469]	0.0044 (0.0111)	0.0001 (0.0069)	0.462 (0.868)	89.06 (78.26)
[300/469]	0.0220 (0.0109)	0.0180 (0.0067)	0.433 (0.727)	85.94 (81.40)
[400/469]	0.0039 (0.0107)	0.0001 (0.0065)	0.460 (0.640)	86.72 (83.39)
[468/469]	0.0144 (0.0106)	0.0103 (0.0064)	0.349 (0.600)	88.54 (84.27)
 * Train Acc 84.268
 * Val Acc 90.220, Total time 0.95
Epoch:1
LR: 0.001
Itr		Time		  Data		  Loss		Acc
[0/469]	0.1306 (0.1306)	0.1234 (0.1234)	0.324 (0.324)	92.19 (92.19)
[100/469]	0.0043 (0.0118)	0.0002 (0.0077)	0.330 (0.346)	89.06 (89.89)
[200/469]	0.0041 (0.0112)	0.0001 (0.0071)	0.303 (0.332)	89.06 (90.38)
[300/469]	0.0235 (0.0111)	0.0196 (0.0070)	0.254 (0.322)	92.97 (90.69)
[400/469]	0.0042 (0.0109)	0.0002 (0.0068)	0.296 (0.316)	89.06 (90.82)
[468/469]	0.0148 (0.0108)	0.0107 (0.0067)	0.269 (0.312)	96.88 (90.95)
 * Train Acc 90.948
 * Val Acc 92.170, Total time 1.00
validation split name: 1
 * Val Acc 89.730, Total time 0.70
validation split name: 2
 * Val Acc 93.060, Total time 0.99
validation split name: 3
 * Val Acc 92.170, Total time 0.94
validation split name: 4
 * Val Acc 92.570, Total time 0.99
validation split name: 5
 * Val Acc 92.530, Total time 0.99
validation split name: 6
 * Val Acc 92.540, Total time 0.95
validation split name: 7
 * Val Acc 92.450, Total time 0.99
validation split name: 8
 * Val Acc 91.850, Total time 0.94
validation split name: 9
 * Val Acc 92.180, Total time 0.98
validation split name: 10
 * Val Acc 92.170, Total time 0.94
OrderedDict([('1', OrderedDict([('1', 95.68), ('2', 95.06), ('3', 94.21), ('4', 92.94), ('5', 92.85), ('6', 91.66), ('7', 90.58), ('8', 90.52), ('9', 90.02), ('10', 89.73)])), ('2', OrderedDict([('2', 94.54), ('3', 94.17), ('4', 93.84), ('5', 93.95), ('6', 93.51), ('7', 93.46), ('8', 92.92), ('9', 92.98), ('10', 93.06)])), ('3', OrderedDict([('3', 93.6), ('4', 93.73), ('5', 93.41), ('6', 93.05), ('7', 92.8), ('8', 92.64), ('9', 92.38), ('10', 92.17)])), ('4', OrderedDict([('4', 93.58), ('5', 93.32), ('6', 93.22), ('7', 93.28), ('8', 93.08), ('9', 92.87), ('10', 92.57)])), ('5', OrderedDict([('5', 92.95), ('6', 92.78), ('7', 92.9), ('8', 92.75), ('9', 92.7), ('10', 92.53)])), ('6', OrderedDict([('6', 92.98), ('7', 92.92), ('8', 92.82), ('9', 92.63), ('10', 92.54)])), ('7', OrderedDict([('7', 92.65), ('8', 92.55), ('9', 92.5), ('10', 92.45)])), ('8', OrderedDict([('8', 92.53), ('9', 92.4), ('10', 91.85)])), ('9', OrderedDict([('9', 92.31), ('10', 92.18)])), ('10', OrderedDict([('10', 92.17)]))])
Task 1 average acc: 95.68
Task 2 average acc: 94.80000000000001
Task 3 average acc: 93.99333333333334
Task 4 average acc: 93.5225
Task 5 average acc: 93.296
Task 6 average acc: 92.86666666666667
Task 7 average acc: 92.65571428571427
Task 8 average acc: 92.47625
Task 9 average acc: 92.31
Task 10 average acc: 92.12500000000001
===Summary of experiment repeats: 3 / 5 ===
The regularization coefficient: 0.0
The last avg acc of all repeats: [92.549 92.599 92.125  0.     0.   ]
mean: 55.45459999999999 std: 45.27879088756677
MLP(
  (linear): Sequential(
    (0): Linear(in_features=1024, out_features=1000, bias=True)
    (1): ReLU(inplace=True)
    (2): Linear(in_features=1000, out_features=1000, bias=True)
    (3): ReLU(inplace=True)
  )
  (last): ModuleDict(
    (1): Linear(in_features=1000, out_features=10, bias=True)
    (2): Linear(in_features=1000, out_features=10, bias=True)
    (3): Linear(in_features=1000, out_features=10, bias=True)
    (4): Linear(in_features=1000, out_features=10, bias=True)
    (5): Linear(in_features=1000, out_features=10, bias=True)
    (6): Linear(in_features=1000, out_features=10, bias=True)
    (7): Linear(in_features=1000, out_features=10, bias=True)
    (8): Linear(in_features=1000, out_features=10, bias=True)
    (9): Linear(in_features=1000, out_features=10, bias=True)
    (10): Linear(in_features=1000, out_features=10, bias=True)
  )
)
#parameter of model: 2126100
Task order: ['1', '2', '3', '4', '5', '6', '7', '8', '9', '10']
====================== 1 =======================
Epoch:0
LR: 0.001
Itr		Time		  Data		  Loss		Acc
[0/469]	0.1198 (0.1198)	0.1145 (0.1145)	2.283 (2.283)	17.19 (17.19)
[100/469]	0.0040 (0.0088)	0.0013 (0.0059)	0.227 (0.488)	93.75 (85.49)
[200/469]	0.0153 (0.0081)	0.0125 (0.0053)	0.188 (0.378)	95.31 (88.98)
[300/469]	0.0035 (0.0078)	0.0001 (0.0050)	0.203 (0.329)	91.41 (90.30)
[400/469]	0.0028 (0.0076)	0.0001 (0.0048)	0.276 (0.298)	93.75 (91.22)
[468/469]	0.0028 (0.0076)	0.0001 (0.0048)	0.225 (0.283)	91.67 (91.64)
 * Train Acc 91.645
 * Val Acc 94.690, Total time 0.74
Epoch:1
LR: 0.001
Itr		Time		  Data		  Loss		Acc
[0/469]	0.1150 (0.1150)	0.1098 (0.1098)	0.156 (0.156)	96.88 (96.88)
[100/469]	0.0033 (0.0085)	0.0001 (0.0055)	0.120 (0.175)	96.09 (94.88)
[200/469]	0.0029 (0.0079)	0.0001 (0.0050)	0.191 (0.174)	92.97 (94.90)
[300/469]	0.0151 (0.0077)	0.0124 (0.0049)	0.176 (0.168)	93.75 (95.16)
[400/469]	0.0029 (0.0076)	0.0001 (0.0048)	0.158 (0.165)	95.31 (95.23)
[468/469]	0.0104 (0.0076)	0.0078 (0.0047)	0.172 (0.161)	95.83 (95.33)
 * Train Acc 95.328
 * Val Acc 95.660, Total time 0.75
validation split name: 1
 * Val Acc 95.660, Total time 0.75
====================== 2 =======================
Epoch:0
LR: 0.001
Itr		Time		  Data		  Loss		Acc
[0/469]	0.1261 (0.1261)	0.1208 (0.1208)	2.298 (2.298)	15.62 (15.62)
[100/469]	0.0030 (0.0117)	0.0001 (0.0088)	0.351 (0.736)	89.06 (80.92)
[200/469]	0.0030 (0.0111)	0.0001 (0.0081)	0.361 (0.550)	89.06 (85.23)
[300/469]	0.0245 (0.0110)	0.0213 (0.0080)	0.321 (0.468)	91.41 (87.14)
[400/469]	0.0032 (0.0108)	0.0001 (0.0078)	0.342 (0.420)	91.41 (88.38)
[468/469]	0.0165 (0.0108)	0.0137 (0.0078)	0.229 (0.399)	93.75 (88.95)
 * Train Acc 88.955
 * Val Acc 93.120, Total time 0.95
Epoch:1
LR: 0.001
Itr		Time		  Data		  Loss		Acc
[0/469]	0.1272 (0.1272)	0.1208 (0.1208)	0.260 (0.260)	92.97 (92.97)
[100/469]	0.0033 (0.0116)	0.0001 (0.0084)	0.204 (0.249)	93.75 (93.01)
[200/469]	0.0032 (0.0110)	0.0001 (0.0078)	0.221 (0.237)	95.31 (93.26)
[300/469]	0.0200 (0.0108)	0.0167 (0.0076)	0.245 (0.231)	90.62 (93.41)
[400/469]	0.0033 (0.0107)	0.0001 (0.0075)	0.238 (0.223)	94.53 (93.61)
[468/469]	0.0169 (0.0106)	0.0137 (0.0074)	0.161 (0.220)	93.75 (93.73)
 * Train Acc 93.727
 * Val Acc 94.520, Total time 0.95
validation split name: 1
 * Val Acc 95.360, Total time 0.70
validation split name: 2
 * Val Acc 94.520, Total time 0.96
====================== 3 =======================
Epoch:0
LR: 0.001
Itr		Time		  Data		  Loss		Acc
[0/469]	0.1295 (0.1295)	0.1236 (0.1236)	2.375 (2.375)	6.25 (6.25)
[100/469]	0.0033 (0.0114)	0.0002 (0.0081)	0.518 (0.846)	85.16 (79.45)
[200/469]	0.0041 (0.0108)	0.0008 (0.0075)	0.442 (0.614)	87.50 (84.30)
[300/469]	0.0221 (0.0107)	0.0190 (0.0074)	0.301 (0.517)	90.62 (86.44)
[400/469]	0.0044 (0.0106)	0.0010 (0.0073)	0.212 (0.465)	92.97 (87.54)
[468/469]	0.0154 (0.0105)	0.0120 (0.0072)	0.366 (0.439)	89.58 (88.17)
 * Train Acc 88.173
 * Val Acc 92.270, Total time 0.95
Epoch:1
LR: 0.001
Itr		Time		  Data		  Loss		Acc
[0/469]	0.1293 (0.1293)	0.1229 (0.1229)	0.275 (0.275)	90.62 (90.62)
[100/469]	0.0036 (0.0113)	0.0002 (0.0080)	0.212 (0.254)	95.31 (92.67)
[200/469]	0.0043 (0.0108)	0.0010 (0.0074)	0.330 (0.255)	91.41 (92.63)
[300/469]	0.0219 (0.0106)	0.0186 (0.0073)	0.125 (0.248)	96.88 (92.78)
[400/469]	0.0044 (0.0105)	0.0010 (0.0072)	0.147 (0.243)	96.09 (92.94)
[468/469]	0.0157 (0.0105)	0.0124 (0.0072)	0.244 (0.240)	91.67 (93.05)
 * Train Acc 93.053
 * Val Acc 94.070, Total time 0.94
validation split name: 1
 * Val Acc 95.120, Total time 0.74
validation split name: 2
 * Val Acc 94.390, Total time 0.98
validation split name: 3
 * Val Acc 94.070, Total time 0.95
====================== 4 =======================
Epoch:0
LR: 0.001
Itr		Time		  Data		  Loss		Acc
[0/469]	0.1422 (0.1422)	0.1361 (0.1361)	2.323 (2.323)	7.03 (7.03)
[100/469]	0.0033 (0.0118)	0.0002 (0.0084)	0.536 (0.938)	81.25 (77.32)
[200/469]	0.0044 (0.0111)	0.0008 (0.0077)	0.299 (0.679)	91.41 (82.73)
[300/469]	0.0234 (0.0109)	0.0200 (0.0075)	0.458 (0.570)	88.28 (85.25)
[400/469]	0.0035 (0.0108)	0.0001 (0.0074)	0.399 (0.508)	86.72 (86.60)
[468/469]	0.0160 (0.0107)	0.0130 (0.0073)	0.364 (0.480)	86.46 (87.21)
 * Train Acc 87.207
 * Val Acc 92.060, Total time 1.02
Epoch:1
LR: 0.001
Itr		Time		  Data		  Loss		Acc
[0/469]	0.1401 (0.1401)	0.1339 (0.1339)	0.280 (0.280)	94.53 (94.53)
[100/469]	0.0037 (0.0121)	0.0002 (0.0086)	0.361 (0.275)	86.72 (91.91)
[200/469]	0.0045 (0.0112)	0.0009 (0.0077)	0.364 (0.270)	88.28 (92.17)
[300/469]	0.0200 (0.0110)	0.0168 (0.0075)	0.326 (0.265)	92.19 (92.40)
[400/469]	0.0036 (0.0108)	0.0001 (0.0073)	0.236 (0.262)	92.97 (92.44)
[468/469]	0.0136 (0.0108)	0.0101 (0.0073)	0.205 (0.258)	94.79 (92.56)
 * Train Acc 92.565
 * Val Acc 93.580, Total time 1.03
validation split name: 1
 * Val Acc 94.300, Total time 0.72
validation split name: 2
 * Val Acc 94.260, Total time 0.96
validation split name: 3
 * Val Acc 93.920, Total time 0.95
validation split name: 4
 * Val Acc 93.580, Total time 0.94
====================== 5 =======================
Epoch:0
LR: 0.001
Itr		Time		  Data		  Loss		Acc
[0/469]	0.1315 (0.1315)	0.1251 (0.1251)	2.356 (2.356)	10.16 (10.16)
[100/469]	0.0037 (0.0117)	0.0001 (0.0081)	0.401 (0.988)	91.41 (76.08)
[200/469]	0.0035 (0.0110)	0.0001 (0.0074)	0.417 (0.715)	87.50 (82.03)
[300/469]	0.0240 (0.0109)	0.0202 (0.0073)	0.328 (0.596)	90.62 (84.59)
[400/469]	0.0037 (0.0107)	0.0001 (0.0072)	0.324 (0.532)	91.41 (86.01)
[468/469]	0.0153 (0.0107)	0.0118 (0.0071)	0.287 (0.501)	95.83 (86.67)
 * Train Acc 86.670
 * Val Acc 91.950, Total time 0.96
Epoch:1
LR: 0.001
Itr		Time		  Data		  Loss		Acc
[0/469]	0.1480 (0.1480)	0.1414 (0.1414)	0.265 (0.265)	92.19 (92.19)
[100/469]	0.0232 (0.0120)	0.0196 (0.0086)	0.226 (0.285)	94.53 (91.75)
[200/469]	0.0036 (0.0111)	0.0001 (0.0077)	0.280 (0.279)	92.19 (91.78)
[300/469]	0.0037 (0.0109)	0.0002 (0.0075)	0.218 (0.276)	92.19 (91.97)
[400/469]	0.0036 (0.0107)	0.0001 (0.0073)	0.210 (0.272)	94.53 (92.13)
[468/469]	0.0035 (0.0107)	0.0001 (0.0073)	0.242 (0.268)	92.71 (92.22)
 * Train Acc 92.220
 * Val Acc 93.380, Total time 0.99
validation split name: 1
 * Val Acc 93.600, Total time 0.69
validation split name: 2
 * Val Acc 94.060, Total time 0.95
validation split name: 3
 * Val Acc 93.610, Total time 0.94
validation split name: 4
 * Val Acc 93.200, Total time 1.00
validation split name: 5
 * Val Acc 93.380, Total time 0.95
====================== 6 =======================
Epoch:0
LR: 0.001
Itr		Time		  Data		  Loss		Acc
[0/469]	0.1419 (0.1419)	0.1355 (0.1355)	2.441 (2.441)	7.81 (7.81)
[100/469]	0.0039 (0.0118)	0.0002 (0.0080)	0.606 (1.055)	82.81 (74.30)
[200/469]	0.0038 (0.0110)	0.0001 (0.0073)	0.474 (0.765)	86.72 (80.94)
[300/469]	0.0231 (0.0108)	0.0195 (0.0071)	0.336 (0.638)	89.84 (83.77)
[400/469]	0.0038 (0.0107)	0.0002 (0.0070)	0.226 (0.567)	93.75 (85.28)
[468/469]	0.0160 (0.0106)	0.0123 (0.0069)	0.233 (0.531)	94.79 (86.06)
 * Train Acc 86.055
 * Val Acc 91.720, Total time 0.98
Epoch:1
LR: 0.001
Itr		Time		  Data		  Loss		Acc
[0/469]	0.1301 (0.1301)	0.1241 (0.1241)	0.302 (0.302)	92.97 (92.97)
[100/469]	0.0049 (0.0122)	0.0002 (0.0083)	0.223 (0.308)	95.31 (91.07)
[200/469]	0.0035 (0.0113)	0.0001 (0.0077)	0.228 (0.299)	89.84 (91.45)
[300/469]	0.0237 (0.0111)	0.0203 (0.0075)	0.270 (0.292)	92.19 (91.60)
[400/469]	0.0235 (0.0109)	0.0203 (0.0074)	0.173 (0.287)	95.31 (91.77)
[468/469]	0.0037 (0.0109)	0.0001 (0.0074)	0.269 (0.282)	91.67 (91.89)
 * Train Acc 91.893
 * Val Acc 92.990, Total time 0.99
validation split name: 1
 * Val Acc 93.140, Total time 0.70
validation split name: 2
 * Val Acc 93.820, Total time 1.00
validation split name: 3
 * Val Acc 93.340, Total time 0.94
validation split name: 4
 * Val Acc 93.070, Total time 0.94
validation split name: 5
 * Val Acc 93.280, Total time 1.00
validation split name: 6
 * Val Acc 92.990, Total time 0.98
====================== 7 =======================
Epoch:0
LR: 0.001
Itr		Time		  Data		  Loss		Acc
[0/469]	0.1312 (0.1312)	0.1248 (0.1248)	2.322 (2.322)	11.72 (11.72)
[100/469]	0.0227 (0.0121)	0.0190 (0.0082)	0.512 (1.058)	90.62 (74.99)
[200/469]	0.0040 (0.0111)	0.0001 (0.0073)	0.414 (0.773)	88.28 (81.17)
[300/469]	0.0039 (0.0108)	0.0002 (0.0070)	0.367 (0.647)	92.19 (83.77)
[400/469]	0.0219 (0.0107)	0.0181 (0.0069)	0.325 (0.574)	88.28 (85.21)
[468/469]	0.0039 (0.0106)	0.0001 (0.0068)	0.254 (0.539)	93.75 (86.00)
 * Train Acc 85.995
 * Val Acc 91.080, Total time 0.93
Epoch:1
LR: 0.001
Itr		Time		  Data		  Loss		Acc
[0/469]	0.1267 (0.1267)	0.1204 (0.1204)	0.341 (0.341)	89.84 (89.84)
[100/469]	0.0057 (0.0114)	0.0019 (0.0076)	0.360 (0.312)	89.84 (91.14)
[200/469]	0.0037 (0.0108)	0.0002 (0.0071)	0.177 (0.301)	94.53 (91.39)
[300/469]	0.0234 (0.0107)	0.0197 (0.0070)	0.294 (0.299)	92.97 (91.42)
[400/469]	0.0039 (0.0106)	0.0002 (0.0069)	0.208 (0.294)	94.53 (91.55)
[468/469]	0.0103 (0.0106)	0.0065 (0.0068)	0.239 (0.291)	93.75 (91.64)
 * Train Acc 91.635
 * Val Acc 92.620, Total time 1.00
validation split name: 1
 * Val Acc 92.910, Total time 0.72
validation split name: 2
 * Val Acc 93.650, Total time 0.97
validation split name: 3
 * Val Acc 93.300, Total time 0.98
validation split name: 4
 * Val Acc 92.830, Total time 0.95
validation split name: 5
 * Val Acc 93.080, Total time 0.97
validation split name: 6
 * Val Acc 92.870, Total time 0.98
validation split name: 7
 * Val Acc 92.620, Total time 0.96
====================== 8 =======================
Epoch:0
LR: 0.001
Itr		Time		  Data		  Loss		Acc
[0/469]	0.1274 (0.1274)	0.1209 (0.1209)	2.317 (2.317)	6.25 (6.25)
[100/469]	0.0041 (0.0115)	0.0001 (0.0075)	0.522 (1.086)	89.06 (73.31)
[200/469]	0.0041 (0.0109)	0.0001 (0.0070)	0.477 (0.795)	87.50 (79.96)
[300/469]	0.0220 (0.0108)	0.0181 (0.0068)	0.410 (0.664)	87.50 (82.85)
[400/469]	0.0050 (0.0106)	0.0009 (0.0067)	0.401 (0.591)	88.28 (84.54)
[468/469]	0.0141 (0.0106)	0.0103 (0.0067)	0.301 (0.555)	90.62 (85.38)
 * Train Acc 85.375
 * Val Acc 91.250, Total time 1.00
Epoch:1
LR: 0.001
Itr		Time		  Data		  Loss		Acc
[0/469]	0.1306 (0.1306)	0.1239 (0.1239)	0.345 (0.345)	90.62 (90.62)
[100/469]	0.0041 (0.0115)	0.0001 (0.0075)	0.206 (0.306)	93.75 (91.16)
[200/469]	0.0040 (0.0109)	0.0001 (0.0069)	0.323 (0.308)	89.06 (91.12)
[300/469]	0.0230 (0.0107)	0.0190 (0.0068)	0.274 (0.303)	92.19 (91.16)
[400/469]	0.0043 (0.0106)	0.0004 (0.0067)	0.203 (0.299)	95.31 (91.34)
[468/469]	0.0153 (0.0106)	0.0115 (0.0067)	0.200 (0.294)	92.71 (91.49)
 * Train Acc 91.488
 * Val Acc 92.650, Total time 0.94
validation split name: 1
 * Val Acc 92.070, Total time 0.69
validation split name: 2
 * Val Acc 93.600, Total time 0.97
validation split name: 3
 * Val Acc 93.040, Total time 0.95
validation split name: 4
 * Val Acc 92.890, Total time 0.95
validation split name: 5
 * Val Acc 92.970, Total time 0.93
validation split name: 6
 * Val Acc 92.770, Total time 0.96
validation split name: 7
 * Val Acc 92.420, Total time 0.98
validation split name: 8
 * Val Acc 92.650, Total time 0.95
====================== 9 =======================
Epoch:0
LR: 0.001
Itr		Time		  Data		  Loss		Acc
[0/469]	0.1430 (0.1430)	0.1362 (0.1362)	2.307 (2.307)	10.16 (10.16)
[100/469]	0.0039 (0.0119)	0.0001 (0.0080)	0.653 (1.138)	82.03 (73.11)
[200/469]	0.0050 (0.0111)	0.0011 (0.0071)	0.426 (0.833)	85.94 (79.66)
[300/469]	0.0206 (0.0109)	0.0166 (0.0069)	0.357 (0.698)	89.84 (82.49)
[400/469]	0.0039 (0.0107)	0.0001 (0.0067)	0.303 (0.616)	92.97 (84.23)
[468/469]	0.0046 (0.0106)	0.0006 (0.0067)	0.313 (0.577)	90.62 (85.03)
 * Train Acc 85.035
 * Val Acc 90.780, Total time 0.98
Epoch:1
LR: 0.001
Itr		Time		  Data		  Loss		Acc
[0/469]	0.1271 (0.1271)	0.1206 (0.1206)	0.327 (0.327)	92.97 (92.97)
[100/469]	0.0041 (0.0116)	0.0001 (0.0075)	0.271 (0.320)	90.62 (90.51)
[200/469]	0.0041 (0.0110)	0.0001 (0.0070)	0.323 (0.315)	90.62 (90.99)
[300/469]	0.0227 (0.0108)	0.0186 (0.0068)	0.294 (0.310)	92.19 (91.11)
[400/469]	0.0043 (0.0107)	0.0001 (0.0067)	0.293 (0.305)	90.62 (91.18)
[468/469]	0.0149 (0.0106)	0.0111 (0.0066)	0.428 (0.302)	86.46 (91.20)
 * Train Acc 91.205
 * Val Acc 92.320, Total time 0.95
validation split name: 1
 * Val Acc 92.250, Total time 0.70
validation split name: 2
 * Val Acc 93.490, Total time 0.96
validation split name: 3
 * Val Acc 92.850, Total time 0.99
validation split name: 4
 * Val Acc 92.900, Total time 0.94
validation split name: 5
 * Val Acc 92.910, Total time 0.95
validation split name: 6
 * Val Acc 92.590, Total time 0.98
validation split name: 7
 * Val Acc 92.280, Total time 0.95
validation split name: 8
 * Val Acc 92.630, Total time 0.99
validation split name: 9
 * Val Acc 92.320, Total time 0.94
====================== 10 =======================
Epoch:0
LR: 0.001
Itr		Time		  Data		  Loss		Acc
[0/469]	0.1286 (0.1286)	0.1212 (0.1212)	2.300 (2.300)	9.38 (9.38)
[100/469]	0.0147 (0.0117)	0.0103 (0.0074)	0.610 (1.196)	87.50 (72.16)
[200/469]	0.0042 (0.0111)	0.0002 (0.0068)	0.425 (0.868)	89.06 (79.19)
[300/469]	0.0051 (0.0108)	0.0009 (0.0066)	0.308 (0.714)	92.19 (82.39)
[400/469]	0.0214 (0.0108)	0.0172 (0.0066)	0.276 (0.631)	93.75 (84.10)
[468/469]	0.0042 (0.0107)	0.0001 (0.0065)	0.327 (0.589)	95.83 (85.00)
 * Train Acc 85.002
 * Val Acc 90.920, Total time 0.94
Epoch:1
LR: 0.001
Itr		Time		  Data		  Loss		Acc
[0/469]	0.1274 (0.1274)	0.1208 (0.1208)	0.363 (0.363)	89.06 (89.06)
[100/469]	0.0041 (0.0116)	0.0002 (0.0078)	0.297 (0.333)	91.41 (90.31)
[200/469]	0.0042 (0.0111)	0.0001 (0.0071)	0.217 (0.317)	93.75 (90.92)
[300/469]	0.0230 (0.0109)	0.0189 (0.0069)	0.376 (0.313)	90.62 (91.02)
[400/469]	0.0040 (0.0107)	0.0002 (0.0068)	0.221 (0.307)	91.41 (91.19)
[468/469]	0.0156 (0.0107)	0.0117 (0.0068)	0.308 (0.302)	90.62 (91.32)
 * Train Acc 91.322
 * Val Acc 92.620, Total time 0.94
validation split name: 1
 * Val Acc 91.680, Total time 0.70
validation split name: 2
 * Val Acc 93.470, Total time 0.96
validation split name: 3
 * Val Acc 92.780, Total time 0.96
validation split name: 4
 * Val Acc 92.700, Total time 0.99
validation split name: 5
 * Val Acc 92.730, Total time 1.00
validation split name: 6
 * Val Acc 92.560, Total time 0.96
validation split name: 7
 * Val Acc 92.270, Total time 0.94
validation split name: 8
 * Val Acc 92.370, Total time 0.95
validation split name: 9
 * Val Acc 92.090, Total time 0.94
validation split name: 10
 * Val Acc 92.620, Total time 0.95
OrderedDict([('1', OrderedDict([('1', 95.66), ('2', 95.36), ('3', 95.12), ('4', 94.3), ('5', 93.6), ('6', 93.14), ('7', 92.91), ('8', 92.07), ('9', 92.25), ('10', 91.68)])), ('2', OrderedDict([('2', 94.52), ('3', 94.39), ('4', 94.26), ('5', 94.06), ('6', 93.82), ('7', 93.65), ('8', 93.6), ('9', 93.49), ('10', 93.47)])), ('3', OrderedDict([('3', 94.07), ('4', 93.92), ('5', 93.61), ('6', 93.34), ('7', 93.3), ('8', 93.04), ('9', 92.85), ('10', 92.78)])), ('4', OrderedDict([('4', 93.58), ('5', 93.2), ('6', 93.07), ('7', 92.83), ('8', 92.89), ('9', 92.9), ('10', 92.7)])), ('5', OrderedDict([('5', 93.38), ('6', 93.28), ('7', 93.08), ('8', 92.97), ('9', 92.91), ('10', 92.73)])), ('6', OrderedDict([('6', 92.99), ('7', 92.87), ('8', 92.77), ('9', 92.59), ('10', 92.56)])), ('7', OrderedDict([('7', 92.62), ('8', 92.42), ('9', 92.28), ('10', 92.27)])), ('8', OrderedDict([('8', 92.65), ('9', 92.63), ('10', 92.37)])), ('9', OrderedDict([('9', 92.32), ('10', 92.09)])), ('10', OrderedDict([('10', 92.62)]))])
Task 1 average acc: 95.66
Task 2 average acc: 94.94
Task 3 average acc: 94.52666666666666
Task 4 average acc: 94.015
Task 5 average acc: 93.57
Task 6 average acc: 93.27333333333333
Task 7 average acc: 93.03714285714285
Task 8 average acc: 92.80124999999998
Task 9 average acc: 92.69111111111111
Task 10 average acc: 92.52700000000002
===Summary of experiment repeats: 4 / 5 ===
The regularization coefficient: 0.0
The last avg acc of all repeats: [92.549 92.599 92.125 92.527  0.   ]
mean: 73.96 std: 36.980388196988955
MLP(
  (linear): Sequential(
    (0): Linear(in_features=1024, out_features=1000, bias=True)
    (1): ReLU(inplace=True)
    (2): Linear(in_features=1000, out_features=1000, bias=True)
    (3): ReLU(inplace=True)
  )
  (last): ModuleDict(
    (1): Linear(in_features=1000, out_features=10, bias=True)
    (2): Linear(in_features=1000, out_features=10, bias=True)
    (3): Linear(in_features=1000, out_features=10, bias=True)
    (4): Linear(in_features=1000, out_features=10, bias=True)
    (5): Linear(in_features=1000, out_features=10, bias=True)
    (6): Linear(in_features=1000, out_features=10, bias=True)
    (7): Linear(in_features=1000, out_features=10, bias=True)
    (8): Linear(in_features=1000, out_features=10, bias=True)
    (9): Linear(in_features=1000, out_features=10, bias=True)
    (10): Linear(in_features=1000, out_features=10, bias=True)
  )
)
#parameter of model: 2126100
Task order: ['1', '2', '3', '4', '5', '6', '7', '8', '9', '10']
====================== 1 =======================
Epoch:0
LR: 0.001
Itr		Time		  Data		  Loss		Acc
[0/469]	0.1204 (0.1204)	0.1131 (0.1131)	2.291 (2.291)	10.94 (10.94)
[100/469]	0.0164 (0.0083)	0.0133 (0.0054)	0.397 (0.503)	89.06 (85.17)
[200/469]	0.0031 (0.0077)	0.0001 (0.0049)	0.286 (0.390)	90.62 (88.58)
[300/469]	0.0037 (0.0076)	0.0009 (0.0047)	0.205 (0.338)	91.41 (90.09)
[400/469]	0.0117 (0.0075)	0.0090 (0.0046)	0.185 (0.306)	94.53 (91.01)
[468/469]	0.0028 (0.0074)	0.0001 (0.0046)	0.229 (0.292)	91.67 (91.47)
 * Train Acc 91.465
 * Val Acc 94.690, Total time 0.71
Epoch:1
LR: 0.001
Itr		Time		  Data		  Loss		Acc
[0/469]	0.1273 (0.1273)	0.1213 (0.1213)	0.158 (0.158)	96.88 (96.88)
[100/469]	0.0029 (0.0086)	0.0001 (0.0056)	0.126 (0.185)	97.66 (94.85)
[200/469]	0.0144 (0.0079)	0.0116 (0.0050)	0.251 (0.178)	92.97 (94.88)
[300/469]	0.0035 (0.0076)	0.0007 (0.0047)	0.143 (0.172)	97.66 (95.09)
[400/469]	0.0032 (0.0075)	0.0001 (0.0046)	0.175 (0.168)	94.53 (95.16)
[468/469]	0.0031 (0.0074)	0.0005 (0.0046)	0.084 (0.164)	96.88 (95.28)
 * Train Acc 95.275
 * Val Acc 95.610, Total time 0.76
validation split name: 1
 * Val Acc 95.610, Total time 0.69
====================== 2 =======================
Epoch:0
LR: 0.001
Itr		Time		  Data		  Loss		Acc
[0/469]	0.1255 (0.1255)	0.1196 (0.1196)	2.327 (2.327)	10.16 (10.16)
[100/469]	0.0040 (0.0114)	0.0008 (0.0082)	0.313 (0.726)	90.62 (81.57)
[200/469]	0.0041 (0.0108)	0.0009 (0.0076)	0.260 (0.537)	92.19 (85.90)
[300/469]	0.0225 (0.0107)	0.0192 (0.0075)	0.220 (0.459)	94.53 (87.67)
[400/469]	0.0040 (0.0106)	0.0009 (0.0074)	0.284 (0.416)	90.62 (88.70)
[468/469]	0.0157 (0.0105)	0.0125 (0.0073)	0.247 (0.393)	91.67 (89.22)
 * Train Acc 89.215
 * Val Acc 92.760, Total time 0.99
Epoch:1
LR: 0.001
Itr		Time		  Data		  Loss		Acc
[0/469]	0.1273 (0.1273)	0.1218 (0.1218)	0.311 (0.311)	90.62 (90.62)
[100/469]	0.0211 (0.0118)	0.0180 (0.0083)	0.211 (0.244)	95.31 (92.98)
[200/469]	0.0034 (0.0110)	0.0001 (0.0076)	0.258 (0.234)	92.97 (93.23)
[300/469]	0.0206 (0.0108)	0.0173 (0.0075)	0.190 (0.228)	94.53 (93.46)
[400/469]	0.0037 (0.0107)	0.0008 (0.0074)	0.281 (0.222)	92.19 (93.59)
[468/469]	0.0166 (0.0106)	0.0134 (0.0074)	0.226 (0.219)	94.79 (93.69)
 * Train Acc 93.693
 * Val Acc 94.370, Total time 0.96
validation split name: 1
 * Val Acc 95.360, Total time 0.72
validation split name: 2
 * Val Acc 94.370, Total time 0.96
====================== 3 =======================
Epoch:0
LR: 0.001
Itr		Time		  Data		  Loss		Acc
[0/469]	0.1356 (0.1356)	0.1299 (0.1299)	2.326 (2.326)	11.72 (11.72)
[100/469]	0.0037 (0.0115)	0.0004 (0.0082)	0.398 (0.844)	89.84 (79.04)
[200/469]	0.0034 (0.0109)	0.0001 (0.0076)	0.292 (0.616)	90.62 (84.11)
[300/469]	0.0242 (0.0107)	0.0209 (0.0075)	0.240 (0.522)	93.75 (86.19)
[400/469]	0.0037 (0.0106)	0.0005 (0.0073)	0.394 (0.467)	89.84 (87.47)
[468/469]	0.0160 (0.0106)	0.0128 (0.0073)	0.240 (0.440)	93.75 (88.11)
 * Train Acc 88.108
 * Val Acc 92.300, Total time 0.94
Epoch:1
LR: 0.001
Itr		Time		  Data		  Loss		Acc
[0/469]	0.1416 (0.1416)	0.1357 (0.1357)	0.192 (0.192)	95.31 (95.31)
[100/469]	0.0033 (0.0119)	0.0001 (0.0086)	0.267 (0.264)	92.19 (92.11)
[200/469]	0.0089 (0.0111)	0.0054 (0.0078)	0.223 (0.257)	92.97 (92.43)
[300/469]	0.0221 (0.0109)	0.0191 (0.0076)	0.203 (0.252)	94.53 (92.59)
[400/469]	0.0036 (0.0107)	0.0001 (0.0074)	0.273 (0.246)	93.75 (92.82)
[468/469]	0.0160 (0.0107)	0.0130 (0.0074)	0.299 (0.242)	90.62 (92.95)
 * Train Acc 92.955
 * Val Acc 93.820, Total time 0.96
validation split name: 1
 * Val Acc 94.900, Total time 0.71
validation split name: 2
 * Val Acc 94.150, Total time 0.93
validation split name: 3
 * Val Acc 93.820, Total time 0.95
====================== 4 =======================
Epoch:0
LR: 0.001
Itr		Time		  Data		  Loss		Acc
[0/469]	0.1297 (0.1297)	0.1224 (0.1224)	2.320 (2.320)	14.84 (14.84)
[100/469]	0.0033 (0.0118)	0.0002 (0.0083)	0.617 (0.954)	85.94 (77.16)
[200/469]	0.0033 (0.0116)	0.0002 (0.0080)	0.338 (0.689)	90.62 (82.65)
[300/469]	0.0312 (0.0114)	0.0278 (0.0078)	0.347 (0.578)	89.84 (85.02)
[400/469]	0.0036 (0.0112)	0.0001 (0.0076)	0.206 (0.514)	94.53 (86.41)
[468/469]	0.0162 (0.0111)	0.0129 (0.0075)	0.220 (0.482)	93.75 (87.16)
 * Train Acc 87.158
 * Val Acc 92.330, Total time 0.97
Epoch:1
LR: 0.001
Itr		Time		  Data		  Loss		Acc
[0/469]	0.1413 (0.1413)	0.1348 (0.1348)	0.250 (0.250)	91.41 (91.41)
[100/469]	0.0032 (0.0119)	0.0001 (0.0085)	0.189 (0.276)	94.53 (91.89)
[200/469]	0.0043 (0.0110)	0.0009 (0.0076)	0.248 (0.276)	92.97 (91.93)
[300/469]	0.0227 (0.0108)	0.0195 (0.0074)	0.331 (0.267)	91.41 (92.22)
[400/469]	0.0032 (0.0107)	0.0001 (0.0073)	0.210 (0.264)	96.88 (92.28)
[468/469]	0.0167 (0.0106)	0.0137 (0.0073)	0.212 (0.260)	91.67 (92.44)
 * Train Acc 92.438
 * Val Acc 93.670, Total time 0.94
validation split name: 1
 * Val Acc 93.970, Total time 0.75
validation split name: 2
 * Val Acc 93.560, Total time 0.96
validation split name: 3
 * Val Acc 93.820, Total time 0.93
validation split name: 4
 * Val Acc 93.670, Total time 0.94
====================== 5 =======================
Epoch:0
LR: 0.001
Itr		Time		  Data		  Loss		Acc
[0/469]	0.1292 (0.1292)	0.1235 (0.1235)	2.380 (2.380)	16.41 (16.41)
[100/469]	0.0036 (0.0116)	0.0002 (0.0081)	0.535 (0.997)	88.28 (76.25)
[200/469]	0.0037 (0.0110)	0.0001 (0.0075)	0.420 (0.718)	90.62 (82.19)
[300/469]	0.0254 (0.0110)	0.0206 (0.0074)	0.366 (0.601)	89.84 (84.66)
[400/469]	0.0037 (0.0108)	0.0001 (0.0072)	0.424 (0.533)	87.50 (86.12)
[468/469]	0.0161 (0.0108)	0.0126 (0.0071)	0.229 (0.502)	93.75 (86.83)
 * Train Acc 86.833
 * Val Acc 91.870, Total time 0.93
Epoch:1
LR: 0.001
Itr		Time		  Data		  Loss		Acc
[0/469]	0.1272 (0.1272)	0.1208 (0.1208)	0.276 (0.276)	91.41 (91.41)
[100/469]	0.0048 (0.0115)	0.0011 (0.0079)	0.206 (0.296)	94.53 (91.17)
[200/469]	0.0042 (0.0109)	0.0009 (0.0073)	0.177 (0.283)	95.31 (91.76)
[300/469]	0.0222 (0.0107)	0.0185 (0.0071)	0.160 (0.281)	96.88 (91.83)
[400/469]	0.0043 (0.0106)	0.0008 (0.0070)	0.244 (0.275)	94.53 (91.97)
[468/469]	0.0120 (0.0105)	0.0084 (0.0070)	0.143 (0.271)	97.92 (92.13)
 * Train Acc 92.133
 * Val Acc 93.220, Total time 0.94
validation split name: 1
 * Val Acc 93.540, Total time 0.70
validation split name: 2
 * Val Acc 93.550, Total time 1.01
validation split name: 3
 * Val Acc 93.660, Total time 0.95
validation split name: 4
 * Val Acc 93.310, Total time 1.00
validation split name: 5
 * Val Acc 93.220, Total time 0.94
====================== 6 =======================
Epoch:0
LR: 0.001
Itr		Time		  Data		  Loss		Acc
[0/469]	0.1350 (0.1350)	0.1279 (0.1279)	2.342 (2.342)	9.38 (9.38)
[100/469]	0.0036 (0.0115)	0.0002 (0.0077)	0.596 (1.047)	86.72 (74.33)
[200/469]	0.0234 (0.0110)	0.0199 (0.0073)	0.550 (0.763)	82.03 (80.85)
[300/469]	0.0038 (0.0108)	0.0001 (0.0071)	0.401 (0.639)	91.41 (83.52)
[400/469]	0.0038 (0.0106)	0.0001 (0.0070)	0.281 (0.566)	91.41 (85.23)
[468/469]	0.0037 (0.0106)	0.0001 (0.0069)	0.335 (0.532)	87.50 (85.97)
 * Train Acc 85.972
 * Val Acc 91.440, Total time 0.94
Epoch:1
LR: 0.001
Itr		Time		  Data		  Loss		Acc
[0/469]	0.1438 (0.1438)	0.1372 (0.1372)	0.373 (0.373)	88.28 (88.28)
[100/469]	0.0036 (0.0119)	0.0001 (0.0083)	0.267 (0.303)	92.19 (91.21)
[200/469]	0.0038 (0.0111)	0.0002 (0.0074)	0.290 (0.295)	88.28 (91.42)
[300/469]	0.0231 (0.0109)	0.0194 (0.0072)	0.298 (0.289)	89.06 (91.59)
[400/469]	0.0038 (0.0107)	0.0001 (0.0070)	0.238 (0.285)	92.19 (91.67)
[468/469]	0.0155 (0.0106)	0.0120 (0.0070)	0.166 (0.282)	94.79 (91.79)
 * Train Acc 91.788
 * Val Acc 92.890, Total time 0.94
validation split name: 1
 * Val Acc 92.840, Total time 0.70
validation split name: 2
 * Val Acc 93.420, Total time 0.95
validation split name: 3
 * Val Acc 93.570, Total time 0.97
validation split name: 4
 * Val Acc 93.160, Total time 0.99
validation split name: 5
 * Val Acc 93.060, Total time 0.94
validation split name: 6
 * Val Acc 92.890, Total time 0.95
====================== 7 =======================
Epoch:0
LR: 0.001
Itr		Time		  Data		  Loss		Acc
[0/469]	0.1231 (0.1231)	0.1169 (0.1169)	2.318 (2.318)	13.28 (13.28)
[100/469]	0.0037 (0.0114)	0.0001 (0.0078)	0.613 (1.053)	82.03 (74.37)
[200/469]	0.0039 (0.0108)	0.0001 (0.0073)	0.275 (0.768)	94.53 (80.77)
[300/469]	0.0228 (0.0107)	0.0192 (0.0071)	0.269 (0.639)	92.97 (83.66)
[400/469]	0.0053 (0.0106)	0.0014 (0.0070)	0.352 (0.567)	88.28 (85.18)
[468/469]	0.0148 (0.0105)	0.0109 (0.0069)	0.310 (0.531)	90.62 (85.99)
 * Train Acc 85.990
 * Val Acc 91.310, Total time 0.94
Epoch:1
LR: 0.001
Itr		Time		  Data		  Loss		Acc
[0/469]	0.1464 (0.1464)	0.1398 (0.1398)	0.290 (0.290)	92.19 (92.19)
[100/469]	0.0040 (0.0120)	0.0002 (0.0082)	0.238 (0.301)	92.97 (91.22)
[200/469]	0.0039 (0.0111)	0.0001 (0.0073)	0.322 (0.297)	92.97 (91.36)
[300/469]	0.0228 (0.0109)	0.0189 (0.0071)	0.160 (0.293)	95.31 (91.46)
[400/469]	0.0039 (0.0107)	0.0001 (0.0069)	0.263 (0.289)	89.84 (91.59)
[468/469]	0.0150 (0.0106)	0.0116 (0.0068)	0.188 (0.285)	91.67 (91.72)
 * Train Acc 91.722
 * Val Acc 92.940, Total time 1.03
validation split name: 1
 * Val Acc 93.050, Total time 0.70
validation split name: 2
 * Val Acc 92.800, Total time 0.94
validation split name: 3
 * Val Acc 93.380, Total time 0.94
validation split name: 4
 * Val Acc 92.870, Total time 0.95
validation split name: 5
 * Val Acc 93.050, Total time 0.99
validation split name: 6
 * Val Acc 92.730, Total time 0.97
validation split name: 7
 * Val Acc 92.940, Total time 0.94
====================== 8 =======================
Epoch:0
LR: 0.001
Itr		Time		  Data		  Loss		Acc
[0/469]	0.1286 (0.1286)	0.1229 (0.1229)	2.309 (2.309)	16.41 (16.41)
[100/469]	0.0041 (0.0115)	0.0006 (0.0079)	0.580 (1.089)	85.16 (74.33)
[200/469]	0.0073 (0.0110)	0.0032 (0.0072)	0.369 (0.797)	86.72 (80.48)
[300/469]	0.0231 (0.0108)	0.0195 (0.0071)	0.432 (0.668)	89.84 (83.29)
[400/469]	0.0041 (0.0107)	0.0001 (0.0069)	0.403 (0.591)	87.50 (84.93)
[468/469]	0.0158 (0.0106)	0.0119 (0.0069)	0.298 (0.553)	90.62 (85.72)
 * Train Acc 85.725
 * Val Acc 91.210, Total time 0.96
Epoch:1
LR: 0.001
Itr		Time		  Data		  Loss		Acc
[0/469]	0.1282 (0.1282)	0.1217 (0.1217)	0.320 (0.320)	90.62 (90.62)
[100/469]	0.0050 (0.0115)	0.0012 (0.0075)	0.328 (0.299)	92.19 (91.41)
[200/469]	0.0038 (0.0109)	0.0001 (0.0070)	0.269 (0.306)	92.19 (91.17)
[300/469]	0.0229 (0.0108)	0.0187 (0.0068)	0.269 (0.302)	91.41 (91.31)
[400/469]	0.0050 (0.0106)	0.0011 (0.0067)	0.223 (0.296)	93.75 (91.53)
[468/469]	0.0151 (0.0106)	0.0112 (0.0067)	0.198 (0.291)	94.79 (91.58)
 * Train Acc 91.582
 * Val Acc 92.800, Total time 0.95
validation split name: 1
 * Val Acc 92.830, Total time 0.69
validation split name: 2
 * Val Acc 92.700, Total time 0.95
validation split name: 3
 * Val Acc 93.140, Total time 0.96
validation split name: 4
 * Val Acc 92.930, Total time 0.95
validation split name: 5
 * Val Acc 92.650, Total time 0.95
validation split name: 6
 * Val Acc 92.590, Total time 0.95
validation split name: 7
 * Val Acc 92.860, Total time 0.94
validation split name: 8
 * Val Acc 92.800, Total time 0.96
====================== 9 =======================
Epoch:0
LR: 0.001
Itr		Time		  Data		  Loss		Acc
[0/469]	0.1304 (0.1304)	0.1235 (0.1235)	2.434 (2.434)	7.03 (7.03)
[100/469]	0.0217 (0.0121)	0.0176 (0.0080)	0.560 (1.140)	86.72 (72.40)
[200/469]	0.0050 (0.0111)	0.0008 (0.0071)	0.542 (0.832)	84.38 (79.40)
[300/469]	0.0050 (0.0108)	0.0009 (0.0068)	0.368 (0.695)	90.62 (82.41)
[400/469]	0.0217 (0.0107)	0.0176 (0.0067)	0.427 (0.612)	86.72 (84.22)
[468/469]	0.0038 (0.0106)	0.0001 (0.0066)	0.177 (0.574)	97.92 (85.03)
 * Train Acc 85.032
 * Val Acc 90.920, Total time 0.96
Epoch:1
LR: 0.001
Itr		Time		  Data		  Loss		Acc
[0/469]	0.1261 (0.1261)	0.1198 (0.1198)	0.229 (0.229)	92.97 (92.97)
[100/469]	0.0049 (0.0114)	0.0009 (0.0073)	0.421 (0.315)	89.84 (90.92)
[200/469]	0.0042 (0.0108)	0.0001 (0.0067)	0.413 (0.309)	87.50 (91.11)
[300/469]	0.0118 (0.0106)	0.0075 (0.0066)	0.317 (0.307)	92.19 (91.19)
[400/469]	0.0208 (0.0106)	0.0169 (0.0065)	0.217 (0.302)	93.75 (91.27)
[468/469]	0.0049 (0.0105)	0.0008 (0.0065)	0.201 (0.300)	93.75 (91.34)
 * Train Acc 91.342
 * Val Acc 92.730, Total time 0.98
validation split name: 1
 * Val Acc 92.910, Total time 0.70
validation split name: 2
 * Val Acc 92.760, Total time 0.96
validation split name: 3
 * Val Acc 92.980, Total time 0.96
validation split name: 4
 * Val Acc 92.180, Total time 0.94
validation split name: 5
 * Val Acc 92.300, Total time 0.99
validation split name: 6
 * Val Acc 92.300, Total time 0.97
validation split name: 7
 * Val Acc 92.660, Total time 0.96
validation split name: 8
 * Val Acc 92.490, Total time 0.94
validation split name: 9
 * Val Acc 92.730, Total time 0.95
====================== 10 =======================
Epoch:0
LR: 0.001
Itr		Time		  Data		  Loss		Acc
[0/469]	0.1330 (0.1330)	0.1264 (0.1264)	2.341 (2.341)	10.94 (10.94)
[100/469]	0.0055 (0.0114)	0.0017 (0.0076)	0.639 (1.162)	86.72 (71.84)
[200/469]	0.0042 (0.0108)	0.0004 (0.0070)	0.563 (0.854)	82.81 (78.91)
[300/469]	0.0119 (0.0106)	0.0080 (0.0068)	0.391 (0.715)	88.28 (81.93)
[400/469]	0.0206 (0.0105)	0.0169 (0.0068)	0.244 (0.628)	92.19 (83.82)
[468/469]	0.0042 (0.0105)	0.0001 (0.0067)	0.260 (0.588)	91.67 (84.65)
 * Train Acc 84.653
 * Val Acc 90.510, Total time 0.95
Epoch:1
LR: 0.001
Itr		Time		  Data		  Loss		Acc
[0/469]	0.1462 (0.1462)	0.1395 (0.1395)	0.271 (0.271)	92.97 (92.97)
[100/469]	0.0043 (0.0120)	0.0001 (0.0077)	0.352 (0.333)	89.06 (90.45)
[200/469]	0.0171 (0.0112)	0.0128 (0.0070)	0.369 (0.326)	89.06 (90.55)
[300/469]	0.0094 (0.0110)	0.0052 (0.0067)	0.274 (0.318)	92.97 (90.84)
[400/469]	0.0042 (0.0108)	0.0001 (0.0066)	0.332 (0.312)	90.62 (91.02)
[468/469]	0.0046 (0.0108)	0.0006 (0.0065)	0.367 (0.307)	87.50 (91.08)
 * Train Acc 91.082
 * Val Acc 92.140, Total time 0.95
validation split name: 1
 * Val Acc 92.940, Total time 0.72
validation split name: 2
 * Val Acc 92.630, Total time 0.96
validation split name: 3
 * Val Acc 92.760, Total time 0.95
validation split name: 4
 * Val Acc 92.090, Total time 0.98
validation split name: 5
 * Val Acc 92.170, Total time 0.95
validation split name: 6
 * Val Acc 92.390, Total time 0.95
validation split name: 7
 * Val Acc 92.530, Total time 0.99
validation split name: 8
 * Val Acc 92.390, Total time 1.00
validation split name: 9
 * Val Acc 92.640, Total time 1.02
validation split name: 10
 * Val Acc 92.140, Total time 1.03
OrderedDict([('1', OrderedDict([('1', 95.61), ('2', 95.36), ('3', 94.9), ('4', 93.97), ('5', 93.54), ('6', 92.84), ('7', 93.05), ('8', 92.83), ('9', 92.91), ('10', 92.94)])), ('2', OrderedDict([('2', 94.37), ('3', 94.15), ('4', 93.56), ('5', 93.55), ('6', 93.42), ('7', 92.8), ('8', 92.7), ('9', 92.76), ('10', 92.63)])), ('3', OrderedDict([('3', 93.82), ('4', 93.82), ('5', 93.66), ('6', 93.57), ('7', 93.38), ('8', 93.14), ('9', 92.98), ('10', 92.76)])), ('4', OrderedDict([('4', 93.67), ('5', 93.31), ('6', 93.16), ('7', 92.87), ('8', 92.93), ('9', 92.18), ('10', 92.09)])), ('5', OrderedDict([('5', 93.22), ('6', 93.06), ('7', 93.05), ('8', 92.65), ('9', 92.3), ('10', 92.17)])), ('6', OrderedDict([('6', 92.89), ('7', 92.73), ('8', 92.59), ('9', 92.3), ('10', 92.39)])), ('7', OrderedDict([('7', 92.94), ('8', 92.86), ('9', 92.66), ('10', 92.53)])), ('8', OrderedDict([('8', 92.8), ('9', 92.49), ('10', 92.39)])), ('9', OrderedDict([('9', 92.73), ('10', 92.64)])), ('10', OrderedDict([('10', 92.14)]))])
Task 1 average acc: 95.61
Task 2 average acc: 94.86500000000001
Task 3 average acc: 94.29
Task 4 average acc: 93.75500000000001
Task 5 average acc: 93.45599999999999
Task 6 average acc: 93.15666666666668
Task 7 average acc: 92.9742857142857
Task 8 average acc: 92.8125
Task 9 average acc: 92.59
Task 10 average acc: 92.46799999999999
===Summary of experiment repeats: 5 / 5 ===
The regularization coefficient: 0.0
The last avg acc of all repeats: [92.549 92.599 92.125 92.527 92.468]
mean: 92.45359999999998 std: 0.16959669808105665
reg_coef: 0.0 mean: 92.45359999999998 std: 0.16959669808105665
Total Time for the script is 835.0448276996613 seconds
