MLP(
  (linear): Sequential(
    (0): Linear(in_features=1024, out_features=1000, bias=True)
    (1): ReLU(inplace=True)
    (2): Linear(in_features=1000, out_features=1000, bias=True)
    (3): ReLU(inplace=True)
  )
  (last): ModuleDict(
    (1): Linear(in_features=1000, out_features=10, bias=True)
    (2): Linear(in_features=1000, out_features=10, bias=True)
    (3): Linear(in_features=1000, out_features=10, bias=True)
    (4): Linear(in_features=1000, out_features=10, bias=True)
    (5): Linear(in_features=1000, out_features=10, bias=True)
    (6): Linear(in_features=1000, out_features=10, bias=True)
    (7): Linear(in_features=1000, out_features=10, bias=True)
    (8): Linear(in_features=1000, out_features=10, bias=True)
    (9): Linear(in_features=1000, out_features=10, bias=True)
    (10): Linear(in_features=1000, out_features=10, bias=True)
  )
)
#parameter of model: 2126100
Task order: ['1', '2', '3', '4', '5', '6', '7', '8', '9', '10']
====================== 1 =======================
#reg_term: 0
Epoch:0
LR: 0.0001
Itr		Time		  Data		  Loss		Acc
[0/469]	0.5255 (0.5255)	0.0927 (0.0927)	2.299 (2.299)	8.59 (8.59)
[100/469]	0.0031 (0.0125)	0.0001 (0.0051)	0.454 (0.802)	85.94 (81.06)
[200/469]	0.0087 (0.0099)	0.0058 (0.0047)	0.225 (0.561)	93.75 (85.95)
[300/469]	0.0130 (0.0090)	0.0100 (0.0045)	0.294 (0.465)	86.72 (87.94)
[400/469]	0.0031 (0.0085)	0.0002 (0.0044)	0.202 (0.407)	93.75 (89.19)
[468/469]	0.0091 (0.0083)	0.0062 (0.0043)	0.117 (0.375)	95.83 (89.97)
 * Train Acc 89.970
 * Val Acc 94.750, Total time 0.69
Epoch:1
LR: 0.0001
Itr		Time		  Data		  Loss		Acc
[0/469]	0.1132 (0.1132)	0.1059 (0.1059)	0.134 (0.134)	96.09 (96.09)
[100/469]	0.0034 (0.0083)	0.0001 (0.0052)	0.167 (0.182)	95.31 (94.72)
[200/469]	0.0069 (0.0078)	0.0033 (0.0047)	0.123 (0.172)	96.09 (95.01)
[300/469]	0.0046 (0.0077)	0.0014 (0.0045)	0.140 (0.163)	97.66 (95.28)
[400/469]	0.0031 (0.0076)	0.0001 (0.0045)	0.105 (0.157)	96.88 (95.43)
[468/469]	0.0030 (0.0075)	0.0001 (0.0044)	0.100 (0.152)	96.88 (95.57)
 * Train Acc 95.567
 * Val Acc 96.390, Total time 0.72
validation split name: 1
 * Val Acc 96.390, Total time 0.69
====================== 2 =======================
#reg_term: 1
Epoch:0
LR: 0.0001
Itr		Time		  Data		  Loss		Acc
[0/469]	0.1386 (0.1386)	0.1211 (0.1211)	2.276 (2.276)	10.16 (10.16)
[100/469]	0.0140 (0.0118)	0.0051 (0.0031)	0.323 (0.648)	90.62 (82.30)
[200/469]	0.0091 (0.0111)	0.0009 (0.0026)	0.249 (0.483)	92.97 (86.80)
[300/469]	0.0094 (0.0108)	0.0011 (0.0024)	0.278 (0.412)	92.19 (88.82)
[400/469]	0.0091 (0.0107)	0.0008 (0.0023)	0.225 (0.371)	93.75 (90.07)
[468/469]	0.0083 (0.0107)	0.0001 (0.0023)	0.292 (0.349)	91.67 (90.68)
 * Train Acc 90.680
 * Val Acc 94.960, Total time 0.93
Epoch:1
LR: 0.0001
Itr		Time		  Data		  Loss		Acc
[0/469]	0.1451 (0.1451)	0.1313 (0.1313)	0.161 (0.161)	96.09 (96.09)
[100/469]	0.0086 (0.0121)	0.0001 (0.0035)	0.170 (0.204)	96.88 (95.23)
[200/469]	0.0094 (0.0112)	0.0010 (0.0027)	0.234 (0.200)	95.31 (95.44)
[300/469]	0.0131 (0.0109)	0.0047 (0.0025)	0.151 (0.192)	98.44 (95.65)
[400/469]	0.0085 (0.0107)	0.0001 (0.0023)	0.182 (0.187)	95.31 (95.77)
[468/469]	0.0091 (0.0107)	0.0008 (0.0023)	0.159 (0.185)	95.83 (95.80)
 * Train Acc 95.800
 * Val Acc 96.350, Total time 0.95
validation split name: 1
 * Val Acc 95.610, Total time 0.70
validation split name: 2
 * Val Acc 96.350, Total time 0.95
====================== 3 =======================
#reg_term: 1
Epoch:0
LR: 0.0001
Itr		Time		  Data		  Loss		Acc
[0/469]	0.1350 (0.1350)	0.1219 (0.1219)	2.373 (2.373)	3.91 (3.91)
[100/469]	0.0085 (0.0115)	0.0001 (0.0030)	0.282 (0.619)	91.41 (81.95)
[200/469]	0.0094 (0.0109)	0.0010 (0.0025)	0.317 (0.457)	90.62 (86.89)
[300/469]	0.0124 (0.0107)	0.0041 (0.0023)	0.207 (0.387)	92.97 (89.07)
[400/469]	0.0129 (0.0106)	0.0046 (0.0022)	0.182 (0.344)	96.88 (90.48)
[468/469]	0.0088 (0.0106)	0.0006 (0.0022)	0.222 (0.323)	95.83 (91.17)
 * Train Acc 91.168
 * Val Acc 95.610, Total time 0.96
Epoch:1
LR: 0.0001
Itr		Time		  Data		  Loss		Acc
[0/469]	0.1423 (0.1423)	0.1290 (0.1290)	0.117 (0.117)	97.66 (97.66)
[100/469]	0.0099 (0.0119)	0.0010 (0.0033)	0.172 (0.184)	96.88 (95.76)
[200/469]	0.0084 (0.0112)	0.0001 (0.0027)	0.144 (0.176)	95.31 (95.90)
[300/469]	0.0142 (0.0109)	0.0059 (0.0024)	0.201 (0.171)	95.31 (96.06)
[400/469]	0.0091 (0.0108)	0.0001 (0.0023)	0.174 (0.168)	95.31 (96.16)
[468/469]	0.0090 (0.0107)	0.0007 (0.0022)	0.132 (0.165)	98.96 (96.28)
 * Train Acc 96.282
 * Val Acc 96.860, Total time 0.95
validation split name: 1
 * Val Acc 95.330, Total time 0.71
validation split name: 2
 * Val Acc 94.530, Total time 0.94
validation split name: 3
 * Val Acc 96.860, Total time 0.96
====================== 4 =======================
#reg_term: 1
Epoch:0
LR: 0.0001
Itr		Time		  Data		  Loss		Acc
[0/469]	0.1470 (0.1470)	0.1339 (0.1339)	2.403 (2.403)	3.91 (3.91)
[100/469]	0.0085 (0.0118)	0.0001 (0.0033)	0.539 (0.621)	87.50 (81.76)
[200/469]	0.0096 (0.0110)	0.0011 (0.0025)	0.192 (0.450)	95.31 (87.10)
[300/469]	0.0129 (0.0107)	0.0045 (0.0023)	0.193 (0.379)	94.53 (89.30)
[400/469]	0.0093 (0.0106)	0.0009 (0.0022)	0.235 (0.334)	95.31 (90.65)
[468/469]	0.0087 (0.0106)	0.0005 (0.0021)	0.125 (0.315)	96.88 (91.27)
 * Train Acc 91.273
 * Val Acc 95.420, Total time 0.97
Epoch:1
LR: 0.0001
Itr		Time		  Data		  Loss		Acc
[0/469]	0.1342 (0.1342)	0.1217 (0.1217)	0.174 (0.174)	96.88 (96.88)
[100/469]	0.0129 (0.0118)	0.0044 (0.0034)	0.163 (0.171)	97.66 (95.91)
[200/469]	0.0094 (0.0110)	0.0010 (0.0026)	0.151 (0.165)	96.09 (96.07)
[300/469]	0.0118 (0.0108)	0.0034 (0.0024)	0.262 (0.163)	94.53 (96.18)
[400/469]	0.0085 (0.0107)	0.0001 (0.0023)	0.212 (0.161)	92.19 (96.26)
[468/469]	0.0088 (0.0107)	0.0005 (0.0022)	0.237 (0.161)	95.83 (96.31)
 * Train Acc 96.312
 * Val Acc 96.870, Total time 0.99
validation split name: 1
 * Val Acc 95.080, Total time 0.76
validation split name: 2
 * Val Acc 94.390, Total time 0.94
validation split name: 3
 * Val Acc 96.090, Total time 0.93
validation split name: 4
 * Val Acc 96.870, Total time 0.95
====================== 5 =======================
#reg_term: 1
Epoch:0
LR: 0.0001
Itr		Time		  Data		  Loss		Acc
[0/469]	0.1356 (0.1356)	0.1219 (0.1219)	2.323 (2.323)	12.50 (12.50)
[100/469]	0.0103 (0.0116)	0.0018 (0.0031)	0.297 (0.606)	90.62 (81.97)
[200/469]	0.0094 (0.0109)	0.0010 (0.0024)	0.280 (0.443)	92.19 (87.13)
[300/469]	0.0119 (0.0107)	0.0030 (0.0023)	0.253 (0.375)	94.53 (89.27)
[400/469]	0.0093 (0.0106)	0.0010 (0.0022)	0.134 (0.332)	97.66 (90.65)
[468/469]	0.0089 (0.0106)	0.0007 (0.0021)	0.101 (0.311)	98.96 (91.33)
 * Train Acc 91.332
 * Val Acc 95.900, Total time 0.94
Epoch:1
LR: 0.0001
Itr		Time		  Data		  Loss		Acc
[0/469]	0.1331 (0.1331)	0.1191 (0.1191)	0.188 (0.188)	96.09 (96.09)
[100/469]	0.0101 (0.0114)	0.0017 (0.0029)	0.130 (0.179)	96.88 (95.71)
[200/469]	0.0085 (0.0109)	0.0001 (0.0024)	0.113 (0.168)	96.88 (96.11)
[300/469]	0.0123 (0.0107)	0.0038 (0.0022)	0.100 (0.165)	98.44 (96.17)
[400/469]	0.0105 (0.0106)	0.0020 (0.0022)	0.163 (0.160)	96.88 (96.32)
[468/469]	0.0090 (0.0106)	0.0006 (0.0021)	0.127 (0.159)	96.88 (96.36)
 * Train Acc 96.355
 * Val Acc 96.740, Total time 0.95
validation split name: 1
 * Val Acc 95.050, Total time 0.72
validation split name: 2
 * Val Acc 92.980, Total time 0.94
validation split name: 3
 * Val Acc 95.710, Total time 1.00
validation split name: 4
 * Val Acc 95.640, Total time 0.94
validation split name: 5
 * Val Acc 96.740, Total time 0.96
====================== 6 =======================
#reg_term: 1
Epoch:0
LR: 0.0001
Itr		Time		  Data		  Loss		Acc
[0/469]	0.1473 (0.1473)	0.1342 (0.1342)	2.321 (2.321)	10.16 (10.16)
[100/469]	0.0097 (0.0120)	0.0016 (0.0038)	0.235 (0.596)	90.62 (82.38)
[200/469]	0.0081 (0.0111)	0.0001 (0.0030)	0.180 (0.441)	94.53 (87.20)
[300/469]	0.0126 (0.0108)	0.0044 (0.0027)	0.179 (0.372)	96.88 (89.40)
[400/469]	0.0090 (0.0107)	0.0008 (0.0025)	0.197 (0.330)	96.09 (90.74)
[468/469]	0.0085 (0.0106)	0.0005 (0.0024)	0.160 (0.310)	94.79 (91.37)
 * Train Acc 91.372
 * Val Acc 95.880, Total time 0.99
Epoch:1
LR: 0.0001
Itr		Time		  Data		  Loss		Acc
[0/469]	0.1341 (0.1341)	0.1199 (0.1199)	0.094 (0.094)	98.44 (98.44)
[100/469]	0.0086 (0.0117)	0.0001 (0.0031)	0.215 (0.170)	94.53 (96.08)
[200/469]	0.0086 (0.0111)	0.0001 (0.0025)	0.182 (0.164)	95.31 (96.23)
[300/469]	0.0135 (0.0109)	0.0050 (0.0023)	0.125 (0.161)	96.88 (96.32)
[400/469]	0.0086 (0.0108)	0.0001 (0.0022)	0.191 (0.159)	96.09 (96.38)
[468/469]	0.0089 (0.0107)	0.0005 (0.0022)	0.086 (0.158)	98.96 (96.43)
 * Train Acc 96.430
 * Val Acc 96.700, Total time 0.95
validation split name: 1
 * Val Acc 94.780, Total time 0.70
validation split name: 2
 * Val Acc 92.180, Total time 0.94
validation split name: 3
 * Val Acc 95.360, Total time 0.96
validation split name: 4
 * Val Acc 95.690, Total time 0.95
validation split name: 5
 * Val Acc 95.630, Total time 0.98
validation split name: 6
 * Val Acc 96.700, Total time 0.94
====================== 7 =======================
#reg_term: 1
Epoch:0
LR: 0.0001
Itr		Time		  Data		  Loss		Acc
[0/469]	0.1290 (0.1290)	0.1153 (0.1153)	2.311 (2.311)	10.16 (10.16)
[100/469]	0.0097 (0.0119)	0.0013 (0.0031)	0.235 (0.575)	92.19 (83.24)
[200/469]	0.0085 (0.0111)	0.0001 (0.0025)	0.274 (0.426)	89.06 (87.80)
[300/469]	0.0122 (0.0109)	0.0038 (0.0023)	0.204 (0.363)	95.31 (89.79)
[400/469]	0.0095 (0.0107)	0.0010 (0.0022)	0.202 (0.323)	93.75 (91.03)
[468/469]	0.0091 (0.0107)	0.0007 (0.0022)	0.221 (0.305)	92.71 (91.60)
 * Train Acc 91.600
 * Val Acc 95.440, Total time 0.99
Epoch:1
LR: 0.0001
Itr		Time		  Data		  Loss		Acc
[0/469]	0.1482 (0.1482)	0.1331 (0.1331)	0.104 (0.104)	97.66 (97.66)
[100/469]	0.0092 (0.0119)	0.0007 (0.0031)	0.244 (0.163)	93.75 (96.02)
[200/469]	0.0092 (0.0112)	0.0008 (0.0025)	0.249 (0.161)	91.41 (96.05)
[300/469]	0.0092 (0.0109)	0.0008 (0.0023)	0.211 (0.160)	96.09 (96.16)
[400/469]	0.0126 (0.0107)	0.0043 (0.0022)	0.228 (0.158)	92.97 (96.30)
[468/469]	0.0091 (0.0107)	0.0007 (0.0021)	0.184 (0.156)	96.88 (96.37)
 * Train Acc 96.370
 * Val Acc 96.520, Total time 0.94
validation split name: 1
 * Val Acc 94.640, Total time 0.70
validation split name: 2
 * Val Acc 92.560, Total time 0.95
validation split name: 3
 * Val Acc 94.810, Total time 0.97
validation split name: 4
 * Val Acc 95.270, Total time 0.94
validation split name: 5
 * Val Acc 95.170, Total time 0.95
validation split name: 6
 * Val Acc 96.420, Total time 0.96
validation split name: 7
 * Val Acc 96.520, Total time 0.94
====================== 8 =======================
#reg_term: 1
Epoch:0
LR: 0.0001
Itr		Time		  Data		  Loss		Acc
[0/469]	0.1388 (0.1388)	0.1213 (0.1213)	2.405 (2.405)	9.38 (9.38)
[100/469]	0.0133 (0.0116)	0.0047 (0.0029)	0.394 (0.588)	90.62 (82.33)
[200/469]	0.0085 (0.0110)	0.0001 (0.0024)	0.272 (0.432)	92.97 (87.32)
[300/469]	0.0137 (0.0108)	0.0049 (0.0023)	0.343 (0.367)	90.62 (89.46)
[400/469]	0.0092 (0.0107)	0.0008 (0.0022)	0.208 (0.327)	95.31 (90.76)
[468/469]	0.0093 (0.0106)	0.0008 (0.0022)	0.172 (0.306)	96.88 (91.39)
 * Train Acc 91.393
 * Val Acc 95.470, Total time 0.94
Epoch:1
LR: 0.0001
Itr		Time		  Data		  Loss		Acc
[0/469]	0.1473 (0.1473)	0.1342 (0.1342)	0.206 (0.206)	96.09 (96.09)
[100/469]	0.0087 (0.0124)	0.0001 (0.0036)	0.174 (0.167)	96.88 (96.15)
[200/469]	0.0087 (0.0113)	0.0001 (0.0027)	0.111 (0.166)	98.44 (96.16)
[300/469]	0.0147 (0.0110)	0.0056 (0.0024)	0.139 (0.163)	98.44 (96.21)
[400/469]	0.0087 (0.0109)	0.0001 (0.0022)	0.121 (0.160)	97.66 (96.33)
[468/469]	0.0091 (0.0108)	0.0006 (0.0021)	0.147 (0.158)	97.92 (96.38)
 * Train Acc 96.375
 * Val Acc 96.790, Total time 0.94
validation split name: 1
 * Val Acc 93.390, Total time 0.70
validation split name: 2
 * Val Acc 91.500, Total time 0.95
validation split name: 3
 * Val Acc 95.010, Total time 0.94
validation split name: 4
 * Val Acc 94.870, Total time 0.95
validation split name: 5
 * Val Acc 95.100, Total time 0.99
validation split name: 6
 * Val Acc 95.840, Total time 0.95
validation split name: 7
 * Val Acc 96.070, Total time 0.95
validation split name: 8
 * Val Acc 96.790, Total time 0.94
====================== 9 =======================
#reg_term: 1
Epoch:0
LR: 0.0001
Itr		Time		  Data		  Loss		Acc
[0/469]	0.1336 (0.1336)	0.1207 (0.1207)	2.493 (2.493)	13.28 (13.28)
[100/469]	0.0132 (0.0121)	0.0043 (0.0036)	0.267 (0.589)	92.97 (82.44)
[200/469]	0.0103 (0.0112)	0.0017 (0.0027)	0.312 (0.430)	92.19 (87.48)
[300/469]	0.0085 (0.0110)	0.0001 (0.0025)	0.309 (0.364)	93.75 (89.64)
[400/469]	0.0127 (0.0108)	0.0043 (0.0023)	0.228 (0.325)	93.75 (90.90)
[468/469]	0.0083 (0.0108)	0.0001 (0.0023)	0.212 (0.305)	96.88 (91.53)
 * Train Acc 91.527
 * Val Acc 95.760, Total time 0.95
Epoch:1
LR: 0.0001
Itr		Time		  Data		  Loss		Acc
[0/469]	0.1348 (0.1348)	0.1205 (0.1205)	0.140 (0.140)	96.09 (96.09)
[100/469]	0.0087 (0.0114)	0.0001 (0.0027)	0.144 (0.170)	98.44 (96.06)
[200/469]	0.0096 (0.0108)	0.0011 (0.0022)	0.105 (0.162)	96.88 (96.30)
[300/469]	0.0096 (0.0107)	0.0010 (0.0020)	0.170 (0.159)	96.88 (96.42)
[400/469]	0.0106 (0.0106)	0.0015 (0.0020)	0.197 (0.158)	96.09 (96.48)
[468/469]	0.0086 (0.0106)	0.0001 (0.0019)	0.132 (0.155)	96.88 (96.54)
 * Train Acc 96.542
 * Val Acc 96.780, Total time 0.96
validation split name: 1
 * Val Acc 94.160, Total time 0.69
validation split name: 2
 * Val Acc 93.020, Total time 0.96
validation split name: 3
 * Val Acc 93.170, Total time 0.96
validation split name: 4
 * Val Acc 94.880, Total time 0.94
validation split name: 5
 * Val Acc 94.710, Total time 0.97
validation split name: 6
 * Val Acc 95.650, Total time 0.97
validation split name: 7
 * Val Acc 95.590, Total time 0.97
validation split name: 8
 * Val Acc 96.440, Total time 0.96
validation split name: 9
 * Val Acc 96.780, Total time 0.95
====================== 10 =======================
#reg_term: 1
Epoch:0
LR: 0.0001
Itr		Time		  Data		  Loss		Acc
[0/469]	0.1280 (0.1280)	0.1154 (0.1154)	2.408 (2.408)	7.03 (7.03)
[100/469]	0.0083 (0.0115)	0.0001 (0.0031)	0.359 (0.568)	92.19 (83.10)
[200/469]	0.0086 (0.0109)	0.0001 (0.0025)	0.311 (0.424)	93.75 (87.73)
[300/469]	0.0100 (0.0108)	0.0018 (0.0024)	0.243 (0.359)	95.31 (89.80)
[400/469]	0.0137 (0.0107)	0.0057 (0.0024)	0.231 (0.320)	94.53 (91.04)
[468/469]	0.0088 (0.0106)	0.0006 (0.0023)	0.131 (0.301)	97.92 (91.67)
 * Train Acc 91.670
 * Val Acc 95.450, Total time 0.94
Epoch:1
LR: 0.0001
Itr		Time		  Data		  Loss		Acc
[0/469]	0.1532 (0.1532)	0.1389 (0.1389)	0.127 (0.127)	97.66 (97.66)
[100/469]	0.0086 (0.0121)	0.0001 (0.0036)	0.244 (0.162)	94.53 (96.13)
[200/469]	0.0093 (0.0112)	0.0009 (0.0027)	0.149 (0.161)	96.88 (96.25)
[300/469]	0.0123 (0.0109)	0.0036 (0.0024)	0.288 (0.159)	93.75 (96.34)
[400/469]	0.0103 (0.0108)	0.0017 (0.0023)	0.127 (0.158)	97.66 (96.38)
[468/469]	0.0088 (0.0107)	0.0005 (0.0022)	0.148 (0.156)	95.83 (96.42)
 * Train Acc 96.418
 * Val Acc 96.640, Total time 0.94
validation split name: 1
 * Val Acc 93.740, Total time 0.75
validation split name: 2
 * Val Acc 93.330, Total time 0.94
validation split name: 3
 * Val Acc 92.590, Total time 0.94
validation split name: 4
 * Val Acc 94.840, Total time 0.95
validation split name: 5
 * Val Acc 94.650, Total time 0.94
validation split name: 6
 * Val Acc 96.000, Total time 0.94
validation split name: 7
 * Val Acc 95.210, Total time 0.96
validation split name: 8
 * Val Acc 96.130, Total time 0.93
validation split name: 9
 * Val Acc 96.570, Total time 0.95
validation split name: 10
 * Val Acc 96.640, Total time 0.94
OrderedDict([('1', OrderedDict([('1', 96.39), ('2', 95.61), ('3', 95.33), ('4', 95.08), ('5', 95.05), ('6', 94.78), ('7', 94.64), ('8', 93.39), ('9', 94.16), ('10', 93.74)])), ('2', OrderedDict([('2', 96.35), ('3', 94.53), ('4', 94.39), ('5', 92.98), ('6', 92.18), ('7', 92.56), ('8', 91.5), ('9', 93.02), ('10', 93.33)])), ('3', OrderedDict([('3', 96.86), ('4', 96.09), ('5', 95.71), ('6', 95.36), ('7', 94.81), ('8', 95.01), ('9', 93.17), ('10', 92.59)])), ('4', OrderedDict([('4', 96.87), ('5', 95.64), ('6', 95.69), ('7', 95.27), ('8', 94.87), ('9', 94.88), ('10', 94.84)])), ('5', OrderedDict([('5', 96.74), ('6', 95.63), ('7', 95.17), ('8', 95.1), ('9', 94.71), ('10', 94.65)])), ('6', OrderedDict([('6', 96.7), ('7', 96.42), ('8', 95.84), ('9', 95.65), ('10', 96.0)])), ('7', OrderedDict([('7', 96.52), ('8', 96.07), ('9', 95.59), ('10', 95.21)])), ('8', OrderedDict([('8', 96.79), ('9', 96.44), ('10', 96.13)])), ('9', OrderedDict([('9', 96.78), ('10', 96.57)])), ('10', OrderedDict([('10', 96.64)]))])
Task 1 average acc: 96.39
Task 2 average acc: 95.97999999999999
Task 3 average acc: 95.57333333333334
Task 4 average acc: 95.6075
Task 5 average acc: 95.224
Task 6 average acc: 95.05666666666667
Task 7 average acc: 95.05571428571429
Task 8 average acc: 94.82124999999999
Task 9 average acc: 94.93333333333334
Task 10 average acc: 94.97
===Summary of experiment repeats: 1 / 5 ===
The regularization coefficient: 0.001
The last avg acc of all repeats: [94.97  0.    0.    0.    0.  ]
mean: 18.994 std: 37.98800000000001
MLP(
  (linear): Sequential(
    (0): Linear(in_features=1024, out_features=1000, bias=True)
    (1): ReLU(inplace=True)
    (2): Linear(in_features=1000, out_features=1000, bias=True)
    (3): ReLU(inplace=True)
  )
  (last): ModuleDict(
    (1): Linear(in_features=1000, out_features=10, bias=True)
    (2): Linear(in_features=1000, out_features=10, bias=True)
    (3): Linear(in_features=1000, out_features=10, bias=True)
    (4): Linear(in_features=1000, out_features=10, bias=True)
    (5): Linear(in_features=1000, out_features=10, bias=True)
    (6): Linear(in_features=1000, out_features=10, bias=True)
    (7): Linear(in_features=1000, out_features=10, bias=True)
    (8): Linear(in_features=1000, out_features=10, bias=True)
    (9): Linear(in_features=1000, out_features=10, bias=True)
    (10): Linear(in_features=1000, out_features=10, bias=True)
  )
)
#parameter of model: 2126100
Task order: ['1', '2', '3', '4', '5', '6', '7', '8', '9', '10']
====================== 1 =======================
#reg_term: 0
Epoch:0
LR: 0.0001
Itr		Time		  Data		  Loss		Acc
[0/469]	0.1274 (0.1274)	0.1198 (0.1198)	2.313 (2.313)	13.28 (13.28)
[100/469]	0.0041 (0.0089)	0.0008 (0.0057)	0.323 (0.816)	92.19 (80.74)
[200/469]	0.0154 (0.0081)	0.0124 (0.0050)	0.307 (0.577)	92.97 (85.51)
[300/469]	0.0034 (0.0079)	0.0001 (0.0048)	0.161 (0.473)	91.41 (87.77)
[400/469]	0.0032 (0.0077)	0.0001 (0.0046)	0.258 (0.411)	91.41 (89.15)
[468/469]	0.0031 (0.0077)	0.0001 (0.0046)	0.118 (0.382)	97.92 (89.83)
 * Train Acc 89.835
 * Val Acc 94.570, Total time 0.70
Epoch:1
LR: 0.0001
Itr		Time		  Data		  Loss		Acc
[0/469]	0.1177 (0.1177)	0.1093 (0.1093)	0.240 (0.240)	93.75 (93.75)
[100/469]	0.0031 (0.0083)	0.0002 (0.0050)	0.194 (0.181)	96.09 (94.82)
[200/469]	0.0094 (0.0078)	0.0062 (0.0046)	0.104 (0.171)	97.66 (95.07)
[300/469]	0.0114 (0.0076)	0.0082 (0.0044)	0.153 (0.164)	94.53 (95.32)
[400/469]	0.0032 (0.0075)	0.0002 (0.0043)	0.074 (0.158)	98.44 (95.45)
[468/469]	0.0034 (0.0075)	0.0005 (0.0043)	0.134 (0.154)	97.92 (95.52)
 * Train Acc 95.515
 * Val Acc 96.210, Total time 0.72
validation split name: 1
 * Val Acc 96.210, Total time 0.72
====================== 2 =======================
#reg_term: 1
Epoch:0
LR: 0.0001
Itr		Time		  Data		  Loss		Acc
[0/469]	0.1357 (0.1357)	0.1206 (0.1206)	2.295 (2.295)	10.16 (10.16)
[100/469]	0.0092 (0.0116)	0.0008 (0.0030)	0.301 (0.662)	92.19 (81.88)
[200/469]	0.0093 (0.0109)	0.0009 (0.0025)	0.358 (0.486)	89.84 (86.62)
[300/469]	0.0124 (0.0107)	0.0040 (0.0023)	0.384 (0.411)	89.06 (88.74)
[400/469]	0.0092 (0.0106)	0.0009 (0.0022)	0.298 (0.368)	93.75 (90.00)
[468/469]	0.0090 (0.0105)	0.0008 (0.0021)	0.172 (0.346)	95.83 (90.70)
 * Train Acc 90.697
 * Val Acc 94.880, Total time 0.94
Epoch:1
LR: 0.0001
Itr		Time		  Data		  Loss		Acc
[0/469]	0.1377 (0.1377)	0.1243 (0.1243)	0.174 (0.174)	96.09 (96.09)
[100/469]	0.0093 (0.0116)	0.0008 (0.0031)	0.137 (0.194)	96.88 (95.35)
[200/469]	0.0085 (0.0110)	0.0001 (0.0025)	0.232 (0.191)	92.97 (95.58)
[300/469]	0.0120 (0.0108)	0.0036 (0.0023)	0.138 (0.188)	97.66 (95.70)
[400/469]	0.0128 (0.0107)	0.0044 (0.0022)	0.209 (0.184)	93.75 (95.85)
[468/469]	0.0091 (0.0107)	0.0007 (0.0022)	0.126 (0.182)	96.88 (95.91)
 * Train Acc 95.913
 * Val Acc 96.340, Total time 0.94
validation split name: 1
 * Val Acc 94.410, Total time 0.72
validation split name: 2
 * Val Acc 96.340, Total time 0.99
====================== 3 =======================
#reg_term: 1
Epoch:0
LR: 0.0001
Itr		Time		  Data		  Loss		Acc
[0/469]	0.1363 (0.1363)	0.1231 (0.1231)	2.324 (2.324)	4.69 (4.69)
[100/469]	0.0087 (0.0120)	0.0002 (0.0031)	0.220 (0.621)	94.53 (81.78)
[200/469]	0.0086 (0.0112)	0.0001 (0.0025)	0.365 (0.455)	87.50 (86.82)
[300/469]	0.0125 (0.0109)	0.0038 (0.0023)	0.151 (0.386)	96.88 (89.04)
[400/469]	0.0102 (0.0108)	0.0017 (0.0022)	0.150 (0.341)	97.66 (90.42)
[468/469]	0.0090 (0.0107)	0.0007 (0.0021)	0.178 (0.321)	97.92 (91.09)
 * Train Acc 91.095
 * Val Acc 95.450, Total time 0.96
Epoch:1
LR: 0.0001
Itr		Time		  Data		  Loss		Acc
[0/469]	0.1473 (0.1473)	0.1337 (0.1337)	0.169 (0.169)	93.75 (93.75)
[100/469]	0.0085 (0.0119)	0.0001 (0.0034)	0.274 (0.178)	94.53 (95.79)
[200/469]	0.0093 (0.0111)	0.0009 (0.0026)	0.183 (0.173)	94.53 (96.05)
[300/469]	0.0122 (0.0108)	0.0038 (0.0024)	0.096 (0.168)	98.44 (96.17)
[400/469]	0.0092 (0.0107)	0.0008 (0.0022)	0.077 (0.166)	100.00 (96.30)
[468/469]	0.0088 (0.0106)	0.0006 (0.0022)	0.157 (0.164)	96.88 (96.34)
 * Train Acc 96.343
 * Val Acc 96.780, Total time 0.95
validation split name: 1
 * Val Acc 92.920, Total time 0.71
validation split name: 2
 * Val Acc 95.630, Total time 0.96
validation split name: 3
 * Val Acc 96.780, Total time 0.95
====================== 4 =======================
#reg_term: 1
Epoch:0
LR: 0.0001
Itr		Time		  Data		  Loss		Acc
[0/469]	0.1390 (0.1390)	0.1226 (0.1226)	2.362 (2.362)	2.34 (2.34)
[100/469]	0.0094 (0.0116)	0.0009 (0.0030)	0.418 (0.602)	88.28 (82.40)
[200/469]	0.0146 (0.0111)	0.0061 (0.0026)	0.269 (0.443)	92.19 (87.40)
[300/469]	0.0081 (0.0109)	0.0002 (0.0023)	0.191 (0.373)	96.88 (89.52)
[400/469]	0.0152 (0.0108)	0.0067 (0.0023)	0.289 (0.334)	90.62 (90.69)
[468/469]	0.0080 (0.0107)	0.0001 (0.0023)	0.082 (0.314)	98.96 (91.37)
 * Train Acc 91.368
 * Val Acc 95.500, Total time 0.94
Epoch:1
LR: 0.0001
Itr		Time		  Data		  Loss		Acc
[0/469]	0.1378 (0.1378)	0.1245 (0.1245)	0.196 (0.196)	95.31 (95.31)
[100/469]	0.0096 (0.0115)	0.0011 (0.0030)	0.112 (0.170)	97.66 (95.94)
[200/469]	0.0094 (0.0109)	0.0010 (0.0024)	0.189 (0.169)	95.31 (95.97)
[300/469]	0.0093 (0.0107)	0.0009 (0.0023)	0.154 (0.166)	96.88 (96.14)
[400/469]	0.0126 (0.0106)	0.0043 (0.0022)	0.174 (0.163)	96.88 (96.27)
[468/469]	0.0084 (0.0106)	0.0001 (0.0022)	0.126 (0.161)	97.92 (96.34)
 * Train Acc 96.338
 * Val Acc 96.800, Total time 0.96
validation split name: 1
 * Val Acc 93.300, Total time 0.70
validation split name: 2
 * Val Acc 95.740, Total time 0.95
validation split name: 3
 * Val Acc 95.600, Total time 0.98
validation split name: 4
 * Val Acc 96.800, Total time 0.96
====================== 5 =======================
#reg_term: 1
Epoch:0
LR: 0.0001
Itr		Time		  Data		  Loss		Acc
[0/469]	0.1382 (0.1382)	0.1244 (0.1244)	2.395 (2.395)	8.59 (8.59)
[100/469]	0.0091 (0.0115)	0.0010 (0.0032)	0.324 (0.591)	89.06 (83.29)
[200/469]	0.0082 (0.0109)	0.0002 (0.0026)	0.264 (0.439)	90.62 (87.55)
[300/469]	0.0136 (0.0107)	0.0049 (0.0024)	0.211 (0.372)	94.53 (89.56)
[400/469]	0.0097 (0.0106)	0.0016 (0.0023)	0.223 (0.331)	92.97 (90.81)
[468/469]	0.0087 (0.0105)	0.0005 (0.0023)	0.100 (0.311)	98.96 (91.37)
 * Train Acc 91.372
 * Val Acc 95.340, Total time 0.96
Epoch:1
LR: 0.0001
Itr		Time		  Data		  Loss		Acc
[0/469]	0.1334 (0.1334)	0.1194 (0.1194)	0.104 (0.104)	99.22 (99.22)
[100/469]	0.0110 (0.0120)	0.0024 (0.0034)	0.169 (0.172)	95.31 (95.79)
[200/469]	0.0085 (0.0112)	0.0002 (0.0026)	0.252 (0.165)	94.53 (96.06)
[300/469]	0.0108 (0.0109)	0.0023 (0.0024)	0.160 (0.163)	97.66 (96.15)
[400/469]	0.0114 (0.0108)	0.0031 (0.0022)	0.236 (0.161)	94.53 (96.25)
[468/469]	0.0087 (0.0107)	0.0005 (0.0022)	0.129 (0.160)	97.92 (96.31)
 * Train Acc 96.308
 * Val Acc 96.750, Total time 1.01
validation split name: 1
 * Val Acc 93.400, Total time 0.72
validation split name: 2
 * Val Acc 95.570, Total time 0.98
validation split name: 3
 * Val Acc 95.580, Total time 0.96
validation split name: 4
 * Val Acc 96.680, Total time 0.94
validation split name: 5
 * Val Acc 96.750, Total time 0.95
====================== 6 =======================
#reg_term: 1
Epoch:0
LR: 0.0001
Itr		Time		  Data		  Loss		Acc
[0/469]	0.1333 (0.1333)	0.1199 (0.1199)	2.377 (2.377)	7.81 (7.81)
[100/469]	0.0101 (0.0115)	0.0016 (0.0030)	0.375 (0.593)	89.06 (82.48)
[200/469]	0.0086 (0.0109)	0.0001 (0.0024)	0.277 (0.437)	92.19 (87.31)
[300/469]	0.0128 (0.0108)	0.0043 (0.0023)	0.224 (0.368)	94.53 (89.53)
[400/469]	0.0092 (0.0107)	0.0008 (0.0022)	0.184 (0.328)	96.09 (90.81)
[468/469]	0.0092 (0.0106)	0.0007 (0.0021)	0.228 (0.308)	94.79 (91.45)
 * Train Acc 91.452
 * Val Acc 95.470, Total time 0.94
Epoch:1
LR: 0.0001
Itr		Time		  Data		  Loss		Acc
[0/469]	0.1319 (0.1319)	0.1185 (0.1185)	0.105 (0.105)	97.66 (97.66)
[100/469]	0.0106 (0.0117)	0.0019 (0.0031)	0.217 (0.162)	92.19 (96.14)
[200/469]	0.0086 (0.0111)	0.0001 (0.0025)	0.142 (0.162)	96.09 (96.20)
[300/469]	0.0129 (0.0109)	0.0045 (0.0024)	0.100 (0.159)	98.44 (96.26)
[400/469]	0.0097 (0.0108)	0.0011 (0.0023)	0.175 (0.158)	95.31 (96.35)
[468/469]	0.0090 (0.0107)	0.0007 (0.0022)	0.272 (0.156)	93.75 (96.44)
 * Train Acc 96.435
 * Val Acc 96.780, Total time 0.99
validation split name: 1
 * Val Acc 93.570, Total time 0.69
validation split name: 2
 * Val Acc 95.230, Total time 0.96
validation split name: 3
 * Val Acc 95.970, Total time 0.95
validation split name: 4
 * Val Acc 96.500, Total time 0.93
validation split name: 5
 * Val Acc 95.300, Total time 0.95
validation split name: 6
 * Val Acc 96.780, Total time 0.94
====================== 7 =======================
#reg_term: 1
Epoch:0
LR: 0.0001
Itr		Time		  Data		  Loss		Acc
[0/469]	0.1389 (0.1389)	0.1260 (0.1260)	2.454 (2.454)	13.28 (13.28)
[100/469]	0.0136 (0.0120)	0.0051 (0.0035)	0.286 (0.585)	91.41 (82.94)
[200/469]	0.0095 (0.0111)	0.0012 (0.0027)	0.294 (0.429)	89.84 (87.80)
[300/469]	0.0085 (0.0109)	0.0002 (0.0024)	0.187 (0.369)	96.09 (89.67)
[400/469]	0.0123 (0.0107)	0.0039 (0.0023)	0.170 (0.330)	97.66 (90.87)
[468/469]	0.0085 (0.0107)	0.0001 (0.0022)	0.200 (0.310)	92.71 (91.49)
 * Train Acc 91.487
 * Val Acc 95.540, Total time 0.95
Epoch:1
LR: 0.0001
Itr		Time		  Data		  Loss		Acc
[0/469]	0.1469 (0.1469)	0.1329 (0.1329)	0.150 (0.150)	96.88 (96.88)
[100/469]	0.0085 (0.0118)	0.0001 (0.0033)	0.116 (0.163)	97.66 (96.26)
[200/469]	0.0095 (0.0110)	0.0011 (0.0025)	0.157 (0.160)	96.09 (96.19)
[300/469]	0.0126 (0.0108)	0.0041 (0.0023)	0.202 (0.160)	95.31 (96.25)
[400/469]	0.0088 (0.0106)	0.0005 (0.0022)	0.145 (0.158)	97.66 (96.33)
[468/469]	0.0091 (0.0106)	0.0005 (0.0021)	0.081 (0.158)	100.00 (96.36)
 * Train Acc 96.365
 * Val Acc 96.990, Total time 0.97
validation split name: 1
 * Val Acc 93.450, Total time 0.71
validation split name: 2
 * Val Acc 95.080, Total time 0.94
validation split name: 3
 * Val Acc 95.910, Total time 0.95
validation split name: 4
 * Val Acc 96.180, Total time 0.95
validation split name: 5
 * Val Acc 95.810, Total time 0.95
validation split name: 6
 * Val Acc 96.210, Total time 0.97
validation split name: 7
 * Val Acc 96.990, Total time 0.94
====================== 8 =======================
#reg_term: 1
Epoch:0
LR: 0.0001
Itr		Time		  Data		  Loss		Acc
[0/469]	0.1349 (0.1349)	0.1218 (0.1218)	2.549 (2.549)	6.25 (6.25)
[100/469]	0.0102 (0.0120)	0.0019 (0.0035)	0.210 (0.598)	94.53 (81.88)
[200/469]	0.0118 (0.0112)	0.0032 (0.0026)	0.231 (0.437)	90.62 (87.11)
[300/469]	0.0096 (0.0109)	0.0010 (0.0023)	0.278 (0.367)	92.97 (89.42)
[400/469]	0.0124 (0.0108)	0.0038 (0.0022)	0.181 (0.328)	95.31 (90.69)
[468/469]	0.0085 (0.0107)	0.0001 (0.0021)	0.130 (0.307)	95.83 (91.38)
 * Train Acc 91.378
 * Val Acc 95.520, Total time 0.98
Epoch:1
LR: 0.0001
Itr		Time		  Data		  Loss		Acc
[0/469]	0.1318 (0.1318)	0.1183 (0.1183)	0.161 (0.161)	94.53 (94.53)
[100/469]	0.0093 (0.0116)	0.0010 (0.0030)	0.191 (0.154)	95.31 (96.49)
[200/469]	0.0094 (0.0110)	0.0010 (0.0025)	0.223 (0.158)	95.31 (96.31)
[300/469]	0.0120 (0.0108)	0.0036 (0.0023)	0.165 (0.157)	94.53 (96.42)
[400/469]	0.0134 (0.0107)	0.0051 (0.0023)	0.144 (0.157)	98.44 (96.44)
[468/469]	0.0084 (0.0106)	0.0001 (0.0022)	0.154 (0.156)	96.88 (96.42)
 * Train Acc 96.417
 * Val Acc 96.810, Total time 0.93
validation split name: 1
 * Val Acc 94.190, Total time 0.72
validation split name: 2
 * Val Acc 94.280, Total time 0.96
validation split name: 3
 * Val Acc 96.000, Total time 0.99
validation split name: 4
 * Val Acc 96.080, Total time 0.96
validation split name: 5
 * Val Acc 95.260, Total time 0.95
validation split name: 6
 * Val Acc 96.070, Total time 0.99
validation split name: 7
 * Val Acc 96.290, Total time 0.95
validation split name: 8
 * Val Acc 96.810, Total time 0.96
====================== 9 =======================
#reg_term: 1
Epoch:0
LR: 0.0001
Itr		Time		  Data		  Loss		Acc
[0/469]	0.1394 (0.1394)	0.1257 (0.1257)	2.400 (2.400)	7.03 (7.03)
[100/469]	0.0096 (0.0118)	0.0011 (0.0029)	0.343 (0.574)	91.41 (83.46)
[200/469]	0.0129 (0.0111)	0.0044 (0.0024)	0.247 (0.419)	92.97 (88.02)
[300/469]	0.0087 (0.0109)	0.0001 (0.0022)	0.232 (0.359)	92.19 (89.88)
[400/469]	0.0093 (0.0108)	0.0009 (0.0022)	0.137 (0.321)	97.66 (91.06)
[468/469]	0.0084 (0.0107)	0.0001 (0.0021)	0.111 (0.301)	98.96 (91.72)
 * Train Acc 91.717
 * Val Acc 95.820, Total time 1.00
Epoch:1
LR: 0.0001
Itr		Time		  Data		  Loss		Acc
[0/469]	0.1504 (0.1504)	0.1368 (0.1368)	0.141 (0.141)	97.66 (97.66)
[100/469]	0.0087 (0.0121)	0.0001 (0.0036)	0.152 (0.166)	94.53 (96.09)
[200/469]	0.0095 (0.0112)	0.0009 (0.0027)	0.174 (0.161)	95.31 (96.26)
[300/469]	0.0123 (0.0109)	0.0038 (0.0024)	0.112 (0.159)	97.66 (96.31)
[400/469]	0.0087 (0.0108)	0.0001 (0.0022)	0.088 (0.156)	99.22 (96.43)
[468/469]	0.0087 (0.0107)	0.0001 (0.0021)	0.106 (0.155)	97.92 (96.49)
 * Train Acc 96.487
 * Val Acc 96.840, Total time 1.02
validation split name: 1
 * Val Acc 94.070, Total time 0.70
validation split name: 2
 * Val Acc 93.580, Total time 0.94
validation split name: 3
 * Val Acc 95.340, Total time 0.96
validation split name: 4
 * Val Acc 96.030, Total time 0.93
validation split name: 5
 * Val Acc 95.520, Total time 0.95
validation split name: 6
 * Val Acc 95.880, Total time 0.93
validation split name: 7
 * Val Acc 96.210, Total time 0.94
validation split name: 8
 * Val Acc 95.960, Total time 0.94
validation split name: 9
 * Val Acc 96.840, Total time 0.94
====================== 10 =======================
#reg_term: 1
Epoch:0
LR: 0.0001
Itr		Time		  Data		  Loss		Acc
[0/469]	0.1544 (0.1544)	0.1400 (0.1400)	2.397 (2.397)	7.81 (7.81)
[100/469]	0.0086 (0.0121)	0.0001 (0.0034)	0.336 (0.580)	92.97 (82.67)
[200/469]	0.0086 (0.0113)	0.0001 (0.0027)	0.228 (0.427)	93.75 (87.57)
[300/469]	0.0139 (0.0110)	0.0055 (0.0024)	0.258 (0.362)	94.53 (89.63)
[400/469]	0.0095 (0.0108)	0.0011 (0.0023)	0.232 (0.323)	92.19 (90.90)
[468/469]	0.0090 (0.0108)	0.0007 (0.0022)	0.140 (0.303)	96.88 (91.55)
 * Train Acc 91.545
 * Val Acc 95.720, Total time 0.94
Epoch:1
LR: 0.0001
Itr		Time		  Data		  Loss		Acc
[0/469]	0.1327 (0.1327)	0.1192 (0.1192)	0.208 (0.208)	95.31 (95.31)
[100/469]	0.0095 (0.0115)	0.0009 (0.0030)	0.199 (0.166)	95.31 (96.02)
[200/469]	0.0094 (0.0109)	0.0011 (0.0025)	0.179 (0.164)	95.31 (96.14)
[300/469]	0.0141 (0.0108)	0.0057 (0.0023)	0.140 (0.163)	96.09 (96.22)
[400/469]	0.0087 (0.0106)	0.0001 (0.0022)	0.129 (0.160)	97.66 (96.34)
[468/469]	0.0092 (0.0106)	0.0006 (0.0021)	0.122 (0.158)	98.96 (96.38)
 * Train Acc 96.383
 * Val Acc 96.880, Total time 0.93
validation split name: 1
 * Val Acc 94.430, Total time 0.70
validation split name: 2
 * Val Acc 93.830, Total time 0.97
validation split name: 3
 * Val Acc 95.220, Total time 0.93
validation split name: 4
 * Val Acc 95.760, Total time 0.95
validation split name: 5
 * Val Acc 94.700, Total time 0.99
validation split name: 6
 * Val Acc 95.640, Total time 0.94
validation split name: 7
 * Val Acc 96.020, Total time 1.00
validation split name: 8
 * Val Acc 95.850, Total time 0.94
validation split name: 9
 * Val Acc 96.410, Total time 0.94
validation split name: 10
 * Val Acc 96.880, Total time 0.95
OrderedDict([('1', OrderedDict([('1', 96.21), ('2', 94.41), ('3', 92.92), ('4', 93.3), ('5', 93.4), ('6', 93.57), ('7', 93.45), ('8', 94.19), ('9', 94.07), ('10', 94.43)])), ('2', OrderedDict([('2', 96.34), ('3', 95.63), ('4', 95.74), ('5', 95.57), ('6', 95.23), ('7', 95.08), ('8', 94.28), ('9', 93.58), ('10', 93.83)])), ('3', OrderedDict([('3', 96.78), ('4', 95.6), ('5', 95.58), ('6', 95.97), ('7', 95.91), ('8', 96.0), ('9', 95.34), ('10', 95.22)])), ('4', OrderedDict([('4', 96.8), ('5', 96.68), ('6', 96.5), ('7', 96.18), ('8', 96.08), ('9', 96.03), ('10', 95.76)])), ('5', OrderedDict([('5', 96.75), ('6', 95.3), ('7', 95.81), ('8', 95.26), ('9', 95.52), ('10', 94.7)])), ('6', OrderedDict([('6', 96.78), ('7', 96.21), ('8', 96.07), ('9', 95.88), ('10', 95.64)])), ('7', OrderedDict([('7', 96.99), ('8', 96.29), ('9', 96.21), ('10', 96.02)])), ('8', OrderedDict([('8', 96.81), ('9', 95.96), ('10', 95.85)])), ('9', OrderedDict([('9', 96.84), ('10', 96.41)])), ('10', OrderedDict([('10', 96.88)]))])
Task 1 average acc: 96.21
Task 2 average acc: 95.375
Task 3 average acc: 95.11000000000001
Task 4 average acc: 95.36
Task 5 average acc: 95.596
Task 6 average acc: 95.55833333333334
Task 7 average acc: 95.66142857142857
Task 8 average acc: 95.6225
Task 9 average acc: 95.49222222222222
Task 10 average acc: 95.474
===Summary of experiment repeats: 2 / 5 ===
The regularization coefficient: 0.001
The last avg acc of all repeats: [94.97  95.474  0.     0.     0.   ]
mean: 38.088800000000006 std: 46.649334719371936
MLP(
  (linear): Sequential(
    (0): Linear(in_features=1024, out_features=1000, bias=True)
    (1): ReLU(inplace=True)
    (2): Linear(in_features=1000, out_features=1000, bias=True)
    (3): ReLU(inplace=True)
  )
  (last): ModuleDict(
    (1): Linear(in_features=1000, out_features=10, bias=True)
    (2): Linear(in_features=1000, out_features=10, bias=True)
    (3): Linear(in_features=1000, out_features=10, bias=True)
    (4): Linear(in_features=1000, out_features=10, bias=True)
    (5): Linear(in_features=1000, out_features=10, bias=True)
    (6): Linear(in_features=1000, out_features=10, bias=True)
    (7): Linear(in_features=1000, out_features=10, bias=True)
    (8): Linear(in_features=1000, out_features=10, bias=True)
    (9): Linear(in_features=1000, out_features=10, bias=True)
    (10): Linear(in_features=1000, out_features=10, bias=True)
  )
)
#parameter of model: 2126100
Task order: ['1', '2', '3', '4', '5', '6', '7', '8', '9', '10']
====================== 1 =======================
#reg_term: 0
Epoch:0
LR: 0.0001
Itr		Time		  Data		  Loss		Acc
[0/469]	0.1201 (0.1201)	0.1130 (0.1130)	2.303 (2.303)	8.59 (8.59)
[100/469]	0.0031 (0.0083)	0.0001 (0.0053)	0.273 (0.812)	92.19 (80.79)
[200/469]	0.0031 (0.0078)	0.0002 (0.0048)	0.267 (0.569)	90.62 (85.68)
[300/469]	0.0149 (0.0077)	0.0119 (0.0046)	0.283 (0.461)	90.62 (88.06)
[400/469]	0.0035 (0.0076)	0.0001 (0.0045)	0.230 (0.406)	89.06 (89.30)
[468/469]	0.0091 (0.0075)	0.0062 (0.0045)	0.182 (0.375)	94.79 (90.02)
 * Train Acc 90.018
 * Val Acc 94.670, Total time 0.70
Epoch:1
LR: 0.0001
Itr		Time		  Data		  Loss		Acc
[0/469]	0.1180 (0.1180)	0.1095 (0.1095)	0.191 (0.191)	93.75 (93.75)
[100/469]	0.0145 (0.0088)	0.0112 (0.0054)	0.188 (0.175)	95.31 (94.76)
[200/469]	0.0032 (0.0080)	0.0002 (0.0048)	0.163 (0.164)	96.09 (95.07)
[300/469]	0.0037 (0.0078)	0.0008 (0.0046)	0.130 (0.158)	95.31 (95.32)
[400/469]	0.0145 (0.0076)	0.0112 (0.0045)	0.112 (0.152)	96.09 (95.49)
[468/469]	0.0030 (0.0076)	0.0001 (0.0044)	0.142 (0.150)	94.79 (95.54)
 * Train Acc 95.542
 * Val Acc 96.330, Total time 0.73
validation split name: 1
 * Val Acc 96.330, Total time 0.70
====================== 2 =======================
#reg_term: 1
Epoch:0
LR: 0.0001
Itr		Time		  Data		  Loss		Acc
[0/469]	0.1400 (0.1400)	0.1203 (0.1203)	2.265 (2.265)	13.28 (13.28)
[100/469]	0.0138 (0.0118)	0.0054 (0.0031)	0.400 (0.671)	84.38 (81.15)
[200/469]	0.0085 (0.0111)	0.0001 (0.0025)	0.294 (0.486)	91.41 (86.44)
[300/469]	0.0092 (0.0109)	0.0008 (0.0024)	0.233 (0.413)	92.97 (88.59)
[400/469]	0.0142 (0.0108)	0.0059 (0.0024)	0.237 (0.371)	93.75 (89.80)
[468/469]	0.0083 (0.0107)	0.0001 (0.0023)	0.295 (0.350)	90.62 (90.44)
 * Train Acc 90.442
 * Val Acc 94.740, Total time 0.93
Epoch:1
LR: 0.0001
Itr		Time		  Data		  Loss		Acc
[0/469]	0.1464 (0.1464)	0.1325 (0.1325)	0.154 (0.154)	97.66 (97.66)
[100/469]	0.0086 (0.0120)	0.0001 (0.0035)	0.135 (0.200)	96.09 (95.03)
[200/469]	0.0135 (0.0111)	0.0049 (0.0027)	0.213 (0.192)	92.97 (95.39)
[300/469]	0.0086 (0.0109)	0.0002 (0.0024)	0.157 (0.188)	96.88 (95.61)
[400/469]	0.0086 (0.0107)	0.0001 (0.0023)	0.111 (0.185)	97.66 (95.75)
[468/469]	0.0083 (0.0107)	0.0001 (0.0022)	0.137 (0.183)	97.92 (95.82)
 * Train Acc 95.818
 * Val Acc 96.500, Total time 0.93
validation split name: 1
 * Val Acc 95.920, Total time 0.72
validation split name: 2
 * Val Acc 96.500, Total time 0.97
====================== 3 =======================
#reg_term: 1
Epoch:0
LR: 0.0001
Itr		Time		  Data		  Loss		Acc
[0/469]	0.1339 (0.1339)	0.1193 (0.1193)	2.326 (2.326)	7.81 (7.81)
[100/469]	0.0128 (0.0117)	0.0045 (0.0030)	0.337 (0.612)	89.84 (82.57)
[200/469]	0.0085 (0.0110)	0.0002 (0.0025)	0.223 (0.447)	96.09 (87.37)
[300/469]	0.0125 (0.0108)	0.0041 (0.0023)	0.340 (0.379)	88.28 (89.39)
[400/469]	0.0086 (0.0107)	0.0002 (0.0022)	0.181 (0.338)	93.75 (90.65)
[468/469]	0.0090 (0.0106)	0.0006 (0.0022)	0.195 (0.319)	91.67 (91.25)
 * Train Acc 91.253
 * Val Acc 95.540, Total time 0.94
Epoch:1
LR: 0.0001
Itr		Time		  Data		  Loss		Acc
[0/469]	0.1358 (0.1358)	0.1219 (0.1219)	0.112 (0.112)	97.66 (97.66)
[100/469]	0.0103 (0.0116)	0.0017 (0.0029)	0.195 (0.173)	95.31 (95.78)
[200/469]	0.0086 (0.0110)	0.0001 (0.0024)	0.232 (0.173)	92.97 (95.91)
[300/469]	0.0101 (0.0108)	0.0015 (0.0022)	0.115 (0.169)	98.44 (96.12)
[400/469]	0.0122 (0.0107)	0.0036 (0.0021)	0.160 (0.167)	97.66 (96.18)
[468/469]	0.0090 (0.0106)	0.0005 (0.0021)	0.200 (0.165)	95.83 (96.25)
 * Train Acc 96.253
 * Val Acc 96.820, Total time 0.95
validation split name: 1
 * Val Acc 95.270, Total time 0.70
validation split name: 2
 * Val Acc 95.700, Total time 0.95
validation split name: 3
 * Val Acc 96.820, Total time 0.95
====================== 4 =======================
#reg_term: 1
Epoch:0
LR: 0.0001
Itr		Time		  Data		  Loss		Acc
[0/469]	0.1326 (0.1326)	0.1190 (0.1190)	2.398 (2.398)	7.03 (7.03)
[100/469]	0.0093 (0.0115)	0.0009 (0.0030)	0.381 (0.600)	89.06 (82.43)
[200/469]	0.0094 (0.0109)	0.0009 (0.0024)	0.277 (0.442)	91.41 (87.22)
[300/469]	0.0094 (0.0107)	0.0009 (0.0022)	0.176 (0.373)	96.09 (89.42)
[400/469]	0.0093 (0.0106)	0.0009 (0.0021)	0.244 (0.332)	92.97 (90.67)
[468/469]	0.0084 (0.0106)	0.0001 (0.0021)	0.155 (0.313)	95.83 (91.31)
 * Train Acc 91.305
 * Val Acc 95.480, Total time 0.94
Epoch:1
LR: 0.0001
Itr		Time		  Data		  Loss		Acc
[0/469]	0.1372 (0.1372)	0.1237 (0.1237)	0.186 (0.186)	95.31 (95.31)
[100/469]	0.0092 (0.0116)	0.0009 (0.0031)	0.228 (0.176)	94.53 (95.80)
[200/469]	0.0085 (0.0110)	0.0001 (0.0025)	0.184 (0.170)	94.53 (95.98)
[300/469]	0.0129 (0.0108)	0.0045 (0.0024)	0.148 (0.166)	96.88 (96.17)
[400/469]	0.0094 (0.0107)	0.0011 (0.0023)	0.107 (0.161)	97.66 (96.32)
[468/469]	0.0088 (0.0106)	0.0006 (0.0022)	0.119 (0.161)	97.92 (96.33)
 * Train Acc 96.332
 * Val Acc 96.600, Total time 0.96
validation split name: 1
 * Val Acc 94.450, Total time 0.71
validation split name: 2
 * Val Acc 95.180, Total time 0.94
validation split name: 3
 * Val Acc 94.510, Total time 0.94
validation split name: 4
 * Val Acc 96.600, Total time 0.94
====================== 5 =======================
#reg_term: 1
Epoch:0
LR: 0.0001
Itr		Time		  Data		  Loss		Acc
[0/469]	0.1385 (0.1385)	0.1214 (0.1214)	2.360 (2.360)	7.81 (7.81)
[100/469]	0.0095 (0.0117)	0.0010 (0.0028)	0.325 (0.587)	90.62 (82.45)
[200/469]	0.0092 (0.0111)	0.0009 (0.0024)	0.310 (0.429)	89.84 (87.43)
[300/469]	0.0122 (0.0108)	0.0039 (0.0023)	0.265 (0.363)	94.53 (89.54)
[400/469]	0.0086 (0.0107)	0.0002 (0.0022)	0.192 (0.326)	95.31 (90.75)
[468/469]	0.0090 (0.0106)	0.0007 (0.0021)	0.174 (0.308)	94.79 (91.33)
 * Train Acc 91.333
 * Val Acc 95.710, Total time 0.98
Epoch:1
LR: 0.0001
Itr		Time		  Data		  Loss		Acc
[0/469]	0.1338 (0.1338)	0.1212 (0.1212)	0.168 (0.168)	96.88 (96.88)
[100/469]	0.0093 (0.0116)	0.0010 (0.0031)	0.128 (0.177)	96.09 (95.75)
[200/469]	0.0084 (0.0110)	0.0001 (0.0025)	0.215 (0.171)	95.31 (95.96)
[300/469]	0.0123 (0.0108)	0.0038 (0.0023)	0.188 (0.166)	95.31 (96.13)
[400/469]	0.0097 (0.0107)	0.0014 (0.0022)	0.137 (0.161)	96.88 (96.31)
[468/469]	0.0091 (0.0106)	0.0007 (0.0022)	0.122 (0.159)	96.88 (96.37)
 * Train Acc 96.367
 * Val Acc 96.530, Total time 0.97
validation split name: 1
 * Val Acc 94.280, Total time 0.69
validation split name: 2
 * Val Acc 95.440, Total time 0.96
validation split name: 3
 * Val Acc 94.420, Total time 0.96
validation split name: 4
 * Val Acc 94.800, Total time 0.95
validation split name: 5
 * Val Acc 96.530, Total time 0.97
====================== 6 =======================
#reg_term: 1
Epoch:0
LR: 0.0001
Itr		Time		  Data		  Loss		Acc
[0/469]	0.1488 (0.1488)	0.1361 (0.1361)	2.360 (2.360)	9.38 (9.38)
[100/469]	0.0092 (0.0121)	0.0009 (0.0036)	0.439 (0.588)	85.16 (82.75)
[200/469]	0.0091 (0.0112)	0.0008 (0.0027)	0.312 (0.434)	91.41 (87.39)
[300/469]	0.0120 (0.0109)	0.0037 (0.0025)	0.160 (0.368)	95.31 (89.54)
[400/469]	0.0091 (0.0107)	0.0008 (0.0023)	0.155 (0.326)	96.88 (90.87)
[468/469]	0.0088 (0.0106)	0.0005 (0.0023)	0.177 (0.307)	95.83 (91.52)
 * Train Acc 91.515
 * Val Acc 95.550, Total time 0.94
Epoch:1
LR: 0.0001
Itr		Time		  Data		  Loss		Acc
[0/469]	0.1336 (0.1336)	0.1201 (0.1201)	0.090 (0.090)	99.22 (99.22)
[100/469]	0.0087 (0.0116)	0.0001 (0.0031)	0.100 (0.168)	98.44 (95.99)
[200/469]	0.0097 (0.0110)	0.0013 (0.0025)	0.148 (0.164)	96.09 (96.13)
[300/469]	0.0133 (0.0108)	0.0049 (0.0023)	0.185 (0.161)	93.75 (96.24)
[400/469]	0.0089 (0.0107)	0.0004 (0.0022)	0.155 (0.160)	96.09 (96.28)
[468/469]	0.0090 (0.0107)	0.0007 (0.0022)	0.154 (0.158)	96.88 (96.39)
 * Train Acc 96.392
 * Val Acc 96.920, Total time 0.95
validation split name: 1
 * Val Acc 94.330, Total time 0.70
validation split name: 2
 * Val Acc 95.210, Total time 0.93
validation split name: 3
 * Val Acc 93.880, Total time 0.96
validation split name: 4
 * Val Acc 95.210, Total time 0.95
validation split name: 5
 * Val Acc 95.930, Total time 0.95
validation split name: 6
 * Val Acc 96.920, Total time 0.94
====================== 7 =======================
#reg_term: 1
Epoch:0
LR: 0.0001
Itr		Time		  Data		  Loss		Acc
[0/469]	0.1412 (0.1412)	0.1279 (0.1279)	2.466 (2.466)	7.03 (7.03)
[100/469]	0.0086 (0.0117)	0.0002 (0.0031)	0.438 (0.593)	86.72 (82.57)
[200/469]	0.0130 (0.0111)	0.0044 (0.0026)	0.292 (0.432)	89.84 (87.58)
[300/469]	0.0086 (0.0109)	0.0001 (0.0023)	0.152 (0.368)	96.09 (89.50)
[400/469]	0.0087 (0.0108)	0.0001 (0.0022)	0.186 (0.329)	93.75 (90.79)
[468/469]	0.0085 (0.0107)	0.0001 (0.0022)	0.254 (0.309)	93.75 (91.41)
 * Train Acc 91.412
 * Val Acc 95.700, Total time 0.94
Epoch:1
LR: 0.0001
Itr		Time		  Data		  Loss		Acc
[0/469]	0.1372 (0.1372)	0.1241 (0.1241)	0.180 (0.180)	94.53 (94.53)
[100/469]	0.0096 (0.0116)	0.0010 (0.0030)	0.162 (0.169)	94.53 (95.78)
[200/469]	0.0085 (0.0110)	0.0001 (0.0025)	0.199 (0.165)	95.31 (96.09)
[300/469]	0.0138 (0.0108)	0.0052 (0.0023)	0.099 (0.161)	98.44 (96.23)
[400/469]	0.0086 (0.0107)	0.0001 (0.0022)	0.123 (0.160)	96.88 (96.31)
[468/469]	0.0090 (0.0106)	0.0006 (0.0021)	0.118 (0.159)	96.88 (96.35)
 * Train Acc 96.353
 * Val Acc 96.720, Total time 0.94
validation split name: 1
 * Val Acc 92.990, Total time 0.72
validation split name: 2
 * Val Acc 95.120, Total time 0.96
validation split name: 3
 * Val Acc 93.440, Total time 0.94
validation split name: 4
 * Val Acc 95.260, Total time 0.96
validation split name: 5
 * Val Acc 95.580, Total time 0.95
validation split name: 6
 * Val Acc 96.490, Total time 0.94
validation split name: 7
 * Val Acc 96.720, Total time 0.95
====================== 8 =======================
#reg_term: 1
Epoch:0
LR: 0.0001
Itr		Time		  Data		  Loss		Acc
[0/469]	0.1331 (0.1331)	0.1195 (0.1195)	2.398 (2.398)	12.50 (12.50)
[100/469]	0.0102 (0.0116)	0.0016 (0.0031)	0.331 (0.584)	92.97 (83.12)
[200/469]	0.0096 (0.0110)	0.0013 (0.0024)	0.149 (0.431)	96.88 (87.76)
[300/469]	0.0140 (0.0108)	0.0053 (0.0023)	0.147 (0.366)	95.31 (89.76)
[400/469]	0.0095 (0.0107)	0.0010 (0.0022)	0.203 (0.325)	94.53 (91.01)
[468/469]	0.0094 (0.0107)	0.0006 (0.0021)	0.278 (0.304)	92.71 (91.66)
 * Train Acc 91.660
 * Val Acc 95.540, Total time 0.94
Epoch:1
LR: 0.0001
Itr		Time		  Data		  Loss		Acc
[0/469]	0.1504 (0.1504)	0.1371 (0.1371)	0.243 (0.243)	95.31 (95.31)
[100/469]	0.0086 (0.0121)	0.0001 (0.0036)	0.141 (0.163)	96.88 (96.32)
[200/469]	0.0120 (0.0112)	0.0035 (0.0027)	0.117 (0.161)	97.66 (96.34)
[300/469]	0.0102 (0.0109)	0.0018 (0.0025)	0.117 (0.158)	98.44 (96.44)
[400/469]	0.0086 (0.0108)	0.0001 (0.0023)	0.164 (0.156)	95.31 (96.49)
[468/469]	0.0085 (0.0107)	0.0001 (0.0023)	0.079 (0.155)	98.96 (96.48)
 * Train Acc 96.482
 * Val Acc 96.580, Total time 0.94
validation split name: 1
 * Val Acc 92.120, Total time 0.69
validation split name: 2
 * Val Acc 95.410, Total time 0.96
validation split name: 3
 * Val Acc 93.310, Total time 0.95
validation split name: 4
 * Val Acc 94.250, Total time 0.94
validation split name: 5
 * Val Acc 94.950, Total time 0.94
validation split name: 6
 * Val Acc 96.030, Total time 0.99
validation split name: 7
 * Val Acc 96.130, Total time 0.94
validation split name: 8
 * Val Acc 96.580, Total time 0.96
====================== 9 =======================
#reg_term: 1
Epoch:0
LR: 0.0001
Itr		Time		  Data		  Loss		Acc
[0/469]	0.1355 (0.1355)	0.1215 (0.1215)	2.309 (2.309)	10.94 (10.94)
[100/469]	0.0086 (0.0118)	0.0001 (0.0031)	0.218 (0.574)	95.31 (82.97)
[200/469]	0.0082 (0.0110)	0.0001 (0.0025)	0.321 (0.422)	92.97 (87.66)
[300/469]	0.0109 (0.0108)	0.0025 (0.0023)	0.154 (0.357)	96.09 (89.78)
[400/469]	0.0131 (0.0107)	0.0048 (0.0022)	0.192 (0.320)	93.75 (90.93)
[468/469]	0.0085 (0.0107)	0.0001 (0.0022)	0.134 (0.303)	97.92 (91.53)
 * Train Acc 91.527
 * Val Acc 95.470, Total time 0.99
Epoch:1
LR: 0.0001
Itr		Time		  Data		  Loss		Acc
[0/469]	0.1340 (0.1340)	0.1203 (0.1203)	0.146 (0.146)	98.44 (98.44)
[100/469]	0.0139 (0.0121)	0.0054 (0.0036)	0.122 (0.165)	96.09 (96.19)
[200/469]	0.0093 (0.0112)	0.0009 (0.0028)	0.358 (0.163)	92.19 (96.26)
[300/469]	0.0086 (0.0109)	0.0001 (0.0025)	0.181 (0.160)	95.31 (96.34)
[400/469]	0.0121 (0.0108)	0.0036 (0.0023)	0.153 (0.157)	97.66 (96.44)
[468/469]	0.0085 (0.0107)	0.0001 (0.0022)	0.137 (0.155)	96.88 (96.49)
 * Train Acc 96.492
 * Val Acc 96.530, Total time 0.95
validation split name: 1
 * Val Acc 92.150, Total time 0.70
validation split name: 2
 * Val Acc 95.330, Total time 0.94
validation split name: 3
 * Val Acc 93.160, Total time 0.94
validation split name: 4
 * Val Acc 93.010, Total time 0.94
validation split name: 5
 * Val Acc 94.330, Total time 0.93
validation split name: 6
 * Val Acc 95.830, Total time 0.94
validation split name: 7
 * Val Acc 96.010, Total time 0.97
validation split name: 8
 * Val Acc 95.590, Total time 0.95
validation split name: 9
 * Val Acc 96.530, Total time 0.98
====================== 10 =======================
#reg_term: 1
Epoch:0
LR: 0.0001
Itr		Time		  Data		  Loss		Acc
[0/469]	0.1414 (0.1414)	0.1279 (0.1279)	2.440 (2.440)	9.38 (9.38)
[100/469]	0.0089 (0.0116)	0.0001 (0.0030)	0.297 (0.566)	92.19 (82.97)
[200/469]	0.0095 (0.0109)	0.0010 (0.0024)	0.238 (0.425)	94.53 (87.55)
[300/469]	0.0127 (0.0107)	0.0042 (0.0022)	0.255 (0.359)	95.31 (89.73)
[400/469]	0.0094 (0.0106)	0.0009 (0.0021)	0.204 (0.322)	96.09 (90.97)
[468/469]	0.0092 (0.0105)	0.0006 (0.0021)	0.110 (0.303)	97.92 (91.55)
 * Train Acc 91.552
 * Val Acc 95.600, Total time 0.94
Epoch:1
LR: 0.0001
Itr		Time		  Data		  Loss		Acc
[0/469]	0.1343 (0.1343)	0.1206 (0.1206)	0.200 (0.200)	95.31 (95.31)
[100/469]	0.0134 (0.0120)	0.0050 (0.0035)	0.131 (0.172)	96.88 (95.90)
[200/469]	0.0093 (0.0111)	0.0009 (0.0027)	0.172 (0.164)	96.88 (96.18)
[300/469]	0.0085 (0.0108)	0.0002 (0.0024)	0.203 (0.163)	94.53 (96.21)
[400/469]	0.0135 (0.0107)	0.0051 (0.0023)	0.147 (0.160)	96.88 (96.32)
[468/469]	0.0085 (0.0107)	0.0001 (0.0022)	0.141 (0.159)	96.88 (96.37)
 * Train Acc 96.367
 * Val Acc 96.670, Total time 0.94
validation split name: 1
 * Val Acc 91.630, Total time 0.71
validation split name: 2
 * Val Acc 95.190, Total time 1.00
validation split name: 3
 * Val Acc 92.600, Total time 0.95
validation split name: 4
 * Val Acc 93.200, Total time 0.94
validation split name: 5
 * Val Acc 92.700, Total time 0.96
validation split name: 6
 * Val Acc 95.040, Total time 0.93
validation split name: 7
 * Val Acc 95.900, Total time 0.95
validation split name: 8
 * Val Acc 94.960, Total time 0.96
validation split name: 9
 * Val Acc 94.800, Total time 0.95
validation split name: 10
 * Val Acc 96.670, Total time 0.95
OrderedDict([('1', OrderedDict([('1', 96.33), ('2', 95.92), ('3', 95.27), ('4', 94.45), ('5', 94.28), ('6', 94.33), ('7', 92.99), ('8', 92.12), ('9', 92.15), ('10', 91.63)])), ('2', OrderedDict([('2', 96.5), ('3', 95.7), ('4', 95.18), ('5', 95.44), ('6', 95.21), ('7', 95.12), ('8', 95.41), ('9', 95.33), ('10', 95.19)])), ('3', OrderedDict([('3', 96.82), ('4', 94.51), ('5', 94.42), ('6', 93.88), ('7', 93.44), ('8', 93.31), ('9', 93.16), ('10', 92.6)])), ('4', OrderedDict([('4', 96.6), ('5', 94.8), ('6', 95.21), ('7', 95.26), ('8', 94.25), ('9', 93.01), ('10', 93.2)])), ('5', OrderedDict([('5', 96.53), ('6', 95.93), ('7', 95.58), ('8', 94.95), ('9', 94.33), ('10', 92.7)])), ('6', OrderedDict([('6', 96.92), ('7', 96.49), ('8', 96.03), ('9', 95.83), ('10', 95.04)])), ('7', OrderedDict([('7', 96.72), ('8', 96.13), ('9', 96.01), ('10', 95.9)])), ('8', OrderedDict([('8', 96.58), ('9', 95.59), ('10', 94.96)])), ('9', OrderedDict([('9', 96.53), ('10', 94.8)])), ('10', OrderedDict([('10', 96.67)]))])
Task 1 average acc: 96.33
Task 2 average acc: 96.21000000000001
Task 3 average acc: 95.92999999999999
Task 4 average acc: 95.185
Task 5 average acc: 95.09400000000001
Task 6 average acc: 95.24666666666666
Task 7 average acc: 95.08571428571429
Task 8 average acc: 94.84750000000001
Task 9 average acc: 94.66
Task 10 average acc: 94.26899999999998
===Summary of experiment repeats: 3 / 5 ===
The regularization coefficient: 0.001
The last avg acc of all repeats: [94.97  95.474 94.269  0.     0.   ]
mean: 56.94259999999999 std: 46.49501363200144
MLP(
  (linear): Sequential(
    (0): Linear(in_features=1024, out_features=1000, bias=True)
    (1): ReLU(inplace=True)
    (2): Linear(in_features=1000, out_features=1000, bias=True)
    (3): ReLU(inplace=True)
  )
  (last): ModuleDict(
    (1): Linear(in_features=1000, out_features=10, bias=True)
    (2): Linear(in_features=1000, out_features=10, bias=True)
    (3): Linear(in_features=1000, out_features=10, bias=True)
    (4): Linear(in_features=1000, out_features=10, bias=True)
    (5): Linear(in_features=1000, out_features=10, bias=True)
    (6): Linear(in_features=1000, out_features=10, bias=True)
    (7): Linear(in_features=1000, out_features=10, bias=True)
    (8): Linear(in_features=1000, out_features=10, bias=True)
    (9): Linear(in_features=1000, out_features=10, bias=True)
    (10): Linear(in_features=1000, out_features=10, bias=True)
  )
)
#parameter of model: 2126100
Task order: ['1', '2', '3', '4', '5', '6', '7', '8', '9', '10']
====================== 1 =======================
#reg_term: 0
Epoch:0
LR: 0.0001
Itr		Time		  Data		  Loss		Acc
[0/469]	0.1191 (0.1191)	0.1118 (0.1118)	2.300 (2.300)	7.81 (7.81)
[100/469]	0.0154 (0.0084)	0.0124 (0.0052)	0.442 (0.814)	89.06 (80.83)
[200/469]	0.0031 (0.0078)	0.0001 (0.0047)	0.232 (0.569)	94.53 (85.66)
[300/469]	0.0031 (0.0076)	0.0002 (0.0045)	0.179 (0.464)	92.19 (88.02)
[400/469]	0.0157 (0.0076)	0.0127 (0.0044)	0.139 (0.405)	96.09 (89.44)
[468/469]	0.0030 (0.0075)	0.0001 (0.0044)	0.219 (0.377)	94.79 (90.08)
 * Train Acc 90.082
 * Val Acc 94.660, Total time 0.75
Epoch:1
LR: 0.0001
Itr		Time		  Data		  Loss		Acc
[0/469]	0.1172 (0.1172)	0.1093 (0.1093)	0.148 (0.148)	96.88 (96.88)
[100/469]	0.0094 (0.0086)	0.0063 (0.0054)	0.129 (0.178)	97.66 (94.68)
[200/469]	0.0159 (0.0081)	0.0128 (0.0049)	0.233 (0.167)	96.88 (95.07)
[300/469]	0.0035 (0.0078)	0.0001 (0.0047)	0.123 (0.161)	96.88 (95.32)
[400/469]	0.0031 (0.0077)	0.0001 (0.0046)	0.138 (0.154)	96.09 (95.48)
[468/469]	0.0030 (0.0077)	0.0001 (0.0045)	0.072 (0.152)	98.96 (95.53)
 * Train Acc 95.535
 * Val Acc 96.220, Total time 0.71
validation split name: 1
 * Val Acc 96.220, Total time 0.69
====================== 2 =======================
#reg_term: 1
Epoch:0
LR: 0.0001
Itr		Time		  Data		  Loss		Acc
[0/469]	0.1445 (0.1445)	0.1288 (0.1288)	2.334 (2.334)	7.81 (7.81)
[100/469]	0.0097 (0.0116)	0.0016 (0.0033)	0.356 (0.690)	93.75 (80.89)
[200/469]	0.0091 (0.0109)	0.0009 (0.0027)	0.330 (0.500)	87.50 (86.24)
[300/469]	0.0128 (0.0107)	0.0042 (0.0025)	0.333 (0.423)	90.62 (88.42)
[400/469]	0.0083 (0.0106)	0.0002 (0.0024)	0.244 (0.377)	95.31 (89.78)
[468/469]	0.0087 (0.0106)	0.0005 (0.0023)	0.234 (0.353)	93.75 (90.49)
 * Train Acc 90.490
 * Val Acc 94.980, Total time 0.97
Epoch:1
LR: 0.0001
Itr		Time		  Data		  Loss		Acc
[0/469]	0.1383 (0.1383)	0.1248 (0.1248)	0.150 (0.150)	96.88 (96.88)
[100/469]	0.0140 (0.0121)	0.0053 (0.0035)	0.232 (0.201)	94.53 (95.34)
[200/469]	0.0102 (0.0113)	0.0017 (0.0027)	0.165 (0.195)	96.88 (95.43)
[300/469]	0.0086 (0.0110)	0.0001 (0.0024)	0.174 (0.192)	96.88 (95.58)
[400/469]	0.0141 (0.0108)	0.0056 (0.0023)	0.152 (0.187)	96.09 (95.74)
[468/469]	0.0085 (0.0108)	0.0001 (0.0022)	0.111 (0.185)	98.96 (95.83)
 * Train Acc 95.825
 * Val Acc 96.600, Total time 0.94
validation split name: 1
 * Val Acc 95.600, Total time 0.70
validation split name: 2
 * Val Acc 96.600, Total time 0.95
====================== 3 =======================
#reg_term: 1
Epoch:0
LR: 0.0001
Itr		Time		  Data		  Loss		Acc
[0/469]	0.1373 (0.1373)	0.1246 (0.1246)	2.363 (2.363)	10.94 (10.94)
[100/469]	0.0103 (0.0116)	0.0019 (0.0031)	0.425 (0.611)	90.62 (82.76)
[200/469]	0.0094 (0.0110)	0.0010 (0.0025)	0.323 (0.447)	89.84 (87.45)
[300/469]	0.0129 (0.0108)	0.0044 (0.0023)	0.238 (0.380)	96.09 (89.46)
[400/469]	0.0102 (0.0107)	0.0017 (0.0022)	0.122 (0.339)	98.44 (90.70)
[468/469]	0.0093 (0.0106)	0.0008 (0.0021)	0.359 (0.319)	87.50 (91.31)
 * Train Acc 91.310
 * Val Acc 95.470, Total time 0.94
Epoch:1
LR: 0.0001
Itr		Time		  Data		  Loss		Acc
[0/469]	0.1427 (0.1427)	0.1294 (0.1294)	0.175 (0.175)	96.88 (96.88)
[100/469]	0.0117 (0.0117)	0.0032 (0.0030)	0.155 (0.172)	96.09 (96.07)
[200/469]	0.0085 (0.0110)	0.0002 (0.0024)	0.205 (0.169)	94.53 (96.17)
[300/469]	0.0104 (0.0108)	0.0019 (0.0023)	0.141 (0.169)	96.88 (96.22)
[400/469]	0.0116 (0.0107)	0.0033 (0.0022)	0.131 (0.166)	97.66 (96.32)
[468/469]	0.0091 (0.0106)	0.0006 (0.0021)	0.087 (0.165)	98.96 (96.34)
 * Train Acc 96.343
 * Val Acc 96.770, Total time 0.95
validation split name: 1
 * Val Acc 94.840, Total time 0.70
validation split name: 2
 * Val Acc 96.030, Total time 0.96
validation split name: 3
 * Val Acc 96.770, Total time 0.97
====================== 4 =======================
#reg_term: 1
Epoch:0
LR: 0.0001
Itr		Time		  Data		  Loss		Acc
[0/469]	0.1346 (0.1346)	0.1218 (0.1218)	2.332 (2.332)	4.69 (4.69)
[100/469]	0.0086 (0.0117)	0.0001 (0.0032)	0.378 (0.609)	90.62 (82.09)
[200/469]	0.0085 (0.0111)	0.0002 (0.0026)	0.168 (0.443)	96.09 (87.17)
[300/469]	0.0122 (0.0109)	0.0037 (0.0024)	0.279 (0.374)	89.06 (89.29)
[400/469]	0.0095 (0.0108)	0.0010 (0.0023)	0.201 (0.334)	93.75 (90.57)
[468/469]	0.0089 (0.0107)	0.0006 (0.0022)	0.228 (0.315)	94.79 (91.21)
 * Train Acc 91.208
 * Val Acc 95.250, Total time 0.94
Epoch:1
LR: 0.0001
Itr		Time		  Data		  Loss		Acc
[0/469]	0.1336 (0.1336)	0.1192 (0.1192)	0.288 (0.288)	90.62 (90.62)
[100/469]	0.0096 (0.0116)	0.0009 (0.0029)	0.202 (0.175)	96.09 (95.84)
[200/469]	0.0106 (0.0110)	0.0023 (0.0025)	0.131 (0.168)	96.09 (96.09)
[300/469]	0.0093 (0.0108)	0.0011 (0.0024)	0.191 (0.168)	94.53 (96.12)
[400/469]	0.0139 (0.0107)	0.0056 (0.0023)	0.192 (0.165)	95.31 (96.22)
[468/469]	0.0090 (0.0106)	0.0007 (0.0022)	0.123 (0.163)	98.96 (96.33)
 * Train Acc 96.327
 * Val Acc 96.680, Total time 0.95
validation split name: 1
 * Val Acc 94.950, Total time 0.70
validation split name: 2
 * Val Acc 96.080, Total time 0.96
validation split name: 3
 * Val Acc 96.690, Total time 0.93
validation split name: 4
 * Val Acc 96.680, Total time 0.93
====================== 5 =======================
#reg_term: 1
Epoch:0
LR: 0.0001
Itr		Time		  Data		  Loss		Acc
[0/469]	0.1488 (0.1488)	0.1354 (0.1354)	2.319 (2.319)	14.06 (14.06)
[100/469]	0.0086 (0.0118)	0.0001 (0.0032)	0.254 (0.587)	93.75 (82.72)
[200/469]	0.0095 (0.0110)	0.0010 (0.0025)	0.159 (0.429)	96.88 (87.61)
[300/469]	0.0135 (0.0108)	0.0050 (0.0023)	0.171 (0.365)	96.09 (89.59)
[400/469]	0.0087 (0.0106)	0.0001 (0.0021)	0.141 (0.326)	96.88 (90.90)
[468/469]	0.0091 (0.0106)	0.0006 (0.0021)	0.220 (0.308)	94.79 (91.47)
 * Train Acc 91.472
 * Val Acc 95.410, Total time 0.94
Epoch:1
LR: 0.0001
Itr		Time		  Data		  Loss		Acc
[0/469]	0.1470 (0.1470)	0.1305 (0.1305)	0.115 (0.115)	98.44 (98.44)
[100/469]	0.0102 (0.0117)	0.0018 (0.0031)	0.133 (0.172)	96.88 (96.10)
[200/469]	0.0086 (0.0110)	0.0001 (0.0025)	0.190 (0.165)	95.31 (96.27)
[300/469]	0.0122 (0.0108)	0.0037 (0.0023)	0.184 (0.163)	97.66 (96.27)
[400/469]	0.0093 (0.0107)	0.0009 (0.0022)	0.118 (0.160)	96.88 (96.32)
[468/469]	0.0090 (0.0106)	0.0006 (0.0022)	0.208 (0.159)	95.83 (96.36)
 * Train Acc 96.360
 * Val Acc 96.780, Total time 0.94
validation split name: 1
 * Val Acc 94.470, Total time 0.70
validation split name: 2
 * Val Acc 95.680, Total time 0.95
validation split name: 3
 * Val Acc 96.200, Total time 0.96
validation split name: 4
 * Val Acc 96.340, Total time 0.95
validation split name: 5
 * Val Acc 96.780, Total time 0.93
====================== 6 =======================
#reg_term: 1
Epoch:0
LR: 0.0001
Itr		Time		  Data		  Loss		Acc
[0/469]	0.1375 (0.1375)	0.1242 (0.1242)	2.378 (2.378)	14.06 (14.06)
[100/469]	0.0088 (0.0118)	0.0001 (0.0032)	0.341 (0.579)	91.41 (83.21)
[200/469]	0.0086 (0.0111)	0.0001 (0.0026)	0.323 (0.433)	89.84 (87.57)
[300/469]	0.0133 (0.0109)	0.0050 (0.0023)	0.251 (0.368)	94.53 (89.66)
[400/469]	0.0085 (0.0107)	0.0002 (0.0022)	0.264 (0.329)	95.31 (90.89)
[468/469]	0.0091 (0.0106)	0.0008 (0.0022)	0.189 (0.308)	94.79 (91.53)
 * Train Acc 91.527
 * Val Acc 95.530, Total time 0.94
Epoch:1
LR: 0.0001
Itr		Time		  Data		  Loss		Acc
[0/469]	0.1363 (0.1363)	0.1234 (0.1234)	0.164 (0.164)	96.88 (96.88)
[100/469]	0.0086 (0.0120)	0.0001 (0.0033)	0.144 (0.169)	97.66 (95.98)
[200/469]	0.0086 (0.0112)	0.0001 (0.0026)	0.087 (0.168)	98.44 (96.04)
[300/469]	0.0129 (0.0109)	0.0044 (0.0024)	0.162 (0.167)	93.75 (96.10)
[400/469]	0.0086 (0.0108)	0.0001 (0.0023)	0.101 (0.160)	98.44 (96.31)
[468/469]	0.0086 (0.0108)	0.0001 (0.0023)	0.280 (0.159)	92.71 (96.35)
 * Train Acc 96.350
 * Val Acc 96.760, Total time 0.94
validation split name: 1
 * Val Acc 94.140, Total time 0.69
validation split name: 2
 * Val Acc 95.280, Total time 0.95
validation split name: 3
 * Val Acc 95.920, Total time 0.93
validation split name: 4
 * Val Acc 95.970, Total time 0.94
validation split name: 5
 * Val Acc 96.290, Total time 0.97
validation split name: 6
 * Val Acc 96.760, Total time 0.94
====================== 7 =======================
#reg_term: 1
Epoch:0
LR: 0.0001
Itr		Time		  Data		  Loss		Acc
[0/469]	0.1441 (0.1441)	0.1309 (0.1309)	2.367 (2.367)	12.50 (12.50)
[100/469]	0.0099 (0.0119)	0.0010 (0.0034)	0.290 (0.597)	92.97 (82.21)
[200/469]	0.0125 (0.0112)	0.0041 (0.0027)	0.305 (0.438)	92.97 (87.27)
[300/469]	0.0086 (0.0109)	0.0001 (0.0024)	0.135 (0.370)	97.66 (89.55)
[400/469]	0.0096 (0.0108)	0.0010 (0.0023)	0.083 (0.330)	100.00 (90.77)
[468/469]	0.0085 (0.0107)	0.0001 (0.0022)	0.280 (0.310)	93.75 (91.44)
 * Train Acc 91.440
 * Val Acc 95.580, Total time 0.94
Epoch:1
LR: 0.0001
Itr		Time		  Data		  Loss		Acc
[0/469]	0.1318 (0.1318)	0.1187 (0.1187)	0.167 (0.167)	96.09 (96.09)
[100/469]	0.0094 (0.0115)	0.0011 (0.0031)	0.137 (0.166)	97.66 (96.06)
[200/469]	0.0084 (0.0109)	0.0001 (0.0026)	0.098 (0.164)	98.44 (96.16)
[300/469]	0.0127 (0.0107)	0.0043 (0.0024)	0.127 (0.161)	97.66 (96.27)
[400/469]	0.0100 (0.0106)	0.0016 (0.0023)	0.107 (0.159)	98.44 (96.37)
[468/469]	0.0090 (0.0106)	0.0006 (0.0022)	0.136 (0.157)	96.88 (96.44)
 * Train Acc 96.442
 * Val Acc 96.800, Total time 0.95
validation split name: 1
 * Val Acc 94.720, Total time 0.71
validation split name: 2
 * Val Acc 94.800, Total time 0.97
validation split name: 3
 * Val Acc 94.530, Total time 0.94
validation split name: 4
 * Val Acc 95.800, Total time 0.96
validation split name: 5
 * Val Acc 96.240, Total time 0.97
validation split name: 6
 * Val Acc 94.790, Total time 0.97
validation split name: 7
 * Val Acc 96.800, Total time 0.94
====================== 8 =======================
#reg_term: 1
Epoch:0
LR: 0.0001
Itr		Time		  Data		  Loss		Acc
[0/469]	0.1349 (0.1349)	0.1220 (0.1220)	2.567 (2.567)	11.72 (11.72)
[100/469]	0.0094 (0.0117)	0.0010 (0.0032)	0.273 (0.584)	92.19 (83.22)
[200/469]	0.0085 (0.0111)	0.0001 (0.0026)	0.218 (0.429)	95.31 (87.79)
[300/469]	0.0093 (0.0109)	0.0009 (0.0024)	0.217 (0.366)	93.75 (89.72)
[400/469]	0.0139 (0.0108)	0.0055 (0.0023)	0.127 (0.325)	97.66 (90.99)
[468/469]	0.0084 (0.0107)	0.0001 (0.0023)	0.146 (0.305)	96.88 (91.62)
 * Train Acc 91.618
 * Val Acc 95.590, Total time 0.99
Epoch:1
LR: 0.0001
Itr		Time		  Data		  Loss		Acc
[0/469]	0.1483 (0.1483)	0.1345 (0.1345)	0.187 (0.187)	97.66 (97.66)
[100/469]	0.0129 (0.0120)	0.0044 (0.0034)	0.161 (0.167)	96.88 (96.20)
[200/469]	0.0086 (0.0112)	0.0001 (0.0025)	0.167 (0.166)	97.66 (96.19)
[300/469]	0.0102 (0.0109)	0.0015 (0.0023)	0.143 (0.162)	96.88 (96.24)
[400/469]	0.0101 (0.0107)	0.0016 (0.0022)	0.150 (0.160)	95.31 (96.35)
[468/469]	0.0090 (0.0107)	0.0006 (0.0021)	0.132 (0.157)	95.83 (96.44)
 * Train Acc 96.438
 * Val Acc 96.610, Total time 1.00
validation split name: 1
 * Val Acc 94.230, Total time 0.70
validation split name: 2
 * Val Acc 93.730, Total time 0.96
validation split name: 3
 * Val Acc 94.180, Total time 0.94
validation split name: 4
 * Val Acc 95.600, Total time 0.94
validation split name: 5
 * Val Acc 96.310, Total time 1.02
validation split name: 6
 * Val Acc 94.350, Total time 0.96
validation split name: 7
 * Val Acc 95.910, Total time 0.95
validation split name: 8
 * Val Acc 96.610, Total time 0.95
====================== 9 =======================
#reg_term: 1
Epoch:0
LR: 0.0001
Itr		Time		  Data		  Loss		Acc
[0/469]	0.1337 (0.1337)	0.1209 (0.1209)	2.449 (2.449)	10.16 (10.16)
[100/469]	0.0085 (0.0115)	0.0001 (0.0030)	0.284 (0.593)	93.75 (82.59)
[200/469]	0.0096 (0.0109)	0.0010 (0.0024)	0.174 (0.434)	96.88 (87.48)
[300/469]	0.0105 (0.0107)	0.0020 (0.0021)	0.253 (0.367)	92.19 (89.60)
[400/469]	0.0125 (0.0106)	0.0041 (0.0021)	0.239 (0.326)	95.31 (90.92)
[468/469]	0.0084 (0.0106)	0.0001 (0.0020)	0.127 (0.306)	94.79 (91.52)
 * Train Acc 91.518
 * Val Acc 95.530, Total time 0.95
Epoch:1
LR: 0.0001
Itr		Time		  Data		  Loss		Acc
[0/469]	0.1489 (0.1489)	0.1358 (0.1358)	0.201 (0.201)	96.88 (96.88)
[100/469]	0.0086 (0.0121)	0.0002 (0.0035)	0.159 (0.170)	96.09 (96.09)
[200/469]	0.0092 (0.0112)	0.0008 (0.0027)	0.137 (0.165)	96.09 (96.16)
[300/469]	0.0094 (0.0109)	0.0010 (0.0025)	0.144 (0.162)	96.09 (96.33)
[400/469]	0.0141 (0.0108)	0.0058 (0.0024)	0.164 (0.159)	94.53 (96.42)
[468/469]	0.0085 (0.0108)	0.0001 (0.0024)	0.139 (0.156)	96.88 (96.47)
 * Train Acc 96.473
 * Val Acc 96.640, Total time 0.97
validation split name: 1
 * Val Acc 93.690, Total time 0.70
validation split name: 2
 * Val Acc 93.550, Total time 0.97
validation split name: 3
 * Val Acc 93.160, Total time 0.97
validation split name: 4
 * Val Acc 95.300, Total time 0.97
validation split name: 5
 * Val Acc 96.040, Total time 0.94
validation split name: 6
 * Val Acc 94.040, Total time 0.96
validation split name: 7
 * Val Acc 95.560, Total time 0.96
validation split name: 8
 * Val Acc 96.120, Total time 0.95
validation split name: 9
 * Val Acc 96.640, Total time 0.95
====================== 10 =======================
#reg_term: 1
Epoch:0
LR: 0.0001
Itr		Time		  Data		  Loss		Acc
[0/469]	0.1465 (0.1465)	0.1325 (0.1325)	2.447 (2.447)	11.72 (11.72)
[100/469]	0.0102 (0.0123)	0.0018 (0.0034)	0.251 (0.580)	91.41 (82.40)
[200/469]	0.0087 (0.0114)	0.0001 (0.0026)	0.214 (0.430)	92.97 (87.38)
[300/469]	0.0084 (0.0111)	0.0001 (0.0025)	0.103 (0.366)	97.66 (89.44)
[400/469]	0.0128 (0.0109)	0.0044 (0.0024)	0.130 (0.326)	96.88 (90.78)
[468/469]	0.0084 (0.0108)	0.0001 (0.0023)	0.233 (0.306)	90.62 (91.41)
 * Train Acc 91.412
 * Val Acc 95.680, Total time 0.96
Epoch:1
LR: 0.0001
Itr		Time		  Data		  Loss		Acc
[0/469]	0.1343 (0.1343)	0.1198 (0.1198)	0.130 (0.130)	97.66 (97.66)
[100/469]	0.0102 (0.0115)	0.0017 (0.0030)	0.118 (0.167)	97.66 (96.10)
[200/469]	0.0148 (0.0111)	0.0063 (0.0025)	0.156 (0.167)	96.88 (96.13)
[300/469]	0.0086 (0.0108)	0.0001 (0.0023)	0.276 (0.161)	93.75 (96.27)
[400/469]	0.0086 (0.0107)	0.0001 (0.0022)	0.252 (0.158)	94.53 (96.40)
[468/469]	0.0085 (0.0107)	0.0002 (0.0022)	0.112 (0.156)	97.92 (96.43)
 * Train Acc 96.433
 * Val Acc 96.690, Total time 0.94
validation split name: 1
 * Val Acc 93.400, Total time 0.70
validation split name: 2
 * Val Acc 93.440, Total time 0.94
validation split name: 3
 * Val Acc 93.160, Total time 0.94
validation split name: 4
 * Val Acc 94.770, Total time 0.94
validation split name: 5
 * Val Acc 95.740, Total time 0.94
validation split name: 6
 * Val Acc 94.050, Total time 0.98
validation split name: 7
 * Val Acc 95.860, Total time 0.94
validation split name: 8
 * Val Acc 95.880, Total time 0.97
validation split name: 9
 * Val Acc 96.140, Total time 0.97
validation split name: 10
 * Val Acc 96.690, Total time 0.94
OrderedDict([('1', OrderedDict([('1', 96.22), ('2', 95.6), ('3', 94.84), ('4', 94.95), ('5', 94.47), ('6', 94.14), ('7', 94.72), ('8', 94.23), ('9', 93.69), ('10', 93.4)])), ('2', OrderedDict([('2', 96.6), ('3', 96.03), ('4', 96.08), ('5', 95.68), ('6', 95.28), ('7', 94.8), ('8', 93.73), ('9', 93.55), ('10', 93.44)])), ('3', OrderedDict([('3', 96.77), ('4', 96.69), ('5', 96.2), ('6', 95.92), ('7', 94.53), ('8', 94.18), ('9', 93.16), ('10', 93.16)])), ('4', OrderedDict([('4', 96.68), ('5', 96.34), ('6', 95.97), ('7', 95.8), ('8', 95.6), ('9', 95.3), ('10', 94.77)])), ('5', OrderedDict([('5', 96.78), ('6', 96.29), ('7', 96.24), ('8', 96.31), ('9', 96.04), ('10', 95.74)])), ('6', OrderedDict([('6', 96.76), ('7', 94.79), ('8', 94.35), ('9', 94.04), ('10', 94.05)])), ('7', OrderedDict([('7', 96.8), ('8', 95.91), ('9', 95.56), ('10', 95.86)])), ('8', OrderedDict([('8', 96.61), ('9', 96.12), ('10', 95.88)])), ('9', OrderedDict([('9', 96.64), ('10', 96.14)])), ('10', OrderedDict([('10', 96.69)]))])
Task 1 average acc: 96.22
Task 2 average acc: 96.1
Task 3 average acc: 95.88
Task 4 average acc: 96.10000000000001
Task 5 average acc: 95.894
Task 6 average acc: 95.72666666666669
Task 7 average acc: 95.38285714285713
Task 8 average acc: 95.115
Task 9 average acc: 94.89999999999999
Task 10 average acc: 94.91299999999998
===Summary of experiment repeats: 4 / 5 ===
The regularization coefficient: 0.001
The last avg acc of all repeats: [94.97  95.474 94.269 94.913  0.   ]
mean: 75.92519999999999 std: 37.96452957906893
MLP(
  (linear): Sequential(
    (0): Linear(in_features=1024, out_features=1000, bias=True)
    (1): ReLU(inplace=True)
    (2): Linear(in_features=1000, out_features=1000, bias=True)
    (3): ReLU(inplace=True)
  )
  (last): ModuleDict(
    (1): Linear(in_features=1000, out_features=10, bias=True)
    (2): Linear(in_features=1000, out_features=10, bias=True)
    (3): Linear(in_features=1000, out_features=10, bias=True)
    (4): Linear(in_features=1000, out_features=10, bias=True)
    (5): Linear(in_features=1000, out_features=10, bias=True)
    (6): Linear(in_features=1000, out_features=10, bias=True)
    (7): Linear(in_features=1000, out_features=10, bias=True)
    (8): Linear(in_features=1000, out_features=10, bias=True)
    (9): Linear(in_features=1000, out_features=10, bias=True)
    (10): Linear(in_features=1000, out_features=10, bias=True)
  )
)
#parameter of model: 2126100
Task order: ['1', '2', '3', '4', '5', '6', '7', '8', '9', '10']
====================== 1 =======================
#reg_term: 0
Epoch:0
LR: 0.0001
Itr		Time		  Data		  Loss		Acc
[0/469]	0.1196 (0.1196)	0.1118 (0.1118)	2.313 (2.313)	11.72 (11.72)
[100/469]	0.0031 (0.0084)	0.0001 (0.0052)	0.307 (0.809)	89.84 (80.21)
[200/469]	0.0032 (0.0079)	0.0002 (0.0047)	0.308 (0.564)	89.84 (85.42)
[300/469]	0.0158 (0.0077)	0.0125 (0.0046)	0.264 (0.468)	91.41 (87.54)
[400/469]	0.0032 (0.0076)	0.0001 (0.0045)	0.205 (0.407)	95.31 (88.99)
[468/469]	0.0102 (0.0075)	0.0072 (0.0044)	0.192 (0.379)	94.79 (89.68)
 * Train Acc 89.678
 * Val Acc 94.690, Total time 0.69
Epoch:1
LR: 0.0001
Itr		Time		  Data		  Loss		Acc
[0/469]	0.1192 (0.1192)	0.1116 (0.1116)	0.222 (0.222)	94.53 (94.53)
[100/469]	0.0038 (0.0083)	0.0008 (0.0052)	0.074 (0.175)	98.44 (94.94)
[200/469]	0.0040 (0.0077)	0.0010 (0.0047)	0.200 (0.167)	94.53 (95.13)
[300/469]	0.0138 (0.0076)	0.0107 (0.0045)	0.126 (0.160)	96.09 (95.36)
[400/469]	0.0042 (0.0075)	0.0012 (0.0044)	0.092 (0.156)	97.66 (95.46)
[468/469]	0.0088 (0.0074)	0.0057 (0.0044)	0.067 (0.152)	98.96 (95.58)
 * Train Acc 95.578
 * Val Acc 96.040, Total time 0.76
validation split name: 1
 * Val Acc 96.040, Total time 0.70
====================== 2 =======================
#reg_term: 1
Epoch:0
LR: 0.0001
Itr		Time		  Data		  Loss		Acc
[0/469]	0.1524 (0.1524)	0.1397 (0.1397)	2.316 (2.316)	7.81 (7.81)
[100/469]	0.0086 (0.0128)	0.0001 (0.0037)	0.422 (0.659)	84.38 (81.98)
[200/469]	0.0091 (0.0115)	0.0007 (0.0028)	0.285 (0.486)	92.97 (86.68)
[300/469]	0.0094 (0.0111)	0.0009 (0.0025)	0.178 (0.413)	96.88 (88.77)
[400/469]	0.0086 (0.0110)	0.0001 (0.0024)	0.167 (0.369)	96.88 (90.10)
[468/469]	0.0084 (0.0109)	0.0001 (0.0023)	0.287 (0.347)	92.71 (90.73)
 * Train Acc 90.730
 * Val Acc 94.920, Total time 0.96
Epoch:1
LR: 0.0001
Itr		Time		  Data		  Loss		Acc
[0/469]	0.1354 (0.1354)	0.1211 (0.1211)	0.274 (0.274)	92.97 (92.97)
[100/469]	0.0129 (0.0118)	0.0043 (0.0030)	0.137 (0.188)	97.66 (95.56)
[200/469]	0.0085 (0.0112)	0.0001 (0.0025)	0.143 (0.187)	95.31 (95.58)
[300/469]	0.0135 (0.0109)	0.0051 (0.0023)	0.104 (0.187)	99.22 (95.64)
[400/469]	0.0094 (0.0108)	0.0009 (0.0022)	0.206 (0.184)	95.31 (95.76)
[468/469]	0.0091 (0.0107)	0.0007 (0.0021)	0.171 (0.182)	96.88 (95.86)
 * Train Acc 95.863
 * Val Acc 96.340, Total time 0.96
validation split name: 1
 * Val Acc 95.960, Total time 0.70
validation split name: 2
 * Val Acc 96.340, Total time 0.95
====================== 3 =======================
#reg_term: 1
Epoch:0
LR: 0.0001
Itr		Time		  Data		  Loss		Acc
[0/469]	0.1355 (0.1355)	0.1197 (0.1197)	2.355 (2.355)	6.25 (6.25)
[100/469]	0.0094 (0.0117)	0.0009 (0.0031)	0.284 (0.612)	92.19 (81.92)
[200/469]	0.0086 (0.0111)	0.0001 (0.0025)	0.335 (0.449)	90.62 (87.04)
[300/469]	0.0104 (0.0109)	0.0018 (0.0024)	0.345 (0.380)	92.19 (89.29)
[400/469]	0.0135 (0.0108)	0.0052 (0.0023)	0.202 (0.339)	93.75 (90.56)
[468/469]	0.0084 (0.0108)	0.0001 (0.0023)	0.182 (0.319)	96.88 (91.19)
 * Train Acc 91.192
 * Val Acc 95.430, Total time 0.94
Epoch:1
LR: 0.0001
Itr		Time		  Data		  Loss		Acc
[0/469]	0.1324 (0.1324)	0.1186 (0.1186)	0.140 (0.140)	96.09 (96.09)
[100/469]	0.0085 (0.0115)	0.0001 (0.0030)	0.160 (0.171)	96.88 (95.79)
[200/469]	0.0088 (0.0109)	0.0001 (0.0025)	0.169 (0.173)	96.09 (95.74)
[300/469]	0.0139 (0.0108)	0.0053 (0.0023)	0.167 (0.168)	97.66 (95.99)
[400/469]	0.0087 (0.0107)	0.0001 (0.0021)	0.231 (0.167)	91.41 (96.10)
[468/469]	0.0092 (0.0106)	0.0008 (0.0021)	0.202 (0.165)	94.79 (96.21)
 * Train Acc 96.207
 * Val Acc 96.860, Total time 0.94
validation split name: 1
 * Val Acc 95.660, Total time 0.71
validation split name: 2
 * Val Acc 95.320, Total time 0.94
validation split name: 3
 * Val Acc 96.860, Total time 0.93
====================== 4 =======================
#reg_term: 1
Epoch:0
LR: 0.0001
Itr		Time		  Data		  Loss		Acc
[0/469]	0.1353 (0.1353)	0.1209 (0.1209)	2.488 (2.488)	3.91 (3.91)
[100/469]	0.0086 (0.0125)	0.0001 (0.0030)	0.374 (0.621)	89.06 (81.61)
[200/469]	0.0085 (0.0114)	0.0001 (0.0025)	0.217 (0.453)	95.31 (86.98)
[300/469]	0.0132 (0.0110)	0.0047 (0.0023)	0.228 (0.383)	92.97 (89.19)
[400/469]	0.0085 (0.0109)	0.0001 (0.0022)	0.271 (0.341)	91.41 (90.51)
[468/469]	0.0085 (0.0108)	0.0005 (0.0021)	0.261 (0.320)	93.75 (91.16)
 * Train Acc 91.162
 * Val Acc 95.430, Total time 0.97
Epoch:1
LR: 0.0001
Itr		Time		  Data		  Loss		Acc
[0/469]	0.1495 (0.1495)	0.1360 (0.1360)	0.122 (0.122)	98.44 (98.44)
[100/469]	0.0086 (0.0120)	0.0001 (0.0034)	0.192 (0.174)	94.53 (95.85)
[200/469]	0.0088 (0.0112)	0.0002 (0.0026)	0.128 (0.172)	96.88 (96.00)
[300/469]	0.0128 (0.0109)	0.0043 (0.0023)	0.214 (0.168)	96.09 (96.11)
[400/469]	0.0099 (0.0107)	0.0014 (0.0022)	0.120 (0.165)	97.66 (96.27)
[468/469]	0.0090 (0.0107)	0.0006 (0.0021)	0.139 (0.164)	96.88 (96.30)
 * Train Acc 96.298
 * Val Acc 96.490, Total time 0.94
validation split name: 1
 * Val Acc 95.130, Total time 0.72
validation split name: 2
 * Val Acc 94.460, Total time 0.94
validation split name: 3
 * Val Acc 95.510, Total time 0.95
validation split name: 4
 * Val Acc 96.490, Total time 0.94
====================== 5 =======================
#reg_term: 1
Epoch:0
LR: 0.0001
Itr		Time		  Data		  Loss		Acc
[0/469]	0.1372 (0.1372)	0.1234 (0.1234)	2.337 (2.337)	10.94 (10.94)
[100/469]	0.0092 (0.0119)	0.0008 (0.0033)	0.351 (0.603)	89.84 (82.05)
[200/469]	0.0088 (0.0112)	0.0002 (0.0026)	0.302 (0.443)	92.19 (87.08)
[300/469]	0.0149 (0.0109)	0.0065 (0.0024)	0.189 (0.372)	94.53 (89.35)
[400/469]	0.0087 (0.0108)	0.0001 (0.0023)	0.150 (0.330)	96.88 (90.65)
[468/469]	0.0093 (0.0108)	0.0008 (0.0022)	0.137 (0.311)	94.79 (91.30)
 * Train Acc 91.300
 * Val Acc 95.640, Total time 0.93
Epoch:1
LR: 0.0001
Itr		Time		  Data		  Loss		Acc
[0/469]	0.1375 (0.1375)	0.1243 (0.1243)	0.142 (0.142)	97.66 (97.66)
[100/469]	0.0088 (0.0115)	0.0007 (0.0033)	0.260 (0.164)	93.75 (96.14)
[200/469]	0.0082 (0.0109)	0.0001 (0.0027)	0.112 (0.162)	97.66 (96.23)
[300/469]	0.0144 (0.0107)	0.0062 (0.0025)	0.132 (0.161)	95.31 (96.23)
[400/469]	0.0082 (0.0106)	0.0001 (0.0024)	0.210 (0.161)	94.53 (96.27)
[468/469]	0.0088 (0.0105)	0.0006 (0.0024)	0.150 (0.159)	95.83 (96.35)
 * Train Acc 96.352
 * Val Acc 96.650, Total time 0.95
validation split name: 1
 * Val Acc 94.680, Total time 0.71
validation split name: 2
 * Val Acc 93.790, Total time 0.94
validation split name: 3
 * Val Acc 95.730, Total time 0.95
validation split name: 4
 * Val Acc 95.740, Total time 0.95
validation split name: 5
 * Val Acc 96.650, Total time 0.95
====================== 6 =======================
#reg_term: 1
Epoch:0
LR: 0.0001
Itr		Time		  Data		  Loss		Acc
[0/469]	0.1353 (0.1353)	0.1218 (0.1218)	2.400 (2.400)	8.59 (8.59)
[100/469]	0.0124 (0.0121)	0.0037 (0.0035)	0.160 (0.603)	96.09 (82.24)
[200/469]	0.0097 (0.0113)	0.0011 (0.0027)	0.251 (0.434)	92.97 (87.54)
[300/469]	0.0095 (0.0110)	0.0009 (0.0024)	0.238 (0.370)	91.41 (89.40)
[400/469]	0.0095 (0.0109)	0.0009 (0.0023)	0.142 (0.327)	97.66 (90.77)
[468/469]	0.0092 (0.0108)	0.0006 (0.0022)	0.187 (0.308)	93.75 (91.41)
 * Train Acc 91.405
 * Val Acc 95.930, Total time 0.94
Epoch:1
LR: 0.0001
Itr		Time		  Data		  Loss		Acc
[0/469]	0.1433 (0.1433)	0.1293 (0.1293)	0.162 (0.162)	96.09 (96.09)
[100/469]	0.0087 (0.0122)	0.0002 (0.0035)	0.143 (0.161)	96.88 (96.36)
[200/469]	0.0095 (0.0113)	0.0009 (0.0027)	0.144 (0.159)	94.53 (96.39)
[300/469]	0.0129 (0.0110)	0.0043 (0.0025)	0.145 (0.159)	96.88 (96.35)
[400/469]	0.0086 (0.0109)	0.0001 (0.0023)	0.148 (0.156)	96.09 (96.45)
[468/469]	0.0090 (0.0108)	0.0006 (0.0022)	0.176 (0.154)	95.83 (96.52)
 * Train Acc 96.517
 * Val Acc 96.690, Total time 0.95
validation split name: 1
 * Val Acc 94.730, Total time 0.70
validation split name: 2
 * Val Acc 92.770, Total time 0.95
validation split name: 3
 * Val Acc 95.960, Total time 0.94
validation split name: 4
 * Val Acc 95.870, Total time 0.94
validation split name: 5
 * Val Acc 96.050, Total time 0.94
validation split name: 6
 * Val Acc 96.690, Total time 0.93
====================== 7 =======================
#reg_term: 1
Epoch:0
LR: 0.0001
Itr		Time		  Data		  Loss		Acc
[0/469]	0.1336 (0.1336)	0.1204 (0.1204)	2.397 (2.397)	3.12 (3.12)
[100/469]	0.0093 (0.0116)	0.0008 (0.0032)	0.243 (0.591)	93.75 (81.84)
[200/469]	0.0092 (0.0110)	0.0008 (0.0026)	0.255 (0.440)	90.62 (86.84)
[300/469]	0.0136 (0.0109)	0.0051 (0.0024)	0.244 (0.371)	95.31 (89.14)
[400/469]	0.0086 (0.0107)	0.0001 (0.0023)	0.218 (0.332)	92.97 (90.46)
[468/469]	0.0089 (0.0107)	0.0005 (0.0023)	0.245 (0.310)	93.75 (91.19)
 * Train Acc 91.185
 * Val Acc 95.600, Total time 0.94
Epoch:1
LR: 0.0001
Itr		Time		  Data		  Loss		Acc
[0/469]	0.1349 (0.1349)	0.1210 (0.1210)	0.206 (0.206)	93.75 (93.75)
[100/469]	0.0092 (0.0116)	0.0008 (0.0030)	0.132 (0.157)	97.66 (96.40)
[200/469]	0.0087 (0.0110)	0.0004 (0.0025)	0.131 (0.160)	97.66 (96.36)
[300/469]	0.0129 (0.0108)	0.0046 (0.0023)	0.149 (0.159)	96.09 (96.41)
[400/469]	0.0086 (0.0107)	0.0001 (0.0022)	0.167 (0.158)	96.09 (96.46)
[468/469]	0.0088 (0.0106)	0.0006 (0.0022)	0.200 (0.156)	96.88 (96.50)
 * Train Acc 96.495
 * Val Acc 96.880, Total time 0.94
validation split name: 1
 * Val Acc 94.420, Total time 0.70
validation split name: 2
 * Val Acc 92.580, Total time 0.96
validation split name: 3
 * Val Acc 95.770, Total time 0.93
validation split name: 4
 * Val Acc 96.000, Total time 0.94
validation split name: 5
 * Val Acc 96.230, Total time 0.96
validation split name: 6
 * Val Acc 96.110, Total time 0.96
validation split name: 7
 * Val Acc 96.880, Total time 1.00
====================== 8 =======================
#reg_term: 1
Epoch:0
LR: 0.0001
Itr		Time		  Data		  Loss		Acc
[0/469]	0.1377 (0.1377)	0.1245 (0.1245)	2.450 (2.450)	10.94 (10.94)
[100/469]	0.0086 (0.0118)	0.0001 (0.0032)	0.301 (0.599)	92.97 (81.80)
[200/469]	0.0086 (0.0110)	0.0001 (0.0025)	0.265 (0.442)	93.75 (87.03)
[300/469]	0.0121 (0.0108)	0.0036 (0.0023)	0.197 (0.372)	93.75 (89.28)
[400/469]	0.0086 (0.0107)	0.0001 (0.0022)	0.156 (0.333)	96.09 (90.58)
[468/469]	0.0088 (0.0106)	0.0005 (0.0022)	0.220 (0.312)	93.75 (91.25)
 * Train Acc 91.245
 * Val Acc 95.470, Total time 0.94
Epoch:1
LR: 0.0001
Itr		Time		  Data		  Loss		Acc
[0/469]	0.1464 (0.1464)	0.1335 (0.1335)	0.103 (0.103)	98.44 (98.44)
[100/469]	0.0094 (0.0120)	0.0010 (0.0033)	0.157 (0.174)	96.09 (95.89)
[200/469]	0.0086 (0.0112)	0.0001 (0.0026)	0.130 (0.168)	97.66 (96.03)
[300/469]	0.0122 (0.0110)	0.0037 (0.0024)	0.137 (0.162)	97.66 (96.28)
[400/469]	0.0094 (0.0108)	0.0009 (0.0023)	0.099 (0.159)	97.66 (96.39)
[468/469]	0.0089 (0.0107)	0.0006 (0.0022)	0.099 (0.157)	98.96 (96.48)
 * Train Acc 96.483
 * Val Acc 96.860, Total time 0.94
validation split name: 1
 * Val Acc 94.110, Total time 0.69
validation split name: 2
 * Val Acc 91.940, Total time 0.96
validation split name: 3
 * Val Acc 95.470, Total time 1.01
validation split name: 4
 * Val Acc 95.580, Total time 0.97
validation split name: 5
 * Val Acc 96.190, Total time 0.96
validation split name: 6
 * Val Acc 96.340, Total time 0.94
validation split name: 7
 * Val Acc 95.030, Total time 0.93
validation split name: 8
 * Val Acc 96.860, Total time 0.99
====================== 9 =======================
#reg_term: 1
Epoch:0
LR: 0.0001
Itr		Time		  Data		  Loss		Acc
[0/469]	0.1384 (0.1384)	0.1251 (0.1251)	2.441 (2.441)	6.25 (6.25)
[100/469]	0.0085 (0.0119)	0.0001 (0.0031)	0.301 (0.571)	91.41 (82.88)
[200/469]	0.0086 (0.0111)	0.0001 (0.0024)	0.183 (0.428)	93.75 (87.35)
[300/469]	0.0129 (0.0108)	0.0044 (0.0023)	0.180 (0.363)	96.88 (89.49)
[400/469]	0.0095 (0.0107)	0.0010 (0.0022)	0.230 (0.322)	95.31 (90.83)
[468/469]	0.0089 (0.0107)	0.0006 (0.0021)	0.316 (0.304)	92.71 (91.42)
 * Train Acc 91.422
 * Val Acc 95.650, Total time 0.94
Epoch:1
LR: 0.0001
Itr		Time		  Data		  Loss		Acc
[0/469]	0.1480 (0.1480)	0.1346 (0.1346)	0.123 (0.123)	98.44 (98.44)
[100/469]	0.0087 (0.0121)	0.0002 (0.0033)	0.151 (0.167)	98.44 (96.08)
[200/469]	0.0137 (0.0117)	0.0053 (0.0027)	0.150 (0.164)	97.66 (96.14)
[300/469]	0.0085 (0.0112)	0.0001 (0.0024)	0.136 (0.164)	96.88 (96.20)
[400/469]	0.0086 (0.0110)	0.0002 (0.0023)	0.113 (0.160)	97.66 (96.36)
[468/469]	0.0084 (0.0109)	0.0001 (0.0022)	0.169 (0.158)	94.79 (96.42)
 * Train Acc 96.423
 * Val Acc 96.900, Total time 0.93
validation split name: 1
 * Val Acc 93.980, Total time 0.70
validation split name: 2
 * Val Acc 91.120, Total time 0.94
validation split name: 3
 * Val Acc 94.870, Total time 0.95
validation split name: 4
 * Val Acc 95.610, Total time 0.93
validation split name: 5
 * Val Acc 95.950, Total time 0.95
validation split name: 6
 * Val Acc 96.120, Total time 1.02
validation split name: 7
 * Val Acc 94.590, Total time 0.96
validation split name: 8
 * Val Acc 96.050, Total time 0.95
validation split name: 9
 * Val Acc 96.900, Total time 1.01
====================== 10 =======================
#reg_term: 1
Epoch:0
LR: 0.0001
Itr		Time		  Data		  Loss		Acc
[0/469]	0.1357 (0.1357)	0.1219 (0.1219)	2.430 (2.430)	10.94 (10.94)
[100/469]	0.0092 (0.0116)	0.0009 (0.0031)	0.267 (0.594)	92.97 (82.59)
[200/469]	0.0086 (0.0110)	0.0002 (0.0026)	0.272 (0.437)	91.41 (87.37)
[300/469]	0.0137 (0.0108)	0.0051 (0.0024)	0.245 (0.370)	92.19 (89.52)
[400/469]	0.0088 (0.0107)	0.0001 (0.0022)	0.209 (0.331)	94.53 (90.76)
[468/469]	0.0090 (0.0106)	0.0007 (0.0022)	0.116 (0.311)	97.92 (91.41)
 * Train Acc 91.413
 * Val Acc 95.510, Total time 0.95
Epoch:1
LR: 0.0001
Itr		Time		  Data		  Loss		Acc
[0/469]	0.1386 (0.1386)	0.1238 (0.1238)	0.206 (0.206)	96.09 (96.09)
[100/469]	0.0091 (0.0116)	0.0007 (0.0031)	0.161 (0.164)	96.09 (96.19)
[200/469]	0.0084 (0.0110)	0.0001 (0.0025)	0.205 (0.164)	97.66 (96.21)
[300/469]	0.0130 (0.0108)	0.0046 (0.0024)	0.149 (0.161)	96.88 (96.35)
[400/469]	0.0093 (0.0107)	0.0007 (0.0023)	0.129 (0.159)	96.09 (96.42)
[468/469]	0.0089 (0.0106)	0.0006 (0.0022)	0.166 (0.159)	95.83 (96.44)
 * Train Acc 96.442
 * Val Acc 96.880, Total time 0.94
validation split name: 1
 * Val Acc 93.440, Total time 0.70
validation split name: 2
 * Val Acc 90.800, Total time 0.95
validation split name: 3
 * Val Acc 93.930, Total time 0.95
validation split name: 4
 * Val Acc 94.680, Total time 0.95
validation split name: 5
 * Val Acc 95.580, Total time 0.94
validation split name: 6
 * Val Acc 95.970, Total time 0.94
validation split name: 7
 * Val Acc 95.300, Total time 0.95
validation split name: 8
 * Val Acc 96.190, Total time 0.96
validation split name: 9
 * Val Acc 94.960, Total time 0.94
validation split name: 10
 * Val Acc 96.880, Total time 0.94
OrderedDict([('1', OrderedDict([('1', 96.04), ('2', 95.96), ('3', 95.66), ('4', 95.13), ('5', 94.68), ('6', 94.73), ('7', 94.42), ('8', 94.11), ('9', 93.98), ('10', 93.44)])), ('2', OrderedDict([('2', 96.34), ('3', 95.32), ('4', 94.46), ('5', 93.79), ('6', 92.77), ('7', 92.58), ('8', 91.94), ('9', 91.12), ('10', 90.8)])), ('3', OrderedDict([('3', 96.86), ('4', 95.51), ('5', 95.73), ('6', 95.96), ('7', 95.77), ('8', 95.47), ('9', 94.87), ('10', 93.93)])), ('4', OrderedDict([('4', 96.49), ('5', 95.74), ('6', 95.87), ('7', 96.0), ('8', 95.58), ('9', 95.61), ('10', 94.68)])), ('5', OrderedDict([('5', 96.65), ('6', 96.05), ('7', 96.23), ('8', 96.19), ('9', 95.95), ('10', 95.58)])), ('6', OrderedDict([('6', 96.69), ('7', 96.11), ('8', 96.34), ('9', 96.12), ('10', 95.97)])), ('7', OrderedDict([('7', 96.88), ('8', 95.03), ('9', 94.59), ('10', 95.3)])), ('8', OrderedDict([('8', 96.86), ('9', 96.05), ('10', 96.19)])), ('9', OrderedDict([('9', 96.9), ('10', 94.96)])), ('10', OrderedDict([('10', 96.88)]))])
Task 1 average acc: 96.04
Task 2 average acc: 96.15
Task 3 average acc: 95.94666666666666
Task 4 average acc: 95.3975
Task 5 average acc: 95.31800000000001
Task 6 average acc: 95.34499999999998
Task 7 average acc: 95.42714285714285
Task 8 average acc: 95.19
Task 9 average acc: 95.02111111111111
Task 10 average acc: 94.773
===Summary of experiment repeats: 5 / 5 ===
The regularization coefficient: 0.001
The last avg acc of all repeats: [94.97  95.474 94.269 94.913 94.773]
mean: 94.8798 std: 0.38646986945945266
reg_coef: 0.001 mean: 94.8798 std: 0.38646986945945266
Total Time for the script is 834.1001417636871 seconds
