MLP(
  (linear): Sequential(
    (0): Linear(in_features=1024, out_features=1000, bias=True)
    (1): ReLU(inplace=True)
    (2): Linear(in_features=1000, out_features=1000, bias=True)
    (3): ReLU(inplace=True)
  )
  (last): ModuleDict(
    (1): Linear(in_features=1000, out_features=10, bias=True)
    (2): Linear(in_features=1000, out_features=10, bias=True)
    (3): Linear(in_features=1000, out_features=10, bias=True)
    (4): Linear(in_features=1000, out_features=10, bias=True)
    (5): Linear(in_features=1000, out_features=10, bias=True)
    (6): Linear(in_features=1000, out_features=10, bias=True)
    (7): Linear(in_features=1000, out_features=10, bias=True)
    (8): Linear(in_features=1000, out_features=10, bias=True)
    (9): Linear(in_features=1000, out_features=10, bias=True)
    (10): Linear(in_features=1000, out_features=10, bias=True)
  )
)
#parameter of model: 2126100
Task order: ['1', '2', '3', '4', '5', '6', '7', '8', '9', '10']
====================== 1 =======================
#reg_term: 0
Epoch:0
LR: 0.0001
Itr		Time		  Data		  Loss		Acc
[0/469]	0.5244 (0.5244)	0.0939 (0.0939)	2.315 (2.315)	11.72 (11.72)
[100/469]	0.0145 (0.0122)	0.0117 (0.0049)	0.383 (0.805)	87.50 (81.40)
[200/469]	0.0031 (0.0097)	0.0001 (0.0046)	0.428 (0.571)	88.28 (85.77)
[300/469]	0.0031 (0.0089)	0.0001 (0.0045)	0.135 (0.471)	96.88 (87.78)
[400/469]	0.0157 (0.0085)	0.0127 (0.0045)	0.213 (0.408)	93.75 (89.28)
[468/469]	0.0030 (0.0083)	0.0001 (0.0044)	0.119 (0.380)	96.88 (89.96)
 * Train Acc 89.957
 * Val Acc 94.210, Total time 0.69
Epoch:1
LR: 0.0001
Itr		Time		  Data		  Loss		Acc
[0/469]	0.1171 (0.1171)	0.1088 (0.1088)	0.174 (0.174)	94.53 (94.53)
[100/469]	0.0049 (0.0083)	0.0016 (0.0052)	0.107 (0.177)	96.88 (94.98)
[200/469]	0.0032 (0.0078)	0.0001 (0.0047)	0.160 (0.170)	94.53 (95.03)
[300/469]	0.0150 (0.0076)	0.0119 (0.0045)	0.227 (0.162)	93.75 (95.28)
[400/469]	0.0032 (0.0075)	0.0001 (0.0044)	0.103 (0.156)	96.88 (95.42)
[468/469]	0.0087 (0.0075)	0.0059 (0.0044)	0.123 (0.153)	95.83 (95.52)
 * Train Acc 95.517
 * Val Acc 96.410, Total time 0.69
Computing MAS
validation split name: 1
 * Val Acc 96.410, Total time 0.71
====================== 2 =======================
#reg_term: 1
Epoch:0
LR: 0.0001
Itr		Time		  Data		  Loss		Acc
[0/469]	0.1311 (0.1311)	0.1157 (0.1157)	2.343 (2.343)	5.47 (5.47)
[100/469]	0.0135 (0.0117)	0.0051 (0.0032)	0.280 (0.656)	89.84 (81.68)
[200/469]	0.0085 (0.0110)	0.0001 (0.0025)	0.193 (0.477)	94.53 (86.47)
[300/469]	0.0093 (0.0107)	0.0009 (0.0023)	0.207 (0.398)	92.97 (88.69)
[400/469]	0.0127 (0.0106)	0.0043 (0.0022)	0.277 (0.352)	89.84 (89.98)
[468/469]	0.0089 (0.0105)	0.0006 (0.0021)	0.149 (0.328)	97.92 (90.67)
 * Train Acc 90.668
 * Val Acc 95.060, Total time 0.93
Epoch:1
LR: 0.0001
Itr		Time		  Data		  Loss		Acc
[0/469]	0.1263 (0.1263)	0.1134 (0.1134)	0.185 (0.185)	94.53 (94.53)
[100/469]	0.0086 (0.0115)	0.0002 (0.0030)	0.137 (0.164)	96.09 (95.37)
[200/469]	0.0081 (0.0109)	0.0001 (0.0024)	0.137 (0.154)	96.09 (95.50)
[300/469]	0.0129 (0.0107)	0.0045 (0.0022)	0.080 (0.149)	98.44 (95.68)
[400/469]	0.0097 (0.0106)	0.0010 (0.0021)	0.168 (0.143)	96.09 (95.92)
[468/469]	0.0088 (0.0105)	0.0006 (0.0021)	0.063 (0.140)	98.96 (96.03)
 * Train Acc 96.033
 * Val Acc 96.670, Total time 0.94
Computing MAS
validation split name: 1
 * Val Acc 95.380, Total time 0.69
validation split name: 2
 * Val Acc 96.670, Total time 0.95
====================== 3 =======================
#reg_term: 1
Epoch:0
LR: 0.0001
Itr		Time		  Data		  Loss		Acc
[0/469]	0.1437 (0.1437)	0.1307 (0.1307)	2.320 (2.320)	5.47 (5.47)
[100/469]	0.0082 (0.0122)	0.0002 (0.0039)	0.233 (0.612)	96.09 (81.95)
[200/469]	0.0091 (0.0112)	0.0010 (0.0030)	0.143 (0.436)	96.88 (87.06)
[300/469]	0.0132 (0.0109)	0.0051 (0.0027)	0.135 (0.365)	96.09 (89.19)
[400/469]	0.0088 (0.0107)	0.0008 (0.0026)	0.121 (0.323)	96.09 (90.52)
[468/469]	0.0080 (0.0107)	0.0001 (0.0025)	0.121 (0.300)	95.83 (91.20)
 * Train Acc 91.200
 * Val Acc 95.720, Total time 0.95
Epoch:1
LR: 0.0001
Itr		Time		  Data		  Loss		Acc
[0/469]	0.1387 (0.1387)	0.1250 (0.1250)	0.196 (0.196)	95.31 (95.31)
[100/469]	0.0088 (0.0117)	0.0002 (0.0030)	0.139 (0.142)	95.31 (95.99)
[200/469]	0.0085 (0.0110)	0.0001 (0.0024)	0.152 (0.136)	96.09 (96.17)
[300/469]	0.0131 (0.0108)	0.0047 (0.0022)	0.109 (0.134)	97.66 (96.23)
[400/469]	0.0093 (0.0107)	0.0009 (0.0021)	0.083 (0.130)	98.44 (96.41)
[468/469]	0.0088 (0.0106)	0.0005 (0.0021)	0.208 (0.128)	94.79 (96.46)
 * Train Acc 96.457
 * Val Acc 96.850, Total time 0.97
Computing MAS
validation split name: 1
 * Val Acc 93.560, Total time 0.69
validation split name: 2
 * Val Acc 95.890, Total time 0.97
validation split name: 3
 * Val Acc 96.850, Total time 0.96
====================== 4 =======================
#reg_term: 1
Epoch:0
LR: 0.0001
Itr		Time		  Data		  Loss		Acc
[0/469]	0.1317 (0.1317)	0.1181 (0.1181)	2.331 (2.331)	7.03 (7.03)
[100/469]	0.0129 (0.0120)	0.0046 (0.0031)	0.273 (0.573)	91.41 (83.41)
[200/469]	0.0085 (0.0111)	0.0001 (0.0025)	0.372 (0.421)	89.84 (87.95)
[300/469]	0.0132 (0.0108)	0.0047 (0.0023)	0.133 (0.355)	96.88 (89.85)
[400/469]	0.0095 (0.0107)	0.0009 (0.0022)	0.123 (0.312)	96.88 (91.11)
[468/469]	0.0092 (0.0107)	0.0006 (0.0021)	0.127 (0.293)	96.88 (91.66)
 * Train Acc 91.660
 * Val Acc 95.540, Total time 0.96
Epoch:1
LR: 0.0001
Itr		Time		  Data		  Loss		Acc
[0/469]	0.1379 (0.1379)	0.1244 (0.1244)	0.105 (0.105)	97.66 (97.66)
[100/469]	0.0093 (0.0116)	0.0008 (0.0030)	0.184 (0.148)	95.31 (96.00)
[200/469]	0.0095 (0.0110)	0.0009 (0.0025)	0.282 (0.144)	94.53 (96.12)
[300/469]	0.0123 (0.0108)	0.0039 (0.0023)	0.215 (0.139)	92.19 (96.29)
[400/469]	0.0091 (0.0107)	0.0008 (0.0023)	0.096 (0.135)	96.88 (96.40)
[468/469]	0.0088 (0.0106)	0.0006 (0.0022)	0.090 (0.132)	96.88 (96.46)
 * Train Acc 96.463
 * Val Acc 96.750, Total time 0.94
Computing MAS
validation split name: 1
 * Val Acc 92.360, Total time 0.70
validation split name: 2
 * Val Acc 95.240, Total time 0.93
validation split name: 3
 * Val Acc 95.030, Total time 0.96
validation split name: 4
 * Val Acc 96.750, Total time 0.94
====================== 5 =======================
#reg_term: 1
Epoch:0
LR: 0.0001
Itr		Time		  Data		  Loss		Acc
[0/469]	0.1304 (0.1304)	0.1178 (0.1178)	2.327 (2.327)	9.38 (9.38)
[100/469]	0.0093 (0.0115)	0.0008 (0.0033)	0.346 (0.580)	88.28 (82.84)
[200/469]	0.0084 (0.0109)	0.0001 (0.0027)	0.306 (0.426)	93.75 (87.66)
[300/469]	0.0129 (0.0107)	0.0048 (0.0026)	0.125 (0.355)	96.88 (89.85)
[400/469]	0.0096 (0.0106)	0.0016 (0.0025)	0.227 (0.314)	93.75 (91.01)
[468/469]	0.0088 (0.0105)	0.0005 (0.0024)	0.175 (0.293)	93.75 (91.64)
 * Train Acc 91.635
 * Val Acc 95.580, Total time 0.95
Epoch:1
LR: 0.0001
Itr		Time		  Data		  Loss		Acc
[0/469]	0.1306 (0.1306)	0.1170 (0.1170)	0.127 (0.127)	95.31 (95.31)
[100/469]	0.0134 (0.0120)	0.0049 (0.0034)	0.155 (0.153)	96.09 (95.86)
[200/469]	0.0085 (0.0111)	0.0002 (0.0026)	0.098 (0.146)	98.44 (96.08)
[300/469]	0.0093 (0.0108)	0.0009 (0.0024)	0.166 (0.141)	94.53 (96.28)
[400/469]	0.0129 (0.0107)	0.0040 (0.0022)	0.114 (0.138)	96.88 (96.38)
[468/469]	0.0091 (0.0106)	0.0006 (0.0022)	0.156 (0.137)	95.83 (96.47)
 * Train Acc 96.465
 * Val Acc 96.550, Total time 0.94
Computing MAS
validation split name: 1
 * Val Acc 90.530, Total time 0.69
validation split name: 2
 * Val Acc 95.270, Total time 0.96
validation split name: 3
 * Val Acc 93.690, Total time 0.95
validation split name: 4
 * Val Acc 96.090, Total time 0.95
validation split name: 5
 * Val Acc 96.550, Total time 0.94
====================== 6 =======================
#reg_term: 1
Epoch:0
LR: 0.0001
Itr		Time		  Data		  Loss		Acc
[0/469]	0.1436 (0.1436)	0.1300 (0.1300)	2.381 (2.381)	7.81 (7.81)
[100/469]	0.0086 (0.0118)	0.0001 (0.0029)	0.282 (0.582)	89.84 (82.59)
[200/469]	0.0127 (0.0111)	0.0043 (0.0024)	0.270 (0.416)	92.19 (87.73)
[300/469]	0.0085 (0.0108)	0.0001 (0.0022)	0.127 (0.353)	96.09 (89.73)
[400/469]	0.0094 (0.0107)	0.0009 (0.0021)	0.184 (0.314)	94.53 (90.93)
[468/469]	0.0084 (0.0106)	0.0001 (0.0021)	0.151 (0.296)	94.79 (91.52)
 * Train Acc 91.522
 * Val Acc 95.730, Total time 0.94
Epoch:1
LR: 0.0001
Itr		Time		  Data		  Loss		Acc
[0/469]	0.1333 (0.1333)	0.1194 (0.1194)	0.108 (0.108)	96.88 (96.88)
[100/469]	0.0088 (0.0122)	0.0002 (0.0033)	0.225 (0.154)	94.53 (96.12)
[200/469]	0.0087 (0.0113)	0.0001 (0.0026)	0.119 (0.146)	98.44 (96.35)
[300/469]	0.0130 (0.0110)	0.0047 (0.0024)	0.119 (0.145)	96.09 (96.34)
[400/469]	0.0095 (0.0108)	0.0010 (0.0023)	0.092 (0.142)	98.44 (96.43)
[468/469]	0.0090 (0.0108)	0.0005 (0.0022)	0.176 (0.139)	96.88 (96.53)
 * Train Acc 96.528
 * Val Acc 97.030, Total time 0.94
Computing MAS
validation split name: 1
 * Val Acc 90.100, Total time 0.69
validation split name: 2
 * Val Acc 94.750, Total time 0.94
validation split name: 3
 * Val Acc 94.280, Total time 0.96
validation split name: 4
 * Val Acc 95.710, Total time 0.95
validation split name: 5
 * Val Acc 95.850, Total time 0.97
validation split name: 6
 * Val Acc 97.030, Total time 0.95
====================== 7 =======================
#reg_term: 1
Epoch:0
LR: 0.0001
Itr		Time		  Data		  Loss		Acc
[0/469]	0.1467 (0.1467)	0.1316 (0.1316)	2.369 (2.369)	5.47 (5.47)
[100/469]	0.0088 (0.0121)	0.0001 (0.0033)	0.332 (0.585)	90.62 (82.78)
[200/469]	0.0092 (0.0111)	0.0009 (0.0026)	0.158 (0.426)	97.66 (87.57)
[300/469]	0.0093 (0.0109)	0.0008 (0.0024)	0.138 (0.361)	96.88 (89.61)
[400/469]	0.0086 (0.0107)	0.0001 (0.0023)	0.225 (0.320)	95.31 (90.80)
[468/469]	0.0082 (0.0107)	0.0001 (0.0022)	0.214 (0.299)	95.83 (91.48)
 * Train Acc 91.480
 * Val Acc 95.730, Total time 0.99
Epoch:1
LR: 0.0001
Itr		Time		  Data		  Loss		Acc
[0/469]	0.1363 (0.1363)	0.1222 (0.1222)	0.117 (0.117)	97.66 (97.66)
[100/469]	0.0086 (0.0116)	0.0002 (0.0030)	0.133 (0.153)	96.88 (96.09)
[200/469]	0.0094 (0.0110)	0.0010 (0.0024)	0.138 (0.153)	96.88 (96.13)
[300/469]	0.0136 (0.0108)	0.0051 (0.0023)	0.159 (0.148)	98.44 (96.31)
[400/469]	0.0085 (0.0107)	0.0001 (0.0022)	0.144 (0.146)	96.09 (96.35)
[468/469]	0.0089 (0.0106)	0.0006 (0.0021)	0.172 (0.144)	95.83 (96.46)
 * Train Acc 96.458
 * Val Acc 96.900, Total time 0.95
Computing MAS
validation split name: 1
 * Val Acc 91.780, Total time 0.71
validation split name: 2
 * Val Acc 93.620, Total time 0.94
validation split name: 3
 * Val Acc 93.680, Total time 0.94
validation split name: 4
 * Val Acc 95.980, Total time 0.93
validation split name: 5
 * Val Acc 95.830, Total time 0.96
validation split name: 6
 * Val Acc 96.680, Total time 0.95
validation split name: 7
 * Val Acc 96.900, Total time 0.96
====================== 8 =======================
#reg_term: 1
Epoch:0
LR: 0.0001
Itr		Time		  Data		  Loss		Acc
[0/469]	0.1456 (0.1456)	0.1317 (0.1317)	2.455 (2.455)	8.59 (8.59)
[100/469]	0.0085 (0.0117)	0.0002 (0.0032)	0.354 (0.559)	91.41 (83.15)
[200/469]	0.0094 (0.0110)	0.0010 (0.0025)	0.274 (0.416)	90.62 (87.75)
[300/469]	0.0092 (0.0108)	0.0008 (0.0023)	0.172 (0.353)	95.31 (89.75)
[400/469]	0.0094 (0.0107)	0.0009 (0.0022)	0.164 (0.312)	95.31 (91.05)
[468/469]	0.0086 (0.0107)	0.0001 (0.0022)	0.114 (0.294)	98.96 (91.66)
 * Train Acc 91.662
 * Val Acc 95.770, Total time 0.95
Epoch:1
LR: 0.0001
Itr		Time		  Data		  Loss		Acc
[0/469]	0.1379 (0.1379)	0.1242 (0.1242)	0.186 (0.186)	96.88 (96.88)
[100/469]	0.0097 (0.0116)	0.0010 (0.0028)	0.113 (0.152)	97.66 (96.44)
[200/469]	0.0089 (0.0110)	0.0001 (0.0022)	0.156 (0.150)	96.09 (96.44)
[300/469]	0.0114 (0.0107)	0.0028 (0.0020)	0.129 (0.151)	96.88 (96.44)
[400/469]	0.0127 (0.0106)	0.0042 (0.0019)	0.103 (0.148)	96.09 (96.52)
[468/469]	0.0090 (0.0106)	0.0007 (0.0019)	0.084 (0.146)	98.96 (96.56)
 * Train Acc 96.557
 * Val Acc 96.840, Total time 0.94
Computing MAS
validation split name: 1
 * Val Acc 92.530, Total time 0.68
validation split name: 2
 * Val Acc 94.580, Total time 0.95
validation split name: 3
 * Val Acc 94.300, Total time 1.00
validation split name: 4
 * Val Acc 95.650, Total time 0.93
validation split name: 5
 * Val Acc 95.530, Total time 0.95
validation split name: 6
 * Val Acc 96.160, Total time 0.98
validation split name: 7
 * Val Acc 94.860, Total time 0.95
validation split name: 8
 * Val Acc 96.840, Total time 0.95
====================== 9 =======================
#reg_term: 1
Epoch:0
LR: 0.0001
Itr		Time		  Data		  Loss		Acc
[0/469]	0.1295 (0.1295)	0.1159 (0.1159)	2.357 (2.357)	10.16 (10.16)
[100/469]	0.0086 (0.0116)	0.0002 (0.0031)	0.276 (0.568)	96.09 (83.29)
[200/469]	0.0094 (0.0110)	0.0011 (0.0026)	0.264 (0.419)	92.19 (87.90)
[300/469]	0.0128 (0.0108)	0.0045 (0.0024)	0.162 (0.356)	94.53 (89.89)
[400/469]	0.0092 (0.0107)	0.0009 (0.0023)	0.261 (0.316)	96.09 (91.15)
[468/469]	0.0087 (0.0106)	0.0005 (0.0023)	0.135 (0.299)	97.92 (91.71)
 * Train Acc 91.713
 * Val Acc 95.790, Total time 0.93
Epoch:1
LR: 0.0001
Itr		Time		  Data		  Loss		Acc
[0/469]	0.1313 (0.1313)	0.1171 (0.1171)	0.209 (0.209)	96.88 (96.88)
[100/469]	0.0153 (0.0119)	0.0067 (0.0032)	0.217 (0.160)	92.19 (96.03)
[200/469]	0.0086 (0.0112)	0.0002 (0.0027)	0.180 (0.158)	95.31 (96.18)
[300/469]	0.0097 (0.0109)	0.0012 (0.0024)	0.127 (0.155)	97.66 (96.28)
[400/469]	0.0101 (0.0108)	0.0016 (0.0023)	0.176 (0.152)	96.09 (96.41)
[468/469]	0.0089 (0.0107)	0.0005 (0.0022)	0.106 (0.151)	96.88 (96.46)
 * Train Acc 96.460
 * Val Acc 96.900, Total time 1.02
Computing MAS
validation split name: 1
 * Val Acc 91.370, Total time 0.70
validation split name: 2
 * Val Acc 94.450, Total time 0.95
validation split name: 3
 * Val Acc 93.960, Total time 0.93
validation split name: 4
 * Val Acc 95.750, Total time 0.96
validation split name: 5
 * Val Acc 95.520, Total time 0.93
validation split name: 6
 * Val Acc 96.020, Total time 0.94
validation split name: 7
 * Val Acc 94.730, Total time 0.97
validation split name: 8
 * Val Acc 95.840, Total time 0.97
validation split name: 9
 * Val Acc 96.900, Total time 0.95
====================== 10 =======================
#reg_term: 1
Epoch:0
LR: 0.0001
Itr		Time		  Data		  Loss		Acc
[0/469]	0.1377 (0.1377)	0.1191 (0.1191)	2.471 (2.471)	9.38 (9.38)
[100/469]	0.0084 (0.0121)	0.0001 (0.0028)	0.370 (0.571)	87.50 (83.30)
[200/469]	0.0139 (0.0113)	0.0055 (0.0024)	0.234 (0.425)	96.09 (87.88)
[300/469]	0.0085 (0.0109)	0.0001 (0.0022)	0.251 (0.361)	93.75 (89.83)
[400/469]	0.0092 (0.0108)	0.0008 (0.0021)	0.123 (0.321)	96.09 (91.08)
[468/469]	0.0084 (0.0107)	0.0001 (0.0021)	0.173 (0.301)	95.83 (91.72)
 * Train Acc 91.717
 * Val Acc 95.690, Total time 1.02
Epoch:1
LR: 0.0001
Itr		Time		  Data		  Loss		Acc
[0/469]	0.1279 (0.1279)	0.1145 (0.1145)	0.259 (0.259)	92.97 (92.97)
[100/469]	0.0087 (0.0120)	0.0001 (0.0032)	0.151 (0.169)	97.66 (95.95)
[200/469]	0.0086 (0.0112)	0.0001 (0.0025)	0.103 (0.162)	98.44 (96.14)
[300/469]	0.0136 (0.0109)	0.0052 (0.0023)	0.155 (0.159)	96.88 (96.27)
[400/469]	0.0086 (0.0108)	0.0001 (0.0022)	0.108 (0.158)	98.44 (96.38)
[468/469]	0.0089 (0.0107)	0.0006 (0.0021)	0.122 (0.157)	97.92 (96.42)
 * Train Acc 96.418
 * Val Acc 96.660, Total time 0.95
Computing MAS
validation split name: 1
 * Val Acc 92.410, Total time 0.70
validation split name: 2
 * Val Acc 92.910, Total time 0.99
validation split name: 3
 * Val Acc 94.450, Total time 0.93
validation split name: 4
 * Val Acc 95.400, Total time 0.93
validation split name: 5
 * Val Acc 95.370, Total time 0.94
validation split name: 6
 * Val Acc 95.940, Total time 0.96
validation split name: 7
 * Val Acc 95.000, Total time 0.94
validation split name: 8
 * Val Acc 95.500, Total time 0.94
validation split name: 9
 * Val Acc 96.130, Total time 0.94
validation split name: 10
 * Val Acc 96.660, Total time 0.95
OrderedDict([('1', OrderedDict([('1', 96.41), ('2', 95.38), ('3', 93.56), ('4', 92.36), ('5', 90.53), ('6', 90.1), ('7', 91.78), ('8', 92.53), ('9', 91.37), ('10', 92.41)])), ('2', OrderedDict([('2', 96.67), ('3', 95.89), ('4', 95.24), ('5', 95.27), ('6', 94.75), ('7', 93.62), ('8', 94.58), ('9', 94.45), ('10', 92.91)])), ('3', OrderedDict([('3', 96.85), ('4', 95.03), ('5', 93.69), ('6', 94.28), ('7', 93.68), ('8', 94.3), ('9', 93.96), ('10', 94.45)])), ('4', OrderedDict([('4', 96.75), ('5', 96.09), ('6', 95.71), ('7', 95.98), ('8', 95.65), ('9', 95.75), ('10', 95.4)])), ('5', OrderedDict([('5', 96.55), ('6', 95.85), ('7', 95.83), ('8', 95.53), ('9', 95.52), ('10', 95.37)])), ('6', OrderedDict([('6', 97.03), ('7', 96.68), ('8', 96.16), ('9', 96.02), ('10', 95.94)])), ('7', OrderedDict([('7', 96.9), ('8', 94.86), ('9', 94.73), ('10', 95.0)])), ('8', OrderedDict([('8', 96.84), ('9', 95.84), ('10', 95.5)])), ('9', OrderedDict([('9', 96.9), ('10', 96.13)])), ('10', OrderedDict([('10', 96.66)]))])
Task 1 average acc: 96.41
Task 2 average acc: 96.025
Task 3 average acc: 95.43333333333332
Task 4 average acc: 94.845
Task 5 average acc: 94.42600000000002
Task 6 average acc: 94.61999999999999
Task 7 average acc: 94.92428571428572
Task 8 average acc: 95.05625
Task 9 average acc: 94.94888888888889
Task 10 average acc: 94.977
===Summary of experiment repeats: 1 / 5 ===
The regularization coefficient: 0.01
The last avg acc of all repeats: [94.977  0.     0.     0.     0.   ]
mean: 18.9954 std: 37.9908
MLP(
  (linear): Sequential(
    (0): Linear(in_features=1024, out_features=1000, bias=True)
    (1): ReLU(inplace=True)
    (2): Linear(in_features=1000, out_features=1000, bias=True)
    (3): ReLU(inplace=True)
  )
  (last): ModuleDict(
    (1): Linear(in_features=1000, out_features=10, bias=True)
    (2): Linear(in_features=1000, out_features=10, bias=True)
    (3): Linear(in_features=1000, out_features=10, bias=True)
    (4): Linear(in_features=1000, out_features=10, bias=True)
    (5): Linear(in_features=1000, out_features=10, bias=True)
    (6): Linear(in_features=1000, out_features=10, bias=True)
    (7): Linear(in_features=1000, out_features=10, bias=True)
    (8): Linear(in_features=1000, out_features=10, bias=True)
    (9): Linear(in_features=1000, out_features=10, bias=True)
    (10): Linear(in_features=1000, out_features=10, bias=True)
  )
)
#parameter of model: 2126100
Task order: ['1', '2', '3', '4', '5', '6', '7', '8', '9', '10']
====================== 1 =======================
#reg_term: 0
Epoch:0
LR: 0.0001
Itr		Time		  Data		  Loss		Acc
[0/469]	0.1192 (0.1192)	0.1099 (0.1099)	2.317 (2.317)	12.50 (12.50)
[100/469]	0.0035 (0.0085)	0.0002 (0.0052)	0.377 (0.807)	89.06 (80.48)
[200/469]	0.0031 (0.0079)	0.0001 (0.0048)	0.314 (0.562)	89.06 (85.58)
[300/469]	0.0151 (0.0077)	0.0117 (0.0046)	0.258 (0.465)	92.97 (87.77)
[400/469]	0.0032 (0.0076)	0.0002 (0.0045)	0.252 (0.405)	92.97 (89.23)
[468/469]	0.0101 (0.0075)	0.0070 (0.0044)	0.107 (0.375)	95.83 (89.97)
 * Train Acc 89.970
 * Val Acc 94.460, Total time 0.69
Epoch:1
LR: 0.0001
Itr		Time		  Data		  Loss		Acc
[0/469]	0.1266 (0.1266)	0.1189 (0.1189)	0.211 (0.211)	93.75 (93.75)
[100/469]	0.0032 (0.0089)	0.0001 (0.0057)	0.093 (0.176)	97.66 (94.74)
[200/469]	0.0031 (0.0081)	0.0001 (0.0049)	0.096 (0.168)	97.66 (95.04)
[300/469]	0.0032 (0.0079)	0.0002 (0.0047)	0.069 (0.160)	96.88 (95.33)
[400/469]	0.0031 (0.0077)	0.0001 (0.0046)	0.184 (0.155)	92.19 (95.51)
[468/469]	0.0029 (0.0077)	0.0001 (0.0045)	0.137 (0.152)	95.83 (95.59)
 * Train Acc 95.590
 * Val Acc 95.910, Total time 0.71
Computing MAS
validation split name: 1
 * Val Acc 95.910, Total time 0.75
====================== 2 =======================
#reg_term: 1
Epoch:0
LR: 0.0001
Itr		Time		  Data		  Loss		Acc
[0/469]	0.1402 (0.1402)	0.1242 (0.1242)	2.351 (2.351)	7.81 (7.81)
[100/469]	0.0093 (0.0116)	0.0009 (0.0030)	0.391 (0.669)	88.28 (81.65)
[200/469]	0.0086 (0.0110)	0.0001 (0.0024)	0.373 (0.479)	90.62 (86.50)
[300/469]	0.0095 (0.0108)	0.0010 (0.0022)	0.156 (0.401)	94.53 (88.65)
[400/469]	0.0100 (0.0107)	0.0015 (0.0021)	0.120 (0.350)	96.09 (90.07)
[468/469]	0.0091 (0.0106)	0.0007 (0.0021)	0.171 (0.328)	94.79 (90.72)
 * Train Acc 90.718
 * Val Acc 95.440, Total time 0.99
Epoch:1
LR: 0.0001
Itr		Time		  Data		  Loss		Acc
[0/469]	0.1364 (0.1364)	0.1227 (0.1227)	0.127 (0.127)	96.88 (96.88)
[100/469]	0.0095 (0.0115)	0.0008 (0.0027)	0.151 (0.162)	95.31 (95.46)
[200/469]	0.0089 (0.0109)	0.0001 (0.0021)	0.077 (0.153)	97.66 (95.74)
[300/469]	0.0123 (0.0107)	0.0036 (0.0020)	0.085 (0.146)	98.44 (95.93)
[400/469]	0.0104 (0.0106)	0.0017 (0.0019)	0.133 (0.144)	98.44 (95.96)
[468/469]	0.0089 (0.0106)	0.0006 (0.0018)	0.143 (0.140)	95.83 (96.07)
 * Train Acc 96.073
 * Val Acc 96.810, Total time 0.94
Computing MAS
validation split name: 1
 * Val Acc 92.410, Total time 0.69
validation split name: 2
 * Val Acc 96.810, Total time 0.95
====================== 3 =======================
#reg_term: 1
Epoch:0
LR: 0.0001
Itr		Time		  Data		  Loss		Acc
[0/469]	0.1270 (0.1270)	0.1141 (0.1141)	2.360 (2.360)	5.47 (5.47)
[100/469]	0.0096 (0.0114)	0.0017 (0.0033)	0.247 (0.619)	92.97 (81.52)
[200/469]	0.0082 (0.0108)	0.0001 (0.0027)	0.369 (0.448)	89.06 (86.67)
[300/469]	0.0089 (0.0106)	0.0009 (0.0025)	0.256 (0.367)	92.19 (89.15)
[400/469]	0.0130 (0.0106)	0.0047 (0.0025)	0.265 (0.321)	90.62 (90.54)
[468/469]	0.0089 (0.0105)	0.0007 (0.0024)	0.182 (0.299)	93.75 (91.21)
 * Train Acc 91.207
 * Val Acc 95.800, Total time 0.93
Epoch:1
LR: 0.0001
Itr		Time		  Data		  Loss		Acc
[0/469]	0.1382 (0.1382)	0.1245 (0.1245)	0.180 (0.180)	91.41 (91.41)
[100/469]	0.0095 (0.0116)	0.0010 (0.0031)	0.109 (0.143)	97.66 (95.92)
[200/469]	0.0087 (0.0111)	0.0001 (0.0026)	0.100 (0.138)	97.66 (96.12)
[300/469]	0.0142 (0.0109)	0.0058 (0.0024)	0.106 (0.131)	97.66 (96.36)
[400/469]	0.0085 (0.0108)	0.0001 (0.0023)	0.126 (0.129)	97.66 (96.44)
[468/469]	0.0091 (0.0107)	0.0007 (0.0022)	0.114 (0.127)	96.88 (96.50)
 * Train Acc 96.500
 * Val Acc 96.870, Total time 0.99
Computing MAS
validation split name: 1
 * Val Acc 92.080, Total time 0.76
validation split name: 2
 * Val Acc 95.400, Total time 0.94
validation split name: 3
 * Val Acc 96.870, Total time 0.94
====================== 4 =======================
#reg_term: 1
Epoch:0
LR: 0.0001
Itr		Time		  Data		  Loss		Acc
[0/469]	0.1418 (0.1418)	0.1289 (0.1289)	2.327 (2.327)	14.84 (14.84)
[100/469]	0.0137 (0.0121)	0.0052 (0.0035)	0.356 (0.593)	89.06 (82.47)
[200/469]	0.0095 (0.0113)	0.0010 (0.0028)	0.192 (0.432)	94.53 (87.16)
[300/469]	0.0093 (0.0110)	0.0008 (0.0025)	0.185 (0.364)	93.75 (89.33)
[400/469]	0.0122 (0.0109)	0.0035 (0.0023)	0.178 (0.321)	92.19 (90.64)
[468/469]	0.0085 (0.0108)	0.0001 (0.0023)	0.197 (0.299)	94.79 (91.31)
 * Train Acc 91.305
 * Val Acc 95.770, Total time 0.98
Epoch:1
LR: 0.0001
Itr		Time		  Data		  Loss		Acc
[0/469]	0.1437 (0.1437)	0.1287 (0.1287)	0.091 (0.091)	97.66 (97.66)
[100/469]	0.0085 (0.0120)	0.0001 (0.0034)	0.171 (0.147)	94.53 (96.16)
[200/469]	0.0093 (0.0111)	0.0010 (0.0026)	0.170 (0.143)	94.53 (96.25)
[300/469]	0.0102 (0.0108)	0.0018 (0.0024)	0.125 (0.139)	96.09 (96.30)
[400/469]	0.0086 (0.0107)	0.0001 (0.0022)	0.101 (0.134)	96.09 (96.42)
[468/469]	0.0089 (0.0106)	0.0006 (0.0022)	0.148 (0.131)	96.88 (96.51)
 * Train Acc 96.508
 * Val Acc 96.750, Total time 0.99
Computing MAS
validation split name: 1
 * Val Acc 90.600, Total time 0.69
validation split name: 2
 * Val Acc 95.700, Total time 0.96
validation split name: 3
 * Val Acc 96.710, Total time 0.97
validation split name: 4
 * Val Acc 96.750, Total time 0.93
====================== 5 =======================
#reg_term: 1
Epoch:0
LR: 0.0001
Itr		Time		  Data		  Loss		Acc
[0/469]	0.1329 (0.1329)	0.1193 (0.1193)	2.336 (2.336)	8.59 (8.59)
[100/469]	0.0087 (0.0115)	0.0001 (0.0028)	0.229 (0.586)	95.31 (82.79)
[200/469]	0.0096 (0.0109)	0.0009 (0.0022)	0.300 (0.430)	89.84 (87.24)
[300/469]	0.0103 (0.0107)	0.0019 (0.0020)	0.307 (0.355)	91.41 (89.55)
[400/469]	0.0087 (0.0106)	0.0001 (0.0019)	0.174 (0.316)	95.31 (90.83)
[468/469]	0.0080 (0.0105)	0.0001 (0.0019)	0.221 (0.295)	94.79 (91.47)
 * Train Acc 91.472
 * Val Acc 95.780, Total time 0.97
Epoch:1
LR: 0.0001
Itr		Time		  Data		  Loss		Acc
[0/469]	0.1321 (0.1321)	0.1181 (0.1181)	0.170 (0.170)	97.66 (97.66)
[100/469]	0.0089 (0.0117)	0.0004 (0.0031)	0.148 (0.148)	94.53 (96.08)
[200/469]	0.0085 (0.0111)	0.0001 (0.0025)	0.080 (0.141)	98.44 (96.30)
[300/469]	0.0102 (0.0109)	0.0017 (0.0024)	0.247 (0.137)	96.09 (96.47)
[400/469]	0.0152 (0.0108)	0.0068 (0.0023)	0.080 (0.135)	97.66 (96.51)
[468/469]	0.0083 (0.0107)	0.0001 (0.0023)	0.094 (0.133)	97.92 (96.55)
 * Train Acc 96.553
 * Val Acc 96.900, Total time 0.95
Computing MAS
validation split name: 1
 * Val Acc 89.200, Total time 0.70
validation split name: 2
 * Val Acc 94.760, Total time 0.97
validation split name: 3
 * Val Acc 95.980, Total time 0.94
validation split name: 4
 * Val Acc 96.050, Total time 0.94
validation split name: 5
 * Val Acc 96.900, Total time 0.94
====================== 6 =======================
#reg_term: 1
Epoch:0
LR: 0.0001
Itr		Time		  Data		  Loss		Acc
[0/469]	0.1482 (0.1482)	0.1337 (0.1337)	2.477 (2.477)	10.16 (10.16)
[100/469]	0.0085 (0.0118)	0.0001 (0.0033)	0.243 (0.595)	93.75 (82.49)
[200/469]	0.0092 (0.0110)	0.0008 (0.0025)	0.244 (0.433)	91.41 (87.38)
[300/469]	0.0121 (0.0108)	0.0037 (0.0023)	0.138 (0.366)	94.53 (89.48)
[400/469]	0.0085 (0.0106)	0.0001 (0.0022)	0.152 (0.323)	95.31 (90.77)
[468/469]	0.0085 (0.0106)	0.0001 (0.0022)	0.233 (0.301)	92.71 (91.44)
 * Train Acc 91.438
 * Val Acc 95.490, Total time 0.93
Epoch:1
LR: 0.0001
Itr		Time		  Data		  Loss		Acc
[0/469]	0.1473 (0.1473)	0.1338 (0.1338)	0.227 (0.227)	93.75 (93.75)
[100/469]	0.0086 (0.0121)	0.0001 (0.0034)	0.124 (0.158)	96.88 (96.01)
[200/469]	0.0087 (0.0112)	0.0001 (0.0026)	0.108 (0.155)	97.66 (96.10)
[300/469]	0.0138 (0.0109)	0.0054 (0.0024)	0.105 (0.150)	96.09 (96.23)
[400/469]	0.0086 (0.0108)	0.0001 (0.0023)	0.193 (0.144)	97.66 (96.41)
[468/469]	0.0090 (0.0107)	0.0006 (0.0022)	0.153 (0.142)	96.88 (96.47)
 * Train Acc 96.475
 * Val Acc 96.670, Total time 0.93
Computing MAS
validation split name: 1
 * Val Acc 87.230, Total time 0.71
validation split name: 2
 * Val Acc 94.210, Total time 0.93
validation split name: 3
 * Val Acc 96.010, Total time 0.95
validation split name: 4
 * Val Acc 96.010, Total time 0.96
validation split name: 5
 * Val Acc 96.200, Total time 0.94
validation split name: 6
 * Val Acc 96.670, Total time 0.93
====================== 7 =======================
#reg_term: 1
Epoch:0
LR: 0.0001
Itr		Time		  Data		  Loss		Acc
[0/469]	0.1386 (0.1386)	0.1248 (0.1248)	2.304 (2.304)	13.28 (13.28)
[100/469]	0.0095 (0.0115)	0.0009 (0.0028)	0.166 (0.567)	96.09 (84.07)
[200/469]	0.0087 (0.0109)	0.0001 (0.0022)	0.397 (0.421)	89.06 (88.11)
[300/469]	0.0122 (0.0107)	0.0038 (0.0021)	0.142 (0.355)	97.66 (89.98)
[400/469]	0.0094 (0.0106)	0.0010 (0.0020)	0.255 (0.314)	92.97 (91.21)
[468/469]	0.0092 (0.0106)	0.0007 (0.0020)	0.249 (0.296)	95.83 (91.80)
 * Train Acc 91.800
 * Val Acc 95.970, Total time 0.95
Epoch:1
LR: 0.0001
Itr		Time		  Data		  Loss		Acc
[0/469]	0.1409 (0.1409)	0.1273 (0.1273)	0.138 (0.138)	96.09 (96.09)
[100/469]	0.0092 (0.0117)	0.0008 (0.0032)	0.206 (0.156)	95.31 (96.09)
[200/469]	0.0085 (0.0110)	0.0001 (0.0026)	0.143 (0.153)	97.66 (96.18)
[300/469]	0.0102 (0.0108)	0.0019 (0.0024)	0.119 (0.149)	97.66 (96.29)
[400/469]	0.0122 (0.0107)	0.0036 (0.0023)	0.076 (0.145)	99.22 (96.46)
[468/469]	0.0089 (0.0107)	0.0006 (0.0022)	0.270 (0.143)	93.75 (96.55)
 * Train Acc 96.545
 * Val Acc 96.800, Total time 1.00
Computing MAS
validation split name: 1
 * Val Acc 82.180, Total time 0.71
validation split name: 2
 * Val Acc 93.790, Total time 0.95
validation split name: 3
 * Val Acc 95.200, Total time 0.95
validation split name: 4
 * Val Acc 95.370, Total time 0.93
validation split name: 5
 * Val Acc 95.610, Total time 0.96
validation split name: 6
 * Val Acc 95.330, Total time 0.95
validation split name: 7
 * Val Acc 96.800, Total time 0.95
====================== 8 =======================
#reg_term: 1
Epoch:0
LR: 0.0001
Itr		Time		  Data		  Loss		Acc
[0/469]	0.1353 (0.1353)	0.1214 (0.1214)	2.220 (2.220)	25.78 (25.78)
[100/469]	0.0085 (0.0115)	0.0001 (0.0030)	0.279 (0.566)	91.41 (83.50)
[200/469]	0.0096 (0.0109)	0.0011 (0.0025)	0.354 (0.415)	92.97 (88.14)
[300/469]	0.0128 (0.0108)	0.0043 (0.0023)	0.222 (0.351)	92.97 (90.05)
[400/469]	0.0087 (0.0107)	0.0001 (0.0022)	0.154 (0.313)	96.09 (91.18)
[468/469]	0.0090 (0.0106)	0.0006 (0.0021)	0.343 (0.296)	92.71 (91.71)
 * Train Acc 91.707
 * Val Acc 95.620, Total time 0.94
Epoch:1
LR: 0.0001
Itr		Time		  Data		  Loss		Acc
[0/469]	0.1398 (0.1398)	0.1273 (0.1273)	0.130 (0.130)	96.88 (96.88)
[100/469]	0.0084 (0.0116)	0.0001 (0.0032)	0.144 (0.158)	96.88 (96.14)
[200/469]	0.0085 (0.0109)	0.0001 (0.0026)	0.161 (0.154)	96.88 (96.31)
[300/469]	0.0139 (0.0108)	0.0055 (0.0024)	0.139 (0.151)	96.88 (96.38)
[400/469]	0.0085 (0.0107)	0.0002 (0.0023)	0.116 (0.150)	98.44 (96.42)
[468/469]	0.0088 (0.0106)	0.0006 (0.0023)	0.134 (0.148)	95.83 (96.49)
 * Train Acc 96.487
 * Val Acc 96.980, Total time 0.95
Computing MAS
validation split name: 1
 * Val Acc 84.570, Total time 0.69
validation split name: 2
 * Val Acc 93.360, Total time 0.95
validation split name: 3
 * Val Acc 95.150, Total time 0.97
validation split name: 4
 * Val Acc 95.620, Total time 0.95
validation split name: 5
 * Val Acc 95.890, Total time 0.98
validation split name: 6
 * Val Acc 95.060, Total time 0.93
validation split name: 7
 * Val Acc 95.280, Total time 0.98
validation split name: 8
 * Val Acc 96.980, Total time 0.94
====================== 9 =======================
#reg_term: 1
Epoch:0
LR: 0.0001
Itr		Time		  Data		  Loss		Acc
[0/469]	0.1328 (0.1328)	0.1197 (0.1197)	2.621 (2.621)	18.75 (18.75)
[100/469]	0.0135 (0.0119)	0.0052 (0.0034)	0.172 (0.591)	95.31 (82.41)
[200/469]	0.0095 (0.0112)	0.0011 (0.0027)	0.278 (0.434)	89.84 (87.36)
[300/469]	0.0081 (0.0109)	0.0001 (0.0026)	0.263 (0.369)	89.84 (89.41)
[400/469]	0.0085 (0.0109)	0.0001 (0.0024)	0.143 (0.329)	96.88 (90.70)
[468/469]	0.0094 (0.0108)	0.0010 (0.0023)	0.151 (0.307)	94.79 (91.40)
 * Train Acc 91.403
 * Val Acc 95.450, Total time 0.94
Epoch:1
LR: 0.0001
Itr		Time		  Data		  Loss		Acc
[0/469]	0.1441 (0.1441)	0.1306 (0.1306)	0.173 (0.173)	96.09 (96.09)
[100/469]	0.0087 (0.0119)	0.0001 (0.0031)	0.219 (0.164)	94.53 (96.36)
[200/469]	0.0086 (0.0111)	0.0001 (0.0025)	0.187 (0.159)	95.31 (96.41)
[300/469]	0.0138 (0.0108)	0.0054 (0.0023)	0.120 (0.157)	96.88 (96.42)
[400/469]	0.0096 (0.0107)	0.0009 (0.0022)	0.067 (0.155)	100.00 (96.48)
[468/469]	0.0090 (0.0106)	0.0005 (0.0021)	0.069 (0.154)	100.00 (96.50)
 * Train Acc 96.498
 * Val Acc 96.490, Total time 0.96
Computing MAS
validation split name: 1
 * Val Acc 81.520, Total time 0.70
validation split name: 2
 * Val Acc 92.820, Total time 0.94
validation split name: 3
 * Val Acc 94.770, Total time 0.99
validation split name: 4
 * Val Acc 95.260, Total time 0.94
validation split name: 5
 * Val Acc 96.010, Total time 0.94
validation split name: 6
 * Val Acc 94.120, Total time 0.94
validation split name: 7
 * Val Acc 95.190, Total time 0.94
validation split name: 8
 * Val Acc 96.290, Total time 0.93
validation split name: 9
 * Val Acc 96.490, Total time 0.94
====================== 10 =======================
#reg_term: 1
Epoch:0
LR: 0.0001
Itr		Time		  Data		  Loss		Acc
[0/469]	0.1333 (0.1333)	0.1198 (0.1198)	2.473 (2.473)	4.69 (4.69)
[100/469]	0.0094 (0.0115)	0.0009 (0.0030)	0.394 (0.550)	85.16 (83.42)
[200/469]	0.0085 (0.0109)	0.0001 (0.0024)	0.298 (0.415)	92.19 (87.86)
[300/469]	0.0120 (0.0107)	0.0036 (0.0023)	0.295 (0.354)	91.41 (89.87)
[400/469]	0.0093 (0.0106)	0.0009 (0.0022)	0.162 (0.317)	95.31 (91.06)
[468/469]	0.0089 (0.0106)	0.0006 (0.0021)	0.184 (0.297)	95.83 (91.70)
 * Train Acc 91.705
 * Val Acc 95.820, Total time 0.94
Epoch:1
LR: 0.0001
Itr		Time		  Data		  Loss		Acc
[0/469]	0.1333 (0.1333)	0.1195 (0.1195)	0.185 (0.185)	95.31 (95.31)
[100/469]	0.0095 (0.0115)	0.0011 (0.0029)	0.156 (0.167)	96.88 (96.02)
[200/469]	0.0085 (0.0109)	0.0001 (0.0024)	0.097 (0.164)	98.44 (96.08)
[300/469]	0.0124 (0.0107)	0.0039 (0.0022)	0.181 (0.160)	96.09 (96.26)
[400/469]	0.0095 (0.0106)	0.0010 (0.0021)	0.158 (0.157)	95.31 (96.36)
[468/469]	0.0087 (0.0106)	0.0005 (0.0021)	0.142 (0.155)	96.88 (96.43)
 * Train Acc 96.432
 * Val Acc 96.930, Total time 1.00
Computing MAS
validation split name: 1
 * Val Acc 82.660, Total time 0.72
validation split name: 2
 * Val Acc 93.000, Total time 1.00
validation split name: 3
 * Val Acc 94.670, Total time 0.94
validation split name: 4
 * Val Acc 94.540, Total time 0.94
validation split name: 5
 * Val Acc 95.490, Total time 0.93
validation split name: 6
 * Val Acc 94.570, Total time 0.94
validation split name: 7
 * Val Acc 93.920, Total time 0.94
validation split name: 8
 * Val Acc 96.300, Total time 0.94
validation split name: 9
 * Val Acc 96.390, Total time 0.94
validation split name: 10
 * Val Acc 96.930, Total time 0.94
OrderedDict([('1', OrderedDict([('1', 95.91), ('2', 92.41), ('3', 92.08), ('4', 90.6), ('5', 89.2), ('6', 87.23), ('7', 82.18), ('8', 84.57), ('9', 81.52), ('10', 82.66)])), ('2', OrderedDict([('2', 96.81), ('3', 95.4), ('4', 95.7), ('5', 94.76), ('6', 94.21), ('7', 93.79), ('8', 93.36), ('9', 92.82), ('10', 93.0)])), ('3', OrderedDict([('3', 96.87), ('4', 96.71), ('5', 95.98), ('6', 96.01), ('7', 95.2), ('8', 95.15), ('9', 94.77), ('10', 94.67)])), ('4', OrderedDict([('4', 96.75), ('5', 96.05), ('6', 96.01), ('7', 95.37), ('8', 95.62), ('9', 95.26), ('10', 94.54)])), ('5', OrderedDict([('5', 96.9), ('6', 96.2), ('7', 95.61), ('8', 95.89), ('9', 96.01), ('10', 95.49)])), ('6', OrderedDict([('6', 96.67), ('7', 95.33), ('8', 95.06), ('9', 94.12), ('10', 94.57)])), ('7', OrderedDict([('7', 96.8), ('8', 95.28), ('9', 95.19), ('10', 93.92)])), ('8', OrderedDict([('8', 96.98), ('9', 96.29), ('10', 96.3)])), ('9', OrderedDict([('9', 96.49), ('10', 96.39)])), ('10', OrderedDict([('10', 96.93)]))])
Task 1 average acc: 95.91
Task 2 average acc: 94.61
Task 3 average acc: 94.78333333333335
Task 4 average acc: 94.94
Task 5 average acc: 94.578
Task 6 average acc: 94.38833333333332
Task 7 average acc: 93.46857142857142
Task 8 average acc: 93.98875000000001
Task 9 average acc: 93.60777777777778
Task 10 average acc: 93.84700000000001
===Summary of experiment repeats: 2 / 5 ===
The regularization coefficient: 0.01
The last avg acc of all repeats: [94.977 93.847  0.     0.     0.   ]
mean: 37.7648 std: 46.25362546395688
MLP(
  (linear): Sequential(
    (0): Linear(in_features=1024, out_features=1000, bias=True)
    (1): ReLU(inplace=True)
    (2): Linear(in_features=1000, out_features=1000, bias=True)
    (3): ReLU(inplace=True)
  )
  (last): ModuleDict(
    (1): Linear(in_features=1000, out_features=10, bias=True)
    (2): Linear(in_features=1000, out_features=10, bias=True)
    (3): Linear(in_features=1000, out_features=10, bias=True)
    (4): Linear(in_features=1000, out_features=10, bias=True)
    (5): Linear(in_features=1000, out_features=10, bias=True)
    (6): Linear(in_features=1000, out_features=10, bias=True)
    (7): Linear(in_features=1000, out_features=10, bias=True)
    (8): Linear(in_features=1000, out_features=10, bias=True)
    (9): Linear(in_features=1000, out_features=10, bias=True)
    (10): Linear(in_features=1000, out_features=10, bias=True)
  )
)
#parameter of model: 2126100
Task order: ['1', '2', '3', '4', '5', '6', '7', '8', '9', '10']
====================== 1 =======================
#reg_term: 0
Epoch:0
LR: 0.0001
Itr		Time		  Data		  Loss		Acc
[0/469]	0.1190 (0.1190)	0.1113 (0.1113)	2.330 (2.330)	5.47 (5.47)
[100/469]	0.0052 (0.0084)	0.0021 (0.0051)	0.298 (0.829)	90.62 (79.77)
[200/469]	0.0031 (0.0078)	0.0001 (0.0046)	0.245 (0.575)	93.75 (85.28)
[300/469]	0.0049 (0.0077)	0.0017 (0.0044)	0.165 (0.471)	96.88 (87.56)
[400/469]	0.0139 (0.0076)	0.0109 (0.0044)	0.255 (0.410)	91.41 (89.06)
[468/469]	0.0036 (0.0075)	0.0007 (0.0043)	0.164 (0.382)	94.79 (89.75)
 * Train Acc 89.753
 * Val Acc 94.240, Total time 0.69
Epoch:1
LR: 0.0001
Itr		Time		  Data		  Loss		Acc
[0/469]	0.1275 (0.1275)	0.1198 (0.1198)	0.303 (0.303)	92.97 (92.97)
[100/469]	0.0030 (0.0088)	0.0001 (0.0058)	0.153 (0.174)	95.31 (94.83)
[200/469]	0.0111 (0.0080)	0.0082 (0.0050)	0.130 (0.165)	96.09 (95.15)
[300/469]	0.0046 (0.0077)	0.0016 (0.0048)	0.160 (0.160)	94.53 (95.33)
[400/469]	0.0037 (0.0076)	0.0008 (0.0046)	0.150 (0.153)	96.09 (95.55)
[468/469]	0.0029 (0.0075)	0.0001 (0.0046)	0.135 (0.150)	95.83 (95.69)
 * Train Acc 95.687
 * Val Acc 96.550, Total time 0.69
Computing MAS
validation split name: 1
 * Val Acc 96.550, Total time 0.72
====================== 2 =======================
#reg_term: 1
Epoch:0
LR: 0.0001
Itr		Time		  Data		  Loss		Acc
[0/469]	0.1350 (0.1350)	0.1195 (0.1195)	2.328 (2.328)	6.25 (6.25)
[100/469]	0.0093 (0.0115)	0.0009 (0.0030)	0.284 (0.652)	89.84 (81.53)
[200/469]	0.0144 (0.0110)	0.0060 (0.0026)	0.287 (0.471)	93.75 (86.56)
[300/469]	0.0086 (0.0108)	0.0001 (0.0024)	0.179 (0.393)	96.09 (88.76)
[400/469]	0.0089 (0.0107)	0.0001 (0.0023)	0.217 (0.348)	93.75 (90.02)
[468/469]	0.0084 (0.0106)	0.0001 (0.0022)	0.153 (0.326)	93.75 (90.67)
 * Train Acc 90.673
 * Val Acc 95.140, Total time 0.95
Epoch:1
LR: 0.0001
Itr		Time		  Data		  Loss		Acc
[0/469]	0.1501 (0.1501)	0.1368 (0.1368)	0.103 (0.103)	96.88 (96.88)
[100/469]	0.0087 (0.0121)	0.0001 (0.0033)	0.079 (0.157)	98.44 (95.43)
[200/469]	0.0094 (0.0112)	0.0010 (0.0026)	0.155 (0.154)	95.31 (95.54)
[300/469]	0.0113 (0.0109)	0.0028 (0.0023)	0.181 (0.146)	94.53 (95.87)
[400/469]	0.0085 (0.0108)	0.0001 (0.0022)	0.120 (0.142)	95.31 (96.01)
[468/469]	0.0090 (0.0107)	0.0007 (0.0022)	0.094 (0.139)	97.92 (96.12)
 * Train Acc 96.117
 * Val Acc 96.450, Total time 0.95
Computing MAS
validation split name: 1
 * Val Acc 94.550, Total time 0.70
validation split name: 2
 * Val Acc 96.450, Total time 0.94
====================== 3 =======================
#reg_term: 1
Epoch:0
LR: 0.0001
Itr		Time		  Data		  Loss		Acc
[0/469]	0.1342 (0.1342)	0.1168 (0.1168)	2.308 (2.308)	11.72 (11.72)
[100/469]	0.0096 (0.0116)	0.0011 (0.0029)	0.249 (0.602)	91.41 (82.26)
[200/469]	0.0086 (0.0110)	0.0001 (0.0024)	0.161 (0.438)	96.09 (87.22)
[300/469]	0.0134 (0.0108)	0.0048 (0.0022)	0.110 (0.365)	96.88 (89.34)
[400/469]	0.0087 (0.0106)	0.0002 (0.0021)	0.175 (0.322)	94.53 (90.59)
[468/469]	0.0095 (0.0106)	0.0007 (0.0021)	0.149 (0.300)	97.92 (91.27)
 * Train Acc 91.267
 * Val Acc 95.740, Total time 1.00
Epoch:1
LR: 0.0001
Itr		Time		  Data		  Loss		Acc
[0/469]	0.1331 (0.1331)	0.1207 (0.1207)	0.150 (0.150)	94.53 (94.53)
[100/469]	0.0087 (0.0117)	0.0002 (0.0032)	0.104 (0.141)	96.88 (96.06)
[200/469]	0.0084 (0.0110)	0.0001 (0.0026)	0.127 (0.137)	96.88 (96.18)
[300/469]	0.0139 (0.0108)	0.0056 (0.0023)	0.069 (0.134)	98.44 (96.29)
[400/469]	0.0085 (0.0107)	0.0002 (0.0022)	0.151 (0.131)	96.09 (96.41)
[468/469]	0.0090 (0.0106)	0.0008 (0.0022)	0.079 (0.129)	97.92 (96.46)
 * Train Acc 96.458
 * Val Acc 96.890, Total time 0.95
Computing MAS
validation split name: 1
 * Val Acc 94.920, Total time 0.69
validation split name: 2
 * Val Acc 95.290, Total time 0.95
validation split name: 3
 * Val Acc 96.890, Total time 0.96
====================== 4 =======================
#reg_term: 1
Epoch:0
LR: 0.0001
Itr		Time		  Data		  Loss		Acc
[0/469]	0.1355 (0.1355)	0.1218 (0.1218)	2.365 (2.365)	7.81 (7.81)
[100/469]	0.0102 (0.0115)	0.0017 (0.0029)	0.291 (0.606)	90.62 (82.16)
[200/469]	0.0085 (0.0109)	0.0001 (0.0024)	0.189 (0.434)	91.41 (87.29)
[300/469]	0.0125 (0.0108)	0.0039 (0.0022)	0.190 (0.363)	95.31 (89.46)
[400/469]	0.0127 (0.0107)	0.0044 (0.0021)	0.159 (0.316)	96.88 (90.89)
[468/469]	0.0090 (0.0106)	0.0007 (0.0021)	0.069 (0.294)	98.96 (91.54)
 * Train Acc 91.540
 * Val Acc 95.220, Total time 0.93
Epoch:1
LR: 0.0001
Itr		Time		  Data		  Loss		Acc
[0/469]	0.1343 (0.1343)	0.1211 (0.1211)	0.126 (0.126)	98.44 (98.44)
[100/469]	0.0137 (0.0120)	0.0049 (0.0036)	0.111 (0.139)	98.44 (96.29)
[200/469]	0.0085 (0.0112)	0.0002 (0.0027)	0.137 (0.134)	96.09 (96.39)
[300/469]	0.0093 (0.0109)	0.0008 (0.0024)	0.249 (0.133)	94.53 (96.37)
[400/469]	0.0121 (0.0107)	0.0036 (0.0022)	0.118 (0.131)	96.88 (96.47)
[468/469]	0.0084 (0.0106)	0.0001 (0.0022)	0.129 (0.130)	96.88 (96.49)
 * Train Acc 96.487
 * Val Acc 96.940, Total time 0.96
Computing MAS
validation split name: 1
 * Val Acc 93.020, Total time 0.71
validation split name: 2
 * Val Acc 94.970, Total time 0.96
validation split name: 3
 * Val Acc 96.320, Total time 0.99
validation split name: 4
 * Val Acc 96.940, Total time 0.96
====================== 5 =======================
#reg_term: 1
Epoch:0
LR: 0.0001
Itr		Time		  Data		  Loss		Acc
[0/469]	0.1372 (0.1372)	0.1235 (0.1235)	2.321 (2.321)	16.41 (16.41)
[100/469]	0.0102 (0.0120)	0.0018 (0.0035)	0.310 (0.602)	92.19 (82.32)
[200/469]	0.0129 (0.0112)	0.0044 (0.0027)	0.218 (0.437)	93.75 (87.10)
[300/469]	0.0086 (0.0109)	0.0001 (0.0024)	0.276 (0.366)	92.19 (89.27)
[400/469]	0.0095 (0.0107)	0.0010 (0.0023)	0.207 (0.322)	95.31 (90.63)
[468/469]	0.0083 (0.0107)	0.0001 (0.0022)	0.166 (0.300)	95.83 (91.36)
 * Train Acc 91.355
 * Val Acc 95.550, Total time 0.95
Epoch:1
LR: 0.0001
Itr		Time		  Data		  Loss		Acc
[0/469]	0.1338 (0.1338)	0.1195 (0.1195)	0.164 (0.164)	96.09 (96.09)
[100/469]	0.0127 (0.0118)	0.0041 (0.0032)	0.140 (0.153)	96.09 (95.98)
[200/469]	0.0094 (0.0110)	0.0009 (0.0025)	0.129 (0.143)	95.31 (96.26)
[300/469]	0.0087 (0.0108)	0.0001 (0.0023)	0.098 (0.140)	97.66 (96.35)
[400/469]	0.0145 (0.0108)	0.0060 (0.0022)	0.154 (0.137)	96.09 (96.46)
[468/469]	0.0084 (0.0107)	0.0001 (0.0022)	0.071 (0.135)	98.96 (96.55)
 * Train Acc 96.552
 * Val Acc 96.810, Total time 0.93
Computing MAS
validation split name: 1
 * Val Acc 93.170, Total time 0.71
validation split name: 2
 * Val Acc 95.260, Total time 0.94
validation split name: 3
 * Val Acc 96.050, Total time 0.96
validation split name: 4
 * Val Acc 96.640, Total time 0.94
validation split name: 5
 * Val Acc 96.810, Total time 0.96
====================== 6 =======================
#reg_term: 1
Epoch:0
LR: 0.0001
Itr		Time		  Data		  Loss		Acc
[0/469]	0.1463 (0.1463)	0.1323 (0.1323)	2.445 (2.445)	9.38 (9.38)
[100/469]	0.0095 (0.0121)	0.0011 (0.0035)	0.392 (0.596)	88.28 (82.35)
[200/469]	0.0087 (0.0113)	0.0001 (0.0027)	0.211 (0.433)	92.19 (87.29)
[300/469]	0.0123 (0.0110)	0.0037 (0.0024)	0.170 (0.362)	96.88 (89.53)
[400/469]	0.0087 (0.0108)	0.0001 (0.0023)	0.116 (0.322)	97.66 (90.78)
[468/469]	0.0091 (0.0107)	0.0007 (0.0022)	0.180 (0.300)	95.83 (91.46)
 * Train Acc 91.460
 * Val Acc 95.640, Total time 0.96
Epoch:1
LR: 0.0001
Itr		Time		  Data		  Loss		Acc
[0/469]	0.1317 (0.1317)	0.1180 (0.1180)	0.139 (0.139)	96.88 (96.88)
[100/469]	0.0091 (0.0120)	0.0007 (0.0027)	0.080 (0.143)	99.22 (96.44)
[200/469]	0.0134 (0.0112)	0.0048 (0.0024)	0.165 (0.147)	96.09 (96.19)
[300/469]	0.0086 (0.0109)	0.0002 (0.0022)	0.180 (0.144)	95.31 (96.33)
[400/469]	0.0096 (0.0108)	0.0010 (0.0021)	0.136 (0.141)	95.31 (96.43)
[468/469]	0.0089 (0.0107)	0.0001 (0.0021)	0.102 (0.140)	97.92 (96.47)
 * Train Acc 96.472
 * Val Acc 96.920, Total time 0.95
Computing MAS
validation split name: 1
 * Val Acc 91.100, Total time 0.70
validation split name: 2
 * Val Acc 95.340, Total time 0.95
validation split name: 3
 * Val Acc 96.100, Total time 0.94
validation split name: 4
 * Val Acc 96.520, Total time 0.95
validation split name: 5
 * Val Acc 94.640, Total time 1.01
validation split name: 6
 * Val Acc 96.920, Total time 0.95
====================== 7 =======================
#reg_term: 1
Epoch:0
LR: 0.0001
Itr		Time		  Data		  Loss		Acc
[0/469]	0.1324 (0.1324)	0.1191 (0.1191)	2.476 (2.476)	4.69 (4.69)
[100/469]	0.0093 (0.0116)	0.0009 (0.0031)	0.150 (0.573)	96.88 (82.86)
[200/469]	0.0094 (0.0110)	0.0009 (0.0026)	0.231 (0.422)	92.97 (87.68)
[300/469]	0.0127 (0.0108)	0.0043 (0.0024)	0.153 (0.356)	93.75 (89.76)
[400/469]	0.0092 (0.0107)	0.0008 (0.0023)	0.119 (0.317)	97.66 (90.96)
[468/469]	0.0091 (0.0107)	0.0008 (0.0023)	0.160 (0.298)	96.88 (91.58)
 * Train Acc 91.578
 * Val Acc 95.750, Total time 0.95
Epoch:1
LR: 0.0001
Itr		Time		  Data		  Loss		Acc
[0/469]	0.1484 (0.1484)	0.1331 (0.1331)	0.133 (0.133)	96.09 (96.09)
[100/469]	0.0085 (0.0117)	0.0001 (0.0031)	0.132 (0.151)	96.09 (96.09)
[200/469]	0.0101 (0.0110)	0.0017 (0.0025)	0.101 (0.150)	98.44 (96.28)
[300/469]	0.0100 (0.0108)	0.0018 (0.0023)	0.110 (0.149)	96.88 (96.31)
[400/469]	0.0085 (0.0106)	0.0001 (0.0022)	0.122 (0.144)	97.66 (96.47)
[468/469]	0.0084 (0.0106)	0.0001 (0.0022)	0.153 (0.143)	94.79 (96.50)
 * Train Acc 96.497
 * Val Acc 96.950, Total time 0.95
Computing MAS
validation split name: 1
 * Val Acc 91.800, Total time 0.70
validation split name: 2
 * Val Acc 93.690, Total time 0.93
validation split name: 3
 * Val Acc 96.130, Total time 0.94
validation split name: 4
 * Val Acc 96.330, Total time 0.93
validation split name: 5
 * Val Acc 95.010, Total time 0.95
validation split name: 6
 * Val Acc 96.790, Total time 0.94
validation split name: 7
 * Val Acc 96.950, Total time 0.95
====================== 8 =======================
#reg_term: 1
Epoch:0
LR: 0.0001
Itr		Time		  Data		  Loss		Acc
[0/469]	0.1460 (0.1460)	0.1325 (0.1325)	2.376 (2.376)	5.47 (5.47)
[100/469]	0.0085 (0.0119)	0.0001 (0.0032)	0.214 (0.571)	93.75 (83.37)
[200/469]	0.0125 (0.0111)	0.0041 (0.0026)	0.288 (0.424)	92.19 (87.68)
[300/469]	0.0103 (0.0108)	0.0019 (0.0024)	0.217 (0.359)	94.53 (89.72)
[400/469]	0.0093 (0.0107)	0.0010 (0.0023)	0.290 (0.318)	91.41 (90.99)
[468/469]	0.0085 (0.0106)	0.0001 (0.0022)	0.162 (0.299)	95.83 (91.58)
 * Train Acc 91.577
 * Val Acc 95.650, Total time 0.99
Epoch:1
LR: 0.0001
Itr		Time		  Data		  Loss		Acc
[0/469]	0.1367 (0.1367)	0.1228 (0.1228)	0.170 (0.170)	96.09 (96.09)
[100/469]	0.0095 (0.0116)	0.0010 (0.0029)	0.139 (0.159)	96.88 (95.99)
[200/469]	0.0087 (0.0111)	0.0001 (0.0025)	0.150 (0.157)	96.09 (96.14)
[300/469]	0.0132 (0.0109)	0.0047 (0.0023)	0.173 (0.151)	95.31 (96.31)
[400/469]	0.0104 (0.0108)	0.0019 (0.0022)	0.136 (0.150)	96.88 (96.33)
[468/469]	0.0091 (0.0107)	0.0006 (0.0021)	0.079 (0.149)	100.00 (96.43)
 * Train Acc 96.430
 * Val Acc 96.950, Total time 0.95
Computing MAS
validation split name: 1
 * Val Acc 91.590, Total time 0.70
validation split name: 2
 * Val Acc 95.060, Total time 0.94
validation split name: 3
 * Val Acc 95.680, Total time 0.96
validation split name: 4
 * Val Acc 96.260, Total time 0.95
validation split name: 5
 * Val Acc 95.050, Total time 0.93
validation split name: 6
 * Val Acc 96.690, Total time 0.94
validation split name: 7
 * Val Acc 96.360, Total time 0.95
validation split name: 8
 * Val Acc 96.950, Total time 0.95
====================== 9 =======================
#reg_term: 1
Epoch:0
LR: 0.0001
Itr		Time		  Data		  Loss		Acc
[0/469]	0.1356 (0.1356)	0.1217 (0.1217)	2.400 (2.400)	9.38 (9.38)
[100/469]	0.0096 (0.0119)	0.0011 (0.0032)	0.361 (0.572)	89.84 (83.15)
[200/469]	0.0087 (0.0111)	0.0001 (0.0026)	0.315 (0.424)	90.62 (87.76)
[300/469]	0.0135 (0.0109)	0.0050 (0.0024)	0.198 (0.356)	94.53 (89.84)
[400/469]	0.0129 (0.0108)	0.0043 (0.0023)	0.185 (0.321)	94.53 (90.98)
[468/469]	0.0090 (0.0107)	0.0006 (0.0022)	0.259 (0.303)	95.83 (91.56)
 * Train Acc 91.563
 * Val Acc 95.720, Total time 0.95
Epoch:1
LR: 0.0001
Itr		Time		  Data		  Loss		Acc
[0/469]	0.1351 (0.1351)	0.1204 (0.1204)	0.255 (0.255)	91.41 (91.41)
[100/469]	0.0086 (0.0123)	0.0002 (0.0030)	0.137 (0.164)	97.66 (96.10)
[200/469]	0.0086 (0.0113)	0.0001 (0.0024)	0.139 (0.163)	98.44 (96.09)
[300/469]	0.0124 (0.0110)	0.0040 (0.0022)	0.124 (0.158)	96.09 (96.21)
[400/469]	0.0093 (0.0108)	0.0009 (0.0022)	0.170 (0.155)	97.66 (96.29)
[468/469]	0.0089 (0.0107)	0.0006 (0.0021)	0.071 (0.154)	100.00 (96.35)
 * Train Acc 96.353
 * Val Acc 96.910, Total time 0.95
Computing MAS
validation split name: 1
 * Val Acc 90.950, Total time 0.71
validation split name: 2
 * Val Acc 94.520, Total time 0.93
validation split name: 3
 * Val Acc 95.600, Total time 0.95
validation split name: 4
 * Val Acc 95.730, Total time 0.93
validation split name: 5
 * Val Acc 94.960, Total time 0.96
validation split name: 6
 * Val Acc 96.790, Total time 0.94
validation split name: 7
 * Val Acc 96.200, Total time 0.95
validation split name: 8
 * Val Acc 95.960, Total time 0.94
validation split name: 9
 * Val Acc 96.910, Total time 0.94
====================== 10 =======================
#reg_term: 1
Epoch:0
LR: 0.0001
Itr		Time		  Data		  Loss		Acc
[0/469]	0.1460 (0.1460)	0.1329 (0.1329)	2.398 (2.398)	7.81 (7.81)
[100/469]	0.0085 (0.0119)	0.0001 (0.0034)	0.342 (0.573)	90.62 (82.47)
[200/469]	0.0092 (0.0111)	0.0008 (0.0026)	0.225 (0.426)	93.75 (87.31)
[300/469]	0.0137 (0.0108)	0.0053 (0.0024)	0.188 (0.362)	95.31 (89.48)
[400/469]	0.0085 (0.0107)	0.0002 (0.0022)	0.218 (0.321)	95.31 (90.80)
[468/469]	0.0088 (0.0106)	0.0006 (0.0022)	0.253 (0.302)	94.79 (91.45)
 * Train Acc 91.450
 * Val Acc 95.870, Total time 0.96
Epoch:1
LR: 0.0001
Itr		Time		  Data		  Loss		Acc
[0/469]	0.1337 (0.1337)	0.1210 (0.1210)	0.164 (0.164)	97.66 (97.66)
[100/469]	0.0102 (0.0116)	0.0017 (0.0030)	0.134 (0.161)	97.66 (96.27)
[200/469]	0.0086 (0.0109)	0.0001 (0.0024)	0.138 (0.160)	97.66 (96.32)
[300/469]	0.0133 (0.0107)	0.0048 (0.0023)	0.109 (0.157)	96.88 (96.38)
[400/469]	0.0127 (0.0106)	0.0042 (0.0022)	0.159 (0.154)	96.88 (96.49)
[468/469]	0.0084 (0.0106)	0.0001 (0.0021)	0.123 (0.153)	96.88 (96.53)
 * Train Acc 96.525
 * Val Acc 96.900, Total time 0.96
Computing MAS
validation split name: 1
 * Val Acc 92.410, Total time 0.70
validation split name: 2
 * Val Acc 94.340, Total time 0.94
validation split name: 3
 * Val Acc 95.080, Total time 0.96
validation split name: 4
 * Val Acc 95.670, Total time 0.93
validation split name: 5
 * Val Acc 94.980, Total time 0.95
validation split name: 6
 * Val Acc 96.470, Total time 0.96
validation split name: 7
 * Val Acc 96.020, Total time 1.01
validation split name: 8
 * Val Acc 96.060, Total time 0.93
validation split name: 9
 * Val Acc 95.920, Total time 0.95
validation split name: 10
 * Val Acc 96.900, Total time 0.94
OrderedDict([('1', OrderedDict([('1', 96.55), ('2', 94.55), ('3', 94.92), ('4', 93.02), ('5', 93.17), ('6', 91.1), ('7', 91.8), ('8', 91.59), ('9', 90.95), ('10', 92.41)])), ('2', OrderedDict([('2', 96.45), ('3', 95.29), ('4', 94.97), ('5', 95.26), ('6', 95.34), ('7', 93.69), ('8', 95.06), ('9', 94.52), ('10', 94.34)])), ('3', OrderedDict([('3', 96.89), ('4', 96.32), ('5', 96.05), ('6', 96.1), ('7', 96.13), ('8', 95.68), ('9', 95.6), ('10', 95.08)])), ('4', OrderedDict([('4', 96.94), ('5', 96.64), ('6', 96.52), ('7', 96.33), ('8', 96.26), ('9', 95.73), ('10', 95.67)])), ('5', OrderedDict([('5', 96.81), ('6', 94.64), ('7', 95.01), ('8', 95.05), ('9', 94.96), ('10', 94.98)])), ('6', OrderedDict([('6', 96.92), ('7', 96.79), ('8', 96.69), ('9', 96.79), ('10', 96.47)])), ('7', OrderedDict([('7', 96.95), ('8', 96.36), ('9', 96.2), ('10', 96.02)])), ('8', OrderedDict([('8', 96.95), ('9', 95.96), ('10', 96.06)])), ('9', OrderedDict([('9', 96.91), ('10', 95.92)])), ('10', OrderedDict([('10', 96.9)]))])
Task 1 average acc: 96.55
Task 2 average acc: 95.5
Task 3 average acc: 95.7
Task 4 average acc: 95.3125
Task 5 average acc: 95.586
Task 6 average acc: 95.10333333333331
Task 7 average acc: 95.24285714285715
Task 8 average acc: 95.45500000000001
Task 9 average acc: 95.2911111111111
Task 10 average acc: 95.38499999999999
===Summary of experiment repeats: 3 / 5 ===
The regularization coefficient: 0.01
The last avg acc of all repeats: [94.977 93.847 95.385  0.     0.   ]
mean: 56.8418 std: 46.41387082931136
MLP(
  (linear): Sequential(
    (0): Linear(in_features=1024, out_features=1000, bias=True)
    (1): ReLU(inplace=True)
    (2): Linear(in_features=1000, out_features=1000, bias=True)
    (3): ReLU(inplace=True)
  )
  (last): ModuleDict(
    (1): Linear(in_features=1000, out_features=10, bias=True)
    (2): Linear(in_features=1000, out_features=10, bias=True)
    (3): Linear(in_features=1000, out_features=10, bias=True)
    (4): Linear(in_features=1000, out_features=10, bias=True)
    (5): Linear(in_features=1000, out_features=10, bias=True)
    (6): Linear(in_features=1000, out_features=10, bias=True)
    (7): Linear(in_features=1000, out_features=10, bias=True)
    (8): Linear(in_features=1000, out_features=10, bias=True)
    (9): Linear(in_features=1000, out_features=10, bias=True)
    (10): Linear(in_features=1000, out_features=10, bias=True)
  )
)
#parameter of model: 2126100
Task order: ['1', '2', '3', '4', '5', '6', '7', '8', '9', '10']
====================== 1 =======================
#reg_term: 0
Epoch:0
LR: 0.0001
Itr		Time		  Data		  Loss		Acc
[0/469]	0.1259 (0.1259)	0.1187 (0.1187)	2.317 (2.317)	14.84 (14.84)
[100/469]	0.0157 (0.0089)	0.0122 (0.0056)	0.302 (0.827)	91.41 (79.78)
[200/469]	0.0032 (0.0080)	0.0001 (0.0048)	0.242 (0.573)	91.41 (85.27)
[300/469]	0.0032 (0.0077)	0.0001 (0.0045)	0.167 (0.467)	96.09 (87.77)
[400/469]	0.0146 (0.0076)	0.0115 (0.0044)	0.319 (0.408)	91.41 (89.11)
[468/469]	0.0030 (0.0075)	0.0001 (0.0044)	0.137 (0.378)	97.92 (89.84)
 * Train Acc 89.845
 * Val Acc 94.540, Total time 0.73
Epoch:1
LR: 0.0001
Itr		Time		  Data		  Loss		Acc
[0/469]	0.1190 (0.1190)	0.1121 (0.1121)	0.135 (0.135)	96.09 (96.09)
[100/469]	0.0149 (0.0085)	0.0120 (0.0053)	0.106 (0.180)	97.66 (94.63)
[200/469]	0.0033 (0.0079)	0.0001 (0.0048)	0.176 (0.169)	94.53 (94.99)
[300/469]	0.0033 (0.0076)	0.0001 (0.0045)	0.150 (0.162)	96.88 (95.25)
[400/469]	0.0152 (0.0076)	0.0122 (0.0045)	0.194 (0.155)	93.75 (95.47)
[468/469]	0.0030 (0.0075)	0.0001 (0.0044)	0.187 (0.150)	96.88 (95.63)
 * Train Acc 95.627
 * Val Acc 96.360, Total time 0.70
Computing MAS
validation split name: 1
 * Val Acc 96.360, Total time 0.69
====================== 2 =======================
#reg_term: 1
Epoch:0
LR: 0.0001
Itr		Time		  Data		  Loss		Acc
[0/469]	0.1331 (0.1331)	0.1179 (0.1179)	2.282 (2.282)	9.38 (9.38)
[100/469]	0.0083 (0.0114)	0.0002 (0.0032)	0.244 (0.656)	94.53 (81.25)
[200/469]	0.0086 (0.0109)	0.0001 (0.0026)	0.339 (0.474)	92.19 (86.35)
[300/469]	0.0131 (0.0107)	0.0044 (0.0024)	0.248 (0.394)	92.19 (88.67)
[400/469]	0.0088 (0.0106)	0.0004 (0.0023)	0.190 (0.346)	95.31 (90.06)
[468/469]	0.0089 (0.0105)	0.0006 (0.0022)	0.173 (0.322)	93.75 (90.70)
 * Train Acc 90.702
 * Val Acc 95.040, Total time 0.98
Epoch:1
LR: 0.0001
Itr		Time		  Data		  Loss		Acc
[0/469]	0.1334 (0.1334)	0.1201 (0.1201)	0.215 (0.215)	95.31 (95.31)
[100/469]	0.0086 (0.0116)	0.0002 (0.0031)	0.094 (0.157)	99.22 (95.36)
[200/469]	0.0085 (0.0110)	0.0001 (0.0026)	0.192 (0.154)	95.31 (95.60)
[300/469]	0.0146 (0.0108)	0.0062 (0.0024)	0.116 (0.149)	96.09 (95.76)
[400/469]	0.0085 (0.0107)	0.0002 (0.0023)	0.079 (0.142)	98.44 (95.97)
[468/469]	0.0089 (0.0107)	0.0007 (0.0023)	0.158 (0.140)	96.88 (96.03)
 * Train Acc 96.025
 * Val Acc 96.480, Total time 0.94
Computing MAS
validation split name: 1
 * Val Acc 96.150, Total time 0.70
validation split name: 2
 * Val Acc 96.480, Total time 0.95
====================== 3 =======================
#reg_term: 1
Epoch:0
LR: 0.0001
Itr		Time		  Data		  Loss		Acc
[0/469]	0.1328 (0.1328)	0.1195 (0.1195)	2.328 (2.328)	2.34 (2.34)
[100/469]	0.0084 (0.0119)	0.0002 (0.0035)	0.461 (0.599)	83.59 (82.25)
[200/469]	0.0084 (0.0111)	0.0001 (0.0028)	0.282 (0.432)	92.19 (87.16)
[300/469]	0.0121 (0.0109)	0.0037 (0.0025)	0.171 (0.363)	95.31 (89.24)
[400/469]	0.0084 (0.0107)	0.0001 (0.0024)	0.179 (0.321)	95.31 (90.60)
[468/469]	0.0088 (0.0107)	0.0006 (0.0023)	0.148 (0.300)	96.88 (91.24)
 * Train Acc 91.243
 * Val Acc 95.540, Total time 0.95
Epoch:1
LR: 0.0001
Itr		Time		  Data		  Loss		Acc
[0/469]	0.1515 (0.1515)	0.1384 (0.1384)	0.232 (0.232)	96.09 (96.09)
[100/469]	0.0092 (0.0118)	0.0009 (0.0032)	0.118 (0.145)	96.09 (95.85)
[200/469]	0.0097 (0.0112)	0.0001 (0.0025)	0.175 (0.142)	95.31 (95.95)
[300/469]	0.0087 (0.0110)	0.0002 (0.0023)	0.112 (0.133)	97.66 (96.21)
[400/469]	0.0139 (0.0108)	0.0054 (0.0022)	0.066 (0.131)	98.44 (96.32)
[468/469]	0.0089 (0.0107)	0.0001 (0.0022)	0.122 (0.129)	96.88 (96.39)
 * Train Acc 96.393
 * Val Acc 96.920, Total time 0.94
Computing MAS
validation split name: 1
 * Val Acc 96.090, Total time 0.69
validation split name: 2
 * Val Acc 96.150, Total time 0.93
validation split name: 3
 * Val Acc 96.920, Total time 0.94
====================== 4 =======================
#reg_term: 1
Epoch:0
LR: 0.0001
Itr		Time		  Data		  Loss		Acc
[0/469]	0.1425 (0.1425)	0.1251 (0.1251)	2.386 (2.386)	4.69 (4.69)
[100/469]	0.0104 (0.0116)	0.0017 (0.0031)	0.254 (0.588)	90.62 (82.34)
[200/469]	0.0084 (0.0110)	0.0001 (0.0025)	0.251 (0.423)	92.97 (87.45)
[300/469]	0.0133 (0.0108)	0.0049 (0.0023)	0.159 (0.354)	94.53 (89.55)
[400/469]	0.0122 (0.0107)	0.0037 (0.0022)	0.169 (0.313)	96.09 (90.78)
[468/469]	0.0089 (0.0106)	0.0006 (0.0022)	0.253 (0.295)	92.71 (91.42)
 * Train Acc 91.420
 * Val Acc 95.700, Total time 0.93
Epoch:1
LR: 0.0001
Itr		Time		  Data		  Loss		Acc
[0/469]	0.1327 (0.1327)	0.1198 (0.1198)	0.131 (0.131)	96.88 (96.88)
[100/469]	0.0085 (0.0116)	0.0002 (0.0031)	0.196 (0.149)	93.75 (96.03)
[200/469]	0.0093 (0.0110)	0.0009 (0.0025)	0.126 (0.142)	96.88 (96.17)
[300/469]	0.0119 (0.0108)	0.0034 (0.0023)	0.136 (0.137)	95.31 (96.28)
[400/469]	0.0092 (0.0107)	0.0009 (0.0022)	0.074 (0.134)	99.22 (96.39)
[468/469]	0.0091 (0.0106)	0.0008 (0.0021)	0.069 (0.131)	97.92 (96.51)
 * Train Acc 96.510
 * Val Acc 96.730, Total time 0.98
Computing MAS
validation split name: 1
 * Val Acc 95.730, Total time 0.70
validation split name: 2
 * Val Acc 95.690, Total time 0.93
validation split name: 3
 * Val Acc 96.400, Total time 0.98
validation split name: 4
 * Val Acc 96.730, Total time 0.95
====================== 5 =======================
#reg_term: 1
Epoch:0
LR: 0.0001
Itr		Time		  Data		  Loss		Acc
[0/469]	0.1471 (0.1471)	0.1336 (0.1336)	2.471 (2.471)	8.59 (8.59)
[100/469]	0.0087 (0.0122)	0.0004 (0.0034)	0.191 (0.597)	92.97 (81.71)
[200/469]	0.0092 (0.0112)	0.0009 (0.0026)	0.233 (0.430)	94.53 (87.02)
[300/469]	0.0119 (0.0109)	0.0033 (0.0024)	0.231 (0.362)	95.31 (89.25)
[400/469]	0.0095 (0.0108)	0.0010 (0.0022)	0.209 (0.319)	96.88 (90.62)
[468/469]	0.0086 (0.0107)	0.0001 (0.0021)	0.102 (0.299)	98.96 (91.25)
 * Train Acc 91.253
 * Val Acc 95.700, Total time 0.98
Epoch:1
LR: 0.0001
Itr		Time		  Data		  Loss		Acc
[0/469]	0.1363 (0.1363)	0.1238 (0.1238)	0.167 (0.167)	95.31 (95.31)
[100/469]	0.0089 (0.0117)	0.0001 (0.0029)	0.108 (0.148)	97.66 (96.14)
[200/469]	0.0095 (0.0111)	0.0011 (0.0024)	0.171 (0.144)	95.31 (96.30)
[300/469]	0.0134 (0.0109)	0.0047 (0.0022)	0.110 (0.141)	96.88 (96.35)
[400/469]	0.0087 (0.0108)	0.0002 (0.0021)	0.106 (0.137)	95.31 (96.42)
[468/469]	0.0090 (0.0107)	0.0006 (0.0021)	0.092 (0.136)	95.83 (96.52)
 * Train Acc 96.517
 * Val Acc 96.820, Total time 0.95
Computing MAS
validation split name: 1
 * Val Acc 95.420, Total time 0.71
validation split name: 2
 * Val Acc 95.600, Total time 0.96
validation split name: 3
 * Val Acc 95.890, Total time 0.95
validation split name: 4
 * Val Acc 95.060, Total time 0.93
validation split name: 5
 * Val Acc 96.820, Total time 0.94
====================== 6 =======================
#reg_term: 1
Epoch:0
LR: 0.0001
Itr		Time		  Data		  Loss		Acc
[0/469]	0.1327 (0.1327)	0.1195 (0.1195)	2.352 (2.352)	8.59 (8.59)
[100/469]	0.0088 (0.0115)	0.0004 (0.0030)	0.309 (0.581)	89.84 (82.70)
[200/469]	0.0095 (0.0109)	0.0010 (0.0024)	0.202 (0.426)	94.53 (87.60)
[300/469]	0.0133 (0.0108)	0.0050 (0.0023)	0.173 (0.357)	95.31 (89.69)
[400/469]	0.0085 (0.0107)	0.0002 (0.0022)	0.229 (0.317)	92.97 (90.90)
[468/469]	0.0095 (0.0106)	0.0010 (0.0022)	0.081 (0.298)	97.92 (91.52)
 * Train Acc 91.522
 * Val Acc 95.810, Total time 0.94
Epoch:1
LR: 0.0001
Itr		Time		  Data		  Loss		Acc
[0/469]	0.1360 (0.1360)	0.1232 (0.1232)	0.212 (0.212)	96.88 (96.88)
[100/469]	0.0086 (0.0117)	0.0002 (0.0032)	0.138 (0.159)	96.88 (96.07)
[200/469]	0.0086 (0.0110)	0.0001 (0.0026)	0.182 (0.150)	95.31 (96.26)
[300/469]	0.0142 (0.0108)	0.0058 (0.0024)	0.094 (0.144)	97.66 (96.42)
[400/469]	0.0086 (0.0107)	0.0002 (0.0023)	0.157 (0.142)	96.88 (96.47)
[468/469]	0.0089 (0.0107)	0.0006 (0.0022)	0.175 (0.140)	95.83 (96.50)
 * Train Acc 96.500
 * Val Acc 96.730, Total time 0.95
Computing MAS
validation split name: 1
 * Val Acc 94.180, Total time 0.70
validation split name: 2
 * Val Acc 95.650, Total time 0.95
validation split name: 3
 * Val Acc 95.960, Total time 0.95
validation split name: 4
 * Val Acc 94.860, Total time 0.93
validation split name: 5
 * Val Acc 96.550, Total time 0.94
validation split name: 6
 * Val Acc 96.730, Total time 0.96
====================== 7 =======================
#reg_term: 1
Epoch:0
LR: 0.0001
Itr		Time		  Data		  Loss		Acc
[0/469]	0.1348 (0.1348)	0.1178 (0.1178)	2.400 (2.400)	9.38 (9.38)
[100/469]	0.0085 (0.0118)	0.0001 (0.0029)	0.279 (0.578)	91.41 (82.98)
[200/469]	0.0094 (0.0111)	0.0010 (0.0025)	0.156 (0.420)	96.88 (87.89)
[300/469]	0.0101 (0.0109)	0.0014 (0.0023)	0.196 (0.355)	96.88 (89.88)
[400/469]	0.0096 (0.0108)	0.0012 (0.0022)	0.228 (0.318)	94.53 (90.99)
[468/469]	0.0086 (0.0107)	0.0001 (0.0022)	0.170 (0.296)	96.88 (91.66)
 * Train Acc 91.658
 * Val Acc 95.590, Total time 0.95
Epoch:1
LR: 0.0001
Itr		Time		  Data		  Loss		Acc
[0/469]	0.1323 (0.1323)	0.1186 (0.1186)	0.191 (0.191)	95.31 (95.31)
[100/469]	0.0134 (0.0118)	0.0045 (0.0032)	0.118 (0.158)	97.66 (95.90)
[200/469]	0.0093 (0.0111)	0.0008 (0.0025)	0.148 (0.151)	95.31 (96.18)
[300/469]	0.0086 (0.0109)	0.0001 (0.0023)	0.106 (0.148)	97.66 (96.30)
[400/469]	0.0123 (0.0107)	0.0039 (0.0022)	0.080 (0.144)	98.44 (96.40)
[468/469]	0.0084 (0.0107)	0.0001 (0.0022)	0.202 (0.143)	95.83 (96.45)
 * Train Acc 96.452
 * Val Acc 96.730, Total time 0.94
Computing MAS
validation split name: 1
 * Val Acc 93.140, Total time 0.71
validation split name: 2
 * Val Acc 95.350, Total time 0.97
validation split name: 3
 * Val Acc 95.610, Total time 0.95
validation split name: 4
 * Val Acc 94.560, Total time 0.94
validation split name: 5
 * Val Acc 96.290, Total time 0.94
validation split name: 6
 * Val Acc 96.040, Total time 0.96
validation split name: 7
 * Val Acc 96.730, Total time 0.96
====================== 8 =======================
#reg_term: 1
Epoch:0
LR: 0.0001
Itr		Time		  Data		  Loss		Acc
[0/469]	0.1439 (0.1439)	0.1309 (0.1309)	2.327 (2.327)	13.28 (13.28)
[100/469]	0.0086 (0.0120)	0.0001 (0.0035)	0.279 (0.572)	88.28 (83.45)
[200/469]	0.0089 (0.0114)	0.0001 (0.0028)	0.172 (0.420)	96.88 (87.91)
[300/469]	0.0121 (0.0111)	0.0037 (0.0025)	0.201 (0.357)	95.31 (89.90)
[400/469]	0.0094 (0.0109)	0.0010 (0.0023)	0.191 (0.319)	92.97 (91.08)
[468/469]	0.0091 (0.0109)	0.0007 (0.0023)	0.299 (0.299)	91.67 (91.70)
 * Train Acc 91.700
 * Val Acc 95.230, Total time 0.95
Epoch:1
LR: 0.0001
Itr		Time		  Data		  Loss		Acc
[0/469]	0.1333 (0.1333)	0.1183 (0.1183)	0.147 (0.147)	96.09 (96.09)
[100/469]	0.0093 (0.0116)	0.0008 (0.0029)	0.105 (0.171)	97.66 (95.84)
[200/469]	0.0087 (0.0109)	0.0001 (0.0023)	0.161 (0.158)	96.09 (96.18)
[300/469]	0.0102 (0.0107)	0.0017 (0.0021)	0.173 (0.156)	96.09 (96.28)
[400/469]	0.0094 (0.0106)	0.0009 (0.0020)	0.164 (0.152)	95.31 (96.35)
[468/469]	0.0092 (0.0106)	0.0007 (0.0020)	0.122 (0.149)	97.92 (96.40)
 * Train Acc 96.402
 * Val Acc 96.480, Total time 0.94
Computing MAS
validation split name: 1
 * Val Acc 93.310, Total time 0.70
validation split name: 2
 * Val Acc 95.250, Total time 0.97
validation split name: 3
 * Val Acc 95.350, Total time 0.95
validation split name: 4
 * Val Acc 93.070, Total time 0.94
validation split name: 5
 * Val Acc 95.870, Total time 0.95
validation split name: 6
 * Val Acc 95.320, Total time 1.00
validation split name: 7
 * Val Acc 95.360, Total time 0.94
validation split name: 8
 * Val Acc 96.480, Total time 0.94
====================== 9 =======================
#reg_term: 1
Epoch:0
LR: 0.0001
Itr		Time		  Data		  Loss		Acc
[0/469]	0.1413 (0.1413)	0.1267 (0.1267)	2.465 (2.465)	12.50 (12.50)
[100/469]	0.0129 (0.0117)	0.0046 (0.0031)	0.303 (0.574)	92.19 (83.09)
[200/469]	0.0085 (0.0110)	0.0001 (0.0025)	0.289 (0.422)	92.97 (87.77)
[300/469]	0.0126 (0.0108)	0.0041 (0.0023)	0.178 (0.357)	96.09 (89.83)
[400/469]	0.0093 (0.0107)	0.0008 (0.0022)	0.317 (0.318)	91.41 (91.13)
[468/469]	0.0090 (0.0107)	0.0006 (0.0022)	0.131 (0.298)	96.88 (91.76)
 * Train Acc 91.757
 * Val Acc 95.670, Total time 0.97
Epoch:1
LR: 0.0001
Itr		Time		  Data		  Loss		Acc
[0/469]	0.1328 (0.1328)	0.1198 (0.1198)	0.167 (0.167)	96.09 (96.09)
[100/469]	0.0086 (0.0117)	0.0002 (0.0032)	0.122 (0.160)	97.66 (96.06)
[200/469]	0.0089 (0.0110)	0.0001 (0.0026)	0.241 (0.156)	93.75 (96.17)
[300/469]	0.0126 (0.0108)	0.0042 (0.0023)	0.282 (0.156)	92.19 (96.21)
[400/469]	0.0096 (0.0107)	0.0011 (0.0022)	0.132 (0.152)	96.88 (96.37)
[468/469]	0.0096 (0.0106)	0.0007 (0.0021)	0.163 (0.149)	96.88 (96.47)
 * Train Acc 96.475
 * Val Acc 96.840, Total time 0.94
Computing MAS
validation split name: 1
 * Val Acc 93.670, Total time 0.71
validation split name: 2
 * Val Acc 95.210, Total time 0.95
validation split name: 3
 * Val Acc 94.500, Total time 0.95
validation split name: 4
 * Val Acc 92.350, Total time 0.95
validation split name: 5
 * Val Acc 95.960, Total time 0.96
validation split name: 6
 * Val Acc 95.130, Total time 0.94
validation split name: 7
 * Val Acc 95.420, Total time 0.94
validation split name: 8
 * Val Acc 95.850, Total time 0.95
validation split name: 9
 * Val Acc 96.840, Total time 0.94
====================== 10 =======================
#reg_term: 1
Epoch:0
LR: 0.0001
Itr		Time		  Data		  Loss		Acc
[0/469]	0.1457 (0.1457)	0.1326 (0.1326)	2.388 (2.388)	11.72 (11.72)
[100/469]	0.0085 (0.0118)	0.0001 (0.0034)	0.307 (0.575)	92.19 (82.67)
[200/469]	0.0097 (0.0110)	0.0014 (0.0027)	0.312 (0.431)	92.97 (87.27)
[300/469]	0.0118 (0.0108)	0.0034 (0.0024)	0.189 (0.364)	96.88 (89.40)
[400/469]	0.0085 (0.0107)	0.0001 (0.0023)	0.180 (0.324)	97.66 (90.82)
[468/469]	0.0083 (0.0106)	0.0001 (0.0023)	0.216 (0.305)	94.79 (91.49)
 * Train Acc 91.492
 * Val Acc 95.870, Total time 0.94
Epoch:1
LR: 0.0001
Itr		Time		  Data		  Loss		Acc
[0/469]	0.1458 (0.1458)	0.1325 (0.1325)	0.199 (0.199)	94.53 (94.53)
[100/469]	0.0086 (0.0120)	0.0001 (0.0034)	0.171 (0.171)	96.09 (96.06)
[200/469]	0.0093 (0.0112)	0.0008 (0.0026)	0.108 (0.168)	99.22 (96.17)
[300/469]	0.0104 (0.0109)	0.0017 (0.0023)	0.177 (0.165)	96.88 (96.20)
[400/469]	0.0084 (0.0107)	0.0001 (0.0022)	0.171 (0.161)	96.88 (96.41)
[468/469]	0.0085 (0.0107)	0.0001 (0.0021)	0.118 (0.158)	97.92 (96.50)
 * Train Acc 96.505
 * Val Acc 96.950, Total time 0.94
Computing MAS
validation split name: 1
 * Val Acc 93.640, Total time 0.68
validation split name: 2
 * Val Acc 95.290, Total time 0.93
validation split name: 3
 * Val Acc 94.730, Total time 0.94
validation split name: 4
 * Val Acc 91.100, Total time 0.94
validation split name: 5
 * Val Acc 95.730, Total time 0.97
validation split name: 6
 * Val Acc 94.730, Total time 1.01
validation split name: 7
 * Val Acc 95.460, Total time 1.00
validation split name: 8
 * Val Acc 95.820, Total time 0.95
validation split name: 9
 * Val Acc 96.500, Total time 0.95
validation split name: 10
 * Val Acc 96.950, Total time 1.01
OrderedDict([('1', OrderedDict([('1', 96.36), ('2', 96.15), ('3', 96.09), ('4', 95.73), ('5', 95.42), ('6', 94.18), ('7', 93.14), ('8', 93.31), ('9', 93.67), ('10', 93.64)])), ('2', OrderedDict([('2', 96.48), ('3', 96.15), ('4', 95.69), ('5', 95.6), ('6', 95.65), ('7', 95.35), ('8', 95.25), ('9', 95.21), ('10', 95.29)])), ('3', OrderedDict([('3', 96.92), ('4', 96.4), ('5', 95.89), ('6', 95.96), ('7', 95.61), ('8', 95.35), ('9', 94.5), ('10', 94.73)])), ('4', OrderedDict([('4', 96.73), ('5', 95.06), ('6', 94.86), ('7', 94.56), ('8', 93.07), ('9', 92.35), ('10', 91.1)])), ('5', OrderedDict([('5', 96.82), ('6', 96.55), ('7', 96.29), ('8', 95.87), ('9', 95.96), ('10', 95.73)])), ('6', OrderedDict([('6', 96.73), ('7', 96.04), ('8', 95.32), ('9', 95.13), ('10', 94.73)])), ('7', OrderedDict([('7', 96.73), ('8', 95.36), ('9', 95.42), ('10', 95.46)])), ('8', OrderedDict([('8', 96.48), ('9', 95.85), ('10', 95.82)])), ('9', OrderedDict([('9', 96.84), ('10', 96.5)])), ('10', OrderedDict([('10', 96.95)]))])
Task 1 average acc: 96.36
Task 2 average acc: 96.315
Task 3 average acc: 96.38666666666667
Task 4 average acc: 96.13750000000002
Task 5 average acc: 95.758
Task 6 average acc: 95.65500000000002
Task 7 average acc: 95.38857142857144
Task 8 average acc: 95.00125
Task 9 average acc: 94.99222222222221
Task 10 average acc: 94.995
===Summary of experiment repeats: 4 / 5 ===
The regularization coefficient: 0.01
The last avg acc of all repeats: [94.977 93.847 95.385 94.995  0.   ]
mean: 75.8408 std: 37.923880246620335
MLP(
  (linear): Sequential(
    (0): Linear(in_features=1024, out_features=1000, bias=True)
    (1): ReLU(inplace=True)
    (2): Linear(in_features=1000, out_features=1000, bias=True)
    (3): ReLU(inplace=True)
  )
  (last): ModuleDict(
    (1): Linear(in_features=1000, out_features=10, bias=True)
    (2): Linear(in_features=1000, out_features=10, bias=True)
    (3): Linear(in_features=1000, out_features=10, bias=True)
    (4): Linear(in_features=1000, out_features=10, bias=True)
    (5): Linear(in_features=1000, out_features=10, bias=True)
    (6): Linear(in_features=1000, out_features=10, bias=True)
    (7): Linear(in_features=1000, out_features=10, bias=True)
    (8): Linear(in_features=1000, out_features=10, bias=True)
    (9): Linear(in_features=1000, out_features=10, bias=True)
    (10): Linear(in_features=1000, out_features=10, bias=True)
  )
)
#parameter of model: 2126100
Task order: ['1', '2', '3', '4', '5', '6', '7', '8', '9', '10']
====================== 1 =======================
#reg_term: 0
Epoch:0
LR: 0.0001
Itr		Time		  Data		  Loss		Acc
[0/469]	0.1172 (0.1172)	0.1103 (0.1103)	2.310 (2.310)	1.56 (1.56)
[100/469]	0.0078 (0.0083)	0.0046 (0.0051)	0.268 (0.809)	90.62 (81.40)
[200/469]	0.0033 (0.0078)	0.0001 (0.0046)	0.269 (0.566)	90.62 (86.00)
[300/469]	0.0043 (0.0077)	0.0013 (0.0045)	0.202 (0.467)	92.97 (88.02)
[400/469]	0.0132 (0.0076)	0.0102 (0.0044)	0.242 (0.407)	94.53 (89.37)
[468/469]	0.0038 (0.0075)	0.0008 (0.0044)	0.311 (0.378)	88.54 (90.03)
 * Train Acc 90.035
 * Val Acc 94.470, Total time 0.70
Epoch:1
LR: 0.0001
Itr		Time		  Data		  Loss		Acc
[0/469]	0.1178 (0.1178)	0.1103 (0.1103)	0.154 (0.154)	94.53 (94.53)
[100/469]	0.0043 (0.0084)	0.0009 (0.0052)	0.108 (0.169)	96.88 (95.03)
[200/469]	0.0031 (0.0079)	0.0001 (0.0047)	0.170 (0.168)	93.75 (95.12)
[300/469]	0.0087 (0.0077)	0.0055 (0.0046)	0.098 (0.160)	97.66 (95.34)
[400/469]	0.0142 (0.0076)	0.0113 (0.0045)	0.087 (0.153)	96.09 (95.55)
[468/469]	0.0030 (0.0076)	0.0001 (0.0044)	0.169 (0.149)	94.79 (95.63)
 * Train Acc 95.632
 * Val Acc 96.210, Total time 0.75
Computing MAS
validation split name: 1
 * Val Acc 96.210, Total time 0.71
====================== 2 =======================
#reg_term: 1
Epoch:0
LR: 0.0001
Itr		Time		  Data		  Loss		Acc
[0/469]	0.1463 (0.1463)	0.1325 (0.1325)	2.366 (2.366)	10.94 (10.94)
[100/469]	0.0086 (0.0120)	0.0001 (0.0034)	0.396 (0.688)	92.19 (80.19)
[200/469]	0.0094 (0.0112)	0.0009 (0.0026)	0.202 (0.486)	93.75 (85.95)
[300/469]	0.0129 (0.0109)	0.0044 (0.0023)	0.170 (0.404)	94.53 (88.29)
[400/469]	0.0086 (0.0107)	0.0001 (0.0022)	0.249 (0.355)	92.19 (89.69)
[468/469]	0.0090 (0.0107)	0.0006 (0.0021)	0.260 (0.331)	92.71 (90.40)
 * Train Acc 90.398
 * Val Acc 95.220, Total time 1.00
Epoch:1
LR: 0.0001
Itr		Time		  Data		  Loss		Acc
[0/469]	0.1300 (0.1300)	0.1175 (0.1175)	0.171 (0.171)	94.53 (94.53)
[100/469]	0.0094 (0.0116)	0.0010 (0.0029)	0.100 (0.157)	96.88 (95.65)
[200/469]	0.0095 (0.0109)	0.0011 (0.0024)	0.118 (0.151)	96.88 (95.82)
[300/469]	0.0125 (0.0107)	0.0041 (0.0022)	0.278 (0.147)	91.41 (95.89)
[400/469]	0.0088 (0.0106)	0.0001 (0.0021)	0.118 (0.143)	96.88 (96.00)
[468/469]	0.0088 (0.0106)	0.0005 (0.0020)	0.140 (0.139)	95.83 (96.13)
 * Train Acc 96.133
 * Val Acc 96.620, Total time 0.98
Computing MAS
validation split name: 1
 * Val Acc 94.740, Total time 0.70
validation split name: 2
 * Val Acc 96.620, Total time 0.97
====================== 3 =======================
#reg_term: 1
Epoch:0
LR: 0.0001
Itr		Time		  Data		  Loss		Acc
[0/469]	0.1526 (0.1526)	0.1369 (0.1369)	2.291 (2.291)	17.97 (17.97)
[100/469]	0.0087 (0.0122)	0.0001 (0.0035)	0.292 (0.597)	90.62 (82.29)
[200/469]	0.0103 (0.0113)	0.0019 (0.0027)	0.265 (0.440)	91.41 (87.08)
[300/469]	0.0125 (0.0110)	0.0039 (0.0024)	0.131 (0.368)	96.09 (89.23)
[400/469]	0.0086 (0.0108)	0.0001 (0.0023)	0.204 (0.321)	96.88 (90.66)
[468/469]	0.0090 (0.0107)	0.0006 (0.0022)	0.209 (0.299)	93.75 (91.31)
 * Train Acc 91.305
 * Val Acc 95.610, Total time 0.95
Epoch:1
LR: 0.0001
Itr		Time		  Data		  Loss		Acc
[0/469]	0.1492 (0.1492)	0.1368 (0.1368)	0.073 (0.073)	99.22 (99.22)
[100/469]	0.0082 (0.0122)	0.0001 (0.0039)	0.251 (0.139)	93.75 (96.29)
[200/469]	0.0085 (0.0112)	0.0001 (0.0029)	0.093 (0.140)	98.44 (96.23)
[300/469]	0.0121 (0.0109)	0.0036 (0.0025)	0.202 (0.138)	96.09 (96.24)
[400/469]	0.0093 (0.0107)	0.0009 (0.0023)	0.097 (0.134)	97.66 (96.33)
[468/469]	0.0088 (0.0107)	0.0005 (0.0022)	0.100 (0.130)	98.96 (96.45)
 * Train Acc 96.448
 * Val Acc 96.980, Total time 0.95
Computing MAS
validation split name: 1
 * Val Acc 94.820, Total time 0.72
validation split name: 2
 * Val Acc 95.440, Total time 0.93
validation split name: 3
 * Val Acc 96.980, Total time 0.94
====================== 4 =======================
#reg_term: 1
Epoch:0
LR: 0.0001
Itr		Time		  Data		  Loss		Acc
[0/469]	0.1358 (0.1358)	0.1227 (0.1227)	2.414 (2.414)	13.28 (13.28)
[100/469]	0.0086 (0.0118)	0.0001 (0.0031)	0.327 (0.597)	87.50 (81.81)
[200/469]	0.0095 (0.0111)	0.0010 (0.0024)	0.205 (0.429)	94.53 (87.10)
[300/469]	0.0119 (0.0108)	0.0035 (0.0022)	0.260 (0.358)	89.84 (89.30)
[400/469]	0.0095 (0.0107)	0.0010 (0.0021)	0.202 (0.317)	92.19 (90.64)
[468/469]	0.0089 (0.0106)	0.0005 (0.0021)	0.232 (0.297)	92.71 (91.29)
 * Train Acc 91.292
 * Val Acc 95.400, Total time 0.95
Epoch:1
LR: 0.0001
Itr		Time		  Data		  Loss		Acc
[0/469]	0.1417 (0.1417)	0.1288 (0.1288)	0.078 (0.078)	98.44 (98.44)
[100/469]	0.0100 (0.0116)	0.0015 (0.0030)	0.165 (0.143)	96.09 (96.23)
[200/469]	0.0093 (0.0109)	0.0008 (0.0024)	0.125 (0.135)	95.31 (96.38)
[300/469]	0.0128 (0.0107)	0.0043 (0.0022)	0.102 (0.132)	96.88 (96.47)
[400/469]	0.0086 (0.0106)	0.0001 (0.0021)	0.221 (0.132)	96.09 (96.52)
[468/469]	0.0091 (0.0106)	0.0007 (0.0020)	0.085 (0.130)	98.96 (96.56)
 * Train Acc 96.563
 * Val Acc 96.790, Total time 1.02
Computing MAS
validation split name: 1
 * Val Acc 93.910, Total time 0.72
validation split name: 2
 * Val Acc 95.450, Total time 0.95
validation split name: 3
 * Val Acc 96.480, Total time 0.95
validation split name: 4
 * Val Acc 96.790, Total time 0.95
====================== 5 =======================
#reg_term: 1
Epoch:0
LR: 0.0001
Itr		Time		  Data		  Loss		Acc
[0/469]	0.1343 (0.1343)	0.1212 (0.1212)	2.385 (2.385)	12.50 (12.50)
[100/469]	0.0086 (0.0116)	0.0002 (0.0030)	0.238 (0.588)	93.75 (82.50)
[200/469]	0.0085 (0.0110)	0.0001 (0.0024)	0.234 (0.425)	92.97 (87.43)
[300/469]	0.0148 (0.0108)	0.0063 (0.0022)	0.131 (0.358)	98.44 (89.39)
[400/469]	0.0088 (0.0107)	0.0002 (0.0022)	0.165 (0.318)	96.88 (90.72)
[468/469]	0.0094 (0.0106)	0.0010 (0.0021)	0.143 (0.296)	94.79 (91.41)
 * Train Acc 91.412
 * Val Acc 95.770, Total time 0.95
Epoch:1
LR: 0.0001
Itr		Time		  Data		  Loss		Acc
[0/469]	0.1387 (0.1387)	0.1259 (0.1259)	0.126 (0.126)	96.88 (96.88)
[100/469]	0.0086 (0.0116)	0.0002 (0.0031)	0.135 (0.154)	97.66 (96.03)
[200/469]	0.0097 (0.0110)	0.0009 (0.0025)	0.118 (0.145)	98.44 (96.30)
[300/469]	0.0125 (0.0108)	0.0042 (0.0023)	0.097 (0.141)	96.09 (96.33)
[400/469]	0.0085 (0.0107)	0.0001 (0.0022)	0.167 (0.139)	94.53 (96.37)
[468/469]	0.0089 (0.0106)	0.0006 (0.0022)	0.075 (0.136)	98.96 (96.47)
 * Train Acc 96.475
 * Val Acc 97.170, Total time 0.93
Computing MAS
validation split name: 1
 * Val Acc 93.390, Total time 0.70
validation split name: 2
 * Val Acc 94.920, Total time 0.97
validation split name: 3
 * Val Acc 96.260, Total time 0.95
validation split name: 4
 * Val Acc 96.030, Total time 0.95
validation split name: 5
 * Val Acc 97.170, Total time 0.94
====================== 6 =======================
#reg_term: 1
Epoch:0
LR: 0.0001
Itr		Time		  Data		  Loss		Acc
[0/469]	0.1463 (0.1463)	0.1336 (0.1336)	2.396 (2.396)	14.06 (14.06)
[100/469]	0.0087 (0.0121)	0.0001 (0.0036)	0.308 (0.581)	90.62 (82.17)
[200/469]	0.0086 (0.0112)	0.0001 (0.0027)	0.183 (0.425)	92.97 (87.19)
[300/469]	0.0142 (0.0110)	0.0056 (0.0024)	0.241 (0.356)	94.53 (89.48)
[400/469]	0.0096 (0.0108)	0.0010 (0.0023)	0.308 (0.319)	92.19 (90.70)
[468/469]	0.0091 (0.0108)	0.0007 (0.0022)	0.190 (0.297)	91.67 (91.40)
 * Train Acc 91.400
 * Val Acc 95.720, Total time 0.95
Epoch:1
LR: 0.0001
Itr		Time		  Data		  Loss		Acc
[0/469]	0.1481 (0.1481)	0.1340 (0.1340)	0.147 (0.147)	95.31 (95.31)
[100/469]	0.0093 (0.0130)	0.0009 (0.0045)	0.169 (0.151)	95.31 (96.06)
[200/469]	0.0106 (0.0117)	0.0022 (0.0032)	0.121 (0.149)	97.66 (96.23)
[300/469]	0.0093 (0.0112)	0.0009 (0.0028)	0.123 (0.148)	96.09 (96.29)
[400/469]	0.0094 (0.0110)	0.0009 (0.0025)	0.148 (0.142)	97.66 (96.50)
[468/469]	0.0083 (0.0109)	0.0001 (0.0024)	0.088 (0.140)	96.88 (96.58)
 * Train Acc 96.580
 * Val Acc 96.890, Total time 0.96
Computing MAS
validation split name: 1
 * Val Acc 93.470, Total time 0.70
validation split name: 2
 * Val Acc 93.190, Total time 0.95
validation split name: 3
 * Val Acc 96.250, Total time 0.94
validation split name: 4
 * Val Acc 95.910, Total time 0.95
validation split name: 5
 * Val Acc 96.650, Total time 0.94
validation split name: 6
 * Val Acc 96.890, Total time 0.95
====================== 7 =======================
#reg_term: 1
Epoch:0
LR: 0.0001
Itr		Time		  Data		  Loss		Acc
[0/469]	0.1379 (0.1379)	0.1214 (0.1214)	2.396 (2.396)	7.81 (7.81)
[100/469]	0.0087 (0.0117)	0.0001 (0.0028)	0.256 (0.590)	93.75 (82.62)
[200/469]	0.0118 (0.0110)	0.0033 (0.0023)	0.301 (0.433)	92.19 (87.41)
[300/469]	0.0106 (0.0108)	0.0019 (0.0021)	0.160 (0.363)	96.09 (89.55)
[400/469]	0.0088 (0.0107)	0.0001 (0.0020)	0.278 (0.322)	90.62 (90.79)
[468/469]	0.0086 (0.0107)	0.0001 (0.0020)	0.213 (0.301)	94.79 (91.44)
 * Train Acc 91.443
 * Val Acc 95.980, Total time 0.96
Epoch:1
LR: 0.0001
Itr		Time		  Data		  Loss		Acc
[0/469]	0.1462 (0.1462)	0.1332 (0.1332)	0.152 (0.152)	96.88 (96.88)
[100/469]	0.0086 (0.0120)	0.0002 (0.0035)	0.126 (0.156)	95.31 (96.19)
[200/469]	0.0086 (0.0111)	0.0001 (0.0027)	0.206 (0.154)	94.53 (96.23)
[300/469]	0.0124 (0.0109)	0.0040 (0.0024)	0.089 (0.149)	98.44 (96.39)
[400/469]	0.0101 (0.0107)	0.0016 (0.0023)	0.098 (0.147)	99.22 (96.48)
[468/469]	0.0091 (0.0107)	0.0008 (0.0022)	0.099 (0.144)	96.88 (96.56)
 * Train Acc 96.557
 * Val Acc 96.960, Total time 0.94
Computing MAS
validation split name: 1
 * Val Acc 93.070, Total time 0.71
validation split name: 2
 * Val Acc 91.910, Total time 0.94
validation split name: 3
 * Val Acc 95.980, Total time 0.95
validation split name: 4
 * Val Acc 96.060, Total time 0.95
validation split name: 5
 * Val Acc 96.370, Total time 0.95
validation split name: 6
 * Val Acc 96.750, Total time 0.93
validation split name: 7
 * Val Acc 96.960, Total time 0.94
====================== 8 =======================
#reg_term: 1
Epoch:0
LR: 0.0001
Itr		Time		  Data		  Loss		Acc
[0/469]	0.1327 (0.1327)	0.1191 (0.1191)	2.373 (2.373)	11.72 (11.72)
[100/469]	0.0085 (0.0116)	0.0001 (0.0031)	0.448 (0.583)	86.72 (82.53)
[200/469]	0.0083 (0.0110)	0.0001 (0.0026)	0.175 (0.420)	96.09 (87.78)
[300/469]	0.0137 (0.0108)	0.0057 (0.0024)	0.247 (0.357)	92.19 (89.79)
[400/469]	0.0085 (0.0107)	0.0001 (0.0023)	0.204 (0.316)	95.31 (91.08)
[468/469]	0.0090 (0.0106)	0.0006 (0.0022)	0.153 (0.299)	96.88 (91.62)
 * Train Acc 91.625
 * Val Acc 95.690, Total time 0.97
Epoch:1
LR: 0.0001
Itr		Time		  Data		  Loss		Acc
[0/469]	0.1359 (0.1359)	0.1226 (0.1226)	0.159 (0.159)	95.31 (95.31)
[100/469]	0.0099 (0.0121)	0.0015 (0.0035)	0.100 (0.149)	97.66 (96.51)
[200/469]	0.0120 (0.0112)	0.0033 (0.0028)	0.179 (0.152)	92.97 (96.36)
[300/469]	0.0085 (0.0109)	0.0001 (0.0025)	0.121 (0.150)	96.88 (96.40)
[400/469]	0.0125 (0.0108)	0.0041 (0.0023)	0.117 (0.149)	97.66 (96.41)
[468/469]	0.0086 (0.0107)	0.0001 (0.0023)	0.096 (0.148)	97.92 (96.46)
 * Train Acc 96.458
 * Val Acc 97.030, Total time 0.96
Computing MAS
validation split name: 1
 * Val Acc 93.610, Total time 0.72
validation split name: 2
 * Val Acc 91.230, Total time 0.95
validation split name: 3
 * Val Acc 95.260, Total time 0.93
validation split name: 4
 * Val Acc 95.080, Total time 0.98
validation split name: 5
 * Val Acc 95.890, Total time 0.96
validation split name: 6
 * Val Acc 96.440, Total time 0.95
validation split name: 7
 * Val Acc 96.610, Total time 0.94
validation split name: 8
 * Val Acc 97.030, Total time 1.01
====================== 9 =======================
#reg_term: 1
Epoch:0
LR: 0.0001
Itr		Time		  Data		  Loss		Acc
[0/469]	0.1373 (0.1373)	0.1251 (0.1251)	2.325 (2.325)	10.94 (10.94)
[100/469]	0.0097 (0.0116)	0.0012 (0.0030)	0.269 (0.557)	91.41 (83.26)
[200/469]	0.0097 (0.0110)	0.0011 (0.0024)	0.257 (0.411)	90.62 (87.95)
[300/469]	0.0122 (0.0108)	0.0037 (0.0022)	0.176 (0.353)	95.31 (89.86)
[400/469]	0.0100 (0.0107)	0.0015 (0.0022)	0.189 (0.316)	94.53 (91.06)
[468/469]	0.0089 (0.0107)	0.0006 (0.0021)	0.251 (0.298)	92.71 (91.66)
 * Train Acc 91.663
 * Val Acc 95.510, Total time 0.94
Epoch:1
LR: 0.0001
Itr		Time		  Data		  Loss		Acc
[0/469]	0.1326 (0.1326)	0.1198 (0.1198)	0.101 (0.101)	98.44 (98.44)
[100/469]	0.0086 (0.0115)	0.0002 (0.0030)	0.152 (0.159)	95.31 (96.13)
[200/469]	0.0089 (0.0109)	0.0001 (0.0024)	0.120 (0.157)	97.66 (96.30)
[300/469]	0.0124 (0.0107)	0.0039 (0.0022)	0.121 (0.156)	97.66 (96.39)
[400/469]	0.0104 (0.0106)	0.0018 (0.0021)	0.149 (0.154)	96.88 (96.46)
[468/469]	0.0091 (0.0106)	0.0006 (0.0021)	0.117 (0.153)	95.83 (96.47)
 * Train Acc 96.472
 * Val Acc 96.640, Total time 0.95
Computing MAS
validation split name: 1
 * Val Acc 94.000, Total time 0.70
validation split name: 2
 * Val Acc 85.780, Total time 0.94
validation split name: 3
 * Val Acc 94.640, Total time 0.96
validation split name: 4
 * Val Acc 94.760, Total time 0.94
validation split name: 5
 * Val Acc 95.000, Total time 0.94
validation split name: 6
 * Val Acc 95.930, Total time 0.97
validation split name: 7
 * Val Acc 95.860, Total time 0.95
validation split name: 8
 * Val Acc 95.560, Total time 0.95
validation split name: 9
 * Val Acc 96.640, Total time 0.96
====================== 10 =======================
#reg_term: 1
Epoch:0
LR: 0.0001
Itr		Time		  Data		  Loss		Acc
[0/469]	0.1335 (0.1335)	0.1177 (0.1177)	2.437 (2.437)	9.38 (9.38)
[100/469]	0.0095 (0.0118)	0.0011 (0.0029)	0.231 (0.548)	94.53 (83.87)
[200/469]	0.0085 (0.0111)	0.0001 (0.0024)	0.451 (0.415)	89.06 (88.11)
[300/469]	0.0141 (0.0109)	0.0057 (0.0023)	0.205 (0.357)	96.09 (89.98)
[400/469]	0.0087 (0.0107)	0.0004 (0.0022)	0.220 (0.320)	93.75 (91.21)
[468/469]	0.0092 (0.0107)	0.0007 (0.0022)	0.277 (0.300)	94.79 (91.81)
 * Train Acc 91.813
 * Val Acc 95.470, Total time 0.94
Epoch:1
LR: 0.0001
Itr		Time		  Data		  Loss		Acc
[0/469]	0.1387 (0.1387)	0.1217 (0.1217)	0.199 (0.199)	96.09 (96.09)
[100/469]	0.0135 (0.0119)	0.0048 (0.0029)	0.101 (0.169)	97.66 (95.99)
[200/469]	0.0086 (0.0111)	0.0001 (0.0024)	0.149 (0.164)	96.09 (96.19)
[300/469]	0.0087 (0.0109)	0.0001 (0.0022)	0.137 (0.162)	98.44 (96.32)
[400/469]	0.0128 (0.0108)	0.0042 (0.0021)	0.187 (0.161)	97.66 (96.32)
[468/469]	0.0085 (0.0107)	0.0001 (0.0021)	0.307 (0.159)	94.79 (96.41)
 * Train Acc 96.408
 * Val Acc 96.560, Total time 0.94
Computing MAS
validation split name: 1
 * Val Acc 92.520, Total time 0.71
validation split name: 2
 * Val Acc 87.910, Total time 0.97
validation split name: 3
 * Val Acc 94.270, Total time 0.96
validation split name: 4
 * Val Acc 95.140, Total time 0.95
validation split name: 5
 * Val Acc 94.750, Total time 1.00
validation split name: 6
 * Val Acc 96.030, Total time 0.94
validation split name: 7
 * Val Acc 95.500, Total time 0.96
validation split name: 8
 * Val Acc 95.950, Total time 0.99
validation split name: 9
 * Val Acc 96.500, Total time 0.96
validation split name: 10
 * Val Acc 96.560, Total time 0.94
OrderedDict([('1', OrderedDict([('1', 96.21), ('2', 94.74), ('3', 94.82), ('4', 93.91), ('5', 93.39), ('6', 93.47), ('7', 93.07), ('8', 93.61), ('9', 94.0), ('10', 92.52)])), ('2', OrderedDict([('2', 96.62), ('3', 95.44), ('4', 95.45), ('5', 94.92), ('6', 93.19), ('7', 91.91), ('8', 91.23), ('9', 85.78), ('10', 87.91)])), ('3', OrderedDict([('3', 96.98), ('4', 96.48), ('5', 96.26), ('6', 96.25), ('7', 95.98), ('8', 95.26), ('9', 94.64), ('10', 94.27)])), ('4', OrderedDict([('4', 96.79), ('5', 96.03), ('6', 95.91), ('7', 96.06), ('8', 95.08), ('9', 94.76), ('10', 95.14)])), ('5', OrderedDict([('5', 97.17), ('6', 96.65), ('7', 96.37), ('8', 95.89), ('9', 95.0), ('10', 94.75)])), ('6', OrderedDict([('6', 96.89), ('7', 96.75), ('8', 96.44), ('9', 95.93), ('10', 96.03)])), ('7', OrderedDict([('7', 96.96), ('8', 96.61), ('9', 95.86), ('10', 95.5)])), ('8', OrderedDict([('8', 97.03), ('9', 95.56), ('10', 95.95)])), ('9', OrderedDict([('9', 96.64), ('10', 96.5)])), ('10', OrderedDict([('10', 96.56)]))])
Task 1 average acc: 96.21
Task 2 average acc: 95.68
Task 3 average acc: 95.74666666666667
Task 4 average acc: 95.65750000000001
Task 5 average acc: 95.554
Task 6 average acc: 95.39333333333332
Task 7 average acc: 95.3
Task 8 average acc: 95.14375
Task 9 average acc: 94.24111111111111
Task 10 average acc: 94.513
===Summary of experiment repeats: 5 / 5 ===
The regularization coefficient: 0.01
The last avg acc of all repeats: [94.977 93.847 95.385 94.995 94.513]
mean: 94.7434 std: 0.5265243014334618
reg_coef: 0.01 mean: 94.7434 std: 0.5265243014334618
Total Time for the script is 1078.5931150913239 seconds
