MLP(
  (linear): Sequential(
    (0): Linear(in_features=1024, out_features=1000, bias=True)
    (1): ReLU(inplace=True)
    (2): Linear(in_features=1000, out_features=1000, bias=True)
    (3): ReLU(inplace=True)
  )
  (last): ModuleDict(
    (1): Linear(in_features=1000, out_features=10, bias=True)
    (2): Linear(in_features=1000, out_features=10, bias=True)
  )
)
#parameter of model: 2046020
Task order: ['1', '2']
====================== 1 =======================
Epoch:0
LR: 0.1
Itr		Time		  Data		  Loss		Acc
[0/469]	0.5440 (0.5440)	0.1004 (0.1004)	1.253 (1.253)	78.12 (78.12)
[100/469]	0.0155 (0.0208)	0.0007 (0.0017)	0.013 (0.054)	100.00 (99.40)
[200/469]	0.0154 (0.0182)	0.0006 (0.0013)	0.006 (0.031)	100.00 (99.70)
[300/469]	0.0156 (0.0173)	0.0008 (0.0011)	0.003 (0.022)	100.00 (99.80)
[400/469]	0.0157 (0.0169)	0.0008 (0.0010)	0.003 (0.017)	100.00 (99.85)
[468/469]	0.0151 (0.0167)	0.0006 (0.0010)	0.001 (0.015)	100.00 (99.87)
 * Train Acc 99.870
 * Val Acc 97.050, Total time 0.68
Epoch:1
LR: 0.1
Itr		Time		  Data		  Loss		Acc
[0/469]	0.1241 (0.1241)	0.1023 (0.1023)	0.002 (0.002)	100.00 (100.00)
[100/469]	0.0156 (0.0167)	0.0006 (0.0017)	0.002 (0.002)	100.00 (100.00)
[200/469]	0.0156 (0.0162)	0.0006 (0.0012)	0.001 (0.002)	100.00 (100.00)
[300/469]	0.0157 (0.0160)	0.0009 (0.0011)	0.002 (0.001)	100.00 (100.00)
[400/469]	0.0157 (0.0159)	0.0008 (0.0010)	0.002 (0.001)	100.00 (100.00)
[468/469]	0.0153 (0.0159)	0.0007 (0.0010)	0.001 (0.001)	100.00 (100.00)
 * Train Acc 100.000
 * Val Acc 97.930, Total time 0.69
validation split name: 1
 * Val Acc 97.930, Total time 0.69
====================== 2 =======================
Epoch:0
LR: 0.1
Itr		Time		  Data		  Loss		Acc
[0/844]	0.3095 (0.3095)	0.1042 (0.1042)	1.383 (1.383)	86.67 (92.19)
[100/844]	0.1840 (0.1991)	0.0007 (0.0018)	0.087 (0.203)	100.00 (99.73)
[200/844]	0.1867 (0.1958)	0.0007 (0.0013)	0.035 (0.142)	100.00 (99.86)
[300/844]	0.1970 (0.1947)	0.0007 (0.0011)	0.016 (0.110)	100.00 (99.91)
[400/844]	0.1981 (0.1939)	0.0008 (0.0010)	0.036 (0.090)	100.00 (99.93)
[500/844]	0.1935 (0.1941)	0.0008 (0.0010)	0.007 (0.077)	100.00 (99.94)
[600/844]	0.1933 (0.1942)	0.0008 (0.0009)	0.004 (0.067)	100.00 (99.95)
[700/844]	0.1780 (0.1942)	0.0008 (0.0009)	0.003 (0.059)	100.00 (99.96)
[800/844]	0.1985 (0.1945)	0.0008 (0.0009)	0.017 (0.053)	100.00 (99.96)
[843/844]	0.2024 (0.1944)	0.0007 (0.0009)	0.007 (0.051)	100.00 (99.97)
 * Train Acc 99.966
 * Val Acc 97.320, Total time 0.95
Epoch:1
LR: 0.1
Itr		Time		  Data		  Loss		Acc
[0/844]	0.3359 (0.3359)	0.1133 (0.1133)	0.003 (0.003)	100.00 (100.00)
[100/844]	0.2179 (0.2058)	0.0009 (0.0019)	0.002 (0.005)	100.00 (100.00)
[200/844]	0.1842 (0.2001)	0.0007 (0.0013)	0.001 (0.006)	100.00 (100.00)
[300/844]	0.1945 (0.1972)	0.0007 (0.0011)	0.003 (0.006)	100.00 (100.00)
[400/844]	0.2001 (0.1958)	0.0007 (0.0010)	0.003 (0.006)	100.00 (100.00)
[500/844]	0.1909 (0.1951)	0.0007 (0.0010)	0.001 (0.005)	100.00 (100.00)
[600/844]	0.2013 (0.1956)	0.0008 (0.0009)	0.002 (0.005)	100.00 (100.00)
[700/844]	0.1877 (0.1961)	0.0008 (0.0009)	0.013 (0.005)	100.00 (100.00)
[800/844]	0.2061 (0.1957)	0.0007 (0.0009)	0.001 (0.004)	100.00 (100.00)
[843/844]	0.1942 (0.1955)	0.0007 (0.0009)	0.001 (0.004)	100.00 (100.00)
 * Train Acc 100.000
 * Val Acc 97.950, Total time 0.92
validation split name: 1
 * Val Acc 98.440, Total time 0.69
validation split name: 2
 * Val Acc 97.950, Total time 0.93
OrderedDict([('1', OrderedDict([('1', 97.93), ('2', 98.44)])), ('2', OrderedDict([('2', 97.95)]))])
Task 1 average acc: 97.93
Task 2 average acc: 98.195
===Summary of experiment repeats: 1 / 1 ===
The regularization coefficient: 0.5
The last avg acc of all repeats: [98.195]
mean: 98.195 std: 0.0
reg_coef: 0.5 mean: 98.195 std: 0.0
Total Time for the script is 357.7831256389618 seconds
