MLP(
  (linear): Sequential(
    (0): Linear(in_features=1024, out_features=1000, bias=True)
    (1): ReLU(inplace=True)
    (2): Linear(in_features=1000, out_features=1000, bias=True)
    (3): ReLU(inplace=True)
  )
  (last): ModuleDict(
    (1): Linear(in_features=1000, out_features=10, bias=True)
    (2): Linear(in_features=1000, out_features=10, bias=True)
    (3): Linear(in_features=1000, out_features=10, bias=True)
    (4): Linear(in_features=1000, out_features=10, bias=True)
    (5): Linear(in_features=1000, out_features=10, bias=True)
    (6): Linear(in_features=1000, out_features=10, bias=True)
    (7): Linear(in_features=1000, out_features=10, bias=True)
    (8): Linear(in_features=1000, out_features=10, bias=True)
    (9): Linear(in_features=1000, out_features=10, bias=True)
    (10): Linear(in_features=1000, out_features=10, bias=True)
  )
)
#parameter of model: 2126100
Task order: ['1', '2', '3', '4', '5', '6', '7', '8', '9', '10']
Epoch:0
LR: 0.0001
Itr		Time		  Data		  Loss		Acc
[0/4688]	0.5630 (0.5630)	0.1174 (0.1174)	2.304 (2.304)	13.33 (11.72)
[100/4688]	0.0110 (0.0169)	0.0007 (0.0019)	1.000 (1.694)	55.56 (59.09)
[200/4688]	0.0111 (0.0141)	0.0008 (0.0013)	0.617 (1.223)	92.86 (70.25)
[300/4688]	0.0114 (0.0131)	0.0006 (0.0011)	0.439 (0.991)	91.67 (75.32)
[400/4688]	0.0112 (0.0126)	0.0008 (0.0010)	0.292 (0.855)	90.91 (78.30)
[500/4688]	0.0116 (0.0123)	0.0008 (0.0009)	0.351 (0.764)	82.35 (80.27)
[600/4688]	0.0113 (0.0121)	0.0006 (0.0009)	0.411 (0.703)	77.78 (81.60)
[700/4688]	0.0111 (0.0119)	0.0007 (0.0009)	0.293 (0.657)	100.00 (82.63)
[800/4688]	0.0112 (0.0119)	0.0007 (0.0008)	0.380 (0.617)	100.00 (83.56)
[900/4688]	0.0112 (0.0118)	0.0008 (0.0008)	0.336 (0.585)	85.71 (84.30)
[1000/4688]	0.0110 (0.0117)	0.0006 (0.0008)	0.344 (0.558)	93.33 (84.93)
[1100/4688]	0.0111 (0.0116)	0.0008 (0.0008)	0.275 (0.536)	84.62 (85.47)
[1200/4688]	0.0111 (0.0116)	0.0008 (0.0008)	0.370 (0.518)	84.21 (85.90)
[1300/4688]	0.0112 (0.0116)	0.0007 (0.0008)	0.196 (0.501)	100.00 (86.32)
[1400/4688]	0.0111 (0.0115)	0.0007 (0.0008)	0.268 (0.486)	93.75 (86.69)
[1500/4688]	0.0110 (0.0115)	0.0006 (0.0008)	0.267 (0.474)	100.00 (86.96)
[1600/4688]	0.0110 (0.0115)	0.0006 (0.0008)	0.284 (0.461)	71.43 (87.28)
[1700/4688]	0.0111 (0.0114)	0.0008 (0.0008)	0.143 (0.450)	100.00 (87.56)
[1800/4688]	0.0111 (0.0114)	0.0007 (0.0008)	0.163 (0.440)	100.00 (87.80)
[1900/4688]	0.0111 (0.0114)	0.0007 (0.0007)	0.107 (0.431)	100.00 (88.03)
[2000/4688]	0.0111 (0.0114)	0.0007 (0.0007)	0.168 (0.422)	90.91 (88.27)
[2100/4688]	0.0110 (0.0114)	0.0007 (0.0007)	0.181 (0.413)	100.00 (88.48)
[2200/4688]	0.0111 (0.0114)	0.0007 (0.0007)	0.264 (0.406)	100.00 (88.67)
[2300/4688]	0.0111 (0.0113)	0.0008 (0.0007)	0.240 (0.398)	93.75 (88.87)
[2400/4688]	0.0111 (0.0113)	0.0008 (0.0007)	0.212 (0.391)	87.50 (89.06)
[2500/4688]	0.0111 (0.0113)	0.0007 (0.0007)	0.253 (0.385)	91.67 (89.23)
[2600/4688]	0.0111 (0.0113)	0.0008 (0.0007)	0.176 (0.378)	100.00 (89.39)
[2700/4688]	0.0110 (0.0113)	0.0007 (0.0007)	0.196 (0.373)	90.91 (89.54)
[2800/4688]	0.0111 (0.0113)	0.0008 (0.0007)	0.237 (0.367)	100.00 (89.69)
[2900/4688]	0.0110 (0.0113)	0.0006 (0.0007)	0.193 (0.361)	100.00 (89.83)
[3000/4688]	0.0108 (0.0113)	0.0006 (0.0007)	0.245 (0.356)	100.00 (89.96)
[3100/4688]	0.0107 (0.0113)	0.0006 (0.0007)	0.221 (0.351)	100.00 (90.09)
[3200/4688]	0.0107 (0.0112)	0.0006 (0.0007)	0.201 (0.346)	100.00 (90.23)
[3300/4688]	0.0114 (0.0112)	0.0007 (0.0007)	0.151 (0.342)	100.00 (90.35)
[3400/4688]	0.0114 (0.0112)	0.0007 (0.0007)	0.229 (0.337)	100.00 (90.47)
[3500/4688]	0.0111 (0.0112)	0.0008 (0.0007)	0.121 (0.333)	100.00 (90.57)
[3600/4688]	0.0111 (0.0112)	0.0007 (0.0007)	0.128 (0.330)	100.00 (90.67)
[3700/4688]	0.0112 (0.0112)	0.0006 (0.0007)	0.312 (0.326)	100.00 (90.76)
[3800/4688]	0.0112 (0.0112)	0.0006 (0.0007)	0.107 (0.322)	100.00 (90.86)
[3900/4688]	0.0111 (0.0112)	0.0006 (0.0007)	0.150 (0.319)	100.00 (90.96)
[4000/4688]	0.0112 (0.0112)	0.0007 (0.0007)	0.258 (0.315)	83.33 (91.05)
[4100/4688]	0.0112 (0.0112)	0.0007 (0.0007)	0.174 (0.312)	92.31 (91.14)
[4200/4688]	0.0113 (0.0112)	0.0008 (0.0007)	0.121 (0.309)	100.00 (91.23)
[4300/4688]	0.0113 (0.0112)	0.0008 (0.0007)	0.206 (0.305)	81.82 (91.32)
[4400/4688]	0.0112 (0.0112)	0.0007 (0.0007)	0.236 (0.302)	100.00 (91.40)
[4500/4688]	0.0112 (0.0112)	0.0007 (0.0007)	0.127 (0.299)	100.00 (91.48)
[4600/4688]	0.0110 (0.0112)	0.0008 (0.0007)	0.183 (0.297)	100.00 (91.56)
[4687/4688]	0.0109 (0.0112)	0.0006 (0.0007)	0.122 (0.294)	100.00 (91.62)
 * Train Acc 91.618
 * Val Acc 95.542, Total time 8.10
Epoch:1
LR: 0.0001
Itr		Time		  Data		  Loss		Acc
[0/4688]	0.1545 (0.1545)	0.1395 (0.1395)	0.083 (0.083)	100.00 (98.44)
[100/4688]	0.0108 (0.0132)	0.0006 (0.0023)	0.150 (0.142)	83.33 (95.94)
[200/4688]	0.0112 (0.0120)	0.0007 (0.0015)	0.197 (0.143)	91.67 (95.78)
[300/4688]	0.0114 (0.0118)	0.0009 (0.0012)	0.123 (0.140)	91.67 (95.80)
[400/4688]	0.0112 (0.0117)	0.0007 (0.0011)	0.110 (0.140)	100.00 (95.88)
[500/4688]	0.0111 (0.0116)	0.0007 (0.0010)	0.177 (0.140)	100.00 (95.87)
[600/4688]	0.0113 (0.0116)	0.0007 (0.0010)	0.099 (0.140)	92.86 (95.85)
[700/4688]	0.0113 (0.0115)	0.0008 (0.0009)	0.255 (0.139)	88.89 (95.88)
[800/4688]	0.0110 (0.0115)	0.0007 (0.0009)	0.098 (0.137)	95.00 (95.91)
[900/4688]	0.0111 (0.0114)	0.0007 (0.0009)	0.148 (0.137)	90.91 (95.90)
[1000/4688]	0.0110 (0.0114)	0.0006 (0.0009)	0.094 (0.137)	92.31 (95.91)
[1100/4688]	0.0112 (0.0114)	0.0007 (0.0009)	0.090 (0.137)	100.00 (95.91)
[1200/4688]	0.0111 (0.0114)	0.0008 (0.0008)	0.091 (0.137)	100.00 (95.93)
[1300/4688]	0.0111 (0.0113)	0.0007 (0.0008)	0.100 (0.136)	92.86 (95.95)
[1400/4688]	0.0110 (0.0113)	0.0007 (0.0008)	0.169 (0.135)	80.00 (95.96)
[1500/4688]	0.0115 (0.0113)	0.0007 (0.0008)	0.088 (0.135)	92.86 (95.98)
[1600/4688]	0.0111 (0.0113)	0.0008 (0.0008)	0.117 (0.134)	94.74 (96.00)
[1700/4688]	0.0115 (0.0113)	0.0008 (0.0008)	0.080 (0.133)	93.75 (96.04)
[1800/4688]	0.0111 (0.0113)	0.0008 (0.0008)	0.096 (0.133)	100.00 (96.05)
[1900/4688]	0.0112 (0.0113)	0.0008 (0.0008)	0.064 (0.132)	100.00 (96.07)
[2000/4688]	0.0112 (0.0113)	0.0008 (0.0008)	0.098 (0.131)	100.00 (96.11)
[2100/4688]	0.0110 (0.0113)	0.0007 (0.0008)	0.071 (0.130)	92.86 (96.14)
[2200/4688]	0.0110 (0.0112)	0.0007 (0.0008)	0.122 (0.129)	100.00 (96.15)
[2300/4688]	0.0110 (0.0112)	0.0006 (0.0008)	0.134 (0.128)	81.82 (96.18)
[2400/4688]	0.0110 (0.0112)	0.0007 (0.0008)	0.078 (0.128)	100.00 (96.19)
[2500/4688]	0.0112 (0.0112)	0.0007 (0.0008)	0.156 (0.127)	92.31 (96.21)
[2600/4688]	0.0111 (0.0112)	0.0006 (0.0008)	0.085 (0.127)	100.00 (96.22)
[2700/4688]	0.0111 (0.0112)	0.0007 (0.0008)	0.152 (0.127)	94.12 (96.23)
[2800/4688]	0.0111 (0.0112)	0.0008 (0.0008)	0.133 (0.126)	94.12 (96.23)
[2900/4688]	0.0154 (0.0112)	0.0007 (0.0007)	0.147 (0.126)	88.89 (96.25)
[3000/4688]	0.0113 (0.0112)	0.0007 (0.0007)	0.083 (0.125)	94.12 (96.26)
[3100/4688]	0.0110 (0.0112)	0.0006 (0.0007)	0.140 (0.125)	94.12 (96.28)
[3200/4688]	0.0113 (0.0112)	0.0007 (0.0007)	0.133 (0.124)	90.91 (96.30)
[3300/4688]	0.0111 (0.0112)	0.0006 (0.0007)	0.072 (0.124)	94.74 (96.31)
[3400/4688]	0.0111 (0.0112)	0.0007 (0.0007)	0.109 (0.123)	93.75 (96.32)
[3500/4688]	0.0111 (0.0112)	0.0006 (0.0007)	0.169 (0.123)	100.00 (96.33)
[3600/4688]	0.0111 (0.0112)	0.0006 (0.0007)	0.072 (0.122)	100.00 (96.35)
[3700/4688]	0.0114 (0.0112)	0.0007 (0.0007)	0.085 (0.122)	100.00 (96.36)
[3800/4688]	0.0114 (0.0112)	0.0007 (0.0007)	0.022 (0.122)	100.00 (96.38)
[3900/4688]	0.0112 (0.0112)	0.0008 (0.0007)	0.201 (0.121)	100.00 (96.39)
[4000/4688]	0.0110 (0.0112)	0.0007 (0.0007)	0.090 (0.121)	100.00 (96.40)
[4100/4688]	0.0110 (0.0112)	0.0006 (0.0007)	0.060 (0.120)	100.00 (96.42)
[4200/4688]	0.0110 (0.0112)	0.0006 (0.0007)	0.097 (0.120)	100.00 (96.43)
[4300/4688]	0.0111 (0.0112)	0.0007 (0.0007)	0.110 (0.119)	100.00 (96.44)
[4400/4688]	0.0111 (0.0112)	0.0007 (0.0007)	0.110 (0.119)	94.12 (96.46)
[4500/4688]	0.0116 (0.0112)	0.0008 (0.0007)	0.093 (0.119)	100.00 (96.46)
[4600/4688]	0.0111 (0.0112)	0.0006 (0.0007)	0.122 (0.119)	100.00 (96.47)
[4687/4688]	0.0109 (0.0112)	0.0006 (0.0007)	0.109 (0.118)	100.00 (96.48)
 * Train Acc 96.477
 * Val Acc 96.997, Total time 8.06
 * Val Acc 96.997, Total time 8.07
OrderedDict([('All', {'All': 96.997})])
Task All average acc: 96.997
===Summary of experiment repeats: 1 / 5 ===
The regularization coefficient: 0.0
The last avg acc of all repeats: [96.997  0.     0.     0.     0.   ]
mean: 19.3994 std: 38.7988
MLP(
  (linear): Sequential(
    (0): Linear(in_features=1024, out_features=1000, bias=True)
    (1): ReLU(inplace=True)
    (2): Linear(in_features=1000, out_features=1000, bias=True)
    (3): ReLU(inplace=True)
  )
  (last): ModuleDict(
    (1): Linear(in_features=1000, out_features=10, bias=True)
    (2): Linear(in_features=1000, out_features=10, bias=True)
    (3): Linear(in_features=1000, out_features=10, bias=True)
    (4): Linear(in_features=1000, out_features=10, bias=True)
    (5): Linear(in_features=1000, out_features=10, bias=True)
    (6): Linear(in_features=1000, out_features=10, bias=True)
    (7): Linear(in_features=1000, out_features=10, bias=True)
    (8): Linear(in_features=1000, out_features=10, bias=True)
    (9): Linear(in_features=1000, out_features=10, bias=True)
    (10): Linear(in_features=1000, out_features=10, bias=True)
  )
)
#parameter of model: 2126100
Task order: ['1', '2', '3', '4', '5', '6', '7', '8', '9', '10']
Epoch:0
LR: 0.0001
Itr		Time		  Data		  Loss		Acc
[0/4688]	0.1605 (0.1605)	0.1378 (0.1378)	2.312 (2.312)	28.57 (10.16)
[100/4688]	0.0108 (0.0125)	0.0006 (0.0021)	1.024 (1.696)	72.22 (57.27)
[200/4688]	0.0108 (0.0116)	0.0006 (0.0013)	0.655 (1.220)	76.47 (69.39)
[300/4688]	0.0107 (0.0113)	0.0006 (0.0011)	0.551 (0.990)	81.82 (74.63)
[400/4688]	0.0112 (0.0112)	0.0007 (0.0010)	0.356 (0.853)	100.00 (77.77)
[500/4688]	0.0110 (0.0112)	0.0007 (0.0009)	0.316 (0.767)	93.33 (79.75)
[600/4688]	0.0108 (0.0111)	0.0007 (0.0009)	0.389 (0.701)	90.00 (81.31)
[700/4688]	0.0115 (0.0111)	0.0008 (0.0009)	0.308 (0.653)	91.67 (82.49)
[800/4688]	0.0107 (0.0111)	0.0006 (0.0008)	0.257 (0.616)	76.92 (83.36)
[900/4688]	0.0112 (0.0111)	0.0007 (0.0008)	0.342 (0.585)	100.00 (84.08)
[1000/4688]	0.0114 (0.0111)	0.0008 (0.0008)	0.310 (0.560)	83.33 (84.70)
[1100/4688]	0.0110 (0.0111)	0.0006 (0.0008)	0.333 (0.539)	86.67 (85.26)
[1200/4688]	0.0113 (0.0111)	0.0008 (0.0008)	0.252 (0.519)	84.62 (85.73)
[1300/4688]	0.0111 (0.0111)	0.0007 (0.0008)	0.261 (0.502)	92.31 (86.15)
[1400/4688]	0.0112 (0.0111)	0.0007 (0.0008)	0.442 (0.487)	71.43 (86.53)
[1500/4688]	0.0113 (0.0111)	0.0008 (0.0008)	0.248 (0.473)	88.24 (86.86)
[1600/4688]	0.0113 (0.0111)	0.0008 (0.0008)	0.271 (0.461)	93.33 (87.16)
[1700/4688]	0.0112 (0.0111)	0.0007 (0.0008)	0.327 (0.450)	90.91 (87.43)
[1800/4688]	0.0111 (0.0111)	0.0007 (0.0008)	0.193 (0.439)	92.31 (87.70)
[1900/4688]	0.0112 (0.0111)	0.0007 (0.0008)	0.160 (0.430)	100.00 (87.95)
[2000/4688]	0.0112 (0.0111)	0.0007 (0.0008)	0.249 (0.421)	100.00 (88.17)
[2100/4688]	0.0109 (0.0111)	0.0006 (0.0008)	0.246 (0.413)	85.71 (88.40)
[2200/4688]	0.0107 (0.0111)	0.0006 (0.0008)	0.202 (0.405)	100.00 (88.60)
[2300/4688]	0.0109 (0.0111)	0.0007 (0.0007)	0.243 (0.397)	100.00 (88.79)
[2400/4688]	0.0109 (0.0111)	0.0006 (0.0007)	0.203 (0.391)	100.00 (88.96)
[2500/4688]	0.0113 (0.0111)	0.0007 (0.0007)	0.293 (0.384)	100.00 (89.15)
[2600/4688]	0.0113 (0.0111)	0.0007 (0.0007)	0.170 (0.378)	100.00 (89.31)
[2700/4688]	0.0109 (0.0111)	0.0007 (0.0007)	0.204 (0.372)	100.00 (89.48)
[2800/4688]	0.0108 (0.0111)	0.0006 (0.0007)	0.129 (0.366)	93.33 (89.62)
[2900/4688]	0.0109 (0.0111)	0.0006 (0.0007)	0.190 (0.361)	100.00 (89.76)
[3000/4688]	0.0109 (0.0111)	0.0007 (0.0007)	0.171 (0.356)	86.67 (89.90)
[3100/4688]	0.0108 (0.0111)	0.0006 (0.0007)	0.139 (0.351)	100.00 (90.03)
[3200/4688]	0.0109 (0.0111)	0.0007 (0.0007)	0.166 (0.346)	100.00 (90.16)
[3300/4688]	0.0109 (0.0111)	0.0007 (0.0007)	0.156 (0.342)	100.00 (90.28)
[3400/4688]	0.0112 (0.0110)	0.0006 (0.0007)	0.284 (0.337)	82.35 (90.40)
[3500/4688]	0.0109 (0.0110)	0.0007 (0.0007)	0.108 (0.333)	100.00 (90.52)
[3600/4688]	0.0109 (0.0110)	0.0007 (0.0007)	0.222 (0.329)	100.00 (90.62)
[3700/4688]	0.0107 (0.0110)	0.0006 (0.0007)	0.156 (0.325)	100.00 (90.73)
[3800/4688]	0.0107 (0.0110)	0.0006 (0.0007)	0.139 (0.321)	95.00 (90.84)
[3900/4688]	0.0107 (0.0110)	0.0006 (0.0007)	0.133 (0.317)	91.67 (90.95)
[4000/4688]	0.0107 (0.0110)	0.0006 (0.0007)	0.225 (0.314)	92.86 (91.04)
[4100/4688]	0.0110 (0.0110)	0.0006 (0.0007)	0.158 (0.311)	90.00 (91.13)
[4200/4688]	0.0107 (0.0110)	0.0006 (0.0007)	0.197 (0.307)	92.86 (91.22)
[4300/4688]	0.0107 (0.0110)	0.0006 (0.0007)	0.120 (0.304)	100.00 (91.31)
[4400/4688]	0.0107 (0.0110)	0.0006 (0.0007)	0.143 (0.301)	80.00 (91.41)
[4500/4688]	0.0107 (0.0110)	0.0006 (0.0007)	0.224 (0.297)	94.74 (91.50)
[4600/4688]	0.0107 (0.0110)	0.0006 (0.0007)	0.237 (0.294)	85.71 (91.58)
[4687/4688]	0.0107 (0.0110)	0.0005 (0.0007)	0.086 (0.292)	100.00 (91.65)
 * Train Acc 91.647
 * Val Acc 95.490, Total time 8.10
Epoch:1
LR: 0.0001
Itr		Time		  Data		  Loss		Acc
[0/4688]	0.1564 (0.1564)	0.1413 (0.1413)	0.195 (0.195)	100.00 (95.31)
[100/4688]	0.0113 (0.0130)	0.0007 (0.0024)	0.123 (0.143)	100.00 (96.12)
[200/4688]	0.0113 (0.0122)	0.0007 (0.0016)	0.138 (0.141)	100.00 (95.98)
[300/4688]	0.0113 (0.0119)	0.0007 (0.0013)	0.143 (0.142)	100.00 (95.95)
[400/4688]	0.0114 (0.0118)	0.0007 (0.0011)	0.105 (0.139)	91.67 (95.99)
[500/4688]	0.0117 (0.0117)	0.0007 (0.0010)	0.242 (0.140)	100.00 (95.96)
[600/4688]	0.0114 (0.0116)	0.0008 (0.0010)	0.198 (0.139)	91.67 (95.97)
[700/4688]	0.0110 (0.0116)	0.0006 (0.0009)	0.083 (0.139)	100.00 (95.97)
[800/4688]	0.0112 (0.0115)	0.0006 (0.0009)	0.284 (0.139)	92.31 (95.98)
[900/4688]	0.0113 (0.0115)	0.0007 (0.0009)	0.185 (0.138)	87.50 (95.99)
[1000/4688]	0.0113 (0.0115)	0.0007 (0.0009)	0.130 (0.137)	100.00 (96.00)
[1100/4688]	0.0113 (0.0115)	0.0008 (0.0009)	0.157 (0.137)	100.00 (96.00)
[1200/4688]	0.0113 (0.0115)	0.0007 (0.0009)	0.094 (0.136)	100.00 (96.01)
[1300/4688]	0.0114 (0.0115)	0.0008 (0.0009)	0.204 (0.135)	90.91 (96.02)
[1400/4688]	0.0114 (0.0114)	0.0008 (0.0008)	0.170 (0.135)	100.00 (96.04)
[1500/4688]	0.0114 (0.0114)	0.0007 (0.0008)	0.106 (0.134)	100.00 (96.06)
[1600/4688]	0.0112 (0.0114)	0.0007 (0.0008)	0.175 (0.133)	92.31 (96.08)
[1700/4688]	0.0116 (0.0114)	0.0009 (0.0008)	0.154 (0.132)	100.00 (96.11)
[1800/4688]	0.0113 (0.0114)	0.0007 (0.0008)	0.137 (0.131)	100.00 (96.13)
[1900/4688]	0.0113 (0.0114)	0.0007 (0.0008)	0.099 (0.130)	100.00 (96.14)
[2000/4688]	0.0112 (0.0114)	0.0007 (0.0008)	0.121 (0.130)	100.00 (96.15)
[2100/4688]	0.0109 (0.0114)	0.0006 (0.0008)	0.083 (0.129)	100.00 (96.18)
[2200/4688]	0.0108 (0.0114)	0.0006 (0.0008)	0.184 (0.129)	88.89 (96.18)
[2300/4688]	0.0109 (0.0114)	0.0007 (0.0008)	0.074 (0.128)	100.00 (96.20)
[2400/4688]	0.0108 (0.0113)	0.0006 (0.0008)	0.091 (0.128)	100.00 (96.23)
[2500/4688]	0.0108 (0.0113)	0.0006 (0.0008)	0.075 (0.127)	100.00 (96.24)
[2600/4688]	0.0108 (0.0113)	0.0006 (0.0008)	0.082 (0.126)	93.75 (96.26)
[2700/4688]	0.0107 (0.0113)	0.0006 (0.0008)	0.088 (0.126)	91.67 (96.27)
[2800/4688]	0.0107 (0.0113)	0.0006 (0.0008)	0.147 (0.125)	100.00 (96.28)
[2900/4688]	0.0107 (0.0112)	0.0006 (0.0008)	0.067 (0.125)	100.00 (96.30)
[3000/4688]	0.0108 (0.0112)	0.0006 (0.0007)	0.070 (0.124)	100.00 (96.32)
[3100/4688]	0.0108 (0.0112)	0.0006 (0.0007)	0.075 (0.124)	100.00 (96.34)
[3200/4688]	0.0108 (0.0112)	0.0006 (0.0007)	0.057 (0.123)	93.33 (96.35)
[3300/4688]	0.0108 (0.0112)	0.0006 (0.0007)	0.110 (0.123)	100.00 (96.36)
[3400/4688]	0.0108 (0.0112)	0.0006 (0.0007)	0.066 (0.122)	85.71 (96.37)
[3500/4688]	0.0108 (0.0112)	0.0006 (0.0007)	0.047 (0.122)	100.00 (96.39)
[3600/4688]	0.0107 (0.0112)	0.0006 (0.0007)	0.126 (0.121)	100.00 (96.40)
[3700/4688]	0.0108 (0.0111)	0.0006 (0.0007)	0.214 (0.121)	100.00 (96.41)
[3800/4688]	0.0107 (0.0111)	0.0006 (0.0007)	0.121 (0.121)	81.82 (96.42)
[3900/4688]	0.0108 (0.0111)	0.0006 (0.0007)	0.136 (0.120)	93.33 (96.43)
[4000/4688]	0.0108 (0.0111)	0.0006 (0.0007)	0.090 (0.120)	100.00 (96.44)
[4100/4688]	0.0108 (0.0111)	0.0006 (0.0007)	0.081 (0.119)	100.00 (96.46)
[4200/4688]	0.0108 (0.0111)	0.0006 (0.0007)	0.144 (0.119)	100.00 (96.47)
[4300/4688]	0.0108 (0.0111)	0.0006 (0.0007)	0.047 (0.119)	100.00 (96.48)
[4400/4688]	0.0108 (0.0111)	0.0006 (0.0007)	0.109 (0.118)	100.00 (96.48)
[4500/4688]	0.0108 (0.0111)	0.0006 (0.0007)	0.065 (0.118)	100.00 (96.49)
[4600/4688]	0.0112 (0.0111)	0.0008 (0.0007)	0.062 (0.118)	100.00 (96.50)
[4687/4688]	0.0106 (0.0111)	0.0005 (0.0007)	0.120 (0.117)	100.00 (96.51)
 * Train Acc 96.513
 * Val Acc 97.094, Total time 8.10
 * Val Acc 97.094, Total time 8.18
OrderedDict([('All', {'All': 97.094})])
Task All average acc: 97.094
===Summary of experiment repeats: 2 / 5 ===
The regularization coefficient: 0.0
The last avg acc of all repeats: [96.997 97.094  0.     0.     0.   ]
mean: 38.818200000000004 std: 47.54240126203135
MLP(
  (linear): Sequential(
    (0): Linear(in_features=1024, out_features=1000, bias=True)
    (1): ReLU(inplace=True)
    (2): Linear(in_features=1000, out_features=1000, bias=True)
    (3): ReLU(inplace=True)
  )
  (last): ModuleDict(
    (1): Linear(in_features=1000, out_features=10, bias=True)
    (2): Linear(in_features=1000, out_features=10, bias=True)
    (3): Linear(in_features=1000, out_features=10, bias=True)
    (4): Linear(in_features=1000, out_features=10, bias=True)
    (5): Linear(in_features=1000, out_features=10, bias=True)
    (6): Linear(in_features=1000, out_features=10, bias=True)
    (7): Linear(in_features=1000, out_features=10, bias=True)
    (8): Linear(in_features=1000, out_features=10, bias=True)
    (9): Linear(in_features=1000, out_features=10, bias=True)
    (10): Linear(in_features=1000, out_features=10, bias=True)
  )
)
#parameter of model: 2126100
Task order: ['1', '2', '3', '4', '5', '6', '7', '8', '9', '10']
Epoch:0
LR: 0.0001
Itr		Time		  Data		  Loss		Acc
[0/4688]	0.1593 (0.1593)	0.1371 (0.1371)	2.315 (2.315)	11.76 (9.38)
[100/4688]	0.0113 (0.0129)	0.0007 (0.0023)	0.992 (1.680)	84.62 (58.97)
[200/4688]	0.0112 (0.0121)	0.0007 (0.0015)	0.545 (1.209)	81.82 (70.16)
[300/4688]	0.0113 (0.0118)	0.0009 (0.0012)	0.484 (0.983)	80.00 (75.31)
[400/4688]	0.0111 (0.0117)	0.0007 (0.0011)	0.371 (0.850)	80.00 (78.27)
[500/4688]	0.0112 (0.0116)	0.0007 (0.0010)	0.390 (0.764)	83.33 (80.19)
[600/4688]	0.0113 (0.0115)	0.0009 (0.0010)	0.289 (0.701)	92.31 (81.61)
[700/4688]	0.0113 (0.0115)	0.0007 (0.0009)	0.484 (0.653)	64.29 (82.68)
[800/4688]	0.0114 (0.0115)	0.0009 (0.0009)	0.379 (0.615)	73.33 (83.60)
[900/4688]	0.0113 (0.0115)	0.0008 (0.0009)	0.393 (0.582)	90.91 (84.37)
[1000/4688]	0.0111 (0.0114)	0.0006 (0.0009)	0.262 (0.557)	81.82 (84.96)
[1100/4688]	0.0112 (0.0114)	0.0007 (0.0009)	0.340 (0.536)	95.45 (85.46)
[1200/4688]	0.0112 (0.0114)	0.0007 (0.0008)	0.327 (0.517)	81.25 (85.91)
[1300/4688]	0.0111 (0.0114)	0.0007 (0.0008)	0.294 (0.499)	69.23 (86.32)
[1400/4688]	0.0108 (0.0113)	0.0006 (0.0008)	0.501 (0.485)	93.33 (86.68)
[1500/4688]	0.0106 (0.0113)	0.0006 (0.0008)	0.175 (0.471)	100.00 (87.02)
[1600/4688]	0.0106 (0.0112)	0.0006 (0.0008)	0.267 (0.459)	93.33 (87.30)
[1700/4688]	0.0125 (0.0113)	0.0007 (0.0008)	0.241 (0.448)	90.00 (87.58)
[1800/4688]	0.0111 (0.0112)	0.0008 (0.0008)	0.249 (0.438)	100.00 (87.82)
[1900/4688]	0.0114 (0.0112)	0.0007 (0.0008)	0.196 (0.429)	92.86 (88.06)
[2000/4688]	0.0113 (0.0112)	0.0009 (0.0008)	0.303 (0.420)	100.00 (88.28)
[2100/4688]	0.0111 (0.0112)	0.0007 (0.0008)	0.225 (0.412)	100.00 (88.49)
[2200/4688]	0.0111 (0.0112)	0.0007 (0.0008)	0.174 (0.405)	90.00 (88.68)
[2300/4688]	0.0110 (0.0112)	0.0007 (0.0008)	0.294 (0.397)	100.00 (88.86)
[2400/4688]	0.0111 (0.0112)	0.0007 (0.0008)	0.300 (0.391)	69.23 (89.04)
[2500/4688]	0.0110 (0.0112)	0.0007 (0.0008)	0.257 (0.385)	95.00 (89.21)
[2600/4688]	0.0112 (0.0112)	0.0009 (0.0008)	0.207 (0.378)	87.50 (89.38)
[2700/4688]	0.0110 (0.0112)	0.0006 (0.0008)	0.220 (0.372)	100.00 (89.53)
[2800/4688]	0.0110 (0.0112)	0.0006 (0.0008)	0.125 (0.367)	100.00 (89.67)
[2900/4688]	0.0110 (0.0112)	0.0007 (0.0008)	0.165 (0.361)	100.00 (89.81)
[3000/4688]	0.0110 (0.0112)	0.0007 (0.0008)	0.264 (0.356)	100.00 (89.95)
[3100/4688]	0.0112 (0.0112)	0.0008 (0.0008)	0.228 (0.351)	95.00 (90.08)
[3200/4688]	0.0112 (0.0112)	0.0009 (0.0008)	0.216 (0.346)	100.00 (90.20)
[3300/4688]	0.0110 (0.0112)	0.0007 (0.0007)	0.163 (0.342)	78.57 (90.33)
[3400/4688]	0.0111 (0.0112)	0.0007 (0.0007)	0.261 (0.337)	100.00 (90.44)
[3500/4688]	0.0110 (0.0112)	0.0007 (0.0007)	0.187 (0.333)	81.82 (90.55)
[3600/4688]	0.0112 (0.0112)	0.0008 (0.0007)	0.187 (0.329)	92.31 (90.66)
[3700/4688]	0.0113 (0.0112)	0.0008 (0.0007)	0.145 (0.325)	83.33 (90.77)
[3800/4688]	0.0111 (0.0112)	0.0008 (0.0007)	0.107 (0.321)	100.00 (90.87)
[3900/4688]	0.0112 (0.0112)	0.0007 (0.0007)	0.116 (0.318)	100.00 (90.97)
[4000/4688]	0.0113 (0.0112)	0.0008 (0.0007)	0.133 (0.314)	100.00 (91.07)
[4100/4688]	0.0113 (0.0112)	0.0007 (0.0007)	0.145 (0.311)	92.86 (91.16)
[4200/4688]	0.0112 (0.0112)	0.0007 (0.0007)	0.201 (0.308)	94.44 (91.25)
[4300/4688]	0.0113 (0.0112)	0.0008 (0.0007)	0.160 (0.304)	100.00 (91.33)
[4400/4688]	0.0112 (0.0112)	0.0006 (0.0007)	0.233 (0.301)	80.00 (91.42)
[4500/4688]	0.0112 (0.0112)	0.0007 (0.0007)	0.054 (0.298)	100.00 (91.50)
[4600/4688]	0.0114 (0.0112)	0.0008 (0.0007)	0.257 (0.295)	100.00 (91.59)
[4687/4688]	0.0111 (0.0112)	0.0006 (0.0007)	0.164 (0.292)	100.00 (91.66)
 * Train Acc 91.660
 * Val Acc 95.463, Total time 8.17
Epoch:1
LR: 0.0001
Itr		Time		  Data		  Loss		Acc
[0/4688]	0.1618 (0.1618)	0.1475 (0.1475)	0.112 (0.112)	100.00 (97.66)
[100/4688]	0.0110 (0.0129)	0.0006 (0.0022)	0.178 (0.140)	87.50 (95.93)
[200/4688]	0.0107 (0.0119)	0.0006 (0.0014)	0.093 (0.139)	100.00 (95.98)
[300/4688]	0.0107 (0.0116)	0.0006 (0.0012)	0.101 (0.137)	100.00 (95.99)
[400/4688]	0.0111 (0.0114)	0.0007 (0.0010)	0.161 (0.137)	100.00 (95.94)
[500/4688]	0.0113 (0.0113)	0.0007 (0.0010)	0.085 (0.136)	94.12 (95.95)
[600/4688]	0.0112 (0.0113)	0.0007 (0.0009)	0.123 (0.136)	100.00 (95.95)
[700/4688]	0.0109 (0.0113)	0.0008 (0.0009)	0.151 (0.135)	85.71 (95.98)
[800/4688]	0.0108 (0.0112)	0.0007 (0.0009)	0.115 (0.135)	100.00 (95.99)
[900/4688]	0.0107 (0.0112)	0.0006 (0.0009)	0.119 (0.136)	92.31 (95.99)
[1000/4688]	0.0106 (0.0112)	0.0006 (0.0008)	0.202 (0.135)	100.00 (95.99)
[1100/4688]	0.0107 (0.0111)	0.0006 (0.0008)	0.080 (0.134)	90.91 (96.02)
[1200/4688]	0.0110 (0.0111)	0.0006 (0.0008)	0.136 (0.133)	100.00 (96.03)
[1300/4688]	0.0106 (0.0110)	0.0006 (0.0008)	0.121 (0.133)	100.00 (96.06)
[1400/4688]	0.0110 (0.0110)	0.0006 (0.0008)	0.089 (0.132)	100.00 (96.06)
[1500/4688]	0.0107 (0.0110)	0.0006 (0.0008)	0.115 (0.132)	100.00 (96.06)
[1600/4688]	0.0107 (0.0110)	0.0006 (0.0008)	0.123 (0.131)	100.00 (96.07)
[1700/4688]	0.0110 (0.0110)	0.0006 (0.0007)	0.096 (0.131)	100.00 (96.08)
[1800/4688]	0.0107 (0.0110)	0.0006 (0.0007)	0.227 (0.130)	93.75 (96.09)
[1900/4688]	0.0106 (0.0110)	0.0006 (0.0007)	0.129 (0.130)	100.00 (96.12)
[2000/4688]	0.0107 (0.0109)	0.0006 (0.0007)	0.097 (0.129)	100.00 (96.15)
[2100/4688]	0.0108 (0.0109)	0.0007 (0.0007)	0.108 (0.128)	100.00 (96.17)
[2200/4688]	0.0106 (0.0109)	0.0006 (0.0007)	0.067 (0.128)	100.00 (96.17)
[2300/4688]	0.0106 (0.0109)	0.0006 (0.0007)	0.069 (0.128)	100.00 (96.19)
[2400/4688]	0.0107 (0.0109)	0.0006 (0.0007)	0.119 (0.127)	100.00 (96.20)
[2500/4688]	0.0106 (0.0109)	0.0006 (0.0007)	0.212 (0.127)	87.50 (96.22)
[2600/4688]	0.0108 (0.0109)	0.0007 (0.0007)	0.156 (0.127)	100.00 (96.23)
[2700/4688]	0.0108 (0.0109)	0.0008 (0.0007)	0.057 (0.126)	100.00 (96.25)
[2800/4688]	0.0107 (0.0109)	0.0006 (0.0007)	0.061 (0.126)	91.67 (96.26)
[2900/4688]	0.0108 (0.0109)	0.0006 (0.0007)	0.132 (0.125)	100.00 (96.28)
[3000/4688]	0.0112 (0.0109)	0.0006 (0.0007)	0.133 (0.125)	100.00 (96.29)
[3100/4688]	0.0108 (0.0109)	0.0007 (0.0007)	0.137 (0.124)	92.86 (96.30)
[3200/4688]	0.0108 (0.0109)	0.0006 (0.0007)	0.090 (0.124)	100.00 (96.32)
[3300/4688]	0.0108 (0.0109)	0.0006 (0.0007)	0.124 (0.123)	100.00 (96.33)
[3400/4688]	0.0109 (0.0109)	0.0007 (0.0007)	0.093 (0.123)	100.00 (96.35)
[3500/4688]	0.0108 (0.0109)	0.0006 (0.0007)	0.049 (0.122)	100.00 (96.36)
[3600/4688]	0.0108 (0.0109)	0.0006 (0.0007)	0.083 (0.122)	100.00 (96.37)
[3700/4688]	0.0107 (0.0109)	0.0006 (0.0007)	0.070 (0.121)	93.75 (96.39)
[3800/4688]	0.0107 (0.0109)	0.0006 (0.0007)	0.150 (0.121)	100.00 (96.40)
[3900/4688]	0.0107 (0.0109)	0.0006 (0.0007)	0.135 (0.120)	92.31 (96.42)
[4000/4688]	0.0107 (0.0109)	0.0006 (0.0007)	0.082 (0.120)	80.00 (96.44)
[4100/4688]	0.0107 (0.0109)	0.0006 (0.0007)	0.077 (0.119)	94.12 (96.45)
[4200/4688]	0.0107 (0.0109)	0.0006 (0.0007)	0.046 (0.119)	100.00 (96.46)
[4300/4688]	0.0107 (0.0108)	0.0006 (0.0007)	0.097 (0.119)	100.00 (96.47)
[4400/4688]	0.0107 (0.0108)	0.0006 (0.0007)	0.057 (0.118)	100.00 (96.48)
[4500/4688]	0.0107 (0.0108)	0.0006 (0.0007)	0.064 (0.118)	100.00 (96.49)
[4600/4688]	0.0107 (0.0108)	0.0006 (0.0007)	0.125 (0.117)	100.00 (96.50)
[4687/4688]	0.0107 (0.0108)	0.0005 (0.0007)	0.088 (0.117)	100.00 (96.51)
 * Train Acc 96.505
 * Val Acc 96.919, Total time 8.14
 * Val Acc 96.919, Total time 8.14
OrderedDict([('All', {'All': 96.919})])
Task All average acc: 96.919
===Summary of experiment repeats: 3 / 5 ===
The regularization coefficient: 0.0
The last avg acc of all repeats: [96.997 97.094 96.919  0.     0.   ]
mean: 58.202 std: 47.521766351851866
MLP(
  (linear): Sequential(
    (0): Linear(in_features=1024, out_features=1000, bias=True)
    (1): ReLU(inplace=True)
    (2): Linear(in_features=1000, out_features=1000, bias=True)
    (3): ReLU(inplace=True)
  )
  (last): ModuleDict(
    (1): Linear(in_features=1000, out_features=10, bias=True)
    (2): Linear(in_features=1000, out_features=10, bias=True)
    (3): Linear(in_features=1000, out_features=10, bias=True)
    (4): Linear(in_features=1000, out_features=10, bias=True)
    (5): Linear(in_features=1000, out_features=10, bias=True)
    (6): Linear(in_features=1000, out_features=10, bias=True)
    (7): Linear(in_features=1000, out_features=10, bias=True)
    (8): Linear(in_features=1000, out_features=10, bias=True)
    (9): Linear(in_features=1000, out_features=10, bias=True)
    (10): Linear(in_features=1000, out_features=10, bias=True)
  )
)
#parameter of model: 2126100
Task order: ['1', '2', '3', '4', '5', '6', '7', '8', '9', '10']
Epoch:0
LR: 0.0001
Itr		Time		  Data		  Loss		Acc
[0/4688]	0.1571 (0.1571)	0.1346 (0.1346)	2.318 (2.318)	12.50 (7.81)
[100/4688]	0.0113 (0.0127)	0.0007 (0.0020)	0.917 (1.673)	92.86 (59.37)
[200/4688]	0.0117 (0.0120)	0.0008 (0.0014)	0.560 (1.211)	100.00 (70.11)
[300/4688]	0.0113 (0.0117)	0.0008 (0.0011)	0.570 (0.980)	90.00 (75.41)
[400/4688]	0.0110 (0.0116)	0.0008 (0.0010)	0.513 (0.850)	80.00 (78.24)
[500/4688]	0.0111 (0.0114)	0.0008 (0.0010)	0.347 (0.761)	92.86 (80.23)
[600/4688]	0.0114 (0.0114)	0.0007 (0.0009)	0.387 (0.700)	81.25 (81.59)
[700/4688]	0.0109 (0.0114)	0.0007 (0.0009)	0.262 (0.651)	87.50 (82.70)
[800/4688]	0.0109 (0.0113)	0.0006 (0.0009)	0.448 (0.614)	75.00 (83.55)
[900/4688]	0.0108 (0.0113)	0.0006 (0.0009)	0.390 (0.582)	76.92 (84.33)
[1000/4688]	0.0115 (0.0112)	0.0007 (0.0008)	0.334 (0.556)	100.00 (84.96)
[1100/4688]	0.0112 (0.0112)	0.0008 (0.0008)	0.445 (0.535)	83.33 (85.45)
[1200/4688]	0.0111 (0.0112)	0.0006 (0.0008)	0.368 (0.515)	75.00 (85.94)
[1300/4688]	0.0109 (0.0112)	0.0006 (0.0008)	0.266 (0.499)	85.71 (86.36)
[1400/4688]	0.0113 (0.0112)	0.0008 (0.0008)	0.149 (0.484)	100.00 (86.73)
[1500/4688]	0.0112 (0.0112)	0.0007 (0.0008)	0.274 (0.470)	100.00 (87.07)
[1600/4688]	0.0114 (0.0112)	0.0009 (0.0008)	0.216 (0.457)	92.86 (87.36)
[1700/4688]	0.0111 (0.0112)	0.0007 (0.0008)	0.256 (0.446)	100.00 (87.62)
[1800/4688]	0.0114 (0.0112)	0.0009 (0.0008)	0.251 (0.436)	92.86 (87.87)
[1900/4688]	0.0112 (0.0112)	0.0007 (0.0008)	0.402 (0.426)	83.33 (88.11)
[2000/4688]	0.0112 (0.0112)	0.0007 (0.0008)	0.321 (0.417)	72.73 (88.35)
[2100/4688]	0.0113 (0.0112)	0.0008 (0.0008)	0.276 (0.409)	81.25 (88.57)
[2200/4688]	0.0113 (0.0112)	0.0008 (0.0008)	0.254 (0.401)	88.89 (88.76)
[2300/4688]	0.0111 (0.0112)	0.0006 (0.0008)	0.139 (0.394)	100.00 (88.96)
[2400/4688]	0.0113 (0.0112)	0.0008 (0.0008)	0.310 (0.386)	82.35 (89.14)
[2500/4688]	0.0113 (0.0112)	0.0008 (0.0008)	0.335 (0.380)	88.89 (89.31)
[2600/4688]	0.0112 (0.0112)	0.0007 (0.0008)	0.230 (0.375)	81.82 (89.46)
[2700/4688]	0.0111 (0.0112)	0.0006 (0.0008)	0.209 (0.369)	85.71 (89.61)
[2800/4688]	0.0113 (0.0112)	0.0007 (0.0008)	0.130 (0.363)	93.33 (89.77)
[2900/4688]	0.0111 (0.0112)	0.0006 (0.0008)	0.219 (0.358)	88.89 (89.90)
[3000/4688]	0.0113 (0.0112)	0.0008 (0.0008)	0.186 (0.353)	100.00 (90.03)
[3100/4688]	0.0112 (0.0112)	0.0007 (0.0008)	0.279 (0.348)	80.00 (90.15)
[3200/4688]	0.0113 (0.0112)	0.0008 (0.0008)	0.127 (0.344)	100.00 (90.27)
[3300/4688]	0.0112 (0.0112)	0.0007 (0.0008)	0.131 (0.340)	100.00 (90.38)
[3400/4688]	0.0113 (0.0112)	0.0008 (0.0008)	0.131 (0.335)	77.78 (90.49)
[3500/4688]	0.0114 (0.0112)	0.0008 (0.0008)	0.236 (0.331)	100.00 (90.60)
[3600/4688]	0.0116 (0.0112)	0.0009 (0.0008)	0.269 (0.327)	85.71 (90.71)
[3700/4688]	0.0111 (0.0112)	0.0006 (0.0008)	0.171 (0.323)	93.33 (90.82)
[3800/4688]	0.0113 (0.0112)	0.0008 (0.0008)	0.100 (0.319)	100.00 (90.92)
[3900/4688]	0.0112 (0.0112)	0.0007 (0.0007)	0.183 (0.316)	88.89 (91.01)
[4000/4688]	0.0112 (0.0112)	0.0007 (0.0007)	0.127 (0.313)	100.00 (91.11)
[4100/4688]	0.0113 (0.0112)	0.0008 (0.0007)	0.180 (0.309)	75.00 (91.20)
[4200/4688]	0.0112 (0.0112)	0.0007 (0.0007)	0.063 (0.306)	100.00 (91.29)
[4300/4688]	0.0113 (0.0112)	0.0008 (0.0007)	0.126 (0.303)	90.91 (91.38)
[4400/4688]	0.0112 (0.0112)	0.0007 (0.0007)	0.080 (0.300)	100.00 (91.47)
[4500/4688]	0.0113 (0.0112)	0.0007 (0.0007)	0.105 (0.296)	100.00 (91.55)
[4600/4688]	0.0112 (0.0112)	0.0007 (0.0007)	0.177 (0.294)	88.89 (91.64)
[4687/4688]	0.0113 (0.0112)	0.0008 (0.0007)	0.193 (0.291)	90.00 (91.70)
 * Train Acc 91.704
 * Val Acc 95.575, Total time 8.00
Epoch:1
LR: 0.0001
Itr		Time		  Data		  Loss		Acc
[0/4688]	0.1539 (0.1539)	0.1379 (0.1379)	0.132 (0.132)	100.00 (97.66)
[100/4688]	0.0111 (0.0133)	0.0006 (0.0021)	0.067 (0.145)	100.00 (95.69)
[200/4688]	0.0112 (0.0122)	0.0007 (0.0014)	0.182 (0.143)	81.82 (95.72)
[300/4688]	0.0111 (0.0119)	0.0007 (0.0012)	0.194 (0.143)	90.91 (95.71)
[400/4688]	0.0112 (0.0117)	0.0008 (0.0011)	0.097 (0.143)	94.44 (95.72)
[500/4688]	0.0113 (0.0116)	0.0007 (0.0010)	0.176 (0.140)	100.00 (95.87)
[600/4688]	0.0112 (0.0116)	0.0007 (0.0009)	0.131 (0.141)	100.00 (95.85)
[700/4688]	0.0112 (0.0115)	0.0008 (0.0009)	0.108 (0.140)	88.24 (95.92)
[800/4688]	0.0108 (0.0114)	0.0006 (0.0009)	0.132 (0.139)	100.00 (95.93)
[900/4688]	0.0107 (0.0114)	0.0006 (0.0008)	0.079 (0.138)	100.00 (95.96)
[1000/4688]	0.0107 (0.0113)	0.0006 (0.0008)	0.128 (0.137)	100.00 (95.98)
[1100/4688]	0.0107 (0.0113)	0.0006 (0.0008)	0.089 (0.136)	88.89 (96.00)
[1200/4688]	0.0108 (0.0112)	0.0006 (0.0008)	0.168 (0.135)	87.50 (96.04)
[1300/4688]	0.0108 (0.0112)	0.0006 (0.0008)	0.137 (0.135)	90.00 (96.06)
[1400/4688]	0.0108 (0.0112)	0.0006 (0.0008)	0.138 (0.133)	100.00 (96.09)
[1500/4688]	0.0107 (0.0111)	0.0006 (0.0007)	0.198 (0.133)	100.00 (96.09)
[1600/4688]	0.0108 (0.0111)	0.0006 (0.0007)	0.119 (0.132)	85.71 (96.12)
[1700/4688]	0.0107 (0.0111)	0.0006 (0.0007)	0.160 (0.131)	92.31 (96.11)
[1800/4688]	0.0107 (0.0111)	0.0006 (0.0007)	0.087 (0.131)	100.00 (96.13)
[1900/4688]	0.0107 (0.0111)	0.0006 (0.0007)	0.067 (0.130)	100.00 (96.16)
[2000/4688]	0.0111 (0.0111)	0.0006 (0.0007)	0.127 (0.129)	100.00 (96.17)
[2100/4688]	0.0107 (0.0110)	0.0006 (0.0007)	0.132 (0.129)	100.00 (96.18)
[2200/4688]	0.0107 (0.0110)	0.0006 (0.0007)	0.110 (0.128)	88.24 (96.19)
[2300/4688]	0.0107 (0.0110)	0.0006 (0.0007)	0.248 (0.128)	100.00 (96.21)
[2400/4688]	0.0108 (0.0110)	0.0006 (0.0007)	0.124 (0.127)	100.00 (96.23)
[2500/4688]	0.0107 (0.0110)	0.0006 (0.0007)	0.125 (0.126)	100.00 (96.25)
[2600/4688]	0.0108 (0.0110)	0.0006 (0.0007)	0.085 (0.126)	100.00 (96.25)
[2700/4688]	0.0108 (0.0110)	0.0006 (0.0007)	0.131 (0.126)	100.00 (96.27)
[2800/4688]	0.0108 (0.0110)	0.0006 (0.0007)	0.089 (0.125)	100.00 (96.29)
[2900/4688]	0.0108 (0.0110)	0.0006 (0.0007)	0.144 (0.125)	86.67 (96.30)
[3000/4688]	0.0108 (0.0110)	0.0006 (0.0007)	0.057 (0.124)	83.33 (96.31)
[3100/4688]	0.0108 (0.0110)	0.0006 (0.0007)	0.184 (0.124)	77.78 (96.31)
[3200/4688]	0.0108 (0.0110)	0.0006 (0.0007)	0.053 (0.124)	100.00 (96.33)
[3300/4688]	0.0108 (0.0109)	0.0006 (0.0007)	0.137 (0.123)	92.86 (96.35)
[3400/4688]	0.0108 (0.0109)	0.0006 (0.0007)	0.074 (0.122)	100.00 (96.36)
[3500/4688]	0.0108 (0.0109)	0.0007 (0.0007)	0.124 (0.122)	100.00 (96.38)
[3600/4688]	0.0107 (0.0109)	0.0006 (0.0007)	0.033 (0.121)	100.00 (96.39)
[3700/4688]	0.0109 (0.0109)	0.0008 (0.0007)	0.058 (0.121)	90.00 (96.41)
[3800/4688]	0.0108 (0.0109)	0.0006 (0.0007)	0.062 (0.120)	100.00 (96.41)
[3900/4688]	0.0108 (0.0109)	0.0006 (0.0007)	0.046 (0.120)	90.91 (96.42)
[4000/4688]	0.0107 (0.0109)	0.0006 (0.0007)	0.087 (0.119)	100.00 (96.44)
[4100/4688]	0.0108 (0.0109)	0.0006 (0.0007)	0.056 (0.119)	100.00 (96.45)
[4200/4688]	0.0107 (0.0109)	0.0006 (0.0007)	0.057 (0.119)	100.00 (96.47)
[4300/4688]	0.0108 (0.0109)	0.0006 (0.0007)	0.078 (0.118)	100.00 (96.48)
[4400/4688]	0.0108 (0.0109)	0.0006 (0.0007)	0.114 (0.118)	100.00 (96.49)
[4500/4688]	0.0109 (0.0109)	0.0006 (0.0007)	0.048 (0.117)	100.00 (96.51)
[4600/4688]	0.0108 (0.0109)	0.0006 (0.0007)	0.069 (0.117)	94.44 (96.52)
[4687/4688]	0.0106 (0.0109)	0.0006 (0.0007)	0.084 (0.117)	100.00 (96.53)
 * Train Acc 96.531
 * Val Acc 96.936, Total time 7.96
 * Val Acc 96.936, Total time 7.98
OrderedDict([('All', {'All': 96.936})])
Task All average acc: 96.936
===Summary of experiment repeats: 4 / 5 ===
The regularization coefficient: 0.0
The last avg acc of all repeats: [96.997 97.094 96.919 96.936  0.   ]
mean: 77.5892 std: 38.794648390725236
MLP(
  (linear): Sequential(
    (0): Linear(in_features=1024, out_features=1000, bias=True)
    (1): ReLU(inplace=True)
    (2): Linear(in_features=1000, out_features=1000, bias=True)
    (3): ReLU(inplace=True)
  )
  (last): ModuleDict(
    (1): Linear(in_features=1000, out_features=10, bias=True)
    (2): Linear(in_features=1000, out_features=10, bias=True)
    (3): Linear(in_features=1000, out_features=10, bias=True)
    (4): Linear(in_features=1000, out_features=10, bias=True)
    (5): Linear(in_features=1000, out_features=10, bias=True)
    (6): Linear(in_features=1000, out_features=10, bias=True)
    (7): Linear(in_features=1000, out_features=10, bias=True)
    (8): Linear(in_features=1000, out_features=10, bias=True)
    (9): Linear(in_features=1000, out_features=10, bias=True)
    (10): Linear(in_features=1000, out_features=10, bias=True)
  )
)
#parameter of model: 2126100
Task order: ['1', '2', '3', '4', '5', '6', '7', '8', '9', '10']
Epoch:0
LR: 0.0001
Itr		Time		  Data		  Loss		Acc
[0/4688]	0.1708 (0.1708)	0.1489 (0.1489)	2.302 (2.302)	18.18 (11.72)
[100/4688]	0.0107 (0.0129)	0.0006 (0.0022)	1.008 (1.682)	90.91 (59.96)
[200/4688]	0.0108 (0.0119)	0.0006 (0.0014)	0.532 (1.209)	81.82 (70.82)
[300/4688]	0.0108 (0.0115)	0.0006 (0.0012)	0.484 (0.978)	76.92 (75.79)
[400/4688]	0.0108 (0.0113)	0.0006 (0.0010)	0.504 (0.844)	90.91 (78.73)
[500/4688]	0.0108 (0.0112)	0.0006 (0.0009)	0.445 (0.757)	93.75 (80.71)
[600/4688]	0.0108 (0.0111)	0.0006 (0.0009)	0.515 (0.693)	90.91 (82.12)
[700/4688]	0.0109 (0.0111)	0.0006 (0.0008)	0.368 (0.645)	86.67 (83.19)
[800/4688]	0.0107 (0.0111)	0.0006 (0.0008)	0.403 (0.610)	77.78 (83.95)
[900/4688]	0.0108 (0.0110)	0.0006 (0.0008)	0.309 (0.581)	100.00 (84.63)
[1000/4688]	0.0107 (0.0110)	0.0006 (0.0008)	0.256 (0.554)	100.00 (85.23)
[1100/4688]	0.0108 (0.0110)	0.0006 (0.0008)	0.321 (0.532)	94.44 (85.75)
[1200/4688]	0.0109 (0.0110)	0.0006 (0.0007)	0.170 (0.513)	81.25 (86.16)
[1300/4688]	0.0108 (0.0110)	0.0006 (0.0007)	0.405 (0.496)	83.33 (86.56)
[1400/4688]	0.0108 (0.0109)	0.0006 (0.0007)	0.264 (0.481)	77.78 (86.92)
[1500/4688]	0.0108 (0.0109)	0.0006 (0.0007)	0.329 (0.467)	100.00 (87.26)
[1600/4688]	0.0107 (0.0109)	0.0006 (0.0007)	0.321 (0.455)	89.47 (87.54)
[1700/4688]	0.0108 (0.0109)	0.0006 (0.0007)	0.259 (0.445)	86.67 (87.81)
[1800/4688]	0.0111 (0.0109)	0.0006 (0.0007)	0.306 (0.434)	93.33 (88.07)
[1900/4688]	0.0107 (0.0109)	0.0006 (0.0007)	0.206 (0.425)	84.21 (88.29)
[2000/4688]	0.0108 (0.0109)	0.0006 (0.0007)	0.367 (0.417)	100.00 (88.51)
[2100/4688]	0.0109 (0.0109)	0.0006 (0.0007)	0.239 (0.409)	92.31 (88.70)
[2200/4688]	0.0111 (0.0109)	0.0006 (0.0007)	0.221 (0.402)	100.00 (88.88)
[2300/4688]	0.0108 (0.0109)	0.0006 (0.0007)	0.250 (0.394)	100.00 (89.05)
[2400/4688]	0.0108 (0.0109)	0.0006 (0.0007)	0.190 (0.387)	100.00 (89.23)
[2500/4688]	0.0112 (0.0109)	0.0007 (0.0007)	0.223 (0.381)	91.67 (89.38)
[2600/4688]	0.0112 (0.0109)	0.0007 (0.0007)	0.134 (0.375)	92.31 (89.53)
[2700/4688]	0.0112 (0.0109)	0.0007 (0.0007)	0.176 (0.369)	100.00 (89.68)
[2800/4688]	0.0113 (0.0109)	0.0008 (0.0007)	0.134 (0.364)	83.33 (89.81)
[2900/4688]	0.0113 (0.0109)	0.0006 (0.0007)	0.246 (0.359)	100.00 (89.94)
[3000/4688]	0.0112 (0.0109)	0.0006 (0.0007)	0.114 (0.354)	100.00 (90.07)
[3100/4688]	0.0112 (0.0110)	0.0007 (0.0007)	0.186 (0.349)	100.00 (90.19)
[3200/4688]	0.0112 (0.0110)	0.0007 (0.0007)	0.273 (0.344)	91.67 (90.32)
[3300/4688]	0.0112 (0.0110)	0.0007 (0.0007)	0.259 (0.340)	94.12 (90.43)
[3400/4688]	0.0112 (0.0110)	0.0006 (0.0007)	0.192 (0.336)	100.00 (90.54)
[3500/4688]	0.0112 (0.0110)	0.0006 (0.0007)	0.184 (0.332)	100.00 (90.64)
[3600/4688]	0.0112 (0.0110)	0.0007 (0.0007)	0.160 (0.327)	90.00 (90.75)
[3700/4688]	0.0108 (0.0110)	0.0006 (0.0007)	0.159 (0.324)	88.89 (90.86)
[3800/4688]	0.0108 (0.0110)	0.0006 (0.0007)	0.169 (0.320)	90.00 (90.96)
[3900/4688]	0.0108 (0.0110)	0.0006 (0.0007)	0.123 (0.316)	91.67 (91.05)
[4000/4688]	0.0108 (0.0110)	0.0006 (0.0007)	0.099 (0.313)	92.31 (91.14)
[4100/4688]	0.0107 (0.0110)	0.0006 (0.0007)	0.166 (0.309)	92.86 (91.24)
[4200/4688]	0.0108 (0.0110)	0.0006 (0.0007)	0.244 (0.306)	91.67 (91.32)
[4300/4688]	0.0108 (0.0110)	0.0006 (0.0007)	0.166 (0.303)	100.00 (91.41)
[4400/4688]	0.0108 (0.0110)	0.0006 (0.0007)	0.235 (0.300)	100.00 (91.49)
[4500/4688]	0.0108 (0.0109)	0.0006 (0.0007)	0.117 (0.297)	100.00 (91.57)
[4600/4688]	0.0107 (0.0109)	0.0006 (0.0007)	0.145 (0.294)	95.00 (91.65)
[4687/4688]	0.0110 (0.0109)	0.0006 (0.0007)	0.133 (0.292)	90.91 (91.72)
 * Train Acc 91.716
 * Val Acc 95.598, Total time 7.94
Epoch:1
LR: 0.0001
Itr		Time		  Data		  Loss		Acc
[0/4688]	0.1524 (0.1524)	0.1377 (0.1377)	0.232 (0.232)	92.31 (93.75)
[100/4688]	0.0110 (0.0127)	0.0008 (0.0022)	0.152 (0.146)	100.00 (95.74)
[200/4688]	0.0112 (0.0120)	0.0008 (0.0015)	0.117 (0.141)	84.62 (95.87)
[300/4688]	0.0110 (0.0117)	0.0006 (0.0012)	0.201 (0.138)	100.00 (95.91)
[400/4688]	0.0111 (0.0115)	0.0008 (0.0011)	0.240 (0.139)	100.00 (95.89)
[500/4688]	0.0111 (0.0114)	0.0007 (0.0010)	0.104 (0.138)	92.86 (95.88)
[600/4688]	0.0112 (0.0114)	0.0008 (0.0010)	0.143 (0.138)	90.91 (95.90)
[700/4688]	0.0112 (0.0114)	0.0008 (0.0009)	0.066 (0.138)	100.00 (95.91)
[800/4688]	0.0111 (0.0113)	0.0008 (0.0009)	0.119 (0.138)	100.00 (95.90)
[900/4688]	0.0111 (0.0113)	0.0007 (0.0009)	0.073 (0.138)	92.86 (95.92)
[1000/4688]	0.0110 (0.0113)	0.0007 (0.0009)	0.137 (0.137)	100.00 (95.96)
[1100/4688]	0.0111 (0.0113)	0.0007 (0.0008)	0.130 (0.136)	77.78 (95.97)
[1200/4688]	0.0112 (0.0113)	0.0008 (0.0008)	0.124 (0.136)	100.00 (96.00)
[1300/4688]	0.0111 (0.0112)	0.0007 (0.0008)	0.062 (0.135)	100.00 (96.03)
[1400/4688]	0.0110 (0.0112)	0.0007 (0.0008)	0.112 (0.133)	100.00 (96.06)
[1500/4688]	0.0112 (0.0112)	0.0007 (0.0008)	0.119 (0.133)	92.86 (96.08)
[1600/4688]	0.0113 (0.0112)	0.0008 (0.0008)	0.098 (0.132)	88.89 (96.11)
[1700/4688]	0.0112 (0.0112)	0.0008 (0.0008)	0.096 (0.131)	100.00 (96.13)
[1800/4688]	0.0112 (0.0112)	0.0007 (0.0008)	0.231 (0.131)	87.50 (96.14)
[1900/4688]	0.0111 (0.0112)	0.0006 (0.0008)	0.151 (0.131)	100.00 (96.14)
[2000/4688]	0.0112 (0.0112)	0.0008 (0.0008)	0.166 (0.130)	100.00 (96.16)
[2100/4688]	0.0113 (0.0112)	0.0009 (0.0008)	0.149 (0.130)	94.44 (96.16)
[2200/4688]	0.0111 (0.0112)	0.0007 (0.0008)	0.055 (0.129)	100.00 (96.17)
[2300/4688]	0.0109 (0.0112)	0.0006 (0.0008)	0.063 (0.129)	91.67 (96.19)
[2400/4688]	0.0112 (0.0112)	0.0008 (0.0008)	0.128 (0.128)	100.00 (96.21)
[2500/4688]	0.0111 (0.0112)	0.0008 (0.0008)	0.164 (0.127)	100.00 (96.22)
[2600/4688]	0.0109 (0.0112)	0.0006 (0.0008)	0.089 (0.127)	92.31 (96.24)
[2700/4688]	0.0111 (0.0112)	0.0006 (0.0008)	0.072 (0.126)	93.33 (96.26)
[2800/4688]	0.0112 (0.0112)	0.0008 (0.0008)	0.142 (0.126)	100.00 (96.28)
[2900/4688]	0.0112 (0.0112)	0.0008 (0.0008)	0.047 (0.125)	100.00 (96.29)
[3000/4688]	0.0112 (0.0112)	0.0008 (0.0008)	0.143 (0.125)	94.12 (96.30)
[3100/4688]	0.0111 (0.0112)	0.0008 (0.0007)	0.153 (0.124)	87.50 (96.31)
[3200/4688]	0.0112 (0.0112)	0.0008 (0.0007)	0.116 (0.124)	94.12 (96.33)
[3300/4688]	0.0110 (0.0112)	0.0006 (0.0007)	0.059 (0.123)	100.00 (96.34)
[3400/4688]	0.0109 (0.0112)	0.0006 (0.0007)	0.188 (0.123)	100.00 (96.35)
[3500/4688]	0.0112 (0.0112)	0.0008 (0.0007)	0.114 (0.122)	100.00 (96.36)
[3600/4688]	0.0114 (0.0111)	0.0007 (0.0007)	0.037 (0.122)	100.00 (96.38)
[3700/4688]	0.0110 (0.0111)	0.0007 (0.0007)	0.126 (0.121)	100.00 (96.39)
[3800/4688]	0.0110 (0.0111)	0.0006 (0.0007)	0.103 (0.121)	100.00 (96.40)
[3900/4688]	0.0109 (0.0111)	0.0006 (0.0007)	0.062 (0.121)	100.00 (96.41)
[4000/4688]	0.0112 (0.0111)	0.0008 (0.0007)	0.186 (0.120)	100.00 (96.42)
[4100/4688]	0.0110 (0.0111)	0.0007 (0.0007)	0.094 (0.120)	100.00 (96.43)
[4200/4688]	0.0110 (0.0111)	0.0006 (0.0007)	0.030 (0.119)	100.00 (96.45)
[4300/4688]	0.0111 (0.0111)	0.0007 (0.0007)	0.084 (0.119)	88.89 (96.46)
[4400/4688]	0.0110 (0.0111)	0.0007 (0.0007)	0.044 (0.118)	100.00 (96.47)
[4500/4688]	0.0110 (0.0111)	0.0007 (0.0007)	0.115 (0.118)	100.00 (96.49)
[4600/4688]	0.0112 (0.0111)	0.0008 (0.0007)	0.107 (0.117)	89.47 (96.49)
[4687/4688]	0.0107 (0.0111)	0.0005 (0.0007)	0.180 (0.117)	100.00 (96.50)
 * Train Acc 96.503
 * Val Acc 96.913, Total time 8.12
 * Val Acc 96.913, Total time 7.98
OrderedDict([('All', {'All': 96.913})])
Task All average acc: 96.913
===Summary of experiment repeats: 5 / 5 ===
The regularization coefficient: 0.0
The last avg acc of all repeats: [96.997 97.094 96.919 96.936 96.913]
mean: 96.9718 std: 0.06796293107275282
reg_coef: 0.0 mean: 96.9718 std: 0.06796293107275282
Total Time for the script is 641.9080867767334 seconds
