MLP(
  (linear): Sequential(
    (0): Linear(in_features=1024, out_features=1000, bias=True)
    (1): ReLU(inplace=True)
    (2): Linear(in_features=1000, out_features=1000, bias=True)
    (3): ReLU(inplace=True)
  )
  (last): ModuleDict(
    (1): Linear(in_features=1000, out_features=10, bias=True)
    (2): Linear(in_features=1000, out_features=10, bias=True)
    (3): Linear(in_features=1000, out_features=10, bias=True)
    (4): Linear(in_features=1000, out_features=10, bias=True)
    (5): Linear(in_features=1000, out_features=10, bias=True)
    (6): Linear(in_features=1000, out_features=10, bias=True)
    (7): Linear(in_features=1000, out_features=10, bias=True)
    (8): Linear(in_features=1000, out_features=10, bias=True)
    (9): Linear(in_features=1000, out_features=10, bias=True)
    (10): Linear(in_features=1000, out_features=10, bias=True)
  )
)
#parameter of model: 2126100
Task order: ['1', '2', '3', '4', '5', '6', '7', '8', '9', '10']
====================== 1 =======================
Epoch:0
LR: 0.01
Itr		Time		  Data		  Loss		Acc
[0/469]	0.5279 (0.5279)	0.0985 (0.0985)	2.308 (2.308)	10.16 (10.16)
[100/469]	0.0036 (0.0120)	0.0007 (0.0051)	1.440 (1.917)	72.66 (58.76)
[200/469]	0.0112 (0.0096)	0.0087 (0.0048)	0.709 (1.460)	86.72 (69.57)
[300/469]	0.0058 (0.0088)	0.0030 (0.0047)	0.457 (1.176)	88.28 (74.96)
[400/469]	0.0027 (0.0084)	0.0001 (0.0046)	0.420 (1.001)	89.84 (78.13)
[468/469]	0.0025 (0.0082)	0.0001 (0.0046)	0.412 (0.918)	89.58 (79.66)
 * Train Acc 79.657
 * Val Acc 89.530, Total time 0.69
Epoch:1
LR: 0.01
Itr		Time		  Data		  Loss		Acc
[0/469]	0.1235 (0.1235)	0.1155 (0.1155)	0.301 (0.301)	90.62 (90.62)
[100/469]	0.0026 (0.0086)	0.0001 (0.0055)	0.383 (0.390)	87.50 (89.60)
[200/469]	0.0034 (0.0078)	0.0008 (0.0050)	0.402 (0.378)	86.72 (89.67)
[300/469]	0.0140 (0.0076)	0.0114 (0.0049)	0.362 (0.365)	89.06 (89.88)
[400/469]	0.0115 (0.0075)	0.0089 (0.0048)	0.252 (0.355)	92.19 (90.06)
[468/469]	0.0031 (0.0075)	0.0006 (0.0047)	0.296 (0.350)	91.67 (90.15)
 * Train Acc 90.148
 * Val Acc 91.360, Total time 0.71
validation split name: 1
 * Val Acc 91.360, Total time 0.69
====================== 2 =======================
Epoch:0
LR: 0.01
Itr		Time		  Data		  Loss		Acc
[0/469]	0.1351 (0.1351)	0.1280 (0.1280)	2.293 (2.293)	13.28 (13.28)
[100/469]	0.0248 (0.0116)	0.0218 (0.0086)	1.183 (1.743)	78.12 (65.08)
[200/469]	0.0031 (0.0111)	0.0001 (0.0081)	0.579 (1.294)	86.72 (74.00)
[300/469]	0.0042 (0.0109)	0.0002 (0.0079)	0.594 (1.050)	84.38 (77.99)
[400/469]	0.0251 (0.0108)	0.0222 (0.0078)	0.531 (0.902)	84.38 (80.48)
[468/469]	0.0029 (0.0107)	0.0001 (0.0077)	0.321 (0.829)	94.79 (81.72)
 * Train Acc 81.715
 * Val Acc 89.550, Total time 0.95
Epoch:1
LR: 0.01
Itr		Time		  Data		  Loss		Acc
[0/469]	0.1314 (0.1314)	0.1237 (0.1237)	0.396 (0.396)	87.50 (87.50)
[100/469]	0.0030 (0.0115)	0.0001 (0.0085)	0.390 (0.384)	86.72 (89.39)
[200/469]	0.0030 (0.0109)	0.0001 (0.0080)	0.334 (0.366)	91.41 (89.73)
[300/469]	0.0246 (0.0108)	0.0217 (0.0079)	0.285 (0.354)	91.41 (89.98)
[400/469]	0.0045 (0.0107)	0.0017 (0.0077)	0.367 (0.348)	89.84 (90.12)
[468/469]	0.0166 (0.0106)	0.0138 (0.0077)	0.287 (0.342)	93.75 (90.27)
 * Train Acc 90.273
 * Val Acc 91.540, Total time 0.98
validation split name: 1
 * Val Acc 91.220, Total time 0.71
validation split name: 2
 * Val Acc 91.540, Total time 0.93
====================== 3 =======================
Epoch:0
LR: 0.01
Itr		Time		  Data		  Loss		Acc
[0/469]	0.1337 (0.1337)	0.1260 (0.1260)	2.327 (2.327)	7.03 (7.03)
[100/469]	0.0042 (0.0114)	0.0011 (0.0084)	1.030 (1.712)	85.16 (63.95)
[200/469]	0.0031 (0.0108)	0.0001 (0.0078)	0.633 (1.266)	83.59 (73.36)
[300/469]	0.0109 (0.0107)	0.0079 (0.0077)	0.561 (1.027)	86.72 (77.71)
[400/469]	0.0232 (0.0106)	0.0203 (0.0076)	0.469 (0.882)	89.06 (80.38)
[468/469]	0.0030 (0.0105)	0.0001 (0.0075)	0.375 (0.814)	91.67 (81.62)
 * Train Acc 81.620
 * Val Acc 89.640, Total time 0.96
Epoch:1
LR: 0.01
Itr		Time		  Data		  Loss		Acc
[0/469]	0.1346 (0.1346)	0.1241 (0.1241)	0.329 (0.329)	92.19 (92.19)
[100/469]	0.0027 (0.0114)	0.0001 (0.0086)	0.469 (0.381)	83.59 (89.36)
[200/469]	0.0027 (0.0108)	0.0001 (0.0081)	0.360 (0.361)	90.62 (89.92)
[300/469]	0.0248 (0.0107)	0.0220 (0.0080)	0.257 (0.352)	92.19 (90.03)
[400/469]	0.0028 (0.0106)	0.0001 (0.0078)	0.406 (0.345)	84.38 (90.20)
[468/469]	0.0166 (0.0105)	0.0139 (0.0078)	0.344 (0.340)	89.58 (90.35)
 * Train Acc 90.352
 * Val Acc 91.650, Total time 0.93
validation split name: 1
 * Val Acc 90.690, Total time 0.70
validation split name: 2
 * Val Acc 91.380, Total time 0.96
validation split name: 3
 * Val Acc 91.650, Total time 0.97
====================== 4 =======================
Epoch:0
LR: 0.01
Itr		Time		  Data		  Loss		Acc
[0/469]	0.1314 (0.1314)	0.1233 (0.1233)	2.352 (2.352)	7.03 (7.03)
[100/469]	0.0043 (0.0119)	0.0002 (0.0088)	0.994 (1.557)	80.47 (66.78)
[200/469]	0.0032 (0.0112)	0.0001 (0.0081)	0.493 (1.144)	89.84 (75.32)
[300/469]	0.0247 (0.0110)	0.0216 (0.0078)	0.601 (0.937)	83.59 (79.11)
[400/469]	0.0032 (0.0107)	0.0001 (0.0077)	0.544 (0.812)	83.59 (81.42)
[468/469]	0.0167 (0.0107)	0.0138 (0.0076)	0.340 (0.752)	90.62 (82.53)
 * Train Acc 82.528
 * Val Acc 90.120, Total time 0.94
Epoch:1
LR: 0.01
Itr		Time		  Data		  Loss		Acc
[0/469]	0.1435 (0.1435)	0.1354 (0.1354)	0.278 (0.278)	94.53 (94.53)
[100/469]	0.0039 (0.0120)	0.0008 (0.0089)	0.377 (0.356)	88.28 (90.22)
[200/469]	0.0033 (0.0111)	0.0001 (0.0080)	0.224 (0.348)	92.19 (90.23)
[300/469]	0.0236 (0.0109)	0.0205 (0.0078)	0.265 (0.344)	92.97 (90.24)
[400/469]	0.0039 (0.0107)	0.0008 (0.0076)	0.326 (0.340)	89.84 (90.26)
[468/469]	0.0168 (0.0107)	0.0138 (0.0076)	0.410 (0.337)	86.46 (90.38)
 * Train Acc 90.382
 * Val Acc 91.400, Total time 0.96
validation split name: 1
 * Val Acc 90.580, Total time 0.70
validation split name: 2
 * Val Acc 91.230, Total time 0.94
validation split name: 3
 * Val Acc 91.530, Total time 0.95
validation split name: 4
 * Val Acc 91.400, Total time 0.94
====================== 5 =======================
Epoch:0
LR: 0.01
Itr		Time		  Data		  Loss		Acc
[0/469]	0.1461 (0.1461)	0.1380 (0.1380)	2.407 (2.407)	3.91 (3.91)
[100/469]	0.0033 (0.0120)	0.0001 (0.0089)	0.979 (1.597)	80.47 (64.43)
[200/469]	0.0039 (0.0111)	0.0008 (0.0080)	0.561 (1.171)	85.16 (73.87)
[300/469]	0.0047 (0.0109)	0.0016 (0.0078)	0.537 (0.955)	85.16 (78.10)
[400/469]	0.0265 (0.0109)	0.0237 (0.0078)	0.388 (0.822)	89.84 (80.69)
[468/469]	0.0026 (0.0108)	0.0001 (0.0077)	0.378 (0.761)	92.71 (81.87)
 * Train Acc 81.868
 * Val Acc 90.040, Total time 0.94
Epoch:1
LR: 0.01
Itr		Time		  Data		  Loss		Acc
[0/469]	0.1364 (0.1364)	0.1284 (0.1284)	0.389 (0.389)	90.62 (90.62)
[100/469]	0.0047 (0.0115)	0.0016 (0.0083)	0.326 (0.369)	90.62 (89.63)
[200/469]	0.0033 (0.0109)	0.0001 (0.0078)	0.279 (0.353)	92.97 (89.97)
[300/469]	0.0204 (0.0107)	0.0173 (0.0076)	0.337 (0.344)	92.19 (90.24)
[400/469]	0.0089 (0.0106)	0.0058 (0.0075)	0.382 (0.339)	89.06 (90.40)
[468/469]	0.0085 (0.0106)	0.0054 (0.0075)	0.306 (0.335)	91.67 (90.45)
 * Train Acc 90.452
 * Val Acc 91.600, Total time 0.94
validation split name: 1
 * Val Acc 90.550, Total time 0.69
validation split name: 2
 * Val Acc 91.210, Total time 0.96
validation split name: 3
 * Val Acc 91.280, Total time 0.93
validation split name: 4
 * Val Acc 91.170, Total time 0.95
validation split name: 5
 * Val Acc 91.600, Total time 0.94
====================== 6 =======================
Epoch:0
LR: 0.01
Itr		Time		  Data		  Loss		Acc
[0/469]	0.1508 (0.1508)	0.1423 (0.1423)	2.345 (2.345)	10.94 (10.94)
[100/469]	0.0032 (0.0120)	0.0001 (0.0088)	1.036 (1.596)	78.91 (64.59)
[200/469]	0.0032 (0.0111)	0.0001 (0.0079)	0.592 (1.172)	85.16 (74.00)
[300/469]	0.0239 (0.0108)	0.0208 (0.0077)	0.414 (0.953)	87.50 (78.31)
[400/469]	0.0033 (0.0107)	0.0001 (0.0075)	0.470 (0.821)	86.72 (80.83)
[468/469]	0.0166 (0.0106)	0.0135 (0.0074)	0.216 (0.759)	95.83 (82.06)
 * Train Acc 82.057
 * Val Acc 89.730, Total time 0.96
Epoch:1
LR: 0.01
Itr		Time		  Data		  Loss		Acc
[0/469]	0.1363 (0.1363)	0.1281 (0.1281)	0.381 (0.381)	85.94 (85.94)
[100/469]	0.0041 (0.0116)	0.0010 (0.0083)	0.329 (0.366)	91.41 (89.63)
[200/469]	0.0034 (0.0109)	0.0002 (0.0077)	0.437 (0.357)	88.28 (89.73)
[300/469]	0.0237 (0.0108)	0.0205 (0.0075)	0.376 (0.349)	90.62 (90.04)
[400/469]	0.0065 (0.0106)	0.0032 (0.0074)	0.310 (0.339)	88.28 (90.34)
[468/469]	0.0157 (0.0106)	0.0125 (0.0074)	0.227 (0.335)	93.75 (90.42)
 * Train Acc 90.423
 * Val Acc 91.630, Total time 0.96
validation split name: 1
 * Val Acc 90.460, Total time 0.69
validation split name: 2
 * Val Acc 90.970, Total time 0.94
validation split name: 3
 * Val Acc 91.210, Total time 0.96
validation split name: 4
 * Val Acc 91.180, Total time 0.96
validation split name: 5
 * Val Acc 91.560, Total time 0.94
validation split name: 6
 * Val Acc 91.630, Total time 0.94
====================== 7 =======================
Epoch:0
LR: 0.01
Itr		Time		  Data		  Loss		Acc
[0/469]	0.1323 (0.1323)	0.1243 (0.1243)	2.350 (2.350)	7.03 (7.03)
[100/469]	0.0229 (0.0117)	0.0197 (0.0085)	0.928 (1.604)	83.59 (65.21)
[200/469]	0.0060 (0.0110)	0.0028 (0.0077)	0.587 (1.175)	85.16 (74.26)
[300/469]	0.0040 (0.0107)	0.0009 (0.0075)	0.401 (0.958)	91.41 (78.29)
[400/469]	0.0157 (0.0106)	0.0123 (0.0074)	0.451 (0.828)	84.38 (80.77)
[468/469]	0.0032 (0.0106)	0.0001 (0.0073)	0.525 (0.766)	83.33 (81.95)
 * Train Acc 81.947
 * Val Acc 89.700, Total time 0.93
Epoch:1
LR: 0.01
Itr		Time		  Data		  Loss		Acc
[0/469]	0.1372 (0.1372)	0.1293 (0.1293)	0.358 (0.358)	89.06 (89.06)
[100/469]	0.0207 (0.0117)	0.0162 (0.0083)	0.402 (0.367)	89.06 (89.46)
[200/469]	0.0032 (0.0110)	0.0001 (0.0077)	0.243 (0.358)	92.19 (89.79)
[300/469]	0.0034 (0.0108)	0.0001 (0.0075)	0.258 (0.348)	93.75 (89.98)
[400/469]	0.0231 (0.0107)	0.0200 (0.0074)	0.317 (0.340)	89.84 (90.24)
[468/469]	0.0033 (0.0106)	0.0001 (0.0073)	0.185 (0.334)	93.75 (90.38)
 * Train Acc 90.382
 * Val Acc 91.680, Total time 0.96
validation split name: 1
 * Val Acc 89.460, Total time 0.70
validation split name: 2
 * Val Acc 90.750, Total time 0.95
validation split name: 3
 * Val Acc 91.230, Total time 0.94
validation split name: 4
 * Val Acc 91.210, Total time 0.94
validation split name: 5
 * Val Acc 91.410, Total time 0.95
validation split name: 6
 * Val Acc 91.530, Total time 0.95
validation split name: 7
 * Val Acc 91.680, Total time 0.94
====================== 8 =======================
Epoch:0
LR: 0.01
Itr		Time		  Data		  Loss		Acc
[0/469]	0.1461 (0.1461)	0.1376 (0.1376)	2.345 (2.345)	13.28 (13.28)
[100/469]	0.0036 (0.0120)	0.0001 (0.0086)	0.901 (1.555)	85.16 (63.92)
[200/469]	0.0113 (0.0111)	0.0079 (0.0077)	0.529 (1.138)	88.28 (73.80)
[300/469]	0.0099 (0.0108)	0.0065 (0.0074)	0.479 (0.929)	83.59 (78.18)
[400/469]	0.0031 (0.0107)	0.0002 (0.0073)	0.347 (0.804)	89.84 (80.73)
[468/469]	0.0029 (0.0107)	0.0001 (0.0073)	0.340 (0.743)	87.50 (81.97)
 * Train Acc 81.968
 * Val Acc 90.000, Total time 0.99
Epoch:1
LR: 0.01
Itr		Time		  Data		  Loss		Acc
[0/469]	0.1415 (0.1415)	0.1324 (0.1324)	0.336 (0.336)	89.84 (89.84)
[100/469]	0.0043 (0.0120)	0.0009 (0.0082)	0.522 (0.356)	84.38 (90.08)
[200/469]	0.0240 (0.0114)	0.0207 (0.0079)	0.340 (0.346)	89.84 (90.13)
[300/469]	0.0031 (0.0110)	0.0001 (0.0076)	0.320 (0.346)	89.06 (90.03)
[400/469]	0.0031 (0.0108)	0.0001 (0.0075)	0.340 (0.337)	91.41 (90.34)
[468/469]	0.0033 (0.0108)	0.0001 (0.0075)	0.341 (0.332)	88.54 (90.48)
 * Train Acc 90.483
 * Val Acc 91.950, Total time 0.99
validation split name: 1
 * Val Acc 88.770, Total time 0.71
validation split name: 2
 * Val Acc 90.690, Total time 0.93
validation split name: 3
 * Val Acc 90.790, Total time 0.94
validation split name: 4
 * Val Acc 91.040, Total time 0.93
validation split name: 5
 * Val Acc 91.430, Total time 0.94
validation split name: 6
 * Val Acc 91.500, Total time 0.94
validation split name: 7
 * Val Acc 91.690, Total time 0.94
validation split name: 8
 * Val Acc 91.950, Total time 0.97
====================== 9 =======================
Epoch:0
LR: 0.01
Itr		Time		  Data		  Loss		Acc
[0/469]	0.1463 (0.1463)	0.1377 (0.1377)	2.347 (2.347)	7.03 (7.03)
[100/469]	0.0033 (0.0117)	0.0001 (0.0084)	0.824 (1.548)	85.16 (64.02)
[200/469]	0.0226 (0.0110)	0.0193 (0.0077)	0.560 (1.129)	82.81 (74.24)
[300/469]	0.0044 (0.0107)	0.0010 (0.0074)	0.446 (0.921)	85.94 (78.43)
[400/469]	0.0043 (0.0106)	0.0009 (0.0072)	0.399 (0.798)	88.28 (80.88)
[468/469]	0.0032 (0.0105)	0.0001 (0.0072)	0.316 (0.739)	91.67 (82.01)
 * Train Acc 82.008
 * Val Acc 90.040, Total time 0.96
Epoch:1
LR: 0.01
Itr		Time		  Data		  Loss		Acc
[0/469]	0.1397 (0.1397)	0.1319 (0.1319)	0.287 (0.287)	90.62 (90.62)
[100/469]	0.0042 (0.0119)	0.0010 (0.0086)	0.373 (0.363)	88.28 (89.75)
[200/469]	0.0033 (0.0112)	0.0001 (0.0079)	0.360 (0.355)	90.62 (89.80)
[300/469]	0.0035 (0.0109)	0.0001 (0.0076)	0.273 (0.346)	90.62 (90.07)
[400/469]	0.0237 (0.0107)	0.0203 (0.0074)	0.316 (0.335)	92.19 (90.34)
[468/469]	0.0033 (0.0106)	0.0001 (0.0073)	0.202 (0.331)	93.75 (90.44)
 * Train Acc 90.443
 * Val Acc 91.800, Total time 0.93
validation split name: 1
 * Val Acc 89.300, Total time 0.71
validation split name: 2
 * Val Acc 90.610, Total time 0.97
validation split name: 3
 * Val Acc 90.960, Total time 0.94
validation split name: 4
 * Val Acc 90.740, Total time 0.97
validation split name: 5
 * Val Acc 91.370, Total time 0.94
validation split name: 6
 * Val Acc 91.470, Total time 0.99
validation split name: 7
 * Val Acc 91.550, Total time 0.95
validation split name: 8
 * Val Acc 91.800, Total time 0.94
validation split name: 9
 * Val Acc 91.800, Total time 0.94
====================== 10 =======================
Epoch:0
LR: 0.01
Itr		Time		  Data		  Loss		Acc
[0/469]	0.1332 (0.1332)	0.1225 (0.1225)	2.318 (2.318)	8.59 (8.59)
[100/469]	0.0044 (0.0114)	0.0010 (0.0078)	0.846 (1.515)	85.16 (64.91)
[200/469]	0.0184 (0.0109)	0.0149 (0.0074)	0.475 (1.105)	91.41 (74.35)
[300/469]	0.0063 (0.0107)	0.0029 (0.0072)	0.436 (0.906)	87.50 (78.49)
[400/469]	0.0044 (0.0106)	0.0011 (0.0071)	0.407 (0.785)	89.06 (80.98)
[468/469]	0.0034 (0.0106)	0.0001 (0.0071)	0.383 (0.726)	88.54 (82.16)
 * Train Acc 82.162
 * Val Acc 89.880, Total time 0.93
Epoch:1
LR: 0.01
Itr		Time		  Data		  Loss		Acc
[0/469]	0.1373 (0.1373)	0.1286 (0.1286)	0.309 (0.309)	92.97 (92.97)
[100/469]	0.0036 (0.0117)	0.0002 (0.0081)	0.523 (0.367)	82.03 (89.40)
[200/469]	0.0042 (0.0110)	0.0008 (0.0075)	0.345 (0.355)	92.19 (89.86)
[300/469]	0.0223 (0.0109)	0.0191 (0.0074)	0.337 (0.345)	92.97 (90.07)
[400/469]	0.0040 (0.0107)	0.0009 (0.0073)	0.239 (0.336)	92.19 (90.37)
[468/469]	0.0109 (0.0107)	0.0076 (0.0073)	0.348 (0.330)	88.54 (90.52)
 * Train Acc 90.522
 * Val Acc 91.800, Total time 0.95
validation split name: 1
 * Val Acc 88.960, Total time 0.69
validation split name: 2
 * Val Acc 90.510, Total time 0.94
validation split name: 3
 * Val Acc 90.810, Total time 0.94
validation split name: 4
 * Val Acc 90.890, Total time 0.94
validation split name: 5
 * Val Acc 91.370, Total time 0.95
validation split name: 6
 * Val Acc 91.200, Total time 0.96
validation split name: 7
 * Val Acc 91.520, Total time 0.94
validation split name: 8
 * Val Acc 91.620, Total time 0.95
validation split name: 9
 * Val Acc 91.740, Total time 0.95
validation split name: 10
 * Val Acc 91.800, Total time 0.95
OrderedDict([('1', OrderedDict([('1', 91.36), ('2', 91.22), ('3', 90.69), ('4', 90.58), ('5', 90.55), ('6', 90.46), ('7', 89.46), ('8', 88.77), ('9', 89.3), ('10', 88.96)])), ('2', OrderedDict([('2', 91.54), ('3', 91.38), ('4', 91.23), ('5', 91.21), ('6', 90.97), ('7', 90.75), ('8', 90.69), ('9', 90.61), ('10', 90.51)])), ('3', OrderedDict([('3', 91.65), ('4', 91.53), ('5', 91.28), ('6', 91.21), ('7', 91.23), ('8', 90.79), ('9', 90.96), ('10', 90.81)])), ('4', OrderedDict([('4', 91.4), ('5', 91.17), ('6', 91.18), ('7', 91.21), ('8', 91.04), ('9', 90.74), ('10', 90.89)])), ('5', OrderedDict([('5', 91.6), ('6', 91.56), ('7', 91.41), ('8', 91.43), ('9', 91.37), ('10', 91.37)])), ('6', OrderedDict([('6', 91.63), ('7', 91.53), ('8', 91.5), ('9', 91.47), ('10', 91.2)])), ('7', OrderedDict([('7', 91.68), ('8', 91.69), ('9', 91.55), ('10', 91.52)])), ('8', OrderedDict([('8', 91.95), ('9', 91.8), ('10', 91.62)])), ('9', OrderedDict([('9', 91.8), ('10', 91.74)])), ('10', OrderedDict([('10', 91.8)]))])
Task 1 average acc: 91.36
Task 2 average acc: 91.38
Task 3 average acc: 91.24000000000001
Task 4 average acc: 91.185
Task 5 average acc: 91.16199999999999
Task 6 average acc: 91.16833333333334
Task 7 average acc: 91.03857142857143
Task 8 average acc: 90.98250000000002
Task 9 average acc: 91.06666666666666
Task 10 average acc: 91.042
===Summary of experiment repeats: 1 / 5 ===
The regularization coefficient: 0.0
The last avg acc of all repeats: [91.042  0.     0.     0.     0.   ]
mean: 18.2084 std: 36.41680000000001
MLP(
  (linear): Sequential(
    (0): Linear(in_features=1024, out_features=1000, bias=True)
    (1): ReLU(inplace=True)
    (2): Linear(in_features=1000, out_features=1000, bias=True)
    (3): ReLU(inplace=True)
  )
  (last): ModuleDict(
    (1): Linear(in_features=1000, out_features=10, bias=True)
    (2): Linear(in_features=1000, out_features=10, bias=True)
    (3): Linear(in_features=1000, out_features=10, bias=True)
    (4): Linear(in_features=1000, out_features=10, bias=True)
    (5): Linear(in_features=1000, out_features=10, bias=True)
    (6): Linear(in_features=1000, out_features=10, bias=True)
    (7): Linear(in_features=1000, out_features=10, bias=True)
    (8): Linear(in_features=1000, out_features=10, bias=True)
    (9): Linear(in_features=1000, out_features=10, bias=True)
    (10): Linear(in_features=1000, out_features=10, bias=True)
  )
)
#parameter of model: 2126100
Task order: ['1', '2', '3', '4', '5', '6', '7', '8', '9', '10']
====================== 1 =======================
Epoch:0
LR: 0.01
Itr		Time		  Data		  Loss		Acc
[0/469]	0.1196 (0.1196)	0.1125 (0.1125)	2.312 (2.312)	8.59 (8.59)
[100/469]	0.0143 (0.0084)	0.0118 (0.0057)	1.358 (1.905)	78.12 (59.07)
[200/469]	0.0027 (0.0079)	0.0002 (0.0052)	0.597 (1.446)	92.19 (69.91)
[300/469]	0.0027 (0.0077)	0.0001 (0.0050)	0.471 (1.165)	89.84 (75.18)
[400/469]	0.0151 (0.0076)	0.0126 (0.0049)	0.365 (0.994)	92.97 (78.20)
[468/469]	0.0034 (0.0075)	0.0001 (0.0049)	0.354 (0.912)	92.71 (79.65)
 * Train Acc 79.650
 * Val Acc 89.490, Total time 0.69
Epoch:1
LR: 0.01
Itr		Time		  Data		  Loss		Acc
[0/469]	0.1225 (0.1225)	0.1151 (0.1151)	0.439 (0.439)	85.94 (85.94)
[100/469]	0.0153 (0.0088)	0.0127 (0.0061)	0.457 (0.399)	85.16 (88.87)
[200/469]	0.0037 (0.0080)	0.0008 (0.0053)	0.305 (0.384)	92.19 (89.33)
[300/469]	0.0096 (0.0077)	0.0070 (0.0051)	0.370 (0.369)	88.28 (89.66)
[400/469]	0.0030 (0.0076)	0.0001 (0.0049)	0.375 (0.358)	86.72 (89.95)
[468/469]	0.0106 (0.0075)	0.0081 (0.0049)	0.410 (0.353)	87.50 (90.08)
 * Train Acc 90.082
 * Val Acc 91.410, Total time 0.70
validation split name: 1
 * Val Acc 91.410, Total time 0.71
====================== 2 =======================
Epoch:0
LR: 0.01
Itr		Time		  Data		  Loss		Acc
[0/469]	0.1328 (0.1328)	0.1257 (0.1257)	2.309 (2.309)	6.25 (6.25)
[100/469]	0.0251 (0.0121)	0.0224 (0.0092)	1.323 (1.770)	68.75 (62.31)
[200/469]	0.0030 (0.0112)	0.0001 (0.0083)	0.706 (1.321)	84.38 (72.49)
[300/469]	0.0075 (0.0108)	0.0045 (0.0080)	0.416 (1.065)	90.62 (77.20)
[400/469]	0.0243 (0.0107)	0.0217 (0.0078)	0.445 (0.912)	89.06 (79.97)
[468/469]	0.0029 (0.0106)	0.0001 (0.0078)	0.374 (0.839)	90.62 (81.24)
 * Train Acc 81.238
 * Val Acc 89.620, Total time 0.93
Epoch:1
LR: 0.01
Itr		Time		  Data		  Loss		Acc
[0/469]	0.1282 (0.1282)	0.1192 (0.1192)	0.332 (0.332)	92.97 (92.97)
[100/469]	0.0035 (0.0115)	0.0008 (0.0083)	0.313 (0.385)	89.06 (89.19)
[200/469]	0.0238 (0.0110)	0.0207 (0.0080)	0.522 (0.372)	86.72 (89.62)
[300/469]	0.0030 (0.0108)	0.0001 (0.0078)	0.231 (0.362)	95.31 (89.87)
[400/469]	0.0137 (0.0107)	0.0107 (0.0077)	0.213 (0.350)	93.75 (90.10)
[468/469]	0.0029 (0.0107)	0.0001 (0.0077)	0.261 (0.344)	94.79 (90.28)
 * Train Acc 90.285
 * Val Acc 91.580, Total time 1.00
validation split name: 1
 * Val Acc 91.250, Total time 0.69
validation split name: 2
 * Val Acc 91.580, Total time 0.94
====================== 3 =======================
Epoch:0
LR: 0.01
Itr		Time		  Data		  Loss		Acc
[0/469]	0.1314 (0.1314)	0.1245 (0.1245)	2.327 (2.327)	10.16 (10.16)
[100/469]	0.0082 (0.0114)	0.0055 (0.0085)	1.208 (1.712)	74.22 (64.48)
[200/469]	0.0027 (0.0108)	0.0001 (0.0080)	0.657 (1.263)	84.38 (73.80)
[300/469]	0.0224 (0.0107)	0.0197 (0.0078)	0.445 (1.019)	89.06 (78.19)
[400/469]	0.0062 (0.0106)	0.0033 (0.0077)	0.359 (0.874)	90.62 (80.71)
[468/469]	0.0054 (0.0105)	0.0025 (0.0077)	0.355 (0.806)	87.50 (81.92)
 * Train Acc 81.917
 * Val Acc 89.910, Total time 1.00
Epoch:1
LR: 0.01
Itr		Time		  Data		  Loss		Acc
[0/469]	0.1452 (0.1452)	0.1373 (0.1373)	0.298 (0.298)	93.75 (93.75)
[100/469]	0.0027 (0.0119)	0.0001 (0.0091)	0.342 (0.369)	92.19 (89.72)
[200/469]	0.0247 (0.0111)	0.0219 (0.0084)	0.294 (0.362)	92.19 (89.87)
[300/469]	0.0028 (0.0109)	0.0001 (0.0082)	0.458 (0.351)	86.72 (90.05)
[400/469]	0.0028 (0.0107)	0.0002 (0.0080)	0.218 (0.343)	93.75 (90.26)
[468/469]	0.0026 (0.0107)	0.0001 (0.0080)	0.313 (0.337)	91.67 (90.47)
 * Train Acc 90.470
 * Val Acc 91.590, Total time 0.93
validation split name: 1
 * Val Acc 91.320, Total time 0.70
validation split name: 2
 * Val Acc 91.010, Total time 0.95
validation split name: 3
 * Val Acc 91.590, Total time 0.94
====================== 4 =======================
Epoch:0
LR: 0.01
Itr		Time		  Data		  Loss		Acc
[0/469]	0.1308 (0.1308)	0.1238 (0.1238)	2.306 (2.306)	12.50 (12.50)
[100/469]	0.0257 (0.0119)	0.0229 (0.0092)	1.055 (1.661)	78.12 (65.42)
[200/469]	0.0028 (0.0111)	0.0001 (0.0084)	0.565 (1.217)	86.72 (74.70)
[300/469]	0.0028 (0.0108)	0.0001 (0.0081)	0.377 (0.982)	90.62 (78.82)
[400/469]	0.0257 (0.0107)	0.0226 (0.0080)	0.511 (0.849)	82.03 (81.06)
[468/469]	0.0030 (0.0106)	0.0001 (0.0078)	0.283 (0.783)	91.67 (82.22)
 * Train Acc 82.217
 * Val Acc 89.750, Total time 0.96
Epoch:1
LR: 0.01
Itr		Time		  Data		  Loss		Acc
[0/469]	0.1306 (0.1306)	0.1230 (0.1230)	0.392 (0.392)	89.84 (89.84)
[100/469]	0.0231 (0.0117)	0.0200 (0.0086)	0.327 (0.368)	89.84 (89.56)
[200/469]	0.0030 (0.0111)	0.0002 (0.0080)	0.255 (0.359)	92.97 (89.91)
[300/469]	0.0032 (0.0108)	0.0001 (0.0078)	0.405 (0.351)	92.97 (90.00)
[400/469]	0.0252 (0.0108)	0.0222 (0.0077)	0.297 (0.342)	90.62 (90.22)
[468/469]	0.0031 (0.0107)	0.0001 (0.0076)	0.230 (0.336)	92.71 (90.39)
 * Train Acc 90.387
 * Val Acc 91.850, Total time 1.01
validation split name: 1
 * Val Acc 91.110, Total time 0.71
validation split name: 2
 * Val Acc 90.650, Total time 0.99
validation split name: 3
 * Val Acc 91.490, Total time 0.94
validation split name: 4
 * Val Acc 91.850, Total time 0.93
====================== 5 =======================
Epoch:0
LR: 0.01
Itr		Time		  Data		  Loss		Acc
[0/469]	0.1473 (0.1473)	0.1401 (0.1401)	2.315 (2.315)	6.25 (6.25)
[100/469]	0.0029 (0.0121)	0.0001 (0.0092)	1.052 (1.650)	77.34 (62.84)
[200/469]	0.0030 (0.0112)	0.0001 (0.0082)	0.593 (1.212)	86.72 (72.96)
[300/469]	0.0252 (0.0110)	0.0220 (0.0080)	0.435 (0.983)	87.50 (77.49)
[400/469]	0.0030 (0.0108)	0.0001 (0.0078)	0.366 (0.848)	87.50 (80.13)
[468/469]	0.0166 (0.0107)	0.0135 (0.0077)	0.373 (0.785)	87.50 (81.35)
 * Train Acc 81.347
 * Val Acc 89.770, Total time 0.93
Epoch:1
LR: 0.01
Itr		Time		  Data		  Loss		Acc
[0/469]	0.1450 (0.1450)	0.1375 (0.1375)	0.488 (0.488)	84.38 (84.38)
[100/469]	0.0033 (0.0119)	0.0001 (0.0087)	0.325 (0.373)	92.19 (89.73)
[200/469]	0.0041 (0.0110)	0.0010 (0.0079)	0.384 (0.361)	89.84 (89.87)
[300/469]	0.0244 (0.0108)	0.0212 (0.0077)	0.290 (0.350)	92.19 (90.11)
[400/469]	0.0087 (0.0107)	0.0055 (0.0075)	0.442 (0.343)	85.16 (90.25)
[468/469]	0.0124 (0.0106)	0.0094 (0.0075)	0.320 (0.338)	88.54 (90.36)
 * Train Acc 90.357
 * Val Acc 91.700, Total time 0.95
validation split name: 1
 * Val Acc 91.170, Total time 0.72
validation split name: 2
 * Val Acc 90.720, Total time 0.96
validation split name: 3
 * Val Acc 91.100, Total time 0.95
validation split name: 4
 * Val Acc 91.700, Total time 0.94
validation split name: 5
 * Val Acc 91.700, Total time 0.95
====================== 6 =======================
Epoch:0
LR: 0.01
Itr		Time		  Data		  Loss		Acc
[0/469]	0.1440 (0.1440)	0.1364 (0.1364)	2.310 (2.310)	17.97 (17.97)
[100/469]	0.0032 (0.0119)	0.0001 (0.0087)	0.970 (1.590)	84.38 (66.69)
[200/469]	0.0040 (0.0111)	0.0009 (0.0079)	0.565 (1.167)	84.38 (75.24)
[300/469]	0.0236 (0.0109)	0.0204 (0.0077)	0.489 (0.953)	87.50 (79.00)
[400/469]	0.0030 (0.0107)	0.0001 (0.0076)	0.429 (0.822)	86.72 (81.39)
[468/469]	0.0168 (0.0107)	0.0138 (0.0075)	0.426 (0.761)	88.54 (82.47)
 * Train Acc 82.468
 * Val Acc 89.890, Total time 0.99
Epoch:1
LR: 0.01
Itr		Time		  Data		  Loss		Acc
[0/469]	0.1306 (0.1306)	0.1228 (0.1228)	0.216 (0.216)	96.09 (96.09)
[100/469]	0.0040 (0.0120)	0.0009 (0.0087)	0.290 (0.352)	93.75 (90.16)
[200/469]	0.0248 (0.0113)	0.0215 (0.0081)	0.303 (0.347)	92.19 (90.03)
[300/469]	0.0030 (0.0110)	0.0001 (0.0078)	0.392 (0.343)	91.41 (90.10)
[400/469]	0.0032 (0.0108)	0.0001 (0.0077)	0.406 (0.339)	88.28 (90.22)
[468/469]	0.0032 (0.0108)	0.0001 (0.0076)	0.244 (0.336)	90.62 (90.33)
 * Train Acc 90.335
 * Val Acc 91.670, Total time 0.96
validation split name: 1
 * Val Acc 91.250, Total time 0.72
validation split name: 2
 * Val Acc 90.480, Total time 0.94
validation split name: 3
 * Val Acc 91.270, Total time 0.97
validation split name: 4
 * Val Acc 91.540, Total time 0.94
validation split name: 5
 * Val Acc 91.790, Total time 0.94
validation split name: 6
 * Val Acc 91.670, Total time 1.00
====================== 7 =======================
Epoch:0
LR: 0.01
Itr		Time		  Data		  Loss		Acc
[0/469]	0.1433 (0.1433)	0.1362 (0.1362)	2.329 (2.329)	20.31 (20.31)
[100/469]	0.0031 (0.0121)	0.0002 (0.0089)	0.919 (1.551)	84.38 (64.90)
[200/469]	0.0036 (0.0112)	0.0001 (0.0079)	0.662 (1.133)	77.34 (74.23)
[300/469]	0.0237 (0.0109)	0.0205 (0.0077)	0.510 (0.926)	85.16 (78.42)
[400/469]	0.0035 (0.0108)	0.0004 (0.0075)	0.352 (0.801)	87.50 (80.91)
[468/469]	0.0167 (0.0107)	0.0135 (0.0075)	0.406 (0.743)	87.50 (82.08)
 * Train Acc 82.083
 * Val Acc 90.180, Total time 0.94
Epoch:1
LR: 0.01
Itr		Time		  Data		  Loss		Acc
[0/469]	0.1304 (0.1304)	0.1226 (0.1226)	0.421 (0.421)	85.16 (85.16)
[100/469]	0.0033 (0.0116)	0.0001 (0.0082)	0.396 (0.356)	85.16 (89.98)
[200/469]	0.0244 (0.0111)	0.0212 (0.0078)	0.211 (0.357)	95.31 (89.84)
[300/469]	0.0031 (0.0109)	0.0002 (0.0077)	0.281 (0.346)	93.75 (90.12)
[400/469]	0.0032 (0.0108)	0.0001 (0.0075)	0.460 (0.338)	84.38 (90.27)
[468/469]	0.0031 (0.0107)	0.0001 (0.0075)	0.420 (0.333)	79.17 (90.39)
 * Train Acc 90.390
 * Val Acc 91.710, Total time 0.93
validation split name: 1
 * Val Acc 91.340, Total time 0.70
validation split name: 2
 * Val Acc 90.400, Total time 0.95
validation split name: 3
 * Val Acc 90.930, Total time 0.94
validation split name: 4
 * Val Acc 91.470, Total time 0.93
validation split name: 5
 * Val Acc 91.670, Total time 0.99
validation split name: 6
 * Val Acc 91.610, Total time 0.97
validation split name: 7
 * Val Acc 91.710, Total time 0.95
====================== 8 =======================
Epoch:0
LR: 0.01
Itr		Time		  Data		  Loss		Acc
[0/469]	0.1497 (0.1497)	0.1424 (0.1424)	2.293 (2.293)	11.72 (11.72)
[100/469]	0.0033 (0.0120)	0.0001 (0.0087)	0.901 (1.527)	78.91 (66.20)
[200/469]	0.0047 (0.0111)	0.0014 (0.0078)	0.493 (1.121)	86.72 (75.07)
[300/469]	0.0236 (0.0108)	0.0204 (0.0076)	0.466 (0.917)	85.94 (79.06)
[400/469]	0.0033 (0.0107)	0.0001 (0.0074)	0.323 (0.796)	90.62 (81.37)
[468/469]	0.0153 (0.0106)	0.0122 (0.0074)	0.290 (0.737)	93.75 (82.50)
 * Train Acc 82.497
 * Val Acc 90.220, Total time 0.93
Epoch:1
LR: 0.01
Itr		Time		  Data		  Loss		Acc
[0/469]	0.1441 (0.1441)	0.1367 (0.1367)	0.279 (0.279)	92.19 (92.19)
[100/469]	0.0034 (0.0119)	0.0001 (0.0087)	0.309 (0.368)	91.41 (89.62)
[200/469]	0.0035 (0.0111)	0.0001 (0.0079)	0.340 (0.355)	92.19 (89.90)
[300/469]	0.0236 (0.0109)	0.0203 (0.0076)	0.363 (0.342)	91.41 (90.27)
[400/469]	0.0031 (0.0107)	0.0001 (0.0074)	0.173 (0.336)	96.09 (90.42)
[468/469]	0.0159 (0.0106)	0.0126 (0.0074)	0.507 (0.332)	87.50 (90.54)
 * Train Acc 90.543
 * Val Acc 91.880, Total time 0.95
validation split name: 1
 * Val Acc 91.400, Total time 0.69
validation split name: 2
 * Val Acc 90.520, Total time 0.93
validation split name: 3
 * Val Acc 90.990, Total time 0.95
validation split name: 4
 * Val Acc 91.650, Total time 0.94
validation split name: 5
 * Val Acc 91.700, Total time 0.97
validation split name: 6
 * Val Acc 91.380, Total time 0.94
validation split name: 7
 * Val Acc 91.650, Total time 0.93
validation split name: 8
 * Val Acc 91.880, Total time 0.96
====================== 9 =======================
Epoch:0
LR: 0.01
Itr		Time		  Data		  Loss		Acc
[0/469]	0.1307 (0.1307)	0.1231 (0.1231)	2.287 (2.287)	9.38 (9.38)
[100/469]	0.0043 (0.0114)	0.0009 (0.0080)	0.801 (1.501)	88.28 (66.97)
[200/469]	0.0030 (0.0108)	0.0001 (0.0075)	0.477 (1.090)	90.62 (75.77)
[300/469]	0.0190 (0.0106)	0.0160 (0.0074)	0.506 (0.890)	84.38 (79.49)
[400/469]	0.0127 (0.0105)	0.0098 (0.0074)	0.441 (0.771)	85.16 (81.78)
[468/469]	0.0043 (0.0104)	0.0013 (0.0074)	0.300 (0.715)	90.62 (82.85)
 * Train Acc 82.848
 * Val Acc 90.240, Total time 1.01
Epoch:1
LR: 0.01
Itr		Time		  Data		  Loss		Acc
[0/469]	0.1340 (0.1340)	0.1258 (0.1258)	0.432 (0.432)	88.28 (88.28)
[100/469]	0.0241 (0.0120)	0.0207 (0.0086)	0.414 (0.360)	89.06 (89.98)
[200/469]	0.0040 (0.0111)	0.0008 (0.0077)	0.275 (0.349)	92.19 (90.05)
[300/469]	0.0035 (0.0108)	0.0001 (0.0074)	0.267 (0.339)	90.62 (90.27)
[400/469]	0.0231 (0.0107)	0.0198 (0.0073)	0.366 (0.333)	89.84 (90.44)
[468/469]	0.0032 (0.0106)	0.0001 (0.0073)	0.335 (0.327)	93.75 (90.63)
 * Train Acc 90.627
 * Val Acc 91.770, Total time 0.98
validation split name: 1
 * Val Acc 91.110, Total time 0.70
validation split name: 2
 * Val Acc 90.540, Total time 0.96
validation split name: 3
 * Val Acc 90.740, Total time 0.95
validation split name: 4
 * Val Acc 91.160, Total time 0.94
validation split name: 5
 * Val Acc 91.550, Total time 0.94
validation split name: 6
 * Val Acc 91.480, Total time 0.99
validation split name: 7
 * Val Acc 91.490, Total time 0.93
validation split name: 8
 * Val Acc 91.680, Total time 0.93
validation split name: 9
 * Val Acc 91.770, Total time 0.96
====================== 10 =======================
Epoch:0
LR: 0.01
Itr		Time		  Data		  Loss		Acc
[0/469]	0.1481 (0.1481)	0.1402 (0.1402)	2.369 (2.369)	7.03 (7.03)
[100/469]	0.0034 (0.0119)	0.0001 (0.0085)	0.802 (1.476)	82.81 (66.51)
[200/469]	0.0043 (0.0110)	0.0009 (0.0077)	0.608 (1.078)	84.38 (75.12)
[300/469]	0.0230 (0.0108)	0.0196 (0.0075)	0.503 (0.883)	84.38 (78.99)
[400/469]	0.0034 (0.0106)	0.0001 (0.0073)	0.461 (0.769)	85.94 (81.26)
[468/469]	0.0150 (0.0106)	0.0117 (0.0072)	0.408 (0.711)	87.50 (82.49)
 * Train Acc 82.493
 * Val Acc 90.060, Total time 0.94
Epoch:1
LR: 0.01
Itr		Time		  Data		  Loss		Acc
[0/469]	0.1309 (0.1309)	0.1224 (0.1224)	0.438 (0.438)	89.06 (89.06)
[100/469]	0.0242 (0.0121)	0.0208 (0.0086)	0.295 (0.360)	91.41 (89.51)
[200/469]	0.0034 (0.0112)	0.0002 (0.0078)	0.352 (0.347)	89.84 (89.77)
[300/469]	0.0034 (0.0109)	0.0001 (0.0075)	0.349 (0.340)	90.62 (90.09)
[400/469]	0.0245 (0.0108)	0.0211 (0.0074)	0.384 (0.331)	89.06 (90.30)
[468/469]	0.0032 (0.0107)	0.0001 (0.0074)	0.365 (0.329)	93.75 (90.41)
 * Train Acc 90.407
 * Val Acc 91.820, Total time 0.93
validation split name: 1
 * Val Acc 91.010, Total time 0.69
validation split name: 2
 * Val Acc 90.100, Total time 0.94
validation split name: 3
 * Val Acc 90.620, Total time 0.93
validation split name: 4
 * Val Acc 91.090, Total time 0.98
validation split name: 5
 * Val Acc 90.980, Total time 0.95
validation split name: 6
 * Val Acc 91.270, Total time 0.96
validation split name: 7
 * Val Acc 91.380, Total time 0.96
validation split name: 8
 * Val Acc 91.770, Total time 0.94
validation split name: 9
 * Val Acc 91.860, Total time 0.94
validation split name: 10
 * Val Acc 91.820, Total time 0.93
OrderedDict([('1', OrderedDict([('1', 91.41), ('2', 91.25), ('3', 91.32), ('4', 91.11), ('5', 91.17), ('6', 91.25), ('7', 91.34), ('8', 91.4), ('9', 91.11), ('10', 91.01)])), ('2', OrderedDict([('2', 91.58), ('3', 91.01), ('4', 90.65), ('5', 90.72), ('6', 90.48), ('7', 90.4), ('8', 90.52), ('9', 90.54), ('10', 90.1)])), ('3', OrderedDict([('3', 91.59), ('4', 91.49), ('5', 91.1), ('6', 91.27), ('7', 90.93), ('8', 90.99), ('9', 90.74), ('10', 90.62)])), ('4', OrderedDict([('4', 91.85), ('5', 91.7), ('6', 91.54), ('7', 91.47), ('8', 91.65), ('9', 91.16), ('10', 91.09)])), ('5', OrderedDict([('5', 91.7), ('6', 91.79), ('7', 91.67), ('8', 91.7), ('9', 91.55), ('10', 90.98)])), ('6', OrderedDict([('6', 91.67), ('7', 91.61), ('8', 91.38), ('9', 91.48), ('10', 91.27)])), ('7', OrderedDict([('7', 91.71), ('8', 91.65), ('9', 91.49), ('10', 91.38)])), ('8', OrderedDict([('8', 91.88), ('9', 91.68), ('10', 91.77)])), ('9', OrderedDict([('9', 91.77), ('10', 91.86)])), ('10', OrderedDict([('10', 91.82)]))])
Task 1 average acc: 91.41
Task 2 average acc: 91.41499999999999
Task 3 average acc: 91.30666666666666
Task 4 average acc: 91.275
Task 5 average acc: 91.27799999999999
Task 6 average acc: 91.33333333333333
Task 7 average acc: 91.30428571428571
Task 8 average acc: 91.39625000000001
Task 9 average acc: 91.28
Task 10 average acc: 91.19000000000001
===Summary of experiment repeats: 2 / 5 ===
The regularization coefficient: 0.0
The last avg acc of all repeats: [91.042 91.19   0.     0.     0.   ]
mean: 36.446400000000004 std: 44.637566016081124
MLP(
  (linear): Sequential(
    (0): Linear(in_features=1024, out_features=1000, bias=True)
    (1): ReLU(inplace=True)
    (2): Linear(in_features=1000, out_features=1000, bias=True)
    (3): ReLU(inplace=True)
  )
  (last): ModuleDict(
    (1): Linear(in_features=1000, out_features=10, bias=True)
    (2): Linear(in_features=1000, out_features=10, bias=True)
    (3): Linear(in_features=1000, out_features=10, bias=True)
    (4): Linear(in_features=1000, out_features=10, bias=True)
    (5): Linear(in_features=1000, out_features=10, bias=True)
    (6): Linear(in_features=1000, out_features=10, bias=True)
    (7): Linear(in_features=1000, out_features=10, bias=True)
    (8): Linear(in_features=1000, out_features=10, bias=True)
    (9): Linear(in_features=1000, out_features=10, bias=True)
    (10): Linear(in_features=1000, out_features=10, bias=True)
  )
)
#parameter of model: 2126100
Task order: ['1', '2', '3', '4', '5', '6', '7', '8', '9', '10']
====================== 1 =======================
Epoch:0
LR: 0.01
Itr		Time		  Data		  Loss		Acc
[0/469]	0.1228 (0.1228)	0.1127 (0.1127)	2.296 (2.296)	14.84 (14.84)
[100/469]	0.0026 (0.0084)	0.0001 (0.0057)	1.387 (1.865)	73.44 (60.78)
[200/469]	0.0026 (0.0078)	0.0001 (0.0052)	0.748 (1.412)	80.47 (71.09)
[300/469]	0.0168 (0.0077)	0.0139 (0.0050)	0.539 (1.141)	83.59 (75.87)
[400/469]	0.0027 (0.0076)	0.0002 (0.0049)	0.396 (0.975)	92.19 (78.75)
[468/469]	0.0107 (0.0075)	0.0083 (0.0049)	0.453 (0.893)	85.42 (80.28)
 * Train Acc 80.278
 * Val Acc 89.750, Total time 0.75
Epoch:1
LR: 0.01
Itr		Time		  Data		  Loss		Acc
[0/469]	0.1220 (0.1220)	0.1153 (0.1153)	0.423 (0.423)	86.72 (86.72)
[100/469]	0.0027 (0.0083)	0.0002 (0.0055)	0.273 (0.391)	91.41 (89.15)
[200/469]	0.0033 (0.0078)	0.0007 (0.0050)	0.379 (0.375)	88.28 (89.57)
[300/469]	0.0143 (0.0076)	0.0117 (0.0049)	0.349 (0.362)	91.41 (89.89)
[400/469]	0.0027 (0.0075)	0.0002 (0.0048)	0.287 (0.351)	94.53 (90.18)
[468/469]	0.0095 (0.0074)	0.0071 (0.0048)	0.273 (0.346)	91.67 (90.23)
 * Train Acc 90.228
 * Val Acc 91.730, Total time 0.70
validation split name: 1
 * Val Acc 91.730, Total time 0.69
====================== 2 =======================
Epoch:0
LR: 0.01
Itr		Time		  Data		  Loss		Acc
[0/469]	0.1318 (0.1318)	0.1249 (0.1249)	2.313 (2.313)	4.69 (4.69)
[100/469]	0.0032 (0.0114)	0.0002 (0.0084)	1.192 (1.771)	75.00 (62.00)
[200/469]	0.0030 (0.0108)	0.0001 (0.0078)	0.794 (1.314)	80.47 (72.26)
[300/469]	0.0247 (0.0106)	0.0218 (0.0077)	0.645 (1.062)	84.38 (76.91)
[400/469]	0.0031 (0.0105)	0.0002 (0.0076)	0.534 (0.912)	83.59 (79.65)
[468/469]	0.0169 (0.0105)	0.0140 (0.0076)	0.384 (0.839)	85.42 (81.00)
 * Train Acc 80.998
 * Val Acc 89.690, Total time 0.93
Epoch:1
LR: 0.01
Itr		Time		  Data		  Loss		Acc
[0/469]	0.1321 (0.1321)	0.1223 (0.1223)	0.412 (0.412)	88.28 (88.28)
[100/469]	0.0031 (0.0115)	0.0001 (0.0085)	0.389 (0.373)	90.62 (89.80)
[200/469]	0.0033 (0.0109)	0.0008 (0.0080)	0.368 (0.360)	89.84 (90.00)
[300/469]	0.0230 (0.0107)	0.0203 (0.0079)	0.356 (0.350)	89.06 (90.21)
[400/469]	0.0082 (0.0106)	0.0055 (0.0078)	0.411 (0.346)	88.28 (90.26)
[468/469]	0.0033 (0.0105)	0.0006 (0.0078)	0.217 (0.342)	94.79 (90.32)
 * Train Acc 90.322
 * Val Acc 91.850, Total time 0.92
validation split name: 1
 * Val Acc 91.230, Total time 0.69
validation split name: 2
 * Val Acc 91.850, Total time 0.96
====================== 3 =======================
Epoch:0
LR: 0.01
Itr		Time		  Data		  Loss		Acc
[0/469]	0.1305 (0.1305)	0.1227 (0.1227)	2.309 (2.309)	8.59 (8.59)
[100/469]	0.0031 (0.0114)	0.0001 (0.0084)	1.097 (1.698)	78.91 (65.12)
[200/469]	0.0029 (0.0108)	0.0002 (0.0079)	0.676 (1.257)	83.59 (74.03)
[300/469]	0.0241 (0.0107)	0.0212 (0.0077)	0.484 (1.018)	86.72 (78.38)
[400/469]	0.0029 (0.0105)	0.0002 (0.0076)	0.467 (0.874)	85.94 (80.85)
[468/469]	0.0162 (0.0105)	0.0134 (0.0075)	0.397 (0.806)	88.54 (82.04)
 * Train Acc 82.043
 * Val Acc 89.950, Total time 0.97
Epoch:1
LR: 0.01
Itr		Time		  Data		  Loss		Acc
[0/469]	0.1329 (0.1329)	0.1252 (0.1252)	0.431 (0.431)	87.50 (87.50)
[100/469]	0.0273 (0.0118)	0.0237 (0.0087)	0.396 (0.380)	90.62 (89.45)
[200/469]	0.0027 (0.0110)	0.0001 (0.0082)	0.296 (0.360)	91.41 (89.86)
[300/469]	0.0026 (0.0108)	0.0001 (0.0080)	0.344 (0.352)	88.28 (89.98)
[400/469]	0.0246 (0.0107)	0.0216 (0.0079)	0.315 (0.344)	89.84 (90.24)
[468/469]	0.0030 (0.0106)	0.0001 (0.0078)	0.327 (0.338)	87.50 (90.44)
 * Train Acc 90.438
 * Val Acc 91.520, Total time 1.01
validation split name: 1
 * Val Acc 91.020, Total time 0.69
validation split name: 2
 * Val Acc 91.350, Total time 0.94
validation split name: 3
 * Val Acc 91.520, Total time 0.99
====================== 4 =======================
Epoch:0
LR: 0.01
Itr		Time		  Data		  Loss		Acc
[0/469]	0.1337 (0.1337)	0.1275 (0.1275)	2.324 (2.324)	7.81 (7.81)
[100/469]	0.0244 (0.0119)	0.0215 (0.0092)	1.051 (1.640)	71.88 (65.33)
[200/469]	0.0036 (0.0110)	0.0010 (0.0083)	0.572 (1.207)	83.59 (74.17)
[300/469]	0.0027 (0.0107)	0.0001 (0.0080)	0.573 (0.980)	82.81 (78.47)
[400/469]	0.0244 (0.0106)	0.0218 (0.0080)	0.395 (0.843)	85.16 (81.02)
[468/469]	0.0026 (0.0105)	0.0001 (0.0079)	0.391 (0.779)	88.54 (82.11)
 * Train Acc 82.110
 * Val Acc 89.690, Total time 0.93
Epoch:1
LR: 0.01
Itr		Time		  Data		  Loss		Acc
[0/469]	0.1296 (0.1296)	0.1222 (0.1222)	0.351 (0.351)	88.28 (88.28)
[100/469]	0.0253 (0.0117)	0.0226 (0.0090)	0.278 (0.367)	91.41 (89.62)
[200/469]	0.0051 (0.0109)	0.0023 (0.0083)	0.450 (0.351)	85.94 (89.97)
[300/469]	0.0028 (0.0107)	0.0001 (0.0080)	0.300 (0.350)	92.97 (90.03)
[400/469]	0.0047 (0.0106)	0.0019 (0.0079)	0.273 (0.343)	92.97 (90.18)
[468/469]	0.0030 (0.0106)	0.0001 (0.0078)	0.562 (0.338)	84.38 (90.31)
 * Train Acc 90.315
 * Val Acc 91.570, Total time 0.93
validation split name: 1
 * Val Acc 90.550, Total time 0.72
validation split name: 2
 * Val Acc 91.210, Total time 0.99
validation split name: 3
 * Val Acc 91.520, Total time 0.95
validation split name: 4
 * Val Acc 91.570, Total time 0.99
====================== 5 =======================
Epoch:0
LR: 0.01
Itr		Time		  Data		  Loss		Acc
[0/469]	0.1293 (0.1293)	0.1221 (0.1221)	2.327 (2.327)	13.28 (13.28)
[100/469]	0.0228 (0.0115)	0.0199 (0.0084)	1.097 (1.605)	71.88 (65.06)
[200/469]	0.0031 (0.0110)	0.0001 (0.0079)	0.498 (1.182)	83.59 (74.02)
[300/469]	0.0031 (0.0108)	0.0001 (0.0077)	0.467 (0.961)	85.16 (78.28)
[400/469]	0.0253 (0.0107)	0.0222 (0.0076)	0.312 (0.832)	91.41 (80.68)
[468/469]	0.0031 (0.0106)	0.0001 (0.0075)	0.474 (0.768)	88.54 (81.94)
 * Train Acc 81.940
 * Val Acc 89.520, Total time 1.00
Epoch:1
LR: 0.01
Itr		Time		  Data		  Loss		Acc
[0/469]	0.1289 (0.1289)	0.1217 (0.1217)	0.399 (0.399)	88.28 (88.28)
[100/469]	0.0029 (0.0114)	0.0001 (0.0082)	0.283 (0.362)	93.75 (90.02)
[200/469]	0.0031 (0.0108)	0.0001 (0.0077)	0.317 (0.360)	92.19 (89.89)
[300/469]	0.0245 (0.0107)	0.0215 (0.0076)	0.318 (0.352)	90.62 (90.01)
[400/469]	0.0032 (0.0106)	0.0001 (0.0075)	0.308 (0.343)	90.62 (90.23)
[468/469]	0.0167 (0.0105)	0.0136 (0.0074)	0.388 (0.338)	88.54 (90.33)
 * Train Acc 90.332
 * Val Acc 91.630, Total time 0.93
validation split name: 1
 * Val Acc 90.130, Total time 0.70
validation split name: 2
 * Val Acc 91.060, Total time 0.94
validation split name: 3
 * Val Acc 91.310, Total time 0.94
validation split name: 4
 * Val Acc 91.570, Total time 0.94
validation split name: 5
 * Val Acc 91.630, Total time 0.94
====================== 6 =======================
Epoch:0
LR: 0.01
Itr		Time		  Data		  Loss		Acc
[0/469]	0.1381 (0.1381)	0.1310 (0.1310)	2.282 (2.282)	10.94 (10.94)
[100/469]	0.0028 (0.0117)	0.0001 (0.0089)	0.890 (1.576)	85.94 (63.97)
[200/469]	0.0036 (0.0110)	0.0009 (0.0082)	0.700 (1.154)	81.25 (73.79)
[300/469]	0.0201 (0.0108)	0.0174 (0.0080)	0.424 (0.941)	88.28 (78.13)
[400/469]	0.0028 (0.0106)	0.0001 (0.0079)	0.443 (0.815)	89.06 (80.52)
[468/469]	0.0031 (0.0106)	0.0005 (0.0078)	0.463 (0.753)	83.33 (81.83)
 * Train Acc 81.825
 * Val Acc 89.750, Total time 0.94
Epoch:1
LR: 0.01
Itr		Time		  Data		  Loss		Acc
[0/469]	0.1447 (0.1447)	0.1378 (0.1378)	0.237 (0.237)	94.53 (94.53)
[100/469]	0.0149 (0.0119)	0.0117 (0.0087)	0.315 (0.372)	89.06 (89.27)
[200/469]	0.0029 (0.0111)	0.0001 (0.0081)	0.379 (0.360)	86.72 (89.64)
[300/469]	0.0029 (0.0108)	0.0001 (0.0079)	0.421 (0.351)	89.84 (89.92)
[400/469]	0.0251 (0.0107)	0.0223 (0.0078)	0.335 (0.340)	86.72 (90.22)
[468/469]	0.0027 (0.0106)	0.0001 (0.0078)	0.228 (0.334)	94.79 (90.39)
 * Train Acc 90.388
 * Val Acc 91.940, Total time 0.93
validation split name: 1
 * Val Acc 89.960, Total time 0.69
validation split name: 2
 * Val Acc 90.510, Total time 0.95
validation split name: 3
 * Val Acc 90.830, Total time 0.94
validation split name: 4
 * Val Acc 91.630, Total time 0.94
validation split name: 5
 * Val Acc 91.570, Total time 0.94
validation split name: 6
 * Val Acc 91.940, Total time 0.96
====================== 7 =======================
Epoch:0
LR: 0.01
Itr		Time		  Data		  Loss		Acc
[0/469]	0.1431 (0.1431)	0.1354 (0.1354)	2.340 (2.340)	14.06 (14.06)
[100/469]	0.0034 (0.0119)	0.0002 (0.0087)	0.917 (1.587)	81.25 (65.05)
[200/469]	0.0030 (0.0110)	0.0001 (0.0078)	0.632 (1.159)	84.38 (74.22)
[300/469]	0.0244 (0.0108)	0.0212 (0.0076)	0.566 (0.945)	82.03 (78.33)
[400/469]	0.0034 (0.0106)	0.0001 (0.0074)	0.411 (0.816)	85.94 (80.84)
[468/469]	0.0166 (0.0106)	0.0133 (0.0074)	0.423 (0.755)	88.54 (81.97)
 * Train Acc 81.965
 * Val Acc 90.040, Total time 0.99
Epoch:1
LR: 0.01
Itr		Time		  Data		  Loss		Acc
[0/469]	0.1326 (0.1326)	0.1259 (0.1259)	0.292 (0.292)	92.19 (92.19)
[100/469]	0.0030 (0.0114)	0.0001 (0.0085)	0.458 (0.372)	83.59 (89.39)
[200/469]	0.0029 (0.0108)	0.0001 (0.0079)	0.283 (0.359)	92.97 (89.82)
[300/469]	0.0247 (0.0106)	0.0219 (0.0078)	0.238 (0.348)	92.97 (90.02)
[400/469]	0.0029 (0.0105)	0.0001 (0.0076)	0.184 (0.338)	94.53 (90.29)
[468/469]	0.0166 (0.0105)	0.0135 (0.0076)	0.446 (0.334)	85.42 (90.37)
 * Train Acc 90.373
 * Val Acc 92.010, Total time 0.95
validation split name: 1
 * Val Acc 89.330, Total time 0.69
validation split name: 2
 * Val Acc 90.200, Total time 0.95
validation split name: 3
 * Val Acc 90.880, Total time 0.95
validation split name: 4
 * Val Acc 91.430, Total time 0.95
validation split name: 5
 * Val Acc 91.320, Total time 0.95
validation split name: 6
 * Val Acc 91.710, Total time 0.95
validation split name: 7
 * Val Acc 92.010, Total time 0.95
====================== 8 =======================
Epoch:0
LR: 0.01
Itr		Time		  Data		  Loss		Acc
[0/469]	0.1435 (0.1435)	0.1357 (0.1357)	2.344 (2.344)	8.59 (8.59)
[100/469]	0.0031 (0.0120)	0.0002 (0.0086)	0.910 (1.512)	75.78 (65.86)
[200/469]	0.0092 (0.0111)	0.0060 (0.0078)	0.627 (1.099)	78.91 (75.05)
[300/469]	0.0126 (0.0109)	0.0091 (0.0075)	0.449 (0.898)	90.62 (79.03)
[400/469]	0.0035 (0.0107)	0.0001 (0.0074)	0.352 (0.781)	92.19 (81.31)
[468/469]	0.0032 (0.0107)	0.0001 (0.0074)	0.345 (0.726)	90.62 (82.32)
 * Train Acc 82.323
 * Val Acc 89.590, Total time 0.98
Epoch:1
LR: 0.01
Itr		Time		  Data		  Loss		Acc
[0/469]	0.1285 (0.1285)	0.1208 (0.1208)	0.339 (0.339)	90.62 (90.62)
[100/469]	0.0034 (0.0115)	0.0001 (0.0083)	0.414 (0.355)	88.28 (89.82)
[200/469]	0.0038 (0.0110)	0.0004 (0.0077)	0.260 (0.350)	93.75 (89.90)
[300/469]	0.0226 (0.0108)	0.0197 (0.0076)	0.221 (0.341)	92.19 (90.06)
[400/469]	0.0042 (0.0107)	0.0009 (0.0075)	0.415 (0.336)	85.94 (90.28)
[468/469]	0.0153 (0.0106)	0.0121 (0.0074)	0.263 (0.333)	93.75 (90.39)
 * Train Acc 90.392
 * Val Acc 91.740, Total time 0.95
validation split name: 1
 * Val Acc 89.400, Total time 0.70
validation split name: 2
 * Val Acc 89.810, Total time 0.94
validation split name: 3
 * Val Acc 90.710, Total time 0.98
validation split name: 4
 * Val Acc 91.350, Total time 0.95
validation split name: 5
 * Val Acc 91.310, Total time 0.94
validation split name: 6
 * Val Acc 91.650, Total time 0.97
validation split name: 7
 * Val Acc 91.830, Total time 0.93
validation split name: 8
 * Val Acc 91.740, Total time 0.95
====================== 9 =======================
Epoch:0
LR: 0.01
Itr		Time		  Data		  Loss		Acc
[0/469]	0.1353 (0.1353)	0.1279 (0.1279)	2.315 (2.315)	16.41 (16.41)
[100/469]	0.0241 (0.0123)	0.0208 (0.0087)	0.862 (1.529)	84.38 (64.68)
[200/469]	0.0043 (0.0114)	0.0009 (0.0079)	0.635 (1.120)	85.16 (74.21)
[300/469]	0.0035 (0.0111)	0.0001 (0.0076)	0.490 (0.915)	82.81 (78.50)
[400/469]	0.0105 (0.0110)	0.0072 (0.0075)	0.525 (0.795)	82.81 (80.84)
[468/469]	0.0030 (0.0109)	0.0001 (0.0075)	0.310 (0.737)	90.62 (82.02)
 * Train Acc 82.022
 * Val Acc 90.050, Total time 0.96
Epoch:1
LR: 0.01
Itr		Time		  Data		  Loss		Acc
[0/469]	0.1346 (0.1346)	0.1260 (0.1260)	0.326 (0.326)	90.62 (90.62)
[100/469]	0.0075 (0.0115)	0.0040 (0.0080)	0.305 (0.363)	91.41 (89.36)
[200/469]	0.0035 (0.0109)	0.0002 (0.0074)	0.383 (0.357)	90.62 (89.68)
[300/469]	0.0185 (0.0107)	0.0150 (0.0072)	0.309 (0.346)	93.75 (90.03)
[400/469]	0.0133 (0.0106)	0.0099 (0.0072)	0.314 (0.339)	87.50 (90.21)
[468/469]	0.0054 (0.0105)	0.0020 (0.0071)	0.324 (0.333)	89.58 (90.40)
 * Train Acc 90.397
 * Val Acc 91.970, Total time 0.94
validation split name: 1
 * Val Acc 89.300, Total time 0.72
validation split name: 2
 * Val Acc 89.440, Total time 0.94
validation split name: 3
 * Val Acc 90.590, Total time 0.95
validation split name: 4
 * Val Acc 91.400, Total time 0.96
validation split name: 5
 * Val Acc 91.040, Total time 0.94
validation split name: 6
 * Val Acc 91.550, Total time 0.94
validation split name: 7
 * Val Acc 91.590, Total time 0.98
validation split name: 8
 * Val Acc 91.690, Total time 1.01
validation split name: 9
 * Val Acc 91.970, Total time 0.99
====================== 10 =======================
Epoch:0
LR: 0.01
Itr		Time		  Data		  Loss		Acc
[0/469]	0.1341 (0.1341)	0.1267 (0.1267)	2.358 (2.358)	9.38 (9.38)
[100/469]	0.0034 (0.0114)	0.0001 (0.0080)	0.850 (1.501)	79.69 (67.19)
[200/469]	0.0035 (0.0109)	0.0001 (0.0075)	0.535 (1.091)	85.94 (75.96)
[300/469]	0.0235 (0.0108)	0.0200 (0.0074)	0.449 (0.893)	87.50 (79.65)
[400/469]	0.0038 (0.0106)	0.0004 (0.0073)	0.497 (0.776)	85.16 (81.89)
[468/469]	0.0161 (0.0106)	0.0128 (0.0072)	0.466 (0.720)	86.46 (82.91)
 * Train Acc 82.907
 * Val Acc 89.960, Total time 0.93
Epoch:1
LR: 0.01
Itr		Time		  Data		  Loss		Acc
[0/469]	0.1398 (0.1398)	0.1322 (0.1322)	0.260 (0.260)	92.97 (92.97)
[100/469]	0.0031 (0.0115)	0.0001 (0.0085)	0.286 (0.361)	89.84 (89.82)
[200/469]	0.0031 (0.0109)	0.0001 (0.0079)	0.355 (0.355)	86.72 (89.85)
[300/469]	0.0242 (0.0107)	0.0212 (0.0077)	0.409 (0.345)	88.28 (90.06)
[400/469]	0.0030 (0.0105)	0.0001 (0.0076)	0.295 (0.336)	89.06 (90.30)
[468/469]	0.0171 (0.0105)	0.0143 (0.0075)	0.188 (0.330)	95.83 (90.50)
 * Train Acc 90.503
 * Val Acc 91.710, Total time 0.95
validation split name: 1
 * Val Acc 89.580, Total time 0.75
validation split name: 2
 * Val Acc 89.140, Total time 0.95
validation split name: 3
 * Val Acc 90.660, Total time 1.07
validation split name: 4
 * Val Acc 91.480, Total time 0.95
validation split name: 5
 * Val Acc 91.050, Total time 0.96
validation split name: 6
 * Val Acc 91.410, Total time 0.95
validation split name: 7
 * Val Acc 91.640, Total time 0.95
validation split name: 8
 * Val Acc 91.710, Total time 0.96
validation split name: 9
 * Val Acc 91.780, Total time 0.93
validation split name: 10
 * Val Acc 91.710, Total time 0.99
OrderedDict([('1', OrderedDict([('1', 91.73), ('2', 91.23), ('3', 91.02), ('4', 90.55), ('5', 90.13), ('6', 89.96), ('7', 89.33), ('8', 89.4), ('9', 89.3), ('10', 89.58)])), ('2', OrderedDict([('2', 91.85), ('3', 91.35), ('4', 91.21), ('5', 91.06), ('6', 90.51), ('7', 90.2), ('8', 89.81), ('9', 89.44), ('10', 89.14)])), ('3', OrderedDict([('3', 91.52), ('4', 91.52), ('5', 91.31), ('6', 90.83), ('7', 90.88), ('8', 90.71), ('9', 90.59), ('10', 90.66)])), ('4', OrderedDict([('4', 91.57), ('5', 91.57), ('6', 91.63), ('7', 91.43), ('8', 91.35), ('9', 91.4), ('10', 91.48)])), ('5', OrderedDict([('5', 91.63), ('6', 91.57), ('7', 91.32), ('8', 91.31), ('9', 91.04), ('10', 91.05)])), ('6', OrderedDict([('6', 91.94), ('7', 91.71), ('8', 91.65), ('9', 91.55), ('10', 91.41)])), ('7', OrderedDict([('7', 92.01), ('8', 91.83), ('9', 91.59), ('10', 91.64)])), ('8', OrderedDict([('8', 91.74), ('9', 91.69), ('10', 91.71)])), ('9', OrderedDict([('9', 91.97), ('10', 91.78)])), ('10', OrderedDict([('10', 91.71)]))])
Task 1 average acc: 91.73
Task 2 average acc: 91.53999999999999
Task 3 average acc: 91.29666666666667
Task 4 average acc: 91.21249999999999
Task 5 average acc: 91.14
Task 6 average acc: 91.07333333333334
Task 7 average acc: 90.98285714285714
Task 8 average acc: 90.97500000000001
Task 9 average acc: 90.95222222222225
Task 10 average acc: 91.016
===Summary of experiment repeats: 3 / 5 ===
The regularization coefficient: 0.0
The last avg acc of all repeats: [91.042 91.19  91.016  0.     0.   ]
mean: 54.64960000000001 std: 44.62125103400845
MLP(
  (linear): Sequential(
    (0): Linear(in_features=1024, out_features=1000, bias=True)
    (1): ReLU(inplace=True)
    (2): Linear(in_features=1000, out_features=1000, bias=True)
    (3): ReLU(inplace=True)
  )
  (last): ModuleDict(
    (1): Linear(in_features=1000, out_features=10, bias=True)
    (2): Linear(in_features=1000, out_features=10, bias=True)
    (3): Linear(in_features=1000, out_features=10, bias=True)
    (4): Linear(in_features=1000, out_features=10, bias=True)
    (5): Linear(in_features=1000, out_features=10, bias=True)
    (6): Linear(in_features=1000, out_features=10, bias=True)
    (7): Linear(in_features=1000, out_features=10, bias=True)
    (8): Linear(in_features=1000, out_features=10, bias=True)
    (9): Linear(in_features=1000, out_features=10, bias=True)
    (10): Linear(in_features=1000, out_features=10, bias=True)
  )
)
#parameter of model: 2126100
Task order: ['1', '2', '3', '4', '5', '6', '7', '8', '9', '10']
====================== 1 =======================
Epoch:0
LR: 0.01
Itr		Time		  Data		  Loss		Acc
[0/469]	0.1315 (0.1315)	0.1219 (0.1219)	2.299 (2.299)	10.16 (10.16)
[100/469]	0.0026 (0.0089)	0.0002 (0.0063)	1.416 (1.889)	82.03 (62.87)
[200/469]	0.0084 (0.0080)	0.0058 (0.0055)	0.644 (1.435)	85.16 (72.16)
[300/469]	0.0078 (0.0077)	0.0052 (0.0052)	0.500 (1.161)	87.50 (76.62)
[400/469]	0.0026 (0.0076)	0.0001 (0.0050)	0.425 (0.991)	88.28 (79.39)
[468/469]	0.0024 (0.0075)	0.0001 (0.0050)	0.430 (0.909)	90.62 (80.76)
 * Train Acc 80.758
 * Val Acc 89.380, Total time 0.70
Epoch:1
LR: 0.01
Itr		Time		  Data		  Loss		Acc
[0/469]	0.1190 (0.1190)	0.1118 (0.1118)	0.344 (0.344)	90.62 (90.62)
[100/469]	0.0138 (0.0086)	0.0113 (0.0058)	0.266 (0.392)	90.62 (89.27)
[200/469]	0.0076 (0.0079)	0.0048 (0.0051)	0.350 (0.381)	92.19 (89.39)
[300/469]	0.0169 (0.0077)	0.0143 (0.0050)	0.241 (0.368)	94.53 (89.69)
[400/469]	0.0116 (0.0076)	0.0091 (0.0049)	0.421 (0.357)	89.06 (89.98)
[468/469]	0.0032 (0.0075)	0.0007 (0.0048)	0.258 (0.349)	92.71 (90.16)
 * Train Acc 90.157
 * Val Acc 91.590, Total time 0.78
validation split name: 1
 * Val Acc 91.590, Total time 0.69
====================== 2 =======================
Epoch:0
LR: 0.01
Itr		Time		  Data		  Loss		Acc
[0/469]	0.1320 (0.1320)	0.1243 (0.1243)	2.314 (2.314)	11.72 (11.72)
[100/469]	0.0256 (0.0119)	0.0216 (0.0087)	1.270 (1.800)	78.12 (62.19)
[200/469]	0.0031 (0.0113)	0.0002 (0.0082)	0.706 (1.340)	83.59 (72.56)
[300/469]	0.0046 (0.0110)	0.0015 (0.0079)	0.429 (1.083)	92.19 (77.25)
[400/469]	0.0170 (0.0109)	0.0143 (0.0079)	0.617 (0.929)	82.03 (79.90)
[468/469]	0.0034 (0.0108)	0.0007 (0.0078)	0.367 (0.855)	92.71 (81.13)
 * Train Acc 81.128
 * Val Acc 89.820, Total time 0.94
Epoch:1
LR: 0.01
Itr		Time		  Data		  Loss		Acc
[0/469]	0.1454 (0.1454)	0.1387 (0.1387)	0.361 (0.361)	86.72 (86.72)
[100/469]	0.0030 (0.0121)	0.0005 (0.0092)	0.375 (0.383)	87.50 (89.37)
[200/469]	0.0036 (0.0112)	0.0007 (0.0083)	0.312 (0.374)	89.06 (89.49)
[300/469]	0.0241 (0.0109)	0.0212 (0.0081)	0.232 (0.360)	92.97 (89.88)
[400/469]	0.0030 (0.0107)	0.0001 (0.0079)	0.355 (0.351)	92.19 (90.12)
[468/469]	0.0170 (0.0107)	0.0143 (0.0078)	0.331 (0.345)	90.62 (90.20)
 * Train Acc 90.203
 * Val Acc 91.480, Total time 1.00
validation split name: 1
 * Val Acc 91.140, Total time 0.72
validation split name: 2
 * Val Acc 91.480, Total time 0.93
====================== 3 =======================
Epoch:0
LR: 0.01
Itr		Time		  Data		  Loss		Acc
[0/469]	0.1334 (0.1334)	0.1266 (0.1266)	2.284 (2.284)	14.84 (14.84)
[100/469]	0.0250 (0.0121)	0.0217 (0.0091)	1.169 (1.690)	74.22 (63.47)
[200/469]	0.0035 (0.0112)	0.0008 (0.0082)	0.797 (1.253)	80.47 (73.10)
[300/469]	0.0031 (0.0109)	0.0001 (0.0080)	0.568 (1.013)	85.16 (77.70)
[400/469]	0.0174 (0.0108)	0.0146 (0.0078)	0.485 (0.868)	87.50 (80.40)
[468/469]	0.0027 (0.0107)	0.0001 (0.0077)	0.306 (0.800)	94.79 (81.60)
 * Train Acc 81.602
 * Val Acc 89.610, Total time 0.95
Epoch:1
LR: 0.01
Itr		Time		  Data		  Loss		Acc
[0/469]	0.1319 (0.1319)	0.1254 (0.1254)	0.380 (0.380)	88.28 (88.28)
[100/469]	0.0036 (0.0114)	0.0010 (0.0086)	0.325 (0.378)	88.28 (89.22)
[200/469]	0.0027 (0.0109)	0.0001 (0.0082)	0.415 (0.360)	88.28 (89.87)
[300/469]	0.0251 (0.0107)	0.0225 (0.0080)	0.262 (0.348)	92.19 (90.12)
[400/469]	0.0027 (0.0106)	0.0001 (0.0079)	0.287 (0.340)	91.41 (90.25)
[468/469]	0.0177 (0.0105)	0.0153 (0.0079)	0.352 (0.336)	87.50 (90.36)
 * Train Acc 90.358
 * Val Acc 91.610, Total time 0.94
validation split name: 1
 * Val Acc 90.680, Total time 0.72
validation split name: 2
 * Val Acc 91.200, Total time 0.94
validation split name: 3
 * Val Acc 91.610, Total time 0.93
====================== 4 =======================
Epoch:0
LR: 0.01
Itr		Time		  Data		  Loss		Acc
[0/469]	0.1463 (0.1463)	0.1393 (0.1393)	2.361 (2.361)	11.72 (11.72)
[100/469]	0.0030 (0.0120)	0.0002 (0.0090)	1.110 (1.652)	77.34 (63.43)
[200/469]	0.0041 (0.0111)	0.0010 (0.0081)	0.690 (1.216)	79.69 (73.28)
[300/469]	0.0245 (0.0109)	0.0213 (0.0078)	0.561 (0.988)	85.94 (77.77)
[400/469]	0.0029 (0.0107)	0.0002 (0.0077)	0.311 (0.849)	92.19 (80.49)
[468/469]	0.0166 (0.0106)	0.0135 (0.0076)	0.357 (0.784)	88.54 (81.75)
 * Train Acc 81.745
 * Val Acc 89.710, Total time 0.98
Epoch:1
LR: 0.01
Itr		Time		  Data		  Loss		Acc
[0/469]	0.1461 (0.1461)	0.1388 (0.1388)	0.297 (0.297)	92.97 (92.97)
[100/469]	0.0038 (0.0120)	0.0008 (0.0090)	0.277 (0.360)	93.75 (89.63)
[200/469]	0.0028 (0.0112)	0.0001 (0.0082)	0.346 (0.354)	88.28 (89.75)
[300/469]	0.0040 (0.0109)	0.0009 (0.0079)	0.229 (0.347)	94.53 (90.00)
[400/469]	0.0238 (0.0108)	0.0206 (0.0078)	0.259 (0.342)	94.53 (90.14)
[468/469]	0.0031 (0.0107)	0.0001 (0.0077)	0.223 (0.336)	93.75 (90.35)
 * Train Acc 90.352
 * Val Acc 91.620, Total time 0.94
validation split name: 1
 * Val Acc 90.380, Total time 0.75
validation split name: 2
 * Val Acc 91.180, Total time 0.95
validation split name: 3
 * Val Acc 91.200, Total time 0.96
validation split name: 4
 * Val Acc 91.620, Total time 0.94
====================== 5 =======================
Epoch:0
LR: 0.01
Itr		Time		  Data		  Loss		Acc
[0/469]	0.1298 (0.1298)	0.1230 (0.1230)	2.321 (2.321)	6.25 (6.25)
[100/469]	0.0032 (0.0115)	0.0001 (0.0084)	0.935 (1.580)	79.69 (64.33)
[200/469]	0.0248 (0.0110)	0.0218 (0.0079)	0.435 (1.163)	93.75 (73.93)
[300/469]	0.0031 (0.0108)	0.0001 (0.0077)	0.442 (0.948)	85.16 (78.14)
[400/469]	0.0032 (0.0107)	0.0001 (0.0076)	0.381 (0.820)	90.62 (80.64)
[468/469]	0.0029 (0.0107)	0.0001 (0.0076)	0.498 (0.760)	85.42 (81.83)
 * Train Acc 81.825
 * Val Acc 89.510, Total time 0.94
Epoch:1
LR: 0.01
Itr		Time		  Data		  Loss		Acc
[0/469]	0.1398 (0.1398)	0.1329 (0.1329)	0.293 (0.293)	92.19 (92.19)
[100/469]	0.0029 (0.0119)	0.0001 (0.0088)	0.310 (0.367)	92.19 (89.77)
[200/469]	0.0074 (0.0110)	0.0042 (0.0080)	0.305 (0.360)	91.41 (89.77)
[300/469]	0.0199 (0.0108)	0.0166 (0.0077)	0.387 (0.349)	91.41 (90.11)
[400/469]	0.0035 (0.0106)	0.0004 (0.0076)	0.277 (0.339)	90.62 (90.30)
[468/469]	0.0038 (0.0106)	0.0007 (0.0075)	0.284 (0.334)	90.62 (90.39)
 * Train Acc 90.393
 * Val Acc 91.860, Total time 0.94
validation split name: 1
 * Val Acc 90.090, Total time 0.73
validation split name: 2
 * Val Acc 90.730, Total time 1.01
validation split name: 3
 * Val Acc 90.930, Total time 0.98
validation split name: 4
 * Val Acc 91.570, Total time 0.98
validation split name: 5
 * Val Acc 91.860, Total time 0.95
====================== 6 =======================
Epoch:0
LR: 0.01
Itr		Time		  Data		  Loss		Acc
[0/469]	0.1260 (0.1260)	0.1196 (0.1196)	2.297 (2.297)	13.28 (13.28)
[100/469]	0.0043 (0.0113)	0.0011 (0.0082)	0.865 (1.549)	82.03 (67.14)
[200/469]	0.0040 (0.0107)	0.0008 (0.0076)	0.505 (1.133)	90.62 (75.41)
[300/469]	0.0221 (0.0106)	0.0190 (0.0075)	0.367 (0.929)	95.31 (79.20)
[400/469]	0.0033 (0.0105)	0.0002 (0.0074)	0.447 (0.802)	85.94 (81.54)
[468/469]	0.0150 (0.0104)	0.0120 (0.0074)	0.441 (0.743)	86.46 (82.63)
 * Train Acc 82.628
 * Val Acc 90.090, Total time 1.02
Epoch:1
LR: 0.01
Itr		Time		  Data		  Loss		Acc
[0/469]	0.1295 (0.1295)	0.1210 (0.1210)	0.346 (0.346)	90.62 (90.62)
[100/469]	0.0032 (0.0116)	0.0002 (0.0082)	0.368 (0.368)	90.62 (89.98)
[200/469]	0.0032 (0.0110)	0.0001 (0.0077)	0.287 (0.355)	90.62 (90.10)
[300/469]	0.0247 (0.0108)	0.0215 (0.0076)	0.210 (0.345)	93.75 (90.16)
[400/469]	0.0032 (0.0106)	0.0001 (0.0074)	0.358 (0.339)	90.62 (90.39)
[468/469]	0.0166 (0.0106)	0.0133 (0.0074)	0.323 (0.334)	88.54 (90.44)
 * Train Acc 90.443
 * Val Acc 91.330, Total time 0.95
validation split name: 1
 * Val Acc 89.960, Total time 0.75
validation split name: 2
 * Val Acc 90.640, Total time 0.94
validation split name: 3
 * Val Acc 90.530, Total time 0.96
validation split name: 4
 * Val Acc 91.590, Total time 1.01
validation split name: 5
 * Val Acc 91.680, Total time 1.03
validation split name: 6
 * Val Acc 91.330, Total time 0.95
====================== 7 =======================
Epoch:0
LR: 0.01
Itr		Time		  Data		  Loss		Acc
[0/469]	0.1303 (0.1303)	0.1233 (0.1233)	2.277 (2.277)	15.62 (15.62)
[100/469]	0.0068 (0.0115)	0.0039 (0.0083)	0.907 (1.478)	84.38 (67.06)
[200/469]	0.0030 (0.0110)	0.0001 (0.0078)	0.603 (1.088)	83.59 (75.26)
[300/469]	0.0169 (0.0108)	0.0137 (0.0076)	0.459 (0.897)	88.28 (79.02)
[400/469]	0.0029 (0.0107)	0.0001 (0.0076)	0.400 (0.779)	86.72 (81.36)
[468/469]	0.0173 (0.0107)	0.0145 (0.0076)	0.351 (0.721)	90.62 (82.53)
 * Train Acc 82.530
 * Val Acc 89.790, Total time 0.94
Epoch:1
LR: 0.01
Itr		Time		  Data		  Loss		Acc
[0/469]	0.1434 (0.1434)	0.1357 (0.1357)	0.359 (0.359)	92.97 (92.97)
[100/469]	0.0034 (0.0117)	0.0001 (0.0084)	0.369 (0.361)	90.62 (89.78)
[200/469]	0.0035 (0.0111)	0.0001 (0.0078)	0.354 (0.353)	91.41 (89.91)
[300/469]	0.0250 (0.0109)	0.0215 (0.0076)	0.411 (0.343)	88.28 (90.11)
[400/469]	0.0035 (0.0108)	0.0002 (0.0074)	0.274 (0.338)	90.62 (90.26)
[468/469]	0.0162 (0.0107)	0.0130 (0.0074)	0.443 (0.331)	84.38 (90.46)
 * Train Acc 90.460
 * Val Acc 91.640, Total time 0.94
validation split name: 1
 * Val Acc 89.680, Total time 0.69
validation split name: 2
 * Val Acc 90.350, Total time 0.95
validation split name: 3
 * Val Acc 90.100, Total time 0.96
validation split name: 4
 * Val Acc 91.550, Total time 0.96
validation split name: 5
 * Val Acc 91.480, Total time 1.00
validation split name: 6
 * Val Acc 90.930, Total time 1.01
validation split name: 7
 * Val Acc 91.640, Total time 0.94
====================== 8 =======================
Epoch:0
LR: 0.01
Itr		Time		  Data		  Loss		Acc
[0/469]	0.1280 (0.1280)	0.1205 (0.1205)	2.299 (2.299)	18.75 (18.75)
[100/469]	0.0038 (0.0114)	0.0010 (0.0085)	0.960 (1.494)	74.22 (65.70)
[200/469]	0.0030 (0.0108)	0.0001 (0.0080)	0.615 (1.095)	83.59 (74.77)
[300/469]	0.0228 (0.0107)	0.0200 (0.0078)	0.375 (0.893)	91.41 (78.90)
[400/469]	0.0086 (0.0106)	0.0057 (0.0077)	0.458 (0.777)	88.28 (81.27)
[468/469]	0.0101 (0.0106)	0.0072 (0.0077)	0.320 (0.721)	89.58 (82.37)
 * Train Acc 82.367
 * Val Acc 89.890, Total time 1.00
Epoch:1
LR: 0.01
Itr		Time		  Data		  Loss		Acc
[0/469]	0.1293 (0.1293)	0.1220 (0.1220)	0.353 (0.353)	90.62 (90.62)
[100/469]	0.0034 (0.0117)	0.0002 (0.0083)	0.376 (0.366)	88.28 (89.34)
[200/469]	0.0035 (0.0110)	0.0002 (0.0077)	0.446 (0.350)	83.59 (89.83)
[300/469]	0.0245 (0.0108)	0.0211 (0.0075)	0.326 (0.343)	88.28 (89.98)
[400/469]	0.0035 (0.0107)	0.0002 (0.0074)	0.309 (0.333)	91.41 (90.31)
[468/469]	0.0165 (0.0106)	0.0132 (0.0073)	0.283 (0.329)	94.79 (90.42)
 * Train Acc 90.418
 * Val Acc 91.520, Total time 0.95
validation split name: 1
 * Val Acc 89.150, Total time 0.74
validation split name: 2
 * Val Acc 90.240, Total time 0.96
validation split name: 3
 * Val Acc 89.440, Total time 0.94
validation split name: 4
 * Val Acc 91.580, Total time 0.94
validation split name: 5
 * Val Acc 91.390, Total time 1.01
validation split name: 6
 * Val Acc 90.860, Total time 0.95
validation split name: 7
 * Val Acc 91.590, Total time 0.97
validation split name: 8
 * Val Acc 91.520, Total time 0.96
====================== 9 =======================
Epoch:0
LR: 0.01
Itr		Time		  Data		  Loss		Acc
[0/469]	0.1330 (0.1330)	0.1259 (0.1259)	2.331 (2.331)	6.25 (6.25)
[100/469]	0.0231 (0.0118)	0.0197 (0.0082)	0.853 (1.513)	84.38 (67.54)
[200/469]	0.0035 (0.0111)	0.0001 (0.0076)	0.610 (1.099)	83.59 (75.77)
[300/469]	0.0042 (0.0108)	0.0010 (0.0074)	0.478 (0.899)	88.28 (79.43)
[400/469]	0.0233 (0.0108)	0.0199 (0.0074)	0.495 (0.778)	84.38 (81.78)
[468/469]	0.0034 (0.0107)	0.0001 (0.0073)	0.452 (0.722)	89.58 (82.85)
 * Train Acc 82.848
 * Val Acc 89.770, Total time 0.94
Epoch:1
LR: 0.01
Itr		Time		  Data		  Loss		Acc
[0/469]	0.1349 (0.1349)	0.1281 (0.1281)	0.340 (0.340)	91.41 (91.41)
[100/469]	0.0230 (0.0116)	0.0196 (0.0082)	0.290 (0.356)	89.84 (89.76)
[200/469]	0.0034 (0.0109)	0.0002 (0.0076)	0.317 (0.351)	92.19 (89.92)
[300/469]	0.0041 (0.0107)	0.0008 (0.0074)	0.290 (0.341)	91.41 (90.13)
[400/469]	0.0231 (0.0106)	0.0199 (0.0073)	0.288 (0.333)	93.75 (90.40)
[468/469]	0.0034 (0.0105)	0.0001 (0.0072)	0.294 (0.329)	94.79 (90.52)
 * Train Acc 90.522
 * Val Acc 91.710, Total time 0.95
validation split name: 1
 * Val Acc 88.430, Total time 0.69
validation split name: 2
 * Val Acc 90.230, Total time 0.95
validation split name: 3
 * Val Acc 88.870, Total time 0.96
validation split name: 4
 * Val Acc 91.090, Total time 0.94
validation split name: 5
 * Val Acc 91.260, Total time 0.95
validation split name: 6
 * Val Acc 90.680, Total time 0.98
validation split name: 7
 * Val Acc 91.410, Total time 1.01
validation split name: 8
 * Val Acc 91.630, Total time 0.98
validation split name: 9
 * Val Acc 91.710, Total time 0.96
====================== 10 =======================
Epoch:0
LR: 0.01
Itr		Time		  Data		  Loss		Acc
[0/469]	0.1357 (0.1357)	0.1289 (0.1289)	2.335 (2.335)	10.94 (10.94)
[100/469]	0.0089 (0.0115)	0.0053 (0.0081)	0.860 (1.434)	81.25 (67.01)
[200/469]	0.0036 (0.0109)	0.0002 (0.0074)	0.593 (1.051)	80.47 (75.46)
[300/469]	0.0060 (0.0107)	0.0025 (0.0073)	0.345 (0.861)	90.62 (79.36)
[400/469]	0.0219 (0.0106)	0.0186 (0.0072)	0.486 (0.750)	85.16 (81.63)
[468/469]	0.0041 (0.0105)	0.0007 (0.0071)	0.436 (0.697)	87.50 (82.72)
 * Train Acc 82.723
 * Val Acc 90.290, Total time 0.96
Epoch:1
LR: 0.01
Itr		Time		  Data		  Loss		Acc
[0/469]	0.1368 (0.1368)	0.1292 (0.1292)	0.391 (0.391)	87.50 (87.50)
[100/469]	0.0044 (0.0114)	0.0010 (0.0079)	0.242 (0.366)	92.97 (89.55)
[200/469]	0.0033 (0.0108)	0.0002 (0.0074)	0.298 (0.351)	92.19 (90.02)
[300/469]	0.0236 (0.0106)	0.0201 (0.0072)	0.289 (0.338)	90.62 (90.29)
[400/469]	0.0035 (0.0105)	0.0001 (0.0071)	0.233 (0.332)	95.31 (90.44)
[468/469]	0.0161 (0.0105)	0.0128 (0.0071)	0.205 (0.327)	95.83 (90.58)
 * Train Acc 90.580
 * Val Acc 91.850, Total time 0.94
validation split name: 1
 * Val Acc 88.580, Total time 0.69
validation split name: 2
 * Val Acc 90.550, Total time 0.96
validation split name: 3
 * Val Acc 87.990, Total time 0.94
validation split name: 4
 * Val Acc 90.900, Total time 0.95
validation split name: 5
 * Val Acc 91.080, Total time 0.93
validation split name: 6
 * Val Acc 90.520, Total time 0.95
validation split name: 7
 * Val Acc 91.090, Total time 0.94
validation split name: 8
 * Val Acc 91.590, Total time 0.94
validation split name: 9
 * Val Acc 91.720, Total time 0.94
validation split name: 10
 * Val Acc 91.850, Total time 0.94
OrderedDict([('1', OrderedDict([('1', 91.59), ('2', 91.14), ('3', 90.68), ('4', 90.38), ('5', 90.09), ('6', 89.96), ('7', 89.68), ('8', 89.15), ('9', 88.43), ('10', 88.58)])), ('2', OrderedDict([('2', 91.48), ('3', 91.2), ('4', 91.18), ('5', 90.73), ('6', 90.64), ('7', 90.35), ('8', 90.24), ('9', 90.23), ('10', 90.55)])), ('3', OrderedDict([('3', 91.61), ('4', 91.2), ('5', 90.93), ('6', 90.53), ('7', 90.1), ('8', 89.44), ('9', 88.87), ('10', 87.99)])), ('4', OrderedDict([('4', 91.62), ('5', 91.57), ('6', 91.59), ('7', 91.55), ('8', 91.58), ('9', 91.09), ('10', 90.9)])), ('5', OrderedDict([('5', 91.86), ('6', 91.68), ('7', 91.48), ('8', 91.39), ('9', 91.26), ('10', 91.08)])), ('6', OrderedDict([('6', 91.33), ('7', 90.93), ('8', 90.86), ('9', 90.68), ('10', 90.52)])), ('7', OrderedDict([('7', 91.64), ('8', 91.59), ('9', 91.41), ('10', 91.09)])), ('8', OrderedDict([('8', 91.52), ('9', 91.63), ('10', 91.59)])), ('9', OrderedDict([('9', 91.71), ('10', 91.72)])), ('10', OrderedDict([('10', 91.85)]))])
Task 1 average acc: 91.59
Task 2 average acc: 91.31
Task 3 average acc: 91.16333333333334
Task 4 average acc: 91.095
Task 5 average acc: 91.036
Task 6 average acc: 90.955
Task 7 average acc: 90.81857142857143
Task 8 average acc: 90.72125
Task 9 average acc: 90.58999999999999
Task 10 average acc: 90.58700000000002
===Summary of experiment repeats: 4 / 5 ===
The regularization coefficient: 0.0
The last avg acc of all repeats: [91.042 91.19  91.016 90.587  0.   ]
mean: 72.76700000000001 std: 36.38405487023128
MLP(
  (linear): Sequential(
    (0): Linear(in_features=1024, out_features=1000, bias=True)
    (1): ReLU(inplace=True)
    (2): Linear(in_features=1000, out_features=1000, bias=True)
    (3): ReLU(inplace=True)
  )
  (last): ModuleDict(
    (1): Linear(in_features=1000, out_features=10, bias=True)
    (2): Linear(in_features=1000, out_features=10, bias=True)
    (3): Linear(in_features=1000, out_features=10, bias=True)
    (4): Linear(in_features=1000, out_features=10, bias=True)
    (5): Linear(in_features=1000, out_features=10, bias=True)
    (6): Linear(in_features=1000, out_features=10, bias=True)
    (7): Linear(in_features=1000, out_features=10, bias=True)
    (8): Linear(in_features=1000, out_features=10, bias=True)
    (9): Linear(in_features=1000, out_features=10, bias=True)
    (10): Linear(in_features=1000, out_features=10, bias=True)
  )
)
#parameter of model: 2126100
Task order: ['1', '2', '3', '4', '5', '6', '7', '8', '9', '10']
====================== 1 =======================
Epoch:0
LR: 0.01
Itr		Time		  Data		  Loss		Acc
[0/469]	0.1246 (0.1246)	0.1165 (0.1165)	2.310 (2.310)	7.81 (7.81)
[100/469]	0.0027 (0.0083)	0.0001 (0.0054)	1.442 (1.933)	78.12 (58.50)
[200/469]	0.0152 (0.0078)	0.0126 (0.0051)	0.738 (1.477)	82.03 (69.75)
[300/469]	0.0036 (0.0076)	0.0007 (0.0049)	0.523 (1.188)	88.28 (75.11)
[400/469]	0.0035 (0.0075)	0.0010 (0.0048)	0.360 (1.010)	92.19 (78.31)
[468/469]	0.0027 (0.0075)	0.0001 (0.0048)	0.366 (0.925)	91.67 (79.86)
 * Train Acc 79.863
 * Val Acc 89.600, Total time 0.71
Epoch:1
LR: 0.01
Itr		Time		  Data		  Loss		Acc
[0/469]	0.1230 (0.1230)	0.1140 (0.1140)	0.261 (0.261)	95.31 (95.31)
[100/469]	0.0116 (0.0084)	0.0086 (0.0055)	0.432 (0.388)	85.16 (89.18)
[200/469]	0.0064 (0.0078)	0.0034 (0.0050)	0.287 (0.374)	89.84 (89.59)
[300/469]	0.0026 (0.0076)	0.0002 (0.0048)	0.363 (0.364)	88.28 (89.86)
[400/469]	0.0163 (0.0075)	0.0133 (0.0048)	0.270 (0.357)	91.41 (90.00)
[468/469]	0.0026 (0.0074)	0.0001 (0.0047)	0.283 (0.348)	92.71 (90.24)
 * Train Acc 90.242
 * Val Acc 91.540, Total time 0.69
validation split name: 1
 * Val Acc 91.540, Total time 0.68
====================== 2 =======================
Epoch:0
LR: 0.01
Itr		Time		  Data		  Loss		Acc
[0/469]	0.1319 (0.1319)	0.1244 (0.1244)	2.285 (2.285)	9.38 (9.38)
[100/469]	0.0028 (0.0116)	0.0002 (0.0087)	1.304 (1.776)	75.00 (58.78)
[200/469]	0.0030 (0.0109)	0.0004 (0.0081)	0.689 (1.333)	82.03 (70.40)
[300/469]	0.0254 (0.0108)	0.0225 (0.0079)	0.597 (1.077)	85.16 (75.81)
[400/469]	0.0027 (0.0106)	0.0002 (0.0078)	0.347 (0.925)	87.50 (78.79)
[468/469]	0.0166 (0.0106)	0.0137 (0.0077)	0.296 (0.851)	90.62 (80.26)
 * Train Acc 80.262
 * Val Acc 89.590, Total time 0.97
Epoch:1
LR: 0.01
Itr		Time		  Data		  Loss		Acc
[0/469]	0.1444 (0.1444)	0.1352 (0.1352)	0.571 (0.571)	87.50 (87.50)
[100/469]	0.0126 (0.0116)	0.0099 (0.0088)	0.431 (0.385)	89.06 (89.26)
[200/469]	0.0027 (0.0109)	0.0001 (0.0082)	0.311 (0.374)	90.62 (89.53)
[300/469]	0.0259 (0.0108)	0.0233 (0.0081)	0.343 (0.361)	87.50 (89.85)
[400/469]	0.0064 (0.0107)	0.0038 (0.0080)	0.363 (0.351)	89.06 (90.06)
[468/469]	0.0163 (0.0106)	0.0138 (0.0080)	0.264 (0.345)	92.71 (90.20)
 * Train Acc 90.197
 * Val Acc 91.680, Total time 0.94
validation split name: 1
 * Val Acc 91.340, Total time 0.71
validation split name: 2
 * Val Acc 91.680, Total time 0.95
====================== 3 =======================
Epoch:0
LR: 0.01
Itr		Time		  Data		  Loss		Acc
[0/469]	0.1300 (0.1300)	0.1229 (0.1229)	2.298 (2.298)	12.50 (12.50)
[100/469]	0.0031 (0.0114)	0.0001 (0.0084)	1.108 (1.721)	83.59 (64.55)
[200/469]	0.0028 (0.0108)	0.0002 (0.0079)	0.594 (1.272)	87.50 (73.76)
[300/469]	0.0241 (0.0107)	0.0212 (0.0078)	0.539 (1.033)	86.72 (77.88)
[400/469]	0.0038 (0.0106)	0.0008 (0.0076)	0.396 (0.887)	89.84 (80.47)
[468/469]	0.0171 (0.0105)	0.0142 (0.0076)	0.277 (0.817)	90.62 (81.69)
 * Train Acc 81.693
 * Val Acc 89.820, Total time 0.96
Epoch:1
LR: 0.01
Itr		Time		  Data		  Loss		Acc
[0/469]	0.1294 (0.1294)	0.1220 (0.1220)	0.414 (0.414)	90.62 (90.62)
[100/469]	0.0039 (0.0115)	0.0009 (0.0085)	0.387 (0.377)	87.50 (89.57)
[200/469]	0.0222 (0.0110)	0.0191 (0.0079)	0.264 (0.362)	94.53 (89.95)
[300/469]	0.0032 (0.0108)	0.0001 (0.0077)	0.387 (0.350)	89.06 (90.20)
[400/469]	0.0042 (0.0108)	0.0002 (0.0077)	0.276 (0.343)	92.19 (90.36)
[468/469]	0.0172 (0.0109)	0.0145 (0.0077)	0.250 (0.340)	90.62 (90.39)
 * Train Acc 90.387
 * Val Acc 91.740, Total time 0.95
validation split name: 1
 * Val Acc 91.100, Total time 0.69
validation split name: 2
 * Val Acc 91.670, Total time 0.93
validation split name: 3
 * Val Acc 91.740, Total time 0.94
====================== 4 =======================
Epoch:0
LR: 0.01
Itr		Time		  Data		  Loss		Acc
[0/469]	0.1300 (0.1300)	0.1227 (0.1227)	2.338 (2.338)	7.03 (7.03)
[100/469]	0.0031 (0.0115)	0.0001 (0.0084)	0.984 (1.658)	77.34 (65.84)
[200/469]	0.0033 (0.0109)	0.0001 (0.0079)	0.596 (1.219)	85.94 (74.21)
[300/469]	0.0227 (0.0108)	0.0196 (0.0077)	0.526 (0.989)	85.94 (78.39)
[400/469]	0.0030 (0.0107)	0.0002 (0.0076)	0.425 (0.852)	89.06 (80.82)
[468/469]	0.0164 (0.0106)	0.0133 (0.0076)	0.323 (0.786)	96.88 (82.02)
 * Train Acc 82.017
 * Val Acc 89.760, Total time 0.94
Epoch:1
LR: 0.01
Itr		Time		  Data		  Loss		Acc
[0/469]	0.1304 (0.1304)	0.1229 (0.1229)	0.241 (0.241)	94.53 (94.53)
[100/469]	0.0059 (0.0116)	0.0029 (0.0085)	0.475 (0.361)	85.16 (89.82)
[200/469]	0.0027 (0.0111)	0.0002 (0.0082)	0.372 (0.358)	88.28 (89.71)
[300/469]	0.0047 (0.0108)	0.0021 (0.0080)	0.265 (0.353)	92.19 (89.89)
[400/469]	0.0204 (0.0107)	0.0178 (0.0080)	0.288 (0.343)	92.97 (90.13)
[468/469]	0.0029 (0.0107)	0.0003 (0.0079)	0.409 (0.339)	83.33 (90.26)
 * Train Acc 90.258
 * Val Acc 91.300, Total time 0.97
validation split name: 1
 * Val Acc 91.010, Total time 0.69
validation split name: 2
 * Val Acc 91.360, Total time 0.95
validation split name: 3
 * Val Acc 91.610, Total time 0.94
validation split name: 4
 * Val Acc 91.300, Total time 0.95
====================== 5 =======================
Epoch:0
LR: 0.01
Itr		Time		  Data		  Loss		Acc
[0/469]	0.1376 (0.1376)	0.1300 (0.1300)	2.341 (2.341)	11.72 (11.72)
[100/469]	0.0042 (0.0114)	0.0010 (0.0083)	0.977 (1.598)	83.59 (66.03)
[200/469]	0.0032 (0.0108)	0.0001 (0.0077)	0.628 (1.174)	86.72 (74.76)
[300/469]	0.0240 (0.0107)	0.0210 (0.0076)	0.493 (0.961)	86.72 (78.57)
[400/469]	0.0031 (0.0105)	0.0001 (0.0075)	0.482 (0.832)	88.28 (80.91)
[468/469]	0.0163 (0.0105)	0.0134 (0.0074)	0.304 (0.766)	88.54 (82.14)
 * Train Acc 82.135
 * Val Acc 89.820, Total time 0.94
Epoch:1
LR: 0.01
Itr		Time		  Data		  Loss		Acc
[0/469]	0.1292 (0.1292)	0.1219 (0.1219)	0.348 (0.348)	89.84 (89.84)
[100/469]	0.0110 (0.0115)	0.0082 (0.0086)	0.395 (0.364)	89.06 (89.94)
[200/469]	0.0161 (0.0109)	0.0131 (0.0081)	0.353 (0.354)	89.06 (90.04)
[300/469]	0.0031 (0.0107)	0.0004 (0.0079)	0.326 (0.346)	91.41 (90.20)
[400/469]	0.0053 (0.0106)	0.0025 (0.0078)	0.182 (0.338)	96.09 (90.36)
[468/469]	0.0028 (0.0106)	0.0001 (0.0078)	0.332 (0.334)	88.54 (90.46)
 * Train Acc 90.458
 * Val Acc 91.750, Total time 0.94
validation split name: 1
 * Val Acc 90.760, Total time 0.69
validation split name: 2
 * Val Acc 91.160, Total time 0.96
validation split name: 3
 * Val Acc 91.490, Total time 0.96
validation split name: 4
 * Val Acc 91.430, Total time 0.95
validation split name: 5
 * Val Acc 91.750, Total time 0.93
====================== 6 =======================
Epoch:0
LR: 0.01
Itr		Time		  Data		  Loss		Acc
[0/469]	0.1437 (0.1437)	0.1356 (0.1356)	2.342 (2.342)	7.81 (7.81)
[100/469]	0.0031 (0.0118)	0.0001 (0.0087)	0.949 (1.614)	88.28 (63.03)
[200/469]	0.0242 (0.0111)	0.0211 (0.0080)	0.556 (1.181)	85.94 (73.07)
[300/469]	0.0032 (0.0108)	0.0001 (0.0077)	0.438 (0.954)	90.62 (77.91)
[400/469]	0.0032 (0.0107)	0.0001 (0.0076)	0.387 (0.825)	87.50 (80.51)
[468/469]	0.0029 (0.0106)	0.0001 (0.0076)	0.614 (0.765)	86.46 (81.66)
 * Train Acc 81.655
 * Val Acc 89.610, Total time 1.04
Epoch:1
LR: 0.01
Itr		Time		  Data		  Loss		Acc
[0/469]	0.1310 (0.1310)	0.1233 (0.1233)	0.406 (0.406)	87.50 (87.50)
[100/469]	0.0053 (0.0114)	0.0020 (0.0082)	0.286 (0.370)	92.19 (89.73)
[200/469]	0.0031 (0.0108)	0.0002 (0.0076)	0.471 (0.360)	81.25 (89.92)
[300/469]	0.0191 (0.0107)	0.0161 (0.0075)	0.339 (0.345)	89.84 (90.28)
[400/469]	0.0123 (0.0106)	0.0095 (0.0074)	0.412 (0.338)	88.28 (90.40)
[468/469]	0.0039 (0.0105)	0.0007 (0.0074)	0.226 (0.334)	93.75 (90.47)
 * Train Acc 90.472
 * Val Acc 91.700, Total time 0.96
validation split name: 1
 * Val Acc 90.540, Total time 0.70
validation split name: 2
 * Val Acc 90.980, Total time 0.93
validation split name: 3
 * Val Acc 91.310, Total time 0.94
validation split name: 4
 * Val Acc 91.470, Total time 0.94
validation split name: 5
 * Val Acc 91.620, Total time 0.94
validation split name: 6
 * Val Acc 91.700, Total time 0.98
====================== 7 =======================
Epoch:0
LR: 0.01
Itr		Time		  Data		  Loss		Acc
[0/469]	0.1402 (0.1402)	0.1323 (0.1323)	2.415 (2.415)	17.19 (17.19)
[100/469]	0.0034 (0.0115)	0.0001 (0.0082)	0.939 (1.598)	82.81 (63.34)
[200/469]	0.0033 (0.0109)	0.0001 (0.0076)	0.572 (1.169)	89.84 (73.53)
[300/469]	0.0244 (0.0107)	0.0212 (0.0075)	0.544 (0.946)	87.50 (78.11)
[400/469]	0.0032 (0.0106)	0.0001 (0.0074)	0.350 (0.821)	89.84 (80.60)
[468/469]	0.0168 (0.0105)	0.0135 (0.0073)	0.332 (0.759)	92.71 (81.76)
 * Train Acc 81.760
 * Val Acc 90.140, Total time 0.94
Epoch:1
LR: 0.01
Itr		Time		  Data		  Loss		Acc
[0/469]	0.1291 (0.1291)	0.1209 (0.1209)	0.411 (0.411)	86.72 (86.72)
[100/469]	0.0050 (0.0114)	0.0017 (0.0082)	0.380 (0.363)	85.16 (89.50)
[200/469]	0.0031 (0.0108)	0.0001 (0.0076)	0.309 (0.355)	92.19 (89.76)
[300/469]	0.0236 (0.0107)	0.0203 (0.0075)	0.303 (0.347)	88.28 (90.11)
[400/469]	0.0034 (0.0106)	0.0001 (0.0074)	0.434 (0.339)	89.06 (90.37)
[468/469]	0.0167 (0.0105)	0.0135 (0.0073)	0.237 (0.331)	92.71 (90.57)
 * Train Acc 90.567
 * Val Acc 92.020, Total time 0.96
validation split name: 1
 * Val Acc 89.600, Total time 0.70
validation split name: 2
 * Val Acc 90.680, Total time 0.96
validation split name: 3
 * Val Acc 91.010, Total time 1.01
validation split name: 4
 * Val Acc 91.290, Total time 0.95
validation split name: 5
 * Val Acc 91.340, Total time 0.94
validation split name: 6
 * Val Acc 91.570, Total time 0.94
validation split name: 7
 * Val Acc 92.020, Total time 0.94
====================== 8 =======================
Epoch:0
LR: 0.01
Itr		Time		  Data		  Loss		Acc
[0/469]	0.1295 (0.1295)	0.1219 (0.1219)	2.349 (2.349)	7.03 (7.03)
[100/469]	0.0236 (0.0125)	0.0203 (0.0087)	0.942 (1.555)	79.69 (65.22)
[200/469]	0.0039 (0.0113)	0.0009 (0.0078)	0.644 (1.136)	81.25 (74.40)
[300/469]	0.0035 (0.0109)	0.0001 (0.0075)	0.441 (0.927)	89.06 (78.42)
[400/469]	0.0205 (0.0108)	0.0173 (0.0074)	0.364 (0.799)	90.62 (81.01)
[468/469]	0.0033 (0.0107)	0.0001 (0.0073)	0.338 (0.740)	88.54 (82.22)
 * Train Acc 82.220
 * Val Acc 89.870, Total time 0.96
Epoch:1
LR: 0.01
Itr		Time		  Data		  Loss		Acc
[0/469]	0.1297 (0.1297)	0.1214 (0.1214)	0.358 (0.358)	88.28 (88.28)
[100/469]	0.0241 (0.0117)	0.0210 (0.0084)	0.303 (0.353)	90.62 (89.87)
[200/469]	0.0077 (0.0110)	0.0042 (0.0077)	0.292 (0.352)	92.19 (89.79)
[300/469]	0.0033 (0.0109)	0.0001 (0.0075)	0.401 (0.342)	88.28 (90.10)
[400/469]	0.0043 (0.0108)	0.0010 (0.0074)	0.279 (0.339)	89.84 (90.21)
[468/469]	0.0033 (0.0107)	0.0001 (0.0074)	0.307 (0.332)	89.58 (90.39)
 * Train Acc 90.395
 * Val Acc 91.970, Total time 1.00
validation split name: 1
 * Val Acc 89.150, Total time 0.71
validation split name: 2
 * Val Acc 90.330, Total time 0.93
validation split name: 3
 * Val Acc 91.100, Total time 0.95
validation split name: 4
 * Val Acc 91.260, Total time 0.93
validation split name: 5
 * Val Acc 91.340, Total time 0.94
validation split name: 6
 * Val Acc 91.390, Total time 0.99
validation split name: 7
 * Val Acc 91.980, Total time 0.95
validation split name: 8
 * Val Acc 91.970, Total time 0.97
====================== 9 =======================
Epoch:0
LR: 0.01
Itr		Time		  Data		  Loss		Acc
[0/469]	0.1426 (0.1426)	0.1342 (0.1342)	2.377 (2.377)	7.03 (7.03)
[100/469]	0.0033 (0.0117)	0.0001 (0.0082)	0.992 (1.498)	76.56 (65.90)
[200/469]	0.0035 (0.0110)	0.0001 (0.0076)	0.582 (1.090)	83.59 (74.96)
[300/469]	0.0229 (0.0108)	0.0195 (0.0074)	0.453 (0.888)	85.94 (79.16)
[400/469]	0.0034 (0.0107)	0.0001 (0.0073)	0.347 (0.771)	88.28 (81.47)
[468/469]	0.0161 (0.0106)	0.0128 (0.0073)	0.316 (0.716)	91.67 (82.52)
 * Train Acc 82.517
 * Val Acc 90.270, Total time 0.94
Epoch:1
LR: 0.01
Itr		Time		  Data		  Loss		Acc
[0/469]	0.1285 (0.1285)	0.1211 (0.1211)	0.417 (0.417)	89.06 (89.06)
[100/469]	0.0228 (0.0119)	0.0193 (0.0083)	0.301 (0.355)	93.75 (90.04)
[200/469]	0.0035 (0.0111)	0.0001 (0.0077)	0.263 (0.345)	90.62 (90.19)
[300/469]	0.0036 (0.0109)	0.0001 (0.0075)	0.249 (0.340)	92.19 (90.30)
[400/469]	0.0246 (0.0108)	0.0212 (0.0074)	0.333 (0.334)	91.41 (90.47)
[468/469]	0.0033 (0.0107)	0.0001 (0.0073)	0.269 (0.329)	91.67 (90.56)
 * Train Acc 90.563
 * Val Acc 91.970, Total time 0.95
validation split name: 1
 * Val Acc 88.610, Total time 0.70
validation split name: 2
 * Val Acc 89.950, Total time 0.99
validation split name: 3
 * Val Acc 90.920, Total time 0.94
validation split name: 4
 * Val Acc 91.090, Total time 0.94
validation split name: 5
 * Val Acc 91.120, Total time 1.00
validation split name: 6
 * Val Acc 90.760, Total time 0.94
validation split name: 7
 * Val Acc 91.820, Total time 0.93
validation split name: 8
 * Val Acc 91.830, Total time 0.93
validation split name: 9
 * Val Acc 91.970, Total time 0.92
====================== 10 =======================
Epoch:0
LR: 0.01
Itr		Time		  Data		  Loss		Acc
[0/469]	0.1295 (0.1295)	0.1216 (0.1216)	2.337 (2.337)	10.94 (10.94)
[100/469]	0.0262 (0.0122)	0.0213 (0.0082)	0.815 (1.516)	82.03 (64.53)
[200/469]	0.0036 (0.0120)	0.0001 (0.0077)	0.594 (1.110)	85.94 (73.97)
[300/469]	0.0033 (0.0114)	0.0002 (0.0074)	0.394 (0.903)	91.41 (78.43)
[400/469]	0.0237 (0.0112)	0.0203 (0.0073)	0.526 (0.783)	85.16 (80.90)
[468/469]	0.0033 (0.0110)	0.0001 (0.0072)	0.341 (0.726)	92.71 (82.10)
 * Train Acc 82.102
 * Val Acc 89.750, Total time 0.96
Epoch:1
LR: 0.01
Itr		Time		  Data		  Loss		Acc
[0/469]	0.1432 (0.1432)	0.1351 (0.1351)	0.273 (0.273)	92.97 (92.97)
[100/469]	0.0033 (0.0118)	0.0001 (0.0085)	0.460 (0.362)	85.94 (89.81)
[200/469]	0.0044 (0.0110)	0.0010 (0.0078)	0.233 (0.349)	94.53 (90.03)
[300/469]	0.0243 (0.0109)	0.0211 (0.0076)	0.259 (0.340)	92.97 (90.31)
[400/469]	0.0035 (0.0107)	0.0001 (0.0074)	0.261 (0.332)	92.19 (90.46)
[468/469]	0.0154 (0.0106)	0.0123 (0.0073)	0.280 (0.328)	91.67 (90.58)
 * Train Acc 90.575
 * Val Acc 92.090, Total time 0.97
validation split name: 1
 * Val Acc 88.070, Total time 0.71
validation split name: 2
 * Val Acc 90.070, Total time 0.93
validation split name: 3
 * Val Acc 90.820, Total time 0.95
validation split name: 4
 * Val Acc 91.140, Total time 0.94
validation split name: 5
 * Val Acc 91.410, Total time 0.97
validation split name: 6
 * Val Acc 90.680, Total time 0.95
validation split name: 7
 * Val Acc 91.740, Total time 0.94
validation split name: 8
 * Val Acc 91.760, Total time 0.95
validation split name: 9
 * Val Acc 91.770, Total time 0.95
validation split name: 10
 * Val Acc 92.090, Total time 0.94
OrderedDict([('1', OrderedDict([('1', 91.54), ('2', 91.34), ('3', 91.1), ('4', 91.01), ('5', 90.76), ('6', 90.54), ('7', 89.6), ('8', 89.15), ('9', 88.61), ('10', 88.07)])), ('2', OrderedDict([('2', 91.68), ('3', 91.67), ('4', 91.36), ('5', 91.16), ('6', 90.98), ('7', 90.68), ('8', 90.33), ('9', 89.95), ('10', 90.07)])), ('3', OrderedDict([('3', 91.74), ('4', 91.61), ('5', 91.49), ('6', 91.31), ('7', 91.01), ('8', 91.1), ('9', 90.92), ('10', 90.82)])), ('4', OrderedDict([('4', 91.3), ('5', 91.43), ('6', 91.47), ('7', 91.29), ('8', 91.26), ('9', 91.09), ('10', 91.14)])), ('5', OrderedDict([('5', 91.75), ('6', 91.62), ('7', 91.34), ('8', 91.34), ('9', 91.12), ('10', 91.41)])), ('6', OrderedDict([('6', 91.7), ('7', 91.57), ('8', 91.39), ('9', 90.76), ('10', 90.68)])), ('7', OrderedDict([('7', 92.02), ('8', 91.98), ('9', 91.82), ('10', 91.74)])), ('8', OrderedDict([('8', 91.97), ('9', 91.83), ('10', 91.76)])), ('9', OrderedDict([('9', 91.97), ('10', 91.77)])), ('10', OrderedDict([('10', 92.09)]))])
Task 1 average acc: 91.54
Task 2 average acc: 91.51
Task 3 average acc: 91.50333333333333
Task 4 average acc: 91.32000000000001
Task 5 average acc: 91.31800000000001
Task 6 average acc: 91.27000000000002
Task 7 average acc: 91.07285714285715
Task 8 average acc: 91.06500000000001
Task 9 average acc: 90.89666666666668
Task 10 average acc: 90.95500000000001
===Summary of experiment repeats: 5 / 5 ===
The regularization coefficient: 0.0
The last avg acc of all repeats: [91.042 91.19  91.016 90.587 90.955]
mean: 90.95800000000001 std: 0.2009447685310535
reg_coef: 0.0 mean: 90.95800000000001 std: 0.2009447685310535
Total Time for the script is 831.9644048213959 seconds
