MLP(
  (linear): Sequential(
    (0): Linear(in_features=1024, out_features=1000, bias=True)
    (1): ReLU(inplace=True)
    (2): Linear(in_features=1000, out_features=1000, bias=True)
    (3): ReLU(inplace=True)
  )
  (last): ModuleDict(
    (1): Linear(in_features=1000, out_features=10, bias=True)
    (2): Linear(in_features=1000, out_features=10, bias=True)
    (3): Linear(in_features=1000, out_features=10, bias=True)
    (4): Linear(in_features=1000, out_features=10, bias=True)
    (5): Linear(in_features=1000, out_features=10, bias=True)
    (6): Linear(in_features=1000, out_features=10, bias=True)
    (7): Linear(in_features=1000, out_features=10, bias=True)
    (8): Linear(in_features=1000, out_features=10, bias=True)
    (9): Linear(in_features=1000, out_features=10, bias=True)
    (10): Linear(in_features=1000, out_features=10, bias=True)
  )
)
#parameter of model: 2126100
Task order: ['1', '2', '3', '4', '5', '6', '7', '8', '9', '10']
====================== 1 =======================
#reg_term: 0
Epoch:0
LR: 0.0001
Itr		Time		  Data		  Loss		Acc
[0/469]	0.5264 (0.5264)	0.0936 (0.0936)	2.309 (2.309)	10.94 (10.94)
[100/469]	0.0057 (0.0121)	0.0008 (0.0029)	0.417 (0.806)	89.84 (80.62)
[200/469]	0.0115 (0.0097)	0.0066 (0.0027)	0.287 (0.566)	92.97 (85.68)
[300/469]	0.0050 (0.0089)	0.0001 (0.0025)	0.218 (0.464)	92.97 (87.91)
[400/469]	0.0050 (0.0085)	0.0001 (0.0025)	0.174 (0.407)	96.09 (89.26)
[468/469]	0.0048 (0.0083)	0.0001 (0.0025)	0.253 (0.377)	90.62 (89.96)
 * Train Acc 89.960
 * Val Acc 94.430, Total time 0.69
Epoch:1
LR: 0.0001
Itr		Time		  Data		  Loss		Acc
[0/469]	0.1153 (0.1153)	0.1073 (0.1073)	0.230 (0.230)	91.41 (91.41)
[100/469]	0.0057 (0.0082)	0.0008 (0.0032)	0.175 (0.184)	95.31 (94.51)
[200/469]	0.0118 (0.0078)	0.0069 (0.0028)	0.140 (0.166)	96.88 (95.09)
[300/469]	0.0051 (0.0076)	0.0001 (0.0026)	0.106 (0.162)	96.88 (95.34)
[400/469]	0.0051 (0.0075)	0.0001 (0.0025)	0.207 (0.156)	94.53 (95.48)
[468/469]	0.0049 (0.0075)	0.0001 (0.0025)	0.132 (0.151)	95.83 (95.60)
 * Train Acc 95.603
 * Val Acc 96.260, Total time 0.70
Computing SI
validation split name: 1
 * Val Acc 96.260, Total time 0.69
====================== 2 =======================
#reg_term: 1
Epoch:0
LR: 0.0001
Itr		Time		  Data		  Loss		Acc
[0/469]	0.1359 (0.1359)	0.1167 (0.1167)	2.313 (2.313)	11.72 (11.72)
[100/469]	0.0119 (0.0133)	0.0006 (0.0018)	0.280 (0.665)	90.62 (81.37)
[200/469]	0.0120 (0.0126)	0.0007 (0.0013)	0.235 (0.479)	93.75 (86.38)
[300/469]	0.0119 (0.0124)	0.0007 (0.0011)	0.272 (0.395)	91.41 (88.73)
[400/469]	0.0120 (0.0123)	0.0007 (0.0010)	0.167 (0.346)	92.97 (90.04)
[468/469]	0.0118 (0.0123)	0.0006 (0.0010)	0.240 (0.324)	92.71 (90.68)
 * Train Acc 90.680
 * Val Acc 95.410, Total time 0.98
Epoch:1
LR: 0.0001
Itr		Time		  Data		  Loss		Acc
[0/469]	0.1382 (0.1382)	0.1228 (0.1228)	0.171 (0.171)	94.53 (94.53)
[100/469]	0.0121 (0.0134)	0.0007 (0.0019)	0.117 (0.150)	96.09 (95.62)
[200/469]	0.0120 (0.0127)	0.0007 (0.0013)	0.093 (0.148)	98.44 (95.72)
[300/469]	0.0120 (0.0125)	0.0007 (0.0011)	0.091 (0.145)	98.44 (95.82)
[400/469]	0.0119 (0.0124)	0.0006 (0.0010)	0.152 (0.140)	93.75 (96.00)
[468/469]	0.0121 (0.0123)	0.0007 (0.0010)	0.171 (0.137)	95.83 (96.05)
 * Train Acc 96.045
 * Val Acc 96.630, Total time 0.94
Computing SI
validation split name: 1
 * Val Acc 94.000, Total time 0.71
validation split name: 2
 * Val Acc 96.630, Total time 0.94
====================== 3 =======================
#reg_term: 1
Epoch:0
LR: 0.0001
Itr		Time		  Data		  Loss		Acc
[0/469]	0.1468 (0.1468)	0.1318 (0.1318)	2.344 (2.344)	14.84 (14.84)
[100/469]	0.0120 (0.0134)	0.0006 (0.0020)	0.278 (0.602)	91.41 (81.75)
[200/469]	0.0120 (0.0127)	0.0006 (0.0013)	0.163 (0.437)	94.53 (86.93)
[300/469]	0.0119 (0.0125)	0.0007 (0.0011)	0.145 (0.365)	96.09 (89.15)
[400/469]	0.0120 (0.0124)	0.0006 (0.0010)	0.152 (0.318)	93.75 (90.60)
[468/469]	0.0117 (0.0123)	0.0005 (0.0009)	0.093 (0.295)	97.92 (91.26)
 * Train Acc 91.260
 * Val Acc 95.600, Total time 0.94
Epoch:1
LR: 0.0001
Itr		Time		  Data		  Loss		Acc
[0/469]	0.1319 (0.1319)	0.1168 (0.1168)	0.163 (0.163)	95.31 (95.31)
[100/469]	0.0122 (0.0133)	0.0009 (0.0019)	0.077 (0.145)	98.44 (95.86)
[200/469]	0.0119 (0.0127)	0.0007 (0.0013)	0.153 (0.136)	96.88 (96.14)
[300/469]	0.0119 (0.0125)	0.0006 (0.0011)	0.164 (0.132)	95.31 (96.20)
[400/469]	0.0119 (0.0124)	0.0006 (0.0010)	0.157 (0.126)	94.53 (96.39)
[468/469]	0.0117 (0.0123)	0.0005 (0.0009)	0.093 (0.123)	97.92 (96.50)
 * Train Acc 96.498
 * Val Acc 96.970, Total time 0.95
Computing SI
validation split name: 1
 * Val Acc 94.040, Total time 0.69
validation split name: 2
 * Val Acc 96.120, Total time 0.94
validation split name: 3
 * Val Acc 96.970, Total time 0.96
====================== 4 =======================
#reg_term: 1
Epoch:0
LR: 0.0001
Itr		Time		  Data		  Loss		Acc
[0/469]	0.1323 (0.1323)	0.1173 (0.1173)	2.257 (2.257)	13.28 (13.28)
[100/469]	0.0121 (0.0134)	0.0006 (0.0019)	0.236 (0.598)	91.41 (81.75)
[200/469]	0.0121 (0.0128)	0.0009 (0.0013)	0.200 (0.430)	94.53 (86.99)
[300/469]	0.0122 (0.0125)	0.0008 (0.0011)	0.149 (0.353)	96.09 (89.35)
[400/469]	0.0125 (0.0124)	0.0012 (0.0010)	0.121 (0.313)	94.53 (90.61)
[468/469]	0.0120 (0.0124)	0.0007 (0.0010)	0.145 (0.290)	95.83 (91.32)
 * Train Acc 91.320
 * Val Acc 95.630, Total time 0.94
Epoch:1
LR: 0.0001
Itr		Time		  Data		  Loss		Acc
[0/469]	0.1326 (0.1326)	0.1175 (0.1175)	0.102 (0.102)	96.88 (96.88)
[100/469]	0.0124 (0.0138)	0.0010 (0.0022)	0.058 (0.132)	98.44 (96.37)
[200/469]	0.0118 (0.0130)	0.0006 (0.0015)	0.067 (0.127)	97.66 (96.51)
[300/469]	0.0120 (0.0127)	0.0006 (0.0012)	0.122 (0.126)	96.88 (96.58)
[400/469]	0.0124 (0.0125)	0.0010 (0.0011)	0.150 (0.122)	95.31 (96.65)
[468/469]	0.0120 (0.0125)	0.0005 (0.0010)	0.068 (0.121)	98.96 (96.69)
 * Train Acc 96.685
 * Val Acc 96.990, Total time 0.93
Computing SI
validation split name: 1
 * Val Acc 93.070, Total time 0.71
validation split name: 2
 * Val Acc 95.600, Total time 0.98
validation split name: 3
 * Val Acc 94.610, Total time 0.94
validation split name: 4
 * Val Acc 96.990, Total time 0.93
====================== 5 =======================
#reg_term: 1
Epoch:0
LR: 0.0001
Itr		Time		  Data		  Loss		Acc
[0/469]	0.1336 (0.1336)	0.1175 (0.1175)	2.337 (2.337)	13.28 (13.28)
[100/469]	0.0120 (0.0134)	0.0008 (0.0018)	0.195 (0.576)	93.75 (82.89)
[200/469]	0.0118 (0.0128)	0.0006 (0.0013)	0.227 (0.420)	93.75 (87.54)
[300/469]	0.0121 (0.0125)	0.0007 (0.0011)	0.273 (0.357)	94.53 (89.46)
[400/469]	0.0119 (0.0124)	0.0007 (0.0010)	0.149 (0.312)	94.53 (90.76)
[468/469]	0.0117 (0.0123)	0.0006 (0.0009)	0.089 (0.291)	98.96 (91.44)
 * Train Acc 91.437
 * Val Acc 95.590, Total time 0.95
Epoch:1
LR: 0.0001
Itr		Time		  Data		  Loss		Acc
[0/469]	0.1504 (0.1504)	0.1348 (0.1348)	0.158 (0.158)	97.66 (97.66)
[100/469]	0.0115 (0.0139)	0.0001 (0.0024)	0.196 (0.144)	95.31 (96.06)
[200/469]	0.0129 (0.0133)	0.0015 (0.0017)	0.082 (0.138)	98.44 (96.26)
[300/469]	0.0117 (0.0131)	0.0001 (0.0015)	0.153 (0.131)	94.53 (96.39)
[400/469]	0.0124 (0.0129)	0.0009 (0.0014)	0.065 (0.127)	99.22 (96.52)
[468/469]	0.0114 (0.0128)	0.0001 (0.0013)	0.114 (0.124)	96.88 (96.56)
 * Train Acc 96.555
 * Val Acc 97.050, Total time 0.93
Computing SI
validation split name: 1
 * Val Acc 89.250, Total time 0.69
validation split name: 2
 * Val Acc 95.060, Total time 0.95
validation split name: 3
 * Val Acc 94.050, Total time 0.94
validation split name: 4
 * Val Acc 95.440, Total time 0.94
validation split name: 5
 * Val Acc 97.050, Total time 0.95
====================== 6 =======================
#reg_term: 1
Epoch:0
LR: 0.0001
Itr		Time		  Data		  Loss		Acc
[0/469]	0.1331 (0.1331)	0.1178 (0.1178)	2.368 (2.368)	11.72 (11.72)
[100/469]	0.0122 (0.0139)	0.0006 (0.0019)	0.329 (0.569)	90.62 (83.23)
[200/469]	0.0119 (0.0129)	0.0006 (0.0013)	0.210 (0.416)	92.19 (87.71)
[300/469]	0.0120 (0.0126)	0.0007 (0.0011)	0.219 (0.350)	92.97 (89.67)
[400/469]	0.0120 (0.0125)	0.0007 (0.0010)	0.163 (0.308)	96.09 (90.93)
[468/469]	0.0118 (0.0124)	0.0007 (0.0010)	0.157 (0.289)	96.88 (91.55)
 * Train Acc 91.547
 * Val Acc 95.660, Total time 0.93
Epoch:1
LR: 0.0001
Itr		Time		  Data		  Loss		Acc
[0/469]	0.1462 (0.1462)	0.1306 (0.1306)	0.194 (0.194)	92.19 (92.19)
[100/469]	0.0121 (0.0134)	0.0008 (0.0020)	0.158 (0.139)	95.31 (95.99)
[200/469]	0.0120 (0.0127)	0.0007 (0.0014)	0.123 (0.137)	98.44 (96.18)
[300/469]	0.0120 (0.0125)	0.0007 (0.0011)	0.127 (0.132)	96.09 (96.38)
[400/469]	0.0122 (0.0124)	0.0008 (0.0010)	0.201 (0.127)	95.31 (96.54)
[468/469]	0.0119 (0.0123)	0.0007 (0.0010)	0.084 (0.125)	95.83 (96.62)
 * Train Acc 96.617
 * Val Acc 97.030, Total time 0.96
Computing SI
validation split name: 1
 * Val Acc 87.350, Total time 0.71
validation split name: 2
 * Val Acc 93.880, Total time 0.94
validation split name: 3
 * Val Acc 93.430, Total time 0.94
validation split name: 4
 * Val Acc 95.410, Total time 0.94
validation split name: 5
 * Val Acc 96.980, Total time 0.93
validation split name: 6
 * Val Acc 97.030, Total time 0.94
====================== 7 =======================
#reg_term: 1
Epoch:0
LR: 0.0001
Itr		Time		  Data		  Loss		Acc
[0/469]	0.1495 (0.1495)	0.1355 (0.1355)	2.307 (2.307)	17.97 (17.97)
[100/469]	0.0115 (0.0132)	0.0006 (0.0021)	0.235 (0.568)	93.75 (82.80)
[200/469]	0.0115 (0.0124)	0.0006 (0.0013)	0.285 (0.413)	90.62 (87.63)
[300/469]	0.0116 (0.0121)	0.0006 (0.0011)	0.108 (0.348)	96.09 (89.67)
[400/469]	0.0115 (0.0120)	0.0006 (0.0010)	0.200 (0.309)	94.53 (90.93)
[468/469]	0.0114 (0.0119)	0.0005 (0.0009)	0.189 (0.289)	94.79 (91.58)
 * Train Acc 91.580
 * Val Acc 95.410, Total time 0.93
Epoch:1
LR: 0.0001
Itr		Time		  Data		  Loss		Acc
[0/469]	0.1379 (0.1379)	0.1175 (0.1175)	0.194 (0.194)	95.31 (95.31)
[100/469]	0.0119 (0.0138)	0.0006 (0.0019)	0.108 (0.133)	97.66 (96.38)
[200/469]	0.0119 (0.0129)	0.0006 (0.0013)	0.105 (0.136)	98.44 (96.30)
[300/469]	0.0121 (0.0126)	0.0008 (0.0011)	0.165 (0.135)	96.88 (96.32)
[400/469]	0.0121 (0.0125)	0.0006 (0.0010)	0.136 (0.130)	96.88 (96.49)
[468/469]	0.0120 (0.0124)	0.0006 (0.0010)	0.147 (0.128)	94.79 (96.53)
 * Train Acc 96.532
 * Val Acc 97.100, Total time 0.92
Computing SI
validation split name: 1
 * Val Acc 87.590, Total time 0.74
validation split name: 2
 * Val Acc 93.530, Total time 0.97
validation split name: 3
 * Val Acc 92.890, Total time 0.95
validation split name: 4
 * Val Acc 93.800, Total time 0.99
validation split name: 5
 * Val Acc 96.610, Total time 0.94
validation split name: 6
 * Val Acc 96.180, Total time 0.93
validation split name: 7
 * Val Acc 97.100, Total time 0.94
====================== 8 =======================
#reg_term: 1
Epoch:0
LR: 0.0001
Itr		Time		  Data		  Loss		Acc
[0/469]	0.1346 (0.1346)	0.1210 (0.1210)	2.313 (2.313)	11.72 (11.72)
[100/469]	0.0123 (0.0137)	0.0008 (0.0019)	0.155 (0.580)	96.09 (82.45)
[200/469]	0.0117 (0.0129)	0.0006 (0.0013)	0.362 (0.418)	86.72 (87.48)
[300/469]	0.0117 (0.0125)	0.0006 (0.0011)	0.190 (0.349)	94.53 (89.57)
[400/469]	0.0116 (0.0123)	0.0006 (0.0010)	0.126 (0.308)	96.09 (90.88)
[468/469]	0.0115 (0.0122)	0.0005 (0.0009)	0.170 (0.288)	92.71 (91.50)
 * Train Acc 91.503
 * Val Acc 95.780, Total time 0.95
Epoch:1
LR: 0.0001
Itr		Time		  Data		  Loss		Acc
[0/469]	0.1503 (0.1503)	0.1357 (0.1357)	0.160 (0.160)	95.31 (95.31)
[100/469]	0.0120 (0.0139)	0.0006 (0.0021)	0.239 (0.142)	95.31 (96.39)
[200/469]	0.0120 (0.0130)	0.0006 (0.0014)	0.099 (0.136)	97.66 (96.49)
[300/469]	0.0120 (0.0126)	0.0007 (0.0011)	0.078 (0.132)	98.44 (96.58)
[400/469]	0.0120 (0.0125)	0.0006 (0.0010)	0.140 (0.129)	96.88 (96.66)
[468/469]	0.0119 (0.0124)	0.0005 (0.0010)	0.037 (0.127)	100.00 (96.70)
 * Train Acc 96.703
 * Val Acc 96.630, Total time 0.93
Computing SI
validation split name: 1
 * Val Acc 88.160, Total time 0.68
validation split name: 2
 * Val Acc 93.010, Total time 0.96
validation split name: 3
 * Val Acc 92.900, Total time 0.97
validation split name: 4
 * Val Acc 93.740, Total time 0.94
validation split name: 5
 * Val Acc 96.600, Total time 0.93
validation split name: 6
 * Val Acc 96.150, Total time 0.92
validation split name: 7
 * Val Acc 96.630, Total time 0.97
validation split name: 8
 * Val Acc 96.630, Total time 0.95
====================== 9 =======================
#reg_term: 1
Epoch:0
LR: 0.0001
Itr		Time		  Data		  Loss		Acc
[0/469]	0.1338 (0.1338)	0.1186 (0.1186)	2.435 (2.435)	13.28 (13.28)
[100/469]	0.0121 (0.0133)	0.0007 (0.0019)	0.437 (0.560)	85.94 (83.34)
[200/469]	0.0120 (0.0126)	0.0007 (0.0013)	0.197 (0.415)	96.09 (87.74)
[300/469]	0.0118 (0.0124)	0.0006 (0.0011)	0.213 (0.346)	94.53 (89.80)
[400/469]	0.0120 (0.0123)	0.0008 (0.0010)	0.224 (0.310)	92.97 (90.93)
[468/469]	0.0119 (0.0123)	0.0005 (0.0010)	0.170 (0.288)	93.75 (91.64)
 * Train Acc 91.640
 * Val Acc 95.540, Total time 0.95
Epoch:1
LR: 0.0001
Itr		Time		  Data		  Loss		Acc
[0/469]	0.1338 (0.1338)	0.1190 (0.1190)	0.237 (0.237)	93.75 (93.75)
[100/469]	0.0120 (0.0133)	0.0006 (0.0019)	0.099 (0.145)	96.88 (96.16)
[200/469]	0.0120 (0.0127)	0.0008 (0.0013)	0.153 (0.144)	94.53 (96.15)
[300/469]	0.0121 (0.0124)	0.0008 (0.0011)	0.177 (0.140)	95.31 (96.32)
[400/469]	0.0120 (0.0123)	0.0008 (0.0010)	0.109 (0.135)	97.66 (96.46)
[468/469]	0.0120 (0.0123)	0.0005 (0.0009)	0.068 (0.132)	98.96 (96.56)
 * Train Acc 96.562
 * Val Acc 96.750, Total time 0.95
Computing SI
validation split name: 1
 * Val Acc 85.770, Total time 0.72
validation split name: 2
 * Val Acc 89.790, Total time 0.96
validation split name: 3
 * Val Acc 91.900, Total time 0.93
validation split name: 4
 * Val Acc 90.850, Total time 0.95
validation split name: 5
 * Val Acc 95.930, Total time 0.93
validation split name: 6
 * Val Acc 96.070, Total time 0.93
validation split name: 7
 * Val Acc 96.270, Total time 0.93
validation split name: 8
 * Val Acc 95.010, Total time 0.98
validation split name: 9
 * Val Acc 96.750, Total time 0.95
====================== 10 =======================
#reg_term: 1
Epoch:0
LR: 0.0001
Itr		Time		  Data		  Loss		Acc
[0/469]	0.1322 (0.1322)	0.1174 (0.1174)	2.456 (2.456)	8.59 (8.59)
[100/469]	0.0125 (0.0134)	0.0010 (0.0019)	0.284 (0.566)	92.19 (83.10)
[200/469]	0.0120 (0.0128)	0.0007 (0.0013)	0.242 (0.416)	92.19 (87.62)
[300/469]	0.0120 (0.0126)	0.0006 (0.0011)	0.143 (0.351)	96.88 (89.73)
[400/469]	0.0120 (0.0124)	0.0006 (0.0010)	0.125 (0.310)	97.66 (91.01)
[468/469]	0.0118 (0.0124)	0.0006 (0.0009)	0.093 (0.289)	98.96 (91.66)
 * Train Acc 91.663
 * Val Acc 95.910, Total time 0.93
Epoch:1
LR: 0.0001
Itr		Time		  Data		  Loss		Acc
[0/469]	0.1337 (0.1337)	0.1172 (0.1172)	0.156 (0.156)	93.75 (93.75)
[100/469]	0.0122 (0.0137)	0.0007 (0.0019)	0.190 (0.149)	95.31 (95.80)
[200/469]	0.0122 (0.0129)	0.0006 (0.0013)	0.124 (0.142)	96.09 (96.11)
[300/469]	0.0122 (0.0127)	0.0007 (0.0011)	0.118 (0.140)	96.88 (96.30)
[400/469]	0.0124 (0.0126)	0.0008 (0.0010)	0.188 (0.136)	96.88 (96.44)
[468/469]	0.0120 (0.0126)	0.0006 (0.0010)	0.152 (0.133)	96.88 (96.55)
 * Train Acc 96.552
 * Val Acc 96.860, Total time 0.96
Computing SI
validation split name: 1
 * Val Acc 85.880, Total time 0.74
validation split name: 2
 * Val Acc 90.580, Total time 0.95
validation split name: 3
 * Val Acc 91.630, Total time 0.92
validation split name: 4
 * Val Acc 89.990, Total time 0.95
validation split name: 5
 * Val Acc 95.480, Total time 0.94
validation split name: 6
 * Val Acc 96.140, Total time 0.95
validation split name: 7
 * Val Acc 96.300, Total time 0.93
validation split name: 8
 * Val Acc 95.000, Total time 0.94
validation split name: 9
 * Val Acc 96.310, Total time 0.98
validation split name: 10
 * Val Acc 96.860, Total time 0.96
OrderedDict([('1', OrderedDict([('1', 96.26), ('2', 94.0), ('3', 94.04), ('4', 93.07), ('5', 89.25), ('6', 87.35), ('7', 87.59), ('8', 88.16), ('9', 85.77), ('10', 85.88)])), ('2', OrderedDict([('2', 96.63), ('3', 96.12), ('4', 95.6), ('5', 95.06), ('6', 93.88), ('7', 93.53), ('8', 93.01), ('9', 89.79), ('10', 90.58)])), ('3', OrderedDict([('3', 96.97), ('4', 94.61), ('5', 94.05), ('6', 93.43), ('7', 92.89), ('8', 92.9), ('9', 91.9), ('10', 91.63)])), ('4', OrderedDict([('4', 96.99), ('5', 95.44), ('6', 95.41), ('7', 93.8), ('8', 93.74), ('9', 90.85), ('10', 89.99)])), ('5', OrderedDict([('5', 97.05), ('6', 96.98), ('7', 96.61), ('8', 96.6), ('9', 95.93), ('10', 95.48)])), ('6', OrderedDict([('6', 97.03), ('7', 96.18), ('8', 96.15), ('9', 96.07), ('10', 96.14)])), ('7', OrderedDict([('7', 97.1), ('8', 96.63), ('9', 96.27), ('10', 96.3)])), ('8', OrderedDict([('8', 96.63), ('9', 95.01), ('10', 95.0)])), ('9', OrderedDict([('9', 96.75), ('10', 96.31)])), ('10', OrderedDict([('10', 96.86)]))])
Task 1 average acc: 96.26
Task 2 average acc: 95.315
Task 3 average acc: 95.71
Task 4 average acc: 95.0675
Task 5 average acc: 94.17
Task 6 average acc: 94.01333333333332
Task 7 average acc: 93.95714285714287
Task 8 average acc: 94.2275
Task 9 average acc: 93.14888888888889
Task 10 average acc: 93.417
===Summary of experiment repeats: 1 / 5 ===
The regularization coefficient: 1.0
The last avg acc of all repeats: [93.417  0.     0.     0.     0.   ]
mean: 18.6834 std: 37.3668
MLP(
  (linear): Sequential(
    (0): Linear(in_features=1024, out_features=1000, bias=True)
    (1): ReLU(inplace=True)
    (2): Linear(in_features=1000, out_features=1000, bias=True)
    (3): ReLU(inplace=True)
  )
  (last): ModuleDict(
    (1): Linear(in_features=1000, out_features=10, bias=True)
    (2): Linear(in_features=1000, out_features=10, bias=True)
    (3): Linear(in_features=1000, out_features=10, bias=True)
    (4): Linear(in_features=1000, out_features=10, bias=True)
    (5): Linear(in_features=1000, out_features=10, bias=True)
    (6): Linear(in_features=1000, out_features=10, bias=True)
    (7): Linear(in_features=1000, out_features=10, bias=True)
    (8): Linear(in_features=1000, out_features=10, bias=True)
    (9): Linear(in_features=1000, out_features=10, bias=True)
    (10): Linear(in_features=1000, out_features=10, bias=True)
  )
)
#parameter of model: 2126100
Task order: ['1', '2', '3', '4', '5', '6', '7', '8', '9', '10']
====================== 1 =======================
#reg_term: 0
Epoch:0
LR: 0.0001
Itr		Time		  Data		  Loss		Acc
[0/469]	0.1199 (0.1199)	0.1106 (0.1106)	2.304 (2.304)	11.72 (11.72)
[100/469]	0.0104 (0.0084)	0.0055 (0.0034)	0.378 (0.816)	89.06 (80.46)
[200/469]	0.0051 (0.0079)	0.0001 (0.0029)	0.409 (0.577)	88.28 (85.16)
[300/469]	0.0058 (0.0076)	0.0009 (0.0027)	0.340 (0.471)	91.41 (87.60)
[400/469]	0.0059 (0.0075)	0.0009 (0.0026)	0.166 (0.408)	95.31 (89.08)
[468/469]	0.0055 (0.0075)	0.0006 (0.0025)	0.169 (0.375)	95.83 (89.89)
 * Train Acc 89.890
 * Val Acc 94.510, Total time 0.74
Epoch:1
LR: 0.0001
Itr		Time		  Data		  Loss		Acc
[0/469]	0.1176 (0.1176)	0.1095 (0.1095)	0.212 (0.212)	92.97 (92.97)
[100/469]	0.0057 (0.0086)	0.0009 (0.0037)	0.105 (0.167)	94.53 (94.81)
[200/469]	0.0106 (0.0079)	0.0057 (0.0030)	0.134 (0.163)	96.09 (95.13)
[300/469]	0.0049 (0.0076)	0.0001 (0.0028)	0.182 (0.159)	96.88 (95.29)
[400/469]	0.0049 (0.0075)	0.0001 (0.0027)	0.277 (0.155)	93.75 (95.41)
[468/469]	0.0047 (0.0074)	0.0001 (0.0026)	0.203 (0.153)	94.79 (95.53)
 * Train Acc 95.535
 * Val Acc 96.290, Total time 0.68
Computing SI
validation split name: 1
 * Val Acc 96.290, Total time 0.68
====================== 2 =======================
#reg_term: 1
Epoch:0
LR: 0.0001
Itr		Time		  Data		  Loss		Acc
[0/469]	0.1445 (0.1445)	0.1265 (0.1265)	2.275 (2.275)	6.25 (6.25)
[100/469]	0.0120 (0.0134)	0.0007 (0.0020)	0.303 (0.649)	89.06 (81.92)
[200/469]	0.0119 (0.0127)	0.0006 (0.0013)	0.339 (0.477)	89.06 (86.49)
[300/469]	0.0119 (0.0125)	0.0006 (0.0011)	0.177 (0.398)	95.31 (88.68)
[400/469]	0.0119 (0.0124)	0.0006 (0.0010)	0.174 (0.349)	95.31 (90.04)
[468/469]	0.0121 (0.0123)	0.0008 (0.0009)	0.140 (0.325)	96.88 (90.69)
 * Train Acc 90.690
 * Val Acc 94.850, Total time 0.93
Epoch:1
LR: 0.0001
Itr		Time		  Data		  Loss		Acc
[0/469]	0.1486 (0.1486)	0.1339 (0.1339)	0.305 (0.305)	93.75 (93.75)
[100/469]	0.0119 (0.0135)	0.0006 (0.0021)	0.157 (0.163)	97.66 (95.41)
[200/469]	0.0121 (0.0128)	0.0006 (0.0014)	0.121 (0.153)	97.66 (95.62)
[300/469]	0.0119 (0.0125)	0.0006 (0.0012)	0.210 (0.147)	94.53 (95.75)
[400/469]	0.0120 (0.0124)	0.0006 (0.0010)	0.106 (0.140)	96.09 (95.95)
[468/469]	0.0117 (0.0123)	0.0005 (0.0010)	0.099 (0.137)	95.83 (96.04)
 * Train Acc 96.043
 * Val Acc 96.770, Total time 0.94
Computing SI
validation split name: 1
 * Val Acc 95.950, Total time 0.72
validation split name: 2
 * Val Acc 96.770, Total time 0.96
====================== 3 =======================
#reg_term: 1
Epoch:0
LR: 0.0001
Itr		Time		  Data		  Loss		Acc
[0/469]	0.1328 (0.1328)	0.1173 (0.1173)	2.276 (2.276)	18.75 (18.75)
[100/469]	0.0120 (0.0135)	0.0007 (0.0021)	0.450 (0.607)	87.50 (82.54)
[200/469]	0.0120 (0.0128)	0.0006 (0.0014)	0.251 (0.438)	93.75 (87.41)
[300/469]	0.0118 (0.0125)	0.0006 (0.0012)	0.101 (0.366)	96.88 (89.47)
[400/469]	0.0119 (0.0124)	0.0007 (0.0010)	0.211 (0.320)	92.97 (90.82)
[468/469]	0.0117 (0.0123)	0.0005 (0.0010)	0.194 (0.297)	92.71 (91.50)
 * Train Acc 91.497
 * Val Acc 95.530, Total time 0.95
Epoch:1
LR: 0.0001
Itr		Time		  Data		  Loss		Acc
[0/469]	0.1361 (0.1361)	0.1210 (0.1210)	0.157 (0.157)	95.31 (95.31)
[100/469]	0.0121 (0.0133)	0.0008 (0.0019)	0.205 (0.138)	93.75 (96.05)
[200/469]	0.0124 (0.0126)	0.0007 (0.0013)	0.088 (0.132)	98.44 (96.25)
[300/469]	0.0119 (0.0124)	0.0007 (0.0011)	0.127 (0.130)	96.88 (96.32)
[400/469]	0.0118 (0.0123)	0.0006 (0.0010)	0.036 (0.127)	99.22 (96.38)
[468/469]	0.0117 (0.0123)	0.0006 (0.0010)	0.269 (0.124)	93.75 (96.46)
 * Train Acc 96.463
 * Val Acc 96.880, Total time 0.93
Computing SI
validation split name: 1
 * Val Acc 95.650, Total time 0.71
validation split name: 2
 * Val Acc 96.080, Total time 0.93
validation split name: 3
 * Val Acc 96.880, Total time 0.94
====================== 4 =======================
#reg_term: 1
Epoch:0
LR: 0.0001
Itr		Time		  Data		  Loss		Acc
[0/469]	0.1458 (0.1458)	0.1303 (0.1303)	2.306 (2.306)	15.62 (15.62)
[100/469]	0.0175 (0.0162)	0.0011 (0.0021)	0.263 (0.584)	90.62 (82.39)
[200/469]	0.0118 (0.0143)	0.0007 (0.0014)	0.191 (0.424)	94.53 (87.41)
[300/469]	0.0120 (0.0135)	0.0008 (0.0012)	0.129 (0.352)	97.66 (89.55)
[400/469]	0.0121 (0.0132)	0.0008 (0.0011)	0.159 (0.310)	97.66 (90.86)
[468/469]	0.0119 (0.0130)	0.0007 (0.0010)	0.140 (0.289)	94.79 (91.47)
 * Train Acc 91.472
 * Val Acc 95.780, Total time 0.94
Epoch:1
LR: 0.0001
Itr		Time		  Data		  Loss		Acc
[0/469]	0.1328 (0.1328)	0.1177 (0.1177)	0.137 (0.137)	96.09 (96.09)
[100/469]	0.0119 (0.0137)	0.0006 (0.0019)	0.170 (0.137)	95.31 (96.01)
[200/469]	0.0121 (0.0128)	0.0008 (0.0013)	0.091 (0.132)	96.09 (96.30)
[300/469]	0.0121 (0.0126)	0.0007 (0.0011)	0.123 (0.128)	96.09 (96.42)
[400/469]	0.0121 (0.0124)	0.0007 (0.0010)	0.121 (0.125)	96.88 (96.52)
[468/469]	0.0123 (0.0124)	0.0010 (0.0009)	0.074 (0.123)	97.92 (96.56)
 * Train Acc 96.562
 * Val Acc 96.980, Total time 0.95
Computing SI
validation split name: 1
 * Val Acc 95.120, Total time 0.70
validation split name: 2
 * Val Acc 95.850, Total time 0.94
validation split name: 3
 * Val Acc 95.140, Total time 0.94
validation split name: 4
 * Val Acc 96.980, Total time 0.95
====================== 5 =======================
#reg_term: 1
Epoch:0
LR: 0.0001
Itr		Time		  Data		  Loss		Acc
[0/469]	0.1336 (0.1336)	0.1180 (0.1180)	2.390 (2.390)	9.38 (9.38)
[100/469]	0.0114 (0.0132)	0.0006 (0.0020)	0.313 (0.577)	92.19 (82.79)
[200/469]	0.0113 (0.0123)	0.0006 (0.0013)	0.330 (0.422)	89.06 (87.54)
[300/469]	0.0114 (0.0120)	0.0006 (0.0011)	0.183 (0.354)	95.31 (89.58)
[400/469]	0.0113 (0.0118)	0.0006 (0.0009)	0.217 (0.310)	93.75 (90.88)
[468/469]	0.0120 (0.0118)	0.0008 (0.0009)	0.181 (0.290)	93.75 (91.50)
 * Train Acc 91.498
 * Val Acc 95.610, Total time 0.93
Epoch:1
LR: 0.0001
Itr		Time		  Data		  Loss		Acc
[0/469]	0.1364 (0.1364)	0.1202 (0.1202)	0.235 (0.235)	93.75 (93.75)
[100/469]	0.0120 (0.0133)	0.0007 (0.0019)	0.202 (0.132)	93.75 (96.36)
[200/469]	0.0121 (0.0126)	0.0006 (0.0013)	0.113 (0.130)	97.66 (96.37)
[300/469]	0.0119 (0.0124)	0.0006 (0.0011)	0.089 (0.126)	97.66 (96.51)
[400/469]	0.0120 (0.0123)	0.0006 (0.0010)	0.054 (0.125)	99.22 (96.54)
[468/469]	0.0119 (0.0123)	0.0006 (0.0009)	0.117 (0.123)	94.79 (96.58)
 * Train Acc 96.582
 * Val Acc 96.770, Total time 0.93
Computing SI
validation split name: 1
 * Val Acc 94.450, Total time 0.69
validation split name: 2
 * Val Acc 95.180, Total time 0.94
validation split name: 3
 * Val Acc 95.320, Total time 0.94
validation split name: 4
 * Val Acc 96.170, Total time 0.94
validation split name: 5
 * Val Acc 96.770, Total time 0.94
====================== 6 =======================
#reg_term: 1
Epoch:0
LR: 0.0001
Itr		Time		  Data		  Loss		Acc
[0/469]	0.1359 (0.1359)	0.1210 (0.1210)	2.458 (2.458)	14.84 (14.84)
[100/469]	0.0121 (0.0136)	0.0007 (0.0019)	0.195 (0.579)	96.09 (83.06)
[200/469]	0.0121 (0.0128)	0.0008 (0.0013)	0.230 (0.418)	92.97 (87.73)
[300/469]	0.0120 (0.0125)	0.0007 (0.0011)	0.189 (0.352)	96.88 (89.71)
[400/469]	0.0120 (0.0124)	0.0007 (0.0010)	0.252 (0.311)	93.75 (90.97)
[468/469]	0.0119 (0.0123)	0.0007 (0.0009)	0.125 (0.290)	97.92 (91.63)
 * Train Acc 91.630
 * Val Acc 95.760, Total time 0.94
Epoch:1
LR: 0.0001
Itr		Time		  Data		  Loss		Acc
[0/469]	0.1369 (0.1369)	0.1207 (0.1207)	0.134 (0.134)	96.09 (96.09)
[100/469]	0.0123 (0.0137)	0.0007 (0.0021)	0.203 (0.136)	93.75 (96.16)
[200/469]	0.0121 (0.0130)	0.0008 (0.0014)	0.139 (0.131)	96.88 (96.46)
[300/469]	0.0123 (0.0127)	0.0006 (0.0012)	0.063 (0.128)	98.44 (96.56)
[400/469]	0.0123 (0.0126)	0.0006 (0.0010)	0.205 (0.126)	92.19 (96.61)
[468/469]	0.0123 (0.0125)	0.0008 (0.0010)	0.196 (0.124)	92.71 (96.61)
 * Train Acc 96.607
 * Val Acc 97.020, Total time 1.00
Computing SI
validation split name: 1
 * Val Acc 93.850, Total time 0.72
validation split name: 2
 * Val Acc 95.450, Total time 0.94
validation split name: 3
 * Val Acc 95.710, Total time 0.93
validation split name: 4
 * Val Acc 96.120, Total time 0.96
validation split name: 5
 * Val Acc 94.140, Total time 0.99
validation split name: 6
 * Val Acc 97.020, Total time 0.93
====================== 7 =======================
#reg_term: 1
Epoch:0
LR: 0.0001
Itr		Time		  Data		  Loss		Acc
[0/469]	0.1471 (0.1471)	0.1329 (0.1329)	2.485 (2.485)	10.94 (10.94)
[100/469]	0.0120 (0.0144)	0.0006 (0.0022)	0.263 (0.581)	91.41 (82.23)
[200/469]	0.0125 (0.0133)	0.0011 (0.0014)	0.173 (0.421)	96.09 (87.33)
[300/469]	0.0120 (0.0129)	0.0006 (0.0012)	0.168 (0.352)	93.75 (89.50)
[400/469]	0.0121 (0.0126)	0.0007 (0.0011)	0.120 (0.312)	98.44 (90.77)
[468/469]	0.0116 (0.0125)	0.0005 (0.0010)	0.144 (0.292)	95.83 (91.39)
 * Train Acc 91.393
 * Val Acc 96.020, Total time 0.96
Epoch:1
LR: 0.0001
Itr		Time		  Data		  Loss		Acc
[0/469]	0.1335 (0.1335)	0.1178 (0.1178)	0.130 (0.130)	96.88 (96.88)
[100/469]	0.0122 (0.0134)	0.0008 (0.0019)	0.081 (0.136)	98.44 (96.26)
[200/469]	0.0123 (0.0128)	0.0006 (0.0013)	0.136 (0.137)	96.88 (96.30)
[300/469]	0.0120 (0.0126)	0.0006 (0.0011)	0.092 (0.134)	96.09 (96.37)
[400/469]	0.0121 (0.0125)	0.0007 (0.0010)	0.032 (0.130)	99.22 (96.50)
[468/469]	0.0125 (0.0124)	0.0011 (0.0009)	0.094 (0.128)	98.96 (96.55)
 * Train Acc 96.552
 * Val Acc 96.960, Total time 0.93
Computing SI
validation split name: 1
 * Val Acc 94.230, Total time 0.70
validation split name: 2
 * Val Acc 95.310, Total time 0.95
validation split name: 3
 * Val Acc 95.420, Total time 0.97
validation split name: 4
 * Val Acc 95.500, Total time 0.95
validation split name: 5
 * Val Acc 93.480, Total time 0.95
validation split name: 6
 * Val Acc 96.150, Total time 0.93
validation split name: 7
 * Val Acc 96.960, Total time 0.95
====================== 8 =======================
#reg_term: 1
Epoch:0
LR: 0.0001
Itr		Time		  Data		  Loss		Acc
[0/469]	0.1334 (0.1334)	0.1187 (0.1187)	2.480 (2.480)	6.25 (6.25)
[100/469]	0.0119 (0.0137)	0.0006 (0.0019)	0.331 (0.580)	91.41 (82.42)
[200/469]	0.0119 (0.0129)	0.0006 (0.0013)	0.272 (0.420)	89.84 (87.55)
[300/469]	0.0116 (0.0125)	0.0006 (0.0011)	0.177 (0.353)	94.53 (89.58)
[400/469]	0.0116 (0.0123)	0.0006 (0.0010)	0.084 (0.311)	98.44 (90.88)
[468/469]	0.0118 (0.0122)	0.0007 (0.0009)	0.114 (0.289)	97.92 (91.57)
 * Train Acc 91.570
 * Val Acc 95.850, Total time 0.94
Epoch:1
LR: 0.0001
Itr		Time		  Data		  Loss		Acc
[0/469]	0.1335 (0.1335)	0.1183 (0.1183)	0.101 (0.101)	97.66 (97.66)
[100/469]	0.0122 (0.0141)	0.0008 (0.0025)	0.208 (0.138)	93.75 (96.30)
[200/469]	0.0120 (0.0131)	0.0006 (0.0016)	0.113 (0.138)	96.88 (96.32)
[300/469]	0.0120 (0.0127)	0.0007 (0.0013)	0.214 (0.133)	96.88 (96.51)
[400/469]	0.0119 (0.0126)	0.0006 (0.0012)	0.162 (0.131)	94.53 (96.58)
[468/469]	0.0119 (0.0125)	0.0006 (0.0011)	0.113 (0.129)	96.88 (96.61)
 * Train Acc 96.612
 * Val Acc 97.030, Total time 0.97
Computing SI
validation split name: 1
 * Val Acc 93.950, Total time 0.74
validation split name: 2
 * Val Acc 95.520, Total time 0.93
validation split name: 3
 * Val Acc 94.380, Total time 0.94
validation split name: 4
 * Val Acc 95.230, Total time 0.94
validation split name: 5
 * Val Acc 92.490, Total time 0.94
validation split name: 6
 * Val Acc 96.170, Total time 0.94
validation split name: 7
 * Val Acc 96.370, Total time 0.93
validation split name: 8
 * Val Acc 97.030, Total time 0.93
====================== 9 =======================
#reg_term: 1
Epoch:0
LR: 0.0001
Itr		Time		  Data		  Loss		Acc
[0/469]	0.1480 (0.1480)	0.1323 (0.1323)	2.459 (2.459)	7.03 (7.03)
[100/469]	0.0120 (0.0137)	0.0007 (0.0022)	0.248 (0.559)	91.41 (82.86)
[200/469]	0.0119 (0.0129)	0.0007 (0.0015)	0.218 (0.418)	94.53 (87.45)
[300/469]	0.0119 (0.0126)	0.0006 (0.0012)	0.137 (0.351)	96.88 (89.55)
[400/469]	0.0121 (0.0124)	0.0007 (0.0011)	0.133 (0.309)	96.09 (90.90)
[468/469]	0.0122 (0.0124)	0.0008 (0.0010)	0.127 (0.289)	95.83 (91.56)
 * Train Acc 91.555
 * Val Acc 95.910, Total time 1.00
Epoch:1
LR: 0.0001
Itr		Time		  Data		  Loss		Acc
[0/469]	0.1377 (0.1377)	0.1223 (0.1223)	0.097 (0.097)	96.88 (96.88)
[100/469]	0.0122 (0.0138)	0.0006 (0.0021)	0.155 (0.141)	95.31 (96.32)
[200/469]	0.0122 (0.0130)	0.0006 (0.0014)	0.165 (0.136)	97.66 (96.39)
[300/469]	0.0121 (0.0128)	0.0006 (0.0012)	0.113 (0.137)	96.09 (96.36)
[400/469]	0.0122 (0.0126)	0.0006 (0.0010)	0.111 (0.133)	96.88 (96.53)
[468/469]	0.0120 (0.0126)	0.0006 (0.0010)	0.059 (0.131)	98.96 (96.59)
 * Train Acc 96.593
 * Val Acc 97.190, Total time 0.92
Computing SI
validation split name: 1
 * Val Acc 93.570, Total time 0.72
validation split name: 2
 * Val Acc 94.800, Total time 0.95
validation split name: 3
 * Val Acc 93.280, Total time 0.93
validation split name: 4
 * Val Acc 95.150, Total time 0.97
validation split name: 5
 * Val Acc 90.500, Total time 0.98
validation split name: 6
 * Val Acc 95.990, Total time 0.94
validation split name: 7
 * Val Acc 96.410, Total time 0.96
validation split name: 8
 * Val Acc 96.640, Total time 0.95
validation split name: 9
 * Val Acc 97.190, Total time 0.97
====================== 10 =======================
#reg_term: 1
Epoch:0
LR: 0.0001
Itr		Time		  Data		  Loss		Acc
[0/469]	0.1399 (0.1399)	0.1234 (0.1234)	2.391 (2.391)	9.38 (9.38)
[100/469]	0.0116 (0.0137)	0.0006 (0.0019)	0.316 (0.556)	91.41 (83.07)
[200/469]	0.0116 (0.0127)	0.0006 (0.0013)	0.189 (0.409)	95.31 (87.87)
[300/469]	0.0116 (0.0123)	0.0006 (0.0010)	0.169 (0.346)	94.53 (89.84)
[400/469]	0.0116 (0.0121)	0.0006 (0.0009)	0.177 (0.306)	96.09 (91.11)
[468/469]	0.0119 (0.0121)	0.0009 (0.0009)	0.231 (0.287)	94.79 (91.72)
 * Train Acc 91.722
 * Val Acc 95.700, Total time 0.93
Epoch:1
LR: 0.0001
Itr		Time		  Data		  Loss		Acc
[0/469]	0.1368 (0.1368)	0.1212 (0.1212)	0.127 (0.127)	97.66 (97.66)
[100/469]	0.0121 (0.0136)	0.0007 (0.0020)	0.167 (0.140)	96.88 (96.50)
[200/469]	0.0121 (0.0128)	0.0007 (0.0013)	0.142 (0.144)	95.31 (96.32)
[300/469]	0.0120 (0.0126)	0.0006 (0.0011)	0.085 (0.140)	98.44 (96.37)
[400/469]	0.0120 (0.0125)	0.0006 (0.0010)	0.107 (0.136)	96.88 (96.50)
[468/469]	0.0119 (0.0124)	0.0005 (0.0009)	0.151 (0.133)	96.88 (96.60)
 * Train Acc 96.597
 * Val Acc 96.800, Total time 0.92
Computing SI
validation split name: 1
 * Val Acc 93.970, Total time 0.75
validation split name: 2
 * Val Acc 94.940, Total time 0.93
validation split name: 3
 * Val Acc 92.690, Total time 0.96
validation split name: 4
 * Val Acc 94.840, Total time 0.99
validation split name: 5
 * Val Acc 90.380, Total time 0.96
validation split name: 6
 * Val Acc 95.640, Total time 0.95
validation split name: 7
 * Val Acc 96.070, Total time 0.99
validation split name: 8
 * Val Acc 96.460, Total time 0.94
validation split name: 9
 * Val Acc 96.720, Total time 0.93
validation split name: 10
 * Val Acc 96.800, Total time 0.95
OrderedDict([('1', OrderedDict([('1', 96.29), ('2', 95.95), ('3', 95.65), ('4', 95.12), ('5', 94.45), ('6', 93.85), ('7', 94.23), ('8', 93.95), ('9', 93.57), ('10', 93.97)])), ('2', OrderedDict([('2', 96.77), ('3', 96.08), ('4', 95.85), ('5', 95.18), ('6', 95.45), ('7', 95.31), ('8', 95.52), ('9', 94.8), ('10', 94.94)])), ('3', OrderedDict([('3', 96.88), ('4', 95.14), ('5', 95.32), ('6', 95.71), ('7', 95.42), ('8', 94.38), ('9', 93.28), ('10', 92.69)])), ('4', OrderedDict([('4', 96.98), ('5', 96.17), ('6', 96.12), ('7', 95.5), ('8', 95.23), ('9', 95.15), ('10', 94.84)])), ('5', OrderedDict([('5', 96.77), ('6', 94.14), ('7', 93.48), ('8', 92.49), ('9', 90.5), ('10', 90.38)])), ('6', OrderedDict([('6', 97.02), ('7', 96.15), ('8', 96.17), ('9', 95.99), ('10', 95.64)])), ('7', OrderedDict([('7', 96.96), ('8', 96.37), ('9', 96.41), ('10', 96.07)])), ('8', OrderedDict([('8', 97.03), ('9', 96.64), ('10', 96.46)])), ('9', OrderedDict([('9', 97.19), ('10', 96.72)])), ('10', OrderedDict([('10', 96.8)]))])
Task 1 average acc: 96.29
Task 2 average acc: 96.36
Task 3 average acc: 96.20333333333333
Task 4 average acc: 95.77250000000001
Task 5 average acc: 95.578
Task 6 average acc: 95.38166666666666
Task 7 average acc: 95.29285714285716
Task 8 average acc: 95.1425
Task 9 average acc: 94.83666666666666
Task 10 average acc: 94.851
===Summary of experiment repeats: 2 / 5 ===
The regularization coefficient: 1.0
The last avg acc of all repeats: [93.417 94.851  0.     0.     0.   ]
mean: 37.6536 std: 46.11828298018043
MLP(
  (linear): Sequential(
    (0): Linear(in_features=1024, out_features=1000, bias=True)
    (1): ReLU(inplace=True)
    (2): Linear(in_features=1000, out_features=1000, bias=True)
    (3): ReLU(inplace=True)
  )
  (last): ModuleDict(
    (1): Linear(in_features=1000, out_features=10, bias=True)
    (2): Linear(in_features=1000, out_features=10, bias=True)
    (3): Linear(in_features=1000, out_features=10, bias=True)
    (4): Linear(in_features=1000, out_features=10, bias=True)
    (5): Linear(in_features=1000, out_features=10, bias=True)
    (6): Linear(in_features=1000, out_features=10, bias=True)
    (7): Linear(in_features=1000, out_features=10, bias=True)
    (8): Linear(in_features=1000, out_features=10, bias=True)
    (9): Linear(in_features=1000, out_features=10, bias=True)
    (10): Linear(in_features=1000, out_features=10, bias=True)
  )
)
#parameter of model: 2126100
Task order: ['1', '2', '3', '4', '5', '6', '7', '8', '9', '10']
====================== 1 =======================
#reg_term: 0
Epoch:0
LR: 0.0001
Itr		Time		  Data		  Loss		Acc
[0/469]	0.1218 (0.1218)	0.1123 (0.1123)	2.304 (2.304)	6.25 (6.25)
[100/469]	0.0058 (0.0082)	0.0008 (0.0031)	0.412 (0.817)	85.94 (80.13)
[200/469]	0.0057 (0.0077)	0.0007 (0.0026)	0.209 (0.570)	94.53 (85.39)
[300/469]	0.0098 (0.0075)	0.0047 (0.0025)	0.523 (0.469)	85.94 (87.65)
[400/469]	0.0072 (0.0074)	0.0022 (0.0024)	0.162 (0.408)	95.31 (89.08)
[468/469]	0.0054 (0.0074)	0.0005 (0.0024)	0.204 (0.378)	95.83 (89.81)
 * Train Acc 89.812
 * Val Acc 94.750, Total time 0.70
Epoch:1
LR: 0.0001
Itr		Time		  Data		  Loss		Acc
[0/469]	0.1180 (0.1180)	0.1092 (0.1092)	0.174 (0.174)	93.75 (93.75)
[100/469]	0.0056 (0.0083)	0.0008 (0.0033)	0.237 (0.180)	92.97 (94.83)
[200/469]	0.0050 (0.0078)	0.0001 (0.0028)	0.134 (0.169)	95.31 (95.15)
[300/469]	0.0065 (0.0076)	0.0015 (0.0026)	0.307 (0.162)	93.75 (95.30)
[400/469]	0.0101 (0.0075)	0.0052 (0.0025)	0.212 (0.156)	92.97 (95.49)
[468/469]	0.0054 (0.0074)	0.0005 (0.0025)	0.175 (0.152)	96.88 (95.61)
 * Train Acc 95.615
 * Val Acc 96.500, Total time 0.70
Computing SI
validation split name: 1
 * Val Acc 96.500, Total time 0.70
====================== 2 =======================
#reg_term: 1
Epoch:0
LR: 0.0001
Itr		Time		  Data		  Loss		Acc
[0/469]	0.1329 (0.1329)	0.1191 (0.1191)	2.294 (2.294)	11.72 (11.72)
[100/469]	0.0120 (0.0133)	0.0007 (0.0019)	0.246 (0.647)	93.75 (82.17)
[200/469]	0.0118 (0.0127)	0.0006 (0.0013)	0.227 (0.469)	94.53 (86.77)
[300/469]	0.0119 (0.0125)	0.0007 (0.0011)	0.324 (0.394)	88.28 (88.77)
[400/469]	0.0120 (0.0124)	0.0007 (0.0010)	0.167 (0.346)	93.75 (90.06)
[468/469]	0.0120 (0.0123)	0.0007 (0.0010)	0.171 (0.323)	95.83 (90.71)
 * Train Acc 90.712
 * Val Acc 95.060, Total time 0.95
Epoch:1
LR: 0.0001
Itr		Time		  Data		  Loss		Acc
[0/469]	0.1514 (0.1514)	0.1351 (0.1351)	0.166 (0.166)	95.31 (95.31)
[100/469]	0.0133 (0.0148)	0.0011 (0.0023)	0.136 (0.157)	95.31 (95.62)
[200/469]	0.0117 (0.0138)	0.0001 (0.0016)	0.121 (0.149)	96.88 (95.87)
[300/469]	0.0140 (0.0134)	0.0025 (0.0014)	0.237 (0.146)	92.97 (95.92)
[400/469]	0.0117 (0.0132)	0.0001 (0.0013)	0.156 (0.139)	96.09 (96.09)
[468/469]	0.0121 (0.0130)	0.0006 (0.0012)	0.079 (0.136)	97.92 (96.14)
 * Train Acc 96.140
 * Val Acc 96.740, Total time 0.94
Computing SI
validation split name: 1
 * Val Acc 95.720, Total time 0.69
validation split name: 2
 * Val Acc 96.740, Total time 0.93
====================== 3 =======================
#reg_term: 1
Epoch:0
LR: 0.0001
Itr		Time		  Data		  Loss		Acc
[0/469]	0.1384 (0.1384)	0.1238 (0.1238)	2.367 (2.367)	6.25 (6.25)
[100/469]	0.0122 (0.0135)	0.0008 (0.0019)	0.513 (0.603)	85.16 (82.62)
[200/469]	0.0119 (0.0127)	0.0006 (0.0013)	0.171 (0.436)	94.53 (87.33)
[300/469]	0.0122 (0.0125)	0.0007 (0.0011)	0.175 (0.361)	92.97 (89.42)
[400/469]	0.0119 (0.0124)	0.0006 (0.0010)	0.120 (0.319)	97.66 (90.66)
[468/469]	0.0120 (0.0123)	0.0007 (0.0009)	0.183 (0.297)	94.79 (91.27)
 * Train Acc 91.268
 * Val Acc 95.620, Total time 0.96
Epoch:1
LR: 0.0001
Itr		Time		  Data		  Loss		Acc
[0/469]	0.1325 (0.1325)	0.1176 (0.1176)	0.270 (0.270)	94.53 (94.53)
[100/469]	0.0120 (0.0134)	0.0006 (0.0019)	0.164 (0.137)	94.53 (96.10)
[200/469]	0.0119 (0.0127)	0.0006 (0.0013)	0.140 (0.131)	94.53 (96.23)
[300/469]	0.0120 (0.0125)	0.0006 (0.0011)	0.066 (0.129)	98.44 (96.21)
[400/469]	0.0119 (0.0124)	0.0006 (0.0010)	0.060 (0.124)	97.66 (96.39)
[468/469]	0.0121 (0.0124)	0.0006 (0.0009)	0.053 (0.122)	98.96 (96.45)
 * Train Acc 96.453
 * Val Acc 96.960, Total time 0.96
Computing SI
validation split name: 1
 * Val Acc 95.070, Total time 0.69
validation split name: 2
 * Val Acc 95.080, Total time 0.93
validation split name: 3
 * Val Acc 96.960, Total time 0.94
====================== 4 =======================
#reg_term: 1
Epoch:0
LR: 0.0001
Itr		Time		  Data		  Loss		Acc
[0/469]	0.1348 (0.1348)	0.1193 (0.1193)	2.344 (2.344)	14.84 (14.84)
[100/469]	0.0126 (0.0136)	0.0007 (0.0019)	0.335 (0.593)	91.41 (82.22)
[200/469]	0.0121 (0.0129)	0.0006 (0.0013)	0.345 (0.435)	91.41 (87.02)
[300/469]	0.0124 (0.0127)	0.0009 (0.0011)	0.117 (0.359)	97.66 (89.28)
[400/469]	0.0123 (0.0126)	0.0007 (0.0010)	0.211 (0.316)	91.41 (90.61)
[468/469]	0.0121 (0.0125)	0.0007 (0.0010)	0.070 (0.293)	97.92 (91.29)
 * Train Acc 91.292
 * Val Acc 95.990, Total time 0.95
Epoch:1
LR: 0.0001
Itr		Time		  Data		  Loss		Acc
[0/469]	0.1330 (0.1330)	0.1186 (0.1186)	0.107 (0.107)	97.66 (97.66)
[100/469]	0.0121 (0.0136)	0.0006 (0.0021)	0.092 (0.140)	97.66 (96.15)
[200/469]	0.0121 (0.0129)	0.0006 (0.0014)	0.125 (0.135)	96.09 (96.35)
[300/469]	0.0121 (0.0127)	0.0006 (0.0011)	0.094 (0.130)	96.88 (96.44)
[400/469]	0.0121 (0.0125)	0.0006 (0.0010)	0.093 (0.125)	96.88 (96.54)
[468/469]	0.0119 (0.0125)	0.0005 (0.0010)	0.068 (0.122)	97.92 (96.65)
 * Train Acc 96.647
 * Val Acc 96.940, Total time 0.95
Computing SI
validation split name: 1
 * Val Acc 95.400, Total time 0.69
validation split name: 2
 * Val Acc 93.940, Total time 0.94
validation split name: 3
 * Val Acc 95.410, Total time 0.94
validation split name: 4
 * Val Acc 96.940, Total time 0.93
====================== 5 =======================
#reg_term: 1
Epoch:0
LR: 0.0001
Itr		Time		  Data		  Loss		Acc
[0/469]	0.1459 (0.1459)	0.1309 (0.1309)	2.354 (2.354)	10.94 (10.94)
[100/469]	0.0120 (0.0141)	0.0006 (0.0022)	0.209 (0.577)	92.19 (82.94)
[200/469]	0.0120 (0.0131)	0.0007 (0.0014)	0.302 (0.419)	92.19 (87.57)
[300/469]	0.0120 (0.0127)	0.0006 (0.0012)	0.122 (0.352)	96.88 (89.58)
[400/469]	0.0120 (0.0125)	0.0007 (0.0011)	0.124 (0.312)	97.66 (90.84)
[468/469]	0.0118 (0.0125)	0.0005 (0.0010)	0.265 (0.292)	92.71 (91.43)
 * Train Acc 91.427
 * Val Acc 95.780, Total time 0.94
Epoch:1
LR: 0.0001
Itr		Time		  Data		  Loss		Acc
[0/469]	0.1361 (0.1361)	0.1209 (0.1209)	0.181 (0.181)	95.31 (95.31)
[100/469]	0.0118 (0.0135)	0.0006 (0.0020)	0.183 (0.141)	94.53 (96.23)
[200/469]	0.0119 (0.0127)	0.0007 (0.0014)	0.133 (0.135)	96.09 (96.34)
[300/469]	0.0120 (0.0125)	0.0007 (0.0012)	0.095 (0.128)	96.88 (96.52)
[400/469]	0.0120 (0.0124)	0.0006 (0.0010)	0.151 (0.125)	95.31 (96.56)
[468/469]	0.0120 (0.0123)	0.0005 (0.0010)	0.041 (0.123)	98.96 (96.62)
 * Train Acc 96.622
 * Val Acc 97.220, Total time 0.94
Computing SI
validation split name: 1
 * Val Acc 94.510, Total time 0.69
validation split name: 2
 * Val Acc 93.970, Total time 1.00
validation split name: 3
 * Val Acc 95.400, Total time 0.97
validation split name: 4
 * Val Acc 96.090, Total time 0.93
validation split name: 5
 * Val Acc 97.220, Total time 0.96
====================== 6 =======================
#reg_term: 1
Epoch:0
LR: 0.0001
Itr		Time		  Data		  Loss		Acc
[0/469]	0.1349 (0.1349)	0.1184 (0.1184)	2.432 (2.432)	9.38 (9.38)
[100/469]	0.0121 (0.0136)	0.0006 (0.0019)	0.347 (0.572)	87.50 (82.63)
[200/469]	0.0123 (0.0129)	0.0008 (0.0013)	0.267 (0.415)	90.62 (87.53)
[300/469]	0.0121 (0.0127)	0.0006 (0.0011)	0.229 (0.351)	93.75 (89.57)
[400/469]	0.0123 (0.0126)	0.0008 (0.0010)	0.154 (0.310)	95.31 (90.85)
[468/469]	0.0121 (0.0125)	0.0006 (0.0009)	0.137 (0.288)	95.83 (91.52)
 * Train Acc 91.520
 * Val Acc 95.650, Total time 0.94
Epoch:1
LR: 0.0001
Itr		Time		  Data		  Loss		Acc
[0/469]	0.1405 (0.1405)	0.1257 (0.1257)	0.095 (0.095)	97.66 (97.66)
[100/469]	0.0119 (0.0151)	0.0008 (0.0020)	0.078 (0.142)	98.44 (96.04)
[200/469]	0.0119 (0.0135)	0.0007 (0.0014)	0.125 (0.135)	96.09 (96.18)
[300/469]	0.0118 (0.0130)	0.0006 (0.0012)	0.117 (0.129)	96.09 (96.42)
[400/469]	0.0117 (0.0127)	0.0006 (0.0010)	0.093 (0.126)	96.88 (96.51)
[468/469]	0.0117 (0.0126)	0.0005 (0.0010)	0.168 (0.125)	95.83 (96.55)
 * Train Acc 96.547
 * Val Acc 96.900, Total time 0.93
Computing SI
validation split name: 1
 * Val Acc 94.060, Total time 0.69
validation split name: 2
 * Val Acc 93.690, Total time 1.01
validation split name: 3
 * Val Acc 94.680, Total time 0.94
validation split name: 4
 * Val Acc 95.870, Total time 1.00
validation split name: 5
 * Val Acc 96.640, Total time 1.01
validation split name: 6
 * Val Acc 96.900, Total time 0.92
====================== 7 =======================
#reg_term: 1
Epoch:0
LR: 0.0001
Itr		Time		  Data		  Loss		Acc
[0/469]	0.1341 (0.1341)	0.1185 (0.1185)	2.471 (2.471)	7.03 (7.03)
[100/469]	0.0120 (0.0134)	0.0006 (0.0018)	0.252 (0.582)	91.41 (82.63)
[200/469]	0.0122 (0.0128)	0.0006 (0.0013)	0.248 (0.425)	91.41 (87.35)
[300/469]	0.0124 (0.0127)	0.0007 (0.0011)	0.163 (0.357)	95.31 (89.45)
[400/469]	0.0125 (0.0126)	0.0009 (0.0010)	0.167 (0.313)	92.97 (90.75)
[468/469]	0.0119 (0.0125)	0.0006 (0.0010)	0.246 (0.293)	92.71 (91.39)
 * Train Acc 91.393
 * Val Acc 95.730, Total time 0.93
Epoch:1
LR: 0.0001
Itr		Time		  Data		  Loss		Acc
[0/469]	0.1445 (0.1445)	0.1294 (0.1294)	0.154 (0.154)	95.31 (95.31)
[100/469]	0.0114 (0.0131)	0.0006 (0.0020)	0.249 (0.146)	92.97 (96.03)
[200/469]	0.0114 (0.0123)	0.0006 (0.0013)	0.221 (0.139)	94.53 (96.14)
[300/469]	0.0115 (0.0120)	0.0006 (0.0011)	0.148 (0.133)	96.09 (96.38)
[400/469]	0.0116 (0.0119)	0.0008 (0.0009)	0.103 (0.130)	96.88 (96.50)
[468/469]	0.0118 (0.0118)	0.0005 (0.0009)	0.125 (0.129)	96.88 (96.54)
 * Train Acc 96.537
 * Val Acc 96.870, Total time 0.93
Computing SI
validation split name: 1
 * Val Acc 93.270, Total time 0.69
validation split name: 2
 * Val Acc 93.020, Total time 0.96
validation split name: 3
 * Val Acc 95.240, Total time 0.95
validation split name: 4
 * Val Acc 95.600, Total time 0.96
validation split name: 5
 * Val Acc 96.450, Total time 0.95
validation split name: 6
 * Val Acc 96.480, Total time 0.97
validation split name: 7
 * Val Acc 96.870, Total time 0.95
====================== 8 =======================
#reg_term: 1
Epoch:0
LR: 0.0001
Itr		Time		  Data		  Loss		Acc
[0/469]	0.1348 (0.1348)	0.1199 (0.1199)	2.441 (2.441)	5.47 (5.47)
[100/469]	0.0117 (0.0134)	0.0007 (0.0019)	0.321 (0.566)	88.28 (83.13)
[200/469]	0.0117 (0.0126)	0.0006 (0.0013)	0.216 (0.412)	94.53 (87.87)
[300/469]	0.0117 (0.0123)	0.0006 (0.0011)	0.152 (0.346)	96.88 (89.85)
[400/469]	0.0117 (0.0121)	0.0006 (0.0010)	0.227 (0.307)	94.53 (91.00)
[468/469]	0.0114 (0.0121)	0.0005 (0.0009)	0.166 (0.287)	93.75 (91.60)
 * Train Acc 91.603
 * Val Acc 95.800, Total time 0.92
Epoch:1
LR: 0.0001
Itr		Time		  Data		  Loss		Acc
[0/469]	0.1358 (0.1358)	0.1205 (0.1205)	0.173 (0.173)	92.97 (92.97)
[100/469]	0.0119 (0.0142)	0.0006 (0.0020)	0.163 (0.135)	95.31 (96.36)
[200/469]	0.0119 (0.0131)	0.0007 (0.0013)	0.091 (0.134)	97.66 (96.42)
[300/469]	0.0120 (0.0127)	0.0006 (0.0011)	0.105 (0.132)	96.88 (96.43)
[400/469]	0.0121 (0.0126)	0.0008 (0.0010)	0.083 (0.128)	98.44 (96.63)
[468/469]	0.0119 (0.0125)	0.0008 (0.0010)	0.160 (0.126)	94.79 (96.69)
 * Train Acc 96.693
 * Val Acc 96.790, Total time 1.00
Computing SI
validation split name: 1
 * Val Acc 93.130, Total time 0.69
validation split name: 2
 * Val Acc 92.530, Total time 1.01
validation split name: 3
 * Val Acc 95.180, Total time 1.00
validation split name: 4
 * Val Acc 95.530, Total time 0.97
validation split name: 5
 * Val Acc 95.850, Total time 0.94
validation split name: 6
 * Val Acc 96.430, Total time 0.93
validation split name: 7
 * Val Acc 96.260, Total time 0.94
validation split name: 8
 * Val Acc 96.790, Total time 0.95
====================== 9 =======================
#reg_term: 1
Epoch:0
LR: 0.0001
Itr		Time		  Data		  Loss		Acc
[0/469]	0.1369 (0.1369)	0.1212 (0.1212)	2.479 (2.479)	13.28 (13.28)
[100/469]	0.0120 (0.0134)	0.0006 (0.0019)	0.257 (0.574)	92.97 (83.12)
[200/469]	0.0120 (0.0127)	0.0007 (0.0013)	0.135 (0.419)	96.88 (87.71)
[300/469]	0.0122 (0.0125)	0.0008 (0.0011)	0.147 (0.351)	96.09 (89.83)
[400/469]	0.0125 (0.0124)	0.0008 (0.0010)	0.115 (0.309)	97.66 (91.05)
[468/469]	0.0121 (0.0124)	0.0007 (0.0010)	0.078 (0.288)	98.96 (91.75)
 * Train Acc 91.748
 * Val Acc 95.720, Total time 0.93
Epoch:1
LR: 0.0001
Itr		Time		  Data		  Loss		Acc
[0/469]	0.1321 (0.1321)	0.1166 (0.1166)	0.102 (0.102)	97.66 (97.66)
[100/469]	0.0118 (0.0132)	0.0006 (0.0018)	0.170 (0.145)	96.09 (96.23)
[200/469]	0.0121 (0.0126)	0.0008 (0.0013)	0.146 (0.138)	96.09 (96.40)
[300/469]	0.0120 (0.0124)	0.0007 (0.0011)	0.128 (0.134)	96.88 (96.49)
[400/469]	0.0121 (0.0123)	0.0009 (0.0010)	0.134 (0.131)	95.31 (96.62)
[468/469]	0.0118 (0.0123)	0.0007 (0.0010)	0.132 (0.130)	95.83 (96.67)
 * Train Acc 96.665
 * Val Acc 97.030, Total time 0.93
Computing SI
validation split name: 1
 * Val Acc 93.160, Total time 0.69
validation split name: 2
 * Val Acc 92.770, Total time 0.96
validation split name: 3
 * Val Acc 95.610, Total time 0.94
validation split name: 4
 * Val Acc 94.130, Total time 0.99
validation split name: 5
 * Val Acc 95.750, Total time 0.95
validation split name: 6
 * Val Acc 96.200, Total time 0.94
validation split name: 7
 * Val Acc 96.090, Total time 0.99
validation split name: 8
 * Val Acc 94.470, Total time 1.00
validation split name: 9
 * Val Acc 97.030, Total time 0.96
====================== 10 =======================
#reg_term: 1
Epoch:0
LR: 0.0001
Itr		Time		  Data		  Loss		Acc
[0/469]	0.1390 (0.1390)	0.1246 (0.1246)	2.448 (2.448)	10.94 (10.94)
[100/469]	0.0125 (0.0147)	0.0009 (0.0020)	0.304 (0.573)	90.62 (82.55)
[200/469]	0.0122 (0.0135)	0.0007 (0.0014)	0.174 (0.416)	95.31 (87.57)
[300/469]	0.0120 (0.0130)	0.0007 (0.0012)	0.207 (0.348)	94.53 (89.69)
[400/469]	0.0119 (0.0127)	0.0006 (0.0010)	0.157 (0.310)	96.09 (90.90)
[468/469]	0.0122 (0.0126)	0.0007 (0.0010)	0.249 (0.290)	93.75 (91.59)
 * Train Acc 91.588
 * Val Acc 95.670, Total time 0.98
Epoch:1
LR: 0.0001
Itr		Time		  Data		  Loss		Acc
[0/469]	0.1357 (0.1357)	0.1219 (0.1219)	0.139 (0.139)	96.88 (96.88)
[100/469]	0.0118 (0.0130)	0.0006 (0.0018)	0.204 (0.143)	96.88 (96.31)
[200/469]	0.0120 (0.0125)	0.0006 (0.0012)	0.111 (0.143)	96.88 (96.30)
[300/469]	0.0118 (0.0124)	0.0006 (0.0011)	0.122 (0.139)	96.88 (96.43)
[400/469]	0.0120 (0.0123)	0.0006 (0.0010)	0.092 (0.136)	97.66 (96.54)
[468/469]	0.0118 (0.0122)	0.0005 (0.0009)	0.062 (0.133)	98.96 (96.63)
 * Train Acc 96.633
 * Val Acc 96.850, Total time 0.93
Computing SI
validation split name: 1
 * Val Acc 93.910, Total time 0.73
validation split name: 2
 * Val Acc 92.270, Total time 0.93
validation split name: 3
 * Val Acc 95.370, Total time 0.99
validation split name: 4
 * Val Acc 94.150, Total time 0.94
validation split name: 5
 * Val Acc 94.700, Total time 0.95
validation split name: 6
 * Val Acc 96.090, Total time 0.93
validation split name: 7
 * Val Acc 96.060, Total time 0.93
validation split name: 8
 * Val Acc 92.900, Total time 0.95
validation split name: 9
 * Val Acc 95.680, Total time 0.93
validation split name: 10
 * Val Acc 96.850, Total time 0.93
OrderedDict([('1', OrderedDict([('1', 96.5), ('2', 95.72), ('3', 95.07), ('4', 95.4), ('5', 94.51), ('6', 94.06), ('7', 93.27), ('8', 93.13), ('9', 93.16), ('10', 93.91)])), ('2', OrderedDict([('2', 96.74), ('3', 95.08), ('4', 93.94), ('5', 93.97), ('6', 93.69), ('7', 93.02), ('8', 92.53), ('9', 92.77), ('10', 92.27)])), ('3', OrderedDict([('3', 96.96), ('4', 95.41), ('5', 95.4), ('6', 94.68), ('7', 95.24), ('8', 95.18), ('9', 95.61), ('10', 95.37)])), ('4', OrderedDict([('4', 96.94), ('5', 96.09), ('6', 95.87), ('7', 95.6), ('8', 95.53), ('9', 94.13), ('10', 94.15)])), ('5', OrderedDict([('5', 97.22), ('6', 96.64), ('7', 96.45), ('8', 95.85), ('9', 95.75), ('10', 94.7)])), ('6', OrderedDict([('6', 96.9), ('7', 96.48), ('8', 96.43), ('9', 96.2), ('10', 96.09)])), ('7', OrderedDict([('7', 96.87), ('8', 96.26), ('9', 96.09), ('10', 96.06)])), ('8', OrderedDict([('8', 96.79), ('9', 94.47), ('10', 92.9)])), ('9', OrderedDict([('9', 97.03), ('10', 95.68)])), ('10', OrderedDict([('10', 96.85)]))])
Task 1 average acc: 96.5
Task 2 average acc: 96.22999999999999
Task 3 average acc: 95.70333333333332
Task 4 average acc: 95.4225
Task 5 average acc: 95.43800000000002
Task 6 average acc: 95.30666666666667
Task 7 average acc: 95.27571428571427
Task 8 average acc: 95.2125
Task 9 average acc: 95.02333333333334
Task 10 average acc: 94.79799999999999
===Summary of experiment repeats: 3 / 5 ===
The regularization coefficient: 1.0
The last avg acc of all repeats: [93.417 94.851 94.798  0.     0.   ]
mean: 56.61319999999999 std: 46.227344338172834
MLP(
  (linear): Sequential(
    (0): Linear(in_features=1024, out_features=1000, bias=True)
    (1): ReLU(inplace=True)
    (2): Linear(in_features=1000, out_features=1000, bias=True)
    (3): ReLU(inplace=True)
  )
  (last): ModuleDict(
    (1): Linear(in_features=1000, out_features=10, bias=True)
    (2): Linear(in_features=1000, out_features=10, bias=True)
    (3): Linear(in_features=1000, out_features=10, bias=True)
    (4): Linear(in_features=1000, out_features=10, bias=True)
    (5): Linear(in_features=1000, out_features=10, bias=True)
    (6): Linear(in_features=1000, out_features=10, bias=True)
    (7): Linear(in_features=1000, out_features=10, bias=True)
    (8): Linear(in_features=1000, out_features=10, bias=True)
    (9): Linear(in_features=1000, out_features=10, bias=True)
    (10): Linear(in_features=1000, out_features=10, bias=True)
  )
)
#parameter of model: 2126100
Task order: ['1', '2', '3', '4', '5', '6', '7', '8', '9', '10']
====================== 1 =======================
#reg_term: 0
Epoch:0
LR: 0.0001
Itr		Time		  Data		  Loss		Acc
[0/469]	0.1204 (0.1204)	0.1121 (0.1121)	2.327 (2.327)	8.59 (8.59)
[100/469]	0.0058 (0.0084)	0.0008 (0.0033)	0.178 (0.826)	94.53 (80.28)
[200/469]	0.0052 (0.0078)	0.0001 (0.0027)	0.295 (0.574)	88.28 (85.39)
[300/469]	0.0104 (0.0076)	0.0053 (0.0026)	0.221 (0.470)	92.97 (87.72)
[400/469]	0.0057 (0.0075)	0.0008 (0.0025)	0.282 (0.411)	95.31 (89.10)
[468/469]	0.0049 (0.0074)	0.0001 (0.0024)	0.127 (0.380)	96.88 (89.85)
 * Train Acc 89.850
 * Val Acc 94.700, Total time 0.71
Epoch:1
LR: 0.0001
Itr		Time		  Data		  Loss		Acc
[0/469]	0.1172 (0.1172)	0.1093 (0.1093)	0.176 (0.176)	94.53 (94.53)
[100/469]	0.0051 (0.0083)	0.0002 (0.0033)	0.126 (0.177)	96.88 (94.76)
[200/469]	0.0050 (0.0077)	0.0001 (0.0028)	0.132 (0.167)	95.31 (95.01)
[300/469]	0.0113 (0.0076)	0.0063 (0.0026)	0.224 (0.160)	94.53 (95.26)
[400/469]	0.0054 (0.0075)	0.0004 (0.0025)	0.107 (0.155)	96.09 (95.39)
[468/469]	0.0060 (0.0074)	0.0011 (0.0025)	0.139 (0.152)	95.83 (95.53)
 * Train Acc 95.525
 * Val Acc 96.540, Total time 0.69
Computing SI
validation split name: 1
 * Val Acc 96.540, Total time 0.69
====================== 2 =======================
#reg_term: 1
Epoch:0
LR: 0.0001
Itr		Time		  Data		  Loss		Acc
[0/469]	0.1414 (0.1414)	0.1240 (0.1240)	2.358 (2.358)	10.94 (10.94)
[100/469]	0.0121 (0.0136)	0.0007 (0.0020)	0.375 (0.655)	84.38 (81.47)
[200/469]	0.0120 (0.0128)	0.0006 (0.0013)	0.268 (0.474)	94.53 (86.42)
[300/469]	0.0121 (0.0125)	0.0006 (0.0011)	0.280 (0.397)	92.19 (88.47)
[400/469]	0.0120 (0.0124)	0.0006 (0.0010)	0.284 (0.350)	94.53 (89.88)
[468/469]	0.0118 (0.0124)	0.0005 (0.0010)	0.191 (0.326)	93.75 (90.55)
 * Train Acc 90.545
 * Val Acc 94.880, Total time 0.95
Epoch:1
LR: 0.0001
Itr		Time		  Data		  Loss		Acc
[0/469]	0.1336 (0.1336)	0.1189 (0.1189)	0.243 (0.243)	92.19 (92.19)
[100/469]	0.0120 (0.0137)	0.0009 (0.0021)	0.064 (0.161)	97.66 (95.52)
[200/469]	0.0116 (0.0127)	0.0006 (0.0014)	0.081 (0.154)	97.66 (95.63)
[300/469]	0.0117 (0.0124)	0.0007 (0.0012)	0.124 (0.147)	97.66 (95.75)
[400/469]	0.0116 (0.0123)	0.0006 (0.0011)	0.122 (0.143)	96.88 (95.86)
[468/469]	0.0116 (0.0122)	0.0007 (0.0010)	0.098 (0.140)	96.88 (95.94)
 * Train Acc 95.938
 * Val Acc 96.660, Total time 0.96
Computing SI
validation split name: 1
 * Val Acc 95.340, Total time 0.70
validation split name: 2
 * Val Acc 96.660, Total time 0.93
====================== 3 =======================
#reg_term: 1
Epoch:0
LR: 0.0001
Itr		Time		  Data		  Loss		Acc
[0/469]	0.1350 (0.1350)	0.1203 (0.1203)	2.349 (2.349)	11.72 (11.72)
[100/469]	0.0121 (0.0135)	0.0008 (0.0019)	0.381 (0.594)	86.72 (82.43)
[200/469]	0.0121 (0.0128)	0.0008 (0.0013)	0.251 (0.435)	90.62 (87.19)
[300/469]	0.0119 (0.0125)	0.0007 (0.0011)	0.163 (0.364)	93.75 (89.32)
[400/469]	0.0121 (0.0124)	0.0006 (0.0010)	0.181 (0.319)	95.31 (90.63)
[468/469]	0.0119 (0.0123)	0.0005 (0.0010)	0.148 (0.296)	93.75 (91.30)
 * Train Acc 91.298
 * Val Acc 95.660, Total time 0.93
Epoch:1
LR: 0.0001
Itr		Time		  Data		  Loss		Acc
[0/469]	0.1367 (0.1367)	0.1224 (0.1224)	0.212 (0.212)	95.31 (95.31)
[100/469]	0.0122 (0.0135)	0.0006 (0.0019)	0.190 (0.134)	93.75 (96.16)
[200/469]	0.0119 (0.0128)	0.0006 (0.0013)	0.221 (0.135)	92.19 (96.11)
[300/469]	0.0119 (0.0125)	0.0006 (0.0011)	0.087 (0.129)	97.66 (96.36)
[400/469]	0.0121 (0.0124)	0.0008 (0.0010)	0.172 (0.127)	95.31 (96.38)
[468/469]	0.0117 (0.0123)	0.0005 (0.0009)	0.091 (0.124)	97.92 (96.43)
 * Train Acc 96.428
 * Val Acc 96.870, Total time 0.93
Computing SI
validation split name: 1
 * Val Acc 94.910, Total time 0.70
validation split name: 2
 * Val Acc 94.520, Total time 0.93
validation split name: 3
 * Val Acc 96.870, Total time 0.94
====================== 4 =======================
#reg_term: 1
Epoch:0
LR: 0.0001
Itr		Time		  Data		  Loss		Acc
[0/469]	0.1332 (0.1332)	0.1196 (0.1196)	2.290 (2.290)	10.16 (10.16)
[100/469]	0.0127 (0.0135)	0.0007 (0.0019)	0.359 (0.577)	91.41 (82.84)
[200/469]	0.0119 (0.0129)	0.0007 (0.0013)	0.253 (0.420)	92.19 (87.53)
[300/469]	0.0121 (0.0126)	0.0008 (0.0011)	0.169 (0.352)	94.53 (89.61)
[400/469]	0.0119 (0.0124)	0.0006 (0.0010)	0.099 (0.307)	97.66 (90.95)
[468/469]	0.0120 (0.0124)	0.0006 (0.0010)	0.263 (0.287)	95.83 (91.53)
 * Train Acc 91.532
 * Val Acc 95.800, Total time 1.00
Epoch:1
LR: 0.0001
Itr		Time		  Data		  Loss		Acc
[0/469]	0.1361 (0.1361)	0.1224 (0.1224)	0.133 (0.133)	96.88 (96.88)
[100/469]	0.0122 (0.0133)	0.0006 (0.0019)	0.144 (0.139)	96.09 (96.02)
[200/469]	0.0120 (0.0127)	0.0007 (0.0013)	0.107 (0.130)	96.09 (96.29)
[300/469]	0.0121 (0.0125)	0.0006 (0.0011)	0.146 (0.125)	96.88 (96.43)
[400/469]	0.0118 (0.0123)	0.0006 (0.0010)	0.132 (0.122)	97.66 (96.53)
[468/469]	0.0118 (0.0123)	0.0007 (0.0009)	0.112 (0.119)	95.83 (96.60)
 * Train Acc 96.600
 * Val Acc 96.830, Total time 0.94
Computing SI
validation split name: 1
 * Val Acc 94.880, Total time 0.69
validation split name: 2
 * Val Acc 94.370, Total time 0.95
validation split name: 3
 * Val Acc 96.030, Total time 0.95
validation split name: 4
 * Val Acc 96.830, Total time 0.94
====================== 5 =======================
#reg_term: 1
Epoch:0
LR: 0.0001
Itr		Time		  Data		  Loss		Acc
[0/469]	0.1331 (0.1331)	0.1185 (0.1185)	2.419 (2.419)	8.59 (8.59)
[100/469]	0.0121 (0.0133)	0.0007 (0.0019)	0.245 (0.576)	91.41 (82.95)
[200/469]	0.0120 (0.0126)	0.0007 (0.0013)	0.280 (0.427)	91.41 (87.38)
[300/469]	0.0119 (0.0124)	0.0006 (0.0011)	0.125 (0.354)	96.88 (89.54)
[400/469]	0.0121 (0.0123)	0.0006 (0.0010)	0.097 (0.310)	96.09 (90.88)
[468/469]	0.0117 (0.0123)	0.0005 (0.0009)	0.166 (0.290)	96.88 (91.48)
 * Train Acc 91.483
 * Val Acc 95.720, Total time 0.94
Epoch:1
LR: 0.0001
Itr		Time		  Data		  Loss		Acc
[0/469]	0.1393 (0.1393)	0.1249 (0.1249)	0.113 (0.113)	96.88 (96.88)
[100/469]	0.0120 (0.0135)	0.0006 (0.0019)	0.117 (0.143)	99.22 (95.94)
[200/469]	0.0120 (0.0128)	0.0006 (0.0013)	0.182 (0.137)	93.75 (96.12)
[300/469]	0.0122 (0.0126)	0.0007 (0.0011)	0.114 (0.133)	98.44 (96.26)
[400/469]	0.0121 (0.0124)	0.0008 (0.0010)	0.102 (0.128)	96.09 (96.42)
[468/469]	0.0120 (0.0124)	0.0007 (0.0010)	0.075 (0.125)	96.88 (96.50)
 * Train Acc 96.505
 * Val Acc 96.880, Total time 0.95
Computing SI
validation split name: 1
 * Val Acc 95.620, Total time 0.69
validation split name: 2
 * Val Acc 93.900, Total time 0.95
validation split name: 3
 * Val Acc 95.880, Total time 0.95
validation split name: 4
 * Val Acc 96.290, Total time 0.96
validation split name: 5
 * Val Acc 96.880, Total time 0.95
====================== 6 =======================
#reg_term: 1
Epoch:0
LR: 0.0001
Itr		Time		  Data		  Loss		Acc
[0/469]	0.1479 (0.1479)	0.1338 (0.1338)	2.311 (2.311)	11.72 (11.72)
[100/469]	0.0134 (0.0139)	0.0018 (0.0024)	0.332 (0.565)	89.84 (82.91)
[200/469]	0.0120 (0.0132)	0.0007 (0.0016)	0.219 (0.421)	94.53 (87.43)
[300/469]	0.0123 (0.0129)	0.0007 (0.0013)	0.211 (0.352)	92.97 (89.54)
[400/469]	0.0122 (0.0127)	0.0007 (0.0012)	0.217 (0.310)	95.31 (90.86)
[468/469]	0.0119 (0.0126)	0.0008 (0.0011)	0.204 (0.290)	95.83 (91.45)
 * Train Acc 91.447
 * Val Acc 95.860, Total time 0.93
Epoch:1
LR: 0.0001
Itr		Time		  Data		  Loss		Acc
[0/469]	0.1423 (0.1423)	0.1278 (0.1278)	0.179 (0.179)	93.75 (93.75)
[100/469]	0.0120 (0.0135)	0.0006 (0.0020)	0.171 (0.141)	95.31 (96.16)
[200/469]	0.0120 (0.0128)	0.0006 (0.0013)	0.112 (0.134)	96.88 (96.36)
[300/469]	0.0119 (0.0126)	0.0006 (0.0011)	0.057 (0.131)	99.22 (96.44)
[400/469]	0.0120 (0.0124)	0.0008 (0.0010)	0.066 (0.127)	99.22 (96.57)
[468/469]	0.0117 (0.0123)	0.0007 (0.0010)	0.049 (0.125)	98.96 (96.62)
 * Train Acc 96.625
 * Val Acc 96.950, Total time 0.93
Computing SI
validation split name: 1
 * Val Acc 95.190, Total time 0.68
validation split name: 2
 * Val Acc 94.250, Total time 0.94
validation split name: 3
 * Val Acc 95.180, Total time 0.93
validation split name: 4
 * Val Acc 96.010, Total time 0.99
validation split name: 5
 * Val Acc 96.060, Total time 0.97
validation split name: 6
 * Val Acc 96.950, Total time 0.95
====================== 7 =======================
#reg_term: 1
Epoch:0
LR: 0.0001
Itr		Time		  Data		  Loss		Acc
[0/469]	0.1345 (0.1345)	0.1203 (0.1203)	2.364 (2.364)	5.47 (5.47)
[100/469]	0.0124 (0.0134)	0.0008 (0.0019)	0.307 (0.565)	91.41 (82.81)
[200/469]	0.0119 (0.0128)	0.0006 (0.0013)	0.244 (0.419)	92.97 (87.50)
[300/469]	0.0119 (0.0125)	0.0007 (0.0011)	0.176 (0.353)	93.75 (89.59)
[400/469]	0.0120 (0.0124)	0.0008 (0.0010)	0.123 (0.311)	96.88 (90.90)
[468/469]	0.0117 (0.0123)	0.0006 (0.0010)	0.174 (0.289)	97.92 (91.56)
 * Train Acc 91.560
 * Val Acc 95.820, Total time 0.93
Epoch:1
LR: 0.0001
Itr		Time		  Data		  Loss		Acc
[0/469]	0.1307 (0.1307)	0.1174 (0.1174)	0.145 (0.145)	96.09 (96.09)
[100/469]	0.0120 (0.0131)	0.0007 (0.0019)	0.071 (0.136)	99.22 (96.40)
[200/469]	0.0120 (0.0125)	0.0008 (0.0013)	0.127 (0.134)	95.31 (96.37)
[300/469]	0.0120 (0.0124)	0.0007 (0.0011)	0.111 (0.131)	97.66 (96.48)
[400/469]	0.0120 (0.0123)	0.0007 (0.0010)	0.116 (0.129)	96.09 (96.55)
[468/469]	0.0117 (0.0122)	0.0005 (0.0010)	0.110 (0.127)	94.79 (96.59)
 * Train Acc 96.592
 * Val Acc 96.580, Total time 0.95
Computing SI
validation split name: 1
 * Val Acc 94.500, Total time 0.71
validation split name: 2
 * Val Acc 93.800, Total time 0.95
validation split name: 3
 * Val Acc 95.180, Total time 1.00
validation split name: 4
 * Val Acc 96.120, Total time 0.93
validation split name: 5
 * Val Acc 95.930, Total time 0.94
validation split name: 6
 * Val Acc 96.500, Total time 0.94
validation split name: 7
 * Val Acc 96.580, Total time 0.96
====================== 8 =======================
#reg_term: 1
Epoch:0
LR: 0.0001
Itr		Time		  Data		  Loss		Acc
[0/469]	0.1373 (0.1373)	0.1226 (0.1226)	2.418 (2.418)	4.69 (4.69)
[100/469]	0.0119 (0.0134)	0.0006 (0.0021)	0.201 (0.585)	94.53 (82.39)
[200/469]	0.0118 (0.0126)	0.0006 (0.0014)	0.379 (0.421)	88.28 (87.35)
[300/469]	0.0120 (0.0124)	0.0008 (0.0012)	0.302 (0.352)	93.75 (89.55)
[400/469]	0.0118 (0.0122)	0.0006 (0.0010)	0.250 (0.310)	92.19 (90.87)
[468/469]	0.0118 (0.0122)	0.0008 (0.0010)	0.265 (0.293)	90.62 (91.39)
 * Train Acc 91.393
 * Val Acc 95.770, Total time 0.92
Epoch:1
LR: 0.0001
Itr		Time		  Data		  Loss		Acc
[0/469]	0.1331 (0.1331)	0.1184 (0.1184)	0.109 (0.109)	97.66 (97.66)
[100/469]	0.0121 (0.0135)	0.0006 (0.0019)	0.181 (0.142)	95.31 (96.32)
[200/469]	0.0122 (0.0129)	0.0007 (0.0013)	0.088 (0.140)	97.66 (96.24)
[300/469]	0.0126 (0.0126)	0.0007 (0.0011)	0.052 (0.138)	99.22 (96.36)
[400/469]	0.0121 (0.0125)	0.0007 (0.0010)	0.160 (0.134)	94.53 (96.45)
[468/469]	0.0120 (0.0125)	0.0005 (0.0009)	0.152 (0.132)	94.79 (96.50)
 * Train Acc 96.497
 * Val Acc 96.620, Total time 0.96
Computing SI
validation split name: 1
 * Val Acc 94.290, Total time 0.70
validation split name: 2
 * Val Acc 92.470, Total time 0.93
validation split name: 3
 * Val Acc 94.960, Total time 0.93
validation split name: 4
 * Val Acc 96.040, Total time 0.95
validation split name: 5
 * Val Acc 95.700, Total time 0.94
validation split name: 6
 * Val Acc 96.190, Total time 0.97
validation split name: 7
 * Val Acc 95.560, Total time 0.96
validation split name: 8
 * Val Acc 96.620, Total time 0.94
====================== 9 =======================
#reg_term: 1
Epoch:0
LR: 0.0001
Itr		Time		  Data		  Loss		Acc
[0/469]	0.1373 (0.1373)	0.1229 (0.1229)	2.435 (2.435)	5.47 (5.47)
[100/469]	0.0125 (0.0135)	0.0007 (0.0019)	0.310 (0.579)	89.06 (82.16)
[200/469]	0.0121 (0.0128)	0.0007 (0.0013)	0.374 (0.425)	87.50 (87.25)
[300/469]	0.0124 (0.0126)	0.0009 (0.0011)	0.108 (0.354)	96.09 (89.49)
[400/469]	0.0122 (0.0125)	0.0006 (0.0010)	0.094 (0.310)	96.88 (90.89)
[468/469]	0.0120 (0.0125)	0.0005 (0.0010)	0.198 (0.289)	95.83 (91.51)
 * Train Acc 91.508
 * Val Acc 95.780, Total time 0.97
Epoch:1
LR: 0.0001
Itr		Time		  Data		  Loss		Acc
[0/469]	0.1378 (0.1378)	0.1235 (0.1235)	0.106 (0.106)	96.09 (96.09)
[100/469]	0.0120 (0.0133)	0.0007 (0.0019)	0.146 (0.148)	96.88 (96.09)
[200/469]	0.0122 (0.0126)	0.0009 (0.0013)	0.124 (0.141)	95.31 (96.30)
[300/469]	0.0121 (0.0124)	0.0008 (0.0011)	0.104 (0.137)	97.66 (96.46)
[400/469]	0.0121 (0.0123)	0.0008 (0.0010)	0.098 (0.133)	97.66 (96.58)
[468/469]	0.0120 (0.0123)	0.0008 (0.0010)	0.099 (0.130)	94.79 (96.64)
 * Train Acc 96.638
 * Val Acc 96.850, Total time 0.95
Computing SI
validation split name: 1
 * Val Acc 93.350, Total time 0.69
validation split name: 2
 * Val Acc 92.260, Total time 0.93
validation split name: 3
 * Val Acc 93.590, Total time 0.94
validation split name: 4
 * Val Acc 96.060, Total time 0.94
validation split name: 5
 * Val Acc 94.840, Total time 0.94
validation split name: 6
 * Val Acc 95.350, Total time 1.01
validation split name: 7
 * Val Acc 95.230, Total time 0.94
validation split name: 8
 * Val Acc 94.100, Total time 0.96
validation split name: 9
 * Val Acc 96.850, Total time 0.98
====================== 10 =======================
#reg_term: 1
Epoch:0
LR: 0.0001
Itr		Time		  Data		  Loss		Acc
[0/469]	0.1385 (0.1385)	0.1231 (0.1231)	2.385 (2.385)	6.25 (6.25)
[100/469]	0.0117 (0.0134)	0.0006 (0.0019)	0.432 (0.579)	86.72 (82.10)
[200/469]	0.0116 (0.0126)	0.0006 (0.0012)	0.226 (0.423)	92.97 (87.08)
[300/469]	0.0117 (0.0123)	0.0006 (0.0010)	0.130 (0.352)	98.44 (89.38)
[400/469]	0.0117 (0.0121)	0.0006 (0.0009)	0.214 (0.310)	95.31 (90.76)
[468/469]	0.0117 (0.0121)	0.0005 (0.0009)	0.179 (0.289)	94.79 (91.48)
 * Train Acc 91.477
 * Val Acc 95.930, Total time 0.99
Epoch:1
LR: 0.0001
Itr		Time		  Data		  Loss		Acc
[0/469]	0.1342 (0.1342)	0.1201 (0.1201)	0.115 (0.115)	98.44 (98.44)
[100/469]	0.0126 (0.0139)	0.0011 (0.0021)	0.113 (0.148)	94.53 (96.06)
[200/469]	0.0120 (0.0130)	0.0006 (0.0014)	0.081 (0.146)	98.44 (96.19)
[300/469]	0.0120 (0.0126)	0.0008 (0.0012)	0.145 (0.140)	94.53 (96.38)
[400/469]	0.0120 (0.0125)	0.0007 (0.0011)	0.085 (0.134)	97.66 (96.52)
[468/469]	0.0116 (0.0124)	0.0005 (0.0010)	0.097 (0.132)	97.92 (96.59)
 * Train Acc 96.592
 * Val Acc 97.200, Total time 0.94
Computing SI
validation split name: 1
 * Val Acc 92.450, Total time 0.68
validation split name: 2
 * Val Acc 89.590, Total time 0.93
validation split name: 3
 * Val Acc 93.490, Total time 0.95
validation split name: 4
 * Val Acc 95.610, Total time 0.94
validation split name: 5
 * Val Acc 95.000, Total time 0.95
validation split name: 6
 * Val Acc 95.640, Total time 0.95
validation split name: 7
 * Val Acc 95.390, Total time 0.94
validation split name: 8
 * Val Acc 93.950, Total time 0.94
validation split name: 9
 * Val Acc 96.090, Total time 0.99
validation split name: 10
 * Val Acc 97.200, Total time 0.99
OrderedDict([('1', OrderedDict([('1', 96.54), ('2', 95.34), ('3', 94.91), ('4', 94.88), ('5', 95.62), ('6', 95.19), ('7', 94.5), ('8', 94.29), ('9', 93.35), ('10', 92.45)])), ('2', OrderedDict([('2', 96.66), ('3', 94.52), ('4', 94.37), ('5', 93.9), ('6', 94.25), ('7', 93.8), ('8', 92.47), ('9', 92.26), ('10', 89.59)])), ('3', OrderedDict([('3', 96.87), ('4', 96.03), ('5', 95.88), ('6', 95.18), ('7', 95.18), ('8', 94.96), ('9', 93.59), ('10', 93.49)])), ('4', OrderedDict([('4', 96.83), ('5', 96.29), ('6', 96.01), ('7', 96.12), ('8', 96.04), ('9', 96.06), ('10', 95.61)])), ('5', OrderedDict([('5', 96.88), ('6', 96.06), ('7', 95.93), ('8', 95.7), ('9', 94.84), ('10', 95.0)])), ('6', OrderedDict([('6', 96.95), ('7', 96.5), ('8', 96.19), ('9', 95.35), ('10', 95.64)])), ('7', OrderedDict([('7', 96.58), ('8', 95.56), ('9', 95.23), ('10', 95.39)])), ('8', OrderedDict([('8', 96.62), ('9', 94.1), ('10', 93.95)])), ('9', OrderedDict([('9', 96.85), ('10', 96.09)])), ('10', OrderedDict([('10', 97.2)]))])
Task 1 average acc: 96.54
Task 2 average acc: 96.0
Task 3 average acc: 95.43333333333334
Task 4 average acc: 95.52749999999999
Task 5 average acc: 95.714
Task 6 average acc: 95.60666666666667
Task 7 average acc: 95.51571428571428
Task 8 average acc: 95.22875
Task 9 average acc: 94.62555555555556
Task 10 average acc: 94.44100000000002
===Summary of experiment repeats: 4 / 5 ===
The regularization coefficient: 1.0
The last avg acc of all repeats: [93.417 94.851 94.798 94.441  0.   ]
mean: 75.5014 std: 37.754216625961135
MLP(
  (linear): Sequential(
    (0): Linear(in_features=1024, out_features=1000, bias=True)
    (1): ReLU(inplace=True)
    (2): Linear(in_features=1000, out_features=1000, bias=True)
    (3): ReLU(inplace=True)
  )
  (last): ModuleDict(
    (1): Linear(in_features=1000, out_features=10, bias=True)
    (2): Linear(in_features=1000, out_features=10, bias=True)
    (3): Linear(in_features=1000, out_features=10, bias=True)
    (4): Linear(in_features=1000, out_features=10, bias=True)
    (5): Linear(in_features=1000, out_features=10, bias=True)
    (6): Linear(in_features=1000, out_features=10, bias=True)
    (7): Linear(in_features=1000, out_features=10, bias=True)
    (8): Linear(in_features=1000, out_features=10, bias=True)
    (9): Linear(in_features=1000, out_features=10, bias=True)
    (10): Linear(in_features=1000, out_features=10, bias=True)
  )
)
#parameter of model: 2126100
Task order: ['1', '2', '3', '4', '5', '6', '7', '8', '9', '10']
====================== 1 =======================
#reg_term: 0
Epoch:0
LR: 0.0001
Itr		Time		  Data		  Loss		Acc
[0/469]	0.1179 (0.1179)	0.1097 (0.1097)	2.301 (2.301)	17.19 (17.19)
[100/469]	0.0057 (0.0082)	0.0008 (0.0032)	0.545 (0.819)	85.16 (79.96)
[200/469]	0.0056 (0.0077)	0.0008 (0.0027)	0.194 (0.568)	95.31 (85.36)
[300/469]	0.0058 (0.0075)	0.0009 (0.0025)	0.321 (0.470)	89.84 (87.54)
[400/469]	0.0100 (0.0074)	0.0051 (0.0025)	0.201 (0.409)	96.09 (89.05)
[468/469]	0.0049 (0.0074)	0.0001 (0.0024)	0.246 (0.379)	89.58 (89.82)
 * Train Acc 89.818
 * Val Acc 94.590, Total time 0.69
Epoch:1
LR: 0.0001
Itr		Time		  Data		  Loss		Acc
[0/469]	0.1179 (0.1179)	0.1104 (0.1104)	0.206 (0.206)	95.31 (95.31)
[100/469]	0.0115 (0.0086)	0.0064 (0.0036)	0.125 (0.174)	96.88 (94.92)
[200/469]	0.0050 (0.0078)	0.0001 (0.0029)	0.202 (0.168)	95.31 (95.22)
[300/469]	0.0052 (0.0076)	0.0001 (0.0026)	0.195 (0.163)	93.75 (95.34)
[400/469]	0.0114 (0.0075)	0.0065 (0.0025)	0.173 (0.154)	93.75 (95.55)
[468/469]	0.0050 (0.0074)	0.0001 (0.0025)	0.124 (0.150)	96.88 (95.64)
 * Train Acc 95.637
 * Val Acc 96.530, Total time 0.69
Computing SI
validation split name: 1
 * Val Acc 96.530, Total time 0.70
====================== 2 =======================
#reg_term: 1
Epoch:0
LR: 0.0001
Itr		Time		  Data		  Loss		Acc
[0/469]	0.1418 (0.1418)	0.1195 (0.1195)	2.302 (2.302)	14.06 (14.06)
[100/469]	0.0130 (0.0136)	0.0006 (0.0019)	0.314 (0.641)	90.62 (81.42)
[200/469]	0.0123 (0.0129)	0.0006 (0.0013)	0.259 (0.460)	92.97 (86.63)
[300/469]	0.0122 (0.0127)	0.0007 (0.0011)	0.211 (0.388)	96.09 (88.77)
[400/469]	0.0123 (0.0126)	0.0007 (0.0010)	0.220 (0.344)	96.88 (90.04)
[468/469]	0.0122 (0.0125)	0.0006 (0.0010)	0.376 (0.321)	91.67 (90.72)
 * Train Acc 90.720
 * Val Acc 95.080, Total time 0.97
Epoch:1
LR: 0.0001
Itr		Time		  Data		  Loss		Acc
[0/469]	0.1316 (0.1316)	0.1172 (0.1172)	0.114 (0.114)	96.88 (96.88)
[100/469]	0.0121 (0.0133)	0.0007 (0.0019)	0.071 (0.157)	98.44 (95.33)
[200/469]	0.0122 (0.0127)	0.0008 (0.0013)	0.070 (0.150)	98.44 (95.62)
[300/469]	0.0120 (0.0125)	0.0007 (0.0011)	0.126 (0.142)	96.88 (95.90)
[400/469]	0.0119 (0.0123)	0.0006 (0.0010)	0.143 (0.138)	93.75 (95.96)
[468/469]	0.0117 (0.0123)	0.0005 (0.0009)	0.070 (0.135)	96.88 (96.05)
 * Train Acc 96.050
 * Val Acc 96.780, Total time 0.94
Computing SI
validation split name: 1
 * Val Acc 94.880, Total time 0.70
validation split name: 2
 * Val Acc 96.780, Total time 0.93
====================== 3 =======================
#reg_term: 1
Epoch:0
LR: 0.0001
Itr		Time		  Data		  Loss		Acc
[0/469]	0.1321 (0.1321)	0.1184 (0.1184)	2.358 (2.358)	7.81 (7.81)
[100/469]	0.0120 (0.0134)	0.0006 (0.0019)	0.419 (0.623)	89.06 (81.35)
[200/469]	0.0120 (0.0128)	0.0006 (0.0013)	0.204 (0.443)	94.53 (86.80)
[300/469]	0.0121 (0.0125)	0.0006 (0.0011)	0.273 (0.369)	92.19 (89.01)
[400/469]	0.0119 (0.0124)	0.0006 (0.0010)	0.199 (0.320)	94.53 (90.50)
[468/469]	0.0117 (0.0123)	0.0005 (0.0009)	0.102 (0.298)	97.92 (91.14)
 * Train Acc 91.145
 * Val Acc 95.650, Total time 0.93
Epoch:1
LR: 0.0001
Itr		Time		  Data		  Loss		Acc
[0/469]	0.1349 (0.1349)	0.1210 (0.1210)	0.174 (0.174)	94.53 (94.53)
[100/469]	0.0119 (0.0133)	0.0006 (0.0019)	0.074 (0.135)	99.22 (96.19)
[200/469]	0.0119 (0.0126)	0.0006 (0.0013)	0.092 (0.134)	96.88 (96.19)
[300/469]	0.0122 (0.0124)	0.0008 (0.0011)	0.132 (0.130)	98.44 (96.33)
[400/469]	0.0120 (0.0123)	0.0008 (0.0010)	0.154 (0.125)	93.75 (96.45)
[468/469]	0.0119 (0.0123)	0.0005 (0.0009)	0.131 (0.122)	95.83 (96.54)
 * Train Acc 96.537
 * Val Acc 96.790, Total time 0.94
Computing SI
validation split name: 1
 * Val Acc 92.570, Total time 0.70
validation split name: 2
 * Val Acc 96.040, Total time 0.96
validation split name: 3
 * Val Acc 96.790, Total time 0.95
====================== 4 =======================
#reg_term: 1
Epoch:0
LR: 0.0001
Itr		Time		  Data		  Loss		Acc
[0/469]	0.1325 (0.1325)	0.1178 (0.1178)	2.373 (2.373)	10.16 (10.16)
[100/469]	0.0120 (0.0133)	0.0007 (0.0019)	0.316 (0.592)	91.41 (82.52)
[200/469]	0.0121 (0.0127)	0.0006 (0.0013)	0.358 (0.424)	91.41 (87.52)
[300/469]	0.0119 (0.0125)	0.0007 (0.0011)	0.132 (0.353)	96.09 (89.63)
[400/469]	0.0121 (0.0123)	0.0007 (0.0010)	0.296 (0.311)	91.41 (90.88)
[468/469]	0.0119 (0.0123)	0.0006 (0.0009)	0.184 (0.290)	97.92 (91.49)
 * Train Acc 91.493
 * Val Acc 95.680, Total time 0.95
Epoch:1
LR: 0.0001
Itr		Time		  Data		  Loss		Acc
[0/469]	0.1468 (0.1468)	0.1324 (0.1324)	0.086 (0.086)	96.09 (96.09)
[100/469]	0.0165 (0.0155)	0.0009 (0.0021)	0.125 (0.136)	96.88 (96.31)
[200/469]	0.0126 (0.0146)	0.0007 (0.0014)	0.069 (0.133)	96.88 (96.27)
[300/469]	0.0122 (0.0141)	0.0008 (0.0012)	0.082 (0.128)	96.88 (96.43)
[400/469]	0.0120 (0.0136)	0.0007 (0.0011)	0.094 (0.125)	98.44 (96.47)
[468/469]	0.0118 (0.0134)	0.0005 (0.0010)	0.163 (0.123)	94.79 (96.56)
 * Train Acc 96.563
 * Val Acc 97.000, Total time 0.94
Computing SI
validation split name: 1
 * Val Acc 94.030, Total time 0.69
validation split name: 2
 * Val Acc 95.690, Total time 0.95
validation split name: 3
 * Val Acc 95.590, Total time 0.99
validation split name: 4
 * Val Acc 97.000, Total time 0.95
====================== 5 =======================
#reg_term: 1
Epoch:0
LR: 0.0001
Itr		Time		  Data		  Loss		Acc
[0/469]	0.1328 (0.1328)	0.1193 (0.1193)	2.371 (2.371)	11.72 (11.72)
[100/469]	0.0119 (0.0132)	0.0006 (0.0019)	0.268 (0.584)	92.19 (82.73)
[200/469]	0.0120 (0.0126)	0.0008 (0.0013)	0.251 (0.425)	94.53 (87.35)
[300/469]	0.0119 (0.0124)	0.0007 (0.0011)	0.230 (0.354)	94.53 (89.56)
[400/469]	0.0119 (0.0123)	0.0007 (0.0010)	0.183 (0.310)	93.75 (90.83)
[468/469]	0.0119 (0.0122)	0.0008 (0.0010)	0.220 (0.292)	93.75 (91.39)
 * Train Acc 91.388
 * Val Acc 95.920, Total time 0.97
Epoch:1
LR: 0.0001
Itr		Time		  Data		  Loss		Acc
[0/469]	0.1343 (0.1343)	0.1199 (0.1199)	0.132 (0.132)	97.66 (97.66)
[100/469]	0.0123 (0.0136)	0.0006 (0.0019)	0.182 (0.138)	96.09 (96.16)
[200/469]	0.0119 (0.0128)	0.0007 (0.0013)	0.167 (0.129)	93.75 (96.45)
[300/469]	0.0120 (0.0125)	0.0008 (0.0011)	0.094 (0.128)	98.44 (96.46)
[400/469]	0.0120 (0.0124)	0.0007 (0.0010)	0.098 (0.125)	98.44 (96.50)
[468/469]	0.0116 (0.0123)	0.0005 (0.0010)	0.111 (0.123)	95.83 (96.56)
 * Train Acc 96.558
 * Val Acc 96.790, Total time 0.94
Computing SI
validation split name: 1
 * Val Acc 92.330, Total time 0.75
validation split name: 2
 * Val Acc 93.930, Total time 0.95
validation split name: 3
 * Val Acc 95.620, Total time 0.94
validation split name: 4
 * Val Acc 96.470, Total time 0.93
validation split name: 5
 * Val Acc 96.790, Total time 0.97
====================== 6 =======================
#reg_term: 1
Epoch:0
LR: 0.0001
Itr		Time		  Data		  Loss		Acc
[0/469]	0.1348 (0.1348)	0.1204 (0.1204)	2.495 (2.495)	6.25 (6.25)
[100/469]	0.0121 (0.0133)	0.0006 (0.0019)	0.380 (0.582)	90.62 (82.39)
[200/469]	0.0119 (0.0127)	0.0006 (0.0013)	0.339 (0.425)	92.19 (87.40)
[300/469]	0.0120 (0.0124)	0.0006 (0.0011)	0.187 (0.353)	92.19 (89.59)
[400/469]	0.0121 (0.0123)	0.0007 (0.0010)	0.164 (0.312)	95.31 (90.87)
[468/469]	0.0118 (0.0123)	0.0006 (0.0009)	0.173 (0.290)	94.79 (91.54)
 * Train Acc 91.542
 * Val Acc 95.860, Total time 0.95
Epoch:1
LR: 0.0001
Itr		Time		  Data		  Loss		Acc
[0/469]	0.1344 (0.1344)	0.1208 (0.1208)	0.189 (0.189)	94.53 (94.53)
[100/469]	0.0120 (0.0135)	0.0006 (0.0020)	0.144 (0.141)	94.53 (96.00)
[200/469]	0.0120 (0.0127)	0.0006 (0.0013)	0.100 (0.134)	97.66 (96.27)
[300/469]	0.0119 (0.0125)	0.0006 (0.0011)	0.167 (0.129)	95.31 (96.39)
[400/469]	0.0120 (0.0124)	0.0006 (0.0010)	0.186 (0.127)	94.53 (96.46)
[468/469]	0.0119 (0.0123)	0.0007 (0.0009)	0.179 (0.125)	95.83 (96.53)
 * Train Acc 96.535
 * Val Acc 97.080, Total time 0.93
Computing SI
validation split name: 1
 * Val Acc 92.750, Total time 0.71
validation split name: 2
 * Val Acc 93.590, Total time 0.93
validation split name: 3
 * Val Acc 93.420, Total time 0.96
validation split name: 4
 * Val Acc 95.870, Total time 0.95
validation split name: 5
 * Val Acc 94.560, Total time 0.94
validation split name: 6
 * Val Acc 97.080, Total time 0.94
====================== 7 =======================
#reg_term: 1
Epoch:0
LR: 0.0001
Itr		Time		  Data		  Loss		Acc
[0/469]	0.1325 (0.1325)	0.1180 (0.1180)	2.397 (2.397)	10.94 (10.94)
[100/469]	0.0122 (0.0136)	0.0008 (0.0021)	0.328 (0.571)	90.62 (83.01)
[200/469]	0.0120 (0.0128)	0.0006 (0.0014)	0.255 (0.415)	92.19 (87.73)
[300/469]	0.0119 (0.0126)	0.0006 (0.0011)	0.156 (0.348)	94.53 (89.73)
[400/469]	0.0121 (0.0124)	0.0007 (0.0010)	0.287 (0.309)	92.97 (90.91)
[468/469]	0.0120 (0.0124)	0.0008 (0.0010)	0.171 (0.289)	94.79 (91.53)
 * Train Acc 91.533
 * Val Acc 95.480, Total time 0.93
Epoch:1
LR: 0.0001
Itr		Time		  Data		  Loss		Acc
[0/469]	0.1366 (0.1366)	0.1207 (0.1207)	0.182 (0.182)	96.88 (96.88)
[100/469]	0.0121 (0.0135)	0.0007 (0.0019)	0.090 (0.133)	97.66 (96.50)
[200/469]	0.0119 (0.0128)	0.0006 (0.0013)	0.144 (0.133)	97.66 (96.49)
[300/469]	0.0119 (0.0125)	0.0006 (0.0011)	0.126 (0.128)	97.66 (96.59)
[400/469]	0.0119 (0.0124)	0.0006 (0.0010)	0.123 (0.127)	96.09 (96.59)
[468/469]	0.0119 (0.0123)	0.0005 (0.0009)	0.117 (0.126)	95.83 (96.64)
 * Train Acc 96.635
 * Val Acc 97.020, Total time 0.94
Computing SI
validation split name: 1
 * Val Acc 90.410, Total time 0.69
validation split name: 2
 * Val Acc 93.040, Total time 0.94
validation split name: 3
 * Val Acc 93.410, Total time 0.94
validation split name: 4
 * Val Acc 95.500, Total time 0.96
validation split name: 5
 * Val Acc 93.340, Total time 0.95
validation split name: 6
 * Val Acc 96.210, Total time 0.93
validation split name: 7
 * Val Acc 97.020, Total time 0.94
====================== 8 =======================
#reg_term: 1
Epoch:0
LR: 0.0001
Itr		Time		  Data		  Loss		Acc
[0/469]	0.1384 (0.1384)	0.1197 (0.1197)	2.414 (2.414)	11.72 (11.72)
[100/469]	0.0120 (0.0134)	0.0007 (0.0019)	0.203 (0.581)	94.53 (82.05)
[200/469]	0.0121 (0.0127)	0.0007 (0.0013)	0.308 (0.423)	88.28 (87.23)
[300/469]	0.0121 (0.0125)	0.0008 (0.0011)	0.238 (0.351)	93.75 (89.56)
[400/469]	0.0122 (0.0124)	0.0008 (0.0010)	0.191 (0.309)	92.19 (90.82)
[468/469]	0.0120 (0.0123)	0.0007 (0.0009)	0.126 (0.289)	96.88 (91.45)
 * Train Acc 91.453
 * Val Acc 95.230, Total time 0.93
Epoch:1
LR: 0.0001
Itr		Time		  Data		  Loss		Acc
[0/469]	0.1376 (0.1376)	0.1231 (0.1231)	0.147 (0.147)	97.66 (97.66)
[100/469]	0.0123 (0.0136)	0.0007 (0.0019)	0.139 (0.140)	97.66 (96.26)
[200/469]	0.0121 (0.0129)	0.0006 (0.0013)	0.071 (0.138)	100.00 (96.37)
[300/469]	0.0121 (0.0127)	0.0006 (0.0011)	0.092 (0.135)	96.09 (96.46)
[400/469]	0.0119 (0.0126)	0.0006 (0.0010)	0.071 (0.131)	99.22 (96.57)
[468/469]	0.0117 (0.0125)	0.0005 (0.0009)	0.244 (0.129)	91.67 (96.63)
 * Train Acc 96.630
 * Val Acc 97.010, Total time 0.93
Computing SI
validation split name: 1
 * Val Acc 90.840, Total time 0.69
validation split name: 2
 * Val Acc 93.870, Total time 0.98
validation split name: 3
 * Val Acc 92.650, Total time 0.94
validation split name: 4
 * Val Acc 95.270, Total time 0.94
validation split name: 5
 * Val Acc 92.330, Total time 0.94
validation split name: 6
 * Val Acc 96.310, Total time 0.95
validation split name: 7
 * Val Acc 96.720, Total time 0.93
validation split name: 8
 * Val Acc 97.010, Total time 0.94
====================== 9 =======================
#reg_term: 1
Epoch:0
LR: 0.0001
Itr		Time		  Data		  Loss		Acc
[0/469]	0.1510 (0.1510)	0.1370 (0.1370)	2.425 (2.425)	9.38 (9.38)
[100/469]	0.0115 (0.0139)	0.0001 (0.0024)	0.189 (0.571)	96.09 (82.87)
[200/469]	0.0122 (0.0131)	0.0006 (0.0016)	0.234 (0.419)	93.75 (87.66)
[300/469]	0.0121 (0.0128)	0.0006 (0.0013)	0.193 (0.349)	92.97 (89.83)
[400/469]	0.0122 (0.0127)	0.0008 (0.0011)	0.227 (0.307)	93.75 (91.09)
[468/469]	0.0120 (0.0126)	0.0005 (0.0011)	0.131 (0.286)	95.83 (91.72)
 * Train Acc 91.720
 * Val Acc 95.680, Total time 0.95
Epoch:1
LR: 0.0001
Itr		Time		  Data		  Loss		Acc
[0/469]	0.1363 (0.1363)	0.1219 (0.1219)	0.104 (0.104)	96.88 (96.88)
[100/469]	0.0120 (0.0133)	0.0006 (0.0019)	0.187 (0.139)	95.31 (96.32)
[200/469]	0.0119 (0.0127)	0.0007 (0.0013)	0.170 (0.140)	96.09 (96.36)
[300/469]	0.0119 (0.0124)	0.0006 (0.0011)	0.101 (0.134)	97.66 (96.56)
[400/469]	0.0119 (0.0123)	0.0006 (0.0010)	0.123 (0.132)	96.88 (96.60)
[468/469]	0.0121 (0.0123)	0.0007 (0.0009)	0.104 (0.131)	97.92 (96.61)
 * Train Acc 96.605
 * Val Acc 96.830, Total time 0.95
Computing SI
validation split name: 1
 * Val Acc 88.390, Total time 0.72
validation split name: 2
 * Val Acc 93.540, Total time 0.95
validation split name: 3
 * Val Acc 92.640, Total time 0.94
validation split name: 4
 * Val Acc 94.780, Total time 0.94
validation split name: 5
 * Val Acc 92.210, Total time 0.93
validation split name: 6
 * Val Acc 96.250, Total time 0.93
validation split name: 7
 * Val Acc 96.690, Total time 0.94
validation split name: 8
 * Val Acc 96.950, Total time 0.94
validation split name: 9
 * Val Acc 96.830, Total time 0.95
====================== 10 =======================
#reg_term: 1
Epoch:0
LR: 0.0001
Itr		Time		  Data		  Loss		Acc
[0/469]	0.1359 (0.1359)	0.1221 (0.1221)	2.432 (2.432)	5.47 (5.47)
[100/469]	0.0122 (0.0136)	0.0009 (0.0022)	0.267 (0.577)	93.75 (82.94)
[200/469]	0.0120 (0.0128)	0.0007 (0.0014)	0.203 (0.415)	93.75 (87.85)
[300/469]	0.0120 (0.0126)	0.0007 (0.0012)	0.174 (0.343)	95.31 (89.99)
[400/469]	0.0120 (0.0124)	0.0007 (0.0011)	0.187 (0.307)	93.75 (91.12)
[468/469]	0.0118 (0.0124)	0.0007 (0.0010)	0.125 (0.287)	97.92 (91.76)
 * Train Acc 91.762
 * Val Acc 95.460, Total time 0.96
Epoch:1
LR: 0.0001
Itr		Time		  Data		  Loss		Acc
[0/469]	0.1363 (0.1363)	0.1221 (0.1221)	0.223 (0.223)	94.53 (94.53)
[100/469]	0.0120 (0.0137)	0.0007 (0.0021)	0.096 (0.146)	98.44 (96.25)
[200/469]	0.0119 (0.0129)	0.0007 (0.0014)	0.145 (0.142)	96.88 (96.37)
[300/469]	0.0119 (0.0125)	0.0007 (0.0012)	0.102 (0.138)	96.09 (96.49)
[400/469]	0.0119 (0.0124)	0.0007 (0.0011)	0.131 (0.133)	96.88 (96.63)
[468/469]	0.0116 (0.0123)	0.0005 (0.0010)	0.098 (0.131)	97.92 (96.69)
 * Train Acc 96.692
 * Val Acc 96.970, Total time 0.95
Computing SI
validation split name: 1
 * Val Acc 87.190, Total time 0.70
validation split name: 2
 * Val Acc 93.340, Total time 0.99
validation split name: 3
 * Val Acc 92.340, Total time 0.99
validation split name: 4
 * Val Acc 95.040, Total time 1.00
validation split name: 5
 * Val Acc 91.800, Total time 0.95
validation split name: 6
 * Val Acc 96.080, Total time 0.94
validation split name: 7
 * Val Acc 96.490, Total time 0.94
validation split name: 8
 * Val Acc 96.850, Total time 0.96
validation split name: 9
 * Val Acc 96.330, Total time 0.98
validation split name: 10
 * Val Acc 96.970, Total time 0.95
OrderedDict([('1', OrderedDict([('1', 96.53), ('2', 94.88), ('3', 92.57), ('4', 94.03), ('5', 92.33), ('6', 92.75), ('7', 90.41), ('8', 90.84), ('9', 88.39), ('10', 87.19)])), ('2', OrderedDict([('2', 96.78), ('3', 96.04), ('4', 95.69), ('5', 93.93), ('6', 93.59), ('7', 93.04), ('8', 93.87), ('9', 93.54), ('10', 93.34)])), ('3', OrderedDict([('3', 96.79), ('4', 95.59), ('5', 95.62), ('6', 93.42), ('7', 93.41), ('8', 92.65), ('9', 92.64), ('10', 92.34)])), ('4', OrderedDict([('4', 97.0), ('5', 96.47), ('6', 95.87), ('7', 95.5), ('8', 95.27), ('9', 94.78), ('10', 95.04)])), ('5', OrderedDict([('5', 96.79), ('6', 94.56), ('7', 93.34), ('8', 92.33), ('9', 92.21), ('10', 91.8)])), ('6', OrderedDict([('6', 97.08), ('7', 96.21), ('8', 96.31), ('9', 96.25), ('10', 96.08)])), ('7', OrderedDict([('7', 97.02), ('8', 96.72), ('9', 96.69), ('10', 96.49)])), ('8', OrderedDict([('8', 97.01), ('9', 96.95), ('10', 96.85)])), ('9', OrderedDict([('9', 96.83), ('10', 96.33)])), ('10', OrderedDict([('10', 96.97)]))])
Task 1 average acc: 96.53
Task 2 average acc: 95.83
Task 3 average acc: 95.13333333333334
Task 4 average acc: 95.5775
Task 5 average acc: 95.028
Task 6 average acc: 94.545
Task 7 average acc: 94.13285714285715
Task 8 average acc: 94.375
Task 9 average acc: 94.25333333333334
Task 10 average acc: 94.24300000000002
===Summary of experiment repeats: 5 / 5 ===
The regularization coefficient: 1.0
The last avg acc of all repeats: [93.417 94.851 94.798 94.441 94.243]
mean: 94.35 std: 0.5180586839345487
reg_coef: 1.0 mean: 94.35 std: 0.5180586839345487
Total Time for the script is 904.1912586688995 seconds
